/home/csrobot/flexbe_ws/install/flexbe_input/lib/python3.10/site-packages/flexbe_input/__init__.py
/home/csrobot/flexbe_ws/install/flexbe_input/lib/python3.10/site-packages/flexbe_input/complex_action_server.py
/home/csrobot/flexbe_ws/install/flexbe_input/lib/python3.10/site-packages/flexbe_input/flexbe_input.py
/home/csrobot/flexbe_ws/install/flexbe_input/lib/python3.10/site-packages/flexbe_input/input_action_server.py
/home/csrobot/flexbe_ws/install/flexbe_input/lib/python3.10/site-packages/flexbe_input/input_gui.py
/home/csrobot/flexbe_ws/install/flexbe_input/lib/python3.10/site-packages/flexbe_input/__pycache__/__init__.cpython-310.pyc
/home/csrobot/flexbe_ws/install/flexbe_input/lib/python3.10/site-packages/flexbe_input/__pycache__/complex_action_server.cpython-310.pyc
/home/csrobot/flexbe_ws/install/flexbe_input/lib/python3.10/site-packages/flexbe_input/__pycache__/flexbe_input.cpython-310.pyc
/home/csrobot/flexbe_ws/install/flexbe_input/lib/python3.10/site-packages/flexbe_input/__pycache__/input_action_server.cpython-310.pyc
/home/csrobot/flexbe_ws/install/flexbe_input/lib/python3.10/site-packages/flexbe_input/__pycache__/input_gui.cpython-310.pyc
/home/csrobot/flexbe_ws/install/flexbe_input/share/ament_index/resource_index/packages/flexbe_input
/home/csrobot/flexbe_ws/install/flexbe_input/share/flexbe_input/package.xml
/home/csrobot/flexbe_ws/install/flexbe_input/lib/python3.10/site-packages/flexbe_input-4.0.1-py3.10.egg-info/dependency_links.txt
/home/csrobot/flexbe_ws/install/flexbe_input/lib/python3.10/site-packages/flexbe_input-4.0.1-py3.10.egg-info/entry_points.txt
/home/csrobot/flexbe_ws/install/flexbe_input/lib/python3.10/site-packages/flexbe_input-4.0.1-py3.10.egg-info/requires.txt
/home/csrobot/flexbe_ws/install/flexbe_input/lib/python3.10/site-packages/flexbe_input-4.0.1-py3.10.egg-info/top_level.txt
/home/csrobot/flexbe_ws/install/flexbe_input/lib/python3.10/site-packages/flexbe_input-4.0.1-py3.10.egg-info/SOURCES.txt
/home/csrobot/flexbe_ws/install/flexbe_input/lib/python3.10/site-packages/flexbe_input-4.0.1-py3.10.egg-info/PKG-INFO
/home/csrobot/flexbe_ws/install/flexbe_input/lib/python3.10/site-packages/flexbe_input-4.0.1-py3.10.egg-info/zip-safe
/home/csrobot/flexbe_ws/install/flexbe_input/lib/flexbe_input/flexbe_input
/home/csrobot/flexbe_ws/install/flexbe_input/lib/flexbe_input/input_action_server
