-- The C compiler identification is GNU 11.4.0
-- The CXX compiler identification is GNU 11.4.0
-- Detecting C compiler ABI info
-- Detecting C compiler ABI info - done
-- Check for working C compiler: /usr/bin/cc - skipped
-- Detecting C compile features
-- Detecting C compile features - done
-- Detecting CXX compiler ABI info
-- Detecting CXX compiler ABI info - done
-- Check for working CXX compiler: /usr/bin/c++ - skipped
-- Detecting CXX compile features
-- Detecting CXX compile features - done
-- Found ament_cmake: 1.3.12 (/home/csrobot/ros2_humble/install/ament_cmake/share/ament_cmake/cmake)
-- Found Python3: /usr/bin/python3 (found version "3.10.12") found components: Interpreter 
-- Configuring done
-- Generating done
-- Build files have been written to: /home/csrobot/flexbe_ws/build/flexbe_turtlesim_demo
-- Install configuration: ""
-- Installing: /home/csrobot/flexbe_ws/install/flexbe_turtlesim_demo/share/ament_index/resource_index/package_run_dependencies/flexbe_turtlesim_demo
-- Installing: /home/csrobot/flexbe_ws/install/flexbe_turtlesim_demo/share/ament_index/resource_index/parent_prefix_path/flexbe_turtlesim_demo
-- Installing: /home/csrobot/flexbe_ws/install/flexbe_turtlesim_demo/share/flexbe_turtlesim_demo/environment/ament_prefix_path.sh
-- Installing: /home/csrobot/flexbe_ws/install/flexbe_turtlesim_demo/share/flexbe_turtlesim_demo/environment/ament_prefix_path.dsv
-- Installing: /home/csrobot/flexbe_ws/install/flexbe_turtlesim_demo/share/flexbe_turtlesim_demo/environment/path.sh
-- Installing: /home/csrobot/flexbe_ws/install/flexbe_turtlesim_demo/share/flexbe_turtlesim_demo/environment/path.dsv
-- Installing: /home/csrobot/flexbe_ws/install/flexbe_turtlesim_demo/share/flexbe_turtlesim_demo/local_setup.bash
-- Installing: /home/csrobot/flexbe_ws/install/flexbe_turtlesim_demo/share/flexbe_turtlesim_demo/local_setup.sh
-- Installing: /home/csrobot/flexbe_ws/install/flexbe_turtlesim_demo/share/flexbe_turtlesim_demo/local_setup.zsh
-- Installing: /home/csrobot/flexbe_ws/install/flexbe_turtlesim_demo/share/flexbe_turtlesim_demo/local_setup.dsv
-- Installing: /home/csrobot/flexbe_ws/install/flexbe_turtlesim_demo/share/flexbe_turtlesim_demo/package.dsv
-- Installing: /home/csrobot/flexbe_ws/install/flexbe_turtlesim_demo/share/ament_index/resource_index/packages/flexbe_turtlesim_demo
-- Installing: /home/csrobot/flexbe_ws/install/flexbe_turtlesim_demo/share/flexbe_turtlesim_demo/cmake/flexbe_turtlesim_demoConfig.cmake
-- Installing: /home/csrobot/flexbe_ws/install/flexbe_turtlesim_demo/share/flexbe_turtlesim_demo/cmake/flexbe_turtlesim_demoConfig-version.cmake
-- Installing: /home/csrobot/flexbe_ws/install/flexbe_turtlesim_demo/share/flexbe_turtlesim_demo/package.xml
