[0.018s] Invoking command in '/home/csrobot/flexbe_ws/build/techman_robot_msgs': CMAKE_PREFIX_PATH=${CMAKE_PREFIX_PATH}:/opt/ros/jazzy DEBUGINFOD_URLS=https://debuginfod.ubuntu.com /usr/bin/cmake --build /home/csrobot/flexbe_ws/build/techman_robot_msgs -- -j8 -l8
[0.057s] [  2%] [34m[1mGenerating type hashes for ROS interfaces[0m
[0.064s] [  2%] Built target ament_cmake_python_symlink_techman_robot_msgs
[0.226s] [  2%] Built target techman_robot_msgs__rosidl_generator_type_description
[0.243s] [  5%] [34m[1mGenerating C code for ROS interfaces[0m
[0.256s] [  8%] [34m[1mGenerating C++ code for ROS interfaces[0m
[0.272s] running egg_info
[0.272s] creating techman_robot_msgs.egg-info
[0.313s] writing techman_robot_msgs.egg-info/PKG-INFO
[0.313s] writing dependency_links to techman_robot_msgs.egg-info/dependency_links.txt
[0.315s] writing top-level names to techman_robot_msgs.egg-info/top_level.txt
[0.315s] writing manifest file 'techman_robot_msgs.egg-info/SOURCES.txt'
[0.426s] reading manifest file 'techman_robot_msgs.egg-info/SOURCES.txt'
[0.427s] writing manifest file 'techman_robot_msgs.egg-info/SOURCES.txt'
[0.454s] [  8%] Built target ament_cmake_python_build_techman_robot_msgs_egg
[0.535s] [ 17%] [32mBuilding C object CMakeFiles/techman_robot_msgs__rosidl_generator_c.dir/rosidl_generator_c/techman_robot_msgs/srv/detail/techman_robot_command__functions.c.o[0m
[0.535s] [ 17%] [32mBuilding C object CMakeFiles/techman_robot_msgs__rosidl_generator_c.dir/rosidl_generator_c/techman_robot_msgs/srv/detail/techman_robot_command__description.c.o[0m
[0.535s] [ 17%] [32mBuilding C object CMakeFiles/techman_robot_msgs__rosidl_generator_c.dir/rosidl_generator_c/techman_robot_msgs/srv/detail/techman_robot_command__type_support.c.o[0m
[0.586s] [ 17%] Built target techman_robot_msgs__cpp
[0.610s] [ 20%] [32m[1mLinking C shared library libtechman_robot_msgs__rosidl_generator_c.so[0m
[0.641s] [ 20%] Built target techman_robot_msgs__rosidl_generator_c
[0.653s] [ 23%] [34m[1mGenerating C++ type support dispatch for ROS interfaces[0m
[0.654s] [ 26%] [34m[1mGenerating C type support for eProsima Fast-RTPS[0m
[0.658s] [ 29%] [34m[1mGenerating C introspection for ROS interfaces[0m
[0.658s] [ 32%] [34m[1mGenerating C++ introspection for ROS interfaces[0m
[0.658s] [ 35%] [34m[1mGenerating C type support dispatch for ROS interfaces[0m
[0.664s] [ 38%] [34m[1mGenerating C++ type support for eProsima Fast-RTPS[0m
[1.091s] [ 41%] [32mBuilding CXX object CMakeFiles/techman_robot_msgs__rosidl_typesupport_fastrtps_cpp.dir/rosidl_typesupport_fastrtps_cpp/techman_robot_msgs/srv/detail/dds_fastrtps/techman_robot_command__type_support.cpp.o[0m
[1.100s] [ 44%] [32mBuilding CXX object CMakeFiles/techman_robot_msgs__rosidl_typesupport_cpp.dir/rosidl_typesupport_cpp/techman_robot_msgs/srv/techman_robot_command__type_support.cpp.o[0m
[1.153s] [ 47%] [32mBuilding CXX object CMakeFiles/techman_robot_msgs__rosidl_typesupport_c.dir/rosidl_typesupport_c/techman_robot_msgs/srv/techman_robot_command__type_support.cpp.o[0m
[1.182s] [ 50%] [32mBuilding C object CMakeFiles/techman_robot_msgs__rosidl_typesupport_introspection_c.dir/rosidl_typesupport_introspection_c/techman_robot_msgs/srv/detail/techman_robot_command__type_support.c.o[0m
[1.188s] [ 52%] [32mBuilding CXX object CMakeFiles/techman_robot_msgs__rosidl_typesupport_fastrtps_c.dir/rosidl_typesupport_fastrtps_c/techman_robot_msgs/srv/detail/techman_robot_command__type_support_c.cpp.o[0m
[1.205s] [ 55%] [32mBuilding CXX object CMakeFiles/techman_robot_msgs__rosidl_typesupport_introspection_cpp.dir/rosidl_typesupport_introspection_cpp/techman_robot_msgs/srv/detail/techman_robot_command__type_support.cpp.o[0m
[1.237s] [ 58%] [32m[1mLinking CXX shared library libtechman_robot_msgs__rosidl_typesupport_c.so[0m
[1.261s] [ 61%] [32m[1mLinking C shared library libtechman_robot_msgs__rosidl_typesupport_introspection_c.so[0m
[1.312s] [ 61%] Built target techman_robot_msgs__rosidl_typesupport_c
[1.324s] [ 61%] Built target techman_robot_msgs__rosidl_typesupport_introspection_c
[1.865s] [ 64%] [32m[1mLinking CXX shared library libtechman_robot_msgs__rosidl_typesupport_cpp.so[0m
[1.958s] [ 67%] [32m[1mLinking CXX shared library libtechman_robot_msgs__rosidl_typesupport_introspection_cpp.so[0m
[2.000s] [ 67%] Built target techman_robot_msgs__rosidl_typesupport_cpp
[2.001s] [ 70%] [32m[1mLinking CXX shared library libtechman_robot_msgs__rosidl_typesupport_fastrtps_cpp.so[0m
[2.034s] [ 70%] Built target techman_robot_msgs__rosidl_typesupport_introspection_cpp
[2.061s] [ 73%] [32m[1mLinking CXX shared library libtechman_robot_msgs__rosidl_typesupport_fastrtps_c.so[0m
[2.109s] [ 73%] Built target techman_robot_msgs__rosidl_typesupport_fastrtps_cpp
[2.164s] [ 73%] Built target techman_robot_msgs__rosidl_typesupport_fastrtps_c
[2.193s] [ 73%] Built target techman_robot_msgs
[2.206s] [ 76%] [34m[1mGenerating Python code for ROS interfaces[0m
[2.532s] [ 76%] Built target techman_robot_msgs__py
[2.548s] [ 79%] [32mBuilding C object CMakeFiles/techman_robot_msgs__rosidl_generator_py.dir/rosidl_generator_py/techman_robot_msgs/srv/_techman_robot_command_s.c.o[0m
[2.707s] [ 82%] [32m[1mLinking C shared library libtechman_robot_msgs__rosidl_generator_py.so[0m
[2.738s] [ 82%] Built target techman_robot_msgs__rosidl_generator_py
[2.754s] [ 91%] [32mBuilding C object CMakeFiles/techman_robot_msgs_s__rosidl_typesupport_introspection_c.dir/rosidl_generator_py/techman_robot_msgs/_techman_robot_msgs_s.ep.rosidl_typesupport_introspection_c.c.o[0m
[2.754s] [ 91%] [32mBuilding C object CMakeFiles/techman_robot_msgs_s__rosidl_typesupport_fastrtps_c.dir/rosidl_generator_py/techman_robot_msgs/_techman_robot_msgs_s.ep.rosidl_typesupport_fastrtps_c.c.o[0m
[2.754s] [ 91%] [32mBuilding C object CMakeFiles/techman_robot_msgs_s__rosidl_typesupport_c.dir/rosidl_generator_py/techman_robot_msgs/_techman_robot_msgs_s.ep.rosidl_typesupport_c.c.o[0m
[2.838s] [ 94%] [32m[1mLinking C shared module rosidl_generator_py/techman_robot_msgs/techman_robot_msgs_s__rosidl_typesupport_introspection_c.so[0m
[2.843s] [ 97%] [32m[1mLinking C shared module rosidl_generator_py/techman_robot_msgs/techman_robot_msgs_s__rosidl_typesupport_fastrtps_c.so[0m
[2.847s] [100%] [32m[1mLinking C shared module rosidl_generator_py/techman_robot_msgs/techman_robot_msgs_s__rosidl_typesupport_c.so[0m
[2.865s] [100%] Built target techman_robot_msgs_s__rosidl_typesupport_introspection_c
[2.870s] [100%] Built target techman_robot_msgs_s__rosidl_typesupport_fastrtps_c
[2.870s] [100%] Built target techman_robot_msgs_s__rosidl_typesupport_c
