-- The C compiler identification is GNU 13.3.0
-- The CXX compiler identification is GNU 13.3.0
-- Detecting C compiler ABI info
-- Detecting C compiler ABI info - done
-- Check for working C compiler: /usr/bin/cc - skipped
-- Detecting C compile features
-- Detecting C compile features - done
-- Detecting CXX compiler ABI info
-- Detecting CXX compiler ABI info - done
-- Check for working CXX compiler: /usr/bin/c++ - skipped
-- Detecting CXX compile features
-- Detecting CXX compile features - done
-- Found ament_cmake: 2.5.4 (/opt/ros/jazzy/share/ament_cmake/cmake)
-- Found Python3: /usr/bin/python3 (found version "3.12.3") found components: Interpreter 
-- Override CMake install command with custom implementation using symlinks instead of copying resources
-- Configuring done (1.3s)
-- Generating done (0.0s)
-- Build files have been written to: /home/csrobot/flexbe_ws/build/flexbe_behavior_engine
-- Install configuration: ""
-- Execute custom install script
-- Symlinking: /home/csrobot/flexbe_ws/install/flexbe_behavior_engine/share/ament_index/resource_index/package_run_dependencies/flexbe_behavior_engine
-- Symlinking: /home/csrobot/flexbe_ws/install/flexbe_behavior_engine/share/ament_index/resource_index/parent_prefix_path/flexbe_behavior_engine
-- Symlinking: /home/csrobot/flexbe_ws/install/flexbe_behavior_engine/share/flexbe_behavior_engine/environment/ament_prefix_path.sh
-- Symlinking: /home/csrobot/flexbe_ws/install/flexbe_behavior_engine/share/flexbe_behavior_engine/environment/ament_prefix_path.dsv
-- Symlinking: /home/csrobot/flexbe_ws/install/flexbe_behavior_engine/share/flexbe_behavior_engine/environment/path.sh
-- Symlinking: /home/csrobot/flexbe_ws/install/flexbe_behavior_engine/share/flexbe_behavior_engine/environment/path.dsv
-- Symlinking: /home/csrobot/flexbe_ws/install/flexbe_behavior_engine/share/flexbe_behavior_engine/local_setup.bash
-- Symlinking: /home/csrobot/flexbe_ws/install/flexbe_behavior_engine/share/flexbe_behavior_engine/local_setup.sh
-- Symlinking: /home/csrobot/flexbe_ws/install/flexbe_behavior_engine/share/flexbe_behavior_engine/local_setup.zsh
-- Symlinking: /home/csrobot/flexbe_ws/install/flexbe_behavior_engine/share/flexbe_behavior_engine/local_setup.dsv
-- Symlinking: /home/csrobot/flexbe_ws/install/flexbe_behavior_engine/share/flexbe_behavior_engine/package.dsv
-- Symlinking: /home/csrobot/flexbe_ws/install/flexbe_behavior_engine/share/ament_index/resource_index/packages/flexbe_behavior_engine
-- Symlinking: /home/csrobot/flexbe_ws/install/flexbe_behavior_engine/share/flexbe_behavior_engine/cmake/flexbe_behavior_engineConfig.cmake
-- Symlinking: /home/csrobot/flexbe_ws/install/flexbe_behavior_engine/share/flexbe_behavior_engine/cmake/flexbe_behavior_engineConfig-version.cmake
-- Symlinking: /home/csrobot/flexbe_ws/install/flexbe_behavior_engine/share/flexbe_behavior_engine/package.xml
