[0.014s] Invoking command in '/home/csrobot/flexbe_ws/build/armada_bringup': CMAKE_PREFIX_PATH=${CMAKE_PREFIX_PATH}:/opt/ros/jazzy DEBUGINFOD_URLS=https://debuginfod.ubuntu.com /usr/bin/cmake /home/csrobot/flexbe_ws/src/armada_ros2/armada_bringup -DAMENT_CMAKE_SYMLINK_INSTALL=1 -DCMAKE_INSTALL_PREFIX=/home/csrobot/flexbe_ws/install/armada_bringup
[0.123s] -- The C compiler identification is GNU 13.3.0
[0.214s] -- The CXX compiler identification is GNU 13.3.0
[0.229s] -- Detecting C compiler ABI info
[0.309s] -- Detecting C compiler ABI info - done
[0.317s] -- Check for working C compiler: /usr/bin/cc - skipped
[0.317s] -- Detecting C compile features
[0.317s] -- Detecting C compile features - done
[0.324s] -- Detecting CXX compiler ABI info
[0.404s] -- Detecting CXX compiler ABI info - done
[0.413s] -- Check for working CXX compiler: /usr/bin/c++ - skipped
[0.413s] -- Detecting CXX compile features
[0.414s] -- Detecting CXX compile features - done
[0.417s] -- Found ament_cmake: 2.5.4 (/opt/ros/jazzy/share/ament_cmake/cmake)
[0.537s] -- Found Python3: /usr/bin/python3 (found version "3.12.3") found components: Interpreter 
[0.612s] -- Override CMake install command with custom implementation using symlinks instead of copying resources
[0.631s] -- Found ament_lint_auto: 0.17.3 (/opt/ros/jazzy/share/ament_lint_auto/cmake)
[0.730s] -- Added test 'flake8' to check Python code syntax and style conventions
[0.731s] -- Configured 'flake8' exclude dirs and/or files: 
[0.733s] -- Added test 'lint_cmake' to check CMake code style
[0.733s] -- Added test 'pep257' to check Python code against some of the docstring style conventions in PEP 257
[0.735s] -- Added test 'xmllint' to check XML markup files
[0.735s] -- Configuring done (0.7s)
[0.736s] -- Generating done (0.0s)
[0.738s] -- Build files have been written to: /home/csrobot/flexbe_ws/build/armada_bringup
[0.745s] Invoked command in '/home/csrobot/flexbe_ws/build/armada_bringup' returned '0': CMAKE_PREFIX_PATH=${CMAKE_PREFIX_PATH}:/opt/ros/jazzy DEBUGINFOD_URLS=https://debuginfod.ubuntu.com /usr/bin/cmake /home/csrobot/flexbe_ws/src/armada_ros2/armada_bringup -DAMENT_CMAKE_SYMLINK_INSTALL=1 -DCMAKE_INSTALL_PREFIX=/home/csrobot/flexbe_ws/install/armada_bringup
[0.745s] Invoking command in '/home/csrobot/flexbe_ws/build/armada_bringup': CMAKE_PREFIX_PATH=${CMAKE_PREFIX_PATH}:/opt/ros/jazzy DEBUGINFOD_URLS=https://debuginfod.ubuntu.com /usr/bin/cmake --build /home/csrobot/flexbe_ws/build/armada_bringup -- -j8 -l8
[0.782s] Invoked command in '/home/csrobot/flexbe_ws/build/armada_bringup' returned '0': CMAKE_PREFIX_PATH=${CMAKE_PREFIX_PATH}:/opt/ros/jazzy DEBUGINFOD_URLS=https://debuginfod.ubuntu.com /usr/bin/cmake --build /home/csrobot/flexbe_ws/build/armada_bringup -- -j8 -l8
[0.783s] Invoking command in '/home/csrobot/flexbe_ws/build/armada_bringup': CMAKE_PREFIX_PATH=${CMAKE_PREFIX_PATH}:/opt/ros/jazzy DEBUGINFOD_URLS=https://debuginfod.ubuntu.com /usr/bin/cmake --install /home/csrobot/flexbe_ws/build/armada_bringup
[0.794s] -- Install configuration: ""
[0.794s] -- Execute custom install script
[0.795s] -- Symlinking: /home/csrobot/flexbe_ws/install/armada_bringup/share/armada_bringup/launch/__pycache__/gazebo_move_group.launch.cpython-310.pyc
[0.799s] -- Symlinking: /home/csrobot/flexbe_ws/install/armada_bringup/share/armada_bringup/launch/gazebo_move_group.launch.py
[0.805s] -- Symlinking: /home/csrobot/flexbe_ws/install/armada_bringup/share/armada_bringup/launch/panda_gazebo_move_group.launch.py
[0.812s] -- Symlinking: /home/csrobot/flexbe_ws/install/armada_bringup/share/ament_index/resource_index/package_run_dependencies/armada_bringup
[0.826s] -- Symlinking: /home/csrobot/flexbe_ws/install/armada_bringup/share/ament_index/resource_index/parent_prefix_path/armada_bringup
[0.835s] -- Symlinking: /home/csrobot/flexbe_ws/install/armada_bringup/share/armada_bringup/environment/ament_prefix_path.sh
[0.839s] -- Symlinking: /home/csrobot/flexbe_ws/install/armada_bringup/share/armada_bringup/environment/ament_prefix_path.dsv
[0.847s] -- Symlinking: /home/csrobot/flexbe_ws/install/armada_bringup/share/armada_bringup/environment/path.sh
[0.853s] -- Symlinking: /home/csrobot/flexbe_ws/install/armada_bringup/share/armada_bringup/environment/path.dsv
[0.859s] -- Symlinking: /home/csrobot/flexbe_ws/install/armada_bringup/share/armada_bringup/local_setup.bash
[0.867s] -- Symlinking: /home/csrobot/flexbe_ws/install/armada_bringup/share/armada_bringup/local_setup.sh
[0.873s] -- Symlinking: /home/csrobot/flexbe_ws/install/armada_bringup/share/armada_bringup/local_setup.zsh
[0.881s] -- Symlinking: /home/csrobot/flexbe_ws/install/armada_bringup/share/armada_bringup/local_setup.dsv
[0.888s] -- Symlinking: /home/csrobot/flexbe_ws/install/armada_bringup/share/armada_bringup/package.dsv
[0.894s] -- Symlinking: /home/csrobot/flexbe_ws/install/armada_bringup/share/ament_index/resource_index/packages/armada_bringup
[0.901s] -- Symlinking: /home/csrobot/flexbe_ws/install/armada_bringup/share/armada_bringup/cmake/armada_bringupConfig.cmake
[0.908s] -- Symlinking: /home/csrobot/flexbe_ws/install/armada_bringup/share/armada_bringup/cmake/armada_bringupConfig-version.cmake
[0.916s] -- Symlinking: /home/csrobot/flexbe_ws/install/armada_bringup/share/armada_bringup/package.xml
[0.924s] Invoked command in '/home/csrobot/flexbe_ws/build/armada_bringup' returned '0': CMAKE_PREFIX_PATH=${CMAKE_PREFIX_PATH}:/opt/ros/jazzy DEBUGINFOD_URLS=https://debuginfod.ubuntu.com /usr/bin/cmake --install /home/csrobot/flexbe_ws/build/armada_bringup
