running develop
running egg_info
creating flexbe_onboard.egg-info
writing flexbe_onboard.egg-info/PKG-INFO
writing dependency_links to flexbe_onboard.egg-info/dependency_links.txt
writing entry points to flexbe_onboard.egg-info/entry_points.txt
writing requirements to flexbe_onboard.egg-info/requires.txt
writing top-level names to flexbe_onboard.egg-info/top_level.txt
writing manifest file 'flexbe_onboard.egg-info/SOURCES.txt'
reading manifest file 'flexbe_onboard.egg-info/SOURCES.txt'
writing manifest file 'flexbe_onboard.egg-info/SOURCES.txt'
running build_ext
Creating /home/csrobot/flexbe_ws/install/flexbe_onboard/lib/python3.12/site-packages/flexbe-onboard.egg-link (link to .)
Installing flexbe_onboard script to /home/csrobot/flexbe_ws/install/flexbe_onboard/lib/flexbe_onboard
Installing start_behavior script to /home/csrobot/flexbe_ws/install/flexbe_onboard/lib/flexbe_onboard

Installed /home/csrobot/flexbe_ws/build/flexbe_onboard
running symlink_data
symbolically linking /home/csrobot/flexbe_ws/build/flexbe_onboard/launch/behavior_onboard.launch.py -> /home/csrobot/flexbe_ws/install/flexbe_onboard/share/flexbe_onboard
creating /home/csrobot/flexbe_ws/install/flexbe_onboard/share/ament_index
creating /home/csrobot/flexbe_ws/install/flexbe_onboard/share/ament_index/resource_index
creating /home/csrobot/flexbe_ws/install/flexbe_onboard/share/ament_index/resource_index/packages
symbolically linking /home/csrobot/flexbe_ws/build/flexbe_onboard/resource/flexbe_onboard -> /home/csrobot/flexbe_ws/install/flexbe_onboard/share/ament_index/resource_index/packages
symbolically linking /home/csrobot/flexbe_ws/build/flexbe_onboard/package.xml -> /home/csrobot/flexbe_ws/install/flexbe_onboard/share/flexbe_onboard
symbolically linking /home/csrobot/flexbe_ws/build/flexbe_onboard/tests/flexbe_onboard_test.py -> /home/csrobot/flexbe_ws/install/flexbe_onboard/share/flexbe_onboard
symbolically linking /home/csrobot/flexbe_ws/build/flexbe_onboard/tests/test_onboard.py -> /home/csrobot/flexbe_ws/install/flexbe_onboard/share/flexbe_onboard
symbolically linking /home/csrobot/flexbe_ws/build/flexbe_onboard/tests/flexbe_onboard_test_data/log_behavior_test_sm.py -> /home/csrobot/flexbe_ws/install/flexbe_onboard/share/flexbe_onboard
symbolically linking /home/csrobot/flexbe_ws/build/flexbe_onboard/tests/flexbe_onboard_test_data/__init__.py -> /home/csrobot/flexbe_ws/install/flexbe_onboard/share/flexbe_onboard
symbolically linking /home/csrobot/flexbe_ws/build/flexbe_onboard/tests/flexbe_onboard_test_data/complex_behavior_test_sm.py -> /home/csrobot/flexbe_ws/install/flexbe_onboard/share/flexbe_onboard
creating /home/csrobot/flexbe_ws/install/flexbe_onboard/share/flexbe_onboard/tests
creating /home/csrobot/flexbe_ws/install/flexbe_onboard/share/flexbe_onboard/tests/flexbe_onboard_test_data
symbolically linking /home/csrobot/flexbe_ws/build/flexbe_onboard/tests/flexbe_onboard_test_data/log_behavior_test_sm.py -> /home/csrobot/flexbe_ws/install/flexbe_onboard/share/flexbe_onboard/tests/flexbe_onboard_test_data
symbolically linking /home/csrobot/flexbe_ws/build/flexbe_onboard/tests/flexbe_onboard_test_data/__init__.py -> /home/csrobot/flexbe_ws/install/flexbe_onboard/share/flexbe_onboard/tests/flexbe_onboard_test_data
symbolically linking /home/csrobot/flexbe_ws/build/flexbe_onboard/tests/flexbe_onboard_test_data/complex_behavior_test_sm.py -> /home/csrobot/flexbe_ws/install/flexbe_onboard/share/flexbe_onboard/tests/flexbe_onboard_test_data
symbolically linking /home/csrobot/flexbe_ws/build/flexbe_onboard/tests/flexbe_onboard_test_data/complex_behavior_test.xml -> /home/csrobot/flexbe_ws/install/flexbe_onboard/share/flexbe_onboard/tests/flexbe_onboard_test_data
symbolically linking /home/csrobot/flexbe_ws/build/flexbe_onboard/tests/flexbe_onboard_test_data/log_behavior_test.xml -> /home/csrobot/flexbe_ws/install/flexbe_onboard/share/flexbe_onboard/tests/flexbe_onboard_test_data
