[0.421s] Invoking command in '/home/csrobot/flexbe_ws/build/panda_gazebo': AMENT_PREFIX_PATH=/home/csrobot/flexbe_ws/install/panda_description:${AMENT_PREFIX_PATH} CMAKE_PREFIX_PATH=/home/csrobot/flexbe_ws/install/panda_description:/opt/ros/jazzy/opt/gz_math_vendor:/opt/ros/jazzy/opt/gz_utils_vendor:/opt/ros/jazzy/opt/gz_cmake_vendor:/opt/ros/jazzy DEBUGINFOD_URLS=https://debuginfod.ubuntu.com /usr/bin/cmake --build /home/csrobot/flexbe_ws/build/panda_gazebo -- -j8 -l8
[0.547s] Invoked command in '/home/csrobot/flexbe_ws/build/panda_gazebo' returned '0': AMENT_PREFIX_PATH=/home/csrobot/flexbe_ws/install/panda_description:${AMENT_PREFIX_PATH} CMAKE_PREFIX_PATH=/home/csrobot/flexbe_ws/install/panda_description:/opt/ros/jazzy/opt/gz_math_vendor:/opt/ros/jazzy/opt/gz_utils_vendor:/opt/ros/jazzy/opt/gz_cmake_vendor:/opt/ros/jazzy DEBUGINFOD_URLS=https://debuginfod.ubuntu.com /usr/bin/cmake --build /home/csrobot/flexbe_ws/build/panda_gazebo -- -j8 -l8
[0.547s] Invoking command in '/home/csrobot/flexbe_ws/build/panda_gazebo': AMENT_PREFIX_PATH=/home/csrobot/flexbe_ws/install/panda_description:${AMENT_PREFIX_PATH} CMAKE_PREFIX_PATH=/home/csrobot/flexbe_ws/install/panda_description:/opt/ros/jazzy/opt/gz_math_vendor:/opt/ros/jazzy/opt/gz_utils_vendor:/opt/ros/jazzy/opt/gz_cmake_vendor:/opt/ros/jazzy DEBUGINFOD_URLS=https://debuginfod.ubuntu.com /usr/bin/cmake --install /home/csrobot/flexbe_ws/build/panda_gazebo
[0.549s] -- Install configuration: ""
[0.549s] -- Execute custom install script
[0.549s] -- Up-to-date symlink: /home/csrobot/flexbe_ws/install/panda_gazebo/share/panda_gazebo/models/panda/model.config
[0.549s] -- Up-to-date symlink: /home/csrobot/flexbe_ws/install/panda_gazebo/share/panda_gazebo/models/panda/model.sdf
[0.550s] -- Up-to-date symlink: /home/csrobot/flexbe_ws/install/panda_gazebo/share/panda_gazebo/models/table/model.config
[0.550s] -- Up-to-date symlink: /home/csrobot/flexbe_ws/install/panda_gazebo/share/panda_gazebo/models/table/model.sdf
[0.550s] -- Up-to-date symlink: /home/csrobot/flexbe_ws/install/panda_gazebo/share/panda_gazebo/launch/panda_gazebo_move_group.launch.py
[0.550s] -- Up-to-date symlink: /home/csrobot/flexbe_ws/install/panda_gazebo/share/panda_gazebo/config/panda_bridge.yaml
[0.550s] -- Up-to-date symlink: /home/csrobot/flexbe_ws/install/panda_gazebo/share/panda_gazebo/worlds/panda.sdf
[0.550s] -- Up-to-date symlink: /home/csrobot/flexbe_ws/install/panda_gazebo/share/panda_gazebo/environment/panda_gazebo.dsv
[0.550s] -- Up-to-date symlink: /home/csrobot/flexbe_ws/install/panda_gazebo/share/ament_index/resource_index/package_run_dependencies/panda_gazebo
[0.550s] -- Up-to-date symlink: /home/csrobot/flexbe_ws/install/panda_gazebo/share/ament_index/resource_index/parent_prefix_path/panda_gazebo
[0.550s] -- Up-to-date symlink: /home/csrobot/flexbe_ws/install/panda_gazebo/share/panda_gazebo/environment/ament_prefix_path.sh
[0.550s] -- Up-to-date symlink: /home/csrobot/flexbe_ws/install/panda_gazebo/share/panda_gazebo/environment/ament_prefix_path.dsv
[0.550s] -- Up-to-date symlink: /home/csrobot/flexbe_ws/install/panda_gazebo/share/panda_gazebo/environment/path.sh
[0.550s] -- Up-to-date symlink: /home/csrobot/flexbe_ws/install/panda_gazebo/share/panda_gazebo/environment/path.dsv
[0.550s] -- Up-to-date symlink: /home/csrobot/flexbe_ws/install/panda_gazebo/share/panda_gazebo/local_setup.bash
[0.550s] -- Up-to-date symlink: /home/csrobot/flexbe_ws/install/panda_gazebo/share/panda_gazebo/local_setup.sh
[0.551s] -- Up-to-date symlink: /home/csrobot/flexbe_ws/install/panda_gazebo/share/panda_gazebo/local_setup.zsh
[0.551s] -- Up-to-date symlink: /home/csrobot/flexbe_ws/install/panda_gazebo/share/panda_gazebo/local_setup.dsv
[0.551s] -- Symlinking: /home/csrobot/flexbe_ws/install/panda_gazebo/share/panda_gazebo/package.dsv
[0.552s] -- Up-to-date symlink: /home/csrobot/flexbe_ws/install/panda_gazebo/share/ament_index/resource_index/packages/panda_gazebo
[0.552s] -- Up-to-date symlink: /home/csrobot/flexbe_ws/install/panda_gazebo/share/panda_gazebo/cmake/panda_gazeboConfig.cmake
[0.552s] -- Up-to-date symlink: /home/csrobot/flexbe_ws/install/panda_gazebo/share/panda_gazebo/cmake/panda_gazeboConfig-version.cmake
[0.552s] -- Up-to-date symlink: /home/csrobot/flexbe_ws/install/panda_gazebo/share/panda_gazebo/package.xml
[0.617s] Invoked command in '/home/csrobot/flexbe_ws/build/panda_gazebo' returned '0': AMENT_PREFIX_PATH=/home/csrobot/flexbe_ws/install/panda_description:${AMENT_PREFIX_PATH} CMAKE_PREFIX_PATH=/home/csrobot/flexbe_ws/install/panda_description:/opt/ros/jazzy/opt/gz_math_vendor:/opt/ros/jazzy/opt/gz_utils_vendor:/opt/ros/jazzy/opt/gz_cmake_vendor:/opt/ros/jazzy DEBUGINFOD_URLS=https://debuginfod.ubuntu.com /usr/bin/cmake --install /home/csrobot/flexbe_ws/build/panda_gazebo
