[0.021s] Invoking command in '/home/csrobot/flexbe_ws/build/tm_description': CMAKE_PREFIX_PATH=${CMAKE_PREFIX_PATH}:/opt/ros/jazzy DEBUGINFOD_URLS=https://debuginfod.ubuntu.com /usr/bin/cmake --build /home/csrobot/flexbe_ws/build/tm_description -- -j8 -l8
[0.058s] Invoked command in '/home/csrobot/flexbe_ws/build/tm_description' returned '0': CMAKE_PREFIX_PATH=${CMAKE_PREFIX_PATH}:/opt/ros/jazzy DEBUGINFOD_URLS=https://debuginfod.ubuntu.com /usr/bin/cmake --build /home/csrobot/flexbe_ws/build/tm_description -- -j8 -l8
[0.067s] Invoking command in '/home/csrobot/flexbe_ws/build/tm_description': CMAKE_PREFIX_PATH=${CMAKE_PREFIX_PATH}:/opt/ros/jazzy DEBUGINFOD_URLS=https://debuginfod.ubuntu.com /usr/bin/cmake --install /home/csrobot/flexbe_ws/build/tm_description
[0.076s] -- Install configuration: ""
[0.078s] -- Execute custom install script
[0.078s] -- Up-to-date symlink: /home/csrobot/flexbe_ws/install/tm_description/share/ament_index/resource_index/package_run_dependencies/tm_description
[0.079s] -- Up-to-date symlink: /home/csrobot/flexbe_ws/install/tm_description/share/ament_index/resource_index/parent_prefix_path/tm_description
[0.079s] -- Up-to-date symlink: /home/csrobot/flexbe_ws/install/tm_description/share/tm_description/environment/ament_prefix_path.sh
[0.081s] -- Up-to-date symlink: /home/csrobot/flexbe_ws/install/tm_description/share/tm_description/environment/ament_prefix_path.dsv
[0.082s] -- Up-to-date symlink: /home/csrobot/flexbe_ws/install/tm_description/share/tm_description/environment/path.sh
[0.082s] -- Up-to-date symlink: /home/csrobot/flexbe_ws/install/tm_description/share/tm_description/environment/path.dsv
[0.083s] -- Up-to-date symlink: /home/csrobot/flexbe_ws/install/tm_description/share/tm_description/local_setup.bash
[0.083s] -- Up-to-date symlink: /home/csrobot/flexbe_ws/install/tm_description/share/tm_description/local_setup.sh
[0.085s] -- Up-to-date symlink: /home/csrobot/flexbe_ws/install/tm_description/share/tm_description/local_setup.zsh
[0.085s] -- Up-to-date symlink: /home/csrobot/flexbe_ws/install/tm_description/share/tm_description/local_setup.dsv
[0.085s] -- Symlinking: /home/csrobot/flexbe_ws/install/tm_description/share/tm_description/package.dsv
[0.105s] -- Up-to-date symlink: /home/csrobot/flexbe_ws/install/tm_description/share/ament_index/resource_index/packages/tm_description
[0.106s] -- Up-to-date symlink: /home/csrobot/flexbe_ws/install/tm_description/share/tm_description/cmake/tm_descriptionConfig.cmake
[0.106s] -- Up-to-date symlink: /home/csrobot/flexbe_ws/install/tm_description/share/tm_description/cmake/tm_descriptionConfig-version.cmake
[0.106s] -- Up-to-date symlink: /home/csrobot/flexbe_ws/install/tm_description/share/tm_description/package.xml
[0.106s] -- Up-to-date symlink: /home/csrobot/flexbe_ws/install/tm_description/share/tm_description/meshes/tm12/collision/tm12-arm1_c.stl
[0.106s] -- Up-to-date symlink: /home/csrobot/flexbe_ws/install/tm_description/share/tm_description/meshes/tm12/collision/tm12-arm2_c.stl
[0.106s] -- Up-to-date symlink: /home/csrobot/flexbe_ws/install/tm_description/share/tm_description/meshes/tm12/collision/tm12-base_c.stl
[0.106s] -- Up-to-date symlink: /home/csrobot/flexbe_ws/install/tm_description/share/tm_description/meshes/tm12/collision/tmr_750w_01_c.stl
[0.106s] -- Up-to-date symlink: /home/csrobot/flexbe_ws/install/tm_description/share/tm_description/meshes/tm12/visual/tm12-arm1.mtl
[0.106s] -- Up-to-date symlink: /home/csrobot/flexbe_ws/install/tm_description/share/tm_description/meshes/tm12/visual/tm12-arm1.obj
[0.106s] -- Up-to-date symlink: /home/csrobot/flexbe_ws/install/tm_description/share/tm_description/meshes/tm12/visual/tm12-arm1.stl
[0.106s] -- Up-to-date symlink: /home/csrobot/flexbe_ws/install/tm_description/share/tm_description/meshes/tm12/visual/tm12-arm2.mtl
[0.106s] -- Up-to-date symlink: /home/csrobot/flexbe_ws/install/tm_description/share/tm_description/meshes/tm12/visual/tm12-arm2.obj
[0.106s] -- Up-to-date symlink: /home/csrobot/flexbe_ws/install/tm_description/share/tm_description/meshes/tm12/visual/tm12-arm2.stl
[0.106s] -- Up-to-date symlink: /home/csrobot/flexbe_ws/install/tm_description/share/tm_description/meshes/tm12/visual/tm12-base.mtl
[0.106s] -- Up-to-date symlink: /home/csrobot/flexbe_ws/install/tm_description/share/tm_description/meshes/tm12/visual/tm12-base.obj
[0.107s] -- Up-to-date symlink: /home/csrobot/flexbe_ws/install/tm_description/share/tm_description/meshes/tm12/visual/tm12-base.stl
[0.107s] -- Up-to-date symlink: /home/csrobot/flexbe_ws/install/tm_description/share/tm_description/meshes/tm12/visual/tmr_750w_01.mtl
[0.107s] -- Up-to-date symlink: /home/csrobot/flexbe_ws/install/tm_description/share/tm_description/meshes/tm12/visual/tmr_750w_01.obj
[0.107s] -- Up-to-date symlink: /home/csrobot/flexbe_ws/install/tm_description/share/tm_description/meshes/tm12/visual/tmr_750w_01.stl
[0.107s] -- Up-to-date symlink: /home/csrobot/flexbe_ws/install/tm_description/share/tm_description/meshes/tm14/collision/tm14_arm1_c.stl
[0.107s] -- Up-to-date symlink: /home/csrobot/flexbe_ws/install/tm_description/share/tm_description/meshes/tm14/collision/tm14_arm2_c.stl
[0.107s] -- Up-to-date symlink: /home/csrobot/flexbe_ws/install/tm_description/share/tm_description/meshes/tm14/visual/tm14_arm1.mtl
[0.107s] -- Up-to-date symlink: /home/csrobot/flexbe_ws/install/tm_description/share/tm_description/meshes/tm14/visual/tm14_arm1.obj
[0.107s] -- Up-to-date symlink: /home/csrobot/flexbe_ws/install/tm_description/share/tm_description/meshes/tm14/visual/tm14_arm1.stl
[0.107s] -- Up-to-date symlink: /home/csrobot/flexbe_ws/install/tm_description/share/tm_description/meshes/tm14/visual/tm14_arm2.mtl
[0.107s] -- Up-to-date symlink: /home/csrobot/flexbe_ws/install/tm_description/share/tm_description/meshes/tm14/visual/tm14_arm2.obj
[0.107s] -- Up-to-date symlink: /home/csrobot/flexbe_ws/install/tm_description/share/tm_description/meshes/tm14/visual/tm14_arm2.stl
[0.120s] -- Up-to-date symlink: /home/csrobot/flexbe_ws/install/tm_description/share/tm_description/meshes/tm5-700/collision/tm5-700_arm1_c.stl
[0.120s] -- Up-to-date symlink: /home/csrobot/flexbe_ws/install/tm_description/share/tm_description/meshes/tm5-700/collision/tm5-700_arm2_c.stl
[0.120s] -- Up-to-date symlink: /home/csrobot/flexbe_ws/install/tm_description/share/tm_description/meshes/tm5-700/visual/tm5-700_arm1.mtl
[0.120s] -- Up-to-date symlink: /home/csrobot/flexbe_ws/install/tm_description/share/tm_description/meshes/tm5-700/visual/tm5-700_arm1.obj
[0.120s] -- Up-to-date symlink: /home/csrobot/flexbe_ws/install/tm_description/share/tm_description/meshes/tm5-700/visual/tm5-700_arm1.stl
[0.120s] -- Up-to-date symlink: /home/csrobot/flexbe_ws/install/tm_description/share/tm_description/meshes/tm5-700/visual/tm5-700_arm2.mtl
[0.120s] -- Up-to-date symlink: /home/csrobot/flexbe_ws/install/tm_description/share/tm_description/meshes/tm5-700/visual/tm5-700_arm2.obj
[0.120s] -- Up-to-date symlink: /home/csrobot/flexbe_ws/install/tm_description/share/tm_description/meshes/tm5-700/visual/tm5-700_arm2.stl
[0.121s] -- Up-to-date symlink: /home/csrobot/flexbe_ws/install/tm_description/share/tm_description/meshes/tm5-900/collision/tm5-900_arm1_c.stl
[0.121s] -- Up-to-date symlink: /home/csrobot/flexbe_ws/install/tm_description/share/tm_description/meshes/tm5-900/collision/tm5-900_arm2_c.stl
[0.121s] -- Up-to-date symlink: /home/csrobot/flexbe_ws/install/tm_description/share/tm_description/meshes/tm5-900/collision/tm5-base_c.stl
[0.121s] -- Up-to-date symlink: /home/csrobot/flexbe_ws/install/tm_description/share/tm_description/meshes/tm5-900/collision/tmr_100w_01_c.stl
[0.121s] -- Up-to-date symlink: /home/csrobot/flexbe_ws/install/tm_description/share/tm_description/meshes/tm5-900/collision/tmr_100w_02_c.stl
[0.121s] -- Up-to-date symlink: /home/csrobot/flexbe_ws/install/tm_description/share/tm_description/meshes/tm5-900/collision/tmr_400w_01_c.stl
[0.121s] -- Up-to-date symlink: /home/csrobot/flexbe_ws/install/tm_description/share/tm_description/meshes/tm5-900/collision/tmr_ee_c.stl
[0.121s] -- Up-to-date symlink: /home/csrobot/flexbe_ws/install/tm_description/share/tm_description/meshes/tm5-900/collision/tmr_iox_c.stl
[0.121s] -- Up-to-date symlink: /home/csrobot/flexbe_ws/install/tm_description/share/tm_description/meshes/tm5-900/visual/tm5-900_arm1.mtl
[0.121s] -- Up-to-date symlink: /home/csrobot/flexbe_ws/install/tm_description/share/tm_description/meshes/tm5-900/visual/tm5-900_arm1.obj
[0.121s] -- Up-to-date symlink: /home/csrobot/flexbe_ws/install/tm_description/share/tm_description/meshes/tm5-900/visual/tm5-900_arm1.stl
[0.121s] -- Up-to-date symlink: /home/csrobot/flexbe_ws/install/tm_description/share/tm_description/meshes/tm5-900/visual/tm5-900_arm2.mtl
[0.121s] -- Up-to-date symlink: /home/csrobot/flexbe_ws/install/tm_description/share/tm_description/meshes/tm5-900/visual/tm5-900_arm2.obj
[0.121s] -- Up-to-date symlink: /home/csrobot/flexbe_ws/install/tm_description/share/tm_description/meshes/tm5-900/visual/tm5-900_arm2.stl
[0.121s] -- Up-to-date symlink: /home/csrobot/flexbe_ws/install/tm_description/share/tm_description/meshes/tm5-900/visual/tm5-base.mtl
[0.121s] -- Up-to-date symlink: /home/csrobot/flexbe_ws/install/tm_description/share/tm_description/meshes/tm5-900/visual/tm5-base.obj
[0.122s] -- Up-to-date symlink: /home/csrobot/flexbe_ws/install/tm_description/share/tm_description/meshes/tm5-900/visual/tm5-base.stl
[0.122s] -- Up-to-date symlink: /home/csrobot/flexbe_ws/install/tm_description/share/tm_description/meshes/tm5-900/visual/tmr_100w_01.mtl
[0.122s] -- Up-to-date symlink: /home/csrobot/flexbe_ws/install/tm_description/share/tm_description/meshes/tm5-900/visual/tmr_100w_01.obj
[0.124s] -- Up-to-date symlink: /home/csrobot/flexbe_ws/install/tm_description/share/tm_description/meshes/tm5-900/visual/tmr_100w_01.stl
[0.124s] -- Up-to-date symlink: /home/csrobot/flexbe_ws/install/tm_description/share/tm_description/meshes/tm5-900/visual/tmr_100w_02.mtl
[0.124s] -- Up-to-date symlink: /home/csrobot/flexbe_ws/install/tm_description/share/tm_description/meshes/tm5-900/visual/tmr_100w_02.obj
[0.124s] -- Up-to-date symlink: /home/csrobot/flexbe_ws/install/tm_description/share/tm_description/meshes/tm5-900/visual/tmr_100w_02.stl
[0.124s] -- Up-to-date symlink: /home/csrobot/flexbe_ws/install/tm_description/share/tm_description/meshes/tm5-900/visual/tmr_400w_01.mtl
[0.124s] -- Up-to-date symlink: /home/csrobot/flexbe_ws/install/tm_description/share/tm_description/meshes/tm5-900/visual/tmr_400w_01.obj
[0.124s] -- Up-to-date symlink: /home/csrobot/flexbe_ws/install/tm_description/share/tm_description/meshes/tm5-900/visual/tmr_400w_01.stl
[0.124s] -- Up-to-date symlink: /home/csrobot/flexbe_ws/install/tm_description/share/tm_description/meshes/tm5-900/visual/tmr_ee.mtl
[0.124s] -- Up-to-date symlink: /home/csrobot/flexbe_ws/install/tm_description/share/tm_description/meshes/tm5-900/visual/tmr_ee.obj
[0.124s] -- Up-to-date symlink: /home/csrobot/flexbe_ws/install/tm_description/share/tm_description/meshes/tm5-900/visual/tmr_ee.stl
[0.124s] -- Up-to-date symlink: /home/csrobot/flexbe_ws/install/tm_description/share/tm_description/meshes/tm5-900/visual/tmr_iox.mtl
[0.124s] -- Up-to-date symlink: /home/csrobot/flexbe_ws/install/tm_description/share/tm_description/meshes/tm5-900/visual/tmr_iox.obj
[0.124s] -- Up-to-date symlink: /home/csrobot/flexbe_ws/install/tm_description/share/tm_description/meshes/tm5-900/visual/tmr_iox.stl
[0.124s] -- Up-to-date symlink: /home/csrobot/flexbe_ws/install/tm_description/share/tm_description/urdf/tm12-nominal.urdf
[0.124s] -- Up-to-date symlink: /home/csrobot/flexbe_ws/install/tm_description/share/tm_description/urdf/tm12x-nominal.urdf
[0.124s] -- Up-to-date symlink: /home/csrobot/flexbe_ws/install/tm_description/share/tm_description/urdf/tm14-nominal.urdf
[0.125s] -- Up-to-date symlink: /home/csrobot/flexbe_ws/install/tm_description/share/tm_description/urdf/tm14x-nominal.urdf
[0.125s] -- Up-to-date symlink: /home/csrobot/flexbe_ws/install/tm_description/share/tm_description/urdf/tm5-700-nominal.urdf
[0.125s] -- Up-to-date symlink: /home/csrobot/flexbe_ws/install/tm_description/share/tm_description/urdf/tm5-900-nominal.urdf
[0.125s] -- Up-to-date symlink: /home/csrobot/flexbe_ws/install/tm_description/share/tm_description/urdf/tm5-900.urdf
[0.125s] -- Up-to-date symlink: /home/csrobot/flexbe_ws/install/tm_description/share/tm_description/urdf/tm5x-700-nominal.urdf
[0.125s] -- Up-to-date symlink: /home/csrobot/flexbe_ws/install/tm_description/share/tm_description/urdf/tm5x-900-nominal.urdf
[0.125s] -- Up-to-date symlink: /home/csrobot/flexbe_ws/install/tm_description/share/tm_description/xacro/macro.gazebo.xacro
[0.125s] -- Up-to-date symlink: /home/csrobot/flexbe_ws/install/tm_description/share/tm_description/xacro/macro.inertial.xacro
[0.125s] -- Up-to-date symlink: /home/csrobot/flexbe_ws/install/tm_description/share/tm_description/xacro/macro.materials.xacro
[0.125s] -- Up-to-date symlink: /home/csrobot/flexbe_ws/install/tm_description/share/tm_description/xacro/macro.tm12-nominal.urdf.xacro
[0.125s] -- Up-to-date symlink: /home/csrobot/flexbe_ws/install/tm_description/share/tm_description/xacro/macro.tm12x-nominal.urdf.xacro
[0.125s] -- Up-to-date symlink: /home/csrobot/flexbe_ws/install/tm_description/share/tm_description/xacro/macro.tm14-nominal.urdf.xacro
[0.125s] -- Up-to-date symlink: /home/csrobot/flexbe_ws/install/tm_description/share/tm_description/xacro/macro.tm14x-nominal.urdf.xacro
[0.125s] -- Up-to-date symlink: /home/csrobot/flexbe_ws/install/tm_description/share/tm_description/xacro/macro.tm5-700-nominal.urdf.xacro
[0.125s] -- Up-to-date symlink: /home/csrobot/flexbe_ws/install/tm_description/share/tm_description/xacro/macro.tm5-900-nominal.urdf.xacro
[0.125s] -- Up-to-date symlink: /home/csrobot/flexbe_ws/install/tm_description/share/tm_description/xacro/macro.tm5x-700-nominal.urdf.xacro
[0.125s] -- Up-to-date symlink: /home/csrobot/flexbe_ws/install/tm_description/share/tm_description/xacro/macro.tm5x-900-nominal.urdf.xacro
[0.126s] -- Up-to-date symlink: /home/csrobot/flexbe_ws/install/tm_description/share/tm_description/xacro/macro.transmission.xacro
[0.126s] -- Up-to-date symlink: /home/csrobot/flexbe_ws/install/tm_description/share/tm_description/xacro/tm12.urdf.xacro
[0.126s] -- Up-to-date symlink: /home/csrobot/flexbe_ws/install/tm_description/share/tm_description/xacro/tm12x.urdf.xacro
[0.126s] -- Up-to-date symlink: /home/csrobot/flexbe_ws/install/tm_description/share/tm_description/xacro/tm14.urdf.xacro
[0.126s] -- Up-to-date symlink: /home/csrobot/flexbe_ws/install/tm_description/share/tm_description/xacro/tm14x.urdf.xacro
[0.126s] -- Up-to-date symlink: /home/csrobot/flexbe_ws/install/tm_description/share/tm_description/xacro/tm5-700.urdf.xacro
[0.126s] -- Up-to-date symlink: /home/csrobot/flexbe_ws/install/tm_description/share/tm_description/xacro/tm5-900.urdf.xacro
[0.126s] -- Up-to-date symlink: /home/csrobot/flexbe_ws/install/tm_description/share/tm_description/xacro/tm5x-700.urdf.xacro
[0.126s] -- Up-to-date symlink: /home/csrobot/flexbe_ws/install/tm_description/share/tm_description/xacro/tm5x-900.urdf.xacro
[0.158s] Invoked command in '/home/csrobot/flexbe_ws/build/tm_description' returned '0': CMAKE_PREFIX_PATH=${CMAKE_PREFIX_PATH}:/opt/ros/jazzy DEBUGINFOD_URLS=https://debuginfod.ubuntu.com /usr/bin/cmake --install /home/csrobot/flexbe_ws/build/tm_description
