[0.154s] Invoking command in '/home/csrobot/flexbe_ws/build/tm_msgs': CMAKE_PREFIX_PATH=${CMAKE_PREFIX_PATH}:/home/csrobot/flexbe_ws/install/flexbe_turtlesim_demo_flexbe_states:/home/csrobot/ros2_humble/install/quality_of_service_demo_py:/home/csrobot/ros2_humble/install/demo_nodes_py:/home/csrobot/ros2_humble/install/moveit_configs_utils:/home/csrobot/ros2_humble/install/rqt_bag_plugins:/home/csrobot/ros2_humble/install/rqt_bag:/home/csrobot/ros2_humble/install/launch_testing_examples:/home/csrobot/ros2_humble/install/ros2bag:/home/csrobot/ros2_humble/install/tracetools_test:/home/csrobot/ros2_humble/install/tracetools_launch:/home/csrobot/ros2_humble/install/topic_monitor:/home/csrobot/ros2_humble/install/tf2_tools:/home/csrobot/ros2_humble/install/examples_tf2_py:/home/csrobot/ros2_humble/install/tf2_ros_py:/home/csrobot/ros2_humble/install/sros2:/home/csrobot/ros2_humble/install/rqt_topic:/home/csrobot/ros2_humble/install/rqt_srv:/home/csrobot/ros2_humble/install/rqt_shell:/home/csrobot/ros2_humble/install/rqt_service_caller:/home/csrobot/ros2_humble/install/rqt_reconfigure:/home/csrobot/ros2_humble/install/rqt_py_console:/home/csrobot/ros2_humble/install/rqt_publisher:/home/csrobot/ros2_humble/install/rqt_plot:/home/csrobot/ros2_humble/install/rqt_action:/home/csrobot/ros2_humble/install/rqt_msg:/home/csrobot/ros2_humble/install/rqt_console:/home/csrobot/ros2_humble/install/rqt:/home/csrobot/ros2_humble/install/rqt_graph:/home/csrobot/ros2_humble/install/rqt_gui_py:/home/csrobot/ros2_humble/install/rqt_gui:/home/csrobot/ros2_humble/install/ros2trace:/home/csrobot/ros2_humble/install/ros2topic:/home/csrobot/ros2_humble/install/ros2test:/home/csrobot/ros2_humble/install/ros2component:/home/csrobot/ros2_humble/install/ros2param:/home/csrobot/ros2_humble/install/ros2lifecycle:/home/csrobot/ros2_humble/install/ros2service:/home/csrobot/ros2_humble/install/ros2run:/home/csrobot/ros2_humble/install/ros2launch:/home/csrobot/ros2_humble/install/ros2pkg:/home/csrobot/ros2_humble/install/ros2node:/home/csrobot/ros2_humble/install/ros2multicast:/home/csrobot/ros2_humble/install/ros2interface:/home/csrobot/ros2_humble/install/ros2doctor:/home/csrobot/ros2_humble/install/ros2action:/home/csrobot/ros2_humble/install/ros2cli:/home/csrobot/ros2_humble/install/lifecycle_py:/home/csrobot/ros2_humble/install/launch_testing_ros:/home/csrobot/ros2_humble/install/launch_ros:/home/csrobot/ros2_humble/install/examples_rclpy_pointcloud_publisher:/home/csrobot/ros2_humble/install/examples_rclpy_minimal_subscriber:/home/csrobot/ros2_humble/install/examples_rclpy_minimal_service:/home/csrobot/ros2_humble/install/examples_rclpy_minimal_publisher:/home/csrobot/ros2_humble/install/examples_rclpy_minimal_client:/home/csrobot/ros2_humble/install/examples_rclpy_minimal_action_server:/home/csrobot/ros2_humble/install/examples_rclpy_minimal_action_client:/home/csrobot/ros2_humble/install/examples_rclpy_guard_conditions:/home/csrobot/ros2_humble/install/examples_rclpy_executors:/home/csrobot/ros2_humble/install/camera_info_manager_py:/home/csrobot/ros2_humble/install/action_tutorials_py:/home/csrobot/ros2_humble/install/ament_uncrustify:/home/csrobot/ros2_humble/install/tracetools_trace:/home/csrobot/ros2_humble/install/tracetools_read:/home/csrobot/ros2_humble/install/test_tracetools_launch:/home/csrobot/ros2_humble/install/test_launch_ros:/home/csrobot/ros2_humble/install/sensor_msgs_py:/home/csrobot/ros2_humble/install/rpyutils:/home/csrobot/ros2_humble/install/rosidl_runtime_py:/home/csrobot/ros2_humble/install/rosidl_cli:/home/csrobot/ros2_humble/install/launch_pytest:/home/csrobot/ros2_humble/install/launch_testing:/home/csrobot/ros2_humble/install/launch_yaml:/home/csrobot/ros2_humble/install/launch_xml:/home/csrobot/ros2_humble/install/launch:/home/csrobot/ros2_humble/install/osrf_pycommon:/home/csrobot/ros2_humble/install/domain_coordinator:/home/csrobot/ros2_humble/install/ament_xmllint:/home/csrobot/ros2_humble/install/ament_pyflakes:/home/csrobot/ros2_humble/install/ament_pycodestyle:/home/csrobot/ros2_humble/install/ament_pep257:/home/csrobot/ros2_humble/install/ament_pclint:/home/csrobot/ros2_humble/install/ament_package:/home/csrobot/ros2_humble/install/ament_mypy:/home/csrobot/ros2_humble/install/ament_lint_cmake:/home/csrobot/ros2_humble/install/ament_flake8:/home/csrobot/ros2_humble/install/ament_copyright:/home/csrobot/ros2_humble/install/ament_lint:/home/csrobot/ros2_humble/install/ament_index_python:/home/csrobot/ros2_humble/install/ament_cpplint:/home/csrobot/ros2_humble/install/ament_cppcheck:/home/csrobot/ros2_humble/install/ament_clang_tidy:/home/csrobot/ros2_humble/install/ament_clang_format:/home/csrobot/flexbe_ws/install/tm_mod_urdf:/home/csrobot/flexbe_ws/install/tm_get_status:/home/csrobot/flexbe_ws/install/moveit_configs_utils:/home/csrobot/flexbe_ws/install/example_flexbe_states:/home/csrobot/flexbe_ws/install/compare_flexbe_states:/home/csrobot/flexbe_ws/install/flexbe_webui:/home/csrobot/flexbe_ws/install/flexbe_onboard:/home/csrobot/flexbe_ws/install/flexbe_states:/home/csrobot/flexbe_ws/install/flexbe_mirror:/home/csrobot/flexbe_ws/install/flexbe_input:/home/csrobot/flexbe_ws/install/flexbe_core:/opt/ros/humble /usr/bin/cmake --build /home/csrobot/flexbe_ws/build/tm_msgs -- -j8 -l8
[0.254s] [35m[1mConsolidate compiler generated dependencies of target tm_msgs__rosidl_generator_c[0m
[0.301s] [  0%] Built target tm_msgs__cpp
[0.309s] [ 12%] Built target tm_msgs__rosidl_generator_c
[0.323s] [ 12%] Built target ament_cmake_python_copy_tm_msgs
[0.345s] [35m[1mConsolidate compiler generated dependencies of target tm_msgs__rosidl_typesupport_cpp[0m
[0.345s] [35m[1mConsolidate compiler generated dependencies of target tm_msgs__rosidl_typesupport_introspection_cpp[0m
[0.354s] [35m[1mConsolidate compiler generated dependencies of target tm_msgs__rosidl_typesupport_fastrtps_c[0m
[0.358s] [35m[1mConsolidate compiler generated dependencies of target tm_msgs__rosidl_typesupport_fastrtps_cpp[0m
[0.379s] [35m[1mConsolidate compiler generated dependencies of target tm_msgs__rosidl_typesupport_introspection_c[0m
[0.390s] [35m[1mConsolidate compiler generated dependencies of target tm_msgs__rosidl_typesupport_c[0m
[0.412s] [ 24%] Built target tm_msgs__rosidl_typesupport_cpp
[0.412s] [ 36%] Built target tm_msgs__rosidl_typesupport_introspection_cpp
[0.424s] [ 48%] Built target tm_msgs__rosidl_typesupport_fastrtps_c
[0.433s] [ 60%] Built target tm_msgs__rosidl_typesupport_c
[0.435s] [ 72%] Built target tm_msgs__rosidl_typesupport_introspection_c
[0.441s] [ 83%] Built target tm_msgs__rosidl_typesupport_fastrtps_cpp
[0.485s] [ 83%] Built target tm_msgs
[0.530s] [ 84%] Built target tm_msgs__py
[0.561s] [35m[1mConsolidate compiler generated dependencies of target tm_msgs__rosidl_generator_py[0m
[0.595s] [ 95%] Built target tm_msgs__rosidl_generator_py
[0.624s] [35m[1mConsolidate compiler generated dependencies of target tm_msgs__rosidl_typesupport_introspection_c__pyext[0m
[0.640s] [35m[1mConsolidate compiler generated dependencies of target tm_msgs__rosidl_typesupport_fastrtps_c__pyext[0m
[0.658s] [35m[1mConsolidate compiler generated dependencies of target tm_msgs__rosidl_typesupport_c__pyext[0m
[0.673s] [ 97%] Built target tm_msgs__rosidl_typesupport_introspection_c__pyext
[0.687s] [ 99%] Built target tm_msgs__rosidl_typesupport_fastrtps_c__pyext
[0.697s] [100%] Built target tm_msgs__rosidl_typesupport_c__pyext
[0.930s] running egg_info
[0.931s] writing tm_msgs.egg-info/PKG-INFO
[0.931s] writing dependency_links to tm_msgs.egg-info/dependency_links.txt
[0.931s] writing top-level names to tm_msgs.egg-info/top_level.txt
[0.934s] reading manifest file 'tm_msgs.egg-info/SOURCES.txt'
[0.934s] writing manifest file 'tm_msgs.egg-info/SOURCES.txt'
[0.974s] [100%] Built target ament_cmake_python_build_tm_msgs_egg
[1.749s] Invoked command in '/home/csrobot/flexbe_ws/build/tm_msgs' returned '0': CMAKE_PREFIX_PATH=${CMAKE_PREFIX_PATH}:/home/csrobot/flexbe_ws/install/flexbe_turtlesim_demo_flexbe_states:/home/csrobot/ros2_humble/install/quality_of_service_demo_py:/home/csrobot/ros2_humble/install/demo_nodes_py:/home/csrobot/ros2_humble/install/moveit_configs_utils:/home/csrobot/ros2_humble/install/rqt_bag_plugins:/home/csrobot/ros2_humble/install/rqt_bag:/home/csrobot/ros2_humble/install/launch_testing_examples:/home/csrobot/ros2_humble/install/ros2bag:/home/csrobot/ros2_humble/install/tracetools_test:/home/csrobot/ros2_humble/install/tracetools_launch:/home/csrobot/ros2_humble/install/topic_monitor:/home/csrobot/ros2_humble/install/tf2_tools:/home/csrobot/ros2_humble/install/examples_tf2_py:/home/csrobot/ros2_humble/install/tf2_ros_py:/home/csrobot/ros2_humble/install/sros2:/home/csrobot/ros2_humble/install/rqt_topic:/home/csrobot/ros2_humble/install/rqt_srv:/home/csrobot/ros2_humble/install/rqt_shell:/home/csrobot/ros2_humble/install/rqt_service_caller:/home/csrobot/ros2_humble/install/rqt_reconfigure:/home/csrobot/ros2_humble/install/rqt_py_console:/home/csrobot/ros2_humble/install/rqt_publisher:/home/csrobot/ros2_humble/install/rqt_plot:/home/csrobot/ros2_humble/install/rqt_action:/home/csrobot/ros2_humble/install/rqt_msg:/home/csrobot/ros2_humble/install/rqt_console:/home/csrobot/ros2_humble/install/rqt:/home/csrobot/ros2_humble/install/rqt_graph:/home/csrobot/ros2_humble/install/rqt_gui_py:/home/csrobot/ros2_humble/install/rqt_gui:/home/csrobot/ros2_humble/install/ros2trace:/home/csrobot/ros2_humble/install/ros2topic:/home/csrobot/ros2_humble/install/ros2test:/home/csrobot/ros2_humble/install/ros2component:/home/csrobot/ros2_humble/install/ros2param:/home/csrobot/ros2_humble/install/ros2lifecycle:/home/csrobot/ros2_humble/install/ros2service:/home/csrobot/ros2_humble/install/ros2run:/home/csrobot/ros2_humble/install/ros2launch:/home/csrobot/ros2_humble/install/ros2pkg:/home/csrobot/ros2_humble/install/ros2node:/home/csrobot/ros2_humble/install/ros2multicast:/home/csrobot/ros2_humble/install/ros2interface:/home/csrobot/ros2_humble/install/ros2doctor:/home/csrobot/ros2_humble/install/ros2action:/home/csrobot/ros2_humble/install/ros2cli:/home/csrobot/ros2_humble/install/lifecycle_py:/home/csrobot/ros2_humble/install/launch_testing_ros:/home/csrobot/ros2_humble/install/launch_ros:/home/csrobot/ros2_humble/install/examples_rclpy_pointcloud_publisher:/home/csrobot/ros2_humble/install/examples_rclpy_minimal_subscriber:/home/csrobot/ros2_humble/install/examples_rclpy_minimal_service:/home/csrobot/ros2_humble/install/examples_rclpy_minimal_publisher:/home/csrobot/ros2_humble/install/examples_rclpy_minimal_client:/home/csrobot/ros2_humble/install/examples_rclpy_minimal_action_server:/home/csrobot/ros2_humble/install/examples_rclpy_minimal_action_client:/home/csrobot/ros2_humble/install/examples_rclpy_guard_conditions:/home/csrobot/ros2_humble/install/examples_rclpy_executors:/home/csrobot/ros2_humble/install/camera_info_manager_py:/home/csrobot/ros2_humble/install/action_tutorials_py:/home/csrobot/ros2_humble/install/ament_uncrustify:/home/csrobot/ros2_humble/install/tracetools_trace:/home/csrobot/ros2_humble/install/tracetools_read:/home/csrobot/ros2_humble/install/test_tracetools_launch:/home/csrobot/ros2_humble/install/test_launch_ros:/home/csrobot/ros2_humble/install/sensor_msgs_py:/home/csrobot/ros2_humble/install/rpyutils:/home/csrobot/ros2_humble/install/rosidl_runtime_py:/home/csrobot/ros2_humble/install/rosidl_cli:/home/csrobot/ros2_humble/install/launch_pytest:/home/csrobot/ros2_humble/install/launch_testing:/home/csrobot/ros2_humble/install/launch_yaml:/home/csrobot/ros2_humble/install/launch_xml:/home/csrobot/ros2_humble/install/launch:/home/csrobot/ros2_humble/install/osrf_pycommon:/home/csrobot/ros2_humble/install/domain_coordinator:/home/csrobot/ros2_humble/install/ament_xmllint:/home/csrobot/ros2_humble/install/ament_pyflakes:/home/csrobot/ros2_humble/install/ament_pycodestyle:/home/csrobot/ros2_humble/install/ament_pep257:/home/csrobot/ros2_humble/install/ament_pclint:/home/csrobot/ros2_humble/install/ament_package:/home/csrobot/ros2_humble/install/ament_mypy:/home/csrobot/ros2_humble/install/ament_lint_cmake:/home/csrobot/ros2_humble/install/ament_flake8:/home/csrobot/ros2_humble/install/ament_copyright:/home/csrobot/ros2_humble/install/ament_lint:/home/csrobot/ros2_humble/install/ament_index_python:/home/csrobot/ros2_humble/install/ament_cpplint:/home/csrobot/ros2_humble/install/ament_cppcheck:/home/csrobot/ros2_humble/install/ament_clang_tidy:/home/csrobot/ros2_humble/install/ament_clang_format:/home/csrobot/flexbe_ws/install/tm_mod_urdf:/home/csrobot/flexbe_ws/install/tm_get_status:/home/csrobot/flexbe_ws/install/moveit_configs_utils:/home/csrobot/flexbe_ws/install/example_flexbe_states:/home/csrobot/flexbe_ws/install/compare_flexbe_states:/home/csrobot/flexbe_ws/install/flexbe_webui:/home/csrobot/flexbe_ws/install/flexbe_onboard:/home/csrobot/flexbe_ws/install/flexbe_states:/home/csrobot/flexbe_ws/install/flexbe_mirror:/home/csrobot/flexbe_ws/install/flexbe_input:/home/csrobot/flexbe_ws/install/flexbe_core:/opt/ros/humble /usr/bin/cmake --build /home/csrobot/flexbe_ws/build/tm_msgs -- -j8 -l8
[1.750s] Invoking command in '/home/csrobot/flexbe_ws/build/tm_msgs': CMAKE_PREFIX_PATH=${CMAKE_PREFIX_PATH}:/home/csrobot/flexbe_ws/install/flexbe_turtlesim_demo_flexbe_states:/home/csrobot/ros2_humble/install/quality_of_service_demo_py:/home/csrobot/ros2_humble/install/demo_nodes_py:/home/csrobot/ros2_humble/install/moveit_configs_utils:/home/csrobot/ros2_humble/install/rqt_bag_plugins:/home/csrobot/ros2_humble/install/rqt_bag:/home/csrobot/ros2_humble/install/launch_testing_examples:/home/csrobot/ros2_humble/install/ros2bag:/home/csrobot/ros2_humble/install/tracetools_test:/home/csrobot/ros2_humble/install/tracetools_launch:/home/csrobot/ros2_humble/install/topic_monitor:/home/csrobot/ros2_humble/install/tf2_tools:/home/csrobot/ros2_humble/install/examples_tf2_py:/home/csrobot/ros2_humble/install/tf2_ros_py:/home/csrobot/ros2_humble/install/sros2:/home/csrobot/ros2_humble/install/rqt_topic:/home/csrobot/ros2_humble/install/rqt_srv:/home/csrobot/ros2_humble/install/rqt_shell:/home/csrobot/ros2_humble/install/rqt_service_caller:/home/csrobot/ros2_humble/install/rqt_reconfigure:/home/csrobot/ros2_humble/install/rqt_py_console:/home/csrobot/ros2_humble/install/rqt_publisher:/home/csrobot/ros2_humble/install/rqt_plot:/home/csrobot/ros2_humble/install/rqt_action:/home/csrobot/ros2_humble/install/rqt_msg:/home/csrobot/ros2_humble/install/rqt_console:/home/csrobot/ros2_humble/install/rqt:/home/csrobot/ros2_humble/install/rqt_graph:/home/csrobot/ros2_humble/install/rqt_gui_py:/home/csrobot/ros2_humble/install/rqt_gui:/home/csrobot/ros2_humble/install/ros2trace:/home/csrobot/ros2_humble/install/ros2topic:/home/csrobot/ros2_humble/install/ros2test:/home/csrobot/ros2_humble/install/ros2component:/home/csrobot/ros2_humble/install/ros2param:/home/csrobot/ros2_humble/install/ros2lifecycle:/home/csrobot/ros2_humble/install/ros2service:/home/csrobot/ros2_humble/install/ros2run:/home/csrobot/ros2_humble/install/ros2launch:/home/csrobot/ros2_humble/install/ros2pkg:/home/csrobot/ros2_humble/install/ros2node:/home/csrobot/ros2_humble/install/ros2multicast:/home/csrobot/ros2_humble/install/ros2interface:/home/csrobot/ros2_humble/install/ros2doctor:/home/csrobot/ros2_humble/install/ros2action:/home/csrobot/ros2_humble/install/ros2cli:/home/csrobot/ros2_humble/install/lifecycle_py:/home/csrobot/ros2_humble/install/launch_testing_ros:/home/csrobot/ros2_humble/install/launch_ros:/home/csrobot/ros2_humble/install/examples_rclpy_pointcloud_publisher:/home/csrobot/ros2_humble/install/examples_rclpy_minimal_subscriber:/home/csrobot/ros2_humble/install/examples_rclpy_minimal_service:/home/csrobot/ros2_humble/install/examples_rclpy_minimal_publisher:/home/csrobot/ros2_humble/install/examples_rclpy_minimal_client:/home/csrobot/ros2_humble/install/examples_rclpy_minimal_action_server:/home/csrobot/ros2_humble/install/examples_rclpy_minimal_action_client:/home/csrobot/ros2_humble/install/examples_rclpy_guard_conditions:/home/csrobot/ros2_humble/install/examples_rclpy_executors:/home/csrobot/ros2_humble/install/camera_info_manager_py:/home/csrobot/ros2_humble/install/action_tutorials_py:/home/csrobot/ros2_humble/install/ament_uncrustify:/home/csrobot/ros2_humble/install/tracetools_trace:/home/csrobot/ros2_humble/install/tracetools_read:/home/csrobot/ros2_humble/install/test_tracetools_launch:/home/csrobot/ros2_humble/install/test_launch_ros:/home/csrobot/ros2_humble/install/sensor_msgs_py:/home/csrobot/ros2_humble/install/rpyutils:/home/csrobot/ros2_humble/install/rosidl_runtime_py:/home/csrobot/ros2_humble/install/rosidl_cli:/home/csrobot/ros2_humble/install/launch_pytest:/home/csrobot/ros2_humble/install/launch_testing:/home/csrobot/ros2_humble/install/launch_yaml:/home/csrobot/ros2_humble/install/launch_xml:/home/csrobot/ros2_humble/install/launch:/home/csrobot/ros2_humble/install/osrf_pycommon:/home/csrobot/ros2_humble/install/domain_coordinator:/home/csrobot/ros2_humble/install/ament_xmllint:/home/csrobot/ros2_humble/install/ament_pyflakes:/home/csrobot/ros2_humble/install/ament_pycodestyle:/home/csrobot/ros2_humble/install/ament_pep257:/home/csrobot/ros2_humble/install/ament_pclint:/home/csrobot/ros2_humble/install/ament_package:/home/csrobot/ros2_humble/install/ament_mypy:/home/csrobot/ros2_humble/install/ament_lint_cmake:/home/csrobot/ros2_humble/install/ament_flake8:/home/csrobot/ros2_humble/install/ament_copyright:/home/csrobot/ros2_humble/install/ament_lint:/home/csrobot/ros2_humble/install/ament_index_python:/home/csrobot/ros2_humble/install/ament_cpplint:/home/csrobot/ros2_humble/install/ament_cppcheck:/home/csrobot/ros2_humble/install/ament_clang_tidy:/home/csrobot/ros2_humble/install/ament_clang_format:/home/csrobot/flexbe_ws/install/tm_mod_urdf:/home/csrobot/flexbe_ws/install/tm_get_status:/home/csrobot/flexbe_ws/install/moveit_configs_utils:/home/csrobot/flexbe_ws/install/example_flexbe_states:/home/csrobot/flexbe_ws/install/compare_flexbe_states:/home/csrobot/flexbe_ws/install/flexbe_webui:/home/csrobot/flexbe_ws/install/flexbe_onboard:/home/csrobot/flexbe_ws/install/flexbe_states:/home/csrobot/flexbe_ws/install/flexbe_mirror:/home/csrobot/flexbe_ws/install/flexbe_input:/home/csrobot/flexbe_ws/install/flexbe_core:/opt/ros/humble /usr/bin/cmake --install /home/csrobot/flexbe_ws/build/tm_msgs
[1.766s] -- Install configuration: ""
[1.766s] -- Up-to-date: /home/csrobot/flexbe_ws/install/tm_msgs/share/ament_index/resource_index/rosidl_interfaces/tm_msgs
[1.767s] -- Up-to-date: /home/csrobot/flexbe_ws/install/tm_msgs/include/tm_msgs/tm_msgs
[1.767s] -- Up-to-date: /home/csrobot/flexbe_ws/install/tm_msgs/include/tm_msgs/tm_msgs/msg
[1.767s] -- Up-to-date: /home/csrobot/flexbe_ws/install/tm_msgs/include/tm_msgs/tm_msgs/msg/feedback_state.h
[1.767s] -- Up-to-date: /home/csrobot/flexbe_ws/install/tm_msgs/include/tm_msgs/tm_msgs/msg/sct_response.h
[1.767s] -- Up-to-date: /home/csrobot/flexbe_ws/install/tm_msgs/include/tm_msgs/tm_msgs/msg/rosidl_generator_c__visibility_control.h
[1.767s] -- Up-to-date: /home/csrobot/flexbe_ws/install/tm_msgs/include/tm_msgs/tm_msgs/msg/sta_response.h
[1.767s] -- Up-to-date: /home/csrobot/flexbe_ws/install/tm_msgs/include/tm_msgs/tm_msgs/msg/detail
[1.767s] -- Up-to-date: /home/csrobot/flexbe_ws/install/tm_msgs/include/tm_msgs/tm_msgs/msg/detail/sct_response__type_support.h
[1.767s] -- Up-to-date: /home/csrobot/flexbe_ws/install/tm_msgs/include/tm_msgs/tm_msgs/msg/detail/sta_response__type_support.h
[1.767s] -- Up-to-date: /home/csrobot/flexbe_ws/install/tm_msgs/include/tm_msgs/tm_msgs/msg/detail/sct_response__functions.h
[1.767s] -- Up-to-date: /home/csrobot/flexbe_ws/install/tm_msgs/include/tm_msgs/tm_msgs/msg/detail/svr_response__functions.h
[1.768s] -- Up-to-date: /home/csrobot/flexbe_ws/install/tm_msgs/include/tm_msgs/tm_msgs/msg/detail/sta_response__functions.h
[1.768s] -- Up-to-date: /home/csrobot/flexbe_ws/install/tm_msgs/include/tm_msgs/tm_msgs/msg/detail/feedback_state__functions.c
[1.768s] -- Up-to-date: /home/csrobot/flexbe_ws/install/tm_msgs/include/tm_msgs/tm_msgs/msg/detail/sta_response__struct.h
[1.768s] -- Up-to-date: /home/csrobot/flexbe_ws/install/tm_msgs/include/tm_msgs/tm_msgs/msg/detail/sta_response__functions.c
[1.768s] -- Up-to-date: /home/csrobot/flexbe_ws/install/tm_msgs/include/tm_msgs/tm_msgs/msg/detail/feedback_state__type_support.h
[1.768s] -- Up-to-date: /home/csrobot/flexbe_ws/install/tm_msgs/include/tm_msgs/tm_msgs/msg/detail/feedback_state__functions.h
[1.768s] -- Up-to-date: /home/csrobot/flexbe_ws/install/tm_msgs/include/tm_msgs/tm_msgs/msg/detail/svr_response__struct.h
[1.768s] -- Up-to-date: /home/csrobot/flexbe_ws/install/tm_msgs/include/tm_msgs/tm_msgs/msg/detail/svr_response__functions.c
[1.768s] -- Up-to-date: /home/csrobot/flexbe_ws/install/tm_msgs/include/tm_msgs/tm_msgs/msg/detail/sct_response__struct.h
[1.768s] -- Up-to-date: /home/csrobot/flexbe_ws/install/tm_msgs/include/tm_msgs/tm_msgs/msg/detail/sct_response__functions.c
[1.768s] -- Up-to-date: /home/csrobot/flexbe_ws/install/tm_msgs/include/tm_msgs/tm_msgs/msg/detail/feedback_state__struct.h
[1.768s] -- Up-to-date: /home/csrobot/flexbe_ws/install/tm_msgs/include/tm_msgs/tm_msgs/msg/detail/svr_response__type_support.h
[1.768s] -- Up-to-date: /home/csrobot/flexbe_ws/install/tm_msgs/include/tm_msgs/tm_msgs/msg/svr_response.h
[1.768s] -- Up-to-date: /home/csrobot/flexbe_ws/install/tm_msgs/include/tm_msgs/tm_msgs/srv
[1.768s] -- Up-to-date: /home/csrobot/flexbe_ws/install/tm_msgs/include/tm_msgs/tm_msgs/srv/write_item.h
[1.768s] -- Up-to-date: /home/csrobot/flexbe_ws/install/tm_msgs/include/tm_msgs/tm_msgs/srv/set_event.h
[1.768s] -- Up-to-date: /home/csrobot/flexbe_ws/install/tm_msgs/include/tm_msgs/tm_msgs/srv/set_io.h
[1.768s] -- Up-to-date: /home/csrobot/flexbe_ws/install/tm_msgs/include/tm_msgs/tm_msgs/srv/ask_sta.h
[1.768s] -- Up-to-date: /home/csrobot/flexbe_ws/install/tm_msgs/include/tm_msgs/tm_msgs/srv/connect_tm.h
[1.768s] -- Up-to-date: /home/csrobot/flexbe_ws/install/tm_msgs/include/tm_msgs/tm_msgs/srv/send_script.h
[1.768s] -- Up-to-date: /home/csrobot/flexbe_ws/install/tm_msgs/include/tm_msgs/tm_msgs/srv/ask_item.h
[1.768s] -- Up-to-date: /home/csrobot/flexbe_ws/install/tm_msgs/include/tm_msgs/tm_msgs/srv/detail
[1.771s] -- Up-to-date: /home/csrobot/flexbe_ws/install/tm_msgs/include/tm_msgs/tm_msgs/srv/detail/connect_tm__type_support.h
[1.772s] -- Up-to-date: /home/csrobot/flexbe_ws/install/tm_msgs/include/tm_msgs/tm_msgs/srv/detail/send_script__functions.c
[1.773s] -- Up-to-date: /home/csrobot/flexbe_ws/install/tm_msgs/include/tm_msgs/tm_msgs/srv/detail/ask_item__type_support.h
[1.773s] -- Up-to-date: /home/csrobot/flexbe_ws/install/tm_msgs/include/tm_msgs/tm_msgs/srv/detail/set_io__functions.h
[1.774s] -- Up-to-date: /home/csrobot/flexbe_ws/install/tm_msgs/include/tm_msgs/tm_msgs/srv/detail/send_script__functions.h
[1.774s] -- Up-to-date: /home/csrobot/flexbe_ws/install/tm_msgs/include/tm_msgs/tm_msgs/srv/detail/connect_tm__functions.c
[1.775s] -- Up-to-date: /home/csrobot/flexbe_ws/install/tm_msgs/include/tm_msgs/tm_msgs/srv/detail/set_positions__type_support.h
[1.775s] -- Up-to-date: /home/csrobot/flexbe_ws/install/tm_msgs/include/tm_msgs/tm_msgs/srv/detail/ask_sta__type_support.h
[1.775s] -- Up-to-date: /home/csrobot/flexbe_ws/install/tm_msgs/include/tm_msgs/tm_msgs/srv/detail/ask_item__struct.h
[1.775s] -- Up-to-date: /home/csrobot/flexbe_ws/install/tm_msgs/include/tm_msgs/tm_msgs/srv/detail/set_io__functions.c
[1.775s] -- Up-to-date: /home/csrobot/flexbe_ws/install/tm_msgs/include/tm_msgs/tm_msgs/srv/detail/set_io__type_support.h
[1.775s] -- Up-to-date: /home/csrobot/flexbe_ws/install/tm_msgs/include/tm_msgs/tm_msgs/srv/detail/write_item__functions.c
[1.775s] -- Up-to-date: /home/csrobot/flexbe_ws/install/tm_msgs/include/tm_msgs/tm_msgs/srv/detail/connect_tm__functions.h
[1.775s] -- Up-to-date: /home/csrobot/flexbe_ws/install/tm_msgs/include/tm_msgs/tm_msgs/srv/detail/send_script__type_support.h
[1.775s] -- Up-to-date: /home/csrobot/flexbe_ws/install/tm_msgs/include/tm_msgs/tm_msgs/srv/detail/ask_sta__struct.h
[1.775s] -- Up-to-date: /home/csrobot/flexbe_ws/install/tm_msgs/include/tm_msgs/tm_msgs/srv/detail/set_positions__functions.h
[1.775s] -- Up-to-date: /home/csrobot/flexbe_ws/install/tm_msgs/include/tm_msgs/tm_msgs/srv/detail/ask_item__functions.c
[1.775s] -- Up-to-date: /home/csrobot/flexbe_ws/install/tm_msgs/include/tm_msgs/tm_msgs/srv/detail/ask_sta__functions.c
[1.775s] -- Up-to-date: /home/csrobot/flexbe_ws/install/tm_msgs/include/tm_msgs/tm_msgs/srv/detail/connect_tm__struct.h
[1.775s] -- Up-to-date: /home/csrobot/flexbe_ws/install/tm_msgs/include/tm_msgs/tm_msgs/srv/detail/set_io__struct.h
[1.775s] -- Up-to-date: /home/csrobot/flexbe_ws/install/tm_msgs/include/tm_msgs/tm_msgs/srv/detail/write_item__functions.h
[1.775s] -- Up-to-date: /home/csrobot/flexbe_ws/install/tm_msgs/include/tm_msgs/tm_msgs/srv/detail/set_event__functions.c
[1.775s] -- Up-to-date: /home/csrobot/flexbe_ws/install/tm_msgs/include/tm_msgs/tm_msgs/srv/detail/set_event__type_support.h
[1.775s] -- Up-to-date: /home/csrobot/flexbe_ws/install/tm_msgs/include/tm_msgs/tm_msgs/srv/detail/set_positions__struct.h
[1.775s] -- Up-to-date: /home/csrobot/flexbe_ws/install/tm_msgs/include/tm_msgs/tm_msgs/srv/detail/send_script__struct.h
[1.775s] -- Up-to-date: /home/csrobot/flexbe_ws/install/tm_msgs/include/tm_msgs/tm_msgs/srv/detail/set_positions__functions.c
[1.775s] -- Up-to-date: /home/csrobot/flexbe_ws/install/tm_msgs/include/tm_msgs/tm_msgs/srv/detail/set_event__struct.h
[1.775s] -- Up-to-date: /home/csrobot/flexbe_ws/install/tm_msgs/include/tm_msgs/tm_msgs/srv/detail/set_event__functions.h
[1.776s] -- Up-to-date: /home/csrobot/flexbe_ws/install/tm_msgs/include/tm_msgs/tm_msgs/srv/detail/ask_sta__functions.h
[1.776s] -- Up-to-date: /home/csrobot/flexbe_ws/install/tm_msgs/include/tm_msgs/tm_msgs/srv/detail/ask_item__functions.h
[1.776s] -- Up-to-date: /home/csrobot/flexbe_ws/install/tm_msgs/include/tm_msgs/tm_msgs/srv/detail/write_item__struct.h
[1.776s] -- Up-to-date: /home/csrobot/flexbe_ws/install/tm_msgs/include/tm_msgs/tm_msgs/srv/detail/write_item__type_support.h
[1.776s] -- Up-to-date: /home/csrobot/flexbe_ws/install/tm_msgs/include/tm_msgs/tm_msgs/srv/set_positions.h
[1.776s] -- Up-to-date: /home/csrobot/flexbe_ws/install/tm_msgs/share/tm_msgs/environment/library_path.sh
[1.776s] -- Up-to-date: /home/csrobot/flexbe_ws/install/tm_msgs/share/tm_msgs/environment/library_path.dsv
[1.776s] -- Up-to-date: /home/csrobot/flexbe_ws/install/tm_msgs/lib/libtm_msgs__rosidl_generator_c.so
[1.776s] -- Up-to-date: /home/csrobot/flexbe_ws/install/tm_msgs/include/tm_msgs/tm_msgs
[1.777s] -- Up-to-date: /home/csrobot/flexbe_ws/install/tm_msgs/include/tm_msgs/tm_msgs/msg
[1.777s] -- Up-to-date: /home/csrobot/flexbe_ws/install/tm_msgs/include/tm_msgs/tm_msgs/msg/rosidl_typesupport_fastrtps_c__visibility_control.h
[1.777s] -- Up-to-date: /home/csrobot/flexbe_ws/install/tm_msgs/include/tm_msgs/tm_msgs/msg/detail
[1.777s] -- Up-to-date: /home/csrobot/flexbe_ws/install/tm_msgs/include/tm_msgs/tm_msgs/msg/detail/feedback_state__rosidl_typesupport_fastrtps_c.h
[1.777s] -- Up-to-date: /home/csrobot/flexbe_ws/install/tm_msgs/include/tm_msgs/tm_msgs/msg/detail/sta_response__rosidl_typesupport_fastrtps_c.h
[1.779s] -- Up-to-date: /home/csrobot/flexbe_ws/install/tm_msgs/include/tm_msgs/tm_msgs/msg/detail/svr_response__rosidl_typesupport_fastrtps_c.h
[1.779s] -- Up-to-date: /home/csrobot/flexbe_ws/install/tm_msgs/include/tm_msgs/tm_msgs/msg/detail/sct_response__rosidl_typesupport_fastrtps_c.h
[1.779s] -- Up-to-date: /home/csrobot/flexbe_ws/install/tm_msgs/include/tm_msgs/tm_msgs/srv
[1.779s] -- Up-to-date: /home/csrobot/flexbe_ws/install/tm_msgs/include/tm_msgs/tm_msgs/srv/detail
[1.779s] -- Up-to-date: /home/csrobot/flexbe_ws/install/tm_msgs/include/tm_msgs/tm_msgs/srv/detail/connect_tm__rosidl_typesupport_fastrtps_c.h
[1.779s] -- Up-to-date: /home/csrobot/flexbe_ws/install/tm_msgs/include/tm_msgs/tm_msgs/srv/detail/send_script__rosidl_typesupport_fastrtps_c.h
[1.779s] -- Up-to-date: /home/csrobot/flexbe_ws/install/tm_msgs/include/tm_msgs/tm_msgs/srv/detail/set_positions__rosidl_typesupport_fastrtps_c.h
[1.779s] -- Up-to-date: /home/csrobot/flexbe_ws/install/tm_msgs/include/tm_msgs/tm_msgs/srv/detail/ask_item__rosidl_typesupport_fastrtps_c.h
[1.779s] -- Up-to-date: /home/csrobot/flexbe_ws/install/tm_msgs/include/tm_msgs/tm_msgs/srv/detail/write_item__rosidl_typesupport_fastrtps_c.h
[1.779s] -- Up-to-date: /home/csrobot/flexbe_ws/install/tm_msgs/include/tm_msgs/tm_msgs/srv/detail/set_event__rosidl_typesupport_fastrtps_c.h
[1.779s] -- Up-to-date: /home/csrobot/flexbe_ws/install/tm_msgs/include/tm_msgs/tm_msgs/srv/detail/ask_sta__rosidl_typesupport_fastrtps_c.h
[1.779s] -- Up-to-date: /home/csrobot/flexbe_ws/install/tm_msgs/include/tm_msgs/tm_msgs/srv/detail/set_io__rosidl_typesupport_fastrtps_c.h
[1.779s] -- Up-to-date: /home/csrobot/flexbe_ws/install/tm_msgs/lib/libtm_msgs__rosidl_typesupport_fastrtps_c.so
[1.788s] -- Up-to-date: /home/csrobot/flexbe_ws/install/tm_msgs/include/tm_msgs/tm_msgs
[1.788s] -- Up-to-date: /home/csrobot/flexbe_ws/install/tm_msgs/include/tm_msgs/tm_msgs/msg
[1.788s] -- Up-to-date: /home/csrobot/flexbe_ws/install/tm_msgs/include/tm_msgs/tm_msgs/msg/sct_response.hpp
[1.788s] -- Up-to-date: /home/csrobot/flexbe_ws/install/tm_msgs/include/tm_msgs/tm_msgs/msg/sta_response.hpp
[1.788s] -- Up-to-date: /home/csrobot/flexbe_ws/install/tm_msgs/include/tm_msgs/tm_msgs/msg/feedback_state.hpp
[1.788s] -- Up-to-date: /home/csrobot/flexbe_ws/install/tm_msgs/include/tm_msgs/tm_msgs/msg/svr_response.hpp
[1.788s] -- Up-to-date: /home/csrobot/flexbe_ws/install/tm_msgs/include/tm_msgs/tm_msgs/msg/rosidl_generator_cpp__visibility_control.hpp
[1.788s] -- Up-to-date: /home/csrobot/flexbe_ws/install/tm_msgs/include/tm_msgs/tm_msgs/msg/detail
[1.788s] -- Up-to-date: /home/csrobot/flexbe_ws/install/tm_msgs/include/tm_msgs/tm_msgs/msg/detail/sta_response__traits.hpp
[1.793s] -- Up-to-date: /home/csrobot/flexbe_ws/install/tm_msgs/include/tm_msgs/tm_msgs/msg/detail/svr_response__builder.hpp
[1.793s] -- Up-to-date: /home/csrobot/flexbe_ws/install/tm_msgs/include/tm_msgs/tm_msgs/msg/detail/sct_response__builder.hpp
[1.793s] -- Up-to-date: /home/csrobot/flexbe_ws/install/tm_msgs/include/tm_msgs/tm_msgs/msg/detail/svr_response__type_support.hpp
[1.793s] -- Up-to-date: /home/csrobot/flexbe_ws/install/tm_msgs/include/tm_msgs/tm_msgs/msg/detail/svr_response__traits.hpp
[1.793s] -- Up-to-date: /home/csrobot/flexbe_ws/install/tm_msgs/include/tm_msgs/tm_msgs/msg/detail/feedback_state__type_support.hpp
[1.793s] -- Up-to-date: /home/csrobot/flexbe_ws/install/tm_msgs/include/tm_msgs/tm_msgs/msg/detail/sta_response__builder.hpp
[1.793s] -- Up-to-date: /home/csrobot/flexbe_ws/install/tm_msgs/include/tm_msgs/tm_msgs/msg/detail/sta_response__struct.hpp
[1.793s] -- Up-to-date: /home/csrobot/flexbe_ws/install/tm_msgs/include/tm_msgs/tm_msgs/msg/detail/sct_response__traits.hpp
[1.793s] -- Up-to-date: /home/csrobot/flexbe_ws/install/tm_msgs/include/tm_msgs/tm_msgs/msg/detail/feedback_state__struct.hpp
[1.793s] -- Up-to-date: /home/csrobot/flexbe_ws/install/tm_msgs/include/tm_msgs/tm_msgs/msg/detail/sta_response__type_support.hpp
[1.793s] -- Up-to-date: /home/csrobot/flexbe_ws/install/tm_msgs/include/tm_msgs/tm_msgs/msg/detail/sct_response__type_support.hpp
[1.793s] -- Up-to-date: /home/csrobot/flexbe_ws/install/tm_msgs/include/tm_msgs/tm_msgs/msg/detail/sct_response__struct.hpp
[1.793s] -- Up-to-date: /home/csrobot/flexbe_ws/install/tm_msgs/include/tm_msgs/tm_msgs/msg/detail/feedback_state__builder.hpp
[1.793s] -- Up-to-date: /home/csrobot/flexbe_ws/install/tm_msgs/include/tm_msgs/tm_msgs/msg/detail/feedback_state__traits.hpp
[1.793s] -- Up-to-date: /home/csrobot/flexbe_ws/install/tm_msgs/include/tm_msgs/tm_msgs/msg/detail/svr_response__struct.hpp
[1.793s] -- Up-to-date: /home/csrobot/flexbe_ws/install/tm_msgs/include/tm_msgs/tm_msgs/srv
[1.793s] -- Up-to-date: /home/csrobot/flexbe_ws/install/tm_msgs/include/tm_msgs/tm_msgs/srv/set_io.hpp
[1.793s] -- Up-to-date: /home/csrobot/flexbe_ws/install/tm_msgs/include/tm_msgs/tm_msgs/srv/write_item.hpp
[1.793s] -- Up-to-date: /home/csrobot/flexbe_ws/install/tm_msgs/include/tm_msgs/tm_msgs/srv/set_positions.hpp
[1.793s] -- Up-to-date: /home/csrobot/flexbe_ws/install/tm_msgs/include/tm_msgs/tm_msgs/srv/connect_tm.hpp
[1.793s] -- Up-to-date: /home/csrobot/flexbe_ws/install/tm_msgs/include/tm_msgs/tm_msgs/srv/send_script.hpp
[1.793s] -- Up-to-date: /home/csrobot/flexbe_ws/install/tm_msgs/include/tm_msgs/tm_msgs/srv/ask_sta.hpp
[1.793s] -- Up-to-date: /home/csrobot/flexbe_ws/install/tm_msgs/include/tm_msgs/tm_msgs/srv/detail
[1.794s] -- Up-to-date: /home/csrobot/flexbe_ws/install/tm_msgs/include/tm_msgs/tm_msgs/srv/detail/ask_sta__struct.hpp
[1.794s] -- Up-to-date: /home/csrobot/flexbe_ws/install/tm_msgs/include/tm_msgs/tm_msgs/srv/detail/set_positions__struct.hpp
[1.794s] -- Up-to-date: /home/csrobot/flexbe_ws/install/tm_msgs/include/tm_msgs/tm_msgs/srv/detail/ask_sta__type_support.hpp
[1.794s] -- Up-to-date: /home/csrobot/flexbe_ws/install/tm_msgs/include/tm_msgs/tm_msgs/srv/detail/set_io__type_support.hpp
[1.794s] -- Up-to-date: /home/csrobot/flexbe_ws/install/tm_msgs/include/tm_msgs/tm_msgs/srv/detail/ask_item__type_support.hpp
[1.794s] -- Up-to-date: /home/csrobot/flexbe_ws/install/tm_msgs/include/tm_msgs/tm_msgs/srv/detail/send_script__type_support.hpp
[1.794s] -- Up-to-date: /home/csrobot/flexbe_ws/install/tm_msgs/include/tm_msgs/tm_msgs/srv/detail/set_event__struct.hpp
[1.794s] -- Up-to-date: /home/csrobot/flexbe_ws/install/tm_msgs/include/tm_msgs/tm_msgs/srv/detail/connect_tm__struct.hpp
[1.794s] -- Up-to-date: /home/csrobot/flexbe_ws/install/tm_msgs/include/tm_msgs/tm_msgs/srv/detail/connect_tm__traits.hpp
[1.794s] -- Up-to-date: /home/csrobot/flexbe_ws/install/tm_msgs/include/tm_msgs/tm_msgs/srv/detail/set_event__traits.hpp
[1.794s] -- Up-to-date: /home/csrobot/flexbe_ws/install/tm_msgs/include/tm_msgs/tm_msgs/srv/detail/set_event__type_support.hpp
[1.794s] -- Up-to-date: /home/csrobot/flexbe_ws/install/tm_msgs/include/tm_msgs/tm_msgs/srv/detail/ask_sta__traits.hpp
[1.794s] -- Up-to-date: /home/csrobot/flexbe_ws/install/tm_msgs/include/tm_msgs/tm_msgs/srv/detail/set_positions__builder.hpp
[1.794s] -- Up-to-date: /home/csrobot/flexbe_ws/install/tm_msgs/include/tm_msgs/tm_msgs/srv/detail/ask_item__struct.hpp
[1.794s] -- Up-to-date: /home/csrobot/flexbe_ws/install/tm_msgs/include/tm_msgs/tm_msgs/srv/detail/set_event__builder.hpp
[1.794s] -- Up-to-date: /home/csrobot/flexbe_ws/install/tm_msgs/include/tm_msgs/tm_msgs/srv/detail/write_item__type_support.hpp
[1.794s] -- Up-to-date: /home/csrobot/flexbe_ws/install/tm_msgs/include/tm_msgs/tm_msgs/srv/detail/send_script__struct.hpp
[1.794s] -- Up-to-date: /home/csrobot/flexbe_ws/install/tm_msgs/include/tm_msgs/tm_msgs/srv/detail/send_script__traits.hpp
[1.794s] -- Up-to-date: /home/csrobot/flexbe_ws/install/tm_msgs/include/tm_msgs/tm_msgs/srv/detail/set_positions__traits.hpp
[1.794s] -- Up-to-date: /home/csrobot/flexbe_ws/install/tm_msgs/include/tm_msgs/tm_msgs/srv/detail/connect_tm__type_support.hpp
[1.794s] -- Up-to-date: /home/csrobot/flexbe_ws/install/tm_msgs/include/tm_msgs/tm_msgs/srv/detail/ask_sta__builder.hpp
[1.794s] -- Up-to-date: /home/csrobot/flexbe_ws/install/tm_msgs/include/tm_msgs/tm_msgs/srv/detail/connect_tm__builder.hpp
[1.794s] -- Up-to-date: /home/csrobot/flexbe_ws/install/tm_msgs/include/tm_msgs/tm_msgs/srv/detail/ask_item__builder.hpp
[1.794s] -- Up-to-date: /home/csrobot/flexbe_ws/install/tm_msgs/include/tm_msgs/tm_msgs/srv/detail/write_item__struct.hpp
[1.795s] -- Up-to-date: /home/csrobot/flexbe_ws/install/tm_msgs/include/tm_msgs/tm_msgs/srv/detail/set_io__builder.hpp
[1.795s] -- Up-to-date: /home/csrobot/flexbe_ws/install/tm_msgs/include/tm_msgs/tm_msgs/srv/detail/write_item__builder.hpp
[1.795s] -- Up-to-date: /home/csrobot/flexbe_ws/install/tm_msgs/include/tm_msgs/tm_msgs/srv/detail/send_script__builder.hpp
[1.795s] -- Up-to-date: /home/csrobot/flexbe_ws/install/tm_msgs/include/tm_msgs/tm_msgs/srv/detail/ask_item__traits.hpp
[1.795s] -- Up-to-date: /home/csrobot/flexbe_ws/install/tm_msgs/include/tm_msgs/tm_msgs/srv/detail/set_io__traits.hpp
[1.795s] -- Up-to-date: /home/csrobot/flexbe_ws/install/tm_msgs/include/tm_msgs/tm_msgs/srv/detail/set_io__struct.hpp
[1.795s] -- Up-to-date: /home/csrobot/flexbe_ws/install/tm_msgs/include/tm_msgs/tm_msgs/srv/detail/write_item__traits.hpp
[1.795s] -- Up-to-date: /home/csrobot/flexbe_ws/install/tm_msgs/include/tm_msgs/tm_msgs/srv/detail/set_positions__type_support.hpp
[1.795s] -- Up-to-date: /home/csrobot/flexbe_ws/install/tm_msgs/include/tm_msgs/tm_msgs/srv/set_event.hpp
[1.795s] -- Up-to-date: /home/csrobot/flexbe_ws/install/tm_msgs/include/tm_msgs/tm_msgs/srv/ask_item.hpp
[1.795s] -- Up-to-date: /home/csrobot/flexbe_ws/install/tm_msgs/include/tm_msgs/tm_msgs
[1.795s] -- Up-to-date: /home/csrobot/flexbe_ws/install/tm_msgs/include/tm_msgs/tm_msgs/msg
[1.801s] -- Up-to-date: /home/csrobot/flexbe_ws/install/tm_msgs/include/tm_msgs/tm_msgs/msg/rosidl_typesupport_fastrtps_cpp__visibility_control.h
[1.801s] -- Up-to-date: /home/csrobot/flexbe_ws/install/tm_msgs/include/tm_msgs/tm_msgs/msg/detail
[1.801s] -- Up-to-date: /home/csrobot/flexbe_ws/install/tm_msgs/include/tm_msgs/tm_msgs/msg/detail/svr_response__rosidl_typesupport_fastrtps_cpp.hpp
[1.801s] -- Up-to-date: /home/csrobot/flexbe_ws/install/tm_msgs/include/tm_msgs/tm_msgs/msg/detail/sct_response__rosidl_typesupport_fastrtps_cpp.hpp
[1.801s] -- Up-to-date: /home/csrobot/flexbe_ws/install/tm_msgs/include/tm_msgs/tm_msgs/msg/detail/sta_response__rosidl_typesupport_fastrtps_cpp.hpp
[1.801s] -- Up-to-date: /home/csrobot/flexbe_ws/install/tm_msgs/include/tm_msgs/tm_msgs/msg/detail/feedback_state__rosidl_typesupport_fastrtps_cpp.hpp
[1.801s] -- Up-to-date: /home/csrobot/flexbe_ws/install/tm_msgs/include/tm_msgs/tm_msgs/msg/detail/dds_fastrtps
[1.802s] -- Up-to-date: /home/csrobot/flexbe_ws/install/tm_msgs/include/tm_msgs/tm_msgs/srv
[1.802s] -- Up-to-date: /home/csrobot/flexbe_ws/install/tm_msgs/include/tm_msgs/tm_msgs/srv/detail
[1.802s] -- Up-to-date: /home/csrobot/flexbe_ws/install/tm_msgs/include/tm_msgs/tm_msgs/srv/detail/ask_sta__rosidl_typesupport_fastrtps_cpp.hpp
[1.802s] -- Up-to-date: /home/csrobot/flexbe_ws/install/tm_msgs/include/tm_msgs/tm_msgs/srv/detail/set_positions__rosidl_typesupport_fastrtps_cpp.hpp
[1.803s] -- Up-to-date: /home/csrobot/flexbe_ws/install/tm_msgs/include/tm_msgs/tm_msgs/srv/detail/connect_tm__rosidl_typesupport_fastrtps_cpp.hpp
[1.803s] -- Up-to-date: /home/csrobot/flexbe_ws/install/tm_msgs/include/tm_msgs/tm_msgs/srv/detail/ask_item__rosidl_typesupport_fastrtps_cpp.hpp
[1.809s] -- Up-to-date: /home/csrobot/flexbe_ws/install/tm_msgs/include/tm_msgs/tm_msgs/srv/detail/write_item__rosidl_typesupport_fastrtps_cpp.hpp
[1.809s] -- Up-to-date: /home/csrobot/flexbe_ws/install/tm_msgs/include/tm_msgs/tm_msgs/srv/detail/set_io__rosidl_typesupport_fastrtps_cpp.hpp
[1.809s] -- Up-to-date: /home/csrobot/flexbe_ws/install/tm_msgs/include/tm_msgs/tm_msgs/srv/detail/send_script__rosidl_typesupport_fastrtps_cpp.hpp
[1.809s] -- Up-to-date: /home/csrobot/flexbe_ws/install/tm_msgs/include/tm_msgs/tm_msgs/srv/detail/set_event__rosidl_typesupport_fastrtps_cpp.hpp
[1.809s] -- Up-to-date: /home/csrobot/flexbe_ws/install/tm_msgs/include/tm_msgs/tm_msgs/srv/detail/dds_fastrtps
[1.809s] -- Up-to-date: /home/csrobot/flexbe_ws/install/tm_msgs/lib/libtm_msgs__rosidl_typesupport_fastrtps_cpp.so
[1.809s] -- Up-to-date: /home/csrobot/flexbe_ws/install/tm_msgs/include/tm_msgs/tm_msgs
[1.809s] -- Up-to-date: /home/csrobot/flexbe_ws/install/tm_msgs/include/tm_msgs/tm_msgs/msg
[1.809s] -- Up-to-date: /home/csrobot/flexbe_ws/install/tm_msgs/include/tm_msgs/tm_msgs/msg/rosidl_typesupport_introspection_c__visibility_control.h
[1.809s] -- Up-to-date: /home/csrobot/flexbe_ws/install/tm_msgs/include/tm_msgs/tm_msgs/msg/detail
[1.809s] -- Up-to-date: /home/csrobot/flexbe_ws/install/tm_msgs/include/tm_msgs/tm_msgs/msg/detail/feedback_state__rosidl_typesupport_introspection_c.h
[1.809s] -- Up-to-date: /home/csrobot/flexbe_ws/install/tm_msgs/include/tm_msgs/tm_msgs/msg/detail/sta_response__rosidl_typesupport_introspection_c.h
[1.809s] -- Up-to-date: /home/csrobot/flexbe_ws/install/tm_msgs/include/tm_msgs/tm_msgs/msg/detail/sta_response__type_support.c
[1.809s] -- Up-to-date: /home/csrobot/flexbe_ws/install/tm_msgs/include/tm_msgs/tm_msgs/msg/detail/feedback_state__type_support.c
[1.809s] -- Up-to-date: /home/csrobot/flexbe_ws/install/tm_msgs/include/tm_msgs/tm_msgs/msg/detail/svr_response__rosidl_typesupport_introspection_c.h
[1.809s] -- Up-to-date: /home/csrobot/flexbe_ws/install/tm_msgs/include/tm_msgs/tm_msgs/msg/detail/svr_response__type_support.c
[1.809s] -- Up-to-date: /home/csrobot/flexbe_ws/install/tm_msgs/include/tm_msgs/tm_msgs/msg/detail/sct_response__type_support.c
[1.809s] -- Up-to-date: /home/csrobot/flexbe_ws/install/tm_msgs/include/tm_msgs/tm_msgs/msg/detail/sct_response__rosidl_typesupport_introspection_c.h
[1.809s] -- Up-to-date: /home/csrobot/flexbe_ws/install/tm_msgs/include/tm_msgs/tm_msgs/srv
[1.810s] -- Up-to-date: /home/csrobot/flexbe_ws/install/tm_msgs/include/tm_msgs/tm_msgs/srv/detail
[1.810s] -- Up-to-date: /home/csrobot/flexbe_ws/install/tm_msgs/include/tm_msgs/tm_msgs/srv/detail/set_positions__rosidl_typesupport_introspection_c.h
[1.810s] -- Up-to-date: /home/csrobot/flexbe_ws/install/tm_msgs/include/tm_msgs/tm_msgs/srv/detail/write_item__rosidl_typesupport_introspection_c.h
[1.810s] -- Up-to-date: /home/csrobot/flexbe_ws/install/tm_msgs/include/tm_msgs/tm_msgs/srv/detail/ask_item__rosidl_typesupport_introspection_c.h
[1.810s] -- Up-to-date: /home/csrobot/flexbe_ws/install/tm_msgs/include/tm_msgs/tm_msgs/srv/detail/set_event__type_support.c
[1.810s] -- Up-to-date: /home/csrobot/flexbe_ws/install/tm_msgs/include/tm_msgs/tm_msgs/srv/detail/send_script__rosidl_typesupport_introspection_c.h
[1.810s] -- Up-to-date: /home/csrobot/flexbe_ws/install/tm_msgs/include/tm_msgs/tm_msgs/srv/detail/set_io__rosidl_typesupport_introspection_c.h
[1.810s] -- Up-to-date: /home/csrobot/flexbe_ws/install/tm_msgs/include/tm_msgs/tm_msgs/srv/detail/ask_sta__type_support.c
[1.810s] -- Up-to-date: /home/csrobot/flexbe_ws/install/tm_msgs/include/tm_msgs/tm_msgs/srv/detail/send_script__type_support.c
[1.810s] -- Up-to-date: /home/csrobot/flexbe_ws/install/tm_msgs/include/tm_msgs/tm_msgs/srv/detail/set_event__rosidl_typesupport_introspection_c.h
[1.810s] -- Up-to-date: /home/csrobot/flexbe_ws/install/tm_msgs/include/tm_msgs/tm_msgs/srv/detail/ask_sta__rosidl_typesupport_introspection_c.h
[1.810s] -- Up-to-date: /home/csrobot/flexbe_ws/install/tm_msgs/include/tm_msgs/tm_msgs/srv/detail/connect_tm__type_support.c
[1.810s] -- Up-to-date: /home/csrobot/flexbe_ws/install/tm_msgs/include/tm_msgs/tm_msgs/srv/detail/set_io__type_support.c
[1.810s] -- Up-to-date: /home/csrobot/flexbe_ws/install/tm_msgs/include/tm_msgs/tm_msgs/srv/detail/ask_item__type_support.c
[1.810s] -- Up-to-date: /home/csrobot/flexbe_ws/install/tm_msgs/include/tm_msgs/tm_msgs/srv/detail/write_item__type_support.c
[1.810s] -- Up-to-date: /home/csrobot/flexbe_ws/install/tm_msgs/include/tm_msgs/tm_msgs/srv/detail/connect_tm__rosidl_typesupport_introspection_c.h
[1.810s] -- Up-to-date: /home/csrobot/flexbe_ws/install/tm_msgs/include/tm_msgs/tm_msgs/srv/detail/set_positions__type_support.c
[1.810s] -- Up-to-date: /home/csrobot/flexbe_ws/install/tm_msgs/lib/libtm_msgs__rosidl_typesupport_introspection_c.so
[1.810s] -- Up-to-date: /home/csrobot/flexbe_ws/install/tm_msgs/lib/libtm_msgs__rosidl_typesupport_c.so
[1.810s] -- Up-to-date: /home/csrobot/flexbe_ws/install/tm_msgs/include/tm_msgs/tm_msgs
[1.811s] -- Up-to-date: /home/csrobot/flexbe_ws/install/tm_msgs/include/tm_msgs/tm_msgs/msg
[1.811s] -- Up-to-date: /home/csrobot/flexbe_ws/install/tm_msgs/include/tm_msgs/tm_msgs/msg/detail
[1.811s] -- Up-to-date: /home/csrobot/flexbe_ws/install/tm_msgs/include/tm_msgs/tm_msgs/msg/detail/sta_response__rosidl_typesupport_introspection_cpp.hpp
[1.811s] -- Up-to-date: /home/csrobot/flexbe_ws/install/tm_msgs/include/tm_msgs/tm_msgs/msg/detail/feedback_state__type_support.cpp
[1.811s] -- Up-to-date: /home/csrobot/flexbe_ws/install/tm_msgs/include/tm_msgs/tm_msgs/msg/detail/feedback_state__rosidl_typesupport_introspection_cpp.hpp
[1.811s] -- Up-to-date: /home/csrobot/flexbe_ws/install/tm_msgs/include/tm_msgs/tm_msgs/msg/detail/sct_response__type_support.cpp
[1.811s] -- Up-to-date: /home/csrobot/flexbe_ws/install/tm_msgs/include/tm_msgs/tm_msgs/msg/detail/svr_response__type_support.cpp
[1.811s] -- Up-to-date: /home/csrobot/flexbe_ws/install/tm_msgs/include/tm_msgs/tm_msgs/msg/detail/sct_response__rosidl_typesupport_introspection_cpp.hpp
[1.811s] -- Up-to-date: /home/csrobot/flexbe_ws/install/tm_msgs/include/tm_msgs/tm_msgs/msg/detail/sta_response__type_support.cpp
[1.811s] -- Up-to-date: /home/csrobot/flexbe_ws/install/tm_msgs/include/tm_msgs/tm_msgs/msg/detail/svr_response__rosidl_typesupport_introspection_cpp.hpp
[1.811s] -- Up-to-date: /home/csrobot/flexbe_ws/install/tm_msgs/include/tm_msgs/tm_msgs/srv
[1.811s] -- Up-to-date: /home/csrobot/flexbe_ws/install/tm_msgs/include/tm_msgs/tm_msgs/srv/detail
[1.811s] -- Up-to-date: /home/csrobot/flexbe_ws/install/tm_msgs/include/tm_msgs/tm_msgs/srv/detail/ask_item__rosidl_typesupport_introspection_cpp.hpp
[1.811s] -- Up-to-date: /home/csrobot/flexbe_ws/install/tm_msgs/include/tm_msgs/tm_msgs/srv/detail/set_io__rosidl_typesupport_introspection_cpp.hpp
[1.811s] -- Up-to-date: /home/csrobot/flexbe_ws/install/tm_msgs/include/tm_msgs/tm_msgs/srv/detail/send_script__type_support.cpp
[1.811s] -- Up-to-date: /home/csrobot/flexbe_ws/install/tm_msgs/include/tm_msgs/tm_msgs/srv/detail/send_script__rosidl_typesupport_introspection_cpp.hpp
[1.811s] -- Up-to-date: /home/csrobot/flexbe_ws/install/tm_msgs/include/tm_msgs/tm_msgs/srv/detail/ask_item__type_support.cpp
[1.811s] -- Up-to-date: /home/csrobot/flexbe_ws/install/tm_msgs/include/tm_msgs/tm_msgs/srv/detail/set_positions__rosidl_typesupport_introspection_cpp.hpp
[1.811s] -- Up-to-date: /home/csrobot/flexbe_ws/install/tm_msgs/include/tm_msgs/tm_msgs/srv/detail/write_item__type_support.cpp
[1.812s] -- Up-to-date: /home/csrobot/flexbe_ws/install/tm_msgs/include/tm_msgs/tm_msgs/srv/detail/connect_tm__type_support.cpp
[1.812s] -- Up-to-date: /home/csrobot/flexbe_ws/install/tm_msgs/include/tm_msgs/tm_msgs/srv/detail/set_event__type_support.cpp
[1.812s] -- Up-to-date: /home/csrobot/flexbe_ws/install/tm_msgs/include/tm_msgs/tm_msgs/srv/detail/set_positions__type_support.cpp
[1.812s] -- Up-to-date: /home/csrobot/flexbe_ws/install/tm_msgs/include/tm_msgs/tm_msgs/srv/detail/connect_tm__rosidl_typesupport_introspection_cpp.hpp
[1.812s] -- Up-to-date: /home/csrobot/flexbe_ws/install/tm_msgs/include/tm_msgs/tm_msgs/srv/detail/set_event__rosidl_typesupport_introspection_cpp.hpp
[1.812s] -- Up-to-date: /home/csrobot/flexbe_ws/install/tm_msgs/include/tm_msgs/tm_msgs/srv/detail/ask_sta__rosidl_typesupport_introspection_cpp.hpp
[1.812s] -- Up-to-date: /home/csrobot/flexbe_ws/install/tm_msgs/include/tm_msgs/tm_msgs/srv/detail/write_item__rosidl_typesupport_introspection_cpp.hpp
[1.812s] -- Up-to-date: /home/csrobot/flexbe_ws/install/tm_msgs/include/tm_msgs/tm_msgs/srv/detail/set_io__type_support.cpp
[1.812s] -- Up-to-date: /home/csrobot/flexbe_ws/install/tm_msgs/include/tm_msgs/tm_msgs/srv/detail/ask_sta__type_support.cpp
[1.812s] -- Up-to-date: /home/csrobot/flexbe_ws/install/tm_msgs/lib/libtm_msgs__rosidl_typesupport_introspection_cpp.so
[1.812s] -- Up-to-date: /home/csrobot/flexbe_ws/install/tm_msgs/lib/libtm_msgs__rosidl_typesupport_cpp.so
[1.814s] -- Up-to-date: /home/csrobot/flexbe_ws/install/tm_msgs/share/tm_msgs/environment/pythonpath.sh
[1.816s] -- Up-to-date: /home/csrobot/flexbe_ws/install/tm_msgs/share/tm_msgs/environment/pythonpath.dsv
[1.816s] -- Up-to-date: /home/csrobot/flexbe_ws/install/tm_msgs/local/lib/python3.10/dist-packages/tm_msgs-1.1.2-py3.10.egg-info
[1.816s] -- Installing: /home/csrobot/flexbe_ws/install/tm_msgs/local/lib/python3.10/dist-packages/tm_msgs-1.1.2-py3.10.egg-info/dependency_links.txt
[1.816s] -- Installing: /home/csrobot/flexbe_ws/install/tm_msgs/local/lib/python3.10/dist-packages/tm_msgs-1.1.2-py3.10.egg-info/top_level.txt
[1.816s] -- Installing: /home/csrobot/flexbe_ws/install/tm_msgs/local/lib/python3.10/dist-packages/tm_msgs-1.1.2-py3.10.egg-info/SOURCES.txt
[1.816s] -- Installing: /home/csrobot/flexbe_ws/install/tm_msgs/local/lib/python3.10/dist-packages/tm_msgs-1.1.2-py3.10.egg-info/PKG-INFO
[1.816s] -- Up-to-date: /home/csrobot/flexbe_ws/install/tm_msgs/local/lib/python3.10/dist-packages/tm_msgs
[1.816s] -- Up-to-date: /home/csrobot/flexbe_ws/install/tm_msgs/local/lib/python3.10/dist-packages/tm_msgs/tm_msgs_s__rosidl_typesupport_fastrtps_c.cpython-310-x86_64-linux-gnu.so
[1.816s] -- Up-to-date: /home/csrobot/flexbe_ws/install/tm_msgs/local/lib/python3.10/dist-packages/tm_msgs/tm_msgs_s__rosidl_typesupport_c.cpython-310-x86_64-linux-gnu.so
[1.816s] -- Up-to-date: /home/csrobot/flexbe_ws/install/tm_msgs/local/lib/python3.10/dist-packages/tm_msgs/_tm_msgs_s.ep.rosidl_typesupport_fastrtps_c.c
[1.816s] -- Up-to-date: /home/csrobot/flexbe_ws/install/tm_msgs/local/lib/python3.10/dist-packages/tm_msgs/msg
[1.816s] -- Up-to-date: /home/csrobot/flexbe_ws/install/tm_msgs/local/lib/python3.10/dist-packages/tm_msgs/msg/_svr_response.py
[1.816s] -- Up-to-date: /home/csrobot/flexbe_ws/install/tm_msgs/local/lib/python3.10/dist-packages/tm_msgs/msg/_sta_response_s.c
[1.816s] -- Up-to-date: /home/csrobot/flexbe_ws/install/tm_msgs/local/lib/python3.10/dist-packages/tm_msgs/msg/_sct_response_s.c
[1.816s] -- Up-to-date: /home/csrobot/flexbe_ws/install/tm_msgs/local/lib/python3.10/dist-packages/tm_msgs/msg/__init__.py
[1.816s] -- Up-to-date: /home/csrobot/flexbe_ws/install/tm_msgs/local/lib/python3.10/dist-packages/tm_msgs/msg/_sct_response.py
[1.817s] -- Up-to-date: /home/csrobot/flexbe_ws/install/tm_msgs/local/lib/python3.10/dist-packages/tm_msgs/msg/_feedback_state_s.c
[1.817s] -- Up-to-date: /home/csrobot/flexbe_ws/install/tm_msgs/local/lib/python3.10/dist-packages/tm_msgs/msg/_svr_response_s.c
[1.817s] -- Up-to-date: /home/csrobot/flexbe_ws/install/tm_msgs/local/lib/python3.10/dist-packages/tm_msgs/msg/_sta_response.py
[1.817s] -- Up-to-date: /home/csrobot/flexbe_ws/install/tm_msgs/local/lib/python3.10/dist-packages/tm_msgs/msg/_feedback_state.py
[1.817s] -- Up-to-date: /home/csrobot/flexbe_ws/install/tm_msgs/local/lib/python3.10/dist-packages/tm_msgs/__init__.py
[1.820s] -- Up-to-date: /home/csrobot/flexbe_ws/install/tm_msgs/local/lib/python3.10/dist-packages/tm_msgs/_tm_msgs_s.ep.rosidl_typesupport_introspection_c.c
[1.820s] -- Up-to-date: /home/csrobot/flexbe_ws/install/tm_msgs/local/lib/python3.10/dist-packages/tm_msgs/libtm_msgs__rosidl_generator_py.so
[1.820s] -- Up-to-date: /home/csrobot/flexbe_ws/install/tm_msgs/local/lib/python3.10/dist-packages/tm_msgs/_tm_msgs_s.ep.rosidl_typesupport_c.c
[1.820s] -- Up-to-date: /home/csrobot/flexbe_ws/install/tm_msgs/local/lib/python3.10/dist-packages/tm_msgs/srv
[1.820s] -- Up-to-date: /home/csrobot/flexbe_ws/install/tm_msgs/local/lib/python3.10/dist-packages/tm_msgs/srv/_ask_sta.py
[1.820s] -- Up-to-date: /home/csrobot/flexbe_ws/install/tm_msgs/local/lib/python3.10/dist-packages/tm_msgs/srv/_send_script.py
[1.820s] -- Up-to-date: /home/csrobot/flexbe_ws/install/tm_msgs/local/lib/python3.10/dist-packages/tm_msgs/srv/_set_event_s.c
[1.820s] -- Up-to-date: /home/csrobot/flexbe_ws/install/tm_msgs/local/lib/python3.10/dist-packages/tm_msgs/srv/_connect_tm.py
[1.821s] -- Up-to-date: /home/csrobot/flexbe_ws/install/tm_msgs/local/lib/python3.10/dist-packages/tm_msgs/srv/__init__.py
[1.821s] -- Up-to-date: /home/csrobot/flexbe_ws/install/tm_msgs/local/lib/python3.10/dist-packages/tm_msgs/srv/_set_event.py
[1.821s] -- Up-to-date: /home/csrobot/flexbe_ws/install/tm_msgs/local/lib/python3.10/dist-packages/tm_msgs/srv/_ask_item.py
[1.821s] -- Up-to-date: /home/csrobot/flexbe_ws/install/tm_msgs/local/lib/python3.10/dist-packages/tm_msgs/srv/_write_item_s.c
[1.821s] -- Up-to-date: /home/csrobot/flexbe_ws/install/tm_msgs/local/lib/python3.10/dist-packages/tm_msgs/srv/_ask_item_s.c
[1.821s] -- Up-to-date: /home/csrobot/flexbe_ws/install/tm_msgs/local/lib/python3.10/dist-packages/tm_msgs/srv/_set_positions.py
[1.821s] -- Up-to-date: /home/csrobot/flexbe_ws/install/tm_msgs/local/lib/python3.10/dist-packages/tm_msgs/srv/_set_io.py
[1.821s] -- Up-to-date: /home/csrobot/flexbe_ws/install/tm_msgs/local/lib/python3.10/dist-packages/tm_msgs/srv/_ask_sta_s.c
[1.821s] -- Up-to-date: /home/csrobot/flexbe_ws/install/tm_msgs/local/lib/python3.10/dist-packages/tm_msgs/srv/_set_io_s.c
[1.821s] -- Up-to-date: /home/csrobot/flexbe_ws/install/tm_msgs/local/lib/python3.10/dist-packages/tm_msgs/srv/_write_item.py
[1.821s] -- Up-to-date: /home/csrobot/flexbe_ws/install/tm_msgs/local/lib/python3.10/dist-packages/tm_msgs/srv/_connect_tm_s.c
[1.826s] -- Up-to-date: /home/csrobot/flexbe_ws/install/tm_msgs/local/lib/python3.10/dist-packages/tm_msgs/srv/_send_script_s.c
[1.826s] -- Up-to-date: /home/csrobot/flexbe_ws/install/tm_msgs/local/lib/python3.10/dist-packages/tm_msgs/srv/_set_positions_s.c
[1.826s] -- Up-to-date: /home/csrobot/flexbe_ws/install/tm_msgs/local/lib/python3.10/dist-packages/tm_msgs/tm_msgs_s__rosidl_typesupport_introspection_c.cpython-310-x86_64-linux-gnu.so
[1.908s] Listing '/home/csrobot/flexbe_ws/install/tm_msgs/local/lib/python3.10/dist-packages/tm_msgs'...
[1.908s] Listing '/home/csrobot/flexbe_ws/install/tm_msgs/local/lib/python3.10/dist-packages/tm_msgs/msg'...
[1.908s] Listing '/home/csrobot/flexbe_ws/install/tm_msgs/local/lib/python3.10/dist-packages/tm_msgs/srv'...
[1.918s] -- Up-to-date: /home/csrobot/flexbe_ws/install/tm_msgs/local/lib/python3.10/dist-packages/tm_msgs/tm_msgs_s__rosidl_typesupport_introspection_c.cpython-310-x86_64-linux-gnu.so
[1.919s] -- Up-to-date: /home/csrobot/flexbe_ws/install/tm_msgs/local/lib/python3.10/dist-packages/tm_msgs/tm_msgs_s__rosidl_typesupport_fastrtps_c.cpython-310-x86_64-linux-gnu.so
[1.919s] -- Up-to-date: /home/csrobot/flexbe_ws/install/tm_msgs/local/lib/python3.10/dist-packages/tm_msgs/tm_msgs_s__rosidl_typesupport_c.cpython-310-x86_64-linux-gnu.so
[1.919s] -- Up-to-date: /home/csrobot/flexbe_ws/install/tm_msgs/lib/libtm_msgs__rosidl_generator_py.so
[1.919s] -- Up-to-date: /home/csrobot/flexbe_ws/install/tm_msgs/share/tm_msgs/msg/FeedbackState.idl
[1.919s] -- Up-to-date: /home/csrobot/flexbe_ws/install/tm_msgs/share/tm_msgs/msg/SvrResponse.idl
[1.919s] -- Up-to-date: /home/csrobot/flexbe_ws/install/tm_msgs/share/tm_msgs/msg/SctResponse.idl
[1.919s] -- Up-to-date: /home/csrobot/flexbe_ws/install/tm_msgs/share/tm_msgs/msg/StaResponse.idl
[1.919s] -- Up-to-date: /home/csrobot/flexbe_ws/install/tm_msgs/share/tm_msgs/srv/ConnectTM.idl
[1.919s] -- Up-to-date: /home/csrobot/flexbe_ws/install/tm_msgs/share/tm_msgs/srv/WriteItem.idl
[1.919s] -- Up-to-date: /home/csrobot/flexbe_ws/install/tm_msgs/share/tm_msgs/srv/AskItem.idl
[1.919s] -- Up-to-date: /home/csrobot/flexbe_ws/install/tm_msgs/share/tm_msgs/srv/SendScript.idl
[1.919s] -- Up-to-date: /home/csrobot/flexbe_ws/install/tm_msgs/share/tm_msgs/srv/SetEvent.idl
[1.919s] -- Up-to-date: /home/csrobot/flexbe_ws/install/tm_msgs/share/tm_msgs/srv/SetIO.idl
[1.920s] -- Up-to-date: /home/csrobot/flexbe_ws/install/tm_msgs/share/tm_msgs/srv/SetPositions.idl
[1.920s] -- Up-to-date: /home/csrobot/flexbe_ws/install/tm_msgs/share/tm_msgs/srv/AskSta.idl
[1.920s] -- Up-to-date: /home/csrobot/flexbe_ws/install/tm_msgs/share/tm_msgs/msg/FeedbackState.msg
[1.920s] -- Up-to-date: /home/csrobot/flexbe_ws/install/tm_msgs/share/tm_msgs/msg/SvrResponse.msg
[1.920s] -- Up-to-date: /home/csrobot/flexbe_ws/install/tm_msgs/share/tm_msgs/msg/SctResponse.msg
[1.920s] -- Up-to-date: /home/csrobot/flexbe_ws/install/tm_msgs/share/tm_msgs/msg/StaResponse.msg
[1.920s] -- Up-to-date: /home/csrobot/flexbe_ws/install/tm_msgs/share/tm_msgs/srv/ConnectTM.srv
[1.920s] -- Up-to-date: /home/csrobot/flexbe_ws/install/tm_msgs/share/tm_msgs/srv/ConnectTM_Request.msg
[1.920s] -- Up-to-date: /home/csrobot/flexbe_ws/install/tm_msgs/share/tm_msgs/srv/ConnectTM_Response.msg
[1.920s] -- Up-to-date: /home/csrobot/flexbe_ws/install/tm_msgs/share/tm_msgs/srv/WriteItem.srv
[1.920s] -- Up-to-date: /home/csrobot/flexbe_ws/install/tm_msgs/share/tm_msgs/srv/WriteItem_Request.msg
[1.920s] -- Up-to-date: /home/csrobot/flexbe_ws/install/tm_msgs/share/tm_msgs/srv/WriteItem_Response.msg
[1.920s] -- Up-to-date: /home/csrobot/flexbe_ws/install/tm_msgs/share/tm_msgs/srv/AskItem.srv
[1.920s] -- Up-to-date: /home/csrobot/flexbe_ws/install/tm_msgs/share/tm_msgs/srv/AskItem_Request.msg
[1.920s] -- Up-to-date: /home/csrobot/flexbe_ws/install/tm_msgs/share/tm_msgs/srv/AskItem_Response.msg
[1.920s] -- Up-to-date: /home/csrobot/flexbe_ws/install/tm_msgs/share/tm_msgs/srv/SendScript.srv
[1.920s] -- Up-to-date: /home/csrobot/flexbe_ws/install/tm_msgs/share/tm_msgs/srv/SendScript_Request.msg
[1.920s] -- Up-to-date: /home/csrobot/flexbe_ws/install/tm_msgs/share/tm_msgs/srv/SendScript_Response.msg
[1.920s] -- Up-to-date: /home/csrobot/flexbe_ws/install/tm_msgs/share/tm_msgs/srv/SetEvent.srv
[1.920s] -- Up-to-date: /home/csrobot/flexbe_ws/install/tm_msgs/share/tm_msgs/srv/SetEvent_Request.msg
[1.920s] -- Up-to-date: /home/csrobot/flexbe_ws/install/tm_msgs/share/tm_msgs/srv/SetEvent_Response.msg
[1.920s] -- Up-to-date: /home/csrobot/flexbe_ws/install/tm_msgs/share/tm_msgs/srv/SetIO.srv
[1.921s] -- Up-to-date: /home/csrobot/flexbe_ws/install/tm_msgs/share/tm_msgs/srv/SetIO_Request.msg
[1.921s] -- Up-to-date: /home/csrobot/flexbe_ws/install/tm_msgs/share/tm_msgs/srv/SetIO_Response.msg
[1.921s] -- Up-to-date: /home/csrobot/flexbe_ws/install/tm_msgs/share/tm_msgs/srv/SetPositions.srv
[1.921s] -- Up-to-date: /home/csrobot/flexbe_ws/install/tm_msgs/share/tm_msgs/srv/SetPositions_Request.msg
[1.921s] -- Up-to-date: /home/csrobot/flexbe_ws/install/tm_msgs/share/tm_msgs/srv/SetPositions_Response.msg
[1.921s] -- Up-to-date: /home/csrobot/flexbe_ws/install/tm_msgs/share/tm_msgs/srv/AskSta.srv
[1.921s] -- Up-to-date: /home/csrobot/flexbe_ws/install/tm_msgs/share/tm_msgs/srv/AskSta_Request.msg
[1.921s] -- Up-to-date: /home/csrobot/flexbe_ws/install/tm_msgs/share/tm_msgs/srv/AskSta_Response.msg
[1.921s] -- Up-to-date: /home/csrobot/flexbe_ws/install/tm_msgs/share/ament_index/resource_index/package_run_dependencies/tm_msgs
[1.921s] -- Up-to-date: /home/csrobot/flexbe_ws/install/tm_msgs/share/ament_index/resource_index/parent_prefix_path/tm_msgs
[1.922s] -- Up-to-date: /home/csrobot/flexbe_ws/install/tm_msgs/share/tm_msgs/environment/ament_prefix_path.dsv
[1.922s] -- Up-to-date: /home/csrobot/flexbe_ws/install/tm_msgs/share/tm_msgs/environment/path.dsv
[1.922s] -- Up-to-date: /home/csrobot/flexbe_ws/install/tm_msgs/share/tm_msgs/local_setup.bash
[1.922s] -- Up-to-date: /home/csrobot/flexbe_ws/install/tm_msgs/share/tm_msgs/local_setup.sh
[1.922s] -- Up-to-date: /home/csrobot/flexbe_ws/install/tm_msgs/share/tm_msgs/local_setup.zsh
[1.922s] -- Up-to-date: /home/csrobot/flexbe_ws/install/tm_msgs/share/tm_msgs/local_setup.dsv
[1.922s] -- Installing: /home/csrobot/flexbe_ws/install/tm_msgs/share/tm_msgs/package.dsv
[1.922s] -- Up-to-date: /home/csrobot/flexbe_ws/install/tm_msgs/share/ament_index/resource_index/packages/tm_msgs
[1.922s] -- Up-to-date: /home/csrobot/flexbe_ws/install/tm_msgs/share/tm_msgs/cmake/export_tm_msgs__rosidl_generator_cExport.cmake
[1.922s] -- Up-to-date: /home/csrobot/flexbe_ws/install/tm_msgs/share/tm_msgs/cmake/export_tm_msgs__rosidl_generator_cExport-noconfig.cmake
[1.922s] -- Up-to-date: /home/csrobot/flexbe_ws/install/tm_msgs/share/tm_msgs/cmake/export_tm_msgs__rosidl_typesupport_fastrtps_cExport.cmake
[1.922s] -- Up-to-date: /home/csrobot/flexbe_ws/install/tm_msgs/share/tm_msgs/cmake/export_tm_msgs__rosidl_typesupport_fastrtps_cExport-noconfig.cmake
[1.922s] -- Up-to-date: /home/csrobot/flexbe_ws/install/tm_msgs/share/tm_msgs/cmake/export_tm_msgs__rosidl_generator_cppExport.cmake
[1.922s] -- Up-to-date: /home/csrobot/flexbe_ws/install/tm_msgs/share/tm_msgs/cmake/export_tm_msgs__rosidl_typesupport_fastrtps_cppExport.cmake
[1.922s] -- Up-to-date: /home/csrobot/flexbe_ws/install/tm_msgs/share/tm_msgs/cmake/export_tm_msgs__rosidl_typesupport_fastrtps_cppExport-noconfig.cmake
[1.922s] -- Up-to-date: /home/csrobot/flexbe_ws/install/tm_msgs/share/tm_msgs/cmake/tm_msgs__rosidl_typesupport_introspection_cExport.cmake
[1.922s] -- Up-to-date: /home/csrobot/flexbe_ws/install/tm_msgs/share/tm_msgs/cmake/tm_msgs__rosidl_typesupport_introspection_cExport-noconfig.cmake
[1.923s] -- Up-to-date: /home/csrobot/flexbe_ws/install/tm_msgs/share/tm_msgs/cmake/tm_msgs__rosidl_typesupport_cExport.cmake
[1.923s] -- Up-to-date: /home/csrobot/flexbe_ws/install/tm_msgs/share/tm_msgs/cmake/tm_msgs__rosidl_typesupport_cExport-noconfig.cmake
[1.923s] -- Up-to-date: /home/csrobot/flexbe_ws/install/tm_msgs/share/tm_msgs/cmake/tm_msgs__rosidl_typesupport_introspection_cppExport.cmake
[1.923s] -- Up-to-date: /home/csrobot/flexbe_ws/install/tm_msgs/share/tm_msgs/cmake/tm_msgs__rosidl_typesupport_introspection_cppExport-noconfig.cmake
[1.923s] -- Up-to-date: /home/csrobot/flexbe_ws/install/tm_msgs/share/tm_msgs/cmake/tm_msgs__rosidl_typesupport_cppExport.cmake
[1.923s] -- Up-to-date: /home/csrobot/flexbe_ws/install/tm_msgs/share/tm_msgs/cmake/tm_msgs__rosidl_typesupport_cppExport-noconfig.cmake
[1.923s] -- Up-to-date: /home/csrobot/flexbe_ws/install/tm_msgs/share/tm_msgs/cmake/export_tm_msgs__rosidl_generator_pyExport.cmake
[1.923s] -- Up-to-date: /home/csrobot/flexbe_ws/install/tm_msgs/share/tm_msgs/cmake/export_tm_msgs__rosidl_generator_pyExport-noconfig.cmake
[1.923s] -- Up-to-date: /home/csrobot/flexbe_ws/install/tm_msgs/share/tm_msgs/cmake/rosidl_cmake-extras.cmake
[1.925s] -- Up-to-date: /home/csrobot/flexbe_ws/install/tm_msgs/share/tm_msgs/cmake/ament_cmake_export_dependencies-extras.cmake
[1.925s] -- Up-to-date: /home/csrobot/flexbe_ws/install/tm_msgs/share/tm_msgs/cmake/ament_cmake_export_include_directories-extras.cmake
[1.925s] -- Up-to-date: /home/csrobot/flexbe_ws/install/tm_msgs/share/tm_msgs/cmake/ament_cmake_export_libraries-extras.cmake
[1.925s] -- Up-to-date: /home/csrobot/flexbe_ws/install/tm_msgs/share/tm_msgs/cmake/ament_cmake_export_targets-extras.cmake
[1.925s] -- Up-to-date: /home/csrobot/flexbe_ws/install/tm_msgs/share/tm_msgs/cmake/rosidl_cmake_export_typesupport_targets-extras.cmake
[1.925s] -- Up-to-date: /home/csrobot/flexbe_ws/install/tm_msgs/share/tm_msgs/cmake/rosidl_cmake_export_typesupport_libraries-extras.cmake
[1.925s] -- Up-to-date: /home/csrobot/flexbe_ws/install/tm_msgs/share/tm_msgs/cmake/tm_msgsConfig.cmake
[1.925s] -- Up-to-date: /home/csrobot/flexbe_ws/install/tm_msgs/share/tm_msgs/cmake/tm_msgsConfig-version.cmake
[1.925s] -- Up-to-date: /home/csrobot/flexbe_ws/install/tm_msgs/share/tm_msgs/package.xml
[1.978s] Invoked command in '/home/csrobot/flexbe_ws/build/tm_msgs' returned '0': CMAKE_PREFIX_PATH=${CMAKE_PREFIX_PATH}:/home/csrobot/flexbe_ws/install/flexbe_turtlesim_demo_flexbe_states:/home/csrobot/ros2_humble/install/quality_of_service_demo_py:/home/csrobot/ros2_humble/install/demo_nodes_py:/home/csrobot/ros2_humble/install/moveit_configs_utils:/home/csrobot/ros2_humble/install/rqt_bag_plugins:/home/csrobot/ros2_humble/install/rqt_bag:/home/csrobot/ros2_humble/install/launch_testing_examples:/home/csrobot/ros2_humble/install/ros2bag:/home/csrobot/ros2_humble/install/tracetools_test:/home/csrobot/ros2_humble/install/tracetools_launch:/home/csrobot/ros2_humble/install/topic_monitor:/home/csrobot/ros2_humble/install/tf2_tools:/home/csrobot/ros2_humble/install/examples_tf2_py:/home/csrobot/ros2_humble/install/tf2_ros_py:/home/csrobot/ros2_humble/install/sros2:/home/csrobot/ros2_humble/install/rqt_topic:/home/csrobot/ros2_humble/install/rqt_srv:/home/csrobot/ros2_humble/install/rqt_shell:/home/csrobot/ros2_humble/install/rqt_service_caller:/home/csrobot/ros2_humble/install/rqt_reconfigure:/home/csrobot/ros2_humble/install/rqt_py_console:/home/csrobot/ros2_humble/install/rqt_publisher:/home/csrobot/ros2_humble/install/rqt_plot:/home/csrobot/ros2_humble/install/rqt_action:/home/csrobot/ros2_humble/install/rqt_msg:/home/csrobot/ros2_humble/install/rqt_console:/home/csrobot/ros2_humble/install/rqt:/home/csrobot/ros2_humble/install/rqt_graph:/home/csrobot/ros2_humble/install/rqt_gui_py:/home/csrobot/ros2_humble/install/rqt_gui:/home/csrobot/ros2_humble/install/ros2trace:/home/csrobot/ros2_humble/install/ros2topic:/home/csrobot/ros2_humble/install/ros2test:/home/csrobot/ros2_humble/install/ros2component:/home/csrobot/ros2_humble/install/ros2param:/home/csrobot/ros2_humble/install/ros2lifecycle:/home/csrobot/ros2_humble/install/ros2service:/home/csrobot/ros2_humble/install/ros2run:/home/csrobot/ros2_humble/install/ros2launch:/home/csrobot/ros2_humble/install/ros2pkg:/home/csrobot/ros2_humble/install/ros2node:/home/csrobot/ros2_humble/install/ros2multicast:/home/csrobot/ros2_humble/install/ros2interface:/home/csrobot/ros2_humble/install/ros2doctor:/home/csrobot/ros2_humble/install/ros2action:/home/csrobot/ros2_humble/install/ros2cli:/home/csrobot/ros2_humble/install/lifecycle_py:/home/csrobot/ros2_humble/install/launch_testing_ros:/home/csrobot/ros2_humble/install/launch_ros:/home/csrobot/ros2_humble/install/examples_rclpy_pointcloud_publisher:/home/csrobot/ros2_humble/install/examples_rclpy_minimal_subscriber:/home/csrobot/ros2_humble/install/examples_rclpy_minimal_service:/home/csrobot/ros2_humble/install/examples_rclpy_minimal_publisher:/home/csrobot/ros2_humble/install/examples_rclpy_minimal_client:/home/csrobot/ros2_humble/install/examples_rclpy_minimal_action_server:/home/csrobot/ros2_humble/install/examples_rclpy_minimal_action_client:/home/csrobot/ros2_humble/install/examples_rclpy_guard_conditions:/home/csrobot/ros2_humble/install/examples_rclpy_executors:/home/csrobot/ros2_humble/install/camera_info_manager_py:/home/csrobot/ros2_humble/install/action_tutorials_py:/home/csrobot/ros2_humble/install/ament_uncrustify:/home/csrobot/ros2_humble/install/tracetools_trace:/home/csrobot/ros2_humble/install/tracetools_read:/home/csrobot/ros2_humble/install/test_tracetools_launch:/home/csrobot/ros2_humble/install/test_launch_ros:/home/csrobot/ros2_humble/install/sensor_msgs_py:/home/csrobot/ros2_humble/install/rpyutils:/home/csrobot/ros2_humble/install/rosidl_runtime_py:/home/csrobot/ros2_humble/install/rosidl_cli:/home/csrobot/ros2_humble/install/launch_pytest:/home/csrobot/ros2_humble/install/launch_testing:/home/csrobot/ros2_humble/install/launch_yaml:/home/csrobot/ros2_humble/install/launch_xml:/home/csrobot/ros2_humble/install/launch:/home/csrobot/ros2_humble/install/osrf_pycommon:/home/csrobot/ros2_humble/install/domain_coordinator:/home/csrobot/ros2_humble/install/ament_xmllint:/home/csrobot/ros2_humble/install/ament_pyflakes:/home/csrobot/ros2_humble/install/ament_pycodestyle:/home/csrobot/ros2_humble/install/ament_pep257:/home/csrobot/ros2_humble/install/ament_pclint:/home/csrobot/ros2_humble/install/ament_package:/home/csrobot/ros2_humble/install/ament_mypy:/home/csrobot/ros2_humble/install/ament_lint_cmake:/home/csrobot/ros2_humble/install/ament_flake8:/home/csrobot/ros2_humble/install/ament_copyright:/home/csrobot/ros2_humble/install/ament_lint:/home/csrobot/ros2_humble/install/ament_index_python:/home/csrobot/ros2_humble/install/ament_cpplint:/home/csrobot/ros2_humble/install/ament_cppcheck:/home/csrobot/ros2_humble/install/ament_clang_tidy:/home/csrobot/ros2_humble/install/ament_clang_format:/home/csrobot/flexbe_ws/install/tm_mod_urdf:/home/csrobot/flexbe_ws/install/tm_get_status:/home/csrobot/flexbe_ws/install/moveit_configs_utils:/home/csrobot/flexbe_ws/install/example_flexbe_states:/home/csrobot/flexbe_ws/install/compare_flexbe_states:/home/csrobot/flexbe_ws/install/flexbe_webui:/home/csrobot/flexbe_ws/install/flexbe_onboard:/home/csrobot/flexbe_ws/install/flexbe_states:/home/csrobot/flexbe_ws/install/flexbe_mirror:/home/csrobot/flexbe_ws/install/flexbe_input:/home/csrobot/flexbe_ws/install/flexbe_core:/opt/ros/humble /usr/bin/cmake --install /home/csrobot/flexbe_ws/build/tm_msgs
