[  0%] Built target flexbe_msgs__rosidl_generator_type_description
[  0%] Built target ament_cmake_python_symlink_flexbe_msgs
[  0%] Built target flexbe_msgs__cpp
[ 28%] Built target flexbe_msgs__rosidl_generator_c
[ 38%] Built target flexbe_msgs__rosidl_typesupport_introspection_c
[ 48%] Built target flexbe_msgs__rosidl_typesupport_c
[ 58%] Built target flexbe_msgs__rosidl_typesupport_introspection_cpp
[ 67%] Built target flexbe_msgs__rosidl_typesupport_fastrtps_c
[ 77%] Built target flexbe_msgs__rosidl_typesupport_cpp
[ 87%] Built target flexbe_msgs__rosidl_typesupport_fastrtps_cpp
[ 87%] Built target flexbe_msgs
[ 87%] Built target flexbe_msgs__py
[ 97%] Built target flexbe_msgs__rosidl_generator_py
running egg_info
[ 98%] Built target flexbe_msgs_s__rosidl_typesupport_introspection_c
[100%] Built target flexbe_msgs_s__rosidl_typesupport_fastrtps_c
[100%] Built target flexbe_msgs_s__rosidl_typesupport_c
writing flexbe_msgs.egg-info/PKG-INFO
writing dependency_links to flexbe_msgs.egg-info/dependency_links.txt
writing top-level names to flexbe_msgs.egg-info/top_level.txt
reading manifest file 'flexbe_msgs.egg-info/SOURCES.txt'
writing manifest file 'flexbe_msgs.egg-info/SOURCES.txt'
[100%] Built target ament_cmake_python_build_flexbe_msgs_egg
-- Install configuration: ""
-- Execute custom install script
-- Symlinking: /home/csrobot/flexbe_ws/install/flexbe_msgs/share/ament_index/resource_index/rosidl_interfaces/flexbe_msgs
-- Symlinking: /home/csrobot/flexbe_ws/install/flexbe_msgs/share/flexbe_msgs/msg/BEStatus.json
-- Symlinking: /home/csrobot/flexbe_ws/install/flexbe_msgs/share/flexbe_msgs/msg/BehaviorLog.json
-- Symlinking: /home/csrobot/flexbe_ws/install/flexbe_msgs/share/flexbe_msgs/msg/BehaviorModification.json
-- Symlinking: /home/csrobot/flexbe_ws/install/flexbe_msgs/share/flexbe_msgs/msg/BehaviorRequest.json
-- Symlinking: /home/csrobot/flexbe_ws/install/flexbe_msgs/share/flexbe_msgs/msg/BehaviorSelection.json
-- Symlinking: /home/csrobot/flexbe_ws/install/flexbe_msgs/share/flexbe_msgs/msg/BehaviorSync.json
-- Symlinking: /home/csrobot/flexbe_ws/install/flexbe_msgs/share/flexbe_msgs/msg/CommandFeedback.json
-- Symlinking: /home/csrobot/flexbe_ws/install/flexbe_msgs/share/flexbe_msgs/msg/Container.json
-- Symlinking: /home/csrobot/flexbe_ws/install/flexbe_msgs/share/flexbe_msgs/msg/ContainerStructure.json
-- Symlinking: /home/csrobot/flexbe_ws/install/flexbe_msgs/share/flexbe_msgs/msg/OutcomeCondition.json
-- Symlinking: /home/csrobot/flexbe_ws/install/flexbe_msgs/share/flexbe_msgs/msg/OutcomeRequest.json
-- Symlinking: /home/csrobot/flexbe_ws/install/flexbe_msgs/share/flexbe_msgs/msg/StateInstantiation.json
-- Symlinking: /home/csrobot/flexbe_ws/install/flexbe_msgs/share/flexbe_msgs/msg/StateMapMsg.json
-- Symlinking: /home/csrobot/flexbe_ws/install/flexbe_msgs/share/flexbe_msgs/msg/SynthesisErrorCodes.json
-- Symlinking: /home/csrobot/flexbe_ws/install/flexbe_msgs/share/flexbe_msgs/msg/SynthesisRequest.json
-- Symlinking: /home/csrobot/flexbe_ws/install/flexbe_msgs/share/flexbe_msgs/msg/UICommand.json
-- Symlinking: /home/csrobot/flexbe_ws/install/flexbe_msgs/share/flexbe_msgs/msg/UserdataInfo.json
-- Symlinking: /home/csrobot/flexbe_ws/install/flexbe_msgs/share/flexbe_msgs/action/BehaviorInput.json
-- Symlinking: /home/csrobot/flexbe_ws/install/flexbe_msgs/share/flexbe_msgs/action/BehaviorExecution.json
-- Symlinking: /home/csrobot/flexbe_ws/install/flexbe_msgs/share/flexbe_msgs/action/BehaviorSynthesis.json
-- Symlinking: /home/csrobot/flexbe_ws/install/flexbe_msgs/share/flexbe_msgs/srv/GetUserdata.json
-- Symlinking: /home/csrobot/flexbe_ws/install/flexbe_msgs/include/flexbe_msgs/flexbe_msgs/action/behavior_execution.h
-- Symlinking: /home/csrobot/flexbe_ws/install/flexbe_msgs/include/flexbe_msgs/flexbe_msgs/action/behavior_input.h
-- Symlinking: /home/csrobot/flexbe_ws/install/flexbe_msgs/include/flexbe_msgs/flexbe_msgs/action/behavior_synthesis.h
-- Symlinking: /home/csrobot/flexbe_ws/install/flexbe_msgs/include/flexbe_msgs/flexbe_msgs/action/detail/behavior_execution__functions.h
-- Symlinking: /home/csrobot/flexbe_ws/install/flexbe_msgs/include/flexbe_msgs/flexbe_msgs/action/detail/behavior_execution__struct.h
-- Symlinking: /home/csrobot/flexbe_ws/install/flexbe_msgs/include/flexbe_msgs/flexbe_msgs/action/detail/behavior_execution__type_support.h
-- Symlinking: /home/csrobot/flexbe_ws/install/flexbe_msgs/include/flexbe_msgs/flexbe_msgs/action/detail/behavior_input__functions.h
-- Symlinking: /home/csrobot/flexbe_ws/install/flexbe_msgs/include/flexbe_msgs/flexbe_msgs/action/detail/behavior_input__struct.h
-- Symlinking: /home/csrobot/flexbe_ws/install/flexbe_msgs/include/flexbe_msgs/flexbe_msgs/action/detail/behavior_input__type_support.h
-- Symlinking: /home/csrobot/flexbe_ws/install/flexbe_msgs/include/flexbe_msgs/flexbe_msgs/action/detail/behavior_synthesis__functions.h
-- Symlinking: /home/csrobot/flexbe_ws/install/flexbe_msgs/include/flexbe_msgs/flexbe_msgs/action/detail/behavior_synthesis__struct.h
-- Symlinking: /home/csrobot/flexbe_ws/install/flexbe_msgs/include/flexbe_msgs/flexbe_msgs/action/detail/behavior_synthesis__type_support.h
-- Symlinking: /home/csrobot/flexbe_ws/install/flexbe_msgs/include/flexbe_msgs/flexbe_msgs/msg/be_status.h
-- Symlinking: /home/csrobot/flexbe_ws/install/flexbe_msgs/include/flexbe_msgs/flexbe_msgs/msg/behavior_log.h
-- Symlinking: /home/csrobot/flexbe_ws/install/flexbe_msgs/include/flexbe_msgs/flexbe_msgs/msg/behavior_modification.h
-- Symlinking: /home/csrobot/flexbe_ws/install/flexbe_msgs/include/flexbe_msgs/flexbe_msgs/msg/behavior_request.h
-- Symlinking: /home/csrobot/flexbe_ws/install/flexbe_msgs/include/flexbe_msgs/flexbe_msgs/msg/behavior_selection.h
-- Symlinking: /home/csrobot/flexbe_ws/install/flexbe_msgs/include/flexbe_msgs/flexbe_msgs/msg/behavior_sync.h
-- Symlinking: /home/csrobot/flexbe_ws/install/flexbe_msgs/include/flexbe_msgs/flexbe_msgs/msg/command_feedback.h
-- Symlinking: /home/csrobot/flexbe_ws/install/flexbe_msgs/include/flexbe_msgs/flexbe_msgs/msg/container.h
-- Symlinking: /home/csrobot/flexbe_ws/install/flexbe_msgs/include/flexbe_msgs/flexbe_msgs/msg/container_structure.h
-- Symlinking: /home/csrobot/flexbe_ws/install/flexbe_msgs/include/flexbe_msgs/flexbe_msgs/msg/detail/be_status__functions.h
-- Symlinking: /home/csrobot/flexbe_ws/install/flexbe_msgs/include/flexbe_msgs/flexbe_msgs/msg/detail/be_status__struct.h
-- Symlinking: /home/csrobot/flexbe_ws/install/flexbe_msgs/include/flexbe_msgs/flexbe_msgs/msg/detail/be_status__type_support.h
-- Symlinking: /home/csrobot/flexbe_ws/install/flexbe_msgs/include/flexbe_msgs/flexbe_msgs/msg/detail/behavior_log__functions.h
-- Symlinking: /home/csrobot/flexbe_ws/install/flexbe_msgs/include/flexbe_msgs/flexbe_msgs/msg/detail/behavior_log__struct.h
-- Symlinking: /home/csrobot/flexbe_ws/install/flexbe_msgs/include/flexbe_msgs/flexbe_msgs/msg/detail/behavior_log__type_support.h
-- Symlinking: /home/csrobot/flexbe_ws/install/flexbe_msgs/include/flexbe_msgs/flexbe_msgs/msg/detail/behavior_modification__functions.h
-- Symlinking: /home/csrobot/flexbe_ws/install/flexbe_msgs/include/flexbe_msgs/flexbe_msgs/msg/detail/behavior_modification__struct.h
-- Symlinking: /home/csrobot/flexbe_ws/install/flexbe_msgs/include/flexbe_msgs/flexbe_msgs/msg/detail/behavior_modification__type_support.h
-- Symlinking: /home/csrobot/flexbe_ws/install/flexbe_msgs/include/flexbe_msgs/flexbe_msgs/msg/detail/behavior_request__functions.h
-- Symlinking: /home/csrobot/flexbe_ws/install/flexbe_msgs/include/flexbe_msgs/flexbe_msgs/msg/detail/behavior_request__struct.h
-- Symlinking: /home/csrobot/flexbe_ws/install/flexbe_msgs/include/flexbe_msgs/flexbe_msgs/msg/detail/behavior_request__type_support.h
-- Symlinking: /home/csrobot/flexbe_ws/install/flexbe_msgs/include/flexbe_msgs/flexbe_msgs/msg/detail/behavior_selection__functions.h
-- Symlinking: /home/csrobot/flexbe_ws/install/flexbe_msgs/include/flexbe_msgs/flexbe_msgs/msg/detail/behavior_selection__struct.h
-- Symlinking: /home/csrobot/flexbe_ws/install/flexbe_msgs/include/flexbe_msgs/flexbe_msgs/msg/detail/behavior_selection__type_support.h
-- Symlinking: /home/csrobot/flexbe_ws/install/flexbe_msgs/include/flexbe_msgs/flexbe_msgs/msg/detail/behavior_sync__functions.h
-- Symlinking: /home/csrobot/flexbe_ws/install/flexbe_msgs/include/flexbe_msgs/flexbe_msgs/msg/detail/behavior_sync__struct.h
-- Symlinking: /home/csrobot/flexbe_ws/install/flexbe_msgs/include/flexbe_msgs/flexbe_msgs/msg/detail/behavior_sync__type_support.h
-- Symlinking: /home/csrobot/flexbe_ws/install/flexbe_msgs/include/flexbe_msgs/flexbe_msgs/msg/detail/command_feedback__functions.h
-- Symlinking: /home/csrobot/flexbe_ws/install/flexbe_msgs/include/flexbe_msgs/flexbe_msgs/msg/detail/command_feedback__struct.h
-- Symlinking: /home/csrobot/flexbe_ws/install/flexbe_msgs/include/flexbe_msgs/flexbe_msgs/msg/detail/command_feedback__type_support.h
-- Symlinking: /home/csrobot/flexbe_ws/install/flexbe_msgs/include/flexbe_msgs/flexbe_msgs/msg/detail/container__functions.h
-- Symlinking: /home/csrobot/flexbe_ws/install/flexbe_msgs/include/flexbe_msgs/flexbe_msgs/msg/detail/container__struct.h
-- Symlinking: /home/csrobot/flexbe_ws/install/flexbe_msgs/include/flexbe_msgs/flexbe_msgs/msg/detail/container__type_support.h
-- Symlinking: /home/csrobot/flexbe_ws/install/flexbe_msgs/include/flexbe_msgs/flexbe_msgs/msg/detail/container_structure__functions.h
-- Symlinking: /home/csrobot/flexbe_ws/install/flexbe_msgs/include/flexbe_msgs/flexbe_msgs/msg/detail/container_structure__struct.h
-- Symlinking: /home/csrobot/flexbe_ws/install/flexbe_msgs/include/flexbe_msgs/flexbe_msgs/msg/detail/container_structure__type_support.h
-- Symlinking: /home/csrobot/flexbe_ws/install/flexbe_msgs/include/flexbe_msgs/flexbe_msgs/msg/detail/outcome_condition__functions.h
-- Symlinking: /home/csrobot/flexbe_ws/install/flexbe_msgs/include/flexbe_msgs/flexbe_msgs/msg/detail/outcome_condition__struct.h
-- Symlinking: /home/csrobot/flexbe_ws/install/flexbe_msgs/include/flexbe_msgs/flexbe_msgs/msg/detail/outcome_condition__type_support.h
-- Symlinking: /home/csrobot/flexbe_ws/install/flexbe_msgs/include/flexbe_msgs/flexbe_msgs/msg/detail/outcome_request__functions.h
-- Symlinking: /home/csrobot/flexbe_ws/install/flexbe_msgs/include/flexbe_msgs/flexbe_msgs/msg/detail/outcome_request__struct.h
-- Symlinking: /home/csrobot/flexbe_ws/install/flexbe_msgs/include/flexbe_msgs/flexbe_msgs/msg/detail/outcome_request__type_support.h
-- Symlinking: /home/csrobot/flexbe_ws/install/flexbe_msgs/include/flexbe_msgs/flexbe_msgs/msg/detail/state_instantiation__functions.h
-- Symlinking: /home/csrobot/flexbe_ws/install/flexbe_msgs/include/flexbe_msgs/flexbe_msgs/msg/detail/state_instantiation__struct.h
-- Symlinking: /home/csrobot/flexbe_ws/install/flexbe_msgs/include/flexbe_msgs/flexbe_msgs/msg/detail/state_instantiation__type_support.h
-- Symlinking: /home/csrobot/flexbe_ws/install/flexbe_msgs/include/flexbe_msgs/flexbe_msgs/msg/detail/state_map_msg__functions.h
-- Symlinking: /home/csrobot/flexbe_ws/install/flexbe_msgs/include/flexbe_msgs/flexbe_msgs/msg/detail/state_map_msg__struct.h
-- Symlinking: /home/csrobot/flexbe_ws/install/flexbe_msgs/include/flexbe_msgs/flexbe_msgs/msg/detail/state_map_msg__type_support.h
-- Symlinking: /home/csrobot/flexbe_ws/install/flexbe_msgs/include/flexbe_msgs/flexbe_msgs/msg/detail/synthesis_error_codes__functions.h
-- Symlinking: /home/csrobot/flexbe_ws/install/flexbe_msgs/include/flexbe_msgs/flexbe_msgs/msg/detail/synthesis_error_codes__struct.h
-- Symlinking: /home/csrobot/flexbe_ws/install/flexbe_msgs/include/flexbe_msgs/flexbe_msgs/msg/detail/synthesis_error_codes__type_support.h
-- Symlinking: /home/csrobot/flexbe_ws/install/flexbe_msgs/include/flexbe_msgs/flexbe_msgs/msg/detail/synthesis_request__functions.h
-- Symlinking: /home/csrobot/flexbe_ws/install/flexbe_msgs/include/flexbe_msgs/flexbe_msgs/msg/detail/synthesis_request__struct.h
-- Symlinking: /home/csrobot/flexbe_ws/install/flexbe_msgs/include/flexbe_msgs/flexbe_msgs/msg/detail/synthesis_request__type_support.h
-- Symlinking: /home/csrobot/flexbe_ws/install/flexbe_msgs/include/flexbe_msgs/flexbe_msgs/msg/detail/ui_command__functions.h
-- Symlinking: /home/csrobot/flexbe_ws/install/flexbe_msgs/include/flexbe_msgs/flexbe_msgs/msg/detail/ui_command__struct.h
-- Symlinking: /home/csrobot/flexbe_ws/install/flexbe_msgs/include/flexbe_msgs/flexbe_msgs/msg/detail/ui_command__type_support.h
-- Symlinking: /home/csrobot/flexbe_ws/install/flexbe_msgs/include/flexbe_msgs/flexbe_msgs/msg/detail/userdata_info__functions.h
-- Symlinking: /home/csrobot/flexbe_ws/install/flexbe_msgs/include/flexbe_msgs/flexbe_msgs/msg/detail/userdata_info__struct.h
-- Symlinking: /home/csrobot/flexbe_ws/install/flexbe_msgs/include/flexbe_msgs/flexbe_msgs/msg/detail/userdata_info__type_support.h
-- Symlinking: /home/csrobot/flexbe_ws/install/flexbe_msgs/include/flexbe_msgs/flexbe_msgs/msg/outcome_condition.h
-- Symlinking: /home/csrobot/flexbe_ws/install/flexbe_msgs/include/flexbe_msgs/flexbe_msgs/msg/outcome_request.h
-- Symlinking: /home/csrobot/flexbe_ws/install/flexbe_msgs/include/flexbe_msgs/flexbe_msgs/msg/rosidl_generator_c__visibility_control.h
-- Symlinking: /home/csrobot/flexbe_ws/install/flexbe_msgs/include/flexbe_msgs/flexbe_msgs/msg/state_instantiation.h
-- Symlinking: /home/csrobot/flexbe_ws/install/flexbe_msgs/include/flexbe_msgs/flexbe_msgs/msg/state_map_msg.h
-- Symlinking: /home/csrobot/flexbe_ws/install/flexbe_msgs/include/flexbe_msgs/flexbe_msgs/msg/synthesis_error_codes.h
-- Symlinking: /home/csrobot/flexbe_ws/install/flexbe_msgs/include/flexbe_msgs/flexbe_msgs/msg/synthesis_request.h
-- Symlinking: /home/csrobot/flexbe_ws/install/flexbe_msgs/include/flexbe_msgs/flexbe_msgs/msg/ui_command.h
-- Symlinking: /home/csrobot/flexbe_ws/install/flexbe_msgs/include/flexbe_msgs/flexbe_msgs/msg/userdata_info.h
-- Symlinking: /home/csrobot/flexbe_ws/install/flexbe_msgs/include/flexbe_msgs/flexbe_msgs/srv/detail/get_userdata__functions.h
-- Symlinking: /home/csrobot/flexbe_ws/install/flexbe_msgs/include/flexbe_msgs/flexbe_msgs/srv/detail/get_userdata__struct.h
-- Symlinking: /home/csrobot/flexbe_ws/install/flexbe_msgs/include/flexbe_msgs/flexbe_msgs/srv/detail/get_userdata__type_support.h
-- Symlinking: /home/csrobot/flexbe_ws/install/flexbe_msgs/include/flexbe_msgs/flexbe_msgs/srv/get_userdata.h
-- Symlinking: /home/csrobot/flexbe_ws/install/flexbe_msgs/share/flexbe_msgs/environment/library_path.sh
-- Symlinking: /home/csrobot/flexbe_ws/install/flexbe_msgs/share/flexbe_msgs/environment/library_path.dsv
-- Symlinking: /home/csrobot/flexbe_ws/install/flexbe_msgs/include/flexbe_msgs/flexbe_msgs/action/detail/behavior_execution__rosidl_typesupport_fastrtps_c.h
-- Symlinking: /home/csrobot/flexbe_ws/install/flexbe_msgs/include/flexbe_msgs/flexbe_msgs/action/detail/behavior_input__rosidl_typesupport_fastrtps_c.h
-- Symlinking: /home/csrobot/flexbe_ws/install/flexbe_msgs/include/flexbe_msgs/flexbe_msgs/action/detail/behavior_synthesis__rosidl_typesupport_fastrtps_c.h
-- Symlinking: /home/csrobot/flexbe_ws/install/flexbe_msgs/include/flexbe_msgs/flexbe_msgs/msg/detail/be_status__rosidl_typesupport_fastrtps_c.h
-- Symlinking: /home/csrobot/flexbe_ws/install/flexbe_msgs/include/flexbe_msgs/flexbe_msgs/msg/detail/behavior_log__rosidl_typesupport_fastrtps_c.h
-- Symlinking: /home/csrobot/flexbe_ws/install/flexbe_msgs/include/flexbe_msgs/flexbe_msgs/msg/detail/behavior_modification__rosidl_typesupport_fastrtps_c.h
-- Symlinking: /home/csrobot/flexbe_ws/install/flexbe_msgs/include/flexbe_msgs/flexbe_msgs/msg/detail/behavior_request__rosidl_typesupport_fastrtps_c.h
-- Symlinking: /home/csrobot/flexbe_ws/install/flexbe_msgs/include/flexbe_msgs/flexbe_msgs/msg/detail/behavior_selection__rosidl_typesupport_fastrtps_c.h
-- Symlinking: /home/csrobot/flexbe_ws/install/flexbe_msgs/include/flexbe_msgs/flexbe_msgs/msg/detail/behavior_sync__rosidl_typesupport_fastrtps_c.h
-- Symlinking: /home/csrobot/flexbe_ws/install/flexbe_msgs/include/flexbe_msgs/flexbe_msgs/msg/detail/command_feedback__rosidl_typesupport_fastrtps_c.h
-- Symlinking: /home/csrobot/flexbe_ws/install/flexbe_msgs/include/flexbe_msgs/flexbe_msgs/msg/detail/container__rosidl_typesupport_fastrtps_c.h
-- Symlinking: /home/csrobot/flexbe_ws/install/flexbe_msgs/include/flexbe_msgs/flexbe_msgs/msg/detail/container_structure__rosidl_typesupport_fastrtps_c.h
-- Symlinking: /home/csrobot/flexbe_ws/install/flexbe_msgs/include/flexbe_msgs/flexbe_msgs/msg/detail/outcome_condition__rosidl_typesupport_fastrtps_c.h
-- Symlinking: /home/csrobot/flexbe_ws/install/flexbe_msgs/include/flexbe_msgs/flexbe_msgs/msg/detail/outcome_request__rosidl_typesupport_fastrtps_c.h
-- Symlinking: /home/csrobot/flexbe_ws/install/flexbe_msgs/include/flexbe_msgs/flexbe_msgs/msg/detail/state_instantiation__rosidl_typesupport_fastrtps_c.h
-- Symlinking: /home/csrobot/flexbe_ws/install/flexbe_msgs/include/flexbe_msgs/flexbe_msgs/msg/detail/state_map_msg__rosidl_typesupport_fastrtps_c.h
-- Symlinking: /home/csrobot/flexbe_ws/install/flexbe_msgs/include/flexbe_msgs/flexbe_msgs/msg/detail/synthesis_error_codes__rosidl_typesupport_fastrtps_c.h
-- Symlinking: /home/csrobot/flexbe_ws/install/flexbe_msgs/include/flexbe_msgs/flexbe_msgs/msg/detail/synthesis_request__rosidl_typesupport_fastrtps_c.h
-- Symlinking: /home/csrobot/flexbe_ws/install/flexbe_msgs/include/flexbe_msgs/flexbe_msgs/msg/detail/ui_command__rosidl_typesupport_fastrtps_c.h
-- Symlinking: /home/csrobot/flexbe_ws/install/flexbe_msgs/include/flexbe_msgs/flexbe_msgs/msg/detail/userdata_info__rosidl_typesupport_fastrtps_c.h
-- Symlinking: /home/csrobot/flexbe_ws/install/flexbe_msgs/include/flexbe_msgs/flexbe_msgs/msg/rosidl_typesupport_fastrtps_c__visibility_control.h
-- Symlinking: /home/csrobot/flexbe_ws/install/flexbe_msgs/include/flexbe_msgs/flexbe_msgs/srv/detail/get_userdata__rosidl_typesupport_fastrtps_c.h
-- Symlinking: /home/csrobot/flexbe_ws/install/flexbe_msgs/include/flexbe_msgs/flexbe_msgs/action/detail/behavior_execution__rosidl_typesupport_introspection_c.h
-- Symlinking: /home/csrobot/flexbe_ws/install/flexbe_msgs/include/flexbe_msgs/flexbe_msgs/action/detail/behavior_input__rosidl_typesupport_introspection_c.h
-- Symlinking: /home/csrobot/flexbe_ws/install/flexbe_msgs/include/flexbe_msgs/flexbe_msgs/action/detail/behavior_synthesis__rosidl_typesupport_introspection_c.h
-- Symlinking: /home/csrobot/flexbe_ws/install/flexbe_msgs/include/flexbe_msgs/flexbe_msgs/msg/detail/be_status__rosidl_typesupport_introspection_c.h
-- Symlinking: /home/csrobot/flexbe_ws/install/flexbe_msgs/include/flexbe_msgs/flexbe_msgs/msg/detail/behavior_log__rosidl_typesupport_introspection_c.h
-- Symlinking: /home/csrobot/flexbe_ws/install/flexbe_msgs/include/flexbe_msgs/flexbe_msgs/msg/detail/behavior_modification__rosidl_typesupport_introspection_c.h
-- Symlinking: /home/csrobot/flexbe_ws/install/flexbe_msgs/include/flexbe_msgs/flexbe_msgs/msg/detail/behavior_request__rosidl_typesupport_introspection_c.h
-- Symlinking: /home/csrobot/flexbe_ws/install/flexbe_msgs/include/flexbe_msgs/flexbe_msgs/msg/detail/behavior_selection__rosidl_typesupport_introspection_c.h
-- Symlinking: /home/csrobot/flexbe_ws/install/flexbe_msgs/include/flexbe_msgs/flexbe_msgs/msg/detail/behavior_sync__rosidl_typesupport_introspection_c.h
-- Symlinking: /home/csrobot/flexbe_ws/install/flexbe_msgs/include/flexbe_msgs/flexbe_msgs/msg/detail/command_feedback__rosidl_typesupport_introspection_c.h
-- Symlinking: /home/csrobot/flexbe_ws/install/flexbe_msgs/include/flexbe_msgs/flexbe_msgs/msg/detail/container__rosidl_typesupport_introspection_c.h
-- Symlinking: /home/csrobot/flexbe_ws/install/flexbe_msgs/include/flexbe_msgs/flexbe_msgs/msg/detail/container_structure__rosidl_typesupport_introspection_c.h
-- Symlinking: /home/csrobot/flexbe_ws/install/flexbe_msgs/include/flexbe_msgs/flexbe_msgs/msg/detail/outcome_condition__rosidl_typesupport_introspection_c.h
-- Symlinking: /home/csrobot/flexbe_ws/install/flexbe_msgs/include/flexbe_msgs/flexbe_msgs/msg/detail/outcome_request__rosidl_typesupport_introspection_c.h
-- Symlinking: /home/csrobot/flexbe_ws/install/flexbe_msgs/include/flexbe_msgs/flexbe_msgs/msg/detail/state_instantiation__rosidl_typesupport_introspection_c.h
-- Symlinking: /home/csrobot/flexbe_ws/install/flexbe_msgs/include/flexbe_msgs/flexbe_msgs/msg/detail/state_map_msg__rosidl_typesupport_introspection_c.h
-- Symlinking: /home/csrobot/flexbe_ws/install/flexbe_msgs/include/flexbe_msgs/flexbe_msgs/msg/detail/synthesis_error_codes__rosidl_typesupport_introspection_c.h
-- Symlinking: /home/csrobot/flexbe_ws/install/flexbe_msgs/include/flexbe_msgs/flexbe_msgs/msg/detail/synthesis_request__rosidl_typesupport_introspection_c.h
-- Symlinking: /home/csrobot/flexbe_ws/install/flexbe_msgs/include/flexbe_msgs/flexbe_msgs/msg/detail/ui_command__rosidl_typesupport_introspection_c.h
-- Symlinking: /home/csrobot/flexbe_ws/install/flexbe_msgs/include/flexbe_msgs/flexbe_msgs/msg/detail/userdata_info__rosidl_typesupport_introspection_c.h
-- Symlinking: /home/csrobot/flexbe_ws/install/flexbe_msgs/include/flexbe_msgs/flexbe_msgs/msg/rosidl_typesupport_introspection_c__visibility_control.h
-- Symlinking: /home/csrobot/flexbe_ws/install/flexbe_msgs/include/flexbe_msgs/flexbe_msgs/srv/detail/get_userdata__rosidl_typesupport_introspection_c.h
-- Symlinking: /home/csrobot/flexbe_ws/install/flexbe_msgs/include/flexbe_msgs/flexbe_msgs/action/behavior_execution.hpp
-- Symlinking: /home/csrobot/flexbe_ws/install/flexbe_msgs/include/flexbe_msgs/flexbe_msgs/action/behavior_input.hpp
-- Symlinking: /home/csrobot/flexbe_ws/install/flexbe_msgs/include/flexbe_msgs/flexbe_msgs/action/behavior_synthesis.hpp
-- Symlinking: /home/csrobot/flexbe_ws/install/flexbe_msgs/include/flexbe_msgs/flexbe_msgs/action/detail/behavior_execution__builder.hpp
-- Symlinking: /home/csrobot/flexbe_ws/install/flexbe_msgs/include/flexbe_msgs/flexbe_msgs/action/detail/behavior_execution__struct.hpp
-- Symlinking: /home/csrobot/flexbe_ws/install/flexbe_msgs/include/flexbe_msgs/flexbe_msgs/action/detail/behavior_execution__traits.hpp
-- Symlinking: /home/csrobot/flexbe_ws/install/flexbe_msgs/include/flexbe_msgs/flexbe_msgs/action/detail/behavior_execution__type_support.hpp
-- Symlinking: /home/csrobot/flexbe_ws/install/flexbe_msgs/include/flexbe_msgs/flexbe_msgs/action/detail/behavior_input__builder.hpp
-- Symlinking: /home/csrobot/flexbe_ws/install/flexbe_msgs/include/flexbe_msgs/flexbe_msgs/action/detail/behavior_input__struct.hpp
-- Symlinking: /home/csrobot/flexbe_ws/install/flexbe_msgs/include/flexbe_msgs/flexbe_msgs/action/detail/behavior_input__traits.hpp
-- Symlinking: /home/csrobot/flexbe_ws/install/flexbe_msgs/include/flexbe_msgs/flexbe_msgs/action/detail/behavior_input__type_support.hpp
-- Symlinking: /home/csrobot/flexbe_ws/install/flexbe_msgs/include/flexbe_msgs/flexbe_msgs/action/detail/behavior_synthesis__builder.hpp
-- Symlinking: /home/csrobot/flexbe_ws/install/flexbe_msgs/include/flexbe_msgs/flexbe_msgs/action/detail/behavior_synthesis__struct.hpp
-- Symlinking: /home/csrobot/flexbe_ws/install/flexbe_msgs/include/flexbe_msgs/flexbe_msgs/action/detail/behavior_synthesis__traits.hpp
-- Symlinking: /home/csrobot/flexbe_ws/install/flexbe_msgs/include/flexbe_msgs/flexbe_msgs/action/detail/behavior_synthesis__type_support.hpp
-- Symlinking: /home/csrobot/flexbe_ws/install/flexbe_msgs/include/flexbe_msgs/flexbe_msgs/msg/be_status.hpp
-- Symlinking: /home/csrobot/flexbe_ws/install/flexbe_msgs/include/flexbe_msgs/flexbe_msgs/msg/behavior_log.hpp
-- Symlinking: /home/csrobot/flexbe_ws/install/flexbe_msgs/include/flexbe_msgs/flexbe_msgs/msg/behavior_modification.hpp
-- Symlinking: /home/csrobot/flexbe_ws/install/flexbe_msgs/include/flexbe_msgs/flexbe_msgs/msg/behavior_request.hpp
-- Symlinking: /home/csrobot/flexbe_ws/install/flexbe_msgs/include/flexbe_msgs/flexbe_msgs/msg/behavior_selection.hpp
-- Symlinking: /home/csrobot/flexbe_ws/install/flexbe_msgs/include/flexbe_msgs/flexbe_msgs/msg/behavior_sync.hpp
-- Symlinking: /home/csrobot/flexbe_ws/install/flexbe_msgs/include/flexbe_msgs/flexbe_msgs/msg/command_feedback.hpp
-- Symlinking: /home/csrobot/flexbe_ws/install/flexbe_msgs/include/flexbe_msgs/flexbe_msgs/msg/container.hpp
-- Symlinking: /home/csrobot/flexbe_ws/install/flexbe_msgs/include/flexbe_msgs/flexbe_msgs/msg/container_structure.hpp
-- Symlinking: /home/csrobot/flexbe_ws/install/flexbe_msgs/include/flexbe_msgs/flexbe_msgs/msg/detail/be_status__builder.hpp
-- Symlinking: /home/csrobot/flexbe_ws/install/flexbe_msgs/include/flexbe_msgs/flexbe_msgs/msg/detail/be_status__struct.hpp
-- Symlinking: /home/csrobot/flexbe_ws/install/flexbe_msgs/include/flexbe_msgs/flexbe_msgs/msg/detail/be_status__traits.hpp
-- Symlinking: /home/csrobot/flexbe_ws/install/flexbe_msgs/include/flexbe_msgs/flexbe_msgs/msg/detail/be_status__type_support.hpp
-- Symlinking: /home/csrobot/flexbe_ws/install/flexbe_msgs/include/flexbe_msgs/flexbe_msgs/msg/detail/behavior_log__builder.hpp
-- Symlinking: /home/csrobot/flexbe_ws/install/flexbe_msgs/include/flexbe_msgs/flexbe_msgs/msg/detail/behavior_log__struct.hpp
-- Symlinking: /home/csrobot/flexbe_ws/install/flexbe_msgs/include/flexbe_msgs/flexbe_msgs/msg/detail/behavior_log__traits.hpp
-- Symlinking: /home/csrobot/flexbe_ws/install/flexbe_msgs/include/flexbe_msgs/flexbe_msgs/msg/detail/behavior_log__type_support.hpp
-- Symlinking: /home/csrobot/flexbe_ws/install/flexbe_msgs/include/flexbe_msgs/flexbe_msgs/msg/detail/behavior_modification__builder.hpp
-- Symlinking: /home/csrobot/flexbe_ws/install/flexbe_msgs/include/flexbe_msgs/flexbe_msgs/msg/detail/behavior_modification__struct.hpp
-- Symlinking: /home/csrobot/flexbe_ws/install/flexbe_msgs/include/flexbe_msgs/flexbe_msgs/msg/detail/behavior_modification__traits.hpp
-- Symlinking: /home/csrobot/flexbe_ws/install/flexbe_msgs/include/flexbe_msgs/flexbe_msgs/msg/detail/behavior_modification__type_support.hpp
-- Symlinking: /home/csrobot/flexbe_ws/install/flexbe_msgs/include/flexbe_msgs/flexbe_msgs/msg/detail/behavior_request__builder.hpp
-- Symlinking: /home/csrobot/flexbe_ws/install/flexbe_msgs/include/flexbe_msgs/flexbe_msgs/msg/detail/behavior_request__struct.hpp
-- Symlinking: /home/csrobot/flexbe_ws/install/flexbe_msgs/include/flexbe_msgs/flexbe_msgs/msg/detail/behavior_request__traits.hpp
-- Symlinking: /home/csrobot/flexbe_ws/install/flexbe_msgs/include/flexbe_msgs/flexbe_msgs/msg/detail/behavior_request__type_support.hpp
-- Symlinking: /home/csrobot/flexbe_ws/install/flexbe_msgs/include/flexbe_msgs/flexbe_msgs/msg/detail/behavior_selection__builder.hpp
-- Symlinking: /home/csrobot/flexbe_ws/install/flexbe_msgs/include/flexbe_msgs/flexbe_msgs/msg/detail/behavior_selection__struct.hpp
-- Symlinking: /home/csrobot/flexbe_ws/install/flexbe_msgs/include/flexbe_msgs/flexbe_msgs/msg/detail/behavior_selection__traits.hpp
-- Symlinking: /home/csrobot/flexbe_ws/install/flexbe_msgs/include/flexbe_msgs/flexbe_msgs/msg/detail/behavior_selection__type_support.hpp
-- Symlinking: /home/csrobot/flexbe_ws/install/flexbe_msgs/include/flexbe_msgs/flexbe_msgs/msg/detail/behavior_sync__builder.hpp
-- Symlinking: /home/csrobot/flexbe_ws/install/flexbe_msgs/include/flexbe_msgs/flexbe_msgs/msg/detail/behavior_sync__struct.hpp
-- Symlinking: /home/csrobot/flexbe_ws/install/flexbe_msgs/include/flexbe_msgs/flexbe_msgs/msg/detail/behavior_sync__traits.hpp
-- Symlinking: /home/csrobot/flexbe_ws/install/flexbe_msgs/include/flexbe_msgs/flexbe_msgs/msg/detail/behavior_sync__type_support.hpp
-- Symlinking: /home/csrobot/flexbe_ws/install/flexbe_msgs/include/flexbe_msgs/flexbe_msgs/msg/detail/command_feedback__builder.hpp
-- Symlinking: /home/csrobot/flexbe_ws/install/flexbe_msgs/include/flexbe_msgs/flexbe_msgs/msg/detail/command_feedback__struct.hpp
-- Symlinking: /home/csrobot/flexbe_ws/install/flexbe_msgs/include/flexbe_msgs/flexbe_msgs/msg/detail/command_feedback__traits.hpp
-- Symlinking: /home/csrobot/flexbe_ws/install/flexbe_msgs/include/flexbe_msgs/flexbe_msgs/msg/detail/command_feedback__type_support.hpp
-- Symlinking: /home/csrobot/flexbe_ws/install/flexbe_msgs/include/flexbe_msgs/flexbe_msgs/msg/detail/container__builder.hpp
-- Symlinking: /home/csrobot/flexbe_ws/install/flexbe_msgs/include/flexbe_msgs/flexbe_msgs/msg/detail/container__struct.hpp
-- Symlinking: /home/csrobot/flexbe_ws/install/flexbe_msgs/include/flexbe_msgs/flexbe_msgs/msg/detail/container__traits.hpp
-- Symlinking: /home/csrobot/flexbe_ws/install/flexbe_msgs/include/flexbe_msgs/flexbe_msgs/msg/detail/container__type_support.hpp
-- Symlinking: /home/csrobot/flexbe_ws/install/flexbe_msgs/include/flexbe_msgs/flexbe_msgs/msg/detail/container_structure__builder.hpp
-- Symlinking: /home/csrobot/flexbe_ws/install/flexbe_msgs/include/flexbe_msgs/flexbe_msgs/msg/detail/container_structure__struct.hpp
-- Symlinking: /home/csrobot/flexbe_ws/install/flexbe_msgs/include/flexbe_msgs/flexbe_msgs/msg/detail/container_structure__traits.hpp
-- Symlinking: /home/csrobot/flexbe_ws/install/flexbe_msgs/include/flexbe_msgs/flexbe_msgs/msg/detail/container_structure__type_support.hpp
-- Symlinking: /home/csrobot/flexbe_ws/install/flexbe_msgs/include/flexbe_msgs/flexbe_msgs/msg/detail/outcome_condition__builder.hpp
-- Symlinking: /home/csrobot/flexbe_ws/install/flexbe_msgs/include/flexbe_msgs/flexbe_msgs/msg/detail/outcome_condition__struct.hpp
-- Symlinking: /home/csrobot/flexbe_ws/install/flexbe_msgs/include/flexbe_msgs/flexbe_msgs/msg/detail/outcome_condition__traits.hpp
-- Symlinking: /home/csrobot/flexbe_ws/install/flexbe_msgs/include/flexbe_msgs/flexbe_msgs/msg/detail/outcome_condition__type_support.hpp
-- Symlinking: /home/csrobot/flexbe_ws/install/flexbe_msgs/include/flexbe_msgs/flexbe_msgs/msg/detail/outcome_request__builder.hpp
-- Symlinking: /home/csrobot/flexbe_ws/install/flexbe_msgs/include/flexbe_msgs/flexbe_msgs/msg/detail/outcome_request__struct.hpp
-- Symlinking: /home/csrobot/flexbe_ws/install/flexbe_msgs/include/flexbe_msgs/flexbe_msgs/msg/detail/outcome_request__traits.hpp
-- Symlinking: /home/csrobot/flexbe_ws/install/flexbe_msgs/include/flexbe_msgs/flexbe_msgs/msg/detail/outcome_request__type_support.hpp
-- Symlinking: /home/csrobot/flexbe_ws/install/flexbe_msgs/include/flexbe_msgs/flexbe_msgs/msg/detail/state_instantiation__builder.hpp
-- Symlinking: /home/csrobot/flexbe_ws/install/flexbe_msgs/include/flexbe_msgs/flexbe_msgs/msg/detail/state_instantiation__struct.hpp
-- Symlinking: /home/csrobot/flexbe_ws/install/flexbe_msgs/include/flexbe_msgs/flexbe_msgs/msg/detail/state_instantiation__traits.hpp
-- Symlinking: /home/csrobot/flexbe_ws/install/flexbe_msgs/include/flexbe_msgs/flexbe_msgs/msg/detail/state_instantiation__type_support.hpp
-- Symlinking: /home/csrobot/flexbe_ws/install/flexbe_msgs/include/flexbe_msgs/flexbe_msgs/msg/detail/state_map_msg__builder.hpp
-- Symlinking: /home/csrobot/flexbe_ws/install/flexbe_msgs/include/flexbe_msgs/flexbe_msgs/msg/detail/state_map_msg__struct.hpp
-- Symlinking: /home/csrobot/flexbe_ws/install/flexbe_msgs/include/flexbe_msgs/flexbe_msgs/msg/detail/state_map_msg__traits.hpp
-- Symlinking: /home/csrobot/flexbe_ws/install/flexbe_msgs/include/flexbe_msgs/flexbe_msgs/msg/detail/state_map_msg__type_support.hpp
-- Symlinking: /home/csrobot/flexbe_ws/install/flexbe_msgs/include/flexbe_msgs/flexbe_msgs/msg/detail/synthesis_error_codes__builder.hpp
-- Symlinking: /home/csrobot/flexbe_ws/install/flexbe_msgs/include/flexbe_msgs/flexbe_msgs/msg/detail/synthesis_error_codes__struct.hpp
-- Symlinking: /home/csrobot/flexbe_ws/install/flexbe_msgs/include/flexbe_msgs/flexbe_msgs/msg/detail/synthesis_error_codes__traits.hpp
-- Symlinking: /home/csrobot/flexbe_ws/install/flexbe_msgs/include/flexbe_msgs/flexbe_msgs/msg/detail/synthesis_error_codes__type_support.hpp
-- Symlinking: /home/csrobot/flexbe_ws/install/flexbe_msgs/include/flexbe_msgs/flexbe_msgs/msg/detail/synthesis_request__builder.hpp
-- Symlinking: /home/csrobot/flexbe_ws/install/flexbe_msgs/include/flexbe_msgs/flexbe_msgs/msg/detail/synthesis_request__struct.hpp
-- Symlinking: /home/csrobot/flexbe_ws/install/flexbe_msgs/include/flexbe_msgs/flexbe_msgs/msg/detail/synthesis_request__traits.hpp
-- Symlinking: /home/csrobot/flexbe_ws/install/flexbe_msgs/include/flexbe_msgs/flexbe_msgs/msg/detail/synthesis_request__type_support.hpp
-- Symlinking: /home/csrobot/flexbe_ws/install/flexbe_msgs/include/flexbe_msgs/flexbe_msgs/msg/detail/ui_command__builder.hpp
-- Symlinking: /home/csrobot/flexbe_ws/install/flexbe_msgs/include/flexbe_msgs/flexbe_msgs/msg/detail/ui_command__struct.hpp
-- Symlinking: /home/csrobot/flexbe_ws/install/flexbe_msgs/include/flexbe_msgs/flexbe_msgs/msg/detail/ui_command__traits.hpp
-- Symlinking: /home/csrobot/flexbe_ws/install/flexbe_msgs/include/flexbe_msgs/flexbe_msgs/msg/detail/ui_command__type_support.hpp
-- Symlinking: /home/csrobot/flexbe_ws/install/flexbe_msgs/include/flexbe_msgs/flexbe_msgs/msg/detail/userdata_info__builder.hpp
-- Symlinking: /home/csrobot/flexbe_ws/install/flexbe_msgs/include/flexbe_msgs/flexbe_msgs/msg/detail/userdata_info__struct.hpp
-- Symlinking: /home/csrobot/flexbe_ws/install/flexbe_msgs/include/flexbe_msgs/flexbe_msgs/msg/detail/userdata_info__traits.hpp
-- Symlinking: /home/csrobot/flexbe_ws/install/flexbe_msgs/include/flexbe_msgs/flexbe_msgs/msg/detail/userdata_info__type_support.hpp
-- Symlinking: /home/csrobot/flexbe_ws/install/flexbe_msgs/include/flexbe_msgs/flexbe_msgs/msg/outcome_condition.hpp
-- Symlinking: /home/csrobot/flexbe_ws/install/flexbe_msgs/include/flexbe_msgs/flexbe_msgs/msg/outcome_request.hpp
-- Symlinking: /home/csrobot/flexbe_ws/install/flexbe_msgs/include/flexbe_msgs/flexbe_msgs/msg/rosidl_generator_cpp__visibility_control.hpp
-- Symlinking: /home/csrobot/flexbe_ws/install/flexbe_msgs/include/flexbe_msgs/flexbe_msgs/msg/state_instantiation.hpp
-- Symlinking: /home/csrobot/flexbe_ws/install/flexbe_msgs/include/flexbe_msgs/flexbe_msgs/msg/state_map_msg.hpp
-- Symlinking: /home/csrobot/flexbe_ws/install/flexbe_msgs/include/flexbe_msgs/flexbe_msgs/msg/synthesis_error_codes.hpp
-- Symlinking: /home/csrobot/flexbe_ws/install/flexbe_msgs/include/flexbe_msgs/flexbe_msgs/msg/synthesis_request.hpp
-- Symlinking: /home/csrobot/flexbe_ws/install/flexbe_msgs/include/flexbe_msgs/flexbe_msgs/msg/ui_command.hpp
-- Symlinking: /home/csrobot/flexbe_ws/install/flexbe_msgs/include/flexbe_msgs/flexbe_msgs/msg/userdata_info.hpp
-- Symlinking: /home/csrobot/flexbe_ws/install/flexbe_msgs/include/flexbe_msgs/flexbe_msgs/srv/detail/get_userdata__builder.hpp
-- Symlinking: /home/csrobot/flexbe_ws/install/flexbe_msgs/include/flexbe_msgs/flexbe_msgs/srv/detail/get_userdata__struct.hpp
-- Symlinking: /home/csrobot/flexbe_ws/install/flexbe_msgs/include/flexbe_msgs/flexbe_msgs/srv/detail/get_userdata__traits.hpp
-- Symlinking: /home/csrobot/flexbe_ws/install/flexbe_msgs/include/flexbe_msgs/flexbe_msgs/srv/detail/get_userdata__type_support.hpp
-- Symlinking: /home/csrobot/flexbe_ws/install/flexbe_msgs/include/flexbe_msgs/flexbe_msgs/srv/get_userdata.hpp
-- Symlinking: /home/csrobot/flexbe_ws/install/flexbe_msgs/include/flexbe_msgs/flexbe_msgs/action/detail/behavior_execution__rosidl_typesupport_fastrtps_cpp.hpp
-- Symlinking: /home/csrobot/flexbe_ws/install/flexbe_msgs/include/flexbe_msgs/flexbe_msgs/action/detail/behavior_input__rosidl_typesupport_fastrtps_cpp.hpp
-- Symlinking: /home/csrobot/flexbe_ws/install/flexbe_msgs/include/flexbe_msgs/flexbe_msgs/action/detail/behavior_synthesis__rosidl_typesupport_fastrtps_cpp.hpp
-- Symlinking: /home/csrobot/flexbe_ws/install/flexbe_msgs/include/flexbe_msgs/flexbe_msgs/msg/detail/be_status__rosidl_typesupport_fastrtps_cpp.hpp
-- Symlinking: /home/csrobot/flexbe_ws/install/flexbe_msgs/include/flexbe_msgs/flexbe_msgs/msg/detail/behavior_log__rosidl_typesupport_fastrtps_cpp.hpp
-- Symlinking: /home/csrobot/flexbe_ws/install/flexbe_msgs/include/flexbe_msgs/flexbe_msgs/msg/detail/behavior_modification__rosidl_typesupport_fastrtps_cpp.hpp
-- Symlinking: /home/csrobot/flexbe_ws/install/flexbe_msgs/include/flexbe_msgs/flexbe_msgs/msg/detail/behavior_request__rosidl_typesupport_fastrtps_cpp.hpp
-- Symlinking: /home/csrobot/flexbe_ws/install/flexbe_msgs/include/flexbe_msgs/flexbe_msgs/msg/detail/behavior_selection__rosidl_typesupport_fastrtps_cpp.hpp
-- Symlinking: /home/csrobot/flexbe_ws/install/flexbe_msgs/include/flexbe_msgs/flexbe_msgs/msg/detail/behavior_sync__rosidl_typesupport_fastrtps_cpp.hpp
-- Symlinking: /home/csrobot/flexbe_ws/install/flexbe_msgs/include/flexbe_msgs/flexbe_msgs/msg/detail/command_feedback__rosidl_typesupport_fastrtps_cpp.hpp
-- Symlinking: /home/csrobot/flexbe_ws/install/flexbe_msgs/include/flexbe_msgs/flexbe_msgs/msg/detail/container__rosidl_typesupport_fastrtps_cpp.hpp
-- Symlinking: /home/csrobot/flexbe_ws/install/flexbe_msgs/include/flexbe_msgs/flexbe_msgs/msg/detail/container_structure__rosidl_typesupport_fastrtps_cpp.hpp
-- Symlinking: /home/csrobot/flexbe_ws/install/flexbe_msgs/include/flexbe_msgs/flexbe_msgs/msg/detail/outcome_condition__rosidl_typesupport_fastrtps_cpp.hpp
-- Symlinking: /home/csrobot/flexbe_ws/install/flexbe_msgs/include/flexbe_msgs/flexbe_msgs/msg/detail/outcome_request__rosidl_typesupport_fastrtps_cpp.hpp
-- Symlinking: /home/csrobot/flexbe_ws/install/flexbe_msgs/include/flexbe_msgs/flexbe_msgs/msg/detail/state_instantiation__rosidl_typesupport_fastrtps_cpp.hpp
-- Symlinking: /home/csrobot/flexbe_ws/install/flexbe_msgs/include/flexbe_msgs/flexbe_msgs/msg/detail/state_map_msg__rosidl_typesupport_fastrtps_cpp.hpp
-- Symlinking: /home/csrobot/flexbe_ws/install/flexbe_msgs/include/flexbe_msgs/flexbe_msgs/msg/detail/synthesis_error_codes__rosidl_typesupport_fastrtps_cpp.hpp
-- Symlinking: /home/csrobot/flexbe_ws/install/flexbe_msgs/include/flexbe_msgs/flexbe_msgs/msg/detail/synthesis_request__rosidl_typesupport_fastrtps_cpp.hpp
-- Symlinking: /home/csrobot/flexbe_ws/install/flexbe_msgs/include/flexbe_msgs/flexbe_msgs/msg/detail/ui_command__rosidl_typesupport_fastrtps_cpp.hpp
-- Symlinking: /home/csrobot/flexbe_ws/install/flexbe_msgs/include/flexbe_msgs/flexbe_msgs/msg/detail/userdata_info__rosidl_typesupport_fastrtps_cpp.hpp
-- Symlinking: /home/csrobot/flexbe_ws/install/flexbe_msgs/include/flexbe_msgs/flexbe_msgs/msg/rosidl_typesupport_fastrtps_cpp__visibility_control.h
-- Symlinking: /home/csrobot/flexbe_ws/install/flexbe_msgs/include/flexbe_msgs/flexbe_msgs/srv/detail/get_userdata__rosidl_typesupport_fastrtps_cpp.hpp
-- Symlinking: /home/csrobot/flexbe_ws/install/flexbe_msgs/include/flexbe_msgs/flexbe_msgs/action/detail/behavior_execution__rosidl_typesupport_introspection_cpp.hpp
-- Symlinking: /home/csrobot/flexbe_ws/install/flexbe_msgs/include/flexbe_msgs/flexbe_msgs/action/detail/behavior_input__rosidl_typesupport_introspection_cpp.hpp
-- Symlinking: /home/csrobot/flexbe_ws/install/flexbe_msgs/include/flexbe_msgs/flexbe_msgs/action/detail/behavior_synthesis__rosidl_typesupport_introspection_cpp.hpp
-- Symlinking: /home/csrobot/flexbe_ws/install/flexbe_msgs/include/flexbe_msgs/flexbe_msgs/msg/detail/be_status__rosidl_typesupport_introspection_cpp.hpp
-- Symlinking: /home/csrobot/flexbe_ws/install/flexbe_msgs/include/flexbe_msgs/flexbe_msgs/msg/detail/behavior_log__rosidl_typesupport_introspection_cpp.hpp
-- Symlinking: /home/csrobot/flexbe_ws/install/flexbe_msgs/include/flexbe_msgs/flexbe_msgs/msg/detail/behavior_modification__rosidl_typesupport_introspection_cpp.hpp
-- Symlinking: /home/csrobot/flexbe_ws/install/flexbe_msgs/include/flexbe_msgs/flexbe_msgs/msg/detail/behavior_request__rosidl_typesupport_introspection_cpp.hpp
-- Symlinking: /home/csrobot/flexbe_ws/install/flexbe_msgs/include/flexbe_msgs/flexbe_msgs/msg/detail/behavior_selection__rosidl_typesupport_introspection_cpp.hpp
-- Symlinking: /home/csrobot/flexbe_ws/install/flexbe_msgs/include/flexbe_msgs/flexbe_msgs/msg/detail/behavior_sync__rosidl_typesupport_introspection_cpp.hpp
-- Symlinking: /home/csrobot/flexbe_ws/install/flexbe_msgs/include/flexbe_msgs/flexbe_msgs/msg/detail/command_feedback__rosidl_typesupport_introspection_cpp.hpp
-- Symlinking: /home/csrobot/flexbe_ws/install/flexbe_msgs/include/flexbe_msgs/flexbe_msgs/msg/detail/container__rosidl_typesupport_introspection_cpp.hpp
-- Symlinking: /home/csrobot/flexbe_ws/install/flexbe_msgs/include/flexbe_msgs/flexbe_msgs/msg/detail/container_structure__rosidl_typesupport_introspection_cpp.hpp
-- Symlinking: /home/csrobot/flexbe_ws/install/flexbe_msgs/include/flexbe_msgs/flexbe_msgs/msg/detail/outcome_condition__rosidl_typesupport_introspection_cpp.hpp
-- Symlinking: /home/csrobot/flexbe_ws/install/flexbe_msgs/include/flexbe_msgs/flexbe_msgs/msg/detail/outcome_request__rosidl_typesupport_introspection_cpp.hpp
-- Symlinking: /home/csrobot/flexbe_ws/install/flexbe_msgs/include/flexbe_msgs/flexbe_msgs/msg/detail/state_instantiation__rosidl_typesupport_introspection_cpp.hpp
-- Symlinking: /home/csrobot/flexbe_ws/install/flexbe_msgs/include/flexbe_msgs/flexbe_msgs/msg/detail/state_map_msg__rosidl_typesupport_introspection_cpp.hpp
-- Symlinking: /home/csrobot/flexbe_ws/install/flexbe_msgs/include/flexbe_msgs/flexbe_msgs/msg/detail/synthesis_error_codes__rosidl_typesupport_introspection_cpp.hpp
-- Symlinking: /home/csrobot/flexbe_ws/install/flexbe_msgs/include/flexbe_msgs/flexbe_msgs/msg/detail/synthesis_request__rosidl_typesupport_introspection_cpp.hpp
-- Symlinking: /home/csrobot/flexbe_ws/install/flexbe_msgs/include/flexbe_msgs/flexbe_msgs/msg/detail/ui_command__rosidl_typesupport_introspection_cpp.hpp
-- Symlinking: /home/csrobot/flexbe_ws/install/flexbe_msgs/include/flexbe_msgs/flexbe_msgs/msg/detail/userdata_info__rosidl_typesupport_introspection_cpp.hpp
-- Symlinking: /home/csrobot/flexbe_ws/install/flexbe_msgs/include/flexbe_msgs/flexbe_msgs/srv/detail/get_userdata__rosidl_typesupport_introspection_cpp.hpp
-- Symlinking: /home/csrobot/flexbe_ws/install/flexbe_msgs/share/flexbe_msgs/environment/pythonpath.sh
-- Symlinking: /home/csrobot/flexbe_ws/install/flexbe_msgs/share/flexbe_msgs/environment/pythonpath.dsv
-- Symlinking: /home/csrobot/flexbe_ws/install/flexbe_msgs/lib/python3.12/site-packages/flexbe_msgs-4.0.1-py3.12.egg-info/PKG-INFO
-- Symlinking: /home/csrobot/flexbe_ws/install/flexbe_msgs/lib/python3.12/site-packages/flexbe_msgs-4.0.1-py3.12.egg-info/SOURCES.txt
-- Symlinking: /home/csrobot/flexbe_ws/install/flexbe_msgs/lib/python3.12/site-packages/flexbe_msgs-4.0.1-py3.12.egg-info/dependency_links.txt
-- Symlinking: /home/csrobot/flexbe_ws/install/flexbe_msgs/lib/python3.12/site-packages/flexbe_msgs-4.0.1-py3.12.egg-info/top_level.txt
-- Symlinking: /home/csrobot/flexbe_ws/install/flexbe_msgs/lib/python3.12/site-packages/flexbe_msgs/__init__.py
-- Symlinking: /home/csrobot/flexbe_ws/install/flexbe_msgs/lib/python3.12/site-packages/flexbe_msgs/_flexbe_msgs_s.ep.rosidl_typesupport_c.c
-- Symlinking: /home/csrobot/flexbe_ws/install/flexbe_msgs/lib/python3.12/site-packages/flexbe_msgs/_flexbe_msgs_s.ep.rosidl_typesupport_fastrtps_c.c
-- Symlinking: /home/csrobot/flexbe_ws/install/flexbe_msgs/lib/python3.12/site-packages/flexbe_msgs/_flexbe_msgs_s.ep.rosidl_typesupport_introspection_c.c
-- Symlinking: /home/csrobot/flexbe_ws/install/flexbe_msgs/lib/python3.12/site-packages/flexbe_msgs/action/__init__.py
-- Symlinking: /home/csrobot/flexbe_ws/install/flexbe_msgs/lib/python3.12/site-packages/flexbe_msgs/action/_behavior_execution.py
-- Symlinking: /home/csrobot/flexbe_ws/install/flexbe_msgs/lib/python3.12/site-packages/flexbe_msgs/action/_behavior_execution_s.c
-- Symlinking: /home/csrobot/flexbe_ws/install/flexbe_msgs/lib/python3.12/site-packages/flexbe_msgs/action/_behavior_input.py
-- Symlinking: /home/csrobot/flexbe_ws/install/flexbe_msgs/lib/python3.12/site-packages/flexbe_msgs/action/_behavior_input_s.c
-- Symlinking: /home/csrobot/flexbe_ws/install/flexbe_msgs/lib/python3.12/site-packages/flexbe_msgs/action/_behavior_synthesis.py
-- Symlinking: /home/csrobot/flexbe_ws/install/flexbe_msgs/lib/python3.12/site-packages/flexbe_msgs/action/_behavior_synthesis_s.c
-- Symlinking: /home/csrobot/flexbe_ws/install/flexbe_msgs/lib/python3.12/site-packages/flexbe_msgs/flexbe_msgs_s__rosidl_typesupport_c.so
-- Symlinking: /home/csrobot/flexbe_ws/install/flexbe_msgs/lib/python3.12/site-packages/flexbe_msgs/flexbe_msgs_s__rosidl_typesupport_fastrtps_c.so
-- Symlinking: /home/csrobot/flexbe_ws/install/flexbe_msgs/lib/python3.12/site-packages/flexbe_msgs/flexbe_msgs_s__rosidl_typesupport_introspection_c.so
-- Symlinking: /home/csrobot/flexbe_ws/install/flexbe_msgs/lib/python3.12/site-packages/flexbe_msgs/msg/__init__.py
-- Symlinking: /home/csrobot/flexbe_ws/install/flexbe_msgs/lib/python3.12/site-packages/flexbe_msgs/msg/_be_status.py
-- Symlinking: /home/csrobot/flexbe_ws/install/flexbe_msgs/lib/python3.12/site-packages/flexbe_msgs/msg/_be_status_s.c
-- Symlinking: /home/csrobot/flexbe_ws/install/flexbe_msgs/lib/python3.12/site-packages/flexbe_msgs/msg/_behavior_log.py
-- Symlinking: /home/csrobot/flexbe_ws/install/flexbe_msgs/lib/python3.12/site-packages/flexbe_msgs/msg/_behavior_log_s.c
-- Symlinking: /home/csrobot/flexbe_ws/install/flexbe_msgs/lib/python3.12/site-packages/flexbe_msgs/msg/_behavior_modification.py
-- Symlinking: /home/csrobot/flexbe_ws/install/flexbe_msgs/lib/python3.12/site-packages/flexbe_msgs/msg/_behavior_modification_s.c
-- Symlinking: /home/csrobot/flexbe_ws/install/flexbe_msgs/lib/python3.12/site-packages/flexbe_msgs/msg/_behavior_request.py
-- Symlinking: /home/csrobot/flexbe_ws/install/flexbe_msgs/lib/python3.12/site-packages/flexbe_msgs/msg/_behavior_request_s.c
-- Symlinking: /home/csrobot/flexbe_ws/install/flexbe_msgs/lib/python3.12/site-packages/flexbe_msgs/msg/_behavior_selection.py
-- Symlinking: /home/csrobot/flexbe_ws/install/flexbe_msgs/lib/python3.12/site-packages/flexbe_msgs/msg/_behavior_selection_s.c
-- Symlinking: /home/csrobot/flexbe_ws/install/flexbe_msgs/lib/python3.12/site-packages/flexbe_msgs/msg/_behavior_sync.py
-- Symlinking: /home/csrobot/flexbe_ws/install/flexbe_msgs/lib/python3.12/site-packages/flexbe_msgs/msg/_behavior_sync_s.c
-- Symlinking: /home/csrobot/flexbe_ws/install/flexbe_msgs/lib/python3.12/site-packages/flexbe_msgs/msg/_command_feedback.py
-- Symlinking: /home/csrobot/flexbe_ws/install/flexbe_msgs/lib/python3.12/site-packages/flexbe_msgs/msg/_command_feedback_s.c
-- Symlinking: /home/csrobot/flexbe_ws/install/flexbe_msgs/lib/python3.12/site-packages/flexbe_msgs/msg/_container.py
-- Symlinking: /home/csrobot/flexbe_ws/install/flexbe_msgs/lib/python3.12/site-packages/flexbe_msgs/msg/_container_s.c
-- Symlinking: /home/csrobot/flexbe_ws/install/flexbe_msgs/lib/python3.12/site-packages/flexbe_msgs/msg/_container_structure.py
-- Symlinking: /home/csrobot/flexbe_ws/install/flexbe_msgs/lib/python3.12/site-packages/flexbe_msgs/msg/_container_structure_s.c
-- Symlinking: /home/csrobot/flexbe_ws/install/flexbe_msgs/lib/python3.12/site-packages/flexbe_msgs/msg/_outcome_condition.py
-- Symlinking: /home/csrobot/flexbe_ws/install/flexbe_msgs/lib/python3.12/site-packages/flexbe_msgs/msg/_outcome_condition_s.c
-- Symlinking: /home/csrobot/flexbe_ws/install/flexbe_msgs/lib/python3.12/site-packages/flexbe_msgs/msg/_outcome_request.py
-- Symlinking: /home/csrobot/flexbe_ws/install/flexbe_msgs/lib/python3.12/site-packages/flexbe_msgs/msg/_outcome_request_s.c
-- Symlinking: /home/csrobot/flexbe_ws/install/flexbe_msgs/lib/python3.12/site-packages/flexbe_msgs/msg/_state_instantiation.py
-- Symlinking: /home/csrobot/flexbe_ws/install/flexbe_msgs/lib/python3.12/site-packages/flexbe_msgs/msg/_state_instantiation_s.c
-- Symlinking: /home/csrobot/flexbe_ws/install/flexbe_msgs/lib/python3.12/site-packages/flexbe_msgs/msg/_state_map_msg.py
-- Symlinking: /home/csrobot/flexbe_ws/install/flexbe_msgs/lib/python3.12/site-packages/flexbe_msgs/msg/_state_map_msg_s.c
-- Symlinking: /home/csrobot/flexbe_ws/install/flexbe_msgs/lib/python3.12/site-packages/flexbe_msgs/msg/_synthesis_error_codes.py
-- Symlinking: /home/csrobot/flexbe_ws/install/flexbe_msgs/lib/python3.12/site-packages/flexbe_msgs/msg/_synthesis_error_codes_s.c
-- Symlinking: /home/csrobot/flexbe_ws/install/flexbe_msgs/lib/python3.12/site-packages/flexbe_msgs/msg/_synthesis_request.py
-- Symlinking: /home/csrobot/flexbe_ws/install/flexbe_msgs/lib/python3.12/site-packages/flexbe_msgs/msg/_synthesis_request_s.c
-- Symlinking: /home/csrobot/flexbe_ws/install/flexbe_msgs/lib/python3.12/site-packages/flexbe_msgs/msg/_ui_command.py
-- Symlinking: /home/csrobot/flexbe_ws/install/flexbe_msgs/lib/python3.12/site-packages/flexbe_msgs/msg/_ui_command_s.c
-- Symlinking: /home/csrobot/flexbe_ws/install/flexbe_msgs/lib/python3.12/site-packages/flexbe_msgs/msg/_userdata_info.py
-- Symlinking: /home/csrobot/flexbe_ws/install/flexbe_msgs/lib/python3.12/site-packages/flexbe_msgs/msg/_userdata_info_s.c
-- Symlinking: /home/csrobot/flexbe_ws/install/flexbe_msgs/lib/python3.12/site-packages/flexbe_msgs/srv/__init__.py
-- Symlinking: /home/csrobot/flexbe_ws/install/flexbe_msgs/lib/python3.12/site-packages/flexbe_msgs/srv/_get_userdata.py
-- Symlinking: /home/csrobot/flexbe_ws/install/flexbe_msgs/lib/python3.12/site-packages/flexbe_msgs/srv/_get_userdata_s.c
-- Up-to-date symlink: /home/csrobot/flexbe_ws/install/flexbe_msgs/lib/python3.12/site-packages/flexbe_msgs/flexbe_msgs_s__rosidl_typesupport_fastrtps_c.so
-- Up-to-date symlink: /home/csrobot/flexbe_ws/install/flexbe_msgs/lib/python3.12/site-packages/flexbe_msgs/flexbe_msgs_s__rosidl_typesupport_introspection_c.so
-- Up-to-date symlink: /home/csrobot/flexbe_ws/install/flexbe_msgs/lib/python3.12/site-packages/flexbe_msgs/flexbe_msgs_s__rosidl_typesupport_c.so
-- Symlinking: /home/csrobot/flexbe_ws/install/flexbe_msgs/share/flexbe_msgs/msg/BEStatus.idl
-- Symlinking: /home/csrobot/flexbe_ws/install/flexbe_msgs/share/flexbe_msgs/msg/BehaviorLog.idl
-- Symlinking: /home/csrobot/flexbe_ws/install/flexbe_msgs/share/flexbe_msgs/msg/BehaviorModification.idl
-- Symlinking: /home/csrobot/flexbe_ws/install/flexbe_msgs/share/flexbe_msgs/msg/BehaviorRequest.idl
-- Symlinking: /home/csrobot/flexbe_ws/install/flexbe_msgs/share/flexbe_msgs/msg/BehaviorSelection.idl
-- Symlinking: /home/csrobot/flexbe_ws/install/flexbe_msgs/share/flexbe_msgs/msg/BehaviorSync.idl
-- Symlinking: /home/csrobot/flexbe_ws/install/flexbe_msgs/share/flexbe_msgs/msg/CommandFeedback.idl
-- Symlinking: /home/csrobot/flexbe_ws/install/flexbe_msgs/share/flexbe_msgs/msg/Container.idl
-- Symlinking: /home/csrobot/flexbe_ws/install/flexbe_msgs/share/flexbe_msgs/msg/ContainerStructure.idl
-- Symlinking: /home/csrobot/flexbe_ws/install/flexbe_msgs/share/flexbe_msgs/msg/OutcomeCondition.idl
-- Symlinking: /home/csrobot/flexbe_ws/install/flexbe_msgs/share/flexbe_msgs/msg/OutcomeRequest.idl
-- Symlinking: /home/csrobot/flexbe_ws/install/flexbe_msgs/share/flexbe_msgs/msg/StateInstantiation.idl
-- Symlinking: /home/csrobot/flexbe_ws/install/flexbe_msgs/share/flexbe_msgs/msg/StateMapMsg.idl
-- Symlinking: /home/csrobot/flexbe_ws/install/flexbe_msgs/share/flexbe_msgs/msg/SynthesisErrorCodes.idl
-- Symlinking: /home/csrobot/flexbe_ws/install/flexbe_msgs/share/flexbe_msgs/msg/SynthesisRequest.idl
-- Symlinking: /home/csrobot/flexbe_ws/install/flexbe_msgs/share/flexbe_msgs/msg/UICommand.idl
-- Symlinking: /home/csrobot/flexbe_ws/install/flexbe_msgs/share/flexbe_msgs/msg/UserdataInfo.idl
-- Symlinking: /home/csrobot/flexbe_ws/install/flexbe_msgs/share/flexbe_msgs/action/BehaviorInput.idl
-- Symlinking: /home/csrobot/flexbe_ws/install/flexbe_msgs/share/flexbe_msgs/action/BehaviorExecution.idl
-- Symlinking: /home/csrobot/flexbe_ws/install/flexbe_msgs/share/flexbe_msgs/action/BehaviorSynthesis.idl
-- Symlinking: /home/csrobot/flexbe_ws/install/flexbe_msgs/share/flexbe_msgs/srv/GetUserdata.idl
-- Symlinking: /home/csrobot/flexbe_ws/install/flexbe_msgs/share/flexbe_msgs/msg/BEStatus.msg
-- Symlinking: /home/csrobot/flexbe_ws/install/flexbe_msgs/share/flexbe_msgs/msg/BehaviorLog.msg
-- Symlinking: /home/csrobot/flexbe_ws/install/flexbe_msgs/share/flexbe_msgs/msg/BehaviorModification.msg
-- Symlinking: /home/csrobot/flexbe_ws/install/flexbe_msgs/share/flexbe_msgs/msg/BehaviorRequest.msg
-- Symlinking: /home/csrobot/flexbe_ws/install/flexbe_msgs/share/flexbe_msgs/msg/BehaviorSelection.msg
-- Symlinking: /home/csrobot/flexbe_ws/install/flexbe_msgs/share/flexbe_msgs/msg/BehaviorSync.msg
-- Symlinking: /home/csrobot/flexbe_ws/install/flexbe_msgs/share/flexbe_msgs/msg/CommandFeedback.msg
-- Symlinking: /home/csrobot/flexbe_ws/install/flexbe_msgs/share/flexbe_msgs/msg/Container.msg
-- Symlinking: /home/csrobot/flexbe_ws/install/flexbe_msgs/share/flexbe_msgs/msg/ContainerStructure.msg
-- Symlinking: /home/csrobot/flexbe_ws/install/flexbe_msgs/share/flexbe_msgs/msg/OutcomeCondition.msg
-- Symlinking: /home/csrobot/flexbe_ws/install/flexbe_msgs/share/flexbe_msgs/msg/OutcomeRequest.msg
-- Symlinking: /home/csrobot/flexbe_ws/install/flexbe_msgs/share/flexbe_msgs/msg/StateInstantiation.msg
-- Symlinking: /home/csrobot/flexbe_ws/install/flexbe_msgs/share/flexbe_msgs/msg/StateMapMsg.msg
-- Symlinking: /home/csrobot/flexbe_ws/install/flexbe_msgs/share/flexbe_msgs/msg/SynthesisErrorCodes.msg
-- Symlinking: /home/csrobot/flexbe_ws/install/flexbe_msgs/share/flexbe_msgs/msg/SynthesisRequest.msg
-- Symlinking: /home/csrobot/flexbe_ws/install/flexbe_msgs/share/flexbe_msgs/msg/UICommand.msg
-- Symlinking: /home/csrobot/flexbe_ws/install/flexbe_msgs/share/flexbe_msgs/msg/UserdataInfo.msg
-- Symlinking: /home/csrobot/flexbe_ws/install/flexbe_msgs/share/flexbe_msgs/action/BehaviorInput.action
-- Symlinking: /home/csrobot/flexbe_ws/install/flexbe_msgs/share/flexbe_msgs/action/BehaviorExecution.action
-- Symlinking: /home/csrobot/flexbe_ws/install/flexbe_msgs/share/flexbe_msgs/action/BehaviorSynthesis.action
-- Symlinking: /home/csrobot/flexbe_ws/install/flexbe_msgs/share/flexbe_msgs/srv/GetUserdata.srv
-- Symlinking: /home/csrobot/flexbe_ws/install/flexbe_msgs/share/ament_index/resource_index/package_run_dependencies/flexbe_msgs
-- Symlinking: /home/csrobot/flexbe_ws/install/flexbe_msgs/share/ament_index/resource_index/parent_prefix_path/flexbe_msgs
-- Symlinking: /home/csrobot/flexbe_ws/install/flexbe_msgs/share/flexbe_msgs/environment/ament_prefix_path.sh
-- Symlinking: /home/csrobot/flexbe_ws/install/flexbe_msgs/share/flexbe_msgs/environment/ament_prefix_path.dsv
-- Symlinking: /home/csrobot/flexbe_ws/install/flexbe_msgs/share/flexbe_msgs/environment/path.sh
-- Symlinking: /home/csrobot/flexbe_ws/install/flexbe_msgs/share/flexbe_msgs/environment/path.dsv
-- Symlinking: /home/csrobot/flexbe_ws/install/flexbe_msgs/share/flexbe_msgs/local_setup.bash
-- Symlinking: /home/csrobot/flexbe_ws/install/flexbe_msgs/share/flexbe_msgs/local_setup.sh
-- Symlinking: /home/csrobot/flexbe_ws/install/flexbe_msgs/share/flexbe_msgs/local_setup.zsh
-- Symlinking: /home/csrobot/flexbe_ws/install/flexbe_msgs/share/flexbe_msgs/local_setup.dsv
-- Symlinking: /home/csrobot/flexbe_ws/install/flexbe_msgs/share/flexbe_msgs/package.dsv
-- Symlinking: /home/csrobot/flexbe_ws/install/flexbe_msgs/share/ament_index/resource_index/packages/flexbe_msgs
-- Symlinking: /home/csrobot/flexbe_ws/install/flexbe_msgs/share/flexbe_msgs/cmake/rosidl_cmake-extras.cmake
-- Symlinking: /home/csrobot/flexbe_ws/install/flexbe_msgs/share/flexbe_msgs/cmake/ament_cmake_export_dependencies-extras.cmake
-- Symlinking: /home/csrobot/flexbe_ws/install/flexbe_msgs/share/flexbe_msgs/cmake/ament_cmake_export_include_directories-extras.cmake
-- Symlinking: /home/csrobot/flexbe_ws/install/flexbe_msgs/share/flexbe_msgs/cmake/ament_cmake_export_libraries-extras.cmake
-- Symlinking: /home/csrobot/flexbe_ws/install/flexbe_msgs/share/flexbe_msgs/cmake/ament_cmake_export_targets-extras.cmake
-- Symlinking: /home/csrobot/flexbe_ws/install/flexbe_msgs/share/flexbe_msgs/cmake/rosidl_cmake_export_typesupport_targets-extras.cmake
-- Symlinking: /home/csrobot/flexbe_ws/install/flexbe_msgs/share/flexbe_msgs/cmake/rosidl_cmake_export_typesupport_libraries-extras.cmake
-- Symlinking: /home/csrobot/flexbe_ws/install/flexbe_msgs/share/flexbe_msgs/cmake/flexbe_msgsConfig.cmake
-- Symlinking: /home/csrobot/flexbe_ws/install/flexbe_msgs/share/flexbe_msgs/cmake/flexbe_msgsConfig-version.cmake
-- Symlinking: /home/csrobot/flexbe_ws/install/flexbe_msgs/share/flexbe_msgs/package.xml
-- Installing: /home/csrobot/flexbe_ws/install/flexbe_msgs/lib/libflexbe_msgs__rosidl_generator_c.so
-- Set non-toolchain portion of runtime path of "/home/csrobot/flexbe_ws/install/flexbe_msgs/lib/libflexbe_msgs__rosidl_generator_c.so" to ""
-- Installing: /home/csrobot/flexbe_ws/install/flexbe_msgs/lib/libflexbe_msgs__rosidl_typesupport_fastrtps_c.so
-- Set non-toolchain portion of runtime path of "/home/csrobot/flexbe_ws/install/flexbe_msgs/lib/libflexbe_msgs__rosidl_typesupport_fastrtps_c.so" to ""
-- Installing: /home/csrobot/flexbe_ws/install/flexbe_msgs/lib/libflexbe_msgs__rosidl_typesupport_introspection_c.so
-- Set non-toolchain portion of runtime path of "/home/csrobot/flexbe_ws/install/flexbe_msgs/lib/libflexbe_msgs__rosidl_typesupport_introspection_c.so" to ""
-- Installing: /home/csrobot/flexbe_ws/install/flexbe_msgs/lib/libflexbe_msgs__rosidl_typesupport_c.so
-- Set non-toolchain portion of runtime path of "/home/csrobot/flexbe_ws/install/flexbe_msgs/lib/libflexbe_msgs__rosidl_typesupport_c.so" to ""
-- Installing: /home/csrobot/flexbe_ws/install/flexbe_msgs/lib/libflexbe_msgs__rosidl_typesupport_fastrtps_cpp.so
-- Set non-toolchain portion of runtime path of "/home/csrobot/flexbe_ws/install/flexbe_msgs/lib/libflexbe_msgs__rosidl_typesupport_fastrtps_cpp.so" to ""
-- Installing: /home/csrobot/flexbe_ws/install/flexbe_msgs/lib/libflexbe_msgs__rosidl_typesupport_introspection_cpp.so
-- Set non-toolchain portion of runtime path of "/home/csrobot/flexbe_ws/install/flexbe_msgs/lib/libflexbe_msgs__rosidl_typesupport_introspection_cpp.so" to ""
-- Installing: /home/csrobot/flexbe_ws/install/flexbe_msgs/lib/libflexbe_msgs__rosidl_typesupport_cpp.so
-- Set non-toolchain portion of runtime path of "/home/csrobot/flexbe_ws/install/flexbe_msgs/lib/libflexbe_msgs__rosidl_typesupport_cpp.so" to ""
Listing '/home/csrobot/flexbe_ws/install/flexbe_msgs/lib/python3.12/site-packages/flexbe_msgs'...
Compiling '/home/csrobot/flexbe_ws/install/flexbe_msgs/lib/python3.12/site-packages/flexbe_msgs/__init__.py'...
Listing '/home/csrobot/flexbe_ws/install/flexbe_msgs/lib/python3.12/site-packages/flexbe_msgs/action'...
Compiling '/home/csrobot/flexbe_ws/install/flexbe_msgs/lib/python3.12/site-packages/flexbe_msgs/action/__init__.py'...
Compiling '/home/csrobot/flexbe_ws/install/flexbe_msgs/lib/python3.12/site-packages/flexbe_msgs/action/_behavior_execution.py'...
Compiling '/home/csrobot/flexbe_ws/install/flexbe_msgs/lib/python3.12/site-packages/flexbe_msgs/action/_behavior_input.py'...
Compiling '/home/csrobot/flexbe_ws/install/flexbe_msgs/lib/python3.12/site-packages/flexbe_msgs/action/_behavior_synthesis.py'...
Listing '/home/csrobot/flexbe_ws/install/flexbe_msgs/lib/python3.12/site-packages/flexbe_msgs/msg'...
Compiling '/home/csrobot/flexbe_ws/install/flexbe_msgs/lib/python3.12/site-packages/flexbe_msgs/msg/__init__.py'...
Compiling '/home/csrobot/flexbe_ws/install/flexbe_msgs/lib/python3.12/site-packages/flexbe_msgs/msg/_be_status.py'...
Compiling '/home/csrobot/flexbe_ws/install/flexbe_msgs/lib/python3.12/site-packages/flexbe_msgs/msg/_behavior_log.py'...
Compiling '/home/csrobot/flexbe_ws/install/flexbe_msgs/lib/python3.12/site-packages/flexbe_msgs/msg/_behavior_modification.py'...
Compiling '/home/csrobot/flexbe_ws/install/flexbe_msgs/lib/python3.12/site-packages/flexbe_msgs/msg/_behavior_request.py'...
Compiling '/home/csrobot/flexbe_ws/install/flexbe_msgs/lib/python3.12/site-packages/flexbe_msgs/msg/_behavior_selection.py'...
Compiling '/home/csrobot/flexbe_ws/install/flexbe_msgs/lib/python3.12/site-packages/flexbe_msgs/msg/_behavior_sync.py'...
Compiling '/home/csrobot/flexbe_ws/install/flexbe_msgs/lib/python3.12/site-packages/flexbe_msgs/msg/_command_feedback.py'...
Compiling '/home/csrobot/flexbe_ws/install/flexbe_msgs/lib/python3.12/site-packages/flexbe_msgs/msg/_container.py'...
Compiling '/home/csrobot/flexbe_ws/install/flexbe_msgs/lib/python3.12/site-packages/flexbe_msgs/msg/_container_structure.py'...
Compiling '/home/csrobot/flexbe_ws/install/flexbe_msgs/lib/python3.12/site-packages/flexbe_msgs/msg/_outcome_condition.py'...
Compiling '/home/csrobot/flexbe_ws/install/flexbe_msgs/lib/python3.12/site-packages/flexbe_msgs/msg/_outcome_request.py'...
Compiling '/home/csrobot/flexbe_ws/install/flexbe_msgs/lib/python3.12/site-packages/flexbe_msgs/msg/_state_instantiation.py'...
Compiling '/home/csrobot/flexbe_ws/install/flexbe_msgs/lib/python3.12/site-packages/flexbe_msgs/msg/_state_map_msg.py'...
Compiling '/home/csrobot/flexbe_ws/install/flexbe_msgs/lib/python3.12/site-packages/flexbe_msgs/msg/_synthesis_error_codes.py'...
Compiling '/home/csrobot/flexbe_ws/install/flexbe_msgs/lib/python3.12/site-packages/flexbe_msgs/msg/_synthesis_request.py'...
Compiling '/home/csrobot/flexbe_ws/install/flexbe_msgs/lib/python3.12/site-packages/flexbe_msgs/msg/_ui_command.py'...
Compiling '/home/csrobot/flexbe_ws/install/flexbe_msgs/lib/python3.12/site-packages/flexbe_msgs/msg/_userdata_info.py'...
Listing '/home/csrobot/flexbe_ws/install/flexbe_msgs/lib/python3.12/site-packages/flexbe_msgs/srv'...
Compiling '/home/csrobot/flexbe_ws/install/flexbe_msgs/lib/python3.12/site-packages/flexbe_msgs/srv/__init__.py'...
Compiling '/home/csrobot/flexbe_ws/install/flexbe_msgs/lib/python3.12/site-packages/flexbe_msgs/srv/_get_userdata.py'...
-- Installing: /home/csrobot/flexbe_ws/install/flexbe_msgs/lib/libflexbe_msgs__rosidl_generator_py.so
-- Set non-toolchain portion of runtime path of "/home/csrobot/flexbe_ws/install/flexbe_msgs/lib/libflexbe_msgs__rosidl_generator_py.so" to ""
-- Installing: /home/csrobot/flexbe_ws/install/flexbe_msgs/share/flexbe_msgs/cmake/export_flexbe_msgs__rosidl_generator_cExport.cmake
-- Installing: /home/csrobot/flexbe_ws/install/flexbe_msgs/share/flexbe_msgs/cmake/export_flexbe_msgs__rosidl_generator_cExport-noconfig.cmake
-- Installing: /home/csrobot/flexbe_ws/install/flexbe_msgs/share/flexbe_msgs/cmake/export_flexbe_msgs__rosidl_typesupport_fastrtps_cExport.cmake
-- Installing: /home/csrobot/flexbe_ws/install/flexbe_msgs/share/flexbe_msgs/cmake/export_flexbe_msgs__rosidl_typesupport_fastrtps_cExport-noconfig.cmake
-- Installing: /home/csrobot/flexbe_ws/install/flexbe_msgs/share/flexbe_msgs/cmake/flexbe_msgs__rosidl_typesupport_introspection_cExport.cmake
-- Installing: /home/csrobot/flexbe_ws/install/flexbe_msgs/share/flexbe_msgs/cmake/flexbe_msgs__rosidl_typesupport_introspection_cExport-noconfig.cmake
-- Installing: /home/csrobot/flexbe_ws/install/flexbe_msgs/share/flexbe_msgs/cmake/flexbe_msgs__rosidl_typesupport_cExport.cmake
-- Installing: /home/csrobot/flexbe_ws/install/flexbe_msgs/share/flexbe_msgs/cmake/flexbe_msgs__rosidl_typesupport_cExport-noconfig.cmake
-- Installing: /home/csrobot/flexbe_ws/install/flexbe_msgs/share/flexbe_msgs/cmake/export_flexbe_msgs__rosidl_generator_cppExport.cmake
-- Installing: /home/csrobot/flexbe_ws/install/flexbe_msgs/share/flexbe_msgs/cmake/export_flexbe_msgs__rosidl_typesupport_fastrtps_cppExport.cmake
-- Installing: /home/csrobot/flexbe_ws/install/flexbe_msgs/share/flexbe_msgs/cmake/export_flexbe_msgs__rosidl_typesupport_fastrtps_cppExport-noconfig.cmake
-- Installing: /home/csrobot/flexbe_ws/install/flexbe_msgs/share/flexbe_msgs/cmake/flexbe_msgs__rosidl_typesupport_introspection_cppExport.cmake
-- Installing: /home/csrobot/flexbe_ws/install/flexbe_msgs/share/flexbe_msgs/cmake/flexbe_msgs__rosidl_typesupport_introspection_cppExport-noconfig.cmake
-- Installing: /home/csrobot/flexbe_ws/install/flexbe_msgs/share/flexbe_msgs/cmake/flexbe_msgs__rosidl_typesupport_cppExport.cmake
-- Installing: /home/csrobot/flexbe_ws/install/flexbe_msgs/share/flexbe_msgs/cmake/flexbe_msgs__rosidl_typesupport_cppExport-noconfig.cmake
-- Installing: /home/csrobot/flexbe_ws/install/flexbe_msgs/share/flexbe_msgs/cmake/export_flexbe_msgs__rosidl_generator_pyExport.cmake
-- Installing: /home/csrobot/flexbe_ws/install/flexbe_msgs/share/flexbe_msgs/cmake/export_flexbe_msgs__rosidl_generator_pyExport-noconfig.cmake
