[0.027s] Invoking command in '/home/csrobot/flexbe_ws/build/flexbe_msgs': CMAKE_PREFIX_PATH=${CMAKE_PREFIX_PATH}:/opt/ros/jazzy DEBUGINFOD_URLS=https://debuginfod.ubuntu.com /usr/bin/cmake --build /home/csrobot/flexbe_ws/build/flexbe_msgs -- -j8 -l8
[0.080s] [  0%] Built target flexbe_msgs__rosidl_generator_type_description
[0.090s] [  0%] Built target ament_cmake_python_symlink_flexbe_msgs
[0.111s] [  0%] Built target flexbe_msgs__cpp
[0.165s] [ 28%] Built target flexbe_msgs__rosidl_generator_c
[0.212s] [ 38%] Built target flexbe_msgs__rosidl_typesupport_introspection_c
[0.222s] [ 48%] Built target flexbe_msgs__rosidl_typesupport_c
[0.227s] [ 58%] Built target flexbe_msgs__rosidl_typesupport_introspection_cpp
[0.230s] [ 67%] Built target flexbe_msgs__rosidl_typesupport_fastrtps_c
[0.235s] [ 77%] Built target flexbe_msgs__rosidl_typesupport_cpp
[0.248s] [ 87%] Built target flexbe_msgs__rosidl_typesupport_fastrtps_cpp
[0.263s] [ 87%] Built target flexbe_msgs
[0.278s] [ 87%] Built target flexbe_msgs__py
[0.312s] [ 97%] Built target flexbe_msgs__rosidl_generator_py
[0.313s] running egg_info
[0.331s] [ 98%] Built target flexbe_msgs_s__rosidl_typesupport_introspection_c
[0.331s] [100%] Built target flexbe_msgs_s__rosidl_typesupport_fastrtps_c
[0.332s] [100%] Built target flexbe_msgs_s__rosidl_typesupport_c
[0.334s] writing flexbe_msgs.egg-info/PKG-INFO
[0.334s] writing dependency_links to flexbe_msgs.egg-info/dependency_links.txt
[0.334s] writing top-level names to flexbe_msgs.egg-info/top_level.txt
[0.396s] reading manifest file 'flexbe_msgs.egg-info/SOURCES.txt'
[0.396s] writing manifest file 'flexbe_msgs.egg-info/SOURCES.txt'
[0.419s] [100%] Built target ament_cmake_python_build_flexbe_msgs_egg
[0.656s] Invoked command in '/home/csrobot/flexbe_ws/build/flexbe_msgs' returned '0': CMAKE_PREFIX_PATH=${CMAKE_PREFIX_PATH}:/opt/ros/jazzy DEBUGINFOD_URLS=https://debuginfod.ubuntu.com /usr/bin/cmake --build /home/csrobot/flexbe_ws/build/flexbe_msgs -- -j8 -l8
[0.656s] Invoking command in '/home/csrobot/flexbe_ws/build/flexbe_msgs': CMAKE_PREFIX_PATH=${CMAKE_PREFIX_PATH}:/opt/ros/jazzy DEBUGINFOD_URLS=https://debuginfod.ubuntu.com /usr/bin/cmake --install /home/csrobot/flexbe_ws/build/flexbe_msgs
[0.662s] -- Install configuration: ""
[0.662s] -- Execute custom install script
[0.663s] -- Symlinking: /home/csrobot/flexbe_ws/install/flexbe_msgs/share/ament_index/resource_index/rosidl_interfaces/flexbe_msgs
[0.670s] -- Symlinking: /home/csrobot/flexbe_ws/install/flexbe_msgs/share/flexbe_msgs/msg/BEStatus.json
[0.677s] -- Symlinking: /home/csrobot/flexbe_ws/install/flexbe_msgs/share/flexbe_msgs/msg/BehaviorLog.json
[0.684s] -- Symlinking: /home/csrobot/flexbe_ws/install/flexbe_msgs/share/flexbe_msgs/msg/BehaviorModification.json
[0.694s] -- Symlinking: /home/csrobot/flexbe_ws/install/flexbe_msgs/share/flexbe_msgs/msg/BehaviorRequest.json
[0.700s] -- Symlinking: /home/csrobot/flexbe_ws/install/flexbe_msgs/share/flexbe_msgs/msg/BehaviorSelection.json
[0.707s] -- Symlinking: /home/csrobot/flexbe_ws/install/flexbe_msgs/share/flexbe_msgs/msg/BehaviorSync.json
[0.717s] -- Symlinking: /home/csrobot/flexbe_ws/install/flexbe_msgs/share/flexbe_msgs/msg/CommandFeedback.json
[0.724s] -- Symlinking: /home/csrobot/flexbe_ws/install/flexbe_msgs/share/flexbe_msgs/msg/Container.json
[0.732s] -- Symlinking: /home/csrobot/flexbe_ws/install/flexbe_msgs/share/flexbe_msgs/msg/ContainerStructure.json
[0.741s] -- Symlinking: /home/csrobot/flexbe_ws/install/flexbe_msgs/share/flexbe_msgs/msg/OutcomeCondition.json
[0.756s] -- Symlinking: /home/csrobot/flexbe_ws/install/flexbe_msgs/share/flexbe_msgs/msg/OutcomeRequest.json
[0.759s] -- Symlinking: /home/csrobot/flexbe_ws/install/flexbe_msgs/share/flexbe_msgs/msg/StateInstantiation.json
[0.768s] -- Symlinking: /home/csrobot/flexbe_ws/install/flexbe_msgs/share/flexbe_msgs/msg/StateMapMsg.json
[0.778s] -- Symlinking: /home/csrobot/flexbe_ws/install/flexbe_msgs/share/flexbe_msgs/msg/SynthesisErrorCodes.json
[0.785s] -- Symlinking: /home/csrobot/flexbe_ws/install/flexbe_msgs/share/flexbe_msgs/msg/SynthesisRequest.json
[0.792s] -- Symlinking: /home/csrobot/flexbe_ws/install/flexbe_msgs/share/flexbe_msgs/msg/UICommand.json
[0.804s] -- Symlinking: /home/csrobot/flexbe_ws/install/flexbe_msgs/share/flexbe_msgs/msg/UserdataInfo.json
[0.814s] -- Symlinking: /home/csrobot/flexbe_ws/install/flexbe_msgs/share/flexbe_msgs/action/BehaviorInput.json
[0.822s] -- Symlinking: /home/csrobot/flexbe_ws/install/flexbe_msgs/share/flexbe_msgs/action/BehaviorExecution.json
[0.828s] -- Symlinking: /home/csrobot/flexbe_ws/install/flexbe_msgs/share/flexbe_msgs/action/BehaviorSynthesis.json
[0.840s] -- Symlinking: /home/csrobot/flexbe_ws/install/flexbe_msgs/share/flexbe_msgs/srv/GetUserdata.json
[0.852s] -- Symlinking: /home/csrobot/flexbe_ws/install/flexbe_msgs/include/flexbe_msgs/flexbe_msgs/action/behavior_execution.h
[0.865s] -- Symlinking: /home/csrobot/flexbe_ws/install/flexbe_msgs/include/flexbe_msgs/flexbe_msgs/action/behavior_input.h
[0.872s] -- Symlinking: /home/csrobot/flexbe_ws/install/flexbe_msgs/include/flexbe_msgs/flexbe_msgs/action/behavior_synthesis.h
[0.880s] -- Symlinking: /home/csrobot/flexbe_ws/install/flexbe_msgs/include/flexbe_msgs/flexbe_msgs/action/detail/behavior_execution__functions.h
[0.887s] -- Symlinking: /home/csrobot/flexbe_ws/install/flexbe_msgs/include/flexbe_msgs/flexbe_msgs/action/detail/behavior_execution__struct.h
[0.893s] -- Symlinking: /home/csrobot/flexbe_ws/install/flexbe_msgs/include/flexbe_msgs/flexbe_msgs/action/detail/behavior_execution__type_support.h
[0.900s] -- Symlinking: /home/csrobot/flexbe_ws/install/flexbe_msgs/include/flexbe_msgs/flexbe_msgs/action/detail/behavior_input__functions.h
[0.907s] -- Symlinking: /home/csrobot/flexbe_ws/install/flexbe_msgs/include/flexbe_msgs/flexbe_msgs/action/detail/behavior_input__struct.h
[0.916s] -- Symlinking: /home/csrobot/flexbe_ws/install/flexbe_msgs/include/flexbe_msgs/flexbe_msgs/action/detail/behavior_input__type_support.h
[0.924s] -- Symlinking: /home/csrobot/flexbe_ws/install/flexbe_msgs/include/flexbe_msgs/flexbe_msgs/action/detail/behavior_synthesis__functions.h
[0.930s] -- Symlinking: /home/csrobot/flexbe_ws/install/flexbe_msgs/include/flexbe_msgs/flexbe_msgs/action/detail/behavior_synthesis__struct.h
[0.937s] -- Symlinking: /home/csrobot/flexbe_ws/install/flexbe_msgs/include/flexbe_msgs/flexbe_msgs/action/detail/behavior_synthesis__type_support.h
[0.943s] -- Symlinking: /home/csrobot/flexbe_ws/install/flexbe_msgs/include/flexbe_msgs/flexbe_msgs/msg/be_status.h
[0.953s] -- Symlinking: /home/csrobot/flexbe_ws/install/flexbe_msgs/include/flexbe_msgs/flexbe_msgs/msg/behavior_log.h
[0.956s] -- Symlinking: /home/csrobot/flexbe_ws/install/flexbe_msgs/include/flexbe_msgs/flexbe_msgs/msg/behavior_modification.h
[0.962s] -- Symlinking: /home/csrobot/flexbe_ws/install/flexbe_msgs/include/flexbe_msgs/flexbe_msgs/msg/behavior_request.h
[0.968s] -- Symlinking: /home/csrobot/flexbe_ws/install/flexbe_msgs/include/flexbe_msgs/flexbe_msgs/msg/behavior_selection.h
[0.974s] -- Symlinking: /home/csrobot/flexbe_ws/install/flexbe_msgs/include/flexbe_msgs/flexbe_msgs/msg/behavior_sync.h
[0.986s] -- Symlinking: /home/csrobot/flexbe_ws/install/flexbe_msgs/include/flexbe_msgs/flexbe_msgs/msg/command_feedback.h
[1.001s] -- Symlinking: /home/csrobot/flexbe_ws/install/flexbe_msgs/include/flexbe_msgs/flexbe_msgs/msg/container.h
[1.004s] -- Symlinking: /home/csrobot/flexbe_ws/install/flexbe_msgs/include/flexbe_msgs/flexbe_msgs/msg/container_structure.h
[1.011s] -- Symlinking: /home/csrobot/flexbe_ws/install/flexbe_msgs/include/flexbe_msgs/flexbe_msgs/msg/detail/be_status__functions.h
[1.018s] -- Symlinking: /home/csrobot/flexbe_ws/install/flexbe_msgs/include/flexbe_msgs/flexbe_msgs/msg/detail/be_status__struct.h
[1.023s] -- Symlinking: /home/csrobot/flexbe_ws/install/flexbe_msgs/include/flexbe_msgs/flexbe_msgs/msg/detail/be_status__type_support.h
[1.030s] -- Symlinking: /home/csrobot/flexbe_ws/install/flexbe_msgs/include/flexbe_msgs/flexbe_msgs/msg/detail/behavior_log__functions.h
[1.037s] -- Symlinking: /home/csrobot/flexbe_ws/install/flexbe_msgs/include/flexbe_msgs/flexbe_msgs/msg/detail/behavior_log__struct.h
[1.042s] -- Symlinking: /home/csrobot/flexbe_ws/install/flexbe_msgs/include/flexbe_msgs/flexbe_msgs/msg/detail/behavior_log__type_support.h
[1.048s] -- Symlinking: /home/csrobot/flexbe_ws/install/flexbe_msgs/include/flexbe_msgs/flexbe_msgs/msg/detail/behavior_modification__functions.h
[1.056s] -- Symlinking: /home/csrobot/flexbe_ws/install/flexbe_msgs/include/flexbe_msgs/flexbe_msgs/msg/detail/behavior_modification__struct.h
[1.066s] -- Symlinking: /home/csrobot/flexbe_ws/install/flexbe_msgs/include/flexbe_msgs/flexbe_msgs/msg/detail/behavior_modification__type_support.h
[1.069s] -- Symlinking: /home/csrobot/flexbe_ws/install/flexbe_msgs/include/flexbe_msgs/flexbe_msgs/msg/detail/behavior_request__functions.h
[1.075s] -- Symlinking: /home/csrobot/flexbe_ws/install/flexbe_msgs/include/flexbe_msgs/flexbe_msgs/msg/detail/behavior_request__struct.h
[1.082s] -- Symlinking: /home/csrobot/flexbe_ws/install/flexbe_msgs/include/flexbe_msgs/flexbe_msgs/msg/detail/behavior_request__type_support.h
[1.089s] -- Symlinking: /home/csrobot/flexbe_ws/install/flexbe_msgs/include/flexbe_msgs/flexbe_msgs/msg/detail/behavior_selection__functions.h
[1.096s] -- Symlinking: /home/csrobot/flexbe_ws/install/flexbe_msgs/include/flexbe_msgs/flexbe_msgs/msg/detail/behavior_selection__struct.h
[1.105s] -- Symlinking: /home/csrobot/flexbe_ws/install/flexbe_msgs/include/flexbe_msgs/flexbe_msgs/msg/detail/behavior_selection__type_support.h
[1.109s] -- Symlinking: /home/csrobot/flexbe_ws/install/flexbe_msgs/include/flexbe_msgs/flexbe_msgs/msg/detail/behavior_sync__functions.h
[1.116s] -- Symlinking: /home/csrobot/flexbe_ws/install/flexbe_msgs/include/flexbe_msgs/flexbe_msgs/msg/detail/behavior_sync__struct.h
[1.127s] -- Symlinking: /home/csrobot/flexbe_ws/install/flexbe_msgs/include/flexbe_msgs/flexbe_msgs/msg/detail/behavior_sync__type_support.h
[1.131s] -- Symlinking: /home/csrobot/flexbe_ws/install/flexbe_msgs/include/flexbe_msgs/flexbe_msgs/msg/detail/command_feedback__functions.h
[1.139s] -- Symlinking: /home/csrobot/flexbe_ws/install/flexbe_msgs/include/flexbe_msgs/flexbe_msgs/msg/detail/command_feedback__struct.h
[1.146s] -- Symlinking: /home/csrobot/flexbe_ws/install/flexbe_msgs/include/flexbe_msgs/flexbe_msgs/msg/detail/command_feedback__type_support.h
[1.153s] -- Symlinking: /home/csrobot/flexbe_ws/install/flexbe_msgs/include/flexbe_msgs/flexbe_msgs/msg/detail/container__functions.h
[1.160s] -- Symlinking: /home/csrobot/flexbe_ws/install/flexbe_msgs/include/flexbe_msgs/flexbe_msgs/msg/detail/container__struct.h
[1.168s] -- Symlinking: /home/csrobot/flexbe_ws/install/flexbe_msgs/include/flexbe_msgs/flexbe_msgs/msg/detail/container__type_support.h
[1.181s] -- Symlinking: /home/csrobot/flexbe_ws/install/flexbe_msgs/include/flexbe_msgs/flexbe_msgs/msg/detail/container_structure__functions.h
[1.183s] -- Symlinking: /home/csrobot/flexbe_ws/install/flexbe_msgs/include/flexbe_msgs/flexbe_msgs/msg/detail/container_structure__struct.h
[1.190s] -- Symlinking: /home/csrobot/flexbe_ws/install/flexbe_msgs/include/flexbe_msgs/flexbe_msgs/msg/detail/container_structure__type_support.h
[1.203s] -- Symlinking: /home/csrobot/flexbe_ws/install/flexbe_msgs/include/flexbe_msgs/flexbe_msgs/msg/detail/outcome_condition__functions.h
[1.208s] -- Symlinking: /home/csrobot/flexbe_ws/install/flexbe_msgs/include/flexbe_msgs/flexbe_msgs/msg/detail/outcome_condition__struct.h
[1.216s] -- Symlinking: /home/csrobot/flexbe_ws/install/flexbe_msgs/include/flexbe_msgs/flexbe_msgs/msg/detail/outcome_condition__type_support.h
[1.223s] -- Symlinking: /home/csrobot/flexbe_ws/install/flexbe_msgs/include/flexbe_msgs/flexbe_msgs/msg/detail/outcome_request__functions.h
[1.230s] -- Symlinking: /home/csrobot/flexbe_ws/install/flexbe_msgs/include/flexbe_msgs/flexbe_msgs/msg/detail/outcome_request__struct.h
[1.241s] -- Symlinking: /home/csrobot/flexbe_ws/install/flexbe_msgs/include/flexbe_msgs/flexbe_msgs/msg/detail/outcome_request__type_support.h
[1.249s] -- Symlinking: /home/csrobot/flexbe_ws/install/flexbe_msgs/include/flexbe_msgs/flexbe_msgs/msg/detail/state_instantiation__functions.h
[1.265s] -- Symlinking: /home/csrobot/flexbe_ws/install/flexbe_msgs/include/flexbe_msgs/flexbe_msgs/msg/detail/state_instantiation__struct.h
[1.272s] -- Symlinking: /home/csrobot/flexbe_ws/install/flexbe_msgs/include/flexbe_msgs/flexbe_msgs/msg/detail/state_instantiation__type_support.h
[1.280s] -- Symlinking: /home/csrobot/flexbe_ws/install/flexbe_msgs/include/flexbe_msgs/flexbe_msgs/msg/detail/state_map_msg__functions.h
[1.287s] -- Symlinking: /home/csrobot/flexbe_ws/install/flexbe_msgs/include/flexbe_msgs/flexbe_msgs/msg/detail/state_map_msg__struct.h
[1.295s] -- Symlinking: /home/csrobot/flexbe_ws/install/flexbe_msgs/include/flexbe_msgs/flexbe_msgs/msg/detail/state_map_msg__type_support.h
[1.302s] -- Symlinking: /home/csrobot/flexbe_ws/install/flexbe_msgs/include/flexbe_msgs/flexbe_msgs/msg/detail/synthesis_error_codes__functions.h
[1.312s] -- Symlinking: /home/csrobot/flexbe_ws/install/flexbe_msgs/include/flexbe_msgs/flexbe_msgs/msg/detail/synthesis_error_codes__struct.h
[1.323s] -- Symlinking: /home/csrobot/flexbe_ws/install/flexbe_msgs/include/flexbe_msgs/flexbe_msgs/msg/detail/synthesis_error_codes__type_support.h
[1.329s] -- Symlinking: /home/csrobot/flexbe_ws/install/flexbe_msgs/include/flexbe_msgs/flexbe_msgs/msg/detail/synthesis_request__functions.h
[1.338s] -- Symlinking: /home/csrobot/flexbe_ws/install/flexbe_msgs/include/flexbe_msgs/flexbe_msgs/msg/detail/synthesis_request__struct.h
[1.345s] -- Symlinking: /home/csrobot/flexbe_ws/install/flexbe_msgs/include/flexbe_msgs/flexbe_msgs/msg/detail/synthesis_request__type_support.h
[1.354s] -- Symlinking: /home/csrobot/flexbe_ws/install/flexbe_msgs/include/flexbe_msgs/flexbe_msgs/msg/detail/ui_command__functions.h
[1.364s] -- Symlinking: /home/csrobot/flexbe_ws/install/flexbe_msgs/include/flexbe_msgs/flexbe_msgs/msg/detail/ui_command__struct.h
[1.371s] -- Symlinking: /home/csrobot/flexbe_ws/install/flexbe_msgs/include/flexbe_msgs/flexbe_msgs/msg/detail/ui_command__type_support.h
[1.377s] -- Symlinking: /home/csrobot/flexbe_ws/install/flexbe_msgs/include/flexbe_msgs/flexbe_msgs/msg/detail/userdata_info__functions.h
[1.384s] -- Symlinking: /home/csrobot/flexbe_ws/install/flexbe_msgs/include/flexbe_msgs/flexbe_msgs/msg/detail/userdata_info__struct.h
[1.390s] -- Symlinking: /home/csrobot/flexbe_ws/install/flexbe_msgs/include/flexbe_msgs/flexbe_msgs/msg/detail/userdata_info__type_support.h
[1.396s] -- Symlinking: /home/csrobot/flexbe_ws/install/flexbe_msgs/include/flexbe_msgs/flexbe_msgs/msg/outcome_condition.h
[1.407s] -- Symlinking: /home/csrobot/flexbe_ws/install/flexbe_msgs/include/flexbe_msgs/flexbe_msgs/msg/outcome_request.h
[1.411s] -- Symlinking: /home/csrobot/flexbe_ws/install/flexbe_msgs/include/flexbe_msgs/flexbe_msgs/msg/rosidl_generator_c__visibility_control.h
[1.418s] -- Symlinking: /home/csrobot/flexbe_ws/install/flexbe_msgs/include/flexbe_msgs/flexbe_msgs/msg/state_instantiation.h
[1.429s] -- Symlinking: /home/csrobot/flexbe_ws/install/flexbe_msgs/include/flexbe_msgs/flexbe_msgs/msg/state_map_msg.h
[1.443s] -- Symlinking: /home/csrobot/flexbe_ws/install/flexbe_msgs/include/flexbe_msgs/flexbe_msgs/msg/synthesis_error_codes.h
[1.448s] -- Symlinking: /home/csrobot/flexbe_ws/install/flexbe_msgs/include/flexbe_msgs/flexbe_msgs/msg/synthesis_request.h
[1.456s] -- Symlinking: /home/csrobot/flexbe_ws/install/flexbe_msgs/include/flexbe_msgs/flexbe_msgs/msg/ui_command.h
[1.463s] -- Symlinking: /home/csrobot/flexbe_ws/install/flexbe_msgs/include/flexbe_msgs/flexbe_msgs/msg/userdata_info.h
[1.470s] -- Symlinking: /home/csrobot/flexbe_ws/install/flexbe_msgs/include/flexbe_msgs/flexbe_msgs/srv/detail/get_userdata__functions.h
[1.477s] -- Symlinking: /home/csrobot/flexbe_ws/install/flexbe_msgs/include/flexbe_msgs/flexbe_msgs/srv/detail/get_userdata__struct.h
[1.483s] -- Symlinking: /home/csrobot/flexbe_ws/install/flexbe_msgs/include/flexbe_msgs/flexbe_msgs/srv/detail/get_userdata__type_support.h
[1.490s] -- Symlinking: /home/csrobot/flexbe_ws/install/flexbe_msgs/include/flexbe_msgs/flexbe_msgs/srv/get_userdata.h
[1.496s] -- Symlinking: /home/csrobot/flexbe_ws/install/flexbe_msgs/share/flexbe_msgs/environment/library_path.sh
[1.503s] -- Symlinking: /home/csrobot/flexbe_ws/install/flexbe_msgs/share/flexbe_msgs/environment/library_path.dsv
[1.510s] -- Symlinking: /home/csrobot/flexbe_ws/install/flexbe_msgs/include/flexbe_msgs/flexbe_msgs/action/detail/behavior_execution__rosidl_typesupport_fastrtps_c.h
[1.517s] -- Symlinking: /home/csrobot/flexbe_ws/install/flexbe_msgs/include/flexbe_msgs/flexbe_msgs/action/detail/behavior_input__rosidl_typesupport_fastrtps_c.h
[1.523s] -- Symlinking: /home/csrobot/flexbe_ws/install/flexbe_msgs/include/flexbe_msgs/flexbe_msgs/action/detail/behavior_synthesis__rosidl_typesupport_fastrtps_c.h
[1.530s] -- Symlinking: /home/csrobot/flexbe_ws/install/flexbe_msgs/include/flexbe_msgs/flexbe_msgs/msg/detail/be_status__rosidl_typesupport_fastrtps_c.h
[1.537s] -- Symlinking: /home/csrobot/flexbe_ws/install/flexbe_msgs/include/flexbe_msgs/flexbe_msgs/msg/detail/behavior_log__rosidl_typesupport_fastrtps_c.h
[1.544s] -- Symlinking: /home/csrobot/flexbe_ws/install/flexbe_msgs/include/flexbe_msgs/flexbe_msgs/msg/detail/behavior_modification__rosidl_typesupport_fastrtps_c.h
[1.552s] -- Symlinking: /home/csrobot/flexbe_ws/install/flexbe_msgs/include/flexbe_msgs/flexbe_msgs/msg/detail/behavior_request__rosidl_typesupport_fastrtps_c.h
[1.559s] -- Symlinking: /home/csrobot/flexbe_ws/install/flexbe_msgs/include/flexbe_msgs/flexbe_msgs/msg/detail/behavior_selection__rosidl_typesupport_fastrtps_c.h
[1.566s] -- Symlinking: /home/csrobot/flexbe_ws/install/flexbe_msgs/include/flexbe_msgs/flexbe_msgs/msg/detail/behavior_sync__rosidl_typesupport_fastrtps_c.h
[1.575s] -- Symlinking: /home/csrobot/flexbe_ws/install/flexbe_msgs/include/flexbe_msgs/flexbe_msgs/msg/detail/command_feedback__rosidl_typesupport_fastrtps_c.h
[1.582s] -- Symlinking: /home/csrobot/flexbe_ws/install/flexbe_msgs/include/flexbe_msgs/flexbe_msgs/msg/detail/container__rosidl_typesupport_fastrtps_c.h
[1.589s] -- Symlinking: /home/csrobot/flexbe_ws/install/flexbe_msgs/include/flexbe_msgs/flexbe_msgs/msg/detail/container_structure__rosidl_typesupport_fastrtps_c.h
[1.596s] -- Symlinking: /home/csrobot/flexbe_ws/install/flexbe_msgs/include/flexbe_msgs/flexbe_msgs/msg/detail/outcome_condition__rosidl_typesupport_fastrtps_c.h
[1.603s] -- Symlinking: /home/csrobot/flexbe_ws/install/flexbe_msgs/include/flexbe_msgs/flexbe_msgs/msg/detail/outcome_request__rosidl_typesupport_fastrtps_c.h
[1.609s] -- Symlinking: /home/csrobot/flexbe_ws/install/flexbe_msgs/include/flexbe_msgs/flexbe_msgs/msg/detail/state_instantiation__rosidl_typesupport_fastrtps_c.h
[1.616s] -- Symlinking: /home/csrobot/flexbe_ws/install/flexbe_msgs/include/flexbe_msgs/flexbe_msgs/msg/detail/state_map_msg__rosidl_typesupport_fastrtps_c.h
[1.623s] -- Symlinking: /home/csrobot/flexbe_ws/install/flexbe_msgs/include/flexbe_msgs/flexbe_msgs/msg/detail/synthesis_error_codes__rosidl_typesupport_fastrtps_c.h
[1.630s] -- Symlinking: /home/csrobot/flexbe_ws/install/flexbe_msgs/include/flexbe_msgs/flexbe_msgs/msg/detail/synthesis_request__rosidl_typesupport_fastrtps_c.h
[1.636s] -- Symlinking: /home/csrobot/flexbe_ws/install/flexbe_msgs/include/flexbe_msgs/flexbe_msgs/msg/detail/ui_command__rosidl_typesupport_fastrtps_c.h
[1.643s] -- Symlinking: /home/csrobot/flexbe_ws/install/flexbe_msgs/include/flexbe_msgs/flexbe_msgs/msg/detail/userdata_info__rosidl_typesupport_fastrtps_c.h
[1.650s] -- Symlinking: /home/csrobot/flexbe_ws/install/flexbe_msgs/include/flexbe_msgs/flexbe_msgs/msg/rosidl_typesupport_fastrtps_c__visibility_control.h
[1.658s] -- Symlinking: /home/csrobot/flexbe_ws/install/flexbe_msgs/include/flexbe_msgs/flexbe_msgs/srv/detail/get_userdata__rosidl_typesupport_fastrtps_c.h
[1.666s] -- Symlinking: /home/csrobot/flexbe_ws/install/flexbe_msgs/include/flexbe_msgs/flexbe_msgs/action/detail/behavior_execution__rosidl_typesupport_introspection_c.h
[1.674s] -- Symlinking: /home/csrobot/flexbe_ws/install/flexbe_msgs/include/flexbe_msgs/flexbe_msgs/action/detail/behavior_input__rosidl_typesupport_introspection_c.h
[1.679s] -- Symlinking: /home/csrobot/flexbe_ws/install/flexbe_msgs/include/flexbe_msgs/flexbe_msgs/action/detail/behavior_synthesis__rosidl_typesupport_introspection_c.h
[1.685s] -- Symlinking: /home/csrobot/flexbe_ws/install/flexbe_msgs/include/flexbe_msgs/flexbe_msgs/msg/detail/be_status__rosidl_typesupport_introspection_c.h
[1.693s] -- Symlinking: /home/csrobot/flexbe_ws/install/flexbe_msgs/include/flexbe_msgs/flexbe_msgs/msg/detail/behavior_log__rosidl_typesupport_introspection_c.h
[1.699s] -- Symlinking: /home/csrobot/flexbe_ws/install/flexbe_msgs/include/flexbe_msgs/flexbe_msgs/msg/detail/behavior_modification__rosidl_typesupport_introspection_c.h
[1.706s] -- Symlinking: /home/csrobot/flexbe_ws/install/flexbe_msgs/include/flexbe_msgs/flexbe_msgs/msg/detail/behavior_request__rosidl_typesupport_introspection_c.h
[1.713s] -- Symlinking: /home/csrobot/flexbe_ws/install/flexbe_msgs/include/flexbe_msgs/flexbe_msgs/msg/detail/behavior_selection__rosidl_typesupport_introspection_c.h
[1.719s] -- Symlinking: /home/csrobot/flexbe_ws/install/flexbe_msgs/include/flexbe_msgs/flexbe_msgs/msg/detail/behavior_sync__rosidl_typesupport_introspection_c.h
[1.728s] -- Symlinking: /home/csrobot/flexbe_ws/install/flexbe_msgs/include/flexbe_msgs/flexbe_msgs/msg/detail/command_feedback__rosidl_typesupport_introspection_c.h
[1.733s] -- Symlinking: /home/csrobot/flexbe_ws/install/flexbe_msgs/include/flexbe_msgs/flexbe_msgs/msg/detail/container__rosidl_typesupport_introspection_c.h
[1.740s] -- Symlinking: /home/csrobot/flexbe_ws/install/flexbe_msgs/include/flexbe_msgs/flexbe_msgs/msg/detail/container_structure__rosidl_typesupport_introspection_c.h
[1.752s] -- Symlinking: /home/csrobot/flexbe_ws/install/flexbe_msgs/include/flexbe_msgs/flexbe_msgs/msg/detail/outcome_condition__rosidl_typesupport_introspection_c.h
[1.753s] -- Symlinking: /home/csrobot/flexbe_ws/install/flexbe_msgs/include/flexbe_msgs/flexbe_msgs/msg/detail/outcome_request__rosidl_typesupport_introspection_c.h
[1.760s] -- Symlinking: /home/csrobot/flexbe_ws/install/flexbe_msgs/include/flexbe_msgs/flexbe_msgs/msg/detail/state_instantiation__rosidl_typesupport_introspection_c.h
[1.768s] -- Symlinking: /home/csrobot/flexbe_ws/install/flexbe_msgs/include/flexbe_msgs/flexbe_msgs/msg/detail/state_map_msg__rosidl_typesupport_introspection_c.h
[1.775s] -- Symlinking: /home/csrobot/flexbe_ws/install/flexbe_msgs/include/flexbe_msgs/flexbe_msgs/msg/detail/synthesis_error_codes__rosidl_typesupport_introspection_c.h
[1.782s] -- Symlinking: /home/csrobot/flexbe_ws/install/flexbe_msgs/include/flexbe_msgs/flexbe_msgs/msg/detail/synthesis_request__rosidl_typesupport_introspection_c.h
[1.789s] -- Symlinking: /home/csrobot/flexbe_ws/install/flexbe_msgs/include/flexbe_msgs/flexbe_msgs/msg/detail/ui_command__rosidl_typesupport_introspection_c.h
[1.796s] -- Symlinking: /home/csrobot/flexbe_ws/install/flexbe_msgs/include/flexbe_msgs/flexbe_msgs/msg/detail/userdata_info__rosidl_typesupport_introspection_c.h
[1.804s] -- Symlinking: /home/csrobot/flexbe_ws/install/flexbe_msgs/include/flexbe_msgs/flexbe_msgs/msg/rosidl_typesupport_introspection_c__visibility_control.h
[1.810s] -- Symlinking: /home/csrobot/flexbe_ws/install/flexbe_msgs/include/flexbe_msgs/flexbe_msgs/srv/detail/get_userdata__rosidl_typesupport_introspection_c.h
[1.817s] -- Symlinking: /home/csrobot/flexbe_ws/install/flexbe_msgs/include/flexbe_msgs/flexbe_msgs/action/behavior_execution.hpp
[1.824s] -- Symlinking: /home/csrobot/flexbe_ws/install/flexbe_msgs/include/flexbe_msgs/flexbe_msgs/action/behavior_input.hpp
[1.831s] -- Symlinking: /home/csrobot/flexbe_ws/install/flexbe_msgs/include/flexbe_msgs/flexbe_msgs/action/behavior_synthesis.hpp
[1.838s] -- Symlinking: /home/csrobot/flexbe_ws/install/flexbe_msgs/include/flexbe_msgs/flexbe_msgs/action/detail/behavior_execution__builder.hpp
[1.845s] -- Symlinking: /home/csrobot/flexbe_ws/install/flexbe_msgs/include/flexbe_msgs/flexbe_msgs/action/detail/behavior_execution__struct.hpp
[1.851s] -- Symlinking: /home/csrobot/flexbe_ws/install/flexbe_msgs/include/flexbe_msgs/flexbe_msgs/action/detail/behavior_execution__traits.hpp
[1.858s] -- Symlinking: /home/csrobot/flexbe_ws/install/flexbe_msgs/include/flexbe_msgs/flexbe_msgs/action/detail/behavior_execution__type_support.hpp
[1.864s] -- Symlinking: /home/csrobot/flexbe_ws/install/flexbe_msgs/include/flexbe_msgs/flexbe_msgs/action/detail/behavior_input__builder.hpp
[1.870s] -- Symlinking: /home/csrobot/flexbe_ws/install/flexbe_msgs/include/flexbe_msgs/flexbe_msgs/action/detail/behavior_input__struct.hpp
[1.877s] -- Symlinking: /home/csrobot/flexbe_ws/install/flexbe_msgs/include/flexbe_msgs/flexbe_msgs/action/detail/behavior_input__traits.hpp
[1.884s] -- Symlinking: /home/csrobot/flexbe_ws/install/flexbe_msgs/include/flexbe_msgs/flexbe_msgs/action/detail/behavior_input__type_support.hpp
[1.890s] -- Symlinking: /home/csrobot/flexbe_ws/install/flexbe_msgs/include/flexbe_msgs/flexbe_msgs/action/detail/behavior_synthesis__builder.hpp
[1.897s] -- Symlinking: /home/csrobot/flexbe_ws/install/flexbe_msgs/include/flexbe_msgs/flexbe_msgs/action/detail/behavior_synthesis__struct.hpp
[1.904s] -- Symlinking: /home/csrobot/flexbe_ws/install/flexbe_msgs/include/flexbe_msgs/flexbe_msgs/action/detail/behavior_synthesis__traits.hpp
[1.911s] -- Symlinking: /home/csrobot/flexbe_ws/install/flexbe_msgs/include/flexbe_msgs/flexbe_msgs/action/detail/behavior_synthesis__type_support.hpp
[1.917s] -- Symlinking: /home/csrobot/flexbe_ws/install/flexbe_msgs/include/flexbe_msgs/flexbe_msgs/msg/be_status.hpp
[1.927s] -- Symlinking: /home/csrobot/flexbe_ws/install/flexbe_msgs/include/flexbe_msgs/flexbe_msgs/msg/behavior_log.hpp
[1.933s] -- Symlinking: /home/csrobot/flexbe_ws/install/flexbe_msgs/include/flexbe_msgs/flexbe_msgs/msg/behavior_modification.hpp
[1.947s] -- Symlinking: /home/csrobot/flexbe_ws/install/flexbe_msgs/include/flexbe_msgs/flexbe_msgs/msg/behavior_request.hpp
[1.947s] -- Symlinking: /home/csrobot/flexbe_ws/install/flexbe_msgs/include/flexbe_msgs/flexbe_msgs/msg/behavior_selection.hpp
[1.954s] -- Symlinking: /home/csrobot/flexbe_ws/install/flexbe_msgs/include/flexbe_msgs/flexbe_msgs/msg/behavior_sync.hpp
[1.959s] -- Symlinking: /home/csrobot/flexbe_ws/install/flexbe_msgs/include/flexbe_msgs/flexbe_msgs/msg/command_feedback.hpp
[1.967s] -- Symlinking: /home/csrobot/flexbe_ws/install/flexbe_msgs/include/flexbe_msgs/flexbe_msgs/msg/container.hpp
[1.975s] -- Symlinking: /home/csrobot/flexbe_ws/install/flexbe_msgs/include/flexbe_msgs/flexbe_msgs/msg/container_structure.hpp
[1.979s] -- Symlinking: /home/csrobot/flexbe_ws/install/flexbe_msgs/include/flexbe_msgs/flexbe_msgs/msg/detail/be_status__builder.hpp
[1.986s] -- Symlinking: /home/csrobot/flexbe_ws/install/flexbe_msgs/include/flexbe_msgs/flexbe_msgs/msg/detail/be_status__struct.hpp
[1.993s] -- Symlinking: /home/csrobot/flexbe_ws/install/flexbe_msgs/include/flexbe_msgs/flexbe_msgs/msg/detail/be_status__traits.hpp
[2.006s] -- Symlinking: /home/csrobot/flexbe_ws/install/flexbe_msgs/include/flexbe_msgs/flexbe_msgs/msg/detail/be_status__type_support.hpp
[2.013s] -- Symlinking: /home/csrobot/flexbe_ws/install/flexbe_msgs/include/flexbe_msgs/flexbe_msgs/msg/detail/behavior_log__builder.hpp
[2.021s] -- Symlinking: /home/csrobot/flexbe_ws/install/flexbe_msgs/include/flexbe_msgs/flexbe_msgs/msg/detail/behavior_log__struct.hpp
[2.027s] -- Symlinking: /home/csrobot/flexbe_ws/install/flexbe_msgs/include/flexbe_msgs/flexbe_msgs/msg/detail/behavior_log__traits.hpp
[2.034s] -- Symlinking: /home/csrobot/flexbe_ws/install/flexbe_msgs/include/flexbe_msgs/flexbe_msgs/msg/detail/behavior_log__type_support.hpp
[2.041s] -- Symlinking: /home/csrobot/flexbe_ws/install/flexbe_msgs/include/flexbe_msgs/flexbe_msgs/msg/detail/behavior_modification__builder.hpp
[2.047s] -- Symlinking: /home/csrobot/flexbe_ws/install/flexbe_msgs/include/flexbe_msgs/flexbe_msgs/msg/detail/behavior_modification__struct.hpp
[2.055s] -- Symlinking: /home/csrobot/flexbe_ws/install/flexbe_msgs/include/flexbe_msgs/flexbe_msgs/msg/detail/behavior_modification__traits.hpp
[2.064s] -- Symlinking: /home/csrobot/flexbe_ws/install/flexbe_msgs/include/flexbe_msgs/flexbe_msgs/msg/detail/behavior_modification__type_support.hpp
[2.073s] -- Symlinking: /home/csrobot/flexbe_ws/install/flexbe_msgs/include/flexbe_msgs/flexbe_msgs/msg/detail/behavior_request__builder.hpp
[2.079s] -- Symlinking: /home/csrobot/flexbe_ws/install/flexbe_msgs/include/flexbe_msgs/flexbe_msgs/msg/detail/behavior_request__struct.hpp
[2.085s] -- Symlinking: /home/csrobot/flexbe_ws/install/flexbe_msgs/include/flexbe_msgs/flexbe_msgs/msg/detail/behavior_request__traits.hpp
[2.092s] -- Symlinking: /home/csrobot/flexbe_ws/install/flexbe_msgs/include/flexbe_msgs/flexbe_msgs/msg/detail/behavior_request__type_support.hpp
[2.103s] -- Symlinking: /home/csrobot/flexbe_ws/install/flexbe_msgs/include/flexbe_msgs/flexbe_msgs/msg/detail/behavior_selection__builder.hpp
[2.111s] -- Symlinking: /home/csrobot/flexbe_ws/install/flexbe_msgs/include/flexbe_msgs/flexbe_msgs/msg/detail/behavior_selection__struct.hpp
[2.118s] -- Symlinking: /home/csrobot/flexbe_ws/install/flexbe_msgs/include/flexbe_msgs/flexbe_msgs/msg/detail/behavior_selection__traits.hpp
[2.126s] -- Symlinking: /home/csrobot/flexbe_ws/install/flexbe_msgs/include/flexbe_msgs/flexbe_msgs/msg/detail/behavior_selection__type_support.hpp
[2.132s] -- Symlinking: /home/csrobot/flexbe_ws/install/flexbe_msgs/include/flexbe_msgs/flexbe_msgs/msg/detail/behavior_sync__builder.hpp
[2.139s] -- Symlinking: /home/csrobot/flexbe_ws/install/flexbe_msgs/include/flexbe_msgs/flexbe_msgs/msg/detail/behavior_sync__struct.hpp
[2.146s] -- Symlinking: /home/csrobot/flexbe_ws/install/flexbe_msgs/include/flexbe_msgs/flexbe_msgs/msg/detail/behavior_sync__traits.hpp
[2.152s] -- Symlinking: /home/csrobot/flexbe_ws/install/flexbe_msgs/include/flexbe_msgs/flexbe_msgs/msg/detail/behavior_sync__type_support.hpp
[2.161s] -- Symlinking: /home/csrobot/flexbe_ws/install/flexbe_msgs/include/flexbe_msgs/flexbe_msgs/msg/detail/command_feedback__builder.hpp
[2.165s] -- Symlinking: /home/csrobot/flexbe_ws/install/flexbe_msgs/include/flexbe_msgs/flexbe_msgs/msg/detail/command_feedback__struct.hpp
[2.171s] -- Symlinking: /home/csrobot/flexbe_ws/install/flexbe_msgs/include/flexbe_msgs/flexbe_msgs/msg/detail/command_feedback__traits.hpp
[2.178s] -- Symlinking: /home/csrobot/flexbe_ws/install/flexbe_msgs/include/flexbe_msgs/flexbe_msgs/msg/detail/command_feedback__type_support.hpp
[2.190s] -- Symlinking: /home/csrobot/flexbe_ws/install/flexbe_msgs/include/flexbe_msgs/flexbe_msgs/msg/detail/container__builder.hpp
[2.200s] -- Symlinking: /home/csrobot/flexbe_ws/install/flexbe_msgs/include/flexbe_msgs/flexbe_msgs/msg/detail/container__struct.hpp
[2.208s] -- Symlinking: /home/csrobot/flexbe_ws/install/flexbe_msgs/include/flexbe_msgs/flexbe_msgs/msg/detail/container__traits.hpp
[2.216s] -- Symlinking: /home/csrobot/flexbe_ws/install/flexbe_msgs/include/flexbe_msgs/flexbe_msgs/msg/detail/container__type_support.hpp
[2.222s] -- Symlinking: /home/csrobot/flexbe_ws/install/flexbe_msgs/include/flexbe_msgs/flexbe_msgs/msg/detail/container_structure__builder.hpp
[2.229s] -- Symlinking: /home/csrobot/flexbe_ws/install/flexbe_msgs/include/flexbe_msgs/flexbe_msgs/msg/detail/container_structure__struct.hpp
[2.236s] -- Symlinking: /home/csrobot/flexbe_ws/install/flexbe_msgs/include/flexbe_msgs/flexbe_msgs/msg/detail/container_structure__traits.hpp
[2.243s] -- Symlinking: /home/csrobot/flexbe_ws/install/flexbe_msgs/include/flexbe_msgs/flexbe_msgs/msg/detail/container_structure__type_support.hpp
[2.254s] -- Symlinking: /home/csrobot/flexbe_ws/install/flexbe_msgs/include/flexbe_msgs/flexbe_msgs/msg/detail/outcome_condition__builder.hpp
[2.256s] -- Symlinking: /home/csrobot/flexbe_ws/install/flexbe_msgs/include/flexbe_msgs/flexbe_msgs/msg/detail/outcome_condition__struct.hpp
[2.263s] -- Symlinking: /home/csrobot/flexbe_ws/install/flexbe_msgs/include/flexbe_msgs/flexbe_msgs/msg/detail/outcome_condition__traits.hpp
[2.270s] -- Symlinking: /home/csrobot/flexbe_ws/install/flexbe_msgs/include/flexbe_msgs/flexbe_msgs/msg/detail/outcome_condition__type_support.hpp
[2.279s] -- Symlinking: /home/csrobot/flexbe_ws/install/flexbe_msgs/include/flexbe_msgs/flexbe_msgs/msg/detail/outcome_request__builder.hpp
[2.286s] -- Symlinking: /home/csrobot/flexbe_ws/install/flexbe_msgs/include/flexbe_msgs/flexbe_msgs/msg/detail/outcome_request__struct.hpp
[2.295s] -- Symlinking: /home/csrobot/flexbe_ws/install/flexbe_msgs/include/flexbe_msgs/flexbe_msgs/msg/detail/outcome_request__traits.hpp
[2.302s] -- Symlinking: /home/csrobot/flexbe_ws/install/flexbe_msgs/include/flexbe_msgs/flexbe_msgs/msg/detail/outcome_request__type_support.hpp
[2.309s] -- Symlinking: /home/csrobot/flexbe_ws/install/flexbe_msgs/include/flexbe_msgs/flexbe_msgs/msg/detail/state_instantiation__builder.hpp
[2.316s] -- Symlinking: /home/csrobot/flexbe_ws/install/flexbe_msgs/include/flexbe_msgs/flexbe_msgs/msg/detail/state_instantiation__struct.hpp
[2.324s] -- Symlinking: /home/csrobot/flexbe_ws/install/flexbe_msgs/include/flexbe_msgs/flexbe_msgs/msg/detail/state_instantiation__traits.hpp
[2.331s] -- Symlinking: /home/csrobot/flexbe_ws/install/flexbe_msgs/include/flexbe_msgs/flexbe_msgs/msg/detail/state_instantiation__type_support.hpp
[2.338s] -- Symlinking: /home/csrobot/flexbe_ws/install/flexbe_msgs/include/flexbe_msgs/flexbe_msgs/msg/detail/state_map_msg__builder.hpp
[2.344s] -- Symlinking: /home/csrobot/flexbe_ws/install/flexbe_msgs/include/flexbe_msgs/flexbe_msgs/msg/detail/state_map_msg__struct.hpp
[2.351s] -- Symlinking: /home/csrobot/flexbe_ws/install/flexbe_msgs/include/flexbe_msgs/flexbe_msgs/msg/detail/state_map_msg__traits.hpp
[2.358s] -- Symlinking: /home/csrobot/flexbe_ws/install/flexbe_msgs/include/flexbe_msgs/flexbe_msgs/msg/detail/state_map_msg__type_support.hpp
[2.365s] -- Symlinking: /home/csrobot/flexbe_ws/install/flexbe_msgs/include/flexbe_msgs/flexbe_msgs/msg/detail/synthesis_error_codes__builder.hpp
[2.376s] -- Symlinking: /home/csrobot/flexbe_ws/install/flexbe_msgs/include/flexbe_msgs/flexbe_msgs/msg/detail/synthesis_error_codes__struct.hpp
[2.380s] -- Symlinking: /home/csrobot/flexbe_ws/install/flexbe_msgs/include/flexbe_msgs/flexbe_msgs/msg/detail/synthesis_error_codes__traits.hpp
[2.388s] -- Symlinking: /home/csrobot/flexbe_ws/install/flexbe_msgs/include/flexbe_msgs/flexbe_msgs/msg/detail/synthesis_error_codes__type_support.hpp
[2.395s] -- Symlinking: /home/csrobot/flexbe_ws/install/flexbe_msgs/include/flexbe_msgs/flexbe_msgs/msg/detail/synthesis_request__builder.hpp
[2.404s] -- Symlinking: /home/csrobot/flexbe_ws/install/flexbe_msgs/include/flexbe_msgs/flexbe_msgs/msg/detail/synthesis_request__struct.hpp
[2.411s] -- Symlinking: /home/csrobot/flexbe_ws/install/flexbe_msgs/include/flexbe_msgs/flexbe_msgs/msg/detail/synthesis_request__traits.hpp
[2.418s] -- Symlinking: /home/csrobot/flexbe_ws/install/flexbe_msgs/include/flexbe_msgs/flexbe_msgs/msg/detail/synthesis_request__type_support.hpp
[2.427s] -- Symlinking: /home/csrobot/flexbe_ws/install/flexbe_msgs/include/flexbe_msgs/flexbe_msgs/msg/detail/ui_command__builder.hpp
[2.432s] -- Symlinking: /home/csrobot/flexbe_ws/install/flexbe_msgs/include/flexbe_msgs/flexbe_msgs/msg/detail/ui_command__struct.hpp
[2.440s] -- Symlinking: /home/csrobot/flexbe_ws/install/flexbe_msgs/include/flexbe_msgs/flexbe_msgs/msg/detail/ui_command__traits.hpp
[2.447s] -- Symlinking: /home/csrobot/flexbe_ws/install/flexbe_msgs/include/flexbe_msgs/flexbe_msgs/msg/detail/ui_command__type_support.hpp
[2.454s] -- Symlinking: /home/csrobot/flexbe_ws/install/flexbe_msgs/include/flexbe_msgs/flexbe_msgs/msg/detail/userdata_info__builder.hpp
[2.462s] -- Symlinking: /home/csrobot/flexbe_ws/install/flexbe_msgs/include/flexbe_msgs/flexbe_msgs/msg/detail/userdata_info__struct.hpp
[2.468s] -- Symlinking: /home/csrobot/flexbe_ws/install/flexbe_msgs/include/flexbe_msgs/flexbe_msgs/msg/detail/userdata_info__traits.hpp
[2.475s] -- Symlinking: /home/csrobot/flexbe_ws/install/flexbe_msgs/include/flexbe_msgs/flexbe_msgs/msg/detail/userdata_info__type_support.hpp
[2.483s] -- Symlinking: /home/csrobot/flexbe_ws/install/flexbe_msgs/include/flexbe_msgs/flexbe_msgs/msg/outcome_condition.hpp
[2.496s] -- Symlinking: /home/csrobot/flexbe_ws/install/flexbe_msgs/include/flexbe_msgs/flexbe_msgs/msg/outcome_request.hpp
[2.502s] -- Symlinking: /home/csrobot/flexbe_ws/install/flexbe_msgs/include/flexbe_msgs/flexbe_msgs/msg/rosidl_generator_cpp__visibility_control.hpp
[2.509s] -- Symlinking: /home/csrobot/flexbe_ws/install/flexbe_msgs/include/flexbe_msgs/flexbe_msgs/msg/state_instantiation.hpp
[2.515s] -- Symlinking: /home/csrobot/flexbe_ws/install/flexbe_msgs/include/flexbe_msgs/flexbe_msgs/msg/state_map_msg.hpp
[2.528s] -- Symlinking: /home/csrobot/flexbe_ws/install/flexbe_msgs/include/flexbe_msgs/flexbe_msgs/msg/synthesis_error_codes.hpp
[2.531s] -- Symlinking: /home/csrobot/flexbe_ws/install/flexbe_msgs/include/flexbe_msgs/flexbe_msgs/msg/synthesis_request.hpp
[2.538s] -- Symlinking: /home/csrobot/flexbe_ws/install/flexbe_msgs/include/flexbe_msgs/flexbe_msgs/msg/ui_command.hpp
[2.544s] -- Symlinking: /home/csrobot/flexbe_ws/install/flexbe_msgs/include/flexbe_msgs/flexbe_msgs/msg/userdata_info.hpp
[2.551s] -- Symlinking: /home/csrobot/flexbe_ws/install/flexbe_msgs/include/flexbe_msgs/flexbe_msgs/srv/detail/get_userdata__builder.hpp
[2.558s] -- Symlinking: /home/csrobot/flexbe_ws/install/flexbe_msgs/include/flexbe_msgs/flexbe_msgs/srv/detail/get_userdata__struct.hpp
[2.565s] -- Symlinking: /home/csrobot/flexbe_ws/install/flexbe_msgs/include/flexbe_msgs/flexbe_msgs/srv/detail/get_userdata__traits.hpp
[2.572s] -- Symlinking: /home/csrobot/flexbe_ws/install/flexbe_msgs/include/flexbe_msgs/flexbe_msgs/srv/detail/get_userdata__type_support.hpp
[2.579s] -- Symlinking: /home/csrobot/flexbe_ws/install/flexbe_msgs/include/flexbe_msgs/flexbe_msgs/srv/get_userdata.hpp
[2.587s] -- Symlinking: /home/csrobot/flexbe_ws/install/flexbe_msgs/include/flexbe_msgs/flexbe_msgs/action/detail/behavior_execution__rosidl_typesupport_fastrtps_cpp.hpp
[2.593s] -- Symlinking: /home/csrobot/flexbe_ws/install/flexbe_msgs/include/flexbe_msgs/flexbe_msgs/action/detail/behavior_input__rosidl_typesupport_fastrtps_cpp.hpp
[2.600s] -- Symlinking: /home/csrobot/flexbe_ws/install/flexbe_msgs/include/flexbe_msgs/flexbe_msgs/action/detail/behavior_synthesis__rosidl_typesupport_fastrtps_cpp.hpp
[2.607s] -- Symlinking: /home/csrobot/flexbe_ws/install/flexbe_msgs/include/flexbe_msgs/flexbe_msgs/msg/detail/be_status__rosidl_typesupport_fastrtps_cpp.hpp
[2.619s] -- Symlinking: /home/csrobot/flexbe_ws/install/flexbe_msgs/include/flexbe_msgs/flexbe_msgs/msg/detail/behavior_log__rosidl_typesupport_fastrtps_cpp.hpp
[2.623s] -- Symlinking: /home/csrobot/flexbe_ws/install/flexbe_msgs/include/flexbe_msgs/flexbe_msgs/msg/detail/behavior_modification__rosidl_typesupport_fastrtps_cpp.hpp
[2.632s] -- Symlinking: /home/csrobot/flexbe_ws/install/flexbe_msgs/include/flexbe_msgs/flexbe_msgs/msg/detail/behavior_request__rosidl_typesupport_fastrtps_cpp.hpp
[2.637s] -- Symlinking: /home/csrobot/flexbe_ws/install/flexbe_msgs/include/flexbe_msgs/flexbe_msgs/msg/detail/behavior_selection__rosidl_typesupport_fastrtps_cpp.hpp
[2.643s] -- Symlinking: /home/csrobot/flexbe_ws/install/flexbe_msgs/include/flexbe_msgs/flexbe_msgs/msg/detail/behavior_sync__rosidl_typesupport_fastrtps_cpp.hpp
[2.650s] -- Symlinking: /home/csrobot/flexbe_ws/install/flexbe_msgs/include/flexbe_msgs/flexbe_msgs/msg/detail/command_feedback__rosidl_typesupport_fastrtps_cpp.hpp
[2.657s] -- Symlinking: /home/csrobot/flexbe_ws/install/flexbe_msgs/include/flexbe_msgs/flexbe_msgs/msg/detail/container__rosidl_typesupport_fastrtps_cpp.hpp
[2.668s] -- Symlinking: /home/csrobot/flexbe_ws/install/flexbe_msgs/include/flexbe_msgs/flexbe_msgs/msg/detail/container_structure__rosidl_typesupport_fastrtps_cpp.hpp
[2.675s] -- Symlinking: /home/csrobot/flexbe_ws/install/flexbe_msgs/include/flexbe_msgs/flexbe_msgs/msg/detail/outcome_condition__rosidl_typesupport_fastrtps_cpp.hpp
[2.684s] -- Symlinking: /home/csrobot/flexbe_ws/install/flexbe_msgs/include/flexbe_msgs/flexbe_msgs/msg/detail/outcome_request__rosidl_typesupport_fastrtps_cpp.hpp
[2.690s] -- Symlinking: /home/csrobot/flexbe_ws/install/flexbe_msgs/include/flexbe_msgs/flexbe_msgs/msg/detail/state_instantiation__rosidl_typesupport_fastrtps_cpp.hpp
[2.696s] -- Symlinking: /home/csrobot/flexbe_ws/install/flexbe_msgs/include/flexbe_msgs/flexbe_msgs/msg/detail/state_map_msg__rosidl_typesupport_fastrtps_cpp.hpp
[2.703s] -- Symlinking: /home/csrobot/flexbe_ws/install/flexbe_msgs/include/flexbe_msgs/flexbe_msgs/msg/detail/synthesis_error_codes__rosidl_typesupport_fastrtps_cpp.hpp
[2.710s] -- Symlinking: /home/csrobot/flexbe_ws/install/flexbe_msgs/include/flexbe_msgs/flexbe_msgs/msg/detail/synthesis_request__rosidl_typesupport_fastrtps_cpp.hpp
[2.718s] -- Symlinking: /home/csrobot/flexbe_ws/install/flexbe_msgs/include/flexbe_msgs/flexbe_msgs/msg/detail/ui_command__rosidl_typesupport_fastrtps_cpp.hpp
[2.730s] -- Symlinking: /home/csrobot/flexbe_ws/install/flexbe_msgs/include/flexbe_msgs/flexbe_msgs/msg/detail/userdata_info__rosidl_typesupport_fastrtps_cpp.hpp
[2.731s] -- Symlinking: /home/csrobot/flexbe_ws/install/flexbe_msgs/include/flexbe_msgs/flexbe_msgs/msg/rosidl_typesupport_fastrtps_cpp__visibility_control.h
[2.738s] -- Symlinking: /home/csrobot/flexbe_ws/install/flexbe_msgs/include/flexbe_msgs/flexbe_msgs/srv/detail/get_userdata__rosidl_typesupport_fastrtps_cpp.hpp
[2.745s] -- Symlinking: /home/csrobot/flexbe_ws/install/flexbe_msgs/include/flexbe_msgs/flexbe_msgs/action/detail/behavior_execution__rosidl_typesupport_introspection_cpp.hpp
[2.752s] -- Symlinking: /home/csrobot/flexbe_ws/install/flexbe_msgs/include/flexbe_msgs/flexbe_msgs/action/detail/behavior_input__rosidl_typesupport_introspection_cpp.hpp
[2.761s] -- Symlinking: /home/csrobot/flexbe_ws/install/flexbe_msgs/include/flexbe_msgs/flexbe_msgs/action/detail/behavior_synthesis__rosidl_typesupport_introspection_cpp.hpp
[2.771s] -- Symlinking: /home/csrobot/flexbe_ws/install/flexbe_msgs/include/flexbe_msgs/flexbe_msgs/msg/detail/be_status__rosidl_typesupport_introspection_cpp.hpp
[2.781s] -- Symlinking: /home/csrobot/flexbe_ws/install/flexbe_msgs/include/flexbe_msgs/flexbe_msgs/msg/detail/behavior_log__rosidl_typesupport_introspection_cpp.hpp
[2.793s] -- Symlinking: /home/csrobot/flexbe_ws/install/flexbe_msgs/include/flexbe_msgs/flexbe_msgs/msg/detail/behavior_modification__rosidl_typesupport_introspection_cpp.hpp
[2.799s] -- Symlinking: /home/csrobot/flexbe_ws/install/flexbe_msgs/include/flexbe_msgs/flexbe_msgs/msg/detail/behavior_request__rosidl_typesupport_introspection_cpp.hpp
[2.809s] -- Symlinking: /home/csrobot/flexbe_ws/install/flexbe_msgs/include/flexbe_msgs/flexbe_msgs/msg/detail/behavior_selection__rosidl_typesupport_introspection_cpp.hpp
[2.817s] -- Symlinking: /home/csrobot/flexbe_ws/install/flexbe_msgs/include/flexbe_msgs/flexbe_msgs/msg/detail/behavior_sync__rosidl_typesupport_introspection_cpp.hpp
[2.825s] -- Symlinking: /home/csrobot/flexbe_ws/install/flexbe_msgs/include/flexbe_msgs/flexbe_msgs/msg/detail/command_feedback__rosidl_typesupport_introspection_cpp.hpp
[2.835s] -- Symlinking: /home/csrobot/flexbe_ws/install/flexbe_msgs/include/flexbe_msgs/flexbe_msgs/msg/detail/container__rosidl_typesupport_introspection_cpp.hpp
[2.845s] -- Symlinking: /home/csrobot/flexbe_ws/install/flexbe_msgs/include/flexbe_msgs/flexbe_msgs/msg/detail/container_structure__rosidl_typesupport_introspection_cpp.hpp
[2.854s] -- Symlinking: /home/csrobot/flexbe_ws/install/flexbe_msgs/include/flexbe_msgs/flexbe_msgs/msg/detail/outcome_condition__rosidl_typesupport_introspection_cpp.hpp
[2.862s] -- Symlinking: /home/csrobot/flexbe_ws/install/flexbe_msgs/include/flexbe_msgs/flexbe_msgs/msg/detail/outcome_request__rosidl_typesupport_introspection_cpp.hpp
[2.870s] -- Symlinking: /home/csrobot/flexbe_ws/install/flexbe_msgs/include/flexbe_msgs/flexbe_msgs/msg/detail/state_instantiation__rosidl_typesupport_introspection_cpp.hpp
[2.882s] -- Symlinking: /home/csrobot/flexbe_ws/install/flexbe_msgs/include/flexbe_msgs/flexbe_msgs/msg/detail/state_map_msg__rosidl_typesupport_introspection_cpp.hpp
[2.893s] -- Symlinking: /home/csrobot/flexbe_ws/install/flexbe_msgs/include/flexbe_msgs/flexbe_msgs/msg/detail/synthesis_error_codes__rosidl_typesupport_introspection_cpp.hpp
[2.904s] -- Symlinking: /home/csrobot/flexbe_ws/install/flexbe_msgs/include/flexbe_msgs/flexbe_msgs/msg/detail/synthesis_request__rosidl_typesupport_introspection_cpp.hpp
[2.919s] -- Symlinking: /home/csrobot/flexbe_ws/install/flexbe_msgs/include/flexbe_msgs/flexbe_msgs/msg/detail/ui_command__rosidl_typesupport_introspection_cpp.hpp
[2.928s] -- Symlinking: /home/csrobot/flexbe_ws/install/flexbe_msgs/include/flexbe_msgs/flexbe_msgs/msg/detail/userdata_info__rosidl_typesupport_introspection_cpp.hpp
[2.937s] -- Symlinking: /home/csrobot/flexbe_ws/install/flexbe_msgs/include/flexbe_msgs/flexbe_msgs/srv/detail/get_userdata__rosidl_typesupport_introspection_cpp.hpp
[2.947s] -- Symlinking: /home/csrobot/flexbe_ws/install/flexbe_msgs/share/flexbe_msgs/environment/pythonpath.sh
[2.958s] -- Symlinking: /home/csrobot/flexbe_ws/install/flexbe_msgs/share/flexbe_msgs/environment/pythonpath.dsv
[2.967s] -- Symlinking: /home/csrobot/flexbe_ws/install/flexbe_msgs/lib/python3.12/site-packages/flexbe_msgs-4.0.1-py3.12.egg-info/PKG-INFO
[2.972s] -- Symlinking: /home/csrobot/flexbe_ws/install/flexbe_msgs/lib/python3.12/site-packages/flexbe_msgs-4.0.1-py3.12.egg-info/SOURCES.txt
[2.981s] -- Symlinking: /home/csrobot/flexbe_ws/install/flexbe_msgs/lib/python3.12/site-packages/flexbe_msgs-4.0.1-py3.12.egg-info/dependency_links.txt
[2.990s] -- Symlinking: /home/csrobot/flexbe_ws/install/flexbe_msgs/lib/python3.12/site-packages/flexbe_msgs-4.0.1-py3.12.egg-info/top_level.txt
[2.998s] -- Symlinking: /home/csrobot/flexbe_ws/install/flexbe_msgs/lib/python3.12/site-packages/flexbe_msgs/__init__.py
[3.006s] -- Symlinking: /home/csrobot/flexbe_ws/install/flexbe_msgs/lib/python3.12/site-packages/flexbe_msgs/_flexbe_msgs_s.ep.rosidl_typesupport_c.c
[3.015s] -- Symlinking: /home/csrobot/flexbe_ws/install/flexbe_msgs/lib/python3.12/site-packages/flexbe_msgs/_flexbe_msgs_s.ep.rosidl_typesupport_fastrtps_c.c
[3.024s] -- Symlinking: /home/csrobot/flexbe_ws/install/flexbe_msgs/lib/python3.12/site-packages/flexbe_msgs/_flexbe_msgs_s.ep.rosidl_typesupport_introspection_c.c
[3.030s] -- Symlinking: /home/csrobot/flexbe_ws/install/flexbe_msgs/lib/python3.12/site-packages/flexbe_msgs/action/__init__.py
[3.037s] -- Symlinking: /home/csrobot/flexbe_ws/install/flexbe_msgs/lib/python3.12/site-packages/flexbe_msgs/action/_behavior_execution.py
[3.043s] -- Symlinking: /home/csrobot/flexbe_ws/install/flexbe_msgs/lib/python3.12/site-packages/flexbe_msgs/action/_behavior_execution_s.c
[3.050s] -- Symlinking: /home/csrobot/flexbe_ws/install/flexbe_msgs/lib/python3.12/site-packages/flexbe_msgs/action/_behavior_input.py
[3.058s] -- Symlinking: /home/csrobot/flexbe_ws/install/flexbe_msgs/lib/python3.12/site-packages/flexbe_msgs/action/_behavior_input_s.c
[3.070s] -- Symlinking: /home/csrobot/flexbe_ws/install/flexbe_msgs/lib/python3.12/site-packages/flexbe_msgs/action/_behavior_synthesis.py
[3.079s] -- Symlinking: /home/csrobot/flexbe_ws/install/flexbe_msgs/lib/python3.12/site-packages/flexbe_msgs/action/_behavior_synthesis_s.c
[3.085s] -- Symlinking: /home/csrobot/flexbe_ws/install/flexbe_msgs/lib/python3.12/site-packages/flexbe_msgs/flexbe_msgs_s__rosidl_typesupport_c.so
[3.092s] -- Symlinking: /home/csrobot/flexbe_ws/install/flexbe_msgs/lib/python3.12/site-packages/flexbe_msgs/flexbe_msgs_s__rosidl_typesupport_fastrtps_c.so
[3.102s] -- Symlinking: /home/csrobot/flexbe_ws/install/flexbe_msgs/lib/python3.12/site-packages/flexbe_msgs/flexbe_msgs_s__rosidl_typesupport_introspection_c.so
[3.111s] -- Symlinking: /home/csrobot/flexbe_ws/install/flexbe_msgs/lib/python3.12/site-packages/flexbe_msgs/msg/__init__.py
[3.119s] -- Symlinking: /home/csrobot/flexbe_ws/install/flexbe_msgs/lib/python3.12/site-packages/flexbe_msgs/msg/_be_status.py
[3.126s] -- Symlinking: /home/csrobot/flexbe_ws/install/flexbe_msgs/lib/python3.12/site-packages/flexbe_msgs/msg/_be_status_s.c
[3.134s] -- Symlinking: /home/csrobot/flexbe_ws/install/flexbe_msgs/lib/python3.12/site-packages/flexbe_msgs/msg/_behavior_log.py
[3.141s] -- Symlinking: /home/csrobot/flexbe_ws/install/flexbe_msgs/lib/python3.12/site-packages/flexbe_msgs/msg/_behavior_log_s.c
[3.148s] -- Symlinking: /home/csrobot/flexbe_ws/install/flexbe_msgs/lib/python3.12/site-packages/flexbe_msgs/msg/_behavior_modification.py
[3.159s] -- Symlinking: /home/csrobot/flexbe_ws/install/flexbe_msgs/lib/python3.12/site-packages/flexbe_msgs/msg/_behavior_modification_s.c
[3.162s] -- Symlinking: /home/csrobot/flexbe_ws/install/flexbe_msgs/lib/python3.12/site-packages/flexbe_msgs/msg/_behavior_request.py
[3.169s] -- Symlinking: /home/csrobot/flexbe_ws/install/flexbe_msgs/lib/python3.12/site-packages/flexbe_msgs/msg/_behavior_request_s.c
[3.177s] -- Symlinking: /home/csrobot/flexbe_ws/install/flexbe_msgs/lib/python3.12/site-packages/flexbe_msgs/msg/_behavior_selection.py
[3.183s] -- Symlinking: /home/csrobot/flexbe_ws/install/flexbe_msgs/lib/python3.12/site-packages/flexbe_msgs/msg/_behavior_selection_s.c
[3.191s] -- Symlinking: /home/csrobot/flexbe_ws/install/flexbe_msgs/lib/python3.12/site-packages/flexbe_msgs/msg/_behavior_sync.py
[3.199s] -- Symlinking: /home/csrobot/flexbe_ws/install/flexbe_msgs/lib/python3.12/site-packages/flexbe_msgs/msg/_behavior_sync_s.c
[3.208s] -- Symlinking: /home/csrobot/flexbe_ws/install/flexbe_msgs/lib/python3.12/site-packages/flexbe_msgs/msg/_command_feedback.py
[3.216s] -- Symlinking: /home/csrobot/flexbe_ws/install/flexbe_msgs/lib/python3.12/site-packages/flexbe_msgs/msg/_command_feedback_s.c
[3.224s] -- Symlinking: /home/csrobot/flexbe_ws/install/flexbe_msgs/lib/python3.12/site-packages/flexbe_msgs/msg/_container.py
[3.234s] -- Symlinking: /home/csrobot/flexbe_ws/install/flexbe_msgs/lib/python3.12/site-packages/flexbe_msgs/msg/_container_s.c
[3.238s] -- Symlinking: /home/csrobot/flexbe_ws/install/flexbe_msgs/lib/python3.12/site-packages/flexbe_msgs/msg/_container_structure.py
[3.246s] -- Symlinking: /home/csrobot/flexbe_ws/install/flexbe_msgs/lib/python3.12/site-packages/flexbe_msgs/msg/_container_structure_s.c
[3.253s] -- Symlinking: /home/csrobot/flexbe_ws/install/flexbe_msgs/lib/python3.12/site-packages/flexbe_msgs/msg/_outcome_condition.py
[3.261s] -- Symlinking: /home/csrobot/flexbe_ws/install/flexbe_msgs/lib/python3.12/site-packages/flexbe_msgs/msg/_outcome_condition_s.c
[3.268s] -- Symlinking: /home/csrobot/flexbe_ws/install/flexbe_msgs/lib/python3.12/site-packages/flexbe_msgs/msg/_outcome_request.py
[3.275s] -- Symlinking: /home/csrobot/flexbe_ws/install/flexbe_msgs/lib/python3.12/site-packages/flexbe_msgs/msg/_outcome_request_s.c
[3.285s] -- Symlinking: /home/csrobot/flexbe_ws/install/flexbe_msgs/lib/python3.12/site-packages/flexbe_msgs/msg/_state_instantiation.py
[3.292s] -- Symlinking: /home/csrobot/flexbe_ws/install/flexbe_msgs/lib/python3.12/site-packages/flexbe_msgs/msg/_state_instantiation_s.c
[3.299s] -- Symlinking: /home/csrobot/flexbe_ws/install/flexbe_msgs/lib/python3.12/site-packages/flexbe_msgs/msg/_state_map_msg.py
[3.306s] -- Symlinking: /home/csrobot/flexbe_ws/install/flexbe_msgs/lib/python3.12/site-packages/flexbe_msgs/msg/_state_map_msg_s.c
[3.316s] -- Symlinking: /home/csrobot/flexbe_ws/install/flexbe_msgs/lib/python3.12/site-packages/flexbe_msgs/msg/_synthesis_error_codes.py
[3.320s] -- Symlinking: /home/csrobot/flexbe_ws/install/flexbe_msgs/lib/python3.12/site-packages/flexbe_msgs/msg/_synthesis_error_codes_s.c
[3.327s] -- Symlinking: /home/csrobot/flexbe_ws/install/flexbe_msgs/lib/python3.12/site-packages/flexbe_msgs/msg/_synthesis_request.py
[3.335s] -- Symlinking: /home/csrobot/flexbe_ws/install/flexbe_msgs/lib/python3.12/site-packages/flexbe_msgs/msg/_synthesis_request_s.c
[3.343s] -- Symlinking: /home/csrobot/flexbe_ws/install/flexbe_msgs/lib/python3.12/site-packages/flexbe_msgs/msg/_ui_command.py
[3.350s] -- Symlinking: /home/csrobot/flexbe_ws/install/flexbe_msgs/lib/python3.12/site-packages/flexbe_msgs/msg/_ui_command_s.c
[3.358s] -- Symlinking: /home/csrobot/flexbe_ws/install/flexbe_msgs/lib/python3.12/site-packages/flexbe_msgs/msg/_userdata_info.py
[3.363s] -- Symlinking: /home/csrobot/flexbe_ws/install/flexbe_msgs/lib/python3.12/site-packages/flexbe_msgs/msg/_userdata_info_s.c
[3.370s] -- Symlinking: /home/csrobot/flexbe_ws/install/flexbe_msgs/lib/python3.12/site-packages/flexbe_msgs/srv/__init__.py
[3.377s] -- Symlinking: /home/csrobot/flexbe_ws/install/flexbe_msgs/lib/python3.12/site-packages/flexbe_msgs/srv/_get_userdata.py
[3.384s] -- Symlinking: /home/csrobot/flexbe_ws/install/flexbe_msgs/lib/python3.12/site-packages/flexbe_msgs/srv/_get_userdata_s.c
[3.392s] -- Up-to-date symlink: /home/csrobot/flexbe_ws/install/flexbe_msgs/lib/python3.12/site-packages/flexbe_msgs/flexbe_msgs_s__rosidl_typesupport_fastrtps_c.so
[3.392s] -- Up-to-date symlink: /home/csrobot/flexbe_ws/install/flexbe_msgs/lib/python3.12/site-packages/flexbe_msgs/flexbe_msgs_s__rosidl_typesupport_introspection_c.so
[3.392s] -- Up-to-date symlink: /home/csrobot/flexbe_ws/install/flexbe_msgs/lib/python3.12/site-packages/flexbe_msgs/flexbe_msgs_s__rosidl_typesupport_c.so
[3.393s] -- Symlinking: /home/csrobot/flexbe_ws/install/flexbe_msgs/share/flexbe_msgs/msg/BEStatus.idl
[3.400s] -- Symlinking: /home/csrobot/flexbe_ws/install/flexbe_msgs/share/flexbe_msgs/msg/BehaviorLog.idl
[3.408s] -- Symlinking: /home/csrobot/flexbe_ws/install/flexbe_msgs/share/flexbe_msgs/msg/BehaviorModification.idl
[3.415s] -- Symlinking: /home/csrobot/flexbe_ws/install/flexbe_msgs/share/flexbe_msgs/msg/BehaviorRequest.idl
[3.423s] -- Symlinking: /home/csrobot/flexbe_ws/install/flexbe_msgs/share/flexbe_msgs/msg/BehaviorSelection.idl
[3.430s] -- Symlinking: /home/csrobot/flexbe_ws/install/flexbe_msgs/share/flexbe_msgs/msg/BehaviorSync.idl
[3.437s] -- Symlinking: /home/csrobot/flexbe_ws/install/flexbe_msgs/share/flexbe_msgs/msg/CommandFeedback.idl
[3.447s] -- Symlinking: /home/csrobot/flexbe_ws/install/flexbe_msgs/share/flexbe_msgs/msg/Container.idl
[3.454s] -- Symlinking: /home/csrobot/flexbe_ws/install/flexbe_msgs/share/flexbe_msgs/msg/ContainerStructure.idl
[3.460s] -- Symlinking: /home/csrobot/flexbe_ws/install/flexbe_msgs/share/flexbe_msgs/msg/OutcomeCondition.idl
[3.467s] -- Symlinking: /home/csrobot/flexbe_ws/install/flexbe_msgs/share/flexbe_msgs/msg/OutcomeRequest.idl
[3.474s] -- Symlinking: /home/csrobot/flexbe_ws/install/flexbe_msgs/share/flexbe_msgs/msg/StateInstantiation.idl
[3.481s] -- Symlinking: /home/csrobot/flexbe_ws/install/flexbe_msgs/share/flexbe_msgs/msg/StateMapMsg.idl
[3.488s] -- Symlinking: /home/csrobot/flexbe_ws/install/flexbe_msgs/share/flexbe_msgs/msg/SynthesisErrorCodes.idl
[3.496s] -- Symlinking: /home/csrobot/flexbe_ws/install/flexbe_msgs/share/flexbe_msgs/msg/SynthesisRequest.idl
[3.503s] -- Symlinking: /home/csrobot/flexbe_ws/install/flexbe_msgs/share/flexbe_msgs/msg/UICommand.idl
[3.511s] -- Symlinking: /home/csrobot/flexbe_ws/install/flexbe_msgs/share/flexbe_msgs/msg/UserdataInfo.idl
[3.521s] -- Symlinking: /home/csrobot/flexbe_ws/install/flexbe_msgs/share/flexbe_msgs/action/BehaviorInput.idl
[3.528s] -- Symlinking: /home/csrobot/flexbe_ws/install/flexbe_msgs/share/flexbe_msgs/action/BehaviorExecution.idl
[3.535s] -- Symlinking: /home/csrobot/flexbe_ws/install/flexbe_msgs/share/flexbe_msgs/action/BehaviorSynthesis.idl
[3.543s] -- Symlinking: /home/csrobot/flexbe_ws/install/flexbe_msgs/share/flexbe_msgs/srv/GetUserdata.idl
[3.549s] -- Symlinking: /home/csrobot/flexbe_ws/install/flexbe_msgs/share/flexbe_msgs/msg/BEStatus.msg
[3.556s] -- Symlinking: /home/csrobot/flexbe_ws/install/flexbe_msgs/share/flexbe_msgs/msg/BehaviorLog.msg
[3.563s] -- Symlinking: /home/csrobot/flexbe_ws/install/flexbe_msgs/share/flexbe_msgs/msg/BehaviorModification.msg
[3.569s] -- Symlinking: /home/csrobot/flexbe_ws/install/flexbe_msgs/share/flexbe_msgs/msg/BehaviorRequest.msg
[3.576s] -- Symlinking: /home/csrobot/flexbe_ws/install/flexbe_msgs/share/flexbe_msgs/msg/BehaviorSelection.msg
[3.587s] -- Symlinking: /home/csrobot/flexbe_ws/install/flexbe_msgs/share/flexbe_msgs/msg/BehaviorSync.msg
[3.591s] -- Symlinking: /home/csrobot/flexbe_ws/install/flexbe_msgs/share/flexbe_msgs/msg/CommandFeedback.msg
[3.598s] -- Symlinking: /home/csrobot/flexbe_ws/install/flexbe_msgs/share/flexbe_msgs/msg/Container.msg
[3.607s] -- Symlinking: /home/csrobot/flexbe_ws/install/flexbe_msgs/share/flexbe_msgs/msg/ContainerStructure.msg
[3.617s] -- Symlinking: /home/csrobot/flexbe_ws/install/flexbe_msgs/share/flexbe_msgs/msg/OutcomeCondition.msg
[3.623s] -- Symlinking: /home/csrobot/flexbe_ws/install/flexbe_msgs/share/flexbe_msgs/msg/OutcomeRequest.msg
[3.632s] -- Symlinking: /home/csrobot/flexbe_ws/install/flexbe_msgs/share/flexbe_msgs/msg/StateInstantiation.msg
[3.638s] -- Symlinking: /home/csrobot/flexbe_ws/install/flexbe_msgs/share/flexbe_msgs/msg/StateMapMsg.msg
[3.645s] -- Symlinking: /home/csrobot/flexbe_ws/install/flexbe_msgs/share/flexbe_msgs/msg/SynthesisErrorCodes.msg
[3.652s] -- Symlinking: /home/csrobot/flexbe_ws/install/flexbe_msgs/share/flexbe_msgs/msg/SynthesisRequest.msg
[3.659s] -- Symlinking: /home/csrobot/flexbe_ws/install/flexbe_msgs/share/flexbe_msgs/msg/UICommand.msg
[3.665s] -- Symlinking: /home/csrobot/flexbe_ws/install/flexbe_msgs/share/flexbe_msgs/msg/UserdataInfo.msg
[3.672s] -- Symlinking: /home/csrobot/flexbe_ws/install/flexbe_msgs/share/flexbe_msgs/action/BehaviorInput.action
[3.679s] -- Symlinking: /home/csrobot/flexbe_ws/install/flexbe_msgs/share/flexbe_msgs/action/BehaviorExecution.action
[3.686s] -- Symlinking: /home/csrobot/flexbe_ws/install/flexbe_msgs/share/flexbe_msgs/action/BehaviorSynthesis.action
[3.693s] -- Symlinking: /home/csrobot/flexbe_ws/install/flexbe_msgs/share/flexbe_msgs/srv/GetUserdata.srv
[3.700s] -- Symlinking: /home/csrobot/flexbe_ws/install/flexbe_msgs/share/ament_index/resource_index/package_run_dependencies/flexbe_msgs
[3.707s] -- Symlinking: /home/csrobot/flexbe_ws/install/flexbe_msgs/share/ament_index/resource_index/parent_prefix_path/flexbe_msgs
[3.713s] -- Symlinking: /home/csrobot/flexbe_ws/install/flexbe_msgs/share/flexbe_msgs/environment/ament_prefix_path.sh
[3.721s] -- Symlinking: /home/csrobot/flexbe_ws/install/flexbe_msgs/share/flexbe_msgs/environment/ament_prefix_path.dsv
[3.728s] -- Symlinking: /home/csrobot/flexbe_ws/install/flexbe_msgs/share/flexbe_msgs/environment/path.sh
[3.734s] -- Symlinking: /home/csrobot/flexbe_ws/install/flexbe_msgs/share/flexbe_msgs/environment/path.dsv
[3.741s] -- Symlinking: /home/csrobot/flexbe_ws/install/flexbe_msgs/share/flexbe_msgs/local_setup.bash
[3.749s] -- Symlinking: /home/csrobot/flexbe_ws/install/flexbe_msgs/share/flexbe_msgs/local_setup.sh
[3.756s] -- Symlinking: /home/csrobot/flexbe_ws/install/flexbe_msgs/share/flexbe_msgs/local_setup.zsh
[3.762s] -- Symlinking: /home/csrobot/flexbe_ws/install/flexbe_msgs/share/flexbe_msgs/local_setup.dsv
[3.769s] -- Symlinking: /home/csrobot/flexbe_ws/install/flexbe_msgs/share/flexbe_msgs/package.dsv
[3.778s] -- Symlinking: /home/csrobot/flexbe_ws/install/flexbe_msgs/share/ament_index/resource_index/packages/flexbe_msgs
[3.784s] -- Symlinking: /home/csrobot/flexbe_ws/install/flexbe_msgs/share/flexbe_msgs/cmake/rosidl_cmake-extras.cmake
[3.792s] -- Symlinking: /home/csrobot/flexbe_ws/install/flexbe_msgs/share/flexbe_msgs/cmake/ament_cmake_export_dependencies-extras.cmake
[3.799s] -- Symlinking: /home/csrobot/flexbe_ws/install/flexbe_msgs/share/flexbe_msgs/cmake/ament_cmake_export_include_directories-extras.cmake
[3.807s] -- Symlinking: /home/csrobot/flexbe_ws/install/flexbe_msgs/share/flexbe_msgs/cmake/ament_cmake_export_libraries-extras.cmake
[3.816s] -- Symlinking: /home/csrobot/flexbe_ws/install/flexbe_msgs/share/flexbe_msgs/cmake/ament_cmake_export_targets-extras.cmake
[3.824s] -- Symlinking: /home/csrobot/flexbe_ws/install/flexbe_msgs/share/flexbe_msgs/cmake/rosidl_cmake_export_typesupport_targets-extras.cmake
[3.832s] -- Symlinking: /home/csrobot/flexbe_ws/install/flexbe_msgs/share/flexbe_msgs/cmake/rosidl_cmake_export_typesupport_libraries-extras.cmake
[3.838s] -- Symlinking: /home/csrobot/flexbe_ws/install/flexbe_msgs/share/flexbe_msgs/cmake/flexbe_msgsConfig.cmake
[3.844s] -- Symlinking: /home/csrobot/flexbe_ws/install/flexbe_msgs/share/flexbe_msgs/cmake/flexbe_msgsConfig-version.cmake
[3.852s] -- Symlinking: /home/csrobot/flexbe_ws/install/flexbe_msgs/share/flexbe_msgs/package.xml
[3.859s] -- Installing: /home/csrobot/flexbe_ws/install/flexbe_msgs/lib/libflexbe_msgs__rosidl_generator_c.so
[3.859s] -- Set non-toolchain portion of runtime path of "/home/csrobot/flexbe_ws/install/flexbe_msgs/lib/libflexbe_msgs__rosidl_generator_c.so" to ""
[3.859s] -- Installing: /home/csrobot/flexbe_ws/install/flexbe_msgs/lib/libflexbe_msgs__rosidl_typesupport_fastrtps_c.so
[3.860s] -- Set non-toolchain portion of runtime path of "/home/csrobot/flexbe_ws/install/flexbe_msgs/lib/libflexbe_msgs__rosidl_typesupport_fastrtps_c.so" to ""
[3.860s] -- Installing: /home/csrobot/flexbe_ws/install/flexbe_msgs/lib/libflexbe_msgs__rosidl_typesupport_introspection_c.so
[3.861s] -- Set non-toolchain portion of runtime path of "/home/csrobot/flexbe_ws/install/flexbe_msgs/lib/libflexbe_msgs__rosidl_typesupport_introspection_c.so" to ""
[3.861s] -- Installing: /home/csrobot/flexbe_ws/install/flexbe_msgs/lib/libflexbe_msgs__rosidl_typesupport_c.so
[3.861s] -- Set non-toolchain portion of runtime path of "/home/csrobot/flexbe_ws/install/flexbe_msgs/lib/libflexbe_msgs__rosidl_typesupport_c.so" to ""
[3.862s] -- Installing: /home/csrobot/flexbe_ws/install/flexbe_msgs/lib/libflexbe_msgs__rosidl_typesupport_fastrtps_cpp.so
[3.864s] -- Set non-toolchain portion of runtime path of "/home/csrobot/flexbe_ws/install/flexbe_msgs/lib/libflexbe_msgs__rosidl_typesupport_fastrtps_cpp.so" to ""
[3.864s] -- Installing: /home/csrobot/flexbe_ws/install/flexbe_msgs/lib/libflexbe_msgs__rosidl_typesupport_introspection_cpp.so
[3.866s] -- Set non-toolchain portion of runtime path of "/home/csrobot/flexbe_ws/install/flexbe_msgs/lib/libflexbe_msgs__rosidl_typesupport_introspection_cpp.so" to ""
[3.866s] -- Installing: /home/csrobot/flexbe_ws/install/flexbe_msgs/lib/libflexbe_msgs__rosidl_typesupport_cpp.so
[3.866s] -- Set non-toolchain portion of runtime path of "/home/csrobot/flexbe_ws/install/flexbe_msgs/lib/libflexbe_msgs__rosidl_typesupport_cpp.so" to ""
[3.960s] Listing '/home/csrobot/flexbe_ws/install/flexbe_msgs/lib/python3.12/site-packages/flexbe_msgs'...
[3.960s] Compiling '/home/csrobot/flexbe_ws/install/flexbe_msgs/lib/python3.12/site-packages/flexbe_msgs/__init__.py'...
[3.960s] Listing '/home/csrobot/flexbe_ws/install/flexbe_msgs/lib/python3.12/site-packages/flexbe_msgs/action'...
[3.960s] Compiling '/home/csrobot/flexbe_ws/install/flexbe_msgs/lib/python3.12/site-packages/flexbe_msgs/action/__init__.py'...
[3.961s] Compiling '/home/csrobot/flexbe_ws/install/flexbe_msgs/lib/python3.12/site-packages/flexbe_msgs/action/_behavior_execution.py'...
[3.961s] Compiling '/home/csrobot/flexbe_ws/install/flexbe_msgs/lib/python3.12/site-packages/flexbe_msgs/action/_behavior_input.py'...
[3.961s] Compiling '/home/csrobot/flexbe_ws/install/flexbe_msgs/lib/python3.12/site-packages/flexbe_msgs/action/_behavior_synthesis.py'...
[3.961s] Listing '/home/csrobot/flexbe_ws/install/flexbe_msgs/lib/python3.12/site-packages/flexbe_msgs/msg'...
[3.961s] Compiling '/home/csrobot/flexbe_ws/install/flexbe_msgs/lib/python3.12/site-packages/flexbe_msgs/msg/__init__.py'...
[3.961s] Compiling '/home/csrobot/flexbe_ws/install/flexbe_msgs/lib/python3.12/site-packages/flexbe_msgs/msg/_be_status.py'...
[3.961s] Compiling '/home/csrobot/flexbe_ws/install/flexbe_msgs/lib/python3.12/site-packages/flexbe_msgs/msg/_behavior_log.py'...
[3.961s] Compiling '/home/csrobot/flexbe_ws/install/flexbe_msgs/lib/python3.12/site-packages/flexbe_msgs/msg/_behavior_modification.py'...
[3.962s] Compiling '/home/csrobot/flexbe_ws/install/flexbe_msgs/lib/python3.12/site-packages/flexbe_msgs/msg/_behavior_request.py'...
[3.962s] Compiling '/home/csrobot/flexbe_ws/install/flexbe_msgs/lib/python3.12/site-packages/flexbe_msgs/msg/_behavior_selection.py'...
[3.962s] Compiling '/home/csrobot/flexbe_ws/install/flexbe_msgs/lib/python3.12/site-packages/flexbe_msgs/msg/_behavior_sync.py'...
[3.962s] Compiling '/home/csrobot/flexbe_ws/install/flexbe_msgs/lib/python3.12/site-packages/flexbe_msgs/msg/_command_feedback.py'...
[3.962s] Compiling '/home/csrobot/flexbe_ws/install/flexbe_msgs/lib/python3.12/site-packages/flexbe_msgs/msg/_container.py'...
[3.962s] Compiling '/home/csrobot/flexbe_ws/install/flexbe_msgs/lib/python3.12/site-packages/flexbe_msgs/msg/_container_structure.py'...
[3.962s] Compiling '/home/csrobot/flexbe_ws/install/flexbe_msgs/lib/python3.12/site-packages/flexbe_msgs/msg/_outcome_condition.py'...
[3.962s] Compiling '/home/csrobot/flexbe_ws/install/flexbe_msgs/lib/python3.12/site-packages/flexbe_msgs/msg/_outcome_request.py'...
[3.963s] Compiling '/home/csrobot/flexbe_ws/install/flexbe_msgs/lib/python3.12/site-packages/flexbe_msgs/msg/_state_instantiation.py'...
[3.963s] Compiling '/home/csrobot/flexbe_ws/install/flexbe_msgs/lib/python3.12/site-packages/flexbe_msgs/msg/_state_map_msg.py'...
[3.963s] Compiling '/home/csrobot/flexbe_ws/install/flexbe_msgs/lib/python3.12/site-packages/flexbe_msgs/msg/_synthesis_error_codes.py'...
[3.963s] Compiling '/home/csrobot/flexbe_ws/install/flexbe_msgs/lib/python3.12/site-packages/flexbe_msgs/msg/_synthesis_request.py'...
[3.963s] Compiling '/home/csrobot/flexbe_ws/install/flexbe_msgs/lib/python3.12/site-packages/flexbe_msgs/msg/_ui_command.py'...
[3.963s] Compiling '/home/csrobot/flexbe_ws/install/flexbe_msgs/lib/python3.12/site-packages/flexbe_msgs/msg/_userdata_info.py'...
[3.964s] Listing '/home/csrobot/flexbe_ws/install/flexbe_msgs/lib/python3.12/site-packages/flexbe_msgs/srv'...
[3.964s] Compiling '/home/csrobot/flexbe_ws/install/flexbe_msgs/lib/python3.12/site-packages/flexbe_msgs/srv/__init__.py'...
[3.964s] Compiling '/home/csrobot/flexbe_ws/install/flexbe_msgs/lib/python3.12/site-packages/flexbe_msgs/srv/_get_userdata.py'...
[3.965s] -- Installing: /home/csrobot/flexbe_ws/install/flexbe_msgs/lib/libflexbe_msgs__rosidl_generator_py.so
[3.968s] -- Set non-toolchain portion of runtime path of "/home/csrobot/flexbe_ws/install/flexbe_msgs/lib/libflexbe_msgs__rosidl_generator_py.so" to ""
[3.968s] -- Installing: /home/csrobot/flexbe_ws/install/flexbe_msgs/share/flexbe_msgs/cmake/export_flexbe_msgs__rosidl_generator_cExport.cmake
[3.968s] -- Installing: /home/csrobot/flexbe_ws/install/flexbe_msgs/share/flexbe_msgs/cmake/export_flexbe_msgs__rosidl_generator_cExport-noconfig.cmake
[3.968s] -- Installing: /home/csrobot/flexbe_ws/install/flexbe_msgs/share/flexbe_msgs/cmake/export_flexbe_msgs__rosidl_typesupport_fastrtps_cExport.cmake
[3.968s] -- Installing: /home/csrobot/flexbe_ws/install/flexbe_msgs/share/flexbe_msgs/cmake/export_flexbe_msgs__rosidl_typesupport_fastrtps_cExport-noconfig.cmake
[3.968s] -- Installing: /home/csrobot/flexbe_ws/install/flexbe_msgs/share/flexbe_msgs/cmake/flexbe_msgs__rosidl_typesupport_introspection_cExport.cmake
[3.968s] -- Installing: /home/csrobot/flexbe_ws/install/flexbe_msgs/share/flexbe_msgs/cmake/flexbe_msgs__rosidl_typesupport_introspection_cExport-noconfig.cmake
[3.969s] -- Installing: /home/csrobot/flexbe_ws/install/flexbe_msgs/share/flexbe_msgs/cmake/flexbe_msgs__rosidl_typesupport_cExport.cmake
[3.969s] -- Installing: /home/csrobot/flexbe_ws/install/flexbe_msgs/share/flexbe_msgs/cmake/flexbe_msgs__rosidl_typesupport_cExport-noconfig.cmake
[3.969s] -- Installing: /home/csrobot/flexbe_ws/install/flexbe_msgs/share/flexbe_msgs/cmake/export_flexbe_msgs__rosidl_generator_cppExport.cmake
[3.969s] -- Installing: /home/csrobot/flexbe_ws/install/flexbe_msgs/share/flexbe_msgs/cmake/export_flexbe_msgs__rosidl_typesupport_fastrtps_cppExport.cmake
[3.970s] -- Installing: /home/csrobot/flexbe_ws/install/flexbe_msgs/share/flexbe_msgs/cmake/export_flexbe_msgs__rosidl_typesupport_fastrtps_cppExport-noconfig.cmake
[3.970s] -- Installing: /home/csrobot/flexbe_ws/install/flexbe_msgs/share/flexbe_msgs/cmake/flexbe_msgs__rosidl_typesupport_introspection_cppExport.cmake
[3.971s] -- Installing: /home/csrobot/flexbe_ws/install/flexbe_msgs/share/flexbe_msgs/cmake/flexbe_msgs__rosidl_typesupport_introspection_cppExport-noconfig.cmake
[3.971s] -- Installing: /home/csrobot/flexbe_ws/install/flexbe_msgs/share/flexbe_msgs/cmake/flexbe_msgs__rosidl_typesupport_cppExport.cmake
[3.971s] -- Installing: /home/csrobot/flexbe_ws/install/flexbe_msgs/share/flexbe_msgs/cmake/flexbe_msgs__rosidl_typesupport_cppExport-noconfig.cmake
[3.971s] -- Installing: /home/csrobot/flexbe_ws/install/flexbe_msgs/share/flexbe_msgs/cmake/export_flexbe_msgs__rosidl_generator_pyExport.cmake
[3.972s] -- Installing: /home/csrobot/flexbe_ws/install/flexbe_msgs/share/flexbe_msgs/cmake/export_flexbe_msgs__rosidl_generator_pyExport-noconfig.cmake
[3.973s] Invoked command in '/home/csrobot/flexbe_ws/build/flexbe_msgs' returned '0': CMAKE_PREFIX_PATH=${CMAKE_PREFIX_PATH}:/opt/ros/jazzy DEBUGINFOD_URLS=https://debuginfod.ubuntu.com /usr/bin/cmake --install /home/csrobot/flexbe_ws/build/flexbe_msgs
