running develop
running egg_info
creating flexbe_turtlesim_demo_flexbe_states.egg-info
writing flexbe_turtlesim_demo_flexbe_states.egg-info/PKG-INFO
writing dependency_links to flexbe_turtlesim_demo_flexbe_states.egg-info/dependency_links.txt
writing entry points to flexbe_turtlesim_demo_flexbe_states.egg-info/entry_points.txt
writing requirements to flexbe_turtlesim_demo_flexbe_states.egg-info/requires.txt
writing top-level names to flexbe_turtlesim_demo_flexbe_states.egg-info/top_level.txt
writing manifest file 'flexbe_turtlesim_demo_flexbe_states.egg-info/SOURCES.txt'
reading manifest file 'flexbe_turtlesim_demo_flexbe_states.egg-info/SOURCES.txt'
writing manifest file 'flexbe_turtlesim_demo_flexbe_states.egg-info/SOURCES.txt'
running build_ext
Creating /home/csrobot/flexbe_ws/install/flexbe_turtlesim_demo_flexbe_states/lib/python3.12/site-packages/flexbe-turtlesim-demo-flexbe-states.egg-link (link to .)
Installing example_action_state script to /home/csrobot/flexbe_ws/install/flexbe_turtlesim_demo_flexbe_states/lib/flexbe_turtlesim_demo_flexbe_states
Installing example_state script to /home/csrobot/flexbe_ws/install/flexbe_turtlesim_demo_flexbe_states/lib/flexbe_turtlesim_demo_flexbe_states
Installing teleport_absolute_state script to /home/csrobot/flexbe_ws/install/flexbe_turtlesim_demo_flexbe_states/lib/flexbe_turtlesim_demo_flexbe_states
Installing timed_twist_state script to /home/csrobot/flexbe_ws/install/flexbe_turtlesim_demo_flexbe_states/lib/flexbe_turtlesim_demo_flexbe_states

Installed /home/csrobot/flexbe_ws/build/flexbe_turtlesim_demo_flexbe_states
running symlink_data
creating /home/csrobot/flexbe_ws/install/flexbe_turtlesim_demo_flexbe_states/share/ament_index
creating /home/csrobot/flexbe_ws/install/flexbe_turtlesim_demo_flexbe_states/share/ament_index/resource_index
creating /home/csrobot/flexbe_ws/install/flexbe_turtlesim_demo_flexbe_states/share/ament_index/resource_index/packages
symbolically linking /home/csrobot/flexbe_ws/build/flexbe_turtlesim_demo_flexbe_states/resource/flexbe_turtlesim_demo_flexbe_states -> /home/csrobot/flexbe_ws/install/flexbe_turtlesim_demo_flexbe_states/share/ament_index/resource_index/packages
symbolically linking /home/csrobot/flexbe_ws/build/flexbe_turtlesim_demo_flexbe_states/package.xml -> /home/csrobot/flexbe_ws/install/flexbe_turtlesim_demo_flexbe_states/share/flexbe_turtlesim_demo_flexbe_states
creating /home/csrobot/flexbe_ws/install/flexbe_turtlesim_demo_flexbe_states/share/flexbe_turtlesim_demo_flexbe_states/tests
symbolically linking /home/csrobot/flexbe_ws/build/flexbe_turtlesim_demo_flexbe_states/tests/timed_cmd_vel_state.test -> /home/csrobot/flexbe_ws/install/flexbe_turtlesim_demo_flexbe_states/share/flexbe_turtlesim_demo_flexbe_states/tests
symbolically linking /home/csrobot/flexbe_ws/build/flexbe_turtlesim_demo_flexbe_states/tests/teleport_absolute_state.test -> /home/csrobot/flexbe_ws/install/flexbe_turtlesim_demo_flexbe_states/share/flexbe_turtlesim_demo_flexbe_states/tests
symbolically linking /home/csrobot/flexbe_ws/build/flexbe_turtlesim_demo_flexbe_states/tests/clear_turtlesim_state.test -> /home/csrobot/flexbe_ws/install/flexbe_turtlesim_demo_flexbe_states/share/flexbe_turtlesim_demo_flexbe_states/tests
symbolically linking /home/csrobot/flexbe_ws/build/flexbe_turtlesim_demo_flexbe_states/tests/rotate_turtle_state.test -> /home/csrobot/flexbe_ws/install/flexbe_turtlesim_demo_flexbe_states/share/flexbe_turtlesim_demo_flexbe_states/tests
symbolically linking /home/csrobot/flexbe_ws/build/flexbe_turtlesim_demo_flexbe_states/tests/example_state.test -> /home/csrobot/flexbe_ws/install/flexbe_turtlesim_demo_flexbe_states/share/flexbe_turtlesim_demo_flexbe_states/tests
creating /home/csrobot/flexbe_ws/install/flexbe_turtlesim_demo_flexbe_states/share/flexbe_turtlesim_demo_flexbe_states/launch
symbolically linking /home/csrobot/flexbe_ws/build/flexbe_turtlesim_demo_flexbe_states/tests/run_tests.launch.py -> /home/csrobot/flexbe_ws/install/flexbe_turtlesim_demo_flexbe_states/share/flexbe_turtlesim_demo_flexbe_states/launch
