[0.882s] Invoking command in '/home/csrobot/flexbe_ws/build/flexbe_turtlesim_demo_flexbe_states': AMENT_PREFIX_PATH=/home/csrobot/flexbe_ws/install/flexbe_behavior_engine:/home/csrobot/flexbe_ws/install/flexbe_widget:/home/csrobot/flexbe_ws/install/flexbe_onboard:/home/csrobot/flexbe_ws/install/flexbe_states:/home/csrobot/flexbe_ws/install/flexbe_webui:/home/csrobot/flexbe_ws/install/flexbe_testing:/home/csrobot/flexbe_ws/install/flexbe_mirror:/home/csrobot/flexbe_ws/install/flexbe_input:/home/csrobot/flexbe_ws/install/flexbe_core:/home/csrobot/flexbe_ws/install/flexbe_msgs:${AMENT_PREFIX_PATH} CMAKE_PREFIX_PATH=/home/csrobot/flexbe_ws/install/flexbe_behavior_engine:/home/csrobot/flexbe_ws/install/flexbe_widget:/home/csrobot/flexbe_ws/install/flexbe_testing:/home/csrobot/flexbe_ws/install/flexbe_msgs:${CMAKE_PREFIX_PATH} DEBUGINFOD_URLS=https://debuginfod.ubuntu.com LD_LIBRARY_PATH=/home/csrobot/flexbe_ws/install/flexbe_msgs/lib:${LD_LIBRARY_PATH} PYTHONPATH=/home/csrobot/flexbe_ws/build/flexbe_turtlesim_demo_flexbe_states/prefix_override:/usr/lib/python3/dist-packages/colcon_core/task/python/colcon_distutils_commands:/home/csrobot/flexbe_ws/install/flexbe_turtlesim_demo_flexbe_states/lib/python3.12/site-packages:/home/csrobot/flexbe_ws/install/flexbe_widget/lib/python3.12/site-packages:/home/csrobot/flexbe_ws/build/flexbe_onboard:/home/csrobot/flexbe_ws/install/flexbe_onboard/lib/python3.12/site-packages:/home/csrobot/flexbe_ws/build/flexbe_states:/home/csrobot/flexbe_ws/install/flexbe_states/lib/python3.12/site-packages:/home/csrobot/flexbe_ws/build/flexbe_webui:/home/csrobot/flexbe_ws/install/flexbe_webui/lib/python3.12/site-packages:/home/csrobot/flexbe_ws/install/flexbe_testing/lib/python3.12/site-packages:/home/csrobot/flexbe_ws/build/flexbe_mirror:/home/csrobot/flexbe_ws/install/flexbe_mirror/lib/python3.12/site-packages:/home/csrobot/flexbe_ws/build/flexbe_input:/home/csrobot/flexbe_ws/install/flexbe_input/lib/python3.12/site-packages:/home/csrobot/flexbe_ws/build/flexbe_core:/home/csrobot/flexbe_ws/install/flexbe_core/lib/python3.12/site-packages:/home/csrobot/flexbe_ws/install/flexbe_msgs/lib/python3.12/site-packages:${PYTHONPATH} /usr/bin/python3 -W ignore:setup.py install is deprecated -W ignore:easy_install command is deprecated setup.py develop --editable --build-directory /home/csrobot/flexbe_ws/build/flexbe_turtlesim_demo_flexbe_states/build --no-deps symlink_data
[1.201s] running develop
[1.378s] /usr/lib/python3/dist-packages/setuptools/command/easy_install.py:363: UserWarning: Unbuilt egg for pytest-repeat [unknown version] (/usr/lib/python3/dist-packages)
[1.378s]   self.local_index = Environment(self.shadow_path + sys.path)
[1.415s] running egg_info
[1.416s] creating flexbe_turtlesim_demo_flexbe_states.egg-info
[1.437s] writing flexbe_turtlesim_demo_flexbe_states.egg-info/PKG-INFO
[1.437s] writing dependency_links to flexbe_turtlesim_demo_flexbe_states.egg-info/dependency_links.txt
[1.437s] writing entry points to flexbe_turtlesim_demo_flexbe_states.egg-info/entry_points.txt
[1.437s] writing requirements to flexbe_turtlesim_demo_flexbe_states.egg-info/requires.txt
[1.437s] writing top-level names to flexbe_turtlesim_demo_flexbe_states.egg-info/top_level.txt
[1.437s] writing manifest file 'flexbe_turtlesim_demo_flexbe_states.egg-info/SOURCES.txt'
[1.480s] reading manifest file 'flexbe_turtlesim_demo_flexbe_states.egg-info/SOURCES.txt'
[1.480s] writing manifest file 'flexbe_turtlesim_demo_flexbe_states.egg-info/SOURCES.txt'
[1.502s] running build_ext
[1.502s] Creating /home/csrobot/flexbe_ws/install/flexbe_turtlesim_demo_flexbe_states/lib/python3.12/site-packages/flexbe-turtlesim-demo-flexbe-states.egg-link (link to .)
[1.503s] Installing example_action_state script to /home/csrobot/flexbe_ws/install/flexbe_turtlesim_demo_flexbe_states/lib/flexbe_turtlesim_demo_flexbe_states
[1.503s] Installing example_state script to /home/csrobot/flexbe_ws/install/flexbe_turtlesim_demo_flexbe_states/lib/flexbe_turtlesim_demo_flexbe_states
[1.503s] Installing teleport_absolute_state script to /home/csrobot/flexbe_ws/install/flexbe_turtlesim_demo_flexbe_states/lib/flexbe_turtlesim_demo_flexbe_states
[1.503s] Installing timed_twist_state script to /home/csrobot/flexbe_ws/install/flexbe_turtlesim_demo_flexbe_states/lib/flexbe_turtlesim_demo_flexbe_states
[1.503s] 
[1.503s] Installed /home/csrobot/flexbe_ws/build/flexbe_turtlesim_demo_flexbe_states
[1.504s] running symlink_data
[1.504s] creating /home/csrobot/flexbe_ws/install/flexbe_turtlesim_demo_flexbe_states/share/ament_index
[1.504s] creating /home/csrobot/flexbe_ws/install/flexbe_turtlesim_demo_flexbe_states/share/ament_index/resource_index
[1.504s] creating /home/csrobot/flexbe_ws/install/flexbe_turtlesim_demo_flexbe_states/share/ament_index/resource_index/packages
[1.504s] symbolically linking /home/csrobot/flexbe_ws/build/flexbe_turtlesim_demo_flexbe_states/resource/flexbe_turtlesim_demo_flexbe_states -> /home/csrobot/flexbe_ws/install/flexbe_turtlesim_demo_flexbe_states/share/ament_index/resource_index/packages
[1.504s] symbolically linking /home/csrobot/flexbe_ws/build/flexbe_turtlesim_demo_flexbe_states/package.xml -> /home/csrobot/flexbe_ws/install/flexbe_turtlesim_demo_flexbe_states/share/flexbe_turtlesim_demo_flexbe_states
[1.504s] creating /home/csrobot/flexbe_ws/install/flexbe_turtlesim_demo_flexbe_states/share/flexbe_turtlesim_demo_flexbe_states/tests
[1.504s] symbolically linking /home/csrobot/flexbe_ws/build/flexbe_turtlesim_demo_flexbe_states/tests/timed_cmd_vel_state.test -> /home/csrobot/flexbe_ws/install/flexbe_turtlesim_demo_flexbe_states/share/flexbe_turtlesim_demo_flexbe_states/tests
[1.504s] symbolically linking /home/csrobot/flexbe_ws/build/flexbe_turtlesim_demo_flexbe_states/tests/teleport_absolute_state.test -> /home/csrobot/flexbe_ws/install/flexbe_turtlesim_demo_flexbe_states/share/flexbe_turtlesim_demo_flexbe_states/tests
[1.504s] symbolically linking /home/csrobot/flexbe_ws/build/flexbe_turtlesim_demo_flexbe_states/tests/clear_turtlesim_state.test -> /home/csrobot/flexbe_ws/install/flexbe_turtlesim_demo_flexbe_states/share/flexbe_turtlesim_demo_flexbe_states/tests
[1.504s] symbolically linking /home/csrobot/flexbe_ws/build/flexbe_turtlesim_demo_flexbe_states/tests/rotate_turtle_state.test -> /home/csrobot/flexbe_ws/install/flexbe_turtlesim_demo_flexbe_states/share/flexbe_turtlesim_demo_flexbe_states/tests
[1.504s] symbolically linking /home/csrobot/flexbe_ws/build/flexbe_turtlesim_demo_flexbe_states/tests/example_state.test -> /home/csrobot/flexbe_ws/install/flexbe_turtlesim_demo_flexbe_states/share/flexbe_turtlesim_demo_flexbe_states/tests
[1.504s] creating /home/csrobot/flexbe_ws/install/flexbe_turtlesim_demo_flexbe_states/share/flexbe_turtlesim_demo_flexbe_states/launch
[1.504s] symbolically linking /home/csrobot/flexbe_ws/build/flexbe_turtlesim_demo_flexbe_states/tests/run_tests.launch.py -> /home/csrobot/flexbe_ws/install/flexbe_turtlesim_demo_flexbe_states/share/flexbe_turtlesim_demo_flexbe_states/launch
[1.535s] Invoked command in '/home/csrobot/flexbe_ws/build/flexbe_turtlesim_demo_flexbe_states' returned '0': AMENT_PREFIX_PATH=/home/csrobot/flexbe_ws/install/flexbe_behavior_engine:/home/csrobot/flexbe_ws/install/flexbe_widget:/home/csrobot/flexbe_ws/install/flexbe_onboard:/home/csrobot/flexbe_ws/install/flexbe_states:/home/csrobot/flexbe_ws/install/flexbe_webui:/home/csrobot/flexbe_ws/install/flexbe_testing:/home/csrobot/flexbe_ws/install/flexbe_mirror:/home/csrobot/flexbe_ws/install/flexbe_input:/home/csrobot/flexbe_ws/install/flexbe_core:/home/csrobot/flexbe_ws/install/flexbe_msgs:${AMENT_PREFIX_PATH} CMAKE_PREFIX_PATH=/home/csrobot/flexbe_ws/install/flexbe_behavior_engine:/home/csrobot/flexbe_ws/install/flexbe_widget:/home/csrobot/flexbe_ws/install/flexbe_testing:/home/csrobot/flexbe_ws/install/flexbe_msgs:${CMAKE_PREFIX_PATH} DEBUGINFOD_URLS=https://debuginfod.ubuntu.com LD_LIBRARY_PATH=/home/csrobot/flexbe_ws/install/flexbe_msgs/lib:${LD_LIBRARY_PATH} PYTHONPATH=/home/csrobot/flexbe_ws/build/flexbe_turtlesim_demo_flexbe_states/prefix_override:/usr/lib/python3/dist-packages/colcon_core/task/python/colcon_distutils_commands:/home/csrobot/flexbe_ws/install/flexbe_turtlesim_demo_flexbe_states/lib/python3.12/site-packages:/home/csrobot/flexbe_ws/install/flexbe_widget/lib/python3.12/site-packages:/home/csrobot/flexbe_ws/build/flexbe_onboard:/home/csrobot/flexbe_ws/install/flexbe_onboard/lib/python3.12/site-packages:/home/csrobot/flexbe_ws/build/flexbe_states:/home/csrobot/flexbe_ws/install/flexbe_states/lib/python3.12/site-packages:/home/csrobot/flexbe_ws/build/flexbe_webui:/home/csrobot/flexbe_ws/install/flexbe_webui/lib/python3.12/site-packages:/home/csrobot/flexbe_ws/install/flexbe_testing/lib/python3.12/site-packages:/home/csrobot/flexbe_ws/build/flexbe_mirror:/home/csrobot/flexbe_ws/install/flexbe_mirror/lib/python3.12/site-packages:/home/csrobot/flexbe_ws/build/flexbe_input:/home/csrobot/flexbe_ws/install/flexbe_input/lib/python3.12/site-packages:/home/csrobot/flexbe_ws/build/flexbe_core:/home/csrobot/flexbe_ws/install/flexbe_core/lib/python3.12/site-packages:/home/csrobot/flexbe_ws/install/flexbe_msgs/lib/python3.12/site-packages:${PYTHONPATH} /usr/bin/python3 -W ignore:setup.py install is deprecated -W ignore:easy_install command is deprecated setup.py develop --editable --build-directory /home/csrobot/flexbe_ws/build/flexbe_turtlesim_demo_flexbe_states/build --no-deps symlink_data
