running egg_info
writing ../../../build/tm_mod_urdf/tm_mod_urdf.egg-info/PKG-INFO
writing dependency_links to ../../../build/tm_mod_urdf/tm_mod_urdf.egg-info/dependency_links.txt
writing entry points to ../../../build/tm_mod_urdf/tm_mod_urdf.egg-info/entry_points.txt
writing requirements to ../../../build/tm_mod_urdf/tm_mod_urdf.egg-info/requires.txt
writing top-level names to ../../../build/tm_mod_urdf/tm_mod_urdf.egg-info/top_level.txt
reading manifest file '../../../build/tm_mod_urdf/tm_mod_urdf.egg-info/SOURCES.txt'
writing manifest file '../../../build/tm_mod_urdf/tm_mod_urdf.egg-info/SOURCES.txt'
running build
running build_py
running install
running install_lib
running install_data
running install_egg_info
removing '/home/csrobot/flexbe_ws/install/tm_mod_urdf/lib/python3.10/site-packages/tm_mod_urdf-1.1.2-py3.10.egg-info' (and everything under it)
Copying ../../../build/tm_mod_urdf/tm_mod_urdf.egg-info to /home/csrobot/flexbe_ws/install/tm_mod_urdf/lib/python3.10/site-packages/tm_mod_urdf-1.1.2-py3.10.egg-info
running install_scripts
Installing modify_urdf script to /home/csrobot/flexbe_ws/install/tm_mod_urdf/lib/tm_mod_urdf
Installing modify_xacro script to /home/csrobot/flexbe_ws/install/tm_mod_urdf/lib/tm_mod_urdf
writing list of installed files to '/home/csrobot/flexbe_ws/build/tm_mod_urdf/install.log'
