[2.155s] Invoking command in '/home/csrobot/flexbe_ws/src/tmr_ros2/tm_mod_urdf': PYTHONPATH=/home/csrobot/flexbe_ws/build/tm_mod_urdf/prefix_override:/usr/lib/python3/dist-packages/colcon_core/task/python/colcon_distutils_commands:/home/csrobot/flexbe_ws/install/tm_mod_urdf/lib/python3.10/site-packages:${PYTHONPATH} /usr/bin/python3 -W ignore:setup.py install is deprecated -W ignore:easy_install command is deprecated setup.py egg_info --egg-base ../../../build/tm_mod_urdf build --build-base /home/csrobot/flexbe_ws/build/tm_mod_urdf/build install --record /home/csrobot/flexbe_ws/build/tm_mod_urdf/install.log --single-version-externally-managed install_data
[2.641s] running egg_info
[2.642s] writing ../../../build/tm_mod_urdf/tm_mod_urdf.egg-info/PKG-INFO
[2.642s] writing dependency_links to ../../../build/tm_mod_urdf/tm_mod_urdf.egg-info/dependency_links.txt
[2.642s] writing entry points to ../../../build/tm_mod_urdf/tm_mod_urdf.egg-info/entry_points.txt
[2.642s] writing requirements to ../../../build/tm_mod_urdf/tm_mod_urdf.egg-info/requires.txt
[2.642s] writing top-level names to ../../../build/tm_mod_urdf/tm_mod_urdf.egg-info/top_level.txt
[2.644s] reading manifest file '../../../build/tm_mod_urdf/tm_mod_urdf.egg-info/SOURCES.txt'
[2.645s] writing manifest file '../../../build/tm_mod_urdf/tm_mod_urdf.egg-info/SOURCES.txt'
[2.645s] running build
[2.645s] running build_py
[2.645s] running install
[2.645s] running install_lib
[2.648s] running install_data
[2.649s] running install_egg_info
[2.652s] removing '/home/csrobot/flexbe_ws/install/tm_mod_urdf/lib/python3.10/site-packages/tm_mod_urdf-1.1.2-py3.10.egg-info' (and everything under it)
[2.652s] Copying ../../../build/tm_mod_urdf/tm_mod_urdf.egg-info to /home/csrobot/flexbe_ws/install/tm_mod_urdf/lib/python3.10/site-packages/tm_mod_urdf-1.1.2-py3.10.egg-info
[2.653s] running install_scripts
[2.689s] Installing modify_urdf script to /home/csrobot/flexbe_ws/install/tm_mod_urdf/lib/tm_mod_urdf
[2.689s] Installing modify_xacro script to /home/csrobot/flexbe_ws/install/tm_mod_urdf/lib/tm_mod_urdf
[2.689s] writing list of installed files to '/home/csrobot/flexbe_ws/build/tm_mod_urdf/install.log'
[2.714s] Invoked command in '/home/csrobot/flexbe_ws/src/tmr_ros2/tm_mod_urdf' returned '0': PYTHONPATH=/home/csrobot/flexbe_ws/build/tm_mod_urdf/prefix_override:/usr/lib/python3/dist-packages/colcon_core/task/python/colcon_distutils_commands:/home/csrobot/flexbe_ws/install/tm_mod_urdf/lib/python3.10/site-packages:${PYTHONPATH} /usr/bin/python3 -W ignore:setup.py install is deprecated -W ignore:easy_install command is deprecated setup.py egg_info --egg-base ../../../build/tm_mod_urdf build --build-base /home/csrobot/flexbe_ws/build/tm_mod_urdf/build install --record /home/csrobot/flexbe_ws/build/tm_mod_urdf/install.log --single-version-externally-managed install_data
