[0.023s] Invoking command in '/home/csrobot/flexbe_ws/build/tm_driver': AMENT_PREFIX_PATH=/home/csrobot/flexbe_ws/install/tm_msgs:${AMENT_PREFIX_PATH} CMAKE_PREFIX_PATH=/home/csrobot/flexbe_ws/install/tm_msgs:/opt/ros/jazzy/opt/gz_math_vendor:/opt/ros/jazzy/opt/gz_utils_vendor:/opt/ros/jazzy/opt/gz_cmake_vendor:/opt/ros/jazzy DEBUGINFOD_URLS=https://debuginfod.ubuntu.com LD_LIBRARY_PATH=/home/csrobot/flexbe_ws/install/tm_msgs/lib:${LD_LIBRARY_PATH} PYTHONPATH=/home/csrobot/flexbe_ws/install/tm_msgs/lib/python3.12/site-packages:${PYTHONPATH} /usr/bin/cmake --build /home/csrobot/flexbe_ws/build/tm_driver -- -j8 -l8
[0.117s] [100%] Built target tm_driver
[0.129s] Invoked command in '/home/csrobot/flexbe_ws/build/tm_driver' returned '0': AMENT_PREFIX_PATH=/home/csrobot/flexbe_ws/install/tm_msgs:${AMENT_PREFIX_PATH} CMAKE_PREFIX_PATH=/home/csrobot/flexbe_ws/install/tm_msgs:/opt/ros/jazzy/opt/gz_math_vendor:/opt/ros/jazzy/opt/gz_utils_vendor:/opt/ros/jazzy/opt/gz_cmake_vendor:/opt/ros/jazzy DEBUGINFOD_URLS=https://debuginfod.ubuntu.com LD_LIBRARY_PATH=/home/csrobot/flexbe_ws/install/tm_msgs/lib:${LD_LIBRARY_PATH} PYTHONPATH=/home/csrobot/flexbe_ws/install/tm_msgs/lib/python3.12/site-packages:${PYTHONPATH} /usr/bin/cmake --build /home/csrobot/flexbe_ws/build/tm_driver -- -j8 -l8
[0.130s] Invoking command in '/home/csrobot/flexbe_ws/build/tm_driver': AMENT_PREFIX_PATH=/home/csrobot/flexbe_ws/install/tm_msgs:${AMENT_PREFIX_PATH} CMAKE_PREFIX_PATH=/home/csrobot/flexbe_ws/install/tm_msgs:/opt/ros/jazzy/opt/gz_math_vendor:/opt/ros/jazzy/opt/gz_utils_vendor:/opt/ros/jazzy/opt/gz_cmake_vendor:/opt/ros/jazzy DEBUGINFOD_URLS=https://debuginfod.ubuntu.com LD_LIBRARY_PATH=/home/csrobot/flexbe_ws/install/tm_msgs/lib:${LD_LIBRARY_PATH} PYTHONPATH=/home/csrobot/flexbe_ws/install/tm_msgs/lib/python3.12/site-packages:${PYTHONPATH} /usr/bin/cmake --install /home/csrobot/flexbe_ws/build/tm_driver
[0.135s] -- Install configuration: ""
[0.135s] -- Execute custom install script
[0.136s] -- Up-to-date symlink: /home/csrobot/flexbe_ws/install/tm_driver/lib/tm_driver/tm_driver
[0.136s] -- Up-to-date symlink: /home/csrobot/flexbe_ws/install/tm_driver/share/tm_driver/launch/tm_bringup.launch.py
[0.136s] -- Up-to-date symlink: /home/csrobot/flexbe_ws/install/tm_driver/share/ament_index/resource_index/package_run_dependencies/tm_driver
[0.136s] -- Up-to-date symlink: /home/csrobot/flexbe_ws/install/tm_driver/share/ament_index/resource_index/parent_prefix_path/tm_driver
[0.136s] -- Up-to-date symlink: /home/csrobot/flexbe_ws/install/tm_driver/share/tm_driver/environment/ament_prefix_path.sh
[0.136s] -- Up-to-date symlink: /home/csrobot/flexbe_ws/install/tm_driver/share/tm_driver/environment/ament_prefix_path.dsv
[0.137s] -- Up-to-date symlink: /home/csrobot/flexbe_ws/install/tm_driver/share/tm_driver/environment/path.sh
[0.137s] -- Up-to-date symlink: /home/csrobot/flexbe_ws/install/tm_driver/share/tm_driver/environment/path.dsv
[0.137s] -- Up-to-date symlink: /home/csrobot/flexbe_ws/install/tm_driver/share/tm_driver/local_setup.bash
[0.137s] -- Up-to-date symlink: /home/csrobot/flexbe_ws/install/tm_driver/share/tm_driver/local_setup.sh
[0.137s] -- Up-to-date symlink: /home/csrobot/flexbe_ws/install/tm_driver/share/tm_driver/local_setup.zsh
[0.137s] -- Up-to-date symlink: /home/csrobot/flexbe_ws/install/tm_driver/share/tm_driver/local_setup.dsv
[0.137s] -- Symlinking: /home/csrobot/flexbe_ws/install/tm_driver/share/tm_driver/package.dsv
[0.146s] -- Up-to-date symlink: /home/csrobot/flexbe_ws/install/tm_driver/share/ament_index/resource_index/packages/tm_driver
[0.146s] -- Up-to-date symlink: /home/csrobot/flexbe_ws/install/tm_driver/share/tm_driver/cmake/tm_driverConfig.cmake
[0.146s] -- Up-to-date symlink: /home/csrobot/flexbe_ws/install/tm_driver/share/tm_driver/cmake/tm_driverConfig-version.cmake
[0.146s] -- Up-to-date symlink: /home/csrobot/flexbe_ws/install/tm_driver/share/tm_driver/package.xml
[0.147s] Invoked command in '/home/csrobot/flexbe_ws/build/tm_driver' returned '0': AMENT_PREFIX_PATH=/home/csrobot/flexbe_ws/install/tm_msgs:${AMENT_PREFIX_PATH} CMAKE_PREFIX_PATH=/home/csrobot/flexbe_ws/install/tm_msgs:/opt/ros/jazzy/opt/gz_math_vendor:/opt/ros/jazzy/opt/gz_utils_vendor:/opt/ros/jazzy/opt/gz_cmake_vendor:/opt/ros/jazzy DEBUGINFOD_URLS=https://debuginfod.ubuntu.com LD_LIBRARY_PATH=/home/csrobot/flexbe_ws/install/tm_msgs/lib:${LD_LIBRARY_PATH} PYTHONPATH=/home/csrobot/flexbe_ws/install/tm_msgs/lib/python3.12/site-packages:${PYTHONPATH} /usr/bin/cmake --install /home/csrobot/flexbe_ws/build/tm_driver
