[0.030s] Invoking command in '/home/csrobot/flexbe_ws/build/techman_robot_msgs': CMAKE_PREFIX_PATH=${CMAKE_PREFIX_PATH}:/home/csrobot/flexbe_ws/install/tm_mod_urdf:/home/csrobot/flexbe_ws/install/tm_get_status:/home/csrobot/flexbe_ws/install/flexbe_turtlesim_demo_flexbe_states:/home/csrobot/flexbe_ws/install/flexbe_webui:/home/csrobot/flexbe_ws/install/flexbe_onboard:/home/csrobot/flexbe_ws/install/flexbe_states:/home/csrobot/flexbe_ws/install/flexbe_mirror:/home/csrobot/flexbe_ws/install/flexbe_input:/home/csrobot/flexbe_ws/install/example_flexbe_states:/home/csrobot/flexbe_ws/install/compare_flexbe_states:/home/csrobot/flexbe_ws/install/flexbe_core:/opt/ros/jazzy DEBUGINFOD_URLS=https://debuginfod.ubuntu.com /usr/bin/cmake --build /home/csrobot/flexbe_ws/build/techman_robot_msgs -- -j8 -l8
[0.075s] [  2%] Built target techman_robot_msgs__rosidl_generator_type_description
[0.095s] [  2%] Built target ament_cmake_python_symlink_techman_robot_msgs
[0.107s] [ 17%] Built target techman_robot_msgs__rosidl_generator_c
[0.114s] [ 20%] Built target techman_robot_msgs__cpp
[0.135s] [ 29%] Built target techman_robot_msgs__rosidl_typesupport_fastrtps_c
[0.145s] [ 38%] Built target techman_robot_msgs__rosidl_typesupport_introspection_c
[0.147s] [ 47%] Built target techman_robot_msgs__rosidl_typesupport_c
[0.147s] [ 55%] Built target techman_robot_msgs__rosidl_typesupport_introspection_cpp
[0.154s] [ 64%] Built target techman_robot_msgs__rosidl_typesupport_cpp
[0.173s] [ 73%] Built target techman_robot_msgs__rosidl_typesupport_fastrtps_cpp
[0.198s] [ 73%] Built target techman_robot_msgs
[0.212s] [ 76%] Built target techman_robot_msgs__py
[0.234s] [ 82%] Built target techman_robot_msgs__rosidl_generator_py
[0.262s] [ 88%] Built target techman_robot_msgs_s__rosidl_typesupport_fastrtps_c
[0.263s] [ 94%] Built target techman_robot_msgs_s__rosidl_typesupport_introspection_c
[0.271s] [100%] Built target techman_robot_msgs_s__rosidl_typesupport_c
[0.371s] running egg_info
[0.400s] writing techman_robot_msgs.egg-info/PKG-INFO
[0.400s] writing dependency_links to techman_robot_msgs.egg-info/dependency_links.txt
[0.401s] writing top-level names to techman_robot_msgs.egg-info/top_level.txt
[0.471s] reading manifest file 'techman_robot_msgs.egg-info/SOURCES.txt'
[0.471s] writing manifest file 'techman_robot_msgs.egg-info/SOURCES.txt'
[0.502s] [100%] Built target ament_cmake_python_build_techman_robot_msgs_egg
[0.710s] Invoked command in '/home/csrobot/flexbe_ws/build/techman_robot_msgs' returned '0': CMAKE_PREFIX_PATH=${CMAKE_PREFIX_PATH}:/home/csrobot/flexbe_ws/install/tm_mod_urdf:/home/csrobot/flexbe_ws/install/tm_get_status:/home/csrobot/flexbe_ws/install/flexbe_turtlesim_demo_flexbe_states:/home/csrobot/flexbe_ws/install/flexbe_webui:/home/csrobot/flexbe_ws/install/flexbe_onboard:/home/csrobot/flexbe_ws/install/flexbe_states:/home/csrobot/flexbe_ws/install/flexbe_mirror:/home/csrobot/flexbe_ws/install/flexbe_input:/home/csrobot/flexbe_ws/install/example_flexbe_states:/home/csrobot/flexbe_ws/install/compare_flexbe_states:/home/csrobot/flexbe_ws/install/flexbe_core:/opt/ros/jazzy DEBUGINFOD_URLS=https://debuginfod.ubuntu.com /usr/bin/cmake --build /home/csrobot/flexbe_ws/build/techman_robot_msgs -- -j8 -l8
[0.711s] Invoking command in '/home/csrobot/flexbe_ws/build/techman_robot_msgs': CMAKE_PREFIX_PATH=${CMAKE_PREFIX_PATH}:/home/csrobot/flexbe_ws/install/tm_mod_urdf:/home/csrobot/flexbe_ws/install/tm_get_status:/home/csrobot/flexbe_ws/install/flexbe_turtlesim_demo_flexbe_states:/home/csrobot/flexbe_ws/install/flexbe_webui:/home/csrobot/flexbe_ws/install/flexbe_onboard:/home/csrobot/flexbe_ws/install/flexbe_states:/home/csrobot/flexbe_ws/install/flexbe_mirror:/home/csrobot/flexbe_ws/install/flexbe_input:/home/csrobot/flexbe_ws/install/example_flexbe_states:/home/csrobot/flexbe_ws/install/compare_flexbe_states:/home/csrobot/flexbe_ws/install/flexbe_core:/opt/ros/jazzy DEBUGINFOD_URLS=https://debuginfod.ubuntu.com /usr/bin/cmake --install /home/csrobot/flexbe_ws/build/techman_robot_msgs
[0.722s] -- Install configuration: ""
[0.722s] -- Execute custom install script
[0.722s] -- Up-to-date symlink: /home/csrobot/flexbe_ws/install/techman_robot_msgs/share/ament_index/resource_index/rosidl_interfaces/techman_robot_msgs
[0.722s] -- Up-to-date symlink: /home/csrobot/flexbe_ws/install/techman_robot_msgs/share/techman_robot_msgs/srv/TechmanRobotCommand.json
[0.722s] -- Up-to-date symlink: /home/csrobot/flexbe_ws/install/techman_robot_msgs/include/techman_robot_msgs/techman_robot_msgs/msg/rosidl_generator_c__visibility_control.h
[0.722s] -- Up-to-date symlink: /home/csrobot/flexbe_ws/install/techman_robot_msgs/include/techman_robot_msgs/techman_robot_msgs/srv/detail/techman_robot_command__functions.h
[0.723s] -- Up-to-date symlink: /home/csrobot/flexbe_ws/install/techman_robot_msgs/include/techman_robot_msgs/techman_robot_msgs/srv/detail/techman_robot_command__struct.h
[0.724s] -- Up-to-date symlink: /home/csrobot/flexbe_ws/install/techman_robot_msgs/include/techman_robot_msgs/techman_robot_msgs/srv/detail/techman_robot_command__type_support.h
[0.727s] -- Up-to-date symlink: /home/csrobot/flexbe_ws/install/techman_robot_msgs/include/techman_robot_msgs/techman_robot_msgs/srv/techman_robot_command.h
[0.727s] -- Up-to-date symlink: /home/csrobot/flexbe_ws/install/techman_robot_msgs/share/techman_robot_msgs/environment/library_path.sh
[0.727s] -- Up-to-date symlink: /home/csrobot/flexbe_ws/install/techman_robot_msgs/share/techman_robot_msgs/environment/library_path.dsv
[0.736s] -- Up-to-date symlink: /home/csrobot/flexbe_ws/install/techman_robot_msgs/include/techman_robot_msgs/techman_robot_msgs/msg/rosidl_typesupport_fastrtps_c__visibility_control.h
[0.736s] -- Up-to-date symlink: /home/csrobot/flexbe_ws/install/techman_robot_msgs/include/techman_robot_msgs/techman_robot_msgs/srv/detail/techman_robot_command__rosidl_typesupport_fastrtps_c.h
[0.736s] -- Up-to-date symlink: /home/csrobot/flexbe_ws/install/techman_robot_msgs/include/techman_robot_msgs/techman_robot_msgs/msg/rosidl_typesupport_introspection_c__visibility_control.h
[0.736s] -- Up-to-date symlink: /home/csrobot/flexbe_ws/install/techman_robot_msgs/include/techman_robot_msgs/techman_robot_msgs/srv/detail/techman_robot_command__rosidl_typesupport_introspection_c.h
[0.744s] -- Up-to-date symlink: /home/csrobot/flexbe_ws/install/techman_robot_msgs/include/techman_robot_msgs/techman_robot_msgs/msg/rosidl_generator_cpp__visibility_control.hpp
[0.744s] -- Up-to-date symlink: /home/csrobot/flexbe_ws/install/techman_robot_msgs/include/techman_robot_msgs/techman_robot_msgs/srv/detail/techman_robot_command__builder.hpp
[0.744s] -- Up-to-date symlink: /home/csrobot/flexbe_ws/install/techman_robot_msgs/include/techman_robot_msgs/techman_robot_msgs/srv/detail/techman_robot_command__struct.hpp
[0.744s] -- Up-to-date symlink: /home/csrobot/flexbe_ws/install/techman_robot_msgs/include/techman_robot_msgs/techman_robot_msgs/srv/detail/techman_robot_command__traits.hpp
[0.744s] -- Up-to-date symlink: /home/csrobot/flexbe_ws/install/techman_robot_msgs/include/techman_robot_msgs/techman_robot_msgs/srv/detail/techman_robot_command__type_support.hpp
[0.744s] -- Up-to-date symlink: /home/csrobot/flexbe_ws/install/techman_robot_msgs/include/techman_robot_msgs/techman_robot_msgs/srv/techman_robot_command.hpp
[0.744s] -- Up-to-date symlink: /home/csrobot/flexbe_ws/install/techman_robot_msgs/include/techman_robot_msgs/techman_robot_msgs/msg/rosidl_typesupport_fastrtps_cpp__visibility_control.h
[0.744s] -- Up-to-date symlink: /home/csrobot/flexbe_ws/install/techman_robot_msgs/include/techman_robot_msgs/techman_robot_msgs/srv/detail/techman_robot_command__rosidl_typesupport_fastrtps_cpp.hpp
[0.744s] -- Up-to-date symlink: /home/csrobot/flexbe_ws/install/techman_robot_msgs/include/techman_robot_msgs/techman_robot_msgs/srv/detail/techman_robot_command__rosidl_typesupport_introspection_cpp.hpp
[0.744s] -- Up-to-date symlink: /home/csrobot/flexbe_ws/install/techman_robot_msgs/share/techman_robot_msgs/environment/pythonpath.sh
[0.744s] -- Up-to-date symlink: /home/csrobot/flexbe_ws/install/techman_robot_msgs/share/techman_robot_msgs/environment/pythonpath.dsv
[0.744s] -- Up-to-date symlink: /home/csrobot/flexbe_ws/install/techman_robot_msgs/lib/python3.12/site-packages/techman_robot_msgs-1.0.0-py3.12.egg-info/PKG-INFO
[0.744s] -- Up-to-date symlink: /home/csrobot/flexbe_ws/install/techman_robot_msgs/lib/python3.12/site-packages/techman_robot_msgs-1.0.0-py3.12.egg-info/SOURCES.txt
[0.744s] -- Up-to-date symlink: /home/csrobot/flexbe_ws/install/techman_robot_msgs/lib/python3.12/site-packages/techman_robot_msgs-1.0.0-py3.12.egg-info/dependency_links.txt
[0.744s] -- Up-to-date symlink: /home/csrobot/flexbe_ws/install/techman_robot_msgs/lib/python3.12/site-packages/techman_robot_msgs-1.0.0-py3.12.egg-info/top_level.txt
[0.749s] -- Up-to-date symlink: /home/csrobot/flexbe_ws/install/techman_robot_msgs/lib/python3.12/site-packages/techman_robot_msgs/__init__.py
[0.751s] -- Up-to-date symlink: /home/csrobot/flexbe_ws/install/techman_robot_msgs/lib/python3.12/site-packages/techman_robot_msgs/_techman_robot_msgs_s.ep.rosidl_typesupport_c.c
[0.751s] -- Up-to-date symlink: /home/csrobot/flexbe_ws/install/techman_robot_msgs/lib/python3.12/site-packages/techman_robot_msgs/_techman_robot_msgs_s.ep.rosidl_typesupport_fastrtps_c.c
[0.754s] -- Up-to-date symlink: /home/csrobot/flexbe_ws/install/techman_robot_msgs/lib/python3.12/site-packages/techman_robot_msgs/_techman_robot_msgs_s.ep.rosidl_typesupport_introspection_c.c
[0.755s] -- Up-to-date symlink: /home/csrobot/flexbe_ws/install/techman_robot_msgs/lib/python3.12/site-packages/techman_robot_msgs/srv/__init__.py
[0.755s] -- Up-to-date symlink: /home/csrobot/flexbe_ws/install/techman_robot_msgs/lib/python3.12/site-packages/techman_robot_msgs/srv/_techman_robot_command.py
[0.755s] -- Up-to-date symlink: /home/csrobot/flexbe_ws/install/techman_robot_msgs/lib/python3.12/site-packages/techman_robot_msgs/srv/_techman_robot_command_s.c
[0.755s] -- Up-to-date symlink: /home/csrobot/flexbe_ws/install/techman_robot_msgs/lib/python3.12/site-packages/techman_robot_msgs/techman_robot_msgs_s__rosidl_typesupport_c.so
[0.755s] -- Up-to-date symlink: /home/csrobot/flexbe_ws/install/techman_robot_msgs/lib/python3.12/site-packages/techman_robot_msgs/techman_robot_msgs_s__rosidl_typesupport_fastrtps_c.so
[0.756s] -- Up-to-date symlink: /home/csrobot/flexbe_ws/install/techman_robot_msgs/lib/python3.12/site-packages/techman_robot_msgs/techman_robot_msgs_s__rosidl_typesupport_introspection_c.so
[0.757s] -- Up-to-date symlink: /home/csrobot/flexbe_ws/install/techman_robot_msgs/lib/python3.12/site-packages/techman_robot_msgs/techman_robot_msgs_s__rosidl_typesupport_fastrtps_c.so
[0.758s] -- Up-to-date symlink: /home/csrobot/flexbe_ws/install/techman_robot_msgs/lib/python3.12/site-packages/techman_robot_msgs/techman_robot_msgs_s__rosidl_typesupport_introspection_c.so
[0.762s] -- Up-to-date symlink: /home/csrobot/flexbe_ws/install/techman_robot_msgs/lib/python3.12/site-packages/techman_robot_msgs/techman_robot_msgs_s__rosidl_typesupport_c.so
[0.764s] -- Up-to-date symlink: /home/csrobot/flexbe_ws/install/techman_robot_msgs/share/techman_robot_msgs/srv/TechmanRobotCommand.idl
[0.764s] -- Up-to-date symlink: /home/csrobot/flexbe_ws/install/techman_robot_msgs/share/techman_robot_msgs/srv/TechmanRobotCommand.srv
[0.764s] -- Up-to-date symlink: /home/csrobot/flexbe_ws/install/techman_robot_msgs/share/ament_index/resource_index/package_run_dependencies/techman_robot_msgs
[0.764s] -- Up-to-date symlink: /home/csrobot/flexbe_ws/install/techman_robot_msgs/share/ament_index/resource_index/parent_prefix_path/techman_robot_msgs
[0.764s] -- Up-to-date symlink: /home/csrobot/flexbe_ws/install/techman_robot_msgs/share/techman_robot_msgs/environment/ament_prefix_path.sh
[0.765s] -- Up-to-date symlink: /home/csrobot/flexbe_ws/install/techman_robot_msgs/share/techman_robot_msgs/environment/ament_prefix_path.dsv
[0.765s] -- Up-to-date symlink: /home/csrobot/flexbe_ws/install/techman_robot_msgs/share/techman_robot_msgs/environment/path.sh
[0.765s] -- Up-to-date symlink: /home/csrobot/flexbe_ws/install/techman_robot_msgs/share/techman_robot_msgs/environment/path.dsv
[0.765s] -- Up-to-date symlink: /home/csrobot/flexbe_ws/install/techman_robot_msgs/share/techman_robot_msgs/local_setup.bash
[0.765s] -- Up-to-date symlink: /home/csrobot/flexbe_ws/install/techman_robot_msgs/share/techman_robot_msgs/local_setup.sh
[0.765s] -- Up-to-date symlink: /home/csrobot/flexbe_ws/install/techman_robot_msgs/share/techman_robot_msgs/local_setup.zsh
[0.766s] -- Up-to-date symlink: /home/csrobot/flexbe_ws/install/techman_robot_msgs/share/techman_robot_msgs/local_setup.dsv
[0.766s] -- Symlinking: /home/csrobot/flexbe_ws/install/techman_robot_msgs/share/techman_robot_msgs/package.dsv
[0.784s] -- Up-to-date symlink: /home/csrobot/flexbe_ws/install/techman_robot_msgs/share/ament_index/resource_index/packages/techman_robot_msgs
[0.784s] -- Up-to-date symlink: /home/csrobot/flexbe_ws/install/techman_robot_msgs/share/techman_robot_msgs/cmake/rosidl_cmake-extras.cmake
[0.784s] -- Up-to-date symlink: /home/csrobot/flexbe_ws/install/techman_robot_msgs/share/techman_robot_msgs/cmake/ament_cmake_export_dependencies-extras.cmake
[0.784s] -- Up-to-date symlink: /home/csrobot/flexbe_ws/install/techman_robot_msgs/share/techman_robot_msgs/cmake/ament_cmake_export_include_directories-extras.cmake
[0.784s] -- Up-to-date symlink: /home/csrobot/flexbe_ws/install/techman_robot_msgs/share/techman_robot_msgs/cmake/ament_cmake_export_libraries-extras.cmake
[0.784s] -- Up-to-date symlink: /home/csrobot/flexbe_ws/install/techman_robot_msgs/share/techman_robot_msgs/cmake/ament_cmake_export_targets-extras.cmake
[0.784s] -- Up-to-date symlink: /home/csrobot/flexbe_ws/install/techman_robot_msgs/share/techman_robot_msgs/cmake/rosidl_cmake_export_typesupport_targets-extras.cmake
[0.784s] -- Up-to-date symlink: /home/csrobot/flexbe_ws/install/techman_robot_msgs/share/techman_robot_msgs/cmake/rosidl_cmake_export_typesupport_libraries-extras.cmake
[0.784s] -- Up-to-date symlink: /home/csrobot/flexbe_ws/install/techman_robot_msgs/share/techman_robot_msgs/cmake/techman_robot_msgsConfig.cmake
[0.784s] -- Up-to-date symlink: /home/csrobot/flexbe_ws/install/techman_robot_msgs/share/techman_robot_msgs/cmake/techman_robot_msgsConfig-version.cmake
[0.784s] -- Up-to-date symlink: /home/csrobot/flexbe_ws/install/techman_robot_msgs/share/techman_robot_msgs/package.xml
[0.784s] -- Up-to-date: /home/csrobot/flexbe_ws/install/techman_robot_msgs/lib/libtechman_robot_msgs__rosidl_generator_c.so
[0.784s] -- Up-to-date: /home/csrobot/flexbe_ws/install/techman_robot_msgs/lib/libtechman_robot_msgs__rosidl_typesupport_fastrtps_c.so
[0.785s] -- Up-to-date: /home/csrobot/flexbe_ws/install/techman_robot_msgs/lib/libtechman_robot_msgs__rosidl_typesupport_introspection_c.so
[0.785s] -- Up-to-date: /home/csrobot/flexbe_ws/install/techman_robot_msgs/lib/libtechman_robot_msgs__rosidl_typesupport_c.so
[0.785s] -- Up-to-date: /home/csrobot/flexbe_ws/install/techman_robot_msgs/lib/libtechman_robot_msgs__rosidl_typesupport_fastrtps_cpp.so
[0.785s] -- Up-to-date: /home/csrobot/flexbe_ws/install/techman_robot_msgs/lib/libtechman_robot_msgs__rosidl_typesupport_introspection_cpp.so
[0.785s] -- Up-to-date: /home/csrobot/flexbe_ws/install/techman_robot_msgs/lib/libtechman_robot_msgs__rosidl_typesupport_cpp.so
[0.835s] Listing '/home/csrobot/flexbe_ws/install/techman_robot_msgs/lib/python3.12/site-packages/techman_robot_msgs'...
[0.835s] Listing '/home/csrobot/flexbe_ws/install/techman_robot_msgs/lib/python3.12/site-packages/techman_robot_msgs/srv'...
[0.835s] -- Up-to-date: /home/csrobot/flexbe_ws/install/techman_robot_msgs/lib/libtechman_robot_msgs__rosidl_generator_py.so
[0.835s] -- Up-to-date: /home/csrobot/flexbe_ws/install/techman_robot_msgs/share/techman_robot_msgs/cmake/export_techman_robot_msgs__rosidl_generator_cExport.cmake
[0.835s] -- Up-to-date: /home/csrobot/flexbe_ws/install/techman_robot_msgs/share/techman_robot_msgs/cmake/export_techman_robot_msgs__rosidl_generator_cExport-noconfig.cmake
[0.835s] -- Up-to-date: /home/csrobot/flexbe_ws/install/techman_robot_msgs/share/techman_robot_msgs/cmake/export_techman_robot_msgs__rosidl_typesupport_fastrtps_cExport.cmake
[0.835s] -- Up-to-date: /home/csrobot/flexbe_ws/install/techman_robot_msgs/share/techman_robot_msgs/cmake/export_techman_robot_msgs__rosidl_typesupport_fastrtps_cExport-noconfig.cmake
[0.835s] -- Up-to-date: /home/csrobot/flexbe_ws/install/techman_robot_msgs/share/techman_robot_msgs/cmake/techman_robot_msgs__rosidl_typesupport_introspection_cExport.cmake
[0.835s] -- Up-to-date: /home/csrobot/flexbe_ws/install/techman_robot_msgs/share/techman_robot_msgs/cmake/techman_robot_msgs__rosidl_typesupport_introspection_cExport-noconfig.cmake
[0.835s] -- Up-to-date: /home/csrobot/flexbe_ws/install/techman_robot_msgs/share/techman_robot_msgs/cmake/techman_robot_msgs__rosidl_typesupport_cExport.cmake
[0.835s] -- Up-to-date: /home/csrobot/flexbe_ws/install/techman_robot_msgs/share/techman_robot_msgs/cmake/techman_robot_msgs__rosidl_typesupport_cExport-noconfig.cmake
[0.835s] -- Up-to-date: /home/csrobot/flexbe_ws/install/techman_robot_msgs/share/techman_robot_msgs/cmake/export_techman_robot_msgs__rosidl_generator_cppExport.cmake
[0.835s] -- Up-to-date: /home/csrobot/flexbe_ws/install/techman_robot_msgs/share/techman_robot_msgs/cmake/export_techman_robot_msgs__rosidl_typesupport_fastrtps_cppExport.cmake
[0.836s] -- Up-to-date: /home/csrobot/flexbe_ws/install/techman_robot_msgs/share/techman_robot_msgs/cmake/export_techman_robot_msgs__rosidl_typesupport_fastrtps_cppExport-noconfig.cmake
[0.836s] -- Up-to-date: /home/csrobot/flexbe_ws/install/techman_robot_msgs/share/techman_robot_msgs/cmake/techman_robot_msgs__rosidl_typesupport_introspection_cppExport.cmake
[0.836s] -- Up-to-date: /home/csrobot/flexbe_ws/install/techman_robot_msgs/share/techman_robot_msgs/cmake/techman_robot_msgs__rosidl_typesupport_introspection_cppExport-noconfig.cmake
[0.836s] -- Up-to-date: /home/csrobot/flexbe_ws/install/techman_robot_msgs/share/techman_robot_msgs/cmake/techman_robot_msgs__rosidl_typesupport_cppExport.cmake
[0.836s] -- Up-to-date: /home/csrobot/flexbe_ws/install/techman_robot_msgs/share/techman_robot_msgs/cmake/techman_robot_msgs__rosidl_typesupport_cppExport-noconfig.cmake
[0.836s] -- Up-to-date: /home/csrobot/flexbe_ws/install/techman_robot_msgs/share/techman_robot_msgs/cmake/export_techman_robot_msgs__rosidl_generator_pyExport.cmake
[0.836s] -- Up-to-date: /home/csrobot/flexbe_ws/install/techman_robot_msgs/share/techman_robot_msgs/cmake/export_techman_robot_msgs__rosidl_generator_pyExport-noconfig.cmake
[0.837s] Invoked command in '/home/csrobot/flexbe_ws/build/techman_robot_msgs' returned '0': CMAKE_PREFIX_PATH=${CMAKE_PREFIX_PATH}:/home/csrobot/flexbe_ws/install/tm_mod_urdf:/home/csrobot/flexbe_ws/install/tm_get_status:/home/csrobot/flexbe_ws/install/flexbe_turtlesim_demo_flexbe_states:/home/csrobot/flexbe_ws/install/flexbe_webui:/home/csrobot/flexbe_ws/install/flexbe_onboard:/home/csrobot/flexbe_ws/install/flexbe_states:/home/csrobot/flexbe_ws/install/flexbe_mirror:/home/csrobot/flexbe_ws/install/flexbe_input:/home/csrobot/flexbe_ws/install/example_flexbe_states:/home/csrobot/flexbe_ws/install/compare_flexbe_states:/home/csrobot/flexbe_ws/install/flexbe_core:/opt/ros/jazzy DEBUGINFOD_URLS=https://debuginfod.ubuntu.com /usr/bin/cmake --install /home/csrobot/flexbe_ws/build/techman_robot_msgs
