/home/csrobot/flexbe_ws/install/flexbe_turtlesim_demo_flexbe_states/lib/python3.10/site-packages/flexbe_turtlesim_demo_flexbe_states/__init__.py
/home/csrobot/flexbe_ws/install/flexbe_turtlesim_demo_flexbe_states/lib/python3.10/site-packages/flexbe_turtlesim_demo_flexbe_states/rotate_turtle_state.py
/home/csrobot/flexbe_ws/install/flexbe_turtlesim_demo_flexbe_states/lib/python3.10/site-packages/flexbe_turtlesim_demo_flexbe_states/clear_turtlesim_state.py
/home/csrobot/flexbe_ws/install/flexbe_turtlesim_demo_flexbe_states/lib/python3.10/site-packages/flexbe_turtlesim_demo_flexbe_states/teleport_absolute_state.py
/home/csrobot/flexbe_ws/install/flexbe_turtlesim_demo_flexbe_states/lib/python3.10/site-packages/flexbe_turtlesim_demo_flexbe_states/timed_cmd_vel_state.py
/home/csrobot/flexbe_ws/install/flexbe_turtlesim_demo_flexbe_states/lib/python3.10/site-packages/flexbe_turtlesim_demo_flexbe_states/example_state.py
/home/csrobot/flexbe_ws/install/flexbe_turtlesim_demo_flexbe_states/lib/python3.10/site-packages/flexbe_turtlesim_demo_flexbe_states/__pycache__/__init__.cpython-310.pyc
/home/csrobot/flexbe_ws/install/flexbe_turtlesim_demo_flexbe_states/lib/python3.10/site-packages/flexbe_turtlesim_demo_flexbe_states/__pycache__/rotate_turtle_state.cpython-310.pyc
/home/csrobot/flexbe_ws/install/flexbe_turtlesim_demo_flexbe_states/lib/python3.10/site-packages/flexbe_turtlesim_demo_flexbe_states/__pycache__/clear_turtlesim_state.cpython-310.pyc
/home/csrobot/flexbe_ws/install/flexbe_turtlesim_demo_flexbe_states/lib/python3.10/site-packages/flexbe_turtlesim_demo_flexbe_states/__pycache__/teleport_absolute_state.cpython-310.pyc
/home/csrobot/flexbe_ws/install/flexbe_turtlesim_demo_flexbe_states/lib/python3.10/site-packages/flexbe_turtlesim_demo_flexbe_states/__pycache__/timed_cmd_vel_state.cpython-310.pyc
/home/csrobot/flexbe_ws/install/flexbe_turtlesim_demo_flexbe_states/lib/python3.10/site-packages/flexbe_turtlesim_demo_flexbe_states/__pycache__/example_state.cpython-310.pyc
/home/csrobot/flexbe_ws/install/flexbe_turtlesim_demo_flexbe_states/share/ament_index/resource_index/packages/flexbe_turtlesim_demo_flexbe_states
/home/csrobot/flexbe_ws/install/flexbe_turtlesim_demo_flexbe_states/share/flexbe_turtlesim_demo_flexbe_states/package.xml
/home/csrobot/flexbe_ws/install/flexbe_turtlesim_demo_flexbe_states/share/flexbe_turtlesim_demo_flexbe_states/tests/timed_cmd_vel_state.test
/home/csrobot/flexbe_ws/install/flexbe_turtlesim_demo_flexbe_states/share/flexbe_turtlesim_demo_flexbe_states/tests/teleport_absolute_state.test
/home/csrobot/flexbe_ws/install/flexbe_turtlesim_demo_flexbe_states/share/flexbe_turtlesim_demo_flexbe_states/tests/clear_turtlesim_state.test
/home/csrobot/flexbe_ws/install/flexbe_turtlesim_demo_flexbe_states/share/flexbe_turtlesim_demo_flexbe_states/tests/rotate_turtle_state.test
/home/csrobot/flexbe_ws/install/flexbe_turtlesim_demo_flexbe_states/share/flexbe_turtlesim_demo_flexbe_states/tests/example_state.test
/home/csrobot/flexbe_ws/install/flexbe_turtlesim_demo_flexbe_states/share/flexbe_turtlesim_demo_flexbe_states/launch/run_tests.launch.py
/home/csrobot/flexbe_ws/install/flexbe_turtlesim_demo_flexbe_states/lib/python3.10/site-packages/flexbe_turtlesim_demo_flexbe_states-0.0.0-py3.10.egg-info/dependency_links.txt
/home/csrobot/flexbe_ws/install/flexbe_turtlesim_demo_flexbe_states/lib/python3.10/site-packages/flexbe_turtlesim_demo_flexbe_states-0.0.0-py3.10.egg-info/entry_points.txt
/home/csrobot/flexbe_ws/install/flexbe_turtlesim_demo_flexbe_states/lib/python3.10/site-packages/flexbe_turtlesim_demo_flexbe_states-0.0.0-py3.10.egg-info/requires.txt
/home/csrobot/flexbe_ws/install/flexbe_turtlesim_demo_flexbe_states/lib/python3.10/site-packages/flexbe_turtlesim_demo_flexbe_states-0.0.0-py3.10.egg-info/top_level.txt
/home/csrobot/flexbe_ws/install/flexbe_turtlesim_demo_flexbe_states/lib/python3.10/site-packages/flexbe_turtlesim_demo_flexbe_states-0.0.0-py3.10.egg-info/SOURCES.txt
/home/csrobot/flexbe_ws/install/flexbe_turtlesim_demo_flexbe_states/lib/python3.10/site-packages/flexbe_turtlesim_demo_flexbe_states-0.0.0-py3.10.egg-info/PKG-INFO
/home/csrobot/flexbe_ws/install/flexbe_turtlesim_demo_flexbe_states/lib/python3.10/site-packages/flexbe_turtlesim_demo_flexbe_states-0.0.0-py3.10.egg-info/zip-safe
/home/csrobot/flexbe_ws/install/flexbe_turtlesim_demo_flexbe_states/lib/flexbe_turtlesim_demo_flexbe_states/example_action_state
/home/csrobot/flexbe_ws/install/flexbe_turtlesim_demo_flexbe_states/lib/flexbe_turtlesim_demo_flexbe_states/example_state
/home/csrobot/flexbe_ws/install/flexbe_turtlesim_demo_flexbe_states/lib/flexbe_turtlesim_demo_flexbe_states/teleport_absolute_state
/home/csrobot/flexbe_ws/install/flexbe_turtlesim_demo_flexbe_states/lib/flexbe_turtlesim_demo_flexbe_states/timed_twist_state
