-- The C compiler identification is GNU 11.4.0
-- The CXX compiler identification is GNU 11.4.0
-- Detecting C compiler ABI info
-- Detecting C compiler ABI info - done
-- Check for working C compiler: /usr/bin/cc - skipped
-- Detecting C compile features
-- Detecting C compile features - done
-- Detecting CXX compiler ABI info
-- Detecting CXX compiler ABI info - done
-- Check for working CXX compiler: /usr/bin/c++ - skipped
-- Detecting CXX compile features
-- Detecting CXX compile features - done
-- Found ament_cmake: 1.3.12 (/home/csrobot/ros2_humble/install/ament_cmake/share/ament_cmake/cmake)
-- Found Python3: /usr/bin/python3 (found version "3.10.12") found components: Interpreter 
-- Found rclpy: 3.3.16 (/home/csrobot/ros2_humble/install/rclpy/share/rclpy/cmake)
-- Configuring done
-- Generating done
-- Build files have been written to: /home/csrobot/flexbe_ws/build/compare_flexbe_behaviors
Built target ament_cmake_python_copy_compare_flexbe_behaviors_setup
Built target ament_cmake_python_copy_compare_flexbe_behaviors
running egg_info
creating compare_flexbe_behaviors.egg-info
writing compare_flexbe_behaviors.egg-info/PKG-INFO
writing dependency_links to compare_flexbe_behaviors.egg-info/dependency_links.txt
writing top-level names to compare_flexbe_behaviors.egg-info/top_level.txt
writing manifest file 'compare_flexbe_behaviors.egg-info/SOURCES.txt'
reading manifest file 'compare_flexbe_behaviors.egg-info/SOURCES.txt'
writing manifest file 'compare_flexbe_behaviors.egg-info/SOURCES.txt'
Built target ament_cmake_python_build_compare_flexbe_behaviors_egg
-- Install configuration: ""
-- Installing: /home/csrobot/flexbe_ws/install/compare_flexbe_behaviors/lib/compare_flexbe_behaviors/manifest
-- Installing: /home/csrobot/flexbe_ws/install/compare_flexbe_behaviors/lib/compare_flexbe_behaviors/manifest/euclideanclusterextractionpipeine.xml
-- Installing: /home/csrobot/flexbe_ws/install/compare_flexbe_behaviors/lib/compare_flexbe_behaviors/manifest/example_action_state_behavior.xml
-- Installing: /home/csrobot/flexbe_ws/install/compare_flexbe_behaviors/lib/compare_flexbe_behaviors/manifest/example_behavior.xml
-- Installing: /home/csrobot/flexbe_ws/install/compare_flexbe_behaviors/lib/compare_flexbe_behaviors/config
-- Installing: /home/csrobot/flexbe_ws/install/compare_flexbe_behaviors/lib/compare_flexbe_behaviors/config/example.yaml
-- Installing: /home/csrobot/flexbe_ws/install/compare_flexbe_behaviors/lib/compare_flexbe_behaviors/copy_behavior
-- Installing: /home/csrobot/flexbe_ws/install/compare_flexbe_behaviors/share/compare_flexbe_behaviors/environment/pythonpath.sh
-- Installing: /home/csrobot/flexbe_ws/install/compare_flexbe_behaviors/share/compare_flexbe_behaviors/environment/pythonpath.dsv
-- Installing: /home/csrobot/flexbe_ws/install/compare_flexbe_behaviors/local/lib/python3.10/dist-packages/compare_flexbe_behaviors-0.0.1-py3.10.egg-info
-- Installing: /home/csrobot/flexbe_ws/install/compare_flexbe_behaviors/local/lib/python3.10/dist-packages/compare_flexbe_behaviors-0.0.1-py3.10.egg-info/dependency_links.txt
-- Installing: /home/csrobot/flexbe_ws/install/compare_flexbe_behaviors/local/lib/python3.10/dist-packages/compare_flexbe_behaviors-0.0.1-py3.10.egg-info/top_level.txt
-- Installing: /home/csrobot/flexbe_ws/install/compare_flexbe_behaviors/local/lib/python3.10/dist-packages/compare_flexbe_behaviors-0.0.1-py3.10.egg-info/SOURCES.txt
-- Installing: /home/csrobot/flexbe_ws/install/compare_flexbe_behaviors/local/lib/python3.10/dist-packages/compare_flexbe_behaviors-0.0.1-py3.10.egg-info/PKG-INFO
-- Installing: /home/csrobot/flexbe_ws/install/compare_flexbe_behaviors/local/lib/python3.10/dist-packages/compare_flexbe_behaviors
-- Installing: /home/csrobot/flexbe_ws/install/compare_flexbe_behaviors/local/lib/python3.10/dist-packages/compare_flexbe_behaviors/example_action_state_behavior_sm.py
-- Installing: /home/csrobot/flexbe_ws/install/compare_flexbe_behaviors/local/lib/python3.10/dist-packages/compare_flexbe_behaviors/__init__.py
-- Installing: /home/csrobot/flexbe_ws/install/compare_flexbe_behaviors/local/lib/python3.10/dist-packages/compare_flexbe_behaviors/example_behavior_sm.py
-- Installing: /home/csrobot/flexbe_ws/install/compare_flexbe_behaviors/local/lib/python3.10/dist-packages/compare_flexbe_behaviors/euclideanclusterextractionpipeine_sm.py
Listing '/home/csrobot/flexbe_ws/install/compare_flexbe_behaviors/local/lib/python3.10/dist-packages/compare_flexbe_behaviors'...
Compiling '/home/csrobot/flexbe_ws/install/compare_flexbe_behaviors/local/lib/python3.10/dist-packages/compare_flexbe_behaviors/__init__.py'...
Compiling '/home/csrobot/flexbe_ws/install/compare_flexbe_behaviors/local/lib/python3.10/dist-packages/compare_flexbe_behaviors/euclideanclusterextractionpipeine_sm.py'...
Compiling '/home/csrobot/flexbe_ws/install/compare_flexbe_behaviors/local/lib/python3.10/dist-packages/compare_flexbe_behaviors/example_action_state_behavior_sm.py'...
Compiling '/home/csrobot/flexbe_ws/install/compare_flexbe_behaviors/local/lib/python3.10/dist-packages/compare_flexbe_behaviors/example_behavior_sm.py'...
-- Installing: /home/csrobot/flexbe_ws/install/compare_flexbe_behaviors/share/ament_index/resource_index/package_run_dependencies/compare_flexbe_behaviors
-- Installing: /home/csrobot/flexbe_ws/install/compare_flexbe_behaviors/share/ament_index/resource_index/parent_prefix_path/compare_flexbe_behaviors
-- Installing: /home/csrobot/flexbe_ws/install/compare_flexbe_behaviors/share/compare_flexbe_behaviors/environment/ament_prefix_path.sh
-- Installing: /home/csrobot/flexbe_ws/install/compare_flexbe_behaviors/share/compare_flexbe_behaviors/environment/ament_prefix_path.dsv
-- Installing: /home/csrobot/flexbe_ws/install/compare_flexbe_behaviors/share/compare_flexbe_behaviors/environment/path.sh
-- Installing: /home/csrobot/flexbe_ws/install/compare_flexbe_behaviors/share/compare_flexbe_behaviors/environment/path.dsv
-- Installing: /home/csrobot/flexbe_ws/install/compare_flexbe_behaviors/share/compare_flexbe_behaviors/local_setup.bash
-- Installing: /home/csrobot/flexbe_ws/install/compare_flexbe_behaviors/share/compare_flexbe_behaviors/local_setup.sh
-- Installing: /home/csrobot/flexbe_ws/install/compare_flexbe_behaviors/share/compare_flexbe_behaviors/local_setup.zsh
-- Installing: /home/csrobot/flexbe_ws/install/compare_flexbe_behaviors/share/compare_flexbe_behaviors/local_setup.dsv
-- Installing: /home/csrobot/flexbe_ws/install/compare_flexbe_behaviors/share/compare_flexbe_behaviors/package.dsv
-- Installing: /home/csrobot/flexbe_ws/install/compare_flexbe_behaviors/share/ament_index/resource_index/packages/compare_flexbe_behaviors
-- Installing: /home/csrobot/flexbe_ws/install/compare_flexbe_behaviors/share/compare_flexbe_behaviors/cmake/compare_flexbe_behaviorsConfig.cmake
-- Installing: /home/csrobot/flexbe_ws/install/compare_flexbe_behaviors/share/compare_flexbe_behaviors/cmake/compare_flexbe_behaviorsConfig-version.cmake
-- Installing: /home/csrobot/flexbe_ws/install/compare_flexbe_behaviors/share/compare_flexbe_behaviors/package.xml
