[1.786s] Invoking command in '/home/csrobot/flexbe_ws/src/tmr_ros2/techman_robot_get_status': PYTHONPATH=/home/csrobot/flexbe_ws/build/tm_get_status/prefix_override:/usr/lib/python3/dist-packages/colcon_core/task/python/colcon_distutils_commands:/home/csrobot/flexbe_ws/install/tm_get_status/lib/python3.10/site-packages:${PYTHONPATH} /usr/bin/python3 -W ignore:setup.py install is deprecated -W ignore:easy_install command is deprecated setup.py egg_info --egg-base ../../../build/tm_get_status build --build-base /home/csrobot/flexbe_ws/build/tm_get_status/build install --record /home/csrobot/flexbe_ws/build/tm_get_status/install.log --single-version-externally-managed install_data
[3.048s] running egg_info
[3.048s] creating ../../../build/tm_get_status/tm_get_status.egg-info
[3.048s] writing ../../../build/tm_get_status/tm_get_status.egg-info/PKG-INFO
[3.048s] writing dependency_links to ../../../build/tm_get_status/tm_get_status.egg-info/dependency_links.txt
[3.048s] writing entry points to ../../../build/tm_get_status/tm_get_status.egg-info/entry_points.txt
[3.048s] writing requirements to ../../../build/tm_get_status/tm_get_status.egg-info/requires.txt
[3.048s] writing top-level names to ../../../build/tm_get_status/tm_get_status.egg-info/top_level.txt
[3.048s] writing manifest file '../../../build/tm_get_status/tm_get_status.egg-info/SOURCES.txt'
[3.048s] reading manifest file '../../../build/tm_get_status/tm_get_status.egg-info/SOURCES.txt'
[3.048s] writing manifest file '../../../build/tm_get_status/tm_get_status.egg-info/SOURCES.txt'
[3.048s] running build
[3.048s] running build_py
[3.049s] creating /home/csrobot/flexbe_ws/build/tm_get_status/build
[3.049s] creating /home/csrobot/flexbe_ws/build/tm_get_status/build/lib
[3.049s] creating /home/csrobot/flexbe_ws/build/tm_get_status/build/lib/tm_get_status
[3.049s] copying tm_get_status/__init__.py -> /home/csrobot/flexbe_ws/build/tm_get_status/build/lib/tm_get_status
[3.049s] copying tm_get_status/image_pub.py -> /home/csrobot/flexbe_ws/build/tm_get_status/build/lib/tm_get_status
[3.049s] copying tm_get_status/get_status.py -> /home/csrobot/flexbe_ws/build/tm_get_status/build/lib/tm_get_status
[3.049s] copying tm_get_status/translate_jason_to_list.py -> /home/csrobot/flexbe_ws/build/tm_get_status/build/lib/tm_get_status
[3.049s] running install
[3.049s] running install_lib
[3.049s] creating /home/csrobot/flexbe_ws/install/tm_get_status/lib/python3.10/site-packages/tm_get_status
[3.049s] copying /home/csrobot/flexbe_ws/build/tm_get_status/build/lib/tm_get_status/__init__.py -> /home/csrobot/flexbe_ws/install/tm_get_status/lib/python3.10/site-packages/tm_get_status
[3.049s] copying /home/csrobot/flexbe_ws/build/tm_get_status/build/lib/tm_get_status/image_pub.py -> /home/csrobot/flexbe_ws/install/tm_get_status/lib/python3.10/site-packages/tm_get_status
[3.049s] copying /home/csrobot/flexbe_ws/build/tm_get_status/build/lib/tm_get_status/get_status.py -> /home/csrobot/flexbe_ws/install/tm_get_status/lib/python3.10/site-packages/tm_get_status
[3.049s] copying /home/csrobot/flexbe_ws/build/tm_get_status/build/lib/tm_get_status/translate_jason_to_list.py -> /home/csrobot/flexbe_ws/install/tm_get_status/lib/python3.10/site-packages/tm_get_status
[3.049s] byte-compiling /home/csrobot/flexbe_ws/install/tm_get_status/lib/python3.10/site-packages/tm_get_status/__init__.py to __init__.cpython-310.pyc
[3.049s] byte-compiling /home/csrobot/flexbe_ws/install/tm_get_status/lib/python3.10/site-packages/tm_get_status/image_pub.py to image_pub.cpython-310.pyc
[3.049s] byte-compiling /home/csrobot/flexbe_ws/install/tm_get_status/lib/python3.10/site-packages/tm_get_status/get_status.py to get_status.cpython-310.pyc
[3.049s] byte-compiling /home/csrobot/flexbe_ws/install/tm_get_status/lib/python3.10/site-packages/tm_get_status/translate_jason_to_list.py to translate_jason_to_list.cpython-310.pyc
[3.049s] running install_data
[3.049s] creating /home/csrobot/flexbe_ws/install/tm_get_status/share/ament_index
[3.049s] creating /home/csrobot/flexbe_ws/install/tm_get_status/share/ament_index/resource_index
[3.050s] creating /home/csrobot/flexbe_ws/install/tm_get_status/share/ament_index/resource_index/packages
[3.050s] copying resource/tm_get_status -> /home/csrobot/flexbe_ws/install/tm_get_status/share/ament_index/resource_index/packages
[3.050s] copying package.xml -> /home/csrobot/flexbe_ws/install/tm_get_status/share/tm_get_status
[3.051s] running install_egg_info
[3.051s] Copying ../../../build/tm_get_status/tm_get_status.egg-info to /home/csrobot/flexbe_ws/install/tm_get_status/lib/python3.10/site-packages/tm_get_status-1.0.1-py3.10.egg-info
[3.051s] running install_scripts
[3.051s] Installing image_talker script to /home/csrobot/flexbe_ws/install/tm_get_status/lib/tm_get_status
[3.051s] Installing status_talker script to /home/csrobot/flexbe_ws/install/tm_get_status/lib/tm_get_status
[3.051s] writing list of installed files to '/home/csrobot/flexbe_ws/build/tm_get_status/install.log'
[3.059s] Invoked command in '/home/csrobot/flexbe_ws/src/tmr_ros2/techman_robot_get_status' returned '0': PYTHONPATH=/home/csrobot/flexbe_ws/build/tm_get_status/prefix_override:/usr/lib/python3/dist-packages/colcon_core/task/python/colcon_distutils_commands:/home/csrobot/flexbe_ws/install/tm_get_status/lib/python3.10/site-packages:${PYTHONPATH} /usr/bin/python3 -W ignore:setup.py install is deprecated -W ignore:easy_install command is deprecated setup.py egg_info --egg-base ../../../build/tm_get_status build --build-base /home/csrobot/flexbe_ws/build/tm_get_status/build install --record /home/csrobot/flexbe_ws/build/tm_get_status/install.log --single-version-externally-managed install_data
