Built target ament_cmake_python_symlink_flexbe_turtlesim_demo_flexbe_behaviors
Built target ament_cmake_python_symlink_flexbe_turtlesim_demo_flexbe_behaviors_setup
running egg_info
writing flexbe_turtlesim_demo_flexbe_behaviors.egg-info/PKG-INFO
writing dependency_links to flexbe_turtlesim_demo_flexbe_behaviors.egg-info/dependency_links.txt
writing top-level names to flexbe_turtlesim_demo_flexbe_behaviors.egg-info/top_level.txt
reading manifest file 'flexbe_turtlesim_demo_flexbe_behaviors.egg-info/SOURCES.txt'
writing manifest file 'flexbe_turtlesim_demo_flexbe_behaviors.egg-info/SOURCES.txt'
Built target ament_cmake_python_build_flexbe_turtlesim_demo_flexbe_behaviors_egg
-- Install configuration: ""
-- Execute custom install script
-- Up-to-date symlink: /home/csrobot/flexbe_ws/install/flexbe_turtlesim_demo_flexbe_behaviors/lib/flexbe_turtlesim_demo_flexbe_behaviors/manifest/example_1.xml
-- Up-to-date symlink: /home/csrobot/flexbe_ws/install/flexbe_turtlesim_demo_flexbe_behaviors/lib/flexbe_turtlesim_demo_flexbe_behaviors/manifest/example_2.xml
-- Up-to-date symlink: /home/csrobot/flexbe_ws/install/flexbe_turtlesim_demo_flexbe_behaviors/lib/flexbe_turtlesim_demo_flexbe_behaviors/manifest/example_3.xml
-- Up-to-date symlink: /home/csrobot/flexbe_ws/install/flexbe_turtlesim_demo_flexbe_behaviors/lib/flexbe_turtlesim_demo_flexbe_behaviors/manifest/example_4.xml
-- Up-to-date symlink: /home/csrobot/flexbe_ws/install/flexbe_turtlesim_demo_flexbe_behaviors/lib/flexbe_turtlesim_demo_flexbe_behaviors/manifest/flexbe_turtlesim_demo.xml
-- Up-to-date symlink: /home/csrobot/flexbe_ws/install/flexbe_turtlesim_demo_flexbe_behaviors/lib/flexbe_turtlesim_demo_flexbe_behaviors/manifest/turtlesim_input_state_behavior.xml
-- Up-to-date symlink: /home/csrobot/flexbe_ws/install/flexbe_turtlesim_demo_flexbe_behaviors/lib/flexbe_turtlesim_demo_flexbe_behaviors/manifest/turtlesim_rotation_state_behavior.xml
-- Up-to-date symlink: /home/csrobot/flexbe_ws/install/flexbe_turtlesim_demo_flexbe_behaviors/lib/flexbe_turtlesim_demo_flexbe_behaviors/config/example.yaml
-- Up-to-date symlink: /home/csrobot/flexbe_ws/install/flexbe_turtlesim_demo_flexbe_behaviors/share/flexbe_turtlesim_demo_flexbe_behaviors/environment/pythonpath.sh
-- Up-to-date symlink: /home/csrobot/flexbe_ws/install/flexbe_turtlesim_demo_flexbe_behaviors/share/flexbe_turtlesim_demo_flexbe_behaviors/environment/pythonpath.dsv
-- Up-to-date symlink: /home/csrobot/flexbe_ws/install/flexbe_turtlesim_demo_flexbe_behaviors/lib/python3.12/site-packages/flexbe_turtlesim_demo_flexbe_behaviors-1.0.0-py3.12.egg-info/PKG-INFO
-- Up-to-date symlink: /home/csrobot/flexbe_ws/install/flexbe_turtlesim_demo_flexbe_behaviors/lib/python3.12/site-packages/flexbe_turtlesim_demo_flexbe_behaviors-1.0.0-py3.12.egg-info/SOURCES.txt
-- Up-to-date symlink: /home/csrobot/flexbe_ws/install/flexbe_turtlesim_demo_flexbe_behaviors/lib/python3.12/site-packages/flexbe_turtlesim_demo_flexbe_behaviors-1.0.0-py3.12.egg-info/dependency_links.txt
-- Up-to-date symlink: /home/csrobot/flexbe_ws/install/flexbe_turtlesim_demo_flexbe_behaviors/lib/python3.12/site-packages/flexbe_turtlesim_demo_flexbe_behaviors-1.0.0-py3.12.egg-info/top_level.txt
-- Up-to-date symlink: /home/csrobot/flexbe_ws/install/flexbe_turtlesim_demo_flexbe_behaviors/lib/python3.12/site-packages/flexbe_turtlesim_demo_flexbe_behaviors/__init__.py
-- Up-to-date symlink: /home/csrobot/flexbe_ws/install/flexbe_turtlesim_demo_flexbe_behaviors/lib/python3.12/site-packages/flexbe_turtlesim_demo_flexbe_behaviors/example_1_sm.py
-- Up-to-date symlink: /home/csrobot/flexbe_ws/install/flexbe_turtlesim_demo_flexbe_behaviors/lib/python3.12/site-packages/flexbe_turtlesim_demo_flexbe_behaviors/example_2_sm.py
-- Up-to-date symlink: /home/csrobot/flexbe_ws/install/flexbe_turtlesim_demo_flexbe_behaviors/lib/python3.12/site-packages/flexbe_turtlesim_demo_flexbe_behaviors/example_3_sm.py
-- Up-to-date symlink: /home/csrobot/flexbe_ws/install/flexbe_turtlesim_demo_flexbe_behaviors/lib/python3.12/site-packages/flexbe_turtlesim_demo_flexbe_behaviors/example_4_sm.py
-- Up-to-date symlink: /home/csrobot/flexbe_ws/install/flexbe_turtlesim_demo_flexbe_behaviors/lib/python3.12/site-packages/flexbe_turtlesim_demo_flexbe_behaviors/flexbe_turtlesim_demo_sm.py
-- Up-to-date symlink: /home/csrobot/flexbe_ws/install/flexbe_turtlesim_demo_flexbe_behaviors/lib/python3.12/site-packages/flexbe_turtlesim_demo_flexbe_behaviors/turn_rate.py
-- Up-to-date symlink: /home/csrobot/flexbe_ws/install/flexbe_turtlesim_demo_flexbe_behaviors/lib/python3.12/site-packages/flexbe_turtlesim_demo_flexbe_behaviors/turtlesim_input_state_behavior_sm.py
-- Up-to-date symlink: /home/csrobot/flexbe_ws/install/flexbe_turtlesim_demo_flexbe_behaviors/lib/python3.12/site-packages/flexbe_turtlesim_demo_flexbe_behaviors/turtlesim_rotation_state_behavior_sm.py
-- Up-to-date symlink: /home/csrobot/flexbe_ws/install/flexbe_turtlesim_demo_flexbe_behaviors/share/ament_index/resource_index/package_run_dependencies/flexbe_turtlesim_demo_flexbe_behaviors
-- Up-to-date symlink: /home/csrobot/flexbe_ws/install/flexbe_turtlesim_demo_flexbe_behaviors/share/ament_index/resource_index/parent_prefix_path/flexbe_turtlesim_demo_flexbe_behaviors
-- Up-to-date symlink: /home/csrobot/flexbe_ws/install/flexbe_turtlesim_demo_flexbe_behaviors/share/flexbe_turtlesim_demo_flexbe_behaviors/environment/ament_prefix_path.sh
-- Up-to-date symlink: /home/csrobot/flexbe_ws/install/flexbe_turtlesim_demo_flexbe_behaviors/share/flexbe_turtlesim_demo_flexbe_behaviors/environment/ament_prefix_path.dsv
-- Up-to-date symlink: /home/csrobot/flexbe_ws/install/flexbe_turtlesim_demo_flexbe_behaviors/share/flexbe_turtlesim_demo_flexbe_behaviors/environment/path.sh
-- Up-to-date symlink: /home/csrobot/flexbe_ws/install/flexbe_turtlesim_demo_flexbe_behaviors/share/flexbe_turtlesim_demo_flexbe_behaviors/environment/path.dsv
-- Up-to-date symlink: /home/csrobot/flexbe_ws/install/flexbe_turtlesim_demo_flexbe_behaviors/share/flexbe_turtlesim_demo_flexbe_behaviors/local_setup.bash
-- Up-to-date symlink: /home/csrobot/flexbe_ws/install/flexbe_turtlesim_demo_flexbe_behaviors/share/flexbe_turtlesim_demo_flexbe_behaviors/local_setup.sh
-- Up-to-date symlink: /home/csrobot/flexbe_ws/install/flexbe_turtlesim_demo_flexbe_behaviors/share/flexbe_turtlesim_demo_flexbe_behaviors/local_setup.zsh
-- Up-to-date symlink: /home/csrobot/flexbe_ws/install/flexbe_turtlesim_demo_flexbe_behaviors/share/flexbe_turtlesim_demo_flexbe_behaviors/local_setup.dsv
-- Symlinking: /home/csrobot/flexbe_ws/install/flexbe_turtlesim_demo_flexbe_behaviors/share/flexbe_turtlesim_demo_flexbe_behaviors/package.dsv
-- Up-to-date symlink: /home/csrobot/flexbe_ws/install/flexbe_turtlesim_demo_flexbe_behaviors/share/ament_index/resource_index/packages/flexbe_turtlesim_demo_flexbe_behaviors
-- Up-to-date symlink: /home/csrobot/flexbe_ws/install/flexbe_turtlesim_demo_flexbe_behaviors/share/flexbe_turtlesim_demo_flexbe_behaviors/cmake/flexbe_turtlesim_demo_flexbe_behaviorsConfig.cmake
-- Up-to-date symlink: /home/csrobot/flexbe_ws/install/flexbe_turtlesim_demo_flexbe_behaviors/share/flexbe_turtlesim_demo_flexbe_behaviors/cmake/flexbe_turtlesim_demo_flexbe_behaviorsConfig-version.cmake
-- Up-to-date symlink: /home/csrobot/flexbe_ws/install/flexbe_turtlesim_demo_flexbe_behaviors/share/flexbe_turtlesim_demo_flexbe_behaviors/package.xml
Listing '/home/csrobot/flexbe_ws/install/flexbe_turtlesim_demo_flexbe_behaviors/lib/python3.12/site-packages/flexbe_turtlesim_demo_flexbe_behaviors'...
