-- The C compiler identification is GNU 13.3.0
-- The CXX compiler identification is GNU 13.3.0
-- Detecting C compiler ABI info
-- Detecting C compiler ABI info - done
-- Check for working C compiler: /usr/bin/cc - skipped
-- Detecting C compile features
-- Detecting C compile features - done
-- Detecting CXX compiler ABI info
-- Detecting CXX compiler ABI info - done
-- Check for working CXX compiler: /usr/bin/c++ - skipped
-- Detecting CXX compile features
-- Detecting CXX compile features - done
-- Found ament_cmake: 2.5.4 (/opt/ros/jazzy/share/ament_cmake/cmake)
-- Found Python3: /usr/bin/python3 (found version "3.12.3") found components: Interpreter 
-- Override CMake install command with custom implementation using symlinks instead of copying resources
-- Configuring done (0.7s)
-- Generating done (0.0s)
-- Build files have been written to: /home/csrobot/flexbe_ws/build/tm_description
-- Install configuration: ""
-- Execute custom install script
-- Symlinking: /home/csrobot/flexbe_ws/install/tm_description/share/ament_index/resource_index/package_run_dependencies/tm_description
-- Symlinking: /home/csrobot/flexbe_ws/install/tm_description/share/ament_index/resource_index/parent_prefix_path/tm_description
-- Symlinking: /home/csrobot/flexbe_ws/install/tm_description/share/tm_description/environment/ament_prefix_path.sh
-- Symlinking: /home/csrobot/flexbe_ws/install/tm_description/share/tm_description/environment/ament_prefix_path.dsv
-- Symlinking: /home/csrobot/flexbe_ws/install/tm_description/share/tm_description/environment/path.sh
-- Symlinking: /home/csrobot/flexbe_ws/install/tm_description/share/tm_description/environment/path.dsv
-- Symlinking: /home/csrobot/flexbe_ws/install/tm_description/share/tm_description/local_setup.bash
-- Symlinking: /home/csrobot/flexbe_ws/install/tm_description/share/tm_description/local_setup.sh
-- Symlinking: /home/csrobot/flexbe_ws/install/tm_description/share/tm_description/local_setup.zsh
-- Symlinking: /home/csrobot/flexbe_ws/install/tm_description/share/tm_description/local_setup.dsv
-- Symlinking: /home/csrobot/flexbe_ws/install/tm_description/share/tm_description/package.dsv
-- Symlinking: /home/csrobot/flexbe_ws/install/tm_description/share/ament_index/resource_index/packages/tm_description
-- Symlinking: /home/csrobot/flexbe_ws/install/tm_description/share/tm_description/cmake/tm_descriptionConfig.cmake
-- Symlinking: /home/csrobot/flexbe_ws/install/tm_description/share/tm_description/cmake/tm_descriptionConfig-version.cmake
-- Symlinking: /home/csrobot/flexbe_ws/install/tm_description/share/tm_description/package.xml
-- Symlinking: /home/csrobot/flexbe_ws/install/tm_description/share/tm_description/meshes/tm12/collision/tm12-arm1_c.stl
-- Symlinking: /home/csrobot/flexbe_ws/install/tm_description/share/tm_description/meshes/tm12/collision/tm12-arm2_c.stl
-- Symlinking: /home/csrobot/flexbe_ws/install/tm_description/share/tm_description/meshes/tm12/collision/tm12-base_c.stl
-- Symlinking: /home/csrobot/flexbe_ws/install/tm_description/share/tm_description/meshes/tm12/collision/tmr_750w_01_c.stl
-- Symlinking: /home/csrobot/flexbe_ws/install/tm_description/share/tm_description/meshes/tm12/visual/tm12-arm1.mtl
-- Symlinking: /home/csrobot/flexbe_ws/install/tm_description/share/tm_description/meshes/tm12/visual/tm12-arm1.obj
-- Symlinking: /home/csrobot/flexbe_ws/install/tm_description/share/tm_description/meshes/tm12/visual/tm12-arm1.stl
-- Symlinking: /home/csrobot/flexbe_ws/install/tm_description/share/tm_description/meshes/tm12/visual/tm12-arm2.mtl
-- Symlinking: /home/csrobot/flexbe_ws/install/tm_description/share/tm_description/meshes/tm12/visual/tm12-arm2.obj
-- Symlinking: /home/csrobot/flexbe_ws/install/tm_description/share/tm_description/meshes/tm12/visual/tm12-arm2.stl
-- Symlinking: /home/csrobot/flexbe_ws/install/tm_description/share/tm_description/meshes/tm12/visual/tm12-base.mtl
-- Symlinking: /home/csrobot/flexbe_ws/install/tm_description/share/tm_description/meshes/tm12/visual/tm12-base.obj
-- Symlinking: /home/csrobot/flexbe_ws/install/tm_description/share/tm_description/meshes/tm12/visual/tm12-base.stl
-- Symlinking: /home/csrobot/flexbe_ws/install/tm_description/share/tm_description/meshes/tm12/visual/tmr_750w_01.mtl
-- Symlinking: /home/csrobot/flexbe_ws/install/tm_description/share/tm_description/meshes/tm12/visual/tmr_750w_01.obj
-- Symlinking: /home/csrobot/flexbe_ws/install/tm_description/share/tm_description/meshes/tm12/visual/tmr_750w_01.stl
-- Symlinking: /home/csrobot/flexbe_ws/install/tm_description/share/tm_description/meshes/tm14/collision/tm14_arm1_c.stl
-- Symlinking: /home/csrobot/flexbe_ws/install/tm_description/share/tm_description/meshes/tm14/collision/tm14_arm2_c.stl
-- Symlinking: /home/csrobot/flexbe_ws/install/tm_description/share/tm_description/meshes/tm14/visual/tm14_arm1.mtl
-- Symlinking: /home/csrobot/flexbe_ws/install/tm_description/share/tm_description/meshes/tm14/visual/tm14_arm1.obj
-- Symlinking: /home/csrobot/flexbe_ws/install/tm_description/share/tm_description/meshes/tm14/visual/tm14_arm1.stl
-- Symlinking: /home/csrobot/flexbe_ws/install/tm_description/share/tm_description/meshes/tm14/visual/tm14_arm2.mtl
-- Symlinking: /home/csrobot/flexbe_ws/install/tm_description/share/tm_description/meshes/tm14/visual/tm14_arm2.obj
-- Symlinking: /home/csrobot/flexbe_ws/install/tm_description/share/tm_description/meshes/tm14/visual/tm14_arm2.stl
-- Symlinking: /home/csrobot/flexbe_ws/install/tm_description/share/tm_description/meshes/tm5-700/collision/tm5-700_arm1_c.stl
-- Symlinking: /home/csrobot/flexbe_ws/install/tm_description/share/tm_description/meshes/tm5-700/collision/tm5-700_arm2_c.stl
-- Symlinking: /home/csrobot/flexbe_ws/install/tm_description/share/tm_description/meshes/tm5-700/visual/tm5-700_arm1.mtl
-- Symlinking: /home/csrobot/flexbe_ws/install/tm_description/share/tm_description/meshes/tm5-700/visual/tm5-700_arm1.obj
-- Symlinking: /home/csrobot/flexbe_ws/install/tm_description/share/tm_description/meshes/tm5-700/visual/tm5-700_arm1.stl
-- Symlinking: /home/csrobot/flexbe_ws/install/tm_description/share/tm_description/meshes/tm5-700/visual/tm5-700_arm2.mtl
-- Symlinking: /home/csrobot/flexbe_ws/install/tm_description/share/tm_description/meshes/tm5-700/visual/tm5-700_arm2.obj
-- Symlinking: /home/csrobot/flexbe_ws/install/tm_description/share/tm_description/meshes/tm5-700/visual/tm5-700_arm2.stl
-- Symlinking: /home/csrobot/flexbe_ws/install/tm_description/share/tm_description/meshes/tm5-900/collision/tm5-900_arm1_c.stl
-- Symlinking: /home/csrobot/flexbe_ws/install/tm_description/share/tm_description/meshes/tm5-900/collision/tm5-900_arm2_c.stl
-- Symlinking: /home/csrobot/flexbe_ws/install/tm_description/share/tm_description/meshes/tm5-900/collision/tm5-base_c.stl
-- Symlinking: /home/csrobot/flexbe_ws/install/tm_description/share/tm_description/meshes/tm5-900/collision/tmr_100w_01_c.stl
-- Symlinking: /home/csrobot/flexbe_ws/install/tm_description/share/tm_description/meshes/tm5-900/collision/tmr_100w_02_c.stl
-- Symlinking: /home/csrobot/flexbe_ws/install/tm_description/share/tm_description/meshes/tm5-900/collision/tmr_400w_01_c.stl
-- Symlinking: /home/csrobot/flexbe_ws/install/tm_description/share/tm_description/meshes/tm5-900/collision/tmr_ee_c.stl
-- Symlinking: /home/csrobot/flexbe_ws/install/tm_description/share/tm_description/meshes/tm5-900/collision/tmr_iox_c.stl
-- Symlinking: /home/csrobot/flexbe_ws/install/tm_description/share/tm_description/meshes/tm5-900/visual/tm5-900_arm1.mtl
-- Symlinking: /home/csrobot/flexbe_ws/install/tm_description/share/tm_description/meshes/tm5-900/visual/tm5-900_arm1.obj
-- Symlinking: /home/csrobot/flexbe_ws/install/tm_description/share/tm_description/meshes/tm5-900/visual/tm5-900_arm1.stl
-- Symlinking: /home/csrobot/flexbe_ws/install/tm_description/share/tm_description/meshes/tm5-900/visual/tm5-900_arm2.mtl
-- Symlinking: /home/csrobot/flexbe_ws/install/tm_description/share/tm_description/meshes/tm5-900/visual/tm5-900_arm2.obj
-- Symlinking: /home/csrobot/flexbe_ws/install/tm_description/share/tm_description/meshes/tm5-900/visual/tm5-900_arm2.stl
-- Symlinking: /home/csrobot/flexbe_ws/install/tm_description/share/tm_description/meshes/tm5-900/visual/tm5-base.mtl
-- Symlinking: /home/csrobot/flexbe_ws/install/tm_description/share/tm_description/meshes/tm5-900/visual/tm5-base.obj
-- Symlinking: /home/csrobot/flexbe_ws/install/tm_description/share/tm_description/meshes/tm5-900/visual/tm5-base.stl
-- Symlinking: /home/csrobot/flexbe_ws/install/tm_description/share/tm_description/meshes/tm5-900/visual/tmr_100w_01.mtl
-- Symlinking: /home/csrobot/flexbe_ws/install/tm_description/share/tm_description/meshes/tm5-900/visual/tmr_100w_01.obj
-- Symlinking: /home/csrobot/flexbe_ws/install/tm_description/share/tm_description/meshes/tm5-900/visual/tmr_100w_01.stl
-- Symlinking: /home/csrobot/flexbe_ws/install/tm_description/share/tm_description/meshes/tm5-900/visual/tmr_100w_02.mtl
-- Symlinking: /home/csrobot/flexbe_ws/install/tm_description/share/tm_description/meshes/tm5-900/visual/tmr_100w_02.obj
-- Symlinking: /home/csrobot/flexbe_ws/install/tm_description/share/tm_description/meshes/tm5-900/visual/tmr_100w_02.stl
-- Symlinking: /home/csrobot/flexbe_ws/install/tm_description/share/tm_description/meshes/tm5-900/visual/tmr_400w_01.mtl
-- Symlinking: /home/csrobot/flexbe_ws/install/tm_description/share/tm_description/meshes/tm5-900/visual/tmr_400w_01.obj
-- Symlinking: /home/csrobot/flexbe_ws/install/tm_description/share/tm_description/meshes/tm5-900/visual/tmr_400w_01.stl
-- Symlinking: /home/csrobot/flexbe_ws/install/tm_description/share/tm_description/meshes/tm5-900/visual/tmr_ee.mtl
-- Symlinking: /home/csrobot/flexbe_ws/install/tm_description/share/tm_description/meshes/tm5-900/visual/tmr_ee.obj
-- Symlinking: /home/csrobot/flexbe_ws/install/tm_description/share/tm_description/meshes/tm5-900/visual/tmr_ee.stl
-- Symlinking: /home/csrobot/flexbe_ws/install/tm_description/share/tm_description/meshes/tm5-900/visual/tmr_iox.mtl
-- Symlinking: /home/csrobot/flexbe_ws/install/tm_description/share/tm_description/meshes/tm5-900/visual/tmr_iox.obj
-- Symlinking: /home/csrobot/flexbe_ws/install/tm_description/share/tm_description/meshes/tm5-900/visual/tmr_iox.stl
-- Symlinking: /home/csrobot/flexbe_ws/install/tm_description/share/tm_description/urdf/tm12-nominal.urdf
-- Symlinking: /home/csrobot/flexbe_ws/install/tm_description/share/tm_description/urdf/tm12x-nominal.urdf
-- Symlinking: /home/csrobot/flexbe_ws/install/tm_description/share/tm_description/urdf/tm14-nominal.urdf
-- Symlinking: /home/csrobot/flexbe_ws/install/tm_description/share/tm_description/urdf/tm14x-nominal.urdf
-- Symlinking: /home/csrobot/flexbe_ws/install/tm_description/share/tm_description/urdf/tm5-700-nominal.urdf
-- Symlinking: /home/csrobot/flexbe_ws/install/tm_description/share/tm_description/urdf/tm5-900-nominal.urdf
-- Symlinking: /home/csrobot/flexbe_ws/install/tm_description/share/tm_description/urdf/tm5-900.urdf
-- Symlinking: /home/csrobot/flexbe_ws/install/tm_description/share/tm_description/urdf/tm5x-700-nominal.urdf
-- Symlinking: /home/csrobot/flexbe_ws/install/tm_description/share/tm_description/urdf/tm5x-900-nominal.urdf
-- Symlinking: /home/csrobot/flexbe_ws/install/tm_description/share/tm_description/xacro/macro.gazebo.xacro
-- Symlinking: /home/csrobot/flexbe_ws/install/tm_description/share/tm_description/xacro/macro.inertial.xacro
-- Symlinking: /home/csrobot/flexbe_ws/install/tm_description/share/tm_description/xacro/macro.materials.xacro
-- Symlinking: /home/csrobot/flexbe_ws/install/tm_description/share/tm_description/xacro/macro.tm12-nominal.urdf.xacro
-- Symlinking: /home/csrobot/flexbe_ws/install/tm_description/share/tm_description/xacro/macro.tm12x-nominal.urdf.xacro
-- Symlinking: /home/csrobot/flexbe_ws/install/tm_description/share/tm_description/xacro/macro.tm14-nominal.urdf.xacro
-- Symlinking: /home/csrobot/flexbe_ws/install/tm_description/share/tm_description/xacro/macro.tm14x-nominal.urdf.xacro
-- Symlinking: /home/csrobot/flexbe_ws/install/tm_description/share/tm_description/xacro/macro.tm5-700-nominal.urdf.xacro
-- Symlinking: /home/csrobot/flexbe_ws/install/tm_description/share/tm_description/xacro/macro.tm5-900-nominal.urdf.xacro
-- Symlinking: /home/csrobot/flexbe_ws/install/tm_description/share/tm_description/xacro/macro.tm5x-700-nominal.urdf.xacro
-- Symlinking: /home/csrobot/flexbe_ws/install/tm_description/share/tm_description/xacro/macro.tm5x-900-nominal.urdf.xacro
-- Symlinking: /home/csrobot/flexbe_ws/install/tm_description/share/tm_description/xacro/macro.transmission.xacro
-- Symlinking: /home/csrobot/flexbe_ws/install/tm_description/share/tm_description/xacro/tm12.urdf.xacro
-- Symlinking: /home/csrobot/flexbe_ws/install/tm_description/share/tm_description/xacro/tm12x.urdf.xacro
-- Symlinking: /home/csrobot/flexbe_ws/install/tm_description/share/tm_description/xacro/tm14.urdf.xacro
-- Symlinking: /home/csrobot/flexbe_ws/install/tm_description/share/tm_description/xacro/tm14x.urdf.xacro
-- Symlinking: /home/csrobot/flexbe_ws/install/tm_description/share/tm_description/xacro/tm5-700.urdf.xacro
-- Symlinking: /home/csrobot/flexbe_ws/install/tm_description/share/tm_description/xacro/tm5-900.urdf.xacro
-- Symlinking: /home/csrobot/flexbe_ws/install/tm_description/share/tm_description/xacro/tm5x-700.urdf.xacro
-- Symlinking: /home/csrobot/flexbe_ws/install/tm_description/share/tm_description/xacro/tm5x-900.urdf.xacro
