[0.036s] Invoking command in '/home/csrobot/flexbe_ws/build/tm_msgs': CMAKE_PREFIX_PATH=${CMAKE_PREFIX_PATH}:/home/csrobot/flexbe_ws/install/tm_mod_urdf:/home/csrobot/flexbe_ws/install/tm_get_status:/home/csrobot/flexbe_ws/install/flexbe_turtlesim_demo_flexbe_states:/home/csrobot/flexbe_ws/install/flexbe_webui:/home/csrobot/flexbe_ws/install/flexbe_onboard:/home/csrobot/flexbe_ws/install/flexbe_states:/home/csrobot/flexbe_ws/install/flexbe_mirror:/home/csrobot/flexbe_ws/install/flexbe_input:/home/csrobot/flexbe_ws/install/example_flexbe_states:/home/csrobot/flexbe_ws/install/compare_flexbe_states:/home/csrobot/flexbe_ws/install/flexbe_core:/opt/ros/jazzy DEBUGINFOD_URLS=https://debuginfod.ubuntu.com /usr/bin/cmake --build /home/csrobot/flexbe_ws/build/tm_msgs -- -j8 -l8
[0.087s] [  1%] Built target tm_msgs__rosidl_generator_type_description
[0.093s] [  1%] Built target ament_cmake_python_symlink_tm_msgs
[0.132s] [  1%] Built target tm_msgs__cpp
[0.133s] [ 27%] Built target tm_msgs__rosidl_generator_c
[0.182s] [ 37%] Built target tm_msgs__rosidl_typesupport_fastrtps_c
[0.199s] [ 47%] Built target tm_msgs__rosidl_typesupport_fastrtps_cpp
[0.201s] [ 64%] Built target tm_msgs__rosidl_typesupport_cpp
[0.201s] [ 73%] Built target tm_msgs__rosidl_typesupport_introspection_cpp
[0.203s] [ 83%] Built target tm_msgs__rosidl_typesupport_c
[0.204s] [ 85%] Built target tm_msgs__rosidl_typesupport_introspection_c
[0.237s] [ 85%] Built target tm_msgs
[0.255s] [ 86%] Built target tm_msgs__py
[0.283s] [ 95%] Built target tm_msgs__rosidl_generator_py
[0.327s] [ 97%] Built target tm_msgs_s__rosidl_typesupport_introspection_c
[0.327s] [ 98%] Built target tm_msgs_s__rosidl_typesupport_fastrtps_c
[0.328s] [100%] Built target tm_msgs_s__rosidl_typesupport_c
[0.384s] running egg_info
[0.417s] writing tm_msgs.egg-info/PKG-INFO
[0.417s] writing dependency_links to tm_msgs.egg-info/dependency_links.txt
[0.418s] writing top-level names to tm_msgs.egg-info/top_level.txt
[0.487s] reading manifest file 'tm_msgs.egg-info/SOURCES.txt'
[0.487s] writing manifest file 'tm_msgs.egg-info/SOURCES.txt'
[0.518s] [100%] Built target ament_cmake_python_build_tm_msgs_egg
[0.758s] Invoked command in '/home/csrobot/flexbe_ws/build/tm_msgs' returned '0': CMAKE_PREFIX_PATH=${CMAKE_PREFIX_PATH}:/home/csrobot/flexbe_ws/install/tm_mod_urdf:/home/csrobot/flexbe_ws/install/tm_get_status:/home/csrobot/flexbe_ws/install/flexbe_turtlesim_demo_flexbe_states:/home/csrobot/flexbe_ws/install/flexbe_webui:/home/csrobot/flexbe_ws/install/flexbe_onboard:/home/csrobot/flexbe_ws/install/flexbe_states:/home/csrobot/flexbe_ws/install/flexbe_mirror:/home/csrobot/flexbe_ws/install/flexbe_input:/home/csrobot/flexbe_ws/install/example_flexbe_states:/home/csrobot/flexbe_ws/install/compare_flexbe_states:/home/csrobot/flexbe_ws/install/flexbe_core:/opt/ros/jazzy DEBUGINFOD_URLS=https://debuginfod.ubuntu.com /usr/bin/cmake --build /home/csrobot/flexbe_ws/build/tm_msgs -- -j8 -l8
[0.759s] Invoking command in '/home/csrobot/flexbe_ws/build/tm_msgs': CMAKE_PREFIX_PATH=${CMAKE_PREFIX_PATH}:/home/csrobot/flexbe_ws/install/tm_mod_urdf:/home/csrobot/flexbe_ws/install/tm_get_status:/home/csrobot/flexbe_ws/install/flexbe_turtlesim_demo_flexbe_states:/home/csrobot/flexbe_ws/install/flexbe_webui:/home/csrobot/flexbe_ws/install/flexbe_onboard:/home/csrobot/flexbe_ws/install/flexbe_states:/home/csrobot/flexbe_ws/install/flexbe_mirror:/home/csrobot/flexbe_ws/install/flexbe_input:/home/csrobot/flexbe_ws/install/example_flexbe_states:/home/csrobot/flexbe_ws/install/compare_flexbe_states:/home/csrobot/flexbe_ws/install/flexbe_core:/opt/ros/jazzy DEBUGINFOD_URLS=https://debuginfod.ubuntu.com /usr/bin/cmake --install /home/csrobot/flexbe_ws/build/tm_msgs
[0.770s] -- Install configuration: ""
[0.770s] -- Execute custom install script
[0.770s] -- Up-to-date symlink: /home/csrobot/flexbe_ws/install/tm_msgs/share/ament_index/resource_index/rosidl_interfaces/tm_msgs
[0.770s] -- Up-to-date symlink: /home/csrobot/flexbe_ws/install/tm_msgs/share/tm_msgs/msg/FeedbackState.json
[0.770s] -- Up-to-date symlink: /home/csrobot/flexbe_ws/install/tm_msgs/share/tm_msgs/msg/SvrResponse.json
[0.770s] -- Up-to-date symlink: /home/csrobot/flexbe_ws/install/tm_msgs/share/tm_msgs/msg/SctResponse.json
[0.770s] -- Up-to-date symlink: /home/csrobot/flexbe_ws/install/tm_msgs/share/tm_msgs/msg/StaResponse.json
[0.770s] -- Up-to-date symlink: /home/csrobot/flexbe_ws/install/tm_msgs/share/tm_msgs/srv/ConnectTM.json
[0.770s] -- Up-to-date symlink: /home/csrobot/flexbe_ws/install/tm_msgs/share/tm_msgs/srv/WriteItem.json
[0.770s] -- Up-to-date symlink: /home/csrobot/flexbe_ws/install/tm_msgs/share/tm_msgs/srv/AskItem.json
[0.771s] -- Up-to-date symlink: /home/csrobot/flexbe_ws/install/tm_msgs/share/tm_msgs/srv/SendScript.json
[0.771s] -- Up-to-date symlink: /home/csrobot/flexbe_ws/install/tm_msgs/share/tm_msgs/srv/SetEvent.json
[0.771s] -- Up-to-date symlink: /home/csrobot/flexbe_ws/install/tm_msgs/share/tm_msgs/srv/SetIO.json
[0.771s] -- Up-to-date symlink: /home/csrobot/flexbe_ws/install/tm_msgs/share/tm_msgs/srv/SetPositions.json
[0.771s] -- Up-to-date symlink: /home/csrobot/flexbe_ws/install/tm_msgs/share/tm_msgs/srv/AskSta.json
[0.772s] -- Up-to-date symlink: /home/csrobot/flexbe_ws/install/tm_msgs/include/tm_msgs/tm_msgs/msg/detail/feedback_state__functions.h
[0.773s] -- Up-to-date symlink: /home/csrobot/flexbe_ws/install/tm_msgs/include/tm_msgs/tm_msgs/msg/detail/feedback_state__struct.h
[0.773s] -- Up-to-date symlink: /home/csrobot/flexbe_ws/install/tm_msgs/include/tm_msgs/tm_msgs/msg/detail/feedback_state__type_support.h
[0.773s] -- Up-to-date symlink: /home/csrobot/flexbe_ws/install/tm_msgs/include/tm_msgs/tm_msgs/msg/detail/sct_response__functions.h
[0.773s] -- Up-to-date symlink: /home/csrobot/flexbe_ws/install/tm_msgs/include/tm_msgs/tm_msgs/msg/detail/sct_response__struct.h
[0.773s] -- Up-to-date symlink: /home/csrobot/flexbe_ws/install/tm_msgs/include/tm_msgs/tm_msgs/msg/detail/sct_response__type_support.h
[0.774s] -- Up-to-date symlink: /home/csrobot/flexbe_ws/install/tm_msgs/include/tm_msgs/tm_msgs/msg/detail/sta_response__functions.h
[0.774s] -- Up-to-date symlink: /home/csrobot/flexbe_ws/install/tm_msgs/include/tm_msgs/tm_msgs/msg/detail/sta_response__struct.h
[0.774s] -- Up-to-date symlink: /home/csrobot/flexbe_ws/install/tm_msgs/include/tm_msgs/tm_msgs/msg/detail/sta_response__type_support.h
[0.774s] -- Up-to-date symlink: /home/csrobot/flexbe_ws/install/tm_msgs/include/tm_msgs/tm_msgs/msg/detail/svr_response__functions.h
[0.774s] -- Up-to-date symlink: /home/csrobot/flexbe_ws/install/tm_msgs/include/tm_msgs/tm_msgs/msg/detail/svr_response__struct.h
[0.783s] -- Up-to-date symlink: /home/csrobot/flexbe_ws/install/tm_msgs/include/tm_msgs/tm_msgs/msg/detail/svr_response__type_support.h
[0.783s] -- Up-to-date symlink: /home/csrobot/flexbe_ws/install/tm_msgs/include/tm_msgs/tm_msgs/msg/feedback_state.h
[0.783s] -- Up-to-date symlink: /home/csrobot/flexbe_ws/install/tm_msgs/include/tm_msgs/tm_msgs/msg/rosidl_generator_c__visibility_control.h
[0.784s] -- Up-to-date symlink: /home/csrobot/flexbe_ws/install/tm_msgs/include/tm_msgs/tm_msgs/msg/sct_response.h
[0.784s] -- Up-to-date symlink: /home/csrobot/flexbe_ws/install/tm_msgs/include/tm_msgs/tm_msgs/msg/sta_response.h
[0.784s] -- Up-to-date symlink: /home/csrobot/flexbe_ws/install/tm_msgs/include/tm_msgs/tm_msgs/msg/svr_response.h
[0.784s] -- Up-to-date symlink: /home/csrobot/flexbe_ws/install/tm_msgs/include/tm_msgs/tm_msgs/srv/ask_item.h
[0.784s] -- Up-to-date symlink: /home/csrobot/flexbe_ws/install/tm_msgs/include/tm_msgs/tm_msgs/srv/ask_sta.h
[0.789s] -- Up-to-date symlink: /home/csrobot/flexbe_ws/install/tm_msgs/include/tm_msgs/tm_msgs/srv/connect_tm.h
[0.790s] -- Up-to-date symlink: /home/csrobot/flexbe_ws/install/tm_msgs/include/tm_msgs/tm_msgs/srv/detail/ask_item__functions.h
[0.791s] -- Up-to-date symlink: /home/csrobot/flexbe_ws/install/tm_msgs/include/tm_msgs/tm_msgs/srv/detail/ask_item__struct.h
[0.792s] -- Up-to-date symlink: /home/csrobot/flexbe_ws/install/tm_msgs/include/tm_msgs/tm_msgs/srv/detail/ask_item__type_support.h
[0.794s] -- Up-to-date symlink: /home/csrobot/flexbe_ws/install/tm_msgs/include/tm_msgs/tm_msgs/srv/detail/ask_sta__functions.h
[0.795s] -- Up-to-date symlink: /home/csrobot/flexbe_ws/install/tm_msgs/include/tm_msgs/tm_msgs/srv/detail/ask_sta__struct.h
[0.797s] -- Up-to-date symlink: /home/csrobot/flexbe_ws/install/tm_msgs/include/tm_msgs/tm_msgs/srv/detail/ask_sta__type_support.h
[0.798s] -- Up-to-date symlink: /home/csrobot/flexbe_ws/install/tm_msgs/include/tm_msgs/tm_msgs/srv/detail/connect_tm__functions.h
[0.800s] -- Up-to-date symlink: /home/csrobot/flexbe_ws/install/tm_msgs/include/tm_msgs/tm_msgs/srv/detail/connect_tm__struct.h
[0.800s] -- Up-to-date symlink: /home/csrobot/flexbe_ws/install/tm_msgs/include/tm_msgs/tm_msgs/srv/detail/connect_tm__type_support.h
[0.801s] -- Up-to-date symlink: /home/csrobot/flexbe_ws/install/tm_msgs/include/tm_msgs/tm_msgs/srv/detail/send_script__functions.h
[0.801s] -- Up-to-date symlink: /home/csrobot/flexbe_ws/install/tm_msgs/include/tm_msgs/tm_msgs/srv/detail/send_script__struct.h
[0.814s] -- Up-to-date symlink: /home/csrobot/flexbe_ws/install/tm_msgs/include/tm_msgs/tm_msgs/srv/detail/send_script__type_support.h
[0.815s] -- Up-to-date symlink: /home/csrobot/flexbe_ws/install/tm_msgs/include/tm_msgs/tm_msgs/srv/detail/set_event__functions.h
[0.815s] -- Up-to-date symlink: /home/csrobot/flexbe_ws/install/tm_msgs/include/tm_msgs/tm_msgs/srv/detail/set_event__struct.h
[0.815s] -- Up-to-date symlink: /home/csrobot/flexbe_ws/install/tm_msgs/include/tm_msgs/tm_msgs/srv/detail/set_event__type_support.h
[0.815s] -- Up-to-date symlink: /home/csrobot/flexbe_ws/install/tm_msgs/include/tm_msgs/tm_msgs/srv/detail/set_io__functions.h
[0.815s] -- Up-to-date symlink: /home/csrobot/flexbe_ws/install/tm_msgs/include/tm_msgs/tm_msgs/srv/detail/set_io__struct.h
[0.815s] -- Up-to-date symlink: /home/csrobot/flexbe_ws/install/tm_msgs/include/tm_msgs/tm_msgs/srv/detail/set_io__type_support.h
[0.815s] -- Up-to-date symlink: /home/csrobot/flexbe_ws/install/tm_msgs/include/tm_msgs/tm_msgs/srv/detail/set_positions__functions.h
[0.815s] -- Up-to-date symlink: /home/csrobot/flexbe_ws/install/tm_msgs/include/tm_msgs/tm_msgs/srv/detail/set_positions__struct.h
[0.815s] -- Up-to-date symlink: /home/csrobot/flexbe_ws/install/tm_msgs/include/tm_msgs/tm_msgs/srv/detail/set_positions__type_support.h
[0.816s] -- Up-to-date symlink: /home/csrobot/flexbe_ws/install/tm_msgs/include/tm_msgs/tm_msgs/srv/detail/write_item__functions.h
[0.816s] -- Up-to-date symlink: /home/csrobot/flexbe_ws/install/tm_msgs/include/tm_msgs/tm_msgs/srv/detail/write_item__struct.h
[0.816s] -- Up-to-date symlink: /home/csrobot/flexbe_ws/install/tm_msgs/include/tm_msgs/tm_msgs/srv/detail/write_item__type_support.h
[0.816s] -- Up-to-date symlink: /home/csrobot/flexbe_ws/install/tm_msgs/include/tm_msgs/tm_msgs/srv/send_script.h
[0.816s] -- Up-to-date symlink: /home/csrobot/flexbe_ws/install/tm_msgs/include/tm_msgs/tm_msgs/srv/set_event.h
[0.816s] -- Up-to-date symlink: /home/csrobot/flexbe_ws/install/tm_msgs/include/tm_msgs/tm_msgs/srv/set_io.h
[0.816s] -- Up-to-date symlink: /home/csrobot/flexbe_ws/install/tm_msgs/include/tm_msgs/tm_msgs/srv/set_positions.h
[0.816s] -- Up-to-date symlink: /home/csrobot/flexbe_ws/install/tm_msgs/include/tm_msgs/tm_msgs/srv/write_item.h
[0.816s] -- Up-to-date symlink: /home/csrobot/flexbe_ws/install/tm_msgs/share/tm_msgs/environment/library_path.sh
[0.816s] -- Up-to-date symlink: /home/csrobot/flexbe_ws/install/tm_msgs/share/tm_msgs/environment/library_path.dsv
[0.816s] -- Up-to-date symlink: /home/csrobot/flexbe_ws/install/tm_msgs/include/tm_msgs/tm_msgs/msg/detail/feedback_state__rosidl_typesupport_fastrtps_c.h
[0.816s] -- Up-to-date symlink: /home/csrobot/flexbe_ws/install/tm_msgs/include/tm_msgs/tm_msgs/msg/detail/sct_response__rosidl_typesupport_fastrtps_c.h
[0.816s] -- Up-to-date symlink: /home/csrobot/flexbe_ws/install/tm_msgs/include/tm_msgs/tm_msgs/msg/detail/sta_response__rosidl_typesupport_fastrtps_c.h
[0.817s] -- Up-to-date symlink: /home/csrobot/flexbe_ws/install/tm_msgs/include/tm_msgs/tm_msgs/msg/detail/svr_response__rosidl_typesupport_fastrtps_c.h
[0.817s] -- Up-to-date symlink: /home/csrobot/flexbe_ws/install/tm_msgs/include/tm_msgs/tm_msgs/msg/rosidl_typesupport_fastrtps_c__visibility_control.h
[0.817s] -- Up-to-date symlink: /home/csrobot/flexbe_ws/install/tm_msgs/include/tm_msgs/tm_msgs/srv/detail/ask_item__rosidl_typesupport_fastrtps_c.h
[0.817s] -- Up-to-date symlink: /home/csrobot/flexbe_ws/install/tm_msgs/include/tm_msgs/tm_msgs/srv/detail/ask_sta__rosidl_typesupport_fastrtps_c.h
[0.817s] -- Up-to-date symlink: /home/csrobot/flexbe_ws/install/tm_msgs/include/tm_msgs/tm_msgs/srv/detail/connect_tm__rosidl_typesupport_fastrtps_c.h
[0.817s] -- Up-to-date symlink: /home/csrobot/flexbe_ws/install/tm_msgs/include/tm_msgs/tm_msgs/srv/detail/send_script__rosidl_typesupport_fastrtps_c.h
[0.817s] -- Up-to-date symlink: /home/csrobot/flexbe_ws/install/tm_msgs/include/tm_msgs/tm_msgs/srv/detail/set_event__rosidl_typesupport_fastrtps_c.h
[0.817s] -- Up-to-date symlink: /home/csrobot/flexbe_ws/install/tm_msgs/include/tm_msgs/tm_msgs/srv/detail/set_io__rosidl_typesupport_fastrtps_c.h
[0.817s] -- Up-to-date symlink: /home/csrobot/flexbe_ws/install/tm_msgs/include/tm_msgs/tm_msgs/srv/detail/set_positions__rosidl_typesupport_fastrtps_c.h
[0.819s] -- Up-to-date symlink: /home/csrobot/flexbe_ws/install/tm_msgs/include/tm_msgs/tm_msgs/srv/detail/write_item__rosidl_typesupport_fastrtps_c.h
[0.822s] -- Up-to-date symlink: /home/csrobot/flexbe_ws/install/tm_msgs/include/tm_msgs/tm_msgs/msg/detail/feedback_state__builder.hpp
[0.822s] -- Up-to-date symlink: /home/csrobot/flexbe_ws/install/tm_msgs/include/tm_msgs/tm_msgs/msg/detail/feedback_state__struct.hpp
[0.822s] -- Up-to-date symlink: /home/csrobot/flexbe_ws/install/tm_msgs/include/tm_msgs/tm_msgs/msg/detail/feedback_state__traits.hpp
[0.822s] -- Up-to-date symlink: /home/csrobot/flexbe_ws/install/tm_msgs/include/tm_msgs/tm_msgs/msg/detail/feedback_state__type_support.hpp
[0.822s] -- Up-to-date symlink: /home/csrobot/flexbe_ws/install/tm_msgs/include/tm_msgs/tm_msgs/msg/detail/sct_response__builder.hpp
[0.823s] -- Up-to-date symlink: /home/csrobot/flexbe_ws/install/tm_msgs/include/tm_msgs/tm_msgs/msg/detail/sct_response__struct.hpp
[0.823s] -- Up-to-date symlink: /home/csrobot/flexbe_ws/install/tm_msgs/include/tm_msgs/tm_msgs/msg/detail/sct_response__traits.hpp
[0.823s] -- Up-to-date symlink: /home/csrobot/flexbe_ws/install/tm_msgs/include/tm_msgs/tm_msgs/msg/detail/sct_response__type_support.hpp
[0.823s] -- Up-to-date symlink: /home/csrobot/flexbe_ws/install/tm_msgs/include/tm_msgs/tm_msgs/msg/detail/sta_response__builder.hpp
[0.823s] -- Up-to-date symlink: /home/csrobot/flexbe_ws/install/tm_msgs/include/tm_msgs/tm_msgs/msg/detail/sta_response__struct.hpp
[0.823s] -- Up-to-date symlink: /home/csrobot/flexbe_ws/install/tm_msgs/include/tm_msgs/tm_msgs/msg/detail/sta_response__traits.hpp
[0.823s] -- Up-to-date symlink: /home/csrobot/flexbe_ws/install/tm_msgs/include/tm_msgs/tm_msgs/msg/detail/sta_response__type_support.hpp
[0.823s] -- Up-to-date symlink: /home/csrobot/flexbe_ws/install/tm_msgs/include/tm_msgs/tm_msgs/msg/detail/svr_response__builder.hpp
[0.823s] -- Up-to-date symlink: /home/csrobot/flexbe_ws/install/tm_msgs/include/tm_msgs/tm_msgs/msg/detail/svr_response__struct.hpp
[0.823s] -- Up-to-date symlink: /home/csrobot/flexbe_ws/install/tm_msgs/include/tm_msgs/tm_msgs/msg/detail/svr_response__traits.hpp
[0.823s] -- Up-to-date symlink: /home/csrobot/flexbe_ws/install/tm_msgs/include/tm_msgs/tm_msgs/msg/detail/svr_response__type_support.hpp
[0.823s] -- Up-to-date symlink: /home/csrobot/flexbe_ws/install/tm_msgs/include/tm_msgs/tm_msgs/msg/feedback_state.hpp
[0.823s] -- Up-to-date symlink: /home/csrobot/flexbe_ws/install/tm_msgs/include/tm_msgs/tm_msgs/msg/rosidl_generator_cpp__visibility_control.hpp
[0.823s] -- Up-to-date symlink: /home/csrobot/flexbe_ws/install/tm_msgs/include/tm_msgs/tm_msgs/msg/sct_response.hpp
[0.824s] -- Up-to-date symlink: /home/csrobot/flexbe_ws/install/tm_msgs/include/tm_msgs/tm_msgs/msg/sta_response.hpp
[0.824s] -- Up-to-date symlink: /home/csrobot/flexbe_ws/install/tm_msgs/include/tm_msgs/tm_msgs/msg/svr_response.hpp
[0.824s] -- Up-to-date symlink: /home/csrobot/flexbe_ws/install/tm_msgs/include/tm_msgs/tm_msgs/srv/ask_item.hpp
[0.824s] -- Up-to-date symlink: /home/csrobot/flexbe_ws/install/tm_msgs/include/tm_msgs/tm_msgs/srv/ask_sta.hpp
[0.824s] -- Up-to-date symlink: /home/csrobot/flexbe_ws/install/tm_msgs/include/tm_msgs/tm_msgs/srv/connect_tm.hpp
[0.824s] -- Up-to-date symlink: /home/csrobot/flexbe_ws/install/tm_msgs/include/tm_msgs/tm_msgs/srv/detail/ask_item__builder.hpp
[0.824s] -- Up-to-date symlink: /home/csrobot/flexbe_ws/install/tm_msgs/include/tm_msgs/tm_msgs/srv/detail/ask_item__struct.hpp
[0.824s] -- Up-to-date symlink: /home/csrobot/flexbe_ws/install/tm_msgs/include/tm_msgs/tm_msgs/srv/detail/ask_item__traits.hpp
[0.824s] -- Up-to-date symlink: /home/csrobot/flexbe_ws/install/tm_msgs/include/tm_msgs/tm_msgs/srv/detail/ask_item__type_support.hpp
[0.824s] -- Up-to-date symlink: /home/csrobot/flexbe_ws/install/tm_msgs/include/tm_msgs/tm_msgs/srv/detail/ask_sta__builder.hpp
[0.824s] -- Up-to-date symlink: /home/csrobot/flexbe_ws/install/tm_msgs/include/tm_msgs/tm_msgs/srv/detail/ask_sta__struct.hpp
[0.824s] -- Up-to-date symlink: /home/csrobot/flexbe_ws/install/tm_msgs/include/tm_msgs/tm_msgs/srv/detail/ask_sta__traits.hpp
[0.826s] -- Up-to-date symlink: /home/csrobot/flexbe_ws/install/tm_msgs/include/tm_msgs/tm_msgs/srv/detail/ask_sta__type_support.hpp
[0.826s] -- Up-to-date symlink: /home/csrobot/flexbe_ws/install/tm_msgs/include/tm_msgs/tm_msgs/srv/detail/connect_tm__builder.hpp
[0.826s] -- Up-to-date symlink: /home/csrobot/flexbe_ws/install/tm_msgs/include/tm_msgs/tm_msgs/srv/detail/connect_tm__struct.hpp
[0.826s] -- Up-to-date symlink: /home/csrobot/flexbe_ws/install/tm_msgs/include/tm_msgs/tm_msgs/srv/detail/connect_tm__traits.hpp
[0.826s] -- Up-to-date symlink: /home/csrobot/flexbe_ws/install/tm_msgs/include/tm_msgs/tm_msgs/srv/detail/connect_tm__type_support.hpp
[0.826s] -- Up-to-date symlink: /home/csrobot/flexbe_ws/install/tm_msgs/include/tm_msgs/tm_msgs/srv/detail/send_script__builder.hpp
[0.826s] -- Up-to-date symlink: /home/csrobot/flexbe_ws/install/tm_msgs/include/tm_msgs/tm_msgs/srv/detail/send_script__struct.hpp
[0.826s] -- Up-to-date symlink: /home/csrobot/flexbe_ws/install/tm_msgs/include/tm_msgs/tm_msgs/srv/detail/send_script__traits.hpp
[0.826s] -- Up-to-date symlink: /home/csrobot/flexbe_ws/install/tm_msgs/include/tm_msgs/tm_msgs/srv/detail/send_script__type_support.hpp
[0.826s] -- Up-to-date symlink: /home/csrobot/flexbe_ws/install/tm_msgs/include/tm_msgs/tm_msgs/srv/detail/set_event__builder.hpp
[0.826s] -- Up-to-date symlink: /home/csrobot/flexbe_ws/install/tm_msgs/include/tm_msgs/tm_msgs/srv/detail/set_event__struct.hpp
[0.826s] -- Up-to-date symlink: /home/csrobot/flexbe_ws/install/tm_msgs/include/tm_msgs/tm_msgs/srv/detail/set_event__traits.hpp
[0.826s] -- Up-to-date symlink: /home/csrobot/flexbe_ws/install/tm_msgs/include/tm_msgs/tm_msgs/srv/detail/set_event__type_support.hpp
[0.826s] -- Up-to-date symlink: /home/csrobot/flexbe_ws/install/tm_msgs/include/tm_msgs/tm_msgs/srv/detail/set_io__builder.hpp
[0.826s] -- Up-to-date symlink: /home/csrobot/flexbe_ws/install/tm_msgs/include/tm_msgs/tm_msgs/srv/detail/set_io__struct.hpp
[0.826s] -- Up-to-date symlink: /home/csrobot/flexbe_ws/install/tm_msgs/include/tm_msgs/tm_msgs/srv/detail/set_io__traits.hpp
[0.827s] -- Up-to-date symlink: /home/csrobot/flexbe_ws/install/tm_msgs/include/tm_msgs/tm_msgs/srv/detail/set_io__type_support.hpp
[0.827s] -- Up-to-date symlink: /home/csrobot/flexbe_ws/install/tm_msgs/include/tm_msgs/tm_msgs/srv/detail/set_positions__builder.hpp
[0.827s] -- Up-to-date symlink: /home/csrobot/flexbe_ws/install/tm_msgs/include/tm_msgs/tm_msgs/srv/detail/set_positions__struct.hpp
[0.827s] -- Up-to-date symlink: /home/csrobot/flexbe_ws/install/tm_msgs/include/tm_msgs/tm_msgs/srv/detail/set_positions__traits.hpp
[0.827s] -- Up-to-date symlink: /home/csrobot/flexbe_ws/install/tm_msgs/include/tm_msgs/tm_msgs/srv/detail/set_positions__type_support.hpp
[0.827s] -- Up-to-date symlink: /home/csrobot/flexbe_ws/install/tm_msgs/include/tm_msgs/tm_msgs/srv/detail/write_item__builder.hpp
[0.827s] -- Up-to-date symlink: /home/csrobot/flexbe_ws/install/tm_msgs/include/tm_msgs/tm_msgs/srv/detail/write_item__struct.hpp
[0.830s] -- Up-to-date symlink: /home/csrobot/flexbe_ws/install/tm_msgs/include/tm_msgs/tm_msgs/srv/detail/write_item__traits.hpp
[0.833s] -- Up-to-date symlink: /home/csrobot/flexbe_ws/install/tm_msgs/include/tm_msgs/tm_msgs/srv/detail/write_item__type_support.hpp
[0.833s] -- Up-to-date symlink: /home/csrobot/flexbe_ws/install/tm_msgs/include/tm_msgs/tm_msgs/srv/send_script.hpp
[0.833s] -- Up-to-date symlink: /home/csrobot/flexbe_ws/install/tm_msgs/include/tm_msgs/tm_msgs/srv/set_event.hpp
[0.834s] -- Up-to-date symlink: /home/csrobot/flexbe_ws/install/tm_msgs/include/tm_msgs/tm_msgs/srv/set_io.hpp
[0.834s] -- Up-to-date symlink: /home/csrobot/flexbe_ws/install/tm_msgs/include/tm_msgs/tm_msgs/srv/set_positions.hpp
[0.835s] -- Up-to-date symlink: /home/csrobot/flexbe_ws/install/tm_msgs/include/tm_msgs/tm_msgs/srv/write_item.hpp
[0.836s] -- Up-to-date symlink: /home/csrobot/flexbe_ws/install/tm_msgs/include/tm_msgs/tm_msgs/msg/detail/feedback_state__rosidl_typesupport_fastrtps_cpp.hpp
[0.836s] -- Up-to-date symlink: /home/csrobot/flexbe_ws/install/tm_msgs/include/tm_msgs/tm_msgs/msg/detail/sct_response__rosidl_typesupport_fastrtps_cpp.hpp
[0.836s] -- Up-to-date symlink: /home/csrobot/flexbe_ws/install/tm_msgs/include/tm_msgs/tm_msgs/msg/detail/sta_response__rosidl_typesupport_fastrtps_cpp.hpp
[0.836s] -- Up-to-date symlink: /home/csrobot/flexbe_ws/install/tm_msgs/include/tm_msgs/tm_msgs/msg/detail/svr_response__rosidl_typesupport_fastrtps_cpp.hpp
[0.836s] -- Up-to-date symlink: /home/csrobot/flexbe_ws/install/tm_msgs/include/tm_msgs/tm_msgs/msg/rosidl_typesupport_fastrtps_cpp__visibility_control.h
[0.836s] -- Up-to-date symlink: /home/csrobot/flexbe_ws/install/tm_msgs/include/tm_msgs/tm_msgs/srv/detail/ask_item__rosidl_typesupport_fastrtps_cpp.hpp
[0.836s] -- Up-to-date symlink: /home/csrobot/flexbe_ws/install/tm_msgs/include/tm_msgs/tm_msgs/srv/detail/ask_sta__rosidl_typesupport_fastrtps_cpp.hpp
[0.836s] -- Up-to-date symlink: /home/csrobot/flexbe_ws/install/tm_msgs/include/tm_msgs/tm_msgs/srv/detail/connect_tm__rosidl_typesupport_fastrtps_cpp.hpp
[0.836s] -- Up-to-date symlink: /home/csrobot/flexbe_ws/install/tm_msgs/include/tm_msgs/tm_msgs/srv/detail/send_script__rosidl_typesupport_fastrtps_cpp.hpp
[0.836s] -- Up-to-date symlink: /home/csrobot/flexbe_ws/install/tm_msgs/include/tm_msgs/tm_msgs/srv/detail/set_event__rosidl_typesupport_fastrtps_cpp.hpp
[0.836s] -- Up-to-date symlink: /home/csrobot/flexbe_ws/install/tm_msgs/include/tm_msgs/tm_msgs/srv/detail/set_io__rosidl_typesupport_fastrtps_cpp.hpp
[0.836s] -- Up-to-date symlink: /home/csrobot/flexbe_ws/install/tm_msgs/include/tm_msgs/tm_msgs/srv/detail/set_positions__rosidl_typesupport_fastrtps_cpp.hpp
[0.836s] -- Up-to-date symlink: /home/csrobot/flexbe_ws/install/tm_msgs/include/tm_msgs/tm_msgs/srv/detail/write_item__rosidl_typesupport_fastrtps_cpp.hpp
[0.837s] -- Up-to-date symlink: /home/csrobot/flexbe_ws/install/tm_msgs/include/tm_msgs/tm_msgs/msg/detail/feedback_state__rosidl_typesupport_introspection_c.h
[0.837s] -- Up-to-date symlink: /home/csrobot/flexbe_ws/install/tm_msgs/include/tm_msgs/tm_msgs/msg/detail/sct_response__rosidl_typesupport_introspection_c.h
[0.840s] -- Up-to-date symlink: /home/csrobot/flexbe_ws/install/tm_msgs/include/tm_msgs/tm_msgs/msg/detail/sta_response__rosidl_typesupport_introspection_c.h
[0.840s] -- Up-to-date symlink: /home/csrobot/flexbe_ws/install/tm_msgs/include/tm_msgs/tm_msgs/msg/detail/svr_response__rosidl_typesupport_introspection_c.h
[0.841s] -- Up-to-date symlink: /home/csrobot/flexbe_ws/install/tm_msgs/include/tm_msgs/tm_msgs/msg/rosidl_typesupport_introspection_c__visibility_control.h
[0.841s] -- Up-to-date symlink: /home/csrobot/flexbe_ws/install/tm_msgs/include/tm_msgs/tm_msgs/srv/detail/ask_item__rosidl_typesupport_introspection_c.h
[0.841s] -- Up-to-date symlink: /home/csrobot/flexbe_ws/install/tm_msgs/include/tm_msgs/tm_msgs/srv/detail/ask_sta__rosidl_typesupport_introspection_c.h
[0.841s] -- Up-to-date symlink: /home/csrobot/flexbe_ws/install/tm_msgs/include/tm_msgs/tm_msgs/srv/detail/connect_tm__rosidl_typesupport_introspection_c.h
[0.841s] -- Up-to-date symlink: /home/csrobot/flexbe_ws/install/tm_msgs/include/tm_msgs/tm_msgs/srv/detail/send_script__rosidl_typesupport_introspection_c.h
[0.841s] -- Up-to-date symlink: /home/csrobot/flexbe_ws/install/tm_msgs/include/tm_msgs/tm_msgs/srv/detail/set_event__rosidl_typesupport_introspection_c.h
[0.841s] -- Up-to-date symlink: /home/csrobot/flexbe_ws/install/tm_msgs/include/tm_msgs/tm_msgs/srv/detail/set_io__rosidl_typesupport_introspection_c.h
[0.841s] -- Up-to-date symlink: /home/csrobot/flexbe_ws/install/tm_msgs/include/tm_msgs/tm_msgs/srv/detail/set_positions__rosidl_typesupport_introspection_c.h
[0.841s] -- Up-to-date symlink: /home/csrobot/flexbe_ws/install/tm_msgs/include/tm_msgs/tm_msgs/srv/detail/write_item__rosidl_typesupport_introspection_c.h
[0.841s] -- Up-to-date symlink: /home/csrobot/flexbe_ws/install/tm_msgs/include/tm_msgs/tm_msgs/msg/detail/feedback_state__rosidl_typesupport_introspection_cpp.hpp
[0.841s] -- Up-to-date symlink: /home/csrobot/flexbe_ws/install/tm_msgs/include/tm_msgs/tm_msgs/msg/detail/sct_response__rosidl_typesupport_introspection_cpp.hpp
[0.841s] -- Up-to-date symlink: /home/csrobot/flexbe_ws/install/tm_msgs/include/tm_msgs/tm_msgs/msg/detail/sta_response__rosidl_typesupport_introspection_cpp.hpp
[0.841s] -- Up-to-date symlink: /home/csrobot/flexbe_ws/install/tm_msgs/include/tm_msgs/tm_msgs/msg/detail/svr_response__rosidl_typesupport_introspection_cpp.hpp
[0.841s] -- Up-to-date symlink: /home/csrobot/flexbe_ws/install/tm_msgs/include/tm_msgs/tm_msgs/srv/detail/ask_item__rosidl_typesupport_introspection_cpp.hpp
[0.842s] -- Up-to-date symlink: /home/csrobot/flexbe_ws/install/tm_msgs/include/tm_msgs/tm_msgs/srv/detail/ask_sta__rosidl_typesupport_introspection_cpp.hpp
[0.842s] -- Up-to-date symlink: /home/csrobot/flexbe_ws/install/tm_msgs/include/tm_msgs/tm_msgs/srv/detail/connect_tm__rosidl_typesupport_introspection_cpp.hpp
[0.842s] -- Up-to-date symlink: /home/csrobot/flexbe_ws/install/tm_msgs/include/tm_msgs/tm_msgs/srv/detail/send_script__rosidl_typesupport_introspection_cpp.hpp
[0.842s] -- Up-to-date symlink: /home/csrobot/flexbe_ws/install/tm_msgs/include/tm_msgs/tm_msgs/srv/detail/set_event__rosidl_typesupport_introspection_cpp.hpp
[0.842s] -- Up-to-date symlink: /home/csrobot/flexbe_ws/install/tm_msgs/include/tm_msgs/tm_msgs/srv/detail/set_io__rosidl_typesupport_introspection_cpp.hpp
[0.842s] -- Up-to-date symlink: /home/csrobot/flexbe_ws/install/tm_msgs/include/tm_msgs/tm_msgs/srv/detail/set_positions__rosidl_typesupport_introspection_cpp.hpp
[0.842s] -- Up-to-date symlink: /home/csrobot/flexbe_ws/install/tm_msgs/include/tm_msgs/tm_msgs/srv/detail/write_item__rosidl_typesupport_introspection_cpp.hpp
[0.842s] -- Up-to-date symlink: /home/csrobot/flexbe_ws/install/tm_msgs/share/tm_msgs/environment/pythonpath.sh
[0.842s] -- Up-to-date symlink: /home/csrobot/flexbe_ws/install/tm_msgs/share/tm_msgs/environment/pythonpath.dsv
[0.842s] -- Up-to-date symlink: /home/csrobot/flexbe_ws/install/tm_msgs/lib/python3.12/site-packages/tm_msgs-1.1.2-py3.12.egg-info/PKG-INFO
[0.842s] -- Up-to-date symlink: /home/csrobot/flexbe_ws/install/tm_msgs/lib/python3.12/site-packages/tm_msgs-1.1.2-py3.12.egg-info/SOURCES.txt
[0.842s] -- Up-to-date symlink: /home/csrobot/flexbe_ws/install/tm_msgs/lib/python3.12/site-packages/tm_msgs-1.1.2-py3.12.egg-info/dependency_links.txt
[0.842s] -- Up-to-date symlink: /home/csrobot/flexbe_ws/install/tm_msgs/lib/python3.12/site-packages/tm_msgs-1.1.2-py3.12.egg-info/top_level.txt
[0.845s] -- Up-to-date symlink: /home/csrobot/flexbe_ws/install/tm_msgs/lib/python3.12/site-packages/tm_msgs/__init__.py
[0.845s] -- Up-to-date symlink: /home/csrobot/flexbe_ws/install/tm_msgs/lib/python3.12/site-packages/tm_msgs/_tm_msgs_s.ep.rosidl_typesupport_c.c
[0.845s] -- Up-to-date symlink: /home/csrobot/flexbe_ws/install/tm_msgs/lib/python3.12/site-packages/tm_msgs/_tm_msgs_s.ep.rosidl_typesupport_fastrtps_c.c
[0.845s] -- Up-to-date symlink: /home/csrobot/flexbe_ws/install/tm_msgs/lib/python3.12/site-packages/tm_msgs/_tm_msgs_s.ep.rosidl_typesupport_introspection_c.c
[0.845s] -- Up-to-date symlink: /home/csrobot/flexbe_ws/install/tm_msgs/lib/python3.12/site-packages/tm_msgs/msg/__init__.py
[0.845s] -- Up-to-date symlink: /home/csrobot/flexbe_ws/install/tm_msgs/lib/python3.12/site-packages/tm_msgs/msg/_feedback_state.py
[0.845s] -- Up-to-date symlink: /home/csrobot/flexbe_ws/install/tm_msgs/lib/python3.12/site-packages/tm_msgs/msg/_feedback_state_s.c
[0.845s] -- Up-to-date symlink: /home/csrobot/flexbe_ws/install/tm_msgs/lib/python3.12/site-packages/tm_msgs/msg/_sct_response.py
[0.845s] -- Up-to-date symlink: /home/csrobot/flexbe_ws/install/tm_msgs/lib/python3.12/site-packages/tm_msgs/msg/_sct_response_s.c
[0.845s] -- Up-to-date symlink: /home/csrobot/flexbe_ws/install/tm_msgs/lib/python3.12/site-packages/tm_msgs/msg/_sta_response.py
[0.845s] -- Up-to-date symlink: /home/csrobot/flexbe_ws/install/tm_msgs/lib/python3.12/site-packages/tm_msgs/msg/_sta_response_s.c
[0.845s] -- Up-to-date symlink: /home/csrobot/flexbe_ws/install/tm_msgs/lib/python3.12/site-packages/tm_msgs/msg/_svr_response.py
[0.845s] -- Up-to-date symlink: /home/csrobot/flexbe_ws/install/tm_msgs/lib/python3.12/site-packages/tm_msgs/msg/_svr_response_s.c
[0.846s] -- Up-to-date symlink: /home/csrobot/flexbe_ws/install/tm_msgs/lib/python3.12/site-packages/tm_msgs/srv/__init__.py
[0.846s] -- Up-to-date symlink: /home/csrobot/flexbe_ws/install/tm_msgs/lib/python3.12/site-packages/tm_msgs/srv/_ask_item.py
[0.846s] -- Up-to-date symlink: /home/csrobot/flexbe_ws/install/tm_msgs/lib/python3.12/site-packages/tm_msgs/srv/_ask_item_s.c
[0.846s] -- Up-to-date symlink: /home/csrobot/flexbe_ws/install/tm_msgs/lib/python3.12/site-packages/tm_msgs/srv/_ask_sta.py
[0.846s] -- Up-to-date symlink: /home/csrobot/flexbe_ws/install/tm_msgs/lib/python3.12/site-packages/tm_msgs/srv/_ask_sta_s.c
[0.846s] -- Up-to-date symlink: /home/csrobot/flexbe_ws/install/tm_msgs/lib/python3.12/site-packages/tm_msgs/srv/_connect_tm.py
[0.846s] -- Up-to-date symlink: /home/csrobot/flexbe_ws/install/tm_msgs/lib/python3.12/site-packages/tm_msgs/srv/_connect_tm_s.c
[0.846s] -- Up-to-date symlink: /home/csrobot/flexbe_ws/install/tm_msgs/lib/python3.12/site-packages/tm_msgs/srv/_send_script.py
[0.846s] -- Up-to-date symlink: /home/csrobot/flexbe_ws/install/tm_msgs/lib/python3.12/site-packages/tm_msgs/srv/_send_script_s.c
[0.846s] -- Up-to-date symlink: /home/csrobot/flexbe_ws/install/tm_msgs/lib/python3.12/site-packages/tm_msgs/srv/_set_event.py
[0.846s] -- Up-to-date symlink: /home/csrobot/flexbe_ws/install/tm_msgs/lib/python3.12/site-packages/tm_msgs/srv/_set_event_s.c
[0.846s] -- Up-to-date symlink: /home/csrobot/flexbe_ws/install/tm_msgs/lib/python3.12/site-packages/tm_msgs/srv/_set_io.py
[0.846s] -- Up-to-date symlink: /home/csrobot/flexbe_ws/install/tm_msgs/lib/python3.12/site-packages/tm_msgs/srv/_set_io_s.c
[0.846s] -- Up-to-date symlink: /home/csrobot/flexbe_ws/install/tm_msgs/lib/python3.12/site-packages/tm_msgs/srv/_set_positions.py
[0.846s] -- Up-to-date symlink: /home/csrobot/flexbe_ws/install/tm_msgs/lib/python3.12/site-packages/tm_msgs/srv/_set_positions_s.c
[0.846s] -- Up-to-date symlink: /home/csrobot/flexbe_ws/install/tm_msgs/lib/python3.12/site-packages/tm_msgs/srv/_write_item.py
[0.846s] -- Up-to-date symlink: /home/csrobot/flexbe_ws/install/tm_msgs/lib/python3.12/site-packages/tm_msgs/srv/_write_item_s.c
[0.847s] -- Up-to-date symlink: /home/csrobot/flexbe_ws/install/tm_msgs/lib/python3.12/site-packages/tm_msgs/tm_msgs_s__rosidl_typesupport_c.so
[0.847s] -- Up-to-date symlink: /home/csrobot/flexbe_ws/install/tm_msgs/lib/python3.12/site-packages/tm_msgs/tm_msgs_s__rosidl_typesupport_fastrtps_c.so
[0.847s] -- Up-to-date symlink: /home/csrobot/flexbe_ws/install/tm_msgs/lib/python3.12/site-packages/tm_msgs/tm_msgs_s__rosidl_typesupport_introspection_c.so
[0.847s] -- Up-to-date symlink: /home/csrobot/flexbe_ws/install/tm_msgs/lib/python3.12/site-packages/tm_msgs/tm_msgs_s__rosidl_typesupport_fastrtps_c.so
[0.847s] -- Up-to-date symlink: /home/csrobot/flexbe_ws/install/tm_msgs/lib/python3.12/site-packages/tm_msgs/tm_msgs_s__rosidl_typesupport_introspection_c.so
[0.848s] -- Up-to-date symlink: /home/csrobot/flexbe_ws/install/tm_msgs/lib/python3.12/site-packages/tm_msgs/tm_msgs_s__rosidl_typesupport_c.so
[0.848s] -- Up-to-date symlink: /home/csrobot/flexbe_ws/install/tm_msgs/share/tm_msgs/msg/FeedbackState.idl
[0.848s] -- Up-to-date symlink: /home/csrobot/flexbe_ws/install/tm_msgs/share/tm_msgs/msg/SvrResponse.idl
[0.848s] -- Up-to-date symlink: /home/csrobot/flexbe_ws/install/tm_msgs/share/tm_msgs/msg/SctResponse.idl
[0.848s] -- Up-to-date symlink: /home/csrobot/flexbe_ws/install/tm_msgs/share/tm_msgs/msg/StaResponse.idl
[0.849s] -- Up-to-date symlink: /home/csrobot/flexbe_ws/install/tm_msgs/share/tm_msgs/srv/ConnectTM.idl
[0.849s] -- Up-to-date symlink: /home/csrobot/flexbe_ws/install/tm_msgs/share/tm_msgs/srv/WriteItem.idl
[0.849s] -- Up-to-date symlink: /home/csrobot/flexbe_ws/install/tm_msgs/share/tm_msgs/srv/AskItem.idl
[0.849s] -- Up-to-date symlink: /home/csrobot/flexbe_ws/install/tm_msgs/share/tm_msgs/srv/SendScript.idl
[0.849s] -- Up-to-date symlink: /home/csrobot/flexbe_ws/install/tm_msgs/share/tm_msgs/srv/SetEvent.idl
[0.849s] -- Up-to-date symlink: /home/csrobot/flexbe_ws/install/tm_msgs/share/tm_msgs/srv/SetIO.idl
[0.849s] -- Up-to-date symlink: /home/csrobot/flexbe_ws/install/tm_msgs/share/tm_msgs/srv/SetPositions.idl
[0.849s] -- Up-to-date symlink: /home/csrobot/flexbe_ws/install/tm_msgs/share/tm_msgs/srv/AskSta.idl
[0.849s] -- Up-to-date symlink: /home/csrobot/flexbe_ws/install/tm_msgs/share/tm_msgs/msg/FeedbackState.msg
[0.849s] -- Up-to-date symlink: /home/csrobot/flexbe_ws/install/tm_msgs/share/tm_msgs/msg/SvrResponse.msg
[0.849s] -- Up-to-date symlink: /home/csrobot/flexbe_ws/install/tm_msgs/share/tm_msgs/msg/SctResponse.msg
[0.849s] -- Up-to-date symlink: /home/csrobot/flexbe_ws/install/tm_msgs/share/tm_msgs/msg/StaResponse.msg
[0.849s] -- Up-to-date symlink: /home/csrobot/flexbe_ws/install/tm_msgs/share/tm_msgs/srv/ConnectTM.srv
[0.850s] -- Up-to-date symlink: /home/csrobot/flexbe_ws/install/tm_msgs/share/tm_msgs/srv/WriteItem.srv
[0.850s] -- Up-to-date symlink: /home/csrobot/flexbe_ws/install/tm_msgs/share/tm_msgs/srv/AskItem.srv
[0.850s] -- Up-to-date symlink: /home/csrobot/flexbe_ws/install/tm_msgs/share/tm_msgs/srv/SendScript.srv
[0.850s] -- Up-to-date symlink: /home/csrobot/flexbe_ws/install/tm_msgs/share/tm_msgs/srv/SetEvent.srv
[0.850s] -- Up-to-date symlink: /home/csrobot/flexbe_ws/install/tm_msgs/share/tm_msgs/srv/SetIO.srv
[0.855s] -- Up-to-date symlink: /home/csrobot/flexbe_ws/install/tm_msgs/share/tm_msgs/srv/SetPositions.srv
[0.855s] -- Up-to-date symlink: /home/csrobot/flexbe_ws/install/tm_msgs/share/tm_msgs/srv/AskSta.srv
[0.856s] -- Up-to-date symlink: /home/csrobot/flexbe_ws/install/tm_msgs/share/ament_index/resource_index/package_run_dependencies/tm_msgs
[0.856s] -- Up-to-date symlink: /home/csrobot/flexbe_ws/install/tm_msgs/share/ament_index/resource_index/parent_prefix_path/tm_msgs
[0.856s] -- Up-to-date symlink: /home/csrobot/flexbe_ws/install/tm_msgs/share/tm_msgs/environment/ament_prefix_path.sh
[0.856s] -- Up-to-date symlink: /home/csrobot/flexbe_ws/install/tm_msgs/share/tm_msgs/environment/ament_prefix_path.dsv
[0.856s] -- Up-to-date symlink: /home/csrobot/flexbe_ws/install/tm_msgs/share/tm_msgs/environment/path.sh
[0.856s] -- Up-to-date symlink: /home/csrobot/flexbe_ws/install/tm_msgs/share/tm_msgs/environment/path.dsv
[0.857s] -- Up-to-date symlink: /home/csrobot/flexbe_ws/install/tm_msgs/share/tm_msgs/local_setup.bash
[0.857s] -- Up-to-date symlink: /home/csrobot/flexbe_ws/install/tm_msgs/share/tm_msgs/local_setup.sh
[0.857s] -- Up-to-date symlink: /home/csrobot/flexbe_ws/install/tm_msgs/share/tm_msgs/local_setup.zsh
[0.857s] -- Up-to-date symlink: /home/csrobot/flexbe_ws/install/tm_msgs/share/tm_msgs/local_setup.dsv
[0.857s] -- Symlinking: /home/csrobot/flexbe_ws/install/tm_msgs/share/tm_msgs/package.dsv
[0.863s] -- Up-to-date symlink: /home/csrobot/flexbe_ws/install/tm_msgs/share/ament_index/resource_index/packages/tm_msgs
[0.863s] -- Up-to-date symlink: /home/csrobot/flexbe_ws/install/tm_msgs/share/tm_msgs/cmake/rosidl_cmake-extras.cmake
[0.863s] -- Up-to-date symlink: /home/csrobot/flexbe_ws/install/tm_msgs/share/tm_msgs/cmake/ament_cmake_export_dependencies-extras.cmake
[0.863s] -- Up-to-date symlink: /home/csrobot/flexbe_ws/install/tm_msgs/share/tm_msgs/cmake/ament_cmake_export_include_directories-extras.cmake
[0.863s] -- Up-to-date symlink: /home/csrobot/flexbe_ws/install/tm_msgs/share/tm_msgs/cmake/ament_cmake_export_libraries-extras.cmake
[0.863s] -- Up-to-date symlink: /home/csrobot/flexbe_ws/install/tm_msgs/share/tm_msgs/cmake/ament_cmake_export_targets-extras.cmake
[0.865s] -- Up-to-date symlink: /home/csrobot/flexbe_ws/install/tm_msgs/share/tm_msgs/cmake/rosidl_cmake_export_typesupport_targets-extras.cmake
[0.866s] -- Up-to-date symlink: /home/csrobot/flexbe_ws/install/tm_msgs/share/tm_msgs/cmake/rosidl_cmake_export_typesupport_libraries-extras.cmake
[0.866s] -- Up-to-date symlink: /home/csrobot/flexbe_ws/install/tm_msgs/share/tm_msgs/cmake/tm_msgsConfig.cmake
[0.866s] -- Up-to-date symlink: /home/csrobot/flexbe_ws/install/tm_msgs/share/tm_msgs/cmake/tm_msgsConfig-version.cmake
[0.866s] -- Up-to-date symlink: /home/csrobot/flexbe_ws/install/tm_msgs/share/tm_msgs/package.xml
[0.866s] -- Up-to-date: /home/csrobot/flexbe_ws/install/tm_msgs/lib/libtm_msgs__rosidl_generator_c.so
[0.866s] -- Up-to-date: /home/csrobot/flexbe_ws/install/tm_msgs/lib/libtm_msgs__rosidl_typesupport_fastrtps_c.so
[0.866s] -- Up-to-date: /home/csrobot/flexbe_ws/install/tm_msgs/lib/libtm_msgs__rosidl_typesupport_fastrtps_cpp.so
[0.866s] -- Up-to-date: /home/csrobot/flexbe_ws/install/tm_msgs/lib/libtm_msgs__rosidl_typesupport_introspection_c.so
[0.866s] -- Up-to-date: /home/csrobot/flexbe_ws/install/tm_msgs/lib/libtm_msgs__rosidl_typesupport_c.so
[0.866s] -- Up-to-date: /home/csrobot/flexbe_ws/install/tm_msgs/lib/libtm_msgs__rosidl_typesupport_introspection_cpp.so
[0.866s] -- Up-to-date: /home/csrobot/flexbe_ws/install/tm_msgs/lib/libtm_msgs__rosidl_typesupport_cpp.so
[0.878s] Listing '/home/csrobot/flexbe_ws/install/tm_msgs/lib/python3.12/site-packages/tm_msgs'...
[0.878s] Listing '/home/csrobot/flexbe_ws/install/tm_msgs/lib/python3.12/site-packages/tm_msgs/msg'...
[0.878s] Listing '/home/csrobot/flexbe_ws/install/tm_msgs/lib/python3.12/site-packages/tm_msgs/srv'...
[0.879s] -- Up-to-date: /home/csrobot/flexbe_ws/install/tm_msgs/lib/libtm_msgs__rosidl_generator_py.so
[0.879s] -- Up-to-date: /home/csrobot/flexbe_ws/install/tm_msgs/share/tm_msgs/cmake/export_tm_msgs__rosidl_generator_cExport.cmake
[0.879s] -- Up-to-date: /home/csrobot/flexbe_ws/install/tm_msgs/share/tm_msgs/cmake/export_tm_msgs__rosidl_generator_cExport-noconfig.cmake
[0.879s] -- Up-to-date: /home/csrobot/flexbe_ws/install/tm_msgs/share/tm_msgs/cmake/export_tm_msgs__rosidl_typesupport_fastrtps_cExport.cmake
[0.879s] -- Up-to-date: /home/csrobot/flexbe_ws/install/tm_msgs/share/tm_msgs/cmake/export_tm_msgs__rosidl_typesupport_fastrtps_cExport-noconfig.cmake
[0.879s] -- Up-to-date: /home/csrobot/flexbe_ws/install/tm_msgs/share/tm_msgs/cmake/export_tm_msgs__rosidl_generator_cppExport.cmake
[0.879s] -- Up-to-date: /home/csrobot/flexbe_ws/install/tm_msgs/share/tm_msgs/cmake/export_tm_msgs__rosidl_typesupport_fastrtps_cppExport.cmake
[0.879s] -- Up-to-date: /home/csrobot/flexbe_ws/install/tm_msgs/share/tm_msgs/cmake/export_tm_msgs__rosidl_typesupport_fastrtps_cppExport-noconfig.cmake
[0.879s] -- Up-to-date: /home/csrobot/flexbe_ws/install/tm_msgs/share/tm_msgs/cmake/tm_msgs__rosidl_typesupport_introspection_cExport.cmake
[0.879s] -- Up-to-date: /home/csrobot/flexbe_ws/install/tm_msgs/share/tm_msgs/cmake/tm_msgs__rosidl_typesupport_introspection_cExport-noconfig.cmake
[0.879s] -- Up-to-date: /home/csrobot/flexbe_ws/install/tm_msgs/share/tm_msgs/cmake/tm_msgs__rosidl_typesupport_cExport.cmake
[0.879s] -- Up-to-date: /home/csrobot/flexbe_ws/install/tm_msgs/share/tm_msgs/cmake/tm_msgs__rosidl_typesupport_cExport-noconfig.cmake
[0.879s] -- Up-to-date: /home/csrobot/flexbe_ws/install/tm_msgs/share/tm_msgs/cmake/tm_msgs__rosidl_typesupport_introspection_cppExport.cmake
[0.879s] -- Up-to-date: /home/csrobot/flexbe_ws/install/tm_msgs/share/tm_msgs/cmake/tm_msgs__rosidl_typesupport_introspection_cppExport-noconfig.cmake
[0.879s] -- Up-to-date: /home/csrobot/flexbe_ws/install/tm_msgs/share/tm_msgs/cmake/tm_msgs__rosidl_typesupport_cppExport.cmake
[0.879s] -- Up-to-date: /home/csrobot/flexbe_ws/install/tm_msgs/share/tm_msgs/cmake/tm_msgs__rosidl_typesupport_cppExport-noconfig.cmake
[0.880s] -- Up-to-date: /home/csrobot/flexbe_ws/install/tm_msgs/share/tm_msgs/cmake/export_tm_msgs__rosidl_generator_pyExport.cmake
[0.880s] -- Up-to-date: /home/csrobot/flexbe_ws/install/tm_msgs/share/tm_msgs/cmake/export_tm_msgs__rosidl_generator_pyExport-noconfig.cmake
[0.933s] Invoked command in '/home/csrobot/flexbe_ws/build/tm_msgs' returned '0': CMAKE_PREFIX_PATH=${CMAKE_PREFIX_PATH}:/home/csrobot/flexbe_ws/install/tm_mod_urdf:/home/csrobot/flexbe_ws/install/tm_get_status:/home/csrobot/flexbe_ws/install/flexbe_turtlesim_demo_flexbe_states:/home/csrobot/flexbe_ws/install/flexbe_webui:/home/csrobot/flexbe_ws/install/flexbe_onboard:/home/csrobot/flexbe_ws/install/flexbe_states:/home/csrobot/flexbe_ws/install/flexbe_mirror:/home/csrobot/flexbe_ws/install/flexbe_input:/home/csrobot/flexbe_ws/install/example_flexbe_states:/home/csrobot/flexbe_ws/install/compare_flexbe_states:/home/csrobot/flexbe_ws/install/flexbe_core:/opt/ros/jazzy DEBUGINFOD_URLS=https://debuginfod.ubuntu.com /usr/bin/cmake --install /home/csrobot/flexbe_ws/build/tm_msgs
