-- Install configuration: ""
-- Execute custom install script
-- Up-to-date symlink: /home/csrobot/flexbe_ws/install/tm5x-700_moveit_config/share/ament_index/resource_index/package_run_dependencies/tm5x-700_moveit_config
-- Up-to-date symlink: /home/csrobot/flexbe_ws/install/tm5x-700_moveit_config/share/ament_index/resource_index/parent_prefix_path/tm5x-700_moveit_config
-- Up-to-date symlink: /home/csrobot/flexbe_ws/install/tm5x-700_moveit_config/share/tm5x-700_moveit_config/environment/ament_prefix_path.sh
-- Up-to-date symlink: /home/csrobot/flexbe_ws/install/tm5x-700_moveit_config/share/tm5x-700_moveit_config/environment/ament_prefix_path.dsv
-- Up-to-date symlink: /home/csrobot/flexbe_ws/install/tm5x-700_moveit_config/share/tm5x-700_moveit_config/environment/path.sh
-- Up-to-date symlink: /home/csrobot/flexbe_ws/install/tm5x-700_moveit_config/share/tm5x-700_moveit_config/environment/path.dsv
-- Up-to-date symlink: /home/csrobot/flexbe_ws/install/tm5x-700_moveit_config/share/tm5x-700_moveit_config/local_setup.bash
-- Up-to-date symlink: /home/csrobot/flexbe_ws/install/tm5x-700_moveit_config/share/tm5x-700_moveit_config/local_setup.sh
-- Up-to-date symlink: /home/csrobot/flexbe_ws/install/tm5x-700_moveit_config/share/tm5x-700_moveit_config/local_setup.zsh
-- Up-to-date symlink: /home/csrobot/flexbe_ws/install/tm5x-700_moveit_config/share/tm5x-700_moveit_config/local_setup.dsv
-- Symlinking: /home/csrobot/flexbe_ws/install/tm5x-700_moveit_config/share/tm5x-700_moveit_config/package.dsv
-- Up-to-date symlink: /home/csrobot/flexbe_ws/install/tm5x-700_moveit_config/share/ament_index/resource_index/packages/tm5x-700_moveit_config
-- Up-to-date symlink: /home/csrobot/flexbe_ws/install/tm5x-700_moveit_config/share/tm5x-700_moveit_config/cmake/tm5x-700_moveit_configConfig.cmake
-- Up-to-date symlink: /home/csrobot/flexbe_ws/install/tm5x-700_moveit_config/share/tm5x-700_moveit_config/cmake/tm5x-700_moveit_configConfig-version.cmake
-- Up-to-date symlink: /home/csrobot/flexbe_ws/install/tm5x-700_moveit_config/share/tm5x-700_moveit_config/package.xml
-- Up-to-date symlink: /home/csrobot/flexbe_ws/install/tm5x-700_moveit_config/share/tm5x-700_moveit_config/launch/demo.launch.py
-- Up-to-date symlink: /home/csrobot/flexbe_ws/install/tm5x-700_moveit_config/share/tm5x-700_moveit_config/launch/move_group.launch.py
-- Up-to-date symlink: /home/csrobot/flexbe_ws/install/tm5x-700_moveit_config/share/tm5x-700_moveit_config/launch/moveit_rviz.launch.py
-- Up-to-date symlink: /home/csrobot/flexbe_ws/install/tm5x-700_moveit_config/share/tm5x-700_moveit_config/launch/rsp.launch.py
-- Up-to-date symlink: /home/csrobot/flexbe_ws/install/tm5x-700_moveit_config/share/tm5x-700_moveit_config/launch/run_move_group.rviz
-- Up-to-date symlink: /home/csrobot/flexbe_ws/install/tm5x-700_moveit_config/share/tm5x-700_moveit_config/launch/setup_assistant.launch.py
-- Up-to-date symlink: /home/csrobot/flexbe_ws/install/tm5x-700_moveit_config/share/tm5x-700_moveit_config/launch/spawn_controllers.launch.py
-- Up-to-date symlink: /home/csrobot/flexbe_ws/install/tm5x-700_moveit_config/share/tm5x-700_moveit_config/launch/static_virtual_joint_tfs.launch.py
-- Up-to-date symlink: /home/csrobot/flexbe_ws/install/tm5x-700_moveit_config/share/tm5x-700_moveit_config/launch/tm5x-700_moveit.launch.py
-- Up-to-date symlink: /home/csrobot/flexbe_ws/install/tm5x-700_moveit_config/share/tm5x-700_moveit_config/launch/tm5x-700_run_move_group.launch.py
-- Up-to-date symlink: /home/csrobot/flexbe_ws/install/tm5x-700_moveit_config/share/tm5x-700_moveit_config/launch/warehouse_db.launch.py
-- Up-to-date symlink: /home/csrobot/flexbe_ws/install/tm5x-700_moveit_config/share/tm5x-700_moveit_config/config/chomp_planning.yaml
-- Up-to-date symlink: /home/csrobot/flexbe_ws/install/tm5x-700_moveit_config/share/tm5x-700_moveit_config/config/controllers.yaml
-- Up-to-date symlink: /home/csrobot/flexbe_ws/install/tm5x-700_moveit_config/share/tm5x-700_moveit_config/config/initial_positions.yaml
-- Up-to-date symlink: /home/csrobot/flexbe_ws/install/tm5x-700_moveit_config/share/tm5x-700_moveit_config/config/joint_limits.yaml
-- Up-to-date symlink: /home/csrobot/flexbe_ws/install/tm5x-700_moveit_config/share/tm5x-700_moveit_config/config/kinematics.yaml
-- Up-to-date symlink: /home/csrobot/flexbe_ws/install/tm5x-700_moveit_config/share/tm5x-700_moveit_config/config/moveit.rviz
-- Up-to-date symlink: /home/csrobot/flexbe_ws/install/tm5x-700_moveit_config/share/tm5x-700_moveit_config/config/moveit2_controllers.yaml
-- Up-to-date symlink: /home/csrobot/flexbe_ws/install/tm5x-700_moveit_config/share/tm5x-700_moveit_config/config/moveit_controllers.yaml
-- Up-to-date symlink: /home/csrobot/flexbe_ws/install/tm5x-700_moveit_config/share/tm5x-700_moveit_config/config/ompl_planning.yaml
-- Up-to-date symlink: /home/csrobot/flexbe_ws/install/tm5x-700_moveit_config/share/tm5x-700_moveit_config/config/pilz_cartesian_limits.yaml
-- Up-to-date symlink: /home/csrobot/flexbe_ws/install/tm5x-700_moveit_config/share/tm5x-700_moveit_config/config/pilz_industrial_motion_planner_planning.yaml
-- Up-to-date symlink: /home/csrobot/flexbe_ws/install/tm5x-700_moveit_config/share/tm5x-700_moveit_config/config/ros2_controllers.yaml
-- Up-to-date symlink: /home/csrobot/flexbe_ws/install/tm5x-700_moveit_config/share/tm5x-700_moveit_config/config/sensors_3d.yaml
-- Up-to-date symlink: /home/csrobot/flexbe_ws/install/tm5x-700_moveit_config/share/tm5x-700_moveit_config/config/tm5x-700.ros2_control.xacro
-- Up-to-date symlink: /home/csrobot/flexbe_ws/install/tm5x-700_moveit_config/share/tm5x-700_moveit_config/config/tm5x-700.srdf
-- Up-to-date symlink: /home/csrobot/flexbe_ws/install/tm5x-700_moveit_config/share/tm5x-700_moveit_config/config/tm5x-700.urdf.xacro
-- Up-to-date symlink: /home/csrobot/flexbe_ws/install/tm5x-700_moveit_config/share/tm5x-700_moveit_config/rviz/moveit.rviz
-- Up-to-date symlink: /home/csrobot/flexbe_ws/install/tm5x-700_moveit_config/share/tm5x-700_moveit_config/.setup_assistant
