[  0%] [34m[1mGenerating type hashes for ROS interfaces[0m
[  0%] Built target ament_cmake_python_symlink_flexbe_msgs
running egg_info
creating flexbe_msgs.egg-info
writing flexbe_msgs.egg-info/PKG-INFO
writing dependency_links to flexbe_msgs.egg-info/dependency_links.txt
writing top-level names to flexbe_msgs.egg-info/top_level.txt
writing manifest file 'flexbe_msgs.egg-info/SOURCES.txt'
reading manifest file 'flexbe_msgs.egg-info/SOURCES.txt'
writing manifest file 'flexbe_msgs.egg-info/SOURCES.txt'
[  0%] Built target ament_cmake_python_build_flexbe_msgs_egg
[  0%] Built target flexbe_msgs__rosidl_generator_type_description
[  1%] [34m[1mGenerating C code for ROS interfaces[0m
[  1%] [34m[1mGenerating C++ code for ROS interfaces[0m
[  1%] Built target flexbe_msgs__cpp
[  1%] [32mBuilding C object CMakeFiles/flexbe_msgs__rosidl_generator_c.dir/rosidl_generator_c/flexbe_msgs/msg/detail/be_status__description.c.o[0m
[  2%] [32mBuilding C object CMakeFiles/flexbe_msgs__rosidl_generator_c.dir/rosidl_generator_c/flexbe_msgs/msg/detail/be_status__functions.c.o[0m
[  2%] [32mBuilding C object CMakeFiles/flexbe_msgs__rosidl_generator_c.dir/rosidl_generator_c/flexbe_msgs/msg/detail/be_status__type_support.c.o[0m
[  3%] [32mBuilding C object CMakeFiles/flexbe_msgs__rosidl_generator_c.dir/rosidl_generator_c/flexbe_msgs/msg/detail/behavior_log__functions.c.o[0m
[  3%] [32mBuilding C object CMakeFiles/flexbe_msgs__rosidl_generator_c.dir/rosidl_generator_c/flexbe_msgs/msg/detail/behavior_log__description.c.o[0m
[  3%] [32mBuilding C object CMakeFiles/flexbe_msgs__rosidl_generator_c.dir/rosidl_generator_c/flexbe_msgs/msg/detail/behavior_log__type_support.c.o[0m
[  4%] [32mBuilding C object CMakeFiles/flexbe_msgs__rosidl_generator_c.dir/rosidl_generator_c/flexbe_msgs/msg/detail/behavior_modification__description.c.o[0m
[  4%] [32mBuilding C object CMakeFiles/flexbe_msgs__rosidl_generator_c.dir/rosidl_generator_c/flexbe_msgs/msg/detail/behavior_modification__functions.c.o[0m
[  5%] [32mBuilding C object CMakeFiles/flexbe_msgs__rosidl_generator_c.dir/rosidl_generator_c/flexbe_msgs/msg/detail/behavior_modification__type_support.c.o[0m
[  5%] [32mBuilding C object CMakeFiles/flexbe_msgs__rosidl_generator_c.dir/rosidl_generator_c/flexbe_msgs/msg/detail/behavior_request__description.c.o[0m
[  5%] [32mBuilding C object CMakeFiles/flexbe_msgs__rosidl_generator_c.dir/rosidl_generator_c/flexbe_msgs/msg/detail/behavior_request__functions.c.o[0m
[  6%] [32mBuilding C object CMakeFiles/flexbe_msgs__rosidl_generator_c.dir/rosidl_generator_c/flexbe_msgs/msg/detail/behavior_selection__description.c.o[0m
[  6%] [32mBuilding C object CMakeFiles/flexbe_msgs__rosidl_generator_c.dir/rosidl_generator_c/flexbe_msgs/msg/detail/behavior_request__type_support.c.o[0m
[  7%] [32mBuilding C object CMakeFiles/flexbe_msgs__rosidl_generator_c.dir/rosidl_generator_c/flexbe_msgs/msg/detail/behavior_selection__functions.c.o[0m
[  7%] [32mBuilding C object CMakeFiles/flexbe_msgs__rosidl_generator_c.dir/rosidl_generator_c/flexbe_msgs/msg/detail/behavior_selection__type_support.c.o[0m
[  8%] [32mBuilding C object CMakeFiles/flexbe_msgs__rosidl_generator_c.dir/rosidl_generator_c/flexbe_msgs/msg/detail/behavior_sync__description.c.o[0m
[  8%] [32mBuilding C object CMakeFiles/flexbe_msgs__rosidl_generator_c.dir/rosidl_generator_c/flexbe_msgs/msg/detail/behavior_sync__functions.c.o[0m
[  8%] [32mBuilding C object CMakeFiles/flexbe_msgs__rosidl_generator_c.dir/rosidl_generator_c/flexbe_msgs/msg/detail/behavior_sync__type_support.c.o[0m
[  9%] [32mBuilding C object CMakeFiles/flexbe_msgs__rosidl_generator_c.dir/rosidl_generator_c/flexbe_msgs/msg/detail/command_feedback__description.c.o[0m
[  9%] [32mBuilding C object CMakeFiles/flexbe_msgs__rosidl_generator_c.dir/rosidl_generator_c/flexbe_msgs/msg/detail/command_feedback__functions.c.o[0m
[ 10%] [32mBuilding C object CMakeFiles/flexbe_msgs__rosidl_generator_c.dir/rosidl_generator_c/flexbe_msgs/msg/detail/command_feedback__type_support.c.o[0m
[ 10%] [32mBuilding C object CMakeFiles/flexbe_msgs__rosidl_generator_c.dir/rosidl_generator_c/flexbe_msgs/msg/detail/container__description.c.o[0m
[ 11%] [32mBuilding C object CMakeFiles/flexbe_msgs__rosidl_generator_c.dir/rosidl_generator_c/flexbe_msgs/msg/detail/container__functions.c.o[0m
[ 11%] [32mBuilding C object CMakeFiles/flexbe_msgs__rosidl_generator_c.dir/rosidl_generator_c/flexbe_msgs/msg/detail/container__type_support.c.o[0m
[ 11%] [32mBuilding C object CMakeFiles/flexbe_msgs__rosidl_generator_c.dir/rosidl_generator_c/flexbe_msgs/msg/detail/container_structure__description.c.o[0m
[ 12%] [32mBuilding C object CMakeFiles/flexbe_msgs__rosidl_generator_c.dir/rosidl_generator_c/flexbe_msgs/msg/detail/container_structure__functions.c.o[0m
[ 12%] [32mBuilding C object CMakeFiles/flexbe_msgs__rosidl_generator_c.dir/rosidl_generator_c/flexbe_msgs/msg/detail/container_structure__type_support.c.o[0m
[ 13%] [32mBuilding C object CMakeFiles/flexbe_msgs__rosidl_generator_c.dir/rosidl_generator_c/flexbe_msgs/msg/detail/outcome_condition__description.c.o[0m
[ 13%] [32mBuilding C object CMakeFiles/flexbe_msgs__rosidl_generator_c.dir/rosidl_generator_c/flexbe_msgs/msg/detail/outcome_condition__functions.c.o[0m
[ 14%] [32mBuilding C object CMakeFiles/flexbe_msgs__rosidl_generator_c.dir/rosidl_generator_c/flexbe_msgs/msg/detail/outcome_condition__type_support.c.o[0m
[ 14%] [32mBuilding C object CMakeFiles/flexbe_msgs__rosidl_generator_c.dir/rosidl_generator_c/flexbe_msgs/msg/detail/outcome_request__description.c.o[0m
[ 14%] [32mBuilding C object CMakeFiles/flexbe_msgs__rosidl_generator_c.dir/rosidl_generator_c/flexbe_msgs/msg/detail/outcome_request__functions.c.o[0m
[ 15%] [32mBuilding C object CMakeFiles/flexbe_msgs__rosidl_generator_c.dir/rosidl_generator_c/flexbe_msgs/msg/detail/outcome_request__type_support.c.o[0m
[ 15%] [32mBuilding C object CMakeFiles/flexbe_msgs__rosidl_generator_c.dir/rosidl_generator_c/flexbe_msgs/msg/detail/state_instantiation__description.c.o[0m
[ 16%] [32mBuilding C object CMakeFiles/flexbe_msgs__rosidl_generator_c.dir/rosidl_generator_c/flexbe_msgs/msg/detail/state_instantiation__functions.c.o[0m
[ 16%] [32mBuilding C object CMakeFiles/flexbe_msgs__rosidl_generator_c.dir/rosidl_generator_c/flexbe_msgs/msg/detail/state_instantiation__type_support.c.o[0m
[ 17%] [32mBuilding C object CMakeFiles/flexbe_msgs__rosidl_generator_c.dir/rosidl_generator_c/flexbe_msgs/msg/detail/state_map_msg__description.c.o[0m
[ 17%] [32mBuilding C object CMakeFiles/flexbe_msgs__rosidl_generator_c.dir/rosidl_generator_c/flexbe_msgs/msg/detail/state_map_msg__type_support.c.o[0m
[ 17%] [32mBuilding C object CMakeFiles/flexbe_msgs__rosidl_generator_c.dir/rosidl_generator_c/flexbe_msgs/msg/detail/state_map_msg__functions.c.o[0m
[ 18%] [32mBuilding C object CMakeFiles/flexbe_msgs__rosidl_generator_c.dir/rosidl_generator_c/flexbe_msgs/msg/detail/synthesis_error_codes__description.c.o[0m
[ 18%] [32mBuilding C object CMakeFiles/flexbe_msgs__rosidl_generator_c.dir/rosidl_generator_c/flexbe_msgs/msg/detail/synthesis_error_codes__functions.c.o[0m
[ 19%] [32mBuilding C object CMakeFiles/flexbe_msgs__rosidl_generator_c.dir/rosidl_generator_c/flexbe_msgs/msg/detail/synthesis_error_codes__type_support.c.o[0m
[ 19%] [32mBuilding C object CMakeFiles/flexbe_msgs__rosidl_generator_c.dir/rosidl_generator_c/flexbe_msgs/msg/detail/synthesis_request__description.c.o[0m
[ 19%] [32mBuilding C object CMakeFiles/flexbe_msgs__rosidl_generator_c.dir/rosidl_generator_c/flexbe_msgs/msg/detail/synthesis_request__type_support.c.o[0m
[ 20%] [32mBuilding C object CMakeFiles/flexbe_msgs__rosidl_generator_c.dir/rosidl_generator_c/flexbe_msgs/msg/detail/synthesis_request__functions.c.o[0m
[ 20%] [32mBuilding C object CMakeFiles/flexbe_msgs__rosidl_generator_c.dir/rosidl_generator_c/flexbe_msgs/msg/detail/ui_command__description.c.o[0m
[ 21%] [32mBuilding C object CMakeFiles/flexbe_msgs__rosidl_generator_c.dir/rosidl_generator_c/flexbe_msgs/msg/detail/ui_command__functions.c.o[0m
[ 22%] [32mBuilding C object CMakeFiles/flexbe_msgs__rosidl_generator_c.dir/rosidl_generator_c/flexbe_msgs/msg/detail/userdata_info__description.c.o[0m
[ 22%] [32mBuilding C object CMakeFiles/flexbe_msgs__rosidl_generator_c.dir/rosidl_generator_c/flexbe_msgs/msg/detail/ui_command__type_support.c.o[0m
[ 23%] [32mBuilding C object CMakeFiles/flexbe_msgs__rosidl_generator_c.dir/rosidl_generator_c/flexbe_msgs/msg/detail/userdata_info__type_support.c.o[0m
[ 23%] [32mBuilding C object CMakeFiles/flexbe_msgs__rosidl_generator_c.dir/rosidl_generator_c/flexbe_msgs/msg/detail/userdata_info__functions.c.o[0m
[ 23%] [32mBuilding C object CMakeFiles/flexbe_msgs__rosidl_generator_c.dir/rosidl_generator_c/flexbe_msgs/action/detail/behavior_input__description.c.o[0m
[ 23%] [32mBuilding C object CMakeFiles/flexbe_msgs__rosidl_generator_c.dir/rosidl_generator_c/flexbe_msgs/action/detail/behavior_input__functions.c.o[0m
[ 24%] [32mBuilding C object CMakeFiles/flexbe_msgs__rosidl_generator_c.dir/rosidl_generator_c/flexbe_msgs/action/detail/behavior_input__type_support.c.o[0m
[ 24%] [32mBuilding C object CMakeFiles/flexbe_msgs__rosidl_generator_c.dir/rosidl_generator_c/flexbe_msgs/action/detail/behavior_execution__description.c.o[0m
[ 25%] [32mBuilding C object CMakeFiles/flexbe_msgs__rosidl_generator_c.dir/rosidl_generator_c/flexbe_msgs/action/detail/behavior_execution__functions.c.o[0m
[ 25%] [32mBuilding C object CMakeFiles/flexbe_msgs__rosidl_generator_c.dir/rosidl_generator_c/flexbe_msgs/action/detail/behavior_execution__type_support.c.o[0m
[ 26%] [32mBuilding C object CMakeFiles/flexbe_msgs__rosidl_generator_c.dir/rosidl_generator_c/flexbe_msgs/action/detail/behavior_synthesis__description.c.o[0m
[ 26%] [32mBuilding C object CMakeFiles/flexbe_msgs__rosidl_generator_c.dir/rosidl_generator_c/flexbe_msgs/action/detail/behavior_synthesis__functions.c.o[0m
[ 26%] [32mBuilding C object CMakeFiles/flexbe_msgs__rosidl_generator_c.dir/rosidl_generator_c/flexbe_msgs/action/detail/behavior_synthesis__type_support.c.o[0m
[ 27%] [32mBuilding C object CMakeFiles/flexbe_msgs__rosidl_generator_c.dir/rosidl_generator_c/flexbe_msgs/srv/detail/get_userdata__description.c.o[0m
[ 27%] [32mBuilding C object CMakeFiles/flexbe_msgs__rosidl_generator_c.dir/rosidl_generator_c/flexbe_msgs/srv/detail/get_userdata__functions.c.o[0m
[ 28%] [32mBuilding C object CMakeFiles/flexbe_msgs__rosidl_generator_c.dir/rosidl_generator_c/flexbe_msgs/srv/detail/get_userdata__type_support.c.o[0m
[ 28%] [32m[1mLinking C shared library libflexbe_msgs__rosidl_generator_c.so[0m
[ 28%] Built target flexbe_msgs__rosidl_generator_c
[ 28%] [34m[1mGenerating C type support for eProsima Fast-RTPS[0m
[ 29%] [34m[1mGenerating C++ type support for eProsima Fast-RTPS[0m
[ 29%] [34m[1mGenerating C type support dispatch for ROS interfaces[0m
[ 30%] [34m[1mGenerating C++ introspection for ROS interfaces[0m
[ 30%] [34m[1mGenerating C++ type support dispatch for ROS interfaces[0m
[ 31%] [34m[1mGenerating C introspection for ROS interfaces[0m
[ 31%] [32mBuilding CXX object CMakeFiles/flexbe_msgs__rosidl_typesupport_c.dir/rosidl_typesupport_c/flexbe_msgs/msg/behavior_log__type_support.cpp.o[0m
[ 32%] [32mBuilding CXX object CMakeFiles/flexbe_msgs__rosidl_typesupport_c.dir/rosidl_typesupport_c/flexbe_msgs/msg/be_status__type_support.cpp.o[0m
[ 33%] [32mBuilding CXX object CMakeFiles/flexbe_msgs__rosidl_typesupport_c.dir/rosidl_typesupport_c/flexbe_msgs/msg/behavior_modification__type_support.cpp.o[0m
[ 34%] [32mBuilding CXX object CMakeFiles/flexbe_msgs__rosidl_typesupport_c.dir/rosidl_typesupport_c/flexbe_msgs/msg/behavior_request__type_support.cpp.o[0m
[ 34%] [32mBuilding CXX object CMakeFiles/flexbe_msgs__rosidl_typesupport_c.dir/rosidl_typesupport_c/flexbe_msgs/msg/behavior_selection__type_support.cpp.o[0m
[ 34%] [32mBuilding CXX object CMakeFiles/flexbe_msgs__rosidl_typesupport_c.dir/rosidl_typesupport_c/flexbe_msgs/msg/behavior_sync__type_support.cpp.o[0m
[ 34%] [32mBuilding CXX object CMakeFiles/flexbe_msgs__rosidl_typesupport_c.dir/rosidl_typesupport_c/flexbe_msgs/msg/command_feedback__type_support.cpp.o[0m
[ 35%] [32mBuilding CXX object CMakeFiles/flexbe_msgs__rosidl_typesupport_c.dir/rosidl_typesupport_c/flexbe_msgs/msg/container__type_support.cpp.o[0m
[ 35%] [32mBuilding CXX object CMakeFiles/flexbe_msgs__rosidl_typesupport_c.dir/rosidl_typesupport_c/flexbe_msgs/msg/container_structure__type_support.cpp.o[0m
[ 36%] [32mBuilding CXX object CMakeFiles/flexbe_msgs__rosidl_typesupport_c.dir/rosidl_typesupport_c/flexbe_msgs/msg/outcome_condition__type_support.cpp.o[0m
[ 36%] [32mBuilding CXX object CMakeFiles/flexbe_msgs__rosidl_typesupport_c.dir/rosidl_typesupport_c/flexbe_msgs/msg/outcome_request__type_support.cpp.o[0m
[ 37%] [32mBuilding CXX object CMakeFiles/flexbe_msgs__rosidl_typesupport_c.dir/rosidl_typesupport_c/flexbe_msgs/msg/state_instantiation__type_support.cpp.o[0m
[ 37%] [32mBuilding CXX object CMakeFiles/flexbe_msgs__rosidl_typesupport_c.dir/rosidl_typesupport_c/flexbe_msgs/msg/state_map_msg__type_support.cpp.o[0m
[ 37%] [32mBuilding CXX object CMakeFiles/flexbe_msgs__rosidl_typesupport_c.dir/rosidl_typesupport_c/flexbe_msgs/msg/synthesis_error_codes__type_support.cpp.o[0m
[ 38%] [32mBuilding CXX object CMakeFiles/flexbe_msgs__rosidl_typesupport_c.dir/rosidl_typesupport_c/flexbe_msgs/msg/synthesis_request__type_support.cpp.o[0m
[ 38%] [32mBuilding CXX object CMakeFiles/flexbe_msgs__rosidl_typesupport_c.dir/rosidl_typesupport_c/flexbe_msgs/msg/ui_command__type_support.cpp.o[0m
[ 39%] [32mBuilding CXX object CMakeFiles/flexbe_msgs__rosidl_typesupport_c.dir/rosidl_typesupport_c/flexbe_msgs/msg/userdata_info__type_support.cpp.o[0m
[ 39%] [32mBuilding CXX object CMakeFiles/flexbe_msgs__rosidl_typesupport_c.dir/rosidl_typesupport_c/flexbe_msgs/action/behavior_synthesis__type_support.cpp.o[0m
[ 39%] [32mBuilding CXX object CMakeFiles/flexbe_msgs__rosidl_typesupport_c.dir/rosidl_typesupport_c/flexbe_msgs/action/behavior_input__type_support.cpp.o[0m
[ 40%] [32mBuilding CXX object CMakeFiles/flexbe_msgs__rosidl_typesupport_c.dir/rosidl_typesupport_c/flexbe_msgs/action/behavior_execution__type_support.cpp.o[0m
[ 40%] [32mBuilding CXX object CMakeFiles/flexbe_msgs__rosidl_typesupport_c.dir/rosidl_typesupport_c/flexbe_msgs/srv/get_userdata__type_support.cpp.o[0m
[ 41%] [32m[1mLinking CXX shared library libflexbe_msgs__rosidl_typesupport_c.so[0m
[ 42%] [32mBuilding CXX object CMakeFiles/flexbe_msgs__rosidl_typesupport_cpp.dir/rosidl_typesupport_cpp/flexbe_msgs/msg/be_status__type_support.cpp.o[0m
[ 42%] [32mBuilding CXX object CMakeFiles/flexbe_msgs__rosidl_typesupport_cpp.dir/rosidl_typesupport_cpp/flexbe_msgs/msg/behavior_log__type_support.cpp.o[0m
[ 43%] [32mBuilding CXX object CMakeFiles/flexbe_msgs__rosidl_typesupport_cpp.dir/rosidl_typesupport_cpp/flexbe_msgs/msg/behavior_modification__type_support.cpp.o[0m
[ 43%] Built target flexbe_msgs__rosidl_typesupport_c
[ 43%] [32mBuilding CXX object CMakeFiles/flexbe_msgs__rosidl_typesupport_cpp.dir/rosidl_typesupport_cpp/flexbe_msgs/msg/behavior_request__type_support.cpp.o[0m
[ 44%] [32mBuilding CXX object CMakeFiles/flexbe_msgs__rosidl_typesupport_cpp.dir/rosidl_typesupport_cpp/flexbe_msgs/msg/behavior_selection__type_support.cpp.o[0m
[ 44%] [32mBuilding CXX object CMakeFiles/flexbe_msgs__rosidl_typesupport_cpp.dir/rosidl_typesupport_cpp/flexbe_msgs/msg/behavior_sync__type_support.cpp.o[0m
[ 44%] [32mBuilding CXX object CMakeFiles/flexbe_msgs__rosidl_typesupport_cpp.dir/rosidl_typesupport_cpp/flexbe_msgs/msg/command_feedback__type_support.cpp.o[0m
[ 45%] [32mBuilding CXX object CMakeFiles/flexbe_msgs__rosidl_typesupport_cpp.dir/rosidl_typesupport_cpp/flexbe_msgs/msg/container__type_support.cpp.o[0m
[ 45%] [32mBuilding CXX object CMakeFiles/flexbe_msgs__rosidl_typesupport_introspection_cpp.dir/rosidl_typesupport_introspection_cpp/flexbe_msgs/msg/detail/be_status__type_support.cpp.o[0m
[ 45%] [32mBuilding C object CMakeFiles/flexbe_msgs__rosidl_typesupport_introspection_c.dir/rosidl_typesupport_introspection_c/flexbe_msgs/msg/detail/be_status__type_support.c.o[0m
[ 45%] [32mBuilding CXX object CMakeFiles/flexbe_msgs__rosidl_typesupport_cpp.dir/rosidl_typesupport_cpp/flexbe_msgs/msg/container_structure__type_support.cpp.o[0m
[ 46%] [32mBuilding C object CMakeFiles/flexbe_msgs__rosidl_typesupport_introspection_c.dir/rosidl_typesupport_introspection_c/flexbe_msgs/msg/detail/behavior_log__type_support.c.o[0m
[ 46%] [32mBuilding C object CMakeFiles/flexbe_msgs__rosidl_typesupport_introspection_c.dir/rosidl_typesupport_introspection_c/flexbe_msgs/msg/detail/behavior_modification__type_support.c.o[0m
[ 46%] [32mBuilding CXX object CMakeFiles/flexbe_msgs__rosidl_typesupport_introspection_cpp.dir/rosidl_typesupport_introspection_cpp/flexbe_msgs/msg/detail/behavior_log__type_support.cpp.o[0m
[ 47%] [32mBuilding CXX object CMakeFiles/flexbe_msgs__rosidl_typesupport_introspection_cpp.dir/rosidl_typesupport_introspection_cpp/flexbe_msgs/msg/detail/behavior_modification__type_support.cpp.o[0m
[ 47%] [32mBuilding CXX object CMakeFiles/flexbe_msgs__rosidl_typesupport_cpp.dir/rosidl_typesupport_cpp/flexbe_msgs/msg/outcome_condition__type_support.cpp.o[0m
[ 47%] [32mBuilding C object CMakeFiles/flexbe_msgs__rosidl_typesupport_introspection_c.dir/rosidl_typesupport_introspection_c/flexbe_msgs/msg/detail/behavior_request__type_support.c.o[0m
[ 48%] [32mBuilding CXX object CMakeFiles/flexbe_msgs__rosidl_typesupport_cpp.dir/rosidl_typesupport_cpp/flexbe_msgs/msg/outcome_request__type_support.cpp.o[0m
[ 49%] [32mBuilding C object CMakeFiles/flexbe_msgs__rosidl_typesupport_introspection_c.dir/rosidl_typesupport_introspection_c/flexbe_msgs/msg/detail/behavior_selection__type_support.c.o[0m
[ 49%] [32mBuilding C object CMakeFiles/flexbe_msgs__rosidl_typesupport_introspection_c.dir/rosidl_typesupport_introspection_c/flexbe_msgs/msg/detail/behavior_sync__type_support.c.o[0m
[ 50%] [32mBuilding C object CMakeFiles/flexbe_msgs__rosidl_typesupport_introspection_c.dir/rosidl_typesupport_introspection_c/flexbe_msgs/msg/detail/command_feedback__type_support.c.o[0m
[ 50%] [32mBuilding C object CMakeFiles/flexbe_msgs__rosidl_typesupport_introspection_c.dir/rosidl_typesupport_introspection_c/flexbe_msgs/msg/detail/container__type_support.c.o[0m
[ 50%] [32mBuilding CXX object CMakeFiles/flexbe_msgs__rosidl_typesupport_fastrtps_cpp.dir/rosidl_typesupport_fastrtps_cpp/flexbe_msgs/msg/detail/dds_fastrtps/be_status__type_support.cpp.o[0m
[ 50%] [32mBuilding CXX object CMakeFiles/flexbe_msgs__rosidl_typesupport_introspection_cpp.dir/rosidl_typesupport_introspection_cpp/flexbe_msgs/msg/detail/behavior_request__type_support.cpp.o[0m
[ 51%] [32mBuilding C object CMakeFiles/flexbe_msgs__rosidl_typesupport_introspection_c.dir/rosidl_typesupport_introspection_c/flexbe_msgs/msg/detail/container_structure__type_support.c.o[0m
[ 51%] [32mBuilding C object CMakeFiles/flexbe_msgs__rosidl_typesupport_introspection_c.dir/rosidl_typesupport_introspection_c/flexbe_msgs/msg/detail/outcome_condition__type_support.c.o[0m
[ 51%] [32mBuilding CXX object CMakeFiles/flexbe_msgs__rosidl_typesupport_cpp.dir/rosidl_typesupport_cpp/flexbe_msgs/msg/state_instantiation__type_support.cpp.o[0m
[ 52%] [32mBuilding CXX object CMakeFiles/flexbe_msgs__rosidl_typesupport_introspection_cpp.dir/rosidl_typesupport_introspection_cpp/flexbe_msgs/msg/detail/behavior_selection__type_support.cpp.o[0m
[ 52%] [32mBuilding C object CMakeFiles/flexbe_msgs__rosidl_typesupport_introspection_c.dir/rosidl_typesupport_introspection_c/flexbe_msgs/msg/detail/outcome_request__type_support.c.o[0m
[ 53%] [32mBuilding CXX object CMakeFiles/flexbe_msgs__rosidl_typesupport_fastrtps_cpp.dir/rosidl_typesupport_fastrtps_cpp/flexbe_msgs/msg/detail/dds_fastrtps/behavior_log__type_support.cpp.o[0m
[ 54%] [32mBuilding C object CMakeFiles/flexbe_msgs__rosidl_typesupport_introspection_c.dir/rosidl_typesupport_introspection_c/flexbe_msgs/msg/detail/state_instantiation__type_support.c.o[0m
[ 55%] [32mBuilding CXX object CMakeFiles/flexbe_msgs__rosidl_typesupport_cpp.dir/rosidl_typesupport_cpp/flexbe_msgs/msg/state_map_msg__type_support.cpp.o[0m
[ 55%] [32mBuilding C object CMakeFiles/flexbe_msgs__rosidl_typesupport_introspection_c.dir/rosidl_typesupport_introspection_c/flexbe_msgs/msg/detail/state_map_msg__type_support.c.o[0m
[ 56%] [32mBuilding C object CMakeFiles/flexbe_msgs__rosidl_typesupport_introspection_c.dir/rosidl_typesupport_introspection_c/flexbe_msgs/msg/detail/synthesis_error_codes__type_support.c.o[0m
[ 56%] [32mBuilding CXX object CMakeFiles/flexbe_msgs__rosidl_typesupport_fastrtps_cpp.dir/rosidl_typesupport_fastrtps_cpp/flexbe_msgs/msg/detail/dds_fastrtps/behavior_modification__type_support.cpp.o[0m
[ 56%] [32mBuilding C object CMakeFiles/flexbe_msgs__rosidl_typesupport_introspection_c.dir/rosidl_typesupport_introspection_c/flexbe_msgs/msg/detail/synthesis_request__type_support.c.o[0m
[ 57%] [32mBuilding C object CMakeFiles/flexbe_msgs__rosidl_typesupport_introspection_c.dir/rosidl_typesupport_introspection_c/flexbe_msgs/msg/detail/ui_command__type_support.c.o[0m
[ 57%] [32mBuilding C object CMakeFiles/flexbe_msgs__rosidl_typesupport_introspection_c.dir/rosidl_typesupport_introspection_c/flexbe_msgs/msg/detail/userdata_info__type_support.c.o[0m
[ 57%] [32mBuilding C object CMakeFiles/flexbe_msgs__rosidl_typesupport_introspection_c.dir/rosidl_typesupport_introspection_c/flexbe_msgs/action/detail/behavior_input__type_support.c.o[0m
[ 57%] [32mBuilding CXX object CMakeFiles/flexbe_msgs__rosidl_typesupport_cpp.dir/rosidl_typesupport_cpp/flexbe_msgs/msg/synthesis_error_codes__type_support.cpp.o[0m
[ 58%] [32mBuilding CXX object CMakeFiles/flexbe_msgs__rosidl_typesupport_cpp.dir/rosidl_typesupport_cpp/flexbe_msgs/msg/synthesis_request__type_support.cpp.o[0m
[ 59%] [32mBuilding C object CMakeFiles/flexbe_msgs__rosidl_typesupport_introspection_c.dir/rosidl_typesupport_introspection_c/flexbe_msgs/action/detail/behavior_execution__type_support.c.o[0m
[ 59%] [32mBuilding CXX object CMakeFiles/flexbe_msgs__rosidl_typesupport_cpp.dir/rosidl_typesupport_cpp/flexbe_msgs/msg/ui_command__type_support.cpp.o[0m
[ 59%] [32mBuilding CXX object CMakeFiles/flexbe_msgs__rosidl_typesupport_fastrtps_c.dir/rosidl_typesupport_fastrtps_c/flexbe_msgs/msg/detail/be_status__type_support_c.cpp.o[0m
[ 59%] [32mBuilding C object CMakeFiles/flexbe_msgs__rosidl_typesupport_introspection_c.dir/rosidl_typesupport_introspection_c/flexbe_msgs/action/detail/behavior_synthesis__type_support.c.o[0m
[ 59%] [32mBuilding CXX object CMakeFiles/flexbe_msgs__rosidl_typesupport_introspection_cpp.dir/rosidl_typesupport_introspection_cpp/flexbe_msgs/msg/detail/behavior_sync__type_support.cpp.o[0m
[ 60%] [32mBuilding CXX object CMakeFiles/flexbe_msgs__rosidl_typesupport_fastrtps_cpp.dir/rosidl_typesupport_fastrtps_cpp/flexbe_msgs/msg/detail/dds_fastrtps/behavior_request__type_support.cpp.o[0m
[ 61%] [32mBuilding C object CMakeFiles/flexbe_msgs__rosidl_typesupport_introspection_c.dir/rosidl_typesupport_introspection_c/flexbe_msgs/srv/detail/get_userdata__type_support.c.o[0m
[ 61%] [32m[1mLinking C shared library libflexbe_msgs__rosidl_typesupport_introspection_c.so[0m
[ 61%] [32mBuilding CXX object CMakeFiles/flexbe_msgs__rosidl_typesupport_cpp.dir/rosidl_typesupport_cpp/flexbe_msgs/msg/userdata_info__type_support.cpp.o[0m
[ 62%] [32mBuilding CXX object CMakeFiles/flexbe_msgs__rosidl_typesupport_cpp.dir/rosidl_typesupport_cpp/flexbe_msgs/action/behavior_input__type_support.cpp.o[0m
[ 63%] [32mBuilding CXX object CMakeFiles/flexbe_msgs__rosidl_typesupport_fastrtps_c.dir/rosidl_typesupport_fastrtps_c/flexbe_msgs/msg/detail/behavior_log__type_support_c.cpp.o[0m
[ 63%] Built target flexbe_msgs__rosidl_typesupport_introspection_c
[ 64%] [32mBuilding CXX object CMakeFiles/flexbe_msgs__rosidl_typesupport_introspection_cpp.dir/rosidl_typesupport_introspection_cpp/flexbe_msgs/msg/detail/command_feedback__type_support.cpp.o[0m
[ 64%] [32mBuilding CXX object CMakeFiles/flexbe_msgs__rosidl_typesupport_cpp.dir/rosidl_typesupport_cpp/flexbe_msgs/action/behavior_execution__type_support.cpp.o[0m
[ 64%] [32mBuilding CXX object CMakeFiles/flexbe_msgs__rosidl_typesupport_introspection_cpp.dir/rosidl_typesupport_introspection_cpp/flexbe_msgs/msg/detail/container__type_support.cpp.o[0m
[ 64%] [32mBuilding CXX object CMakeFiles/flexbe_msgs__rosidl_typesupport_fastrtps_cpp.dir/rosidl_typesupport_fastrtps_cpp/flexbe_msgs/msg/detail/dds_fastrtps/behavior_selection__type_support.cpp.o[0m
[ 65%] [32mBuilding CXX object CMakeFiles/flexbe_msgs__rosidl_typesupport_cpp.dir/rosidl_typesupport_cpp/flexbe_msgs/action/behavior_synthesis__type_support.cpp.o[0m
[ 65%] [32mBuilding CXX object CMakeFiles/flexbe_msgs__rosidl_typesupport_fastrtps_c.dir/rosidl_typesupport_fastrtps_c/flexbe_msgs/msg/detail/behavior_modification__type_support_c.cpp.o[0m
[ 65%] [32mBuilding CXX object CMakeFiles/flexbe_msgs__rosidl_typesupport_cpp.dir/rosidl_typesupport_cpp/flexbe_msgs/srv/get_userdata__type_support.cpp.o[0m
[ 65%] [32mBuilding CXX object CMakeFiles/flexbe_msgs__rosidl_typesupport_introspection_cpp.dir/rosidl_typesupport_introspection_cpp/flexbe_msgs/msg/detail/container_structure__type_support.cpp.o[0m
[ 66%] [32mBuilding CXX object CMakeFiles/flexbe_msgs__rosidl_typesupport_introspection_cpp.dir/rosidl_typesupport_introspection_cpp/flexbe_msgs/msg/detail/outcome_condition__type_support.cpp.o[0m
[ 66%] [32mBuilding CXX object CMakeFiles/flexbe_msgs__rosidl_typesupport_fastrtps_cpp.dir/rosidl_typesupport_fastrtps_cpp/flexbe_msgs/msg/detail/dds_fastrtps/behavior_sync__type_support.cpp.o[0m
[ 67%] [32mBuilding CXX object CMakeFiles/flexbe_msgs__rosidl_typesupport_fastrtps_cpp.dir/rosidl_typesupport_fastrtps_cpp/flexbe_msgs/msg/detail/dds_fastrtps/command_feedback__type_support.cpp.o[0m
[ 67%] [32mBuilding CXX object CMakeFiles/flexbe_msgs__rosidl_typesupport_fastrtps_cpp.dir/rosidl_typesupport_fastrtps_cpp/flexbe_msgs/msg/detail/dds_fastrtps/container__type_support.cpp.o[0m
[ 68%] [32mBuilding CXX object CMakeFiles/flexbe_msgs__rosidl_typesupport_fastrtps_cpp.dir/rosidl_typesupport_fastrtps_cpp/flexbe_msgs/msg/detail/dds_fastrtps/container_structure__type_support.cpp.o[0m
[ 69%] [32mBuilding CXX object CMakeFiles/flexbe_msgs__rosidl_typesupport_fastrtps_c.dir/rosidl_typesupport_fastrtps_c/flexbe_msgs/msg/detail/behavior_request__type_support_c.cpp.o[0m
[ 69%] [32mBuilding CXX object CMakeFiles/flexbe_msgs__rosidl_typesupport_introspection_cpp.dir/rosidl_typesupport_introspection_cpp/flexbe_msgs/msg/detail/outcome_request__type_support.cpp.o[0m
[ 69%] [32mBuilding CXX object CMakeFiles/flexbe_msgs__rosidl_typesupport_fastrtps_c.dir/rosidl_typesupport_fastrtps_c/flexbe_msgs/msg/detail/behavior_selection__type_support_c.cpp.o[0m
[ 70%] [32m[1mLinking CXX shared library libflexbe_msgs__rosidl_typesupport_cpp.so[0m
[ 71%] [32mBuilding CXX object CMakeFiles/flexbe_msgs__rosidl_typesupport_fastrtps_c.dir/rosidl_typesupport_fastrtps_c/flexbe_msgs/msg/detail/behavior_sync__type_support_c.cpp.o[0m
[ 71%] Built target flexbe_msgs__rosidl_typesupport_cpp
[ 71%] [32mBuilding CXX object CMakeFiles/flexbe_msgs__rosidl_typesupport_fastrtps_c.dir/rosidl_typesupport_fastrtps_c/flexbe_msgs/msg/detail/command_feedback__type_support_c.cpp.o[0m
[ 72%] [32mBuilding CXX object CMakeFiles/flexbe_msgs__rosidl_typesupport_introspection_cpp.dir/rosidl_typesupport_introspection_cpp/flexbe_msgs/msg/detail/state_instantiation__type_support.cpp.o[0m
[ 72%] [32mBuilding CXX object CMakeFiles/flexbe_msgs__rosidl_typesupport_introspection_cpp.dir/rosidl_typesupport_introspection_cpp/flexbe_msgs/msg/detail/state_map_msg__type_support.cpp.o[0m
[ 72%] [32mBuilding CXX object CMakeFiles/flexbe_msgs__rosidl_typesupport_fastrtps_c.dir/rosidl_typesupport_fastrtps_c/flexbe_msgs/msg/detail/container__type_support_c.cpp.o[0m
[ 72%] [32mBuilding CXX object CMakeFiles/flexbe_msgs__rosidl_typesupport_fastrtps_cpp.dir/rosidl_typesupport_fastrtps_cpp/flexbe_msgs/msg/detail/dds_fastrtps/outcome_condition__type_support.cpp.o[0m
[ 73%] [32mBuilding CXX object CMakeFiles/flexbe_msgs__rosidl_typesupport_introspection_cpp.dir/rosidl_typesupport_introspection_cpp/flexbe_msgs/msg/detail/synthesis_error_codes__type_support.cpp.o[0m
[ 73%] [32mBuilding CXX object CMakeFiles/flexbe_msgs__rosidl_typesupport_introspection_cpp.dir/rosidl_typesupport_introspection_cpp/flexbe_msgs/msg/detail/synthesis_request__type_support.cpp.o[0m
[ 74%] [32mBuilding CXX object CMakeFiles/flexbe_msgs__rosidl_typesupport_fastrtps_c.dir/rosidl_typesupport_fastrtps_c/flexbe_msgs/msg/detail/container_structure__type_support_c.cpp.o[0m
[ 75%] [32mBuilding CXX object CMakeFiles/flexbe_msgs__rosidl_typesupport_fastrtps_cpp.dir/rosidl_typesupport_fastrtps_cpp/flexbe_msgs/msg/detail/dds_fastrtps/outcome_request__type_support.cpp.o[0m
[ 75%] [32mBuilding CXX object CMakeFiles/flexbe_msgs__rosidl_typesupport_introspection_cpp.dir/rosidl_typesupport_introspection_cpp/flexbe_msgs/msg/detail/ui_command__type_support.cpp.o[0m
[ 76%] [32mBuilding CXX object CMakeFiles/flexbe_msgs__rosidl_typesupport_introspection_cpp.dir/rosidl_typesupport_introspection_cpp/flexbe_msgs/msg/detail/userdata_info__type_support.cpp.o[0m
[ 76%] [32mBuilding CXX object CMakeFiles/flexbe_msgs__rosidl_typesupport_fastrtps_c.dir/rosidl_typesupport_fastrtps_c/flexbe_msgs/msg/detail/outcome_condition__type_support_c.cpp.o[0m
[ 76%] [32mBuilding CXX object CMakeFiles/flexbe_msgs__rosidl_typesupport_fastrtps_cpp.dir/rosidl_typesupport_fastrtps_cpp/flexbe_msgs/msg/detail/dds_fastrtps/state_instantiation__type_support.cpp.o[0m
[ 76%] [32mBuilding CXX object CMakeFiles/flexbe_msgs__rosidl_typesupport_introspection_cpp.dir/rosidl_typesupport_introspection_cpp/flexbe_msgs/action/detail/behavior_input__type_support.cpp.o[0m
[ 76%] [32mBuilding CXX object CMakeFiles/flexbe_msgs__rosidl_typesupport_fastrtps_cpp.dir/rosidl_typesupport_fastrtps_cpp/flexbe_msgs/msg/detail/dds_fastrtps/state_map_msg__type_support.cpp.o[0m
[ 77%] [32mBuilding CXX object CMakeFiles/flexbe_msgs__rosidl_typesupport_fastrtps_cpp.dir/rosidl_typesupport_fastrtps_cpp/flexbe_msgs/msg/detail/dds_fastrtps/synthesis_error_codes__type_support.cpp.o[0m
[ 78%] [32mBuilding CXX object CMakeFiles/flexbe_msgs__rosidl_typesupport_fastrtps_c.dir/rosidl_typesupport_fastrtps_c/flexbe_msgs/msg/detail/outcome_request__type_support_c.cpp.o[0m
[ 78%] [32mBuilding CXX object CMakeFiles/flexbe_msgs__rosidl_typesupport_fastrtps_c.dir/rosidl_typesupport_fastrtps_c/flexbe_msgs/msg/detail/state_instantiation__type_support_c.cpp.o[0m
[ 79%] [32mBuilding CXX object CMakeFiles/flexbe_msgs__rosidl_typesupport_introspection_cpp.dir/rosidl_typesupport_introspection_cpp/flexbe_msgs/action/detail/behavior_execution__type_support.cpp.o[0m
[ 79%] [32mBuilding CXX object CMakeFiles/flexbe_msgs__rosidl_typesupport_fastrtps_cpp.dir/rosidl_typesupport_fastrtps_cpp/flexbe_msgs/msg/detail/dds_fastrtps/synthesis_request__type_support.cpp.o[0m
[ 80%] [32mBuilding CXX object CMakeFiles/flexbe_msgs__rosidl_typesupport_fastrtps_cpp.dir/rosidl_typesupport_fastrtps_cpp/flexbe_msgs/msg/detail/dds_fastrtps/ui_command__type_support.cpp.o[0m
[ 80%] [32mBuilding CXX object CMakeFiles/flexbe_msgs__rosidl_typesupport_introspection_cpp.dir/rosidl_typesupport_introspection_cpp/flexbe_msgs/action/detail/behavior_synthesis__type_support.cpp.o[0m
[ 81%] [32mBuilding CXX object CMakeFiles/flexbe_msgs__rosidl_typesupport_fastrtps_c.dir/rosidl_typesupport_fastrtps_c/flexbe_msgs/msg/detail/state_map_msg__type_support_c.cpp.o[0m
[ 81%] [32mBuilding CXX object CMakeFiles/flexbe_msgs__rosidl_typesupport_fastrtps_cpp.dir/rosidl_typesupport_fastrtps_cpp/flexbe_msgs/msg/detail/dds_fastrtps/userdata_info__type_support.cpp.o[0m
[ 82%] [32mBuilding CXX object CMakeFiles/flexbe_msgs__rosidl_typesupport_introspection_cpp.dir/rosidl_typesupport_introspection_cpp/flexbe_msgs/srv/detail/get_userdata__type_support.cpp.o[0m
[ 82%] [32mBuilding CXX object CMakeFiles/flexbe_msgs__rosidl_typesupport_fastrtps_c.dir/rosidl_typesupport_fastrtps_c/flexbe_msgs/msg/detail/synthesis_error_codes__type_support_c.cpp.o[0m
[ 83%] [32mBuilding CXX object CMakeFiles/flexbe_msgs__rosidl_typesupport_fastrtps_cpp.dir/rosidl_typesupport_fastrtps_cpp/flexbe_msgs/action/detail/dds_fastrtps/behavior_input__type_support.cpp.o[0m
[ 83%] [32mBuilding CXX object CMakeFiles/flexbe_msgs__rosidl_typesupport_fastrtps_c.dir/rosidl_typesupport_fastrtps_c/flexbe_msgs/msg/detail/synthesis_request__type_support_c.cpp.o[0m
[ 84%] [32mBuilding CXX object CMakeFiles/flexbe_msgs__rosidl_typesupport_fastrtps_c.dir/rosidl_typesupport_fastrtps_c/flexbe_msgs/msg/detail/ui_command__type_support_c.cpp.o[0m
[ 84%] [32mBuilding CXX object CMakeFiles/flexbe_msgs__rosidl_typesupport_fastrtps_cpp.dir/rosidl_typesupport_fastrtps_cpp/flexbe_msgs/action/detail/dds_fastrtps/behavior_execution__type_support.cpp.o[0m
[ 84%] [32mBuilding CXX object CMakeFiles/flexbe_msgs__rosidl_typesupport_fastrtps_cpp.dir/rosidl_typesupport_fastrtps_cpp/flexbe_msgs/action/detail/dds_fastrtps/behavior_synthesis__type_support.cpp.o[0m
[ 84%] [32mBuilding CXX object CMakeFiles/flexbe_msgs__rosidl_typesupport_fastrtps_c.dir/rosidl_typesupport_fastrtps_c/flexbe_msgs/msg/detail/userdata_info__type_support_c.cpp.o[0m
[ 85%] [32mBuilding CXX object CMakeFiles/flexbe_msgs__rosidl_typesupport_fastrtps_cpp.dir/rosidl_typesupport_fastrtps_cpp/flexbe_msgs/srv/detail/dds_fastrtps/get_userdata__type_support.cpp.o[0m
[ 86%] [32mBuilding CXX object CMakeFiles/flexbe_msgs__rosidl_typesupport_fastrtps_c.dir/rosidl_typesupport_fastrtps_c/flexbe_msgs/action/detail/behavior_input__type_support_c.cpp.o[0m
[ 86%] [32mBuilding CXX object CMakeFiles/flexbe_msgs__rosidl_typesupport_fastrtps_c.dir/rosidl_typesupport_fastrtps_c/flexbe_msgs/action/detail/behavior_execution__type_support_c.cpp.o[0m
[ 86%] [32m[1mLinking CXX shared library libflexbe_msgs__rosidl_typesupport_introspection_cpp.so[0m
[ 86%] Built target flexbe_msgs__rosidl_typesupport_introspection_cpp
[ 87%] [32mBuilding CXX object CMakeFiles/flexbe_msgs__rosidl_typesupport_fastrtps_c.dir/rosidl_typesupport_fastrtps_c/flexbe_msgs/action/detail/behavior_synthesis__type_support_c.cpp.o[0m
[ 87%] [32mBuilding CXX object CMakeFiles/flexbe_msgs__rosidl_typesupport_fastrtps_c.dir/rosidl_typesupport_fastrtps_c/flexbe_msgs/srv/detail/get_userdata__type_support_c.cpp.o[0m
[ 87%] [32m[1mLinking CXX shared library libflexbe_msgs__rosidl_typesupport_fastrtps_c.so[0m
[ 87%] [32m[1mLinking CXX shared library libflexbe_msgs__rosidl_typesupport_fastrtps_cpp.so[0m
[ 87%] Built target flexbe_msgs__rosidl_typesupport_fastrtps_c
[ 87%] Built target flexbe_msgs__rosidl_typesupport_fastrtps_cpp
[ 87%] Built target flexbe_msgs
[ 87%] [34m[1mGenerating Python code for ROS interfaces[0m
[ 87%] Built target flexbe_msgs__py
[ 89%] [32mBuilding C object CMakeFiles/flexbe_msgs__rosidl_generator_py.dir/rosidl_generator_py/flexbe_msgs/msg/_behavior_request_s.c.o[0m
[ 89%] [32mBuilding C object CMakeFiles/flexbe_msgs__rosidl_generator_py.dir/rosidl_generator_py/flexbe_msgs/msg/_behavior_log_s.c.o[0m
[ 89%] [32mBuilding C object CMakeFiles/flexbe_msgs__rosidl_generator_py.dir/rosidl_generator_py/flexbe_msgs/msg/_behavior_selection_s.c.o[0m
[ 89%] [32mBuilding C object CMakeFiles/flexbe_msgs__rosidl_generator_py.dir/rosidl_generator_py/flexbe_msgs/msg/_be_status_s.c.o[0m
[ 90%] [32mBuilding C object CMakeFiles/flexbe_msgs__rosidl_generator_py.dir/rosidl_generator_py/flexbe_msgs/msg/_behavior_sync_s.c.o[0m
[ 89%] [32mBuilding C object CMakeFiles/flexbe_msgs__rosidl_generator_py.dir/rosidl_generator_py/flexbe_msgs/msg/_behavior_modification_s.c.o[0m
[ 90%] [32mBuilding C object CMakeFiles/flexbe_msgs__rosidl_generator_py.dir/rosidl_generator_py/flexbe_msgs/msg/_command_feedback_s.c.o[0m
[ 91%] [32mBuilding C object CMakeFiles/flexbe_msgs__rosidl_generator_py.dir/rosidl_generator_py/flexbe_msgs/msg/_container_s.c.o[0m
[ 91%] [32mBuilding C object CMakeFiles/flexbe_msgs__rosidl_generator_py.dir/rosidl_generator_py/flexbe_msgs/msg/_container_structure_s.c.o[0m
[ 91%] [32mBuilding C object CMakeFiles/flexbe_msgs__rosidl_generator_py.dir/rosidl_generator_py/flexbe_msgs/msg/_outcome_condition_s.c.o[0m
[ 92%] [32mBuilding C object CMakeFiles/flexbe_msgs__rosidl_generator_py.dir/rosidl_generator_py/flexbe_msgs/msg/_outcome_request_s.c.o[0m
[ 92%] [32mBuilding C object CMakeFiles/flexbe_msgs__rosidl_generator_py.dir/rosidl_generator_py/flexbe_msgs/msg/_state_instantiation_s.c.o[0m
[ 93%] [32mBuilding C object CMakeFiles/flexbe_msgs__rosidl_generator_py.dir/rosidl_generator_py/flexbe_msgs/msg/_state_map_msg_s.c.o[0m
[ 93%] [32mBuilding C object CMakeFiles/flexbe_msgs__rosidl_generator_py.dir/rosidl_generator_py/flexbe_msgs/msg/_synthesis_error_codes_s.c.o[0m
[ 94%] [32mBuilding C object CMakeFiles/flexbe_msgs__rosidl_generator_py.dir/rosidl_generator_py/flexbe_msgs/msg/_synthesis_request_s.c.o[0m
[ 94%] [32mBuilding C object CMakeFiles/flexbe_msgs__rosidl_generator_py.dir/rosidl_generator_py/flexbe_msgs/msg/_ui_command_s.c.o[0m
[ 95%] [32mBuilding C object CMakeFiles/flexbe_msgs__rosidl_generator_py.dir/rosidl_generator_py/flexbe_msgs/msg/_userdata_info_s.c.o[0m
[ 95%] [32mBuilding C object CMakeFiles/flexbe_msgs__rosidl_generator_py.dir/rosidl_generator_py/flexbe_msgs/action/_behavior_input_s.c.o[0m
[ 95%] [32mBuilding C object CMakeFiles/flexbe_msgs__rosidl_generator_py.dir/rosidl_generator_py/flexbe_msgs/action/_behavior_execution_s.c.o[0m
[ 96%] [32mBuilding C object CMakeFiles/flexbe_msgs__rosidl_generator_py.dir/rosidl_generator_py/flexbe_msgs/action/_behavior_synthesis_s.c.o[0m
[ 96%] [32mBuilding C object CMakeFiles/flexbe_msgs__rosidl_generator_py.dir/rosidl_generator_py/flexbe_msgs/srv/_get_userdata_s.c.o[0m
[ 97%] [32m[1mLinking C shared library libflexbe_msgs__rosidl_generator_py.so[0m
[ 97%] Built target flexbe_msgs__rosidl_generator_py
[ 97%] [32mBuilding C object CMakeFiles/flexbe_msgs_s__rosidl_typesupport_fastrtps_c.dir/rosidl_generator_py/flexbe_msgs/_flexbe_msgs_s.ep.rosidl_typesupport_fastrtps_c.c.o[0m
[ 97%] [32mBuilding C object CMakeFiles/flexbe_msgs_s__rosidl_typesupport_c.dir/rosidl_generator_py/flexbe_msgs/_flexbe_msgs_s.ep.rosidl_typesupport_c.c.o[0m
[ 97%] [32mBuilding C object CMakeFiles/flexbe_msgs_s__rosidl_typesupport_introspection_c.dir/rosidl_generator_py/flexbe_msgs/_flexbe_msgs_s.ep.rosidl_typesupport_introspection_c.c.o[0m
[ 98%] [32m[1mLinking C shared module rosidl_generator_py/flexbe_msgs/flexbe_msgs_s__rosidl_typesupport_c.so[0m
[ 99%] [32m[1mLinking C shared module rosidl_generator_py/flexbe_msgs/flexbe_msgs_s__rosidl_typesupport_introspection_c.so[0m
[100%] [32m[1mLinking C shared module rosidl_generator_py/flexbe_msgs/flexbe_msgs_s__rosidl_typesupport_fastrtps_c.so[0m
[100%] Built target flexbe_msgs_s__rosidl_typesupport_c
[100%] Built target flexbe_msgs_s__rosidl_typesupport_introspection_c
[100%] Built target flexbe_msgs_s__rosidl_typesupport_fastrtps_c
