[0.027s] Invoking command in '/home/csrobot/flexbe_ws/build/flexbe_msgs': CMAKE_PREFIX_PATH=${CMAKE_PREFIX_PATH}:/opt/ros/jazzy DEBUGINFOD_URLS=https://debuginfod.ubuntu.com /usr/bin/cmake --build /home/csrobot/flexbe_ws/build/flexbe_msgs -- -j8 -l8
[0.085s] [  0%] [34m[1mGenerating type hashes for ROS interfaces[0m
[0.108s] [  0%] Built target ament_cmake_python_symlink_flexbe_msgs
[0.324s] running egg_info
[0.325s] creating flexbe_msgs.egg-info
[0.345s] writing flexbe_msgs.egg-info/PKG-INFO
[0.348s] writing dependency_links to flexbe_msgs.egg-info/dependency_links.txt
[0.348s] writing top-level names to flexbe_msgs.egg-info/top_level.txt
[0.348s] writing manifest file 'flexbe_msgs.egg-info/SOURCES.txt'
[0.408s] reading manifest file 'flexbe_msgs.egg-info/SOURCES.txt'
[0.409s] writing manifest file 'flexbe_msgs.egg-info/SOURCES.txt'
[0.439s] [  0%] Built target ament_cmake_python_build_flexbe_msgs_egg
[1.199s] [  0%] Built target flexbe_msgs__rosidl_generator_type_description
[1.222s] [  1%] [34m[1mGenerating C code for ROS interfaces[0m
[1.230s] [  1%] [34m[1mGenerating C++ code for ROS interfaces[0m
[3.606s] [  1%] Built target flexbe_msgs__cpp
[4.270s] [  1%] [32mBuilding C object CMakeFiles/flexbe_msgs__rosidl_generator_c.dir/rosidl_generator_c/flexbe_msgs/msg/detail/be_status__description.c.o[0m
[4.270s] [  2%] [32mBuilding C object CMakeFiles/flexbe_msgs__rosidl_generator_c.dir/rosidl_generator_c/flexbe_msgs/msg/detail/be_status__functions.c.o[0m
[4.270s] [  2%] [32mBuilding C object CMakeFiles/flexbe_msgs__rosidl_generator_c.dir/rosidl_generator_c/flexbe_msgs/msg/detail/be_status__type_support.c.o[0m
[4.276s] [  3%] [32mBuilding C object CMakeFiles/flexbe_msgs__rosidl_generator_c.dir/rosidl_generator_c/flexbe_msgs/msg/detail/behavior_log__functions.c.o[0m
[4.276s] [  3%] [32mBuilding C object CMakeFiles/flexbe_msgs__rosidl_generator_c.dir/rosidl_generator_c/flexbe_msgs/msg/detail/behavior_log__description.c.o[0m
[4.277s] [  3%] [32mBuilding C object CMakeFiles/flexbe_msgs__rosidl_generator_c.dir/rosidl_generator_c/flexbe_msgs/msg/detail/behavior_log__type_support.c.o[0m
[4.284s] [  4%] [32mBuilding C object CMakeFiles/flexbe_msgs__rosidl_generator_c.dir/rosidl_generator_c/flexbe_msgs/msg/detail/behavior_modification__description.c.o[0m
[4.301s] [  4%] [32mBuilding C object CMakeFiles/flexbe_msgs__rosidl_generator_c.dir/rosidl_generator_c/flexbe_msgs/msg/detail/behavior_modification__functions.c.o[0m
[4.328s] [  5%] [32mBuilding C object CMakeFiles/flexbe_msgs__rosidl_generator_c.dir/rosidl_generator_c/flexbe_msgs/msg/detail/behavior_modification__type_support.c.o[0m
[4.331s] [  5%] [32mBuilding C object CMakeFiles/flexbe_msgs__rosidl_generator_c.dir/rosidl_generator_c/flexbe_msgs/msg/detail/behavior_request__description.c.o[0m
[4.333s] [  5%] [32mBuilding C object CMakeFiles/flexbe_msgs__rosidl_generator_c.dir/rosidl_generator_c/flexbe_msgs/msg/detail/behavior_request__functions.c.o[0m
[4.352s] [  6%] [32mBuilding C object CMakeFiles/flexbe_msgs__rosidl_generator_c.dir/rosidl_generator_c/flexbe_msgs/msg/detail/behavior_selection__description.c.o[0m
[4.352s] [  6%] [32mBuilding C object CMakeFiles/flexbe_msgs__rosidl_generator_c.dir/rosidl_generator_c/flexbe_msgs/msg/detail/behavior_request__type_support.c.o[0m
[4.352s] [  7%] [32mBuilding C object CMakeFiles/flexbe_msgs__rosidl_generator_c.dir/rosidl_generator_c/flexbe_msgs/msg/detail/behavior_selection__functions.c.o[0m
[4.360s] [  7%] [32mBuilding C object CMakeFiles/flexbe_msgs__rosidl_generator_c.dir/rosidl_generator_c/flexbe_msgs/msg/detail/behavior_selection__type_support.c.o[0m
[4.382s] [  8%] [32mBuilding C object CMakeFiles/flexbe_msgs__rosidl_generator_c.dir/rosidl_generator_c/flexbe_msgs/msg/detail/behavior_sync__description.c.o[0m
[4.382s] [  8%] [32mBuilding C object CMakeFiles/flexbe_msgs__rosidl_generator_c.dir/rosidl_generator_c/flexbe_msgs/msg/detail/behavior_sync__functions.c.o[0m
[4.399s] [  8%] [32mBuilding C object CMakeFiles/flexbe_msgs__rosidl_generator_c.dir/rosidl_generator_c/flexbe_msgs/msg/detail/behavior_sync__type_support.c.o[0m
[4.408s] [  9%] [32mBuilding C object CMakeFiles/flexbe_msgs__rosidl_generator_c.dir/rosidl_generator_c/flexbe_msgs/msg/detail/command_feedback__description.c.o[0m
[4.414s] [  9%] [32mBuilding C object CMakeFiles/flexbe_msgs__rosidl_generator_c.dir/rosidl_generator_c/flexbe_msgs/msg/detail/command_feedback__functions.c.o[0m
[4.422s] [ 10%] [32mBuilding C object CMakeFiles/flexbe_msgs__rosidl_generator_c.dir/rosidl_generator_c/flexbe_msgs/msg/detail/command_feedback__type_support.c.o[0m
[4.427s] [ 10%] [32mBuilding C object CMakeFiles/flexbe_msgs__rosidl_generator_c.dir/rosidl_generator_c/flexbe_msgs/msg/detail/container__description.c.o[0m
[4.435s] [ 11%] [32mBuilding C object CMakeFiles/flexbe_msgs__rosidl_generator_c.dir/rosidl_generator_c/flexbe_msgs/msg/detail/container__functions.c.o[0m
[4.440s] [ 11%] [32mBuilding C object CMakeFiles/flexbe_msgs__rosidl_generator_c.dir/rosidl_generator_c/flexbe_msgs/msg/detail/container__type_support.c.o[0m
[4.462s] [ 11%] [32mBuilding C object CMakeFiles/flexbe_msgs__rosidl_generator_c.dir/rosidl_generator_c/flexbe_msgs/msg/detail/container_structure__description.c.o[0m
[4.470s] [ 12%] [32mBuilding C object CMakeFiles/flexbe_msgs__rosidl_generator_c.dir/rosidl_generator_c/flexbe_msgs/msg/detail/container_structure__functions.c.o[0m
[4.484s] [ 12%] [32mBuilding C object CMakeFiles/flexbe_msgs__rosidl_generator_c.dir/rosidl_generator_c/flexbe_msgs/msg/detail/container_structure__type_support.c.o[0m
[4.484s] [ 13%] [32mBuilding C object CMakeFiles/flexbe_msgs__rosidl_generator_c.dir/rosidl_generator_c/flexbe_msgs/msg/detail/outcome_condition__description.c.o[0m
[4.485s] [ 13%] [32mBuilding C object CMakeFiles/flexbe_msgs__rosidl_generator_c.dir/rosidl_generator_c/flexbe_msgs/msg/detail/outcome_condition__functions.c.o[0m
[4.488s] [ 14%] [32mBuilding C object CMakeFiles/flexbe_msgs__rosidl_generator_c.dir/rosidl_generator_c/flexbe_msgs/msg/detail/outcome_condition__type_support.c.o[0m
[4.504s] [ 14%] [32mBuilding C object CMakeFiles/flexbe_msgs__rosidl_generator_c.dir/rosidl_generator_c/flexbe_msgs/msg/detail/outcome_request__description.c.o[0m
[4.517s] [ 14%] [32mBuilding C object CMakeFiles/flexbe_msgs__rosidl_generator_c.dir/rosidl_generator_c/flexbe_msgs/msg/detail/outcome_request__functions.c.o[0m
[4.522s] [ 15%] [32mBuilding C object CMakeFiles/flexbe_msgs__rosidl_generator_c.dir/rosidl_generator_c/flexbe_msgs/msg/detail/outcome_request__type_support.c.o[0m
[4.540s] [ 15%] [32mBuilding C object CMakeFiles/flexbe_msgs__rosidl_generator_c.dir/rosidl_generator_c/flexbe_msgs/msg/detail/state_instantiation__description.c.o[0m
[4.550s] [ 16%] [32mBuilding C object CMakeFiles/flexbe_msgs__rosidl_generator_c.dir/rosidl_generator_c/flexbe_msgs/msg/detail/state_instantiation__functions.c.o[0m
[4.553s] [ 16%] [32mBuilding C object CMakeFiles/flexbe_msgs__rosidl_generator_c.dir/rosidl_generator_c/flexbe_msgs/msg/detail/state_instantiation__type_support.c.o[0m
[4.557s] [ 17%] [32mBuilding C object CMakeFiles/flexbe_msgs__rosidl_generator_c.dir/rosidl_generator_c/flexbe_msgs/msg/detail/state_map_msg__description.c.o[0m
[4.570s] [ 17%] [32mBuilding C object CMakeFiles/flexbe_msgs__rosidl_generator_c.dir/rosidl_generator_c/flexbe_msgs/msg/detail/state_map_msg__type_support.c.o[0m
[4.576s] [ 17%] [32mBuilding C object CMakeFiles/flexbe_msgs__rosidl_generator_c.dir/rosidl_generator_c/flexbe_msgs/msg/detail/state_map_msg__functions.c.o[0m
[4.590s] [ 18%] [32mBuilding C object CMakeFiles/flexbe_msgs__rosidl_generator_c.dir/rosidl_generator_c/flexbe_msgs/msg/detail/synthesis_error_codes__description.c.o[0m
[4.605s] [ 18%] [32mBuilding C object CMakeFiles/flexbe_msgs__rosidl_generator_c.dir/rosidl_generator_c/flexbe_msgs/msg/detail/synthesis_error_codes__functions.c.o[0m
[4.605s] [ 19%] [32mBuilding C object CMakeFiles/flexbe_msgs__rosidl_generator_c.dir/rosidl_generator_c/flexbe_msgs/msg/detail/synthesis_error_codes__type_support.c.o[0m
[4.608s] [ 19%] [32mBuilding C object CMakeFiles/flexbe_msgs__rosidl_generator_c.dir/rosidl_generator_c/flexbe_msgs/msg/detail/synthesis_request__description.c.o[0m
[4.624s] [ 19%] [32mBuilding C object CMakeFiles/flexbe_msgs__rosidl_generator_c.dir/rosidl_generator_c/flexbe_msgs/msg/detail/synthesis_request__type_support.c.o[0m
[4.635s] [ 20%] [32mBuilding C object CMakeFiles/flexbe_msgs__rosidl_generator_c.dir/rosidl_generator_c/flexbe_msgs/msg/detail/synthesis_request__functions.c.o[0m
[4.644s] [ 20%] [32mBuilding C object CMakeFiles/flexbe_msgs__rosidl_generator_c.dir/rosidl_generator_c/flexbe_msgs/msg/detail/ui_command__description.c.o[0m
[4.653s] [ 21%] [32mBuilding C object CMakeFiles/flexbe_msgs__rosidl_generator_c.dir/rosidl_generator_c/flexbe_msgs/msg/detail/ui_command__functions.c.o[0m
[4.663s] [ 22%] [32mBuilding C object CMakeFiles/flexbe_msgs__rosidl_generator_c.dir/rosidl_generator_c/flexbe_msgs/msg/detail/userdata_info__description.c.o[0m
[4.667s] [ 22%] [32mBuilding C object CMakeFiles/flexbe_msgs__rosidl_generator_c.dir/rosidl_generator_c/flexbe_msgs/msg/detail/ui_command__type_support.c.o[0m
[4.683s] [ 23%] [32mBuilding C object CMakeFiles/flexbe_msgs__rosidl_generator_c.dir/rosidl_generator_c/flexbe_msgs/msg/detail/userdata_info__type_support.c.o[0m
[4.683s] [ 23%] [32mBuilding C object CMakeFiles/flexbe_msgs__rosidl_generator_c.dir/rosidl_generator_c/flexbe_msgs/msg/detail/userdata_info__functions.c.o[0m
[4.685s] [ 23%] [32mBuilding C object CMakeFiles/flexbe_msgs__rosidl_generator_c.dir/rosidl_generator_c/flexbe_msgs/action/detail/behavior_input__description.c.o[0m
[4.712s] [ 23%] [32mBuilding C object CMakeFiles/flexbe_msgs__rosidl_generator_c.dir/rosidl_generator_c/flexbe_msgs/action/detail/behavior_input__functions.c.o[0m
[4.719s] [ 24%] [32mBuilding C object CMakeFiles/flexbe_msgs__rosidl_generator_c.dir/rosidl_generator_c/flexbe_msgs/action/detail/behavior_input__type_support.c.o[0m
[4.728s] [ 24%] [32mBuilding C object CMakeFiles/flexbe_msgs__rosidl_generator_c.dir/rosidl_generator_c/flexbe_msgs/action/detail/behavior_execution__description.c.o[0m
[4.733s] [ 25%] [32mBuilding C object CMakeFiles/flexbe_msgs__rosidl_generator_c.dir/rosidl_generator_c/flexbe_msgs/action/detail/behavior_execution__functions.c.o[0m
[4.735s] [ 25%] [32mBuilding C object CMakeFiles/flexbe_msgs__rosidl_generator_c.dir/rosidl_generator_c/flexbe_msgs/action/detail/behavior_execution__type_support.c.o[0m
[4.739s] [ 26%] [32mBuilding C object CMakeFiles/flexbe_msgs__rosidl_generator_c.dir/rosidl_generator_c/flexbe_msgs/action/detail/behavior_synthesis__description.c.o[0m
[4.783s] [ 26%] [32mBuilding C object CMakeFiles/flexbe_msgs__rosidl_generator_c.dir/rosidl_generator_c/flexbe_msgs/action/detail/behavior_synthesis__functions.c.o[0m
[4.793s] [ 26%] [32mBuilding C object CMakeFiles/flexbe_msgs__rosidl_generator_c.dir/rosidl_generator_c/flexbe_msgs/action/detail/behavior_synthesis__type_support.c.o[0m
[4.828s] [ 27%] [32mBuilding C object CMakeFiles/flexbe_msgs__rosidl_generator_c.dir/rosidl_generator_c/flexbe_msgs/srv/detail/get_userdata__description.c.o[0m
[4.842s] [ 27%] [32mBuilding C object CMakeFiles/flexbe_msgs__rosidl_generator_c.dir/rosidl_generator_c/flexbe_msgs/srv/detail/get_userdata__functions.c.o[0m
[4.850s] [ 28%] [32mBuilding C object CMakeFiles/flexbe_msgs__rosidl_generator_c.dir/rosidl_generator_c/flexbe_msgs/srv/detail/get_userdata__type_support.c.o[0m
[5.001s] [ 28%] [32m[1mLinking C shared library libflexbe_msgs__rosidl_generator_c.so[0m
[5.051s] [ 28%] Built target flexbe_msgs__rosidl_generator_c
[5.076s] [ 28%] [34m[1mGenerating C type support for eProsima Fast-RTPS[0m
[5.078s] [ 29%] [34m[1mGenerating C++ type support for eProsima Fast-RTPS[0m
[5.079s] [ 29%] [34m[1mGenerating C type support dispatch for ROS interfaces[0m
[5.080s] [ 30%] [34m[1mGenerating C++ introspection for ROS interfaces[0m
[5.081s] [ 30%] [34m[1mGenerating C++ type support dispatch for ROS interfaces[0m
[5.081s] [ 31%] [34m[1mGenerating C introspection for ROS interfaces[0m
[7.202s] [ 31%] [32mBuilding CXX object CMakeFiles/flexbe_msgs__rosidl_typesupport_c.dir/rosidl_typesupport_c/flexbe_msgs/msg/behavior_log__type_support.cpp.o[0m
[7.202s] [ 32%] [32mBuilding CXX object CMakeFiles/flexbe_msgs__rosidl_typesupport_c.dir/rosidl_typesupport_c/flexbe_msgs/msg/be_status__type_support.cpp.o[0m
[7.205s] [ 33%] [32mBuilding CXX object CMakeFiles/flexbe_msgs__rosidl_typesupport_c.dir/rosidl_typesupport_c/flexbe_msgs/msg/behavior_modification__type_support.cpp.o[0m
[7.276s] [ 34%] [32mBuilding CXX object CMakeFiles/flexbe_msgs__rosidl_typesupport_c.dir/rosidl_typesupport_c/flexbe_msgs/msg/behavior_request__type_support.cpp.o[0m
[7.281s] [ 34%] [32mBuilding CXX object CMakeFiles/flexbe_msgs__rosidl_typesupport_c.dir/rosidl_typesupport_c/flexbe_msgs/msg/behavior_selection__type_support.cpp.o[0m
[7.306s] [ 34%] [32mBuilding CXX object CMakeFiles/flexbe_msgs__rosidl_typesupport_c.dir/rosidl_typesupport_c/flexbe_msgs/msg/behavior_sync__type_support.cpp.o[0m
[7.352s] [ 34%] [32mBuilding CXX object CMakeFiles/flexbe_msgs__rosidl_typesupport_c.dir/rosidl_typesupport_c/flexbe_msgs/msg/command_feedback__type_support.cpp.o[0m
[7.353s] [ 35%] [32mBuilding CXX object CMakeFiles/flexbe_msgs__rosidl_typesupport_c.dir/rosidl_typesupport_c/flexbe_msgs/msg/container__type_support.cpp.o[0m
[7.383s] [ 35%] [32mBuilding CXX object CMakeFiles/flexbe_msgs__rosidl_typesupport_c.dir/rosidl_typesupport_c/flexbe_msgs/msg/container_structure__type_support.cpp.o[0m
[7.414s] [ 36%] [32mBuilding CXX object CMakeFiles/flexbe_msgs__rosidl_typesupport_c.dir/rosidl_typesupport_c/flexbe_msgs/msg/outcome_condition__type_support.cpp.o[0m
[7.423s] [ 36%] [32mBuilding CXX object CMakeFiles/flexbe_msgs__rosidl_typesupport_c.dir/rosidl_typesupport_c/flexbe_msgs/msg/outcome_request__type_support.cpp.o[0m
[7.478s] [ 37%] [32mBuilding CXX object CMakeFiles/flexbe_msgs__rosidl_typesupport_c.dir/rosidl_typesupport_c/flexbe_msgs/msg/state_instantiation__type_support.cpp.o[0m
[7.490s] [ 37%] [32mBuilding CXX object CMakeFiles/flexbe_msgs__rosidl_typesupport_c.dir/rosidl_typesupport_c/flexbe_msgs/msg/state_map_msg__type_support.cpp.o[0m
[7.497s] [ 37%] [32mBuilding CXX object CMakeFiles/flexbe_msgs__rosidl_typesupport_c.dir/rosidl_typesupport_c/flexbe_msgs/msg/synthesis_error_codes__type_support.cpp.o[0m
[7.553s] [ 38%] [32mBuilding CXX object CMakeFiles/flexbe_msgs__rosidl_typesupport_c.dir/rosidl_typesupport_c/flexbe_msgs/msg/synthesis_request__type_support.cpp.o[0m
[7.559s] [ 38%] [32mBuilding CXX object CMakeFiles/flexbe_msgs__rosidl_typesupport_c.dir/rosidl_typesupport_c/flexbe_msgs/msg/ui_command__type_support.cpp.o[0m
[7.559s] [ 39%] [32mBuilding CXX object CMakeFiles/flexbe_msgs__rosidl_typesupport_c.dir/rosidl_typesupport_c/flexbe_msgs/msg/userdata_info__type_support.cpp.o[0m
[7.628s] [ 39%] [32mBuilding CXX object CMakeFiles/flexbe_msgs__rosidl_typesupport_c.dir/rosidl_typesupport_c/flexbe_msgs/action/behavior_synthesis__type_support.cpp.o[0m
[7.631s] [ 39%] [32mBuilding CXX object CMakeFiles/flexbe_msgs__rosidl_typesupport_c.dir/rosidl_typesupport_c/flexbe_msgs/action/behavior_input__type_support.cpp.o[0m
[7.634s] [ 40%] [32mBuilding CXX object CMakeFiles/flexbe_msgs__rosidl_typesupport_c.dir/rosidl_typesupport_c/flexbe_msgs/action/behavior_execution__type_support.cpp.o[0m
[7.730s] [ 40%] [32mBuilding CXX object CMakeFiles/flexbe_msgs__rosidl_typesupport_c.dir/rosidl_typesupport_c/flexbe_msgs/srv/get_userdata__type_support.cpp.o[0m
[7.808s] [ 41%] [32m[1mLinking CXX shared library libflexbe_msgs__rosidl_typesupport_c.so[0m
[7.815s] [ 42%] [32mBuilding CXX object CMakeFiles/flexbe_msgs__rosidl_typesupport_cpp.dir/rosidl_typesupport_cpp/flexbe_msgs/msg/be_status__type_support.cpp.o[0m
[7.818s] [ 42%] [32mBuilding CXX object CMakeFiles/flexbe_msgs__rosidl_typesupport_cpp.dir/rosidl_typesupport_cpp/flexbe_msgs/msg/behavior_log__type_support.cpp.o[0m
[7.830s] [ 43%] [32mBuilding CXX object CMakeFiles/flexbe_msgs__rosidl_typesupport_cpp.dir/rosidl_typesupport_cpp/flexbe_msgs/msg/behavior_modification__type_support.cpp.o[0m
[7.891s] [ 43%] Built target flexbe_msgs__rosidl_typesupport_c
[7.915s] [ 43%] [32mBuilding CXX object CMakeFiles/flexbe_msgs__rosidl_typesupport_cpp.dir/rosidl_typesupport_cpp/flexbe_msgs/msg/behavior_request__type_support.cpp.o[0m
[8.370s] [ 44%] [32mBuilding CXX object CMakeFiles/flexbe_msgs__rosidl_typesupport_cpp.dir/rosidl_typesupport_cpp/flexbe_msgs/msg/behavior_selection__type_support.cpp.o[0m
[8.371s] [ 44%] [32mBuilding CXX object CMakeFiles/flexbe_msgs__rosidl_typesupport_cpp.dir/rosidl_typesupport_cpp/flexbe_msgs/msg/behavior_sync__type_support.cpp.o[0m
[8.443s] [ 44%] [32mBuilding CXX object CMakeFiles/flexbe_msgs__rosidl_typesupport_cpp.dir/rosidl_typesupport_cpp/flexbe_msgs/msg/command_feedback__type_support.cpp.o[0m
[8.450s] [ 45%] [32mBuilding CXX object CMakeFiles/flexbe_msgs__rosidl_typesupport_cpp.dir/rosidl_typesupport_cpp/flexbe_msgs/msg/container__type_support.cpp.o[0m
[8.489s] [ 45%] [32mBuilding CXX object CMakeFiles/flexbe_msgs__rosidl_typesupport_introspection_cpp.dir/rosidl_typesupport_introspection_cpp/flexbe_msgs/msg/detail/be_status__type_support.cpp.o[0m
[8.927s] [ 45%] [32mBuilding C object CMakeFiles/flexbe_msgs__rosidl_typesupport_introspection_c.dir/rosidl_typesupport_introspection_c/flexbe_msgs/msg/detail/be_status__type_support.c.o[0m
[8.938s] [ 45%] [32mBuilding CXX object CMakeFiles/flexbe_msgs__rosidl_typesupport_cpp.dir/rosidl_typesupport_cpp/flexbe_msgs/msg/container_structure__type_support.cpp.o[0m
[8.955s] [ 46%] [32mBuilding C object CMakeFiles/flexbe_msgs__rosidl_typesupport_introspection_c.dir/rosidl_typesupport_introspection_c/flexbe_msgs/msg/detail/behavior_log__type_support.c.o[0m
[9.010s] [ 46%] [32mBuilding C object CMakeFiles/flexbe_msgs__rosidl_typesupport_introspection_c.dir/rosidl_typesupport_introspection_c/flexbe_msgs/msg/detail/behavior_modification__type_support.c.o[0m
[9.021s] [ 46%] [32mBuilding CXX object CMakeFiles/flexbe_msgs__rosidl_typesupport_introspection_cpp.dir/rosidl_typesupport_introspection_cpp/flexbe_msgs/msg/detail/behavior_log__type_support.cpp.o[0m
[9.032s] [ 47%] [32mBuilding CXX object CMakeFiles/flexbe_msgs__rosidl_typesupport_introspection_cpp.dir/rosidl_typesupport_introspection_cpp/flexbe_msgs/msg/detail/behavior_modification__type_support.cpp.o[0m
[9.033s] [ 47%] [32mBuilding CXX object CMakeFiles/flexbe_msgs__rosidl_typesupport_cpp.dir/rosidl_typesupport_cpp/flexbe_msgs/msg/outcome_condition__type_support.cpp.o[0m
[9.061s] [ 47%] [32mBuilding C object CMakeFiles/flexbe_msgs__rosidl_typesupport_introspection_c.dir/rosidl_typesupport_introspection_c/flexbe_msgs/msg/detail/behavior_request__type_support.c.o[0m
[9.079s] [ 48%] [32mBuilding CXX object CMakeFiles/flexbe_msgs__rosidl_typesupport_cpp.dir/rosidl_typesupport_cpp/flexbe_msgs/msg/outcome_request__type_support.cpp.o[0m
[9.147s] [ 49%] [32mBuilding C object CMakeFiles/flexbe_msgs__rosidl_typesupport_introspection_c.dir/rosidl_typesupport_introspection_c/flexbe_msgs/msg/detail/behavior_selection__type_support.c.o[0m
[9.240s] [ 49%] [32mBuilding C object CMakeFiles/flexbe_msgs__rosidl_typesupport_introspection_c.dir/rosidl_typesupport_introspection_c/flexbe_msgs/msg/detail/behavior_sync__type_support.c.o[0m
[9.308s] [ 50%] [32mBuilding C object CMakeFiles/flexbe_msgs__rosidl_typesupport_introspection_c.dir/rosidl_typesupport_introspection_c/flexbe_msgs/msg/detail/command_feedback__type_support.c.o[0m
[9.373s] [ 50%] [32mBuilding C object CMakeFiles/flexbe_msgs__rosidl_typesupport_introspection_c.dir/rosidl_typesupport_introspection_c/flexbe_msgs/msg/detail/container__type_support.c.o[0m
[9.427s] [ 50%] [32mBuilding CXX object CMakeFiles/flexbe_msgs__rosidl_typesupport_fastrtps_cpp.dir/rosidl_typesupport_fastrtps_cpp/flexbe_msgs/msg/detail/dds_fastrtps/be_status__type_support.cpp.o[0m
[9.446s] [ 50%] [32mBuilding CXX object CMakeFiles/flexbe_msgs__rosidl_typesupport_introspection_cpp.dir/rosidl_typesupport_introspection_cpp/flexbe_msgs/msg/detail/behavior_request__type_support.cpp.o[0m
[9.459s] [ 51%] [32mBuilding C object CMakeFiles/flexbe_msgs__rosidl_typesupport_introspection_c.dir/rosidl_typesupport_introspection_c/flexbe_msgs/msg/detail/container_structure__type_support.c.o[0m
[9.521s] [ 51%] [32mBuilding C object CMakeFiles/flexbe_msgs__rosidl_typesupport_introspection_c.dir/rosidl_typesupport_introspection_c/flexbe_msgs/msg/detail/outcome_condition__type_support.c.o[0m
[9.529s] [ 51%] [32mBuilding CXX object CMakeFiles/flexbe_msgs__rosidl_typesupport_cpp.dir/rosidl_typesupport_cpp/flexbe_msgs/msg/state_instantiation__type_support.cpp.o[0m
[9.562s] [ 52%] [32mBuilding CXX object CMakeFiles/flexbe_msgs__rosidl_typesupport_introspection_cpp.dir/rosidl_typesupport_introspection_cpp/flexbe_msgs/msg/detail/behavior_selection__type_support.cpp.o[0m
[9.596s] [ 52%] [32mBuilding C object CMakeFiles/flexbe_msgs__rosidl_typesupport_introspection_c.dir/rosidl_typesupport_introspection_c/flexbe_msgs/msg/detail/outcome_request__type_support.c.o[0m
[9.602s] [ 53%] [32mBuilding CXX object CMakeFiles/flexbe_msgs__rosidl_typesupport_fastrtps_cpp.dir/rosidl_typesupport_fastrtps_cpp/flexbe_msgs/msg/detail/dds_fastrtps/behavior_log__type_support.cpp.o[0m
[9.624s] [ 54%] [32mBuilding C object CMakeFiles/flexbe_msgs__rosidl_typesupport_introspection_c.dir/rosidl_typesupport_introspection_c/flexbe_msgs/msg/detail/state_instantiation__type_support.c.o[0m
[9.662s] [ 55%] [32mBuilding CXX object CMakeFiles/flexbe_msgs__rosidl_typesupport_cpp.dir/rosidl_typesupport_cpp/flexbe_msgs/msg/state_map_msg__type_support.cpp.o[0m
[9.742s] [ 55%] [32mBuilding C object CMakeFiles/flexbe_msgs__rosidl_typesupport_introspection_c.dir/rosidl_typesupport_introspection_c/flexbe_msgs/msg/detail/state_map_msg__type_support.c.o[0m
[9.817s] [ 56%] [32mBuilding C object CMakeFiles/flexbe_msgs__rosidl_typesupport_introspection_c.dir/rosidl_typesupport_introspection_c/flexbe_msgs/msg/detail/synthesis_error_codes__type_support.c.o[0m
[9.855s] [ 56%] [32mBuilding CXX object CMakeFiles/flexbe_msgs__rosidl_typesupport_fastrtps_cpp.dir/rosidl_typesupport_fastrtps_cpp/flexbe_msgs/msg/detail/dds_fastrtps/behavior_modification__type_support.cpp.o[0m
[9.881s] [ 56%] [32mBuilding C object CMakeFiles/flexbe_msgs__rosidl_typesupport_introspection_c.dir/rosidl_typesupport_introspection_c/flexbe_msgs/msg/detail/synthesis_request__type_support.c.o[0m
[9.924s] [ 57%] [32mBuilding C object CMakeFiles/flexbe_msgs__rosidl_typesupport_introspection_c.dir/rosidl_typesupport_introspection_c/flexbe_msgs/msg/detail/ui_command__type_support.c.o[0m
[9.965s] [ 57%] [32mBuilding C object CMakeFiles/flexbe_msgs__rosidl_typesupport_introspection_c.dir/rosidl_typesupport_introspection_c/flexbe_msgs/msg/detail/userdata_info__type_support.c.o[0m
[10.015s] [ 57%] [32mBuilding C object CMakeFiles/flexbe_msgs__rosidl_typesupport_introspection_c.dir/rosidl_typesupport_introspection_c/flexbe_msgs/action/detail/behavior_input__type_support.c.o[0m
[10.040s] [ 57%] [32mBuilding CXX object CMakeFiles/flexbe_msgs__rosidl_typesupport_cpp.dir/rosidl_typesupport_cpp/flexbe_msgs/msg/synthesis_error_codes__type_support.cpp.o[0m
[10.060s] [ 58%] [32mBuilding CXX object CMakeFiles/flexbe_msgs__rosidl_typesupport_cpp.dir/rosidl_typesupport_cpp/flexbe_msgs/msg/synthesis_request__type_support.cpp.o[0m
[10.094s] [ 59%] [32mBuilding C object CMakeFiles/flexbe_msgs__rosidl_typesupport_introspection_c.dir/rosidl_typesupport_introspection_c/flexbe_msgs/action/detail/behavior_execution__type_support.c.o[0m
[10.136s] [ 59%] [32mBuilding CXX object CMakeFiles/flexbe_msgs__rosidl_typesupport_cpp.dir/rosidl_typesupport_cpp/flexbe_msgs/msg/ui_command__type_support.cpp.o[0m
[10.146s] [ 59%] [32mBuilding CXX object CMakeFiles/flexbe_msgs__rosidl_typesupport_fastrtps_c.dir/rosidl_typesupport_fastrtps_c/flexbe_msgs/msg/detail/be_status__type_support_c.cpp.o[0m
[10.170s] [ 59%] [32mBuilding C object CMakeFiles/flexbe_msgs__rosidl_typesupport_introspection_c.dir/rosidl_typesupport_introspection_c/flexbe_msgs/action/detail/behavior_synthesis__type_support.c.o[0m
[10.208s] [ 59%] [32mBuilding CXX object CMakeFiles/flexbe_msgs__rosidl_typesupport_introspection_cpp.dir/rosidl_typesupport_introspection_cpp/flexbe_msgs/msg/detail/behavior_sync__type_support.cpp.o[0m
[10.230s] [ 60%] [32mBuilding CXX object CMakeFiles/flexbe_msgs__rosidl_typesupport_fastrtps_cpp.dir/rosidl_typesupport_fastrtps_cpp/flexbe_msgs/msg/detail/dds_fastrtps/behavior_request__type_support.cpp.o[0m
[10.257s] [ 61%] [32mBuilding C object CMakeFiles/flexbe_msgs__rosidl_typesupport_introspection_c.dir/rosidl_typesupport_introspection_c/flexbe_msgs/srv/detail/get_userdata__type_support.c.o[0m
[10.334s] [ 61%] [32m[1mLinking C shared library libflexbe_msgs__rosidl_typesupport_introspection_c.so[0m
[10.338s] [ 61%] [32mBuilding CXX object CMakeFiles/flexbe_msgs__rosidl_typesupport_cpp.dir/rosidl_typesupport_cpp/flexbe_msgs/msg/userdata_info__type_support.cpp.o[0m
[10.338s] [ 62%] [32mBuilding CXX object CMakeFiles/flexbe_msgs__rosidl_typesupport_cpp.dir/rosidl_typesupport_cpp/flexbe_msgs/action/behavior_input__type_support.cpp.o[0m
[10.359s] [ 63%] [32mBuilding CXX object CMakeFiles/flexbe_msgs__rosidl_typesupport_fastrtps_c.dir/rosidl_typesupport_fastrtps_c/flexbe_msgs/msg/detail/behavior_log__type_support_c.cpp.o[0m
[10.367s] [ 63%] Built target flexbe_msgs__rosidl_typesupport_introspection_c
[10.374s] [ 64%] [32mBuilding CXX object CMakeFiles/flexbe_msgs__rosidl_typesupport_introspection_cpp.dir/rosidl_typesupport_introspection_cpp/flexbe_msgs/msg/detail/command_feedback__type_support.cpp.o[0m
[10.435s] [ 64%] [32mBuilding CXX object CMakeFiles/flexbe_msgs__rosidl_typesupport_cpp.dir/rosidl_typesupport_cpp/flexbe_msgs/action/behavior_execution__type_support.cpp.o[0m
[10.541s] [ 64%] [32mBuilding CXX object CMakeFiles/flexbe_msgs__rosidl_typesupport_introspection_cpp.dir/rosidl_typesupport_introspection_cpp/flexbe_msgs/msg/detail/container__type_support.cpp.o[0m
[10.552s] [ 64%] [32mBuilding CXX object CMakeFiles/flexbe_msgs__rosidl_typesupport_fastrtps_cpp.dir/rosidl_typesupport_fastrtps_cpp/flexbe_msgs/msg/detail/dds_fastrtps/behavior_selection__type_support.cpp.o[0m
[10.618s] [ 65%] [32mBuilding CXX object CMakeFiles/flexbe_msgs__rosidl_typesupport_cpp.dir/rosidl_typesupport_cpp/flexbe_msgs/action/behavior_synthesis__type_support.cpp.o[0m
[10.676s] [ 65%] [32mBuilding CXX object CMakeFiles/flexbe_msgs__rosidl_typesupport_fastrtps_c.dir/rosidl_typesupport_fastrtps_c/flexbe_msgs/msg/detail/behavior_modification__type_support_c.cpp.o[0m
[10.736s] [ 65%] [32mBuilding CXX object CMakeFiles/flexbe_msgs__rosidl_typesupport_cpp.dir/rosidl_typesupport_cpp/flexbe_msgs/srv/get_userdata__type_support.cpp.o[0m
[10.806s] [ 65%] [32mBuilding CXX object CMakeFiles/flexbe_msgs__rosidl_typesupport_introspection_cpp.dir/rosidl_typesupport_introspection_cpp/flexbe_msgs/msg/detail/container_structure__type_support.cpp.o[0m
[10.886s] [ 66%] [32mBuilding CXX object CMakeFiles/flexbe_msgs__rosidl_typesupport_introspection_cpp.dir/rosidl_typesupport_introspection_cpp/flexbe_msgs/msg/detail/outcome_condition__type_support.cpp.o[0m
[11.025s] [ 66%] [32mBuilding CXX object CMakeFiles/flexbe_msgs__rosidl_typesupport_fastrtps_cpp.dir/rosidl_typesupport_fastrtps_cpp/flexbe_msgs/msg/detail/dds_fastrtps/behavior_sync__type_support.cpp.o[0m
[11.139s] [ 67%] [32mBuilding CXX object CMakeFiles/flexbe_msgs__rosidl_typesupport_fastrtps_cpp.dir/rosidl_typesupport_fastrtps_cpp/flexbe_msgs/msg/detail/dds_fastrtps/command_feedback__type_support.cpp.o[0m
[11.170s] [ 67%] [32mBuilding CXX object CMakeFiles/flexbe_msgs__rosidl_typesupport_fastrtps_cpp.dir/rosidl_typesupport_fastrtps_cpp/flexbe_msgs/msg/detail/dds_fastrtps/container__type_support.cpp.o[0m
[11.216s] [ 68%] [32mBuilding CXX object CMakeFiles/flexbe_msgs__rosidl_typesupport_fastrtps_cpp.dir/rosidl_typesupport_fastrtps_cpp/flexbe_msgs/msg/detail/dds_fastrtps/container_structure__type_support.cpp.o[0m
[11.250s] [ 69%] [32mBuilding CXX object CMakeFiles/flexbe_msgs__rosidl_typesupport_fastrtps_c.dir/rosidl_typesupport_fastrtps_c/flexbe_msgs/msg/detail/behavior_request__type_support_c.cpp.o[0m
[11.302s] [ 69%] [32mBuilding CXX object CMakeFiles/flexbe_msgs__rosidl_typesupport_introspection_cpp.dir/rosidl_typesupport_introspection_cpp/flexbe_msgs/msg/detail/outcome_request__type_support.cpp.o[0m
[11.310s] [ 69%] [32mBuilding CXX object CMakeFiles/flexbe_msgs__rosidl_typesupport_fastrtps_c.dir/rosidl_typesupport_fastrtps_c/flexbe_msgs/msg/detail/behavior_selection__type_support_c.cpp.o[0m
[11.372s] [ 70%] [32m[1mLinking CXX shared library libflexbe_msgs__rosidl_typesupport_cpp.so[0m
[11.462s] [ 71%] [32mBuilding CXX object CMakeFiles/flexbe_msgs__rosidl_typesupport_fastrtps_c.dir/rosidl_typesupport_fastrtps_c/flexbe_msgs/msg/detail/behavior_sync__type_support_c.cpp.o[0m
[11.471s] [ 71%] Built target flexbe_msgs__rosidl_typesupport_cpp
[11.488s] [ 71%] [32mBuilding CXX object CMakeFiles/flexbe_msgs__rosidl_typesupport_fastrtps_c.dir/rosidl_typesupport_fastrtps_c/flexbe_msgs/msg/detail/command_feedback__type_support_c.cpp.o[0m
[11.571s] [ 72%] [32mBuilding CXX object CMakeFiles/flexbe_msgs__rosidl_typesupport_introspection_cpp.dir/rosidl_typesupport_introspection_cpp/flexbe_msgs/msg/detail/state_instantiation__type_support.cpp.o[0m
[11.609s] [ 72%] [32mBuilding CXX object CMakeFiles/flexbe_msgs__rosidl_typesupport_introspection_cpp.dir/rosidl_typesupport_introspection_cpp/flexbe_msgs/msg/detail/state_map_msg__type_support.cpp.o[0m
[11.680s] [ 72%] [32mBuilding CXX object CMakeFiles/flexbe_msgs__rosidl_typesupport_fastrtps_c.dir/rosidl_typesupport_fastrtps_c/flexbe_msgs/msg/detail/container__type_support_c.cpp.o[0m
[11.691s] [ 72%] [32mBuilding CXX object CMakeFiles/flexbe_msgs__rosidl_typesupport_fastrtps_cpp.dir/rosidl_typesupport_fastrtps_cpp/flexbe_msgs/msg/detail/dds_fastrtps/outcome_condition__type_support.cpp.o[0m
[11.800s] [ 73%] [32mBuilding CXX object CMakeFiles/flexbe_msgs__rosidl_typesupport_introspection_cpp.dir/rosidl_typesupport_introspection_cpp/flexbe_msgs/msg/detail/synthesis_error_codes__type_support.cpp.o[0m
[11.826s] [ 73%] [32mBuilding CXX object CMakeFiles/flexbe_msgs__rosidl_typesupport_introspection_cpp.dir/rosidl_typesupport_introspection_cpp/flexbe_msgs/msg/detail/synthesis_request__type_support.cpp.o[0m
[11.906s] [ 74%] [32mBuilding CXX object CMakeFiles/flexbe_msgs__rosidl_typesupport_fastrtps_c.dir/rosidl_typesupport_fastrtps_c/flexbe_msgs/msg/detail/container_structure__type_support_c.cpp.o[0m
[11.935s] [ 75%] [32mBuilding CXX object CMakeFiles/flexbe_msgs__rosidl_typesupport_fastrtps_cpp.dir/rosidl_typesupport_fastrtps_cpp/flexbe_msgs/msg/detail/dds_fastrtps/outcome_request__type_support.cpp.o[0m
[11.967s] [ 75%] [32mBuilding CXX object CMakeFiles/flexbe_msgs__rosidl_typesupport_introspection_cpp.dir/rosidl_typesupport_introspection_cpp/flexbe_msgs/msg/detail/ui_command__type_support.cpp.o[0m
[12.041s] [ 76%] [32mBuilding CXX object CMakeFiles/flexbe_msgs__rosidl_typesupport_introspection_cpp.dir/rosidl_typesupport_introspection_cpp/flexbe_msgs/msg/detail/userdata_info__type_support.cpp.o[0m
[12.066s] [ 76%] [32mBuilding CXX object CMakeFiles/flexbe_msgs__rosidl_typesupport_fastrtps_c.dir/rosidl_typesupport_fastrtps_c/flexbe_msgs/msg/detail/outcome_condition__type_support_c.cpp.o[0m
[12.148s] [ 76%] [32mBuilding CXX object CMakeFiles/flexbe_msgs__rosidl_typesupport_fastrtps_cpp.dir/rosidl_typesupport_fastrtps_cpp/flexbe_msgs/msg/detail/dds_fastrtps/state_instantiation__type_support.cpp.o[0m
[12.235s] [ 76%] [32mBuilding CXX object CMakeFiles/flexbe_msgs__rosidl_typesupport_introspection_cpp.dir/rosidl_typesupport_introspection_cpp/flexbe_msgs/action/detail/behavior_input__type_support.cpp.o[0m
[12.296s] [ 76%] [32mBuilding CXX object CMakeFiles/flexbe_msgs__rosidl_typesupport_fastrtps_cpp.dir/rosidl_typesupport_fastrtps_cpp/flexbe_msgs/msg/detail/dds_fastrtps/state_map_msg__type_support.cpp.o[0m
[12.305s] [ 77%] [32mBuilding CXX object CMakeFiles/flexbe_msgs__rosidl_typesupport_fastrtps_cpp.dir/rosidl_typesupport_fastrtps_cpp/flexbe_msgs/msg/detail/dds_fastrtps/synthesis_error_codes__type_support.cpp.o[0m
[12.343s] [ 78%] [32mBuilding CXX object CMakeFiles/flexbe_msgs__rosidl_typesupport_fastrtps_c.dir/rosidl_typesupport_fastrtps_c/flexbe_msgs/msg/detail/outcome_request__type_support_c.cpp.o[0m
[12.376s] [ 78%] [32mBuilding CXX object CMakeFiles/flexbe_msgs__rosidl_typesupport_fastrtps_c.dir/rosidl_typesupport_fastrtps_c/flexbe_msgs/msg/detail/state_instantiation__type_support_c.cpp.o[0m
[12.380s] [ 79%] [32mBuilding CXX object CMakeFiles/flexbe_msgs__rosidl_typesupport_introspection_cpp.dir/rosidl_typesupport_introspection_cpp/flexbe_msgs/action/detail/behavior_execution__type_support.cpp.o[0m
[12.506s] [ 79%] [32mBuilding CXX object CMakeFiles/flexbe_msgs__rosidl_typesupport_fastrtps_cpp.dir/rosidl_typesupport_fastrtps_cpp/flexbe_msgs/msg/detail/dds_fastrtps/synthesis_request__type_support.cpp.o[0m
[12.703s] [ 80%] [32mBuilding CXX object CMakeFiles/flexbe_msgs__rosidl_typesupport_fastrtps_cpp.dir/rosidl_typesupport_fastrtps_cpp/flexbe_msgs/msg/detail/dds_fastrtps/ui_command__type_support.cpp.o[0m
[12.747s] [ 80%] [32mBuilding CXX object CMakeFiles/flexbe_msgs__rosidl_typesupport_introspection_cpp.dir/rosidl_typesupport_introspection_cpp/flexbe_msgs/action/detail/behavior_synthesis__type_support.cpp.o[0m
[12.787s] [ 81%] [32mBuilding CXX object CMakeFiles/flexbe_msgs__rosidl_typesupport_fastrtps_c.dir/rosidl_typesupport_fastrtps_c/flexbe_msgs/msg/detail/state_map_msg__type_support_c.cpp.o[0m
[12.791s] [ 81%] [32mBuilding CXX object CMakeFiles/flexbe_msgs__rosidl_typesupport_fastrtps_cpp.dir/rosidl_typesupport_fastrtps_cpp/flexbe_msgs/msg/detail/dds_fastrtps/userdata_info__type_support.cpp.o[0m
[13.019s] [ 82%] [32mBuilding CXX object CMakeFiles/flexbe_msgs__rosidl_typesupport_introspection_cpp.dir/rosidl_typesupport_introspection_cpp/flexbe_msgs/srv/detail/get_userdata__type_support.cpp.o[0m
[13.040s] [ 82%] [32mBuilding CXX object CMakeFiles/flexbe_msgs__rosidl_typesupport_fastrtps_c.dir/rosidl_typesupport_fastrtps_c/flexbe_msgs/msg/detail/synthesis_error_codes__type_support_c.cpp.o[0m
[13.050s] [ 83%] [32mBuilding CXX object CMakeFiles/flexbe_msgs__rosidl_typesupport_fastrtps_cpp.dir/rosidl_typesupport_fastrtps_cpp/flexbe_msgs/action/detail/dds_fastrtps/behavior_input__type_support.cpp.o[0m
[13.180s] [ 83%] [32mBuilding CXX object CMakeFiles/flexbe_msgs__rosidl_typesupport_fastrtps_c.dir/rosidl_typesupport_fastrtps_c/flexbe_msgs/msg/detail/synthesis_request__type_support_c.cpp.o[0m
[13.183s] [ 84%] [32mBuilding CXX object CMakeFiles/flexbe_msgs__rosidl_typesupport_fastrtps_c.dir/rosidl_typesupport_fastrtps_c/flexbe_msgs/msg/detail/ui_command__type_support_c.cpp.o[0m
[13.243s] [ 84%] [32mBuilding CXX object CMakeFiles/flexbe_msgs__rosidl_typesupport_fastrtps_cpp.dir/rosidl_typesupport_fastrtps_cpp/flexbe_msgs/action/detail/dds_fastrtps/behavior_execution__type_support.cpp.o[0m
[13.347s] [ 84%] [32mBuilding CXX object CMakeFiles/flexbe_msgs__rosidl_typesupport_fastrtps_cpp.dir/rosidl_typesupport_fastrtps_cpp/flexbe_msgs/action/detail/dds_fastrtps/behavior_synthesis__type_support.cpp.o[0m
[13.548s] [ 84%] [32mBuilding CXX object CMakeFiles/flexbe_msgs__rosidl_typesupport_fastrtps_c.dir/rosidl_typesupport_fastrtps_c/flexbe_msgs/msg/detail/userdata_info__type_support_c.cpp.o[0m
[13.702s] [ 85%] [32mBuilding CXX object CMakeFiles/flexbe_msgs__rosidl_typesupport_fastrtps_cpp.dir/rosidl_typesupport_fastrtps_cpp/flexbe_msgs/srv/detail/dds_fastrtps/get_userdata__type_support.cpp.o[0m
[13.806s] [ 86%] [32mBuilding CXX object CMakeFiles/flexbe_msgs__rosidl_typesupport_fastrtps_c.dir/rosidl_typesupport_fastrtps_c/flexbe_msgs/action/detail/behavior_input__type_support_c.cpp.o[0m
[13.830s] [ 86%] [32mBuilding CXX object CMakeFiles/flexbe_msgs__rosidl_typesupport_fastrtps_c.dir/rosidl_typesupport_fastrtps_c/flexbe_msgs/action/detail/behavior_execution__type_support_c.cpp.o[0m
[13.915s] [ 86%] [32m[1mLinking CXX shared library libflexbe_msgs__rosidl_typesupport_introspection_cpp.so[0m
[14.037s] [ 86%] Built target flexbe_msgs__rosidl_typesupport_introspection_cpp
[14.049s] [ 87%] [32mBuilding CXX object CMakeFiles/flexbe_msgs__rosidl_typesupport_fastrtps_c.dir/rosidl_typesupport_fastrtps_c/flexbe_msgs/action/detail/behavior_synthesis__type_support_c.cpp.o[0m
[14.100s] [ 87%] [32mBuilding CXX object CMakeFiles/flexbe_msgs__rosidl_typesupport_fastrtps_c.dir/rosidl_typesupport_fastrtps_c/flexbe_msgs/srv/detail/get_userdata__type_support_c.cpp.o[0m
[14.670s] [ 87%] [32m[1mLinking CXX shared library libflexbe_msgs__rosidl_typesupport_fastrtps_c.so[0m
[14.702s] [ 87%] [32m[1mLinking CXX shared library libflexbe_msgs__rosidl_typesupport_fastrtps_cpp.so[0m
[14.733s] [ 87%] Built target flexbe_msgs__rosidl_typesupport_fastrtps_c
[14.780s] [ 87%] Built target flexbe_msgs__rosidl_typesupport_fastrtps_cpp
[14.793s] [ 87%] Built target flexbe_msgs
[14.807s] [ 87%] [34m[1mGenerating Python code for ROS interfaces[0m
[18.254s] [ 87%] Built target flexbe_msgs__py
[18.270s] [ 89%] [32mBuilding C object CMakeFiles/flexbe_msgs__rosidl_generator_py.dir/rosidl_generator_py/flexbe_msgs/msg/_behavior_request_s.c.o[0m
[18.270s] [ 89%] [32mBuilding C object CMakeFiles/flexbe_msgs__rosidl_generator_py.dir/rosidl_generator_py/flexbe_msgs/msg/_behavior_log_s.c.o[0m
[18.270s] [ 89%] [32mBuilding C object CMakeFiles/flexbe_msgs__rosidl_generator_py.dir/rosidl_generator_py/flexbe_msgs/msg/_behavior_selection_s.c.o[0m
[18.270s] [ 89%] [32mBuilding C object CMakeFiles/flexbe_msgs__rosidl_generator_py.dir/rosidl_generator_py/flexbe_msgs/msg/_be_status_s.c.o[0m
[18.271s] [ 90%] [32mBuilding C object CMakeFiles/flexbe_msgs__rosidl_generator_py.dir/rosidl_generator_py/flexbe_msgs/msg/_behavior_sync_s.c.o[0m
[18.271s] [ 89%] [32mBuilding C object CMakeFiles/flexbe_msgs__rosidl_generator_py.dir/rosidl_generator_py/flexbe_msgs/msg/_behavior_modification_s.c.o[0m
[18.274s] [ 90%] [32mBuilding C object CMakeFiles/flexbe_msgs__rosidl_generator_py.dir/rosidl_generator_py/flexbe_msgs/msg/_command_feedback_s.c.o[0m
[18.277s] [ 91%] [32mBuilding C object CMakeFiles/flexbe_msgs__rosidl_generator_py.dir/rosidl_generator_py/flexbe_msgs/msg/_container_s.c.o[0m
[18.376s] [ 91%] [32mBuilding C object CMakeFiles/flexbe_msgs__rosidl_generator_py.dir/rosidl_generator_py/flexbe_msgs/msg/_container_structure_s.c.o[0m
[18.377s] [ 91%] [32mBuilding C object CMakeFiles/flexbe_msgs__rosidl_generator_py.dir/rosidl_generator_py/flexbe_msgs/msg/_outcome_condition_s.c.o[0m
[18.377s] [ 92%] [32mBuilding C object CMakeFiles/flexbe_msgs__rosidl_generator_py.dir/rosidl_generator_py/flexbe_msgs/msg/_outcome_request_s.c.o[0m
[18.379s] [ 92%] [32mBuilding C object CMakeFiles/flexbe_msgs__rosidl_generator_py.dir/rosidl_generator_py/flexbe_msgs/msg/_state_instantiation_s.c.o[0m
[18.387s] [ 93%] [32mBuilding C object CMakeFiles/flexbe_msgs__rosidl_generator_py.dir/rosidl_generator_py/flexbe_msgs/msg/_state_map_msg_s.c.o[0m
[18.390s] [ 93%] [32mBuilding C object CMakeFiles/flexbe_msgs__rosidl_generator_py.dir/rosidl_generator_py/flexbe_msgs/msg/_synthesis_error_codes_s.c.o[0m
[18.409s] [ 94%] [32mBuilding C object CMakeFiles/flexbe_msgs__rosidl_generator_py.dir/rosidl_generator_py/flexbe_msgs/msg/_synthesis_request_s.c.o[0m
[18.413s] [ 94%] [32mBuilding C object CMakeFiles/flexbe_msgs__rosidl_generator_py.dir/rosidl_generator_py/flexbe_msgs/msg/_ui_command_s.c.o[0m
[18.481s] [ 95%] [32mBuilding C object CMakeFiles/flexbe_msgs__rosidl_generator_py.dir/rosidl_generator_py/flexbe_msgs/msg/_userdata_info_s.c.o[0m
[18.481s] [ 95%] [32mBuilding C object CMakeFiles/flexbe_msgs__rosidl_generator_py.dir/rosidl_generator_py/flexbe_msgs/action/_behavior_input_s.c.o[0m
[18.488s] [ 95%] [32mBuilding C object CMakeFiles/flexbe_msgs__rosidl_generator_py.dir/rosidl_generator_py/flexbe_msgs/action/_behavior_execution_s.c.o[0m
[18.494s] [ 96%] [32mBuilding C object CMakeFiles/flexbe_msgs__rosidl_generator_py.dir/rosidl_generator_py/flexbe_msgs/action/_behavior_synthesis_s.c.o[0m
[18.506s] [ 96%] [32mBuilding C object CMakeFiles/flexbe_msgs__rosidl_generator_py.dir/rosidl_generator_py/flexbe_msgs/srv/_get_userdata_s.c.o[0m
[18.677s] [ 97%] [32m[1mLinking C shared library libflexbe_msgs__rosidl_generator_py.so[0m
[18.714s] [ 97%] Built target flexbe_msgs__rosidl_generator_py
[18.728s] [ 97%] [32mBuilding C object CMakeFiles/flexbe_msgs_s__rosidl_typesupport_fastrtps_c.dir/rosidl_generator_py/flexbe_msgs/_flexbe_msgs_s.ep.rosidl_typesupport_fastrtps_c.c.o[0m
[18.728s] [ 97%] [32mBuilding C object CMakeFiles/flexbe_msgs_s__rosidl_typesupport_c.dir/rosidl_generator_py/flexbe_msgs/_flexbe_msgs_s.ep.rosidl_typesupport_c.c.o[0m
[18.728s] [ 97%] [32mBuilding C object CMakeFiles/flexbe_msgs_s__rosidl_typesupport_introspection_c.dir/rosidl_generator_py/flexbe_msgs/_flexbe_msgs_s.ep.rosidl_typesupport_introspection_c.c.o[0m
[18.930s] [ 98%] [32m[1mLinking C shared module rosidl_generator_py/flexbe_msgs/flexbe_msgs_s__rosidl_typesupport_c.so[0m
[18.932s] [ 99%] [32m[1mLinking C shared module rosidl_generator_py/flexbe_msgs/flexbe_msgs_s__rosidl_typesupport_introspection_c.so[0m
[18.932s] [100%] [32m[1mLinking C shared module rosidl_generator_py/flexbe_msgs/flexbe_msgs_s__rosidl_typesupport_fastrtps_c.so[0m
[18.955s] [100%] Built target flexbe_msgs_s__rosidl_typesupport_c
[18.956s] [100%] Built target flexbe_msgs_s__rosidl_typesupport_introspection_c
[18.957s] [100%] Built target flexbe_msgs_s__rosidl_typesupport_fastrtps_c
