[33mCMake Warning at CMakeLists.txt:129 (add_executable):
  Cannot generate a safe runtime search path for target
  get_point_cloud_service because there is a cycle in the constraint graph:

    dir 0 is [/opt/ros/humble/lib]
      dir 1 must precede it due to runtime library [libgeometry_msgs__rosidl_generator_c.so]
      dir 2 must precede it due to runtime library [libtf2.so]
      dir 3 must precede it due to runtime library [libtf2_ros.so]
      dir 4 must precede it due to runtime library [libmessage_filters.so]
      dir 5 must precede it due to runtime library [libsensor_msgs__rosidl_typesupport_fastrtps_c.so]
      dir 6 must precede it due to runtime library [librclcpp.so]
      dir 7 must precede it due to runtime library [libstd_msgs__rosidl_generator_c.so]
      dir 9 must precede it due to runtime library [librclcpp_action.so]
      dir 10 must precede it due to runtime library [librcl_action.so]
      dir 11 must precede it due to runtime library [libtf2_msgs__rosidl_typesupport_introspection_c.so]
      dir 12 must precede it due to runtime library [libaction_msgs__rosidl_typesupport_introspection_c.so]
      dir 13 must precede it due to runtime library [libunique_identifier_msgs__rosidl_typesupport_introspection_c.so]
      dir 14 must precede it due to runtime library [libcomponent_manager.so]
      dir 15 must precede it due to runtime library [liblibstatistics_collector.so]
      dir 16 must precede it due to runtime library [librcl.so]
      dir 17 must precede it due to runtime library [librmw_implementation.so]
      dir 18 must precede it due to runtime library [librcl_logging_spdlog.so]
      dir 19 must precede it due to runtime library [librcl_logging_interface.so]
      dir 20 must precede it due to runtime library [librcl_yaml_param_parser.so]
      dir 21 must precede it due to runtime library [libyaml.so]
      dir 22 must precede it due to runtime library [librosgraph_msgs__rosidl_typesupport_fastrtps_c.so]
      dir 23 must precede it due to runtime library [libstatistics_msgs__rosidl_typesupport_fastrtps_c.so]
      dir 24 must precede it due to runtime library [libtracetools.so]
      dir 25 must precede it due to runtime library [libament_index_cpp.so]
      dir 26 must precede it due to runtime library [libclass_loader.so]
      dir 27 must precede it due to runtime library [libcomposition_interfaces__rosidl_typesupport_introspection_c.so]
      dir 28 must precede it due to runtime library [librcl_interfaces__rosidl_typesupport_introspection_c.so]
      dir 29 must precede it due to runtime library [libbuiltin_interfaces__rosidl_typesupport_introspection_c.so]
      dir 30 must precede it due to runtime library [librosidl_typesupport_fastrtps_c.so]
      dir 31 must precede it due to runtime library [librosidl_typesupport_introspection_cpp.so]
      dir 32 must precede it due to runtime library [librosidl_typesupport_introspection_c.so]
      dir 33 must precede it due to runtime library [librosidl_typesupport_fastrtps_cpp.so]
      dir 34 must precede it due to runtime library [libfastcdr.so.1]
      dir 35 must precede it due to runtime library [librmw.so]
      dir 36 must precede it due to runtime library [librosidl_typesupport_cpp.so]
      dir 37 must precede it due to runtime library [librosidl_typesupport_c.so]
      dir 38 must precede it due to runtime library [librcpputils.so]
      dir 39 must precede it due to runtime library [librosidl_runtime_c.so]
      dir 40 must precede it due to runtime library [librcutils.so]
    dir 1 is [/home/csrobot/ros2_humble/install/geometry_msgs/lib]
      dir 0 must precede it due to runtime library [libgeometry_msgs__rosidl_generator_c.so]
    dir 2 is [/home/csrobot/ros2_humble/install/tf2/lib]
    dir 3 is [/home/csrobot/ros2_humble/install/tf2_ros/lib]
    dir 4 is [/home/csrobot/ros2_humble/install/message_filters/lib]
      dir 0 must precede it due to runtime library [libmessage_filters.so]
    dir 5 is [/home/csrobot/ros2_humble/install/sensor_msgs/lib]
      dir 0 must precede it due to runtime library [libsensor_msgs__rosidl_generator_c.so]
    dir 6 is [/home/csrobot/ros2_humble/install/rclcpp/lib]
      dir 0 must precede it due to runtime library [librclcpp.so]
    dir 7 is [/home/csrobot/ros2_humble/install/std_msgs/lib]
      dir 0 must precede it due to runtime library [libstd_msgs__rosidl_generator_c.so]
    dir 8 is [/home/csrobot/flexbe_ws/build/compare_flexbe_utilities]
    dir 9 is [/home/csrobot/ros2_humble/install/rclcpp_action/lib]
    dir 10 is [/home/csrobot/ros2_humble/install/rcl_action/lib]
    dir 11 is [/home/csrobot/ros2_humble/install/tf2_msgs/lib]
    dir 12 is [/home/csrobot/ros2_humble/install/action_msgs/lib]
    dir 13 is [/home/csrobot/ros2_humble/install/unique_identifier_msgs/lib]
    dir 14 is [/home/csrobot/ros2_humble/install/rclcpp_components/lib]
    dir 15 is [/home/csrobot/ros2_humble/install/libstatistics_collector/lib]
    dir 16 is [/home/csrobot/ros2_humble/install/rcl/lib]
    dir 17 is [/home/csrobot/ros2_humble/install/rmw_implementation/lib]
    dir 18 is [/home/csrobot/ros2_humble/install/rcl_logging_spdlog/lib]
    dir 19 is [/home/csrobot/ros2_humble/install/rcl_logging_interface/lib]
    dir 20 is [/home/csrobot/ros2_humble/install/rcl_yaml_param_parser/lib]
      dir 0 must precede it due to runtime library [librcl_yaml_param_parser.so]
    dir 21 is [/home/csrobot/ros2_humble/install/libyaml_vendor/lib]
    dir 22 is [/home/csrobot/ros2_humble/install/rosgraph_msgs/lib]
      dir 0 must precede it due to runtime library [librosgraph_msgs__rosidl_generator_c.so]
    dir 23 is [/home/csrobot/ros2_humble/install/statistics_msgs/lib]
      dir 0 must precede it due to runtime library [libstatistics_msgs__rosidl_generator_c.so]
    dir 24 is [/home/csrobot/ros2_humble/install/tracetools/lib]
      dir 0 must precede it due to runtime library [libtracetools.so]
    dir 25 is [/home/csrobot/ros2_humble/install/ament_index_cpp/lib]
    dir 26 is [/home/csrobot/ros2_humble/install/class_loader/lib]
    dir 27 is [/home/csrobot/ros2_humble/install/composition_interfaces/lib]
    dir 28 is [/home/csrobot/ros2_humble/install/rcl_interfaces/lib]
    dir 29 is [/home/csrobot/ros2_humble/install/builtin_interfaces/lib]
      dir 0 must precede it due to runtime library [libbuiltin_interfaces__rosidl_generator_c.so]
    dir 30 is [/home/csrobot/ros2_humble/install/rosidl_typesupport_fastrtps_c/lib]
      dir 0 must precede it due to runtime library [librosidl_typesupport_fastrtps_c.so]
    dir 31 is [/home/csrobot/ros2_humble/install/rosidl_typesupport_introspection_cpp/lib]
      dir 0 must precede it due to runtime library [librosidl_typesupport_introspection_cpp.so]
    dir 32 is [/home/csrobot/ros2_humble/install/rosidl_typesupport_introspection_c/lib]
      dir 0 must precede it due to runtime library [librosidl_typesupport_introspection_c.so]
    dir 33 is [/home/csrobot/ros2_humble/install/rosidl_typesupport_fastrtps_cpp/lib]
      dir 0 must precede it due to runtime library [librosidl_typesupport_fastrtps_cpp.so]
    dir 34 is [/home/csrobot/ros2_humble/install/fastcdr/lib]
    dir 35 is [/home/csrobot/ros2_humble/install/rmw/lib]
      dir 0 must precede it due to runtime library [librmw.so]
    dir 36 is [/home/csrobot/ros2_humble/install/rosidl_typesupport_cpp/lib]
      dir 0 must precede it due to runtime library [librosidl_typesupport_cpp.so]
    dir 37 is [/home/csrobot/ros2_humble/install/rosidl_typesupport_c/lib]
      dir 0 must precede it due to runtime library [librosidl_typesupport_c.so]
    dir 38 is [/home/csrobot/ros2_humble/install/rcpputils/lib]
      dir 0 must precede it due to runtime library [librcpputils.so]
    dir 39 is [/home/csrobot/ros2_humble/install/rosidl_runtime_c/lib]
      dir 0 must precede it due to runtime library [librosidl_runtime_c.so]
    dir 40 is [/home/csrobot/ros2_humble/install/rcutils/lib]
      dir 0 must precede it due to runtime library [librcutils.so]

  Some of these libraries may not be found correctly.

[0m
[33mCMake Warning at CMakeLists.txt:142 (add_executable):
  Cannot generate a safe runtime search path for target
  filter_by_indices_service because there is a cycle in the constraint graph:

    dir 0 is [/opt/ros/humble/lib]
      dir 1 must precede it due to runtime library [libgeometry_msgs__rosidl_generator_c.so]
      dir 2 must precede it due to runtime library [libtf2.so]
      dir 3 must precede it due to runtime library [libtf2_ros.so]
      dir 4 must precede it due to runtime library [libmessage_filters.so]
      dir 5 must precede it due to runtime library [libsensor_msgs__rosidl_typesupport_fastrtps_c.so]
      dir 6 must precede it due to runtime library [librclcpp.so]
      dir 7 must precede it due to runtime library [libstd_msgs__rosidl_generator_c.so]
      dir 9 must precede it due to runtime library [librclcpp_action.so]
      dir 10 must precede it due to runtime library [librcl_action.so]
      dir 11 must precede it due to runtime library [libtf2_msgs__rosidl_typesupport_introspection_c.so]
      dir 12 must precede it due to runtime library [libaction_msgs__rosidl_typesupport_introspection_c.so]
      dir 13 must precede it due to runtime library [libunique_identifier_msgs__rosidl_typesupport_introspection_c.so]
      dir 14 must precede it due to runtime library [libcomponent_manager.so]
      dir 15 must precede it due to runtime library [liblibstatistics_collector.so]
      dir 16 must precede it due to runtime library [librcl.so]
      dir 17 must precede it due to runtime library [librmw_implementation.so]
      dir 18 must precede it due to runtime library [librcl_logging_spdlog.so]
      dir 19 must precede it due to runtime library [librcl_logging_interface.so]
      dir 20 must precede it due to runtime library [librcl_yaml_param_parser.so]
      dir 21 must precede it due to runtime library [libyaml.so]
      dir 22 must precede it due to runtime library [librosgraph_msgs__rosidl_typesupport_fastrtps_c.so]
      dir 23 must precede it due to runtime library [libstatistics_msgs__rosidl_typesupport_fastrtps_c.so]
      dir 24 must precede it due to runtime library [libtracetools.so]
      dir 25 must precede it due to runtime library [libament_index_cpp.so]
      dir 26 must precede it due to runtime library [libclass_loader.so]
      dir 27 must precede it due to runtime library [libcomposition_interfaces__rosidl_typesupport_introspection_c.so]
      dir 28 must precede it due to runtime library [librcl_interfaces__rosidl_typesupport_introspection_c.so]
      dir 29 must precede it due to runtime library [libbuiltin_interfaces__rosidl_typesupport_introspection_c.so]
      dir 30 must precede it due to runtime library [librosidl_typesupport_fastrtps_c.so]
      dir 31 must precede it due to runtime library [librosidl_typesupport_introspection_cpp.so]
      dir 32 must precede it due to runtime library [librosidl_typesupport_introspection_c.so]
      dir 33 must precede it due to runtime library [librosidl_typesupport_fastrtps_cpp.so]
      dir 34 must precede it due to runtime library [libfastcdr.so.1]
      dir 35 must precede it due to runtime library [librmw.so]
      dir 36 must precede it due to runtime library [librosidl_typesupport_cpp.so]
      dir 37 must precede it due to runtime library [librosidl_typesupport_c.so]
      dir 38 must precede it due to runtime library [librcpputils.so]
      dir 39 must precede it due to runtime library [librosidl_runtime_c.so]
      dir 40 must precede it due to runtime library [librcutils.so]
    dir 1 is [/home/csrobot/ros2_humble/install/geometry_msgs/lib]
      dir 0 must precede it due to runtime library [libgeometry_msgs__rosidl_generator_c.so]
    dir 2 is [/home/csrobot/ros2_humble/install/tf2/lib]
    dir 3 is [/home/csrobot/ros2_humble/install/tf2_ros/lib]
    dir 4 is [/home/csrobot/ros2_humble/install/message_filters/lib]
      dir 0 must precede it due to runtime library [libmessage_filters.so]
    dir 5 is [/home/csrobot/ros2_humble/install/sensor_msgs/lib]
      dir 0 must precede it due to runtime library [libsensor_msgs__rosidl_generator_c.so]
    dir 6 is [/home/csrobot/ros2_humble/install/rclcpp/lib]
      dir 0 must precede it due to runtime library [librclcpp.so]
    dir 7 is [/home/csrobot/ros2_humble/install/std_msgs/lib]
      dir 0 must precede it due to runtime library [libstd_msgs__rosidl_generator_c.so]
    dir 8 is [/home/csrobot/flexbe_ws/build/compare_flexbe_utilities]
    dir 9 is [/home/csrobot/ros2_humble/install/rclcpp_action/lib]
    dir 10 is [/home/csrobot/ros2_humble/install/rcl_action/lib]
    dir 11 is [/home/csrobot/ros2_humble/install/tf2_msgs/lib]
    dir 12 is [/home/csrobot/ros2_humble/install/action_msgs/lib]
    dir 13 is [/home/csrobot/ros2_humble/install/unique_identifier_msgs/lib]
    dir 14 is [/home/csrobot/ros2_humble/install/rclcpp_components/lib]
    dir 15 is [/home/csrobot/ros2_humble/install/libstatistics_collector/lib]
    dir 16 is [/home/csrobot/ros2_humble/install/rcl/lib]
    dir 17 is [/home/csrobot/ros2_humble/install/rmw_implementation/lib]
    dir 18 is [/home/csrobot/ros2_humble/install/rcl_logging_spdlog/lib]
    dir 19 is [/home/csrobot/ros2_humble/install/rcl_logging_interface/lib]
    dir 20 is [/home/csrobot/ros2_humble/install/rcl_yaml_param_parser/lib]
      dir 0 must precede it due to runtime library [librcl_yaml_param_parser.so]
    dir 21 is [/home/csrobot/ros2_humble/install/libyaml_vendor/lib]
    dir 22 is [/home/csrobot/ros2_humble/install/rosgraph_msgs/lib]
      dir 0 must precede it due to runtime library [librosgraph_msgs__rosidl_generator_c.so]
    dir 23 is [/home/csrobot/ros2_humble/install/statistics_msgs/lib]
      dir 0 must precede it due to runtime library [libstatistics_msgs__rosidl_generator_c.so]
    dir 24 is [/home/csrobot/ros2_humble/install/tracetools/lib]
      dir 0 must precede it due to runtime library [libtracetools.so]
    dir 25 is [/home/csrobot/ros2_humble/install/ament_index_cpp/lib]
    dir 26 is [/home/csrobot/ros2_humble/install/class_loader/lib]
    dir 27 is [/home/csrobot/ros2_humble/install/composition_interfaces/lib]
    dir 28 is [/home/csrobot/ros2_humble/install/rcl_interfaces/lib]
    dir 29 is [/home/csrobot/ros2_humble/install/builtin_interfaces/lib]
      dir 0 must precede it due to runtime library [libbuiltin_interfaces__rosidl_generator_c.so]
    dir 30 is [/home/csrobot/ros2_humble/install/rosidl_typesupport_fastrtps_c/lib]
      dir 0 must precede it due to runtime library [librosidl_typesupport_fastrtps_c.so]
    dir 31 is [/home/csrobot/ros2_humble/install/rosidl_typesupport_introspection_cpp/lib]
      dir 0 must precede it due to runtime library [librosidl_typesupport_introspection_cpp.so]
    dir 32 is [/home/csrobot/ros2_humble/install/rosidl_typesupport_introspection_c/lib]
      dir 0 must precede it due to runtime library [librosidl_typesupport_introspection_c.so]
    dir 33 is [/home/csrobot/ros2_humble/install/rosidl_typesupport_fastrtps_cpp/lib]
      dir 0 must precede it due to runtime library [librosidl_typesupport_fastrtps_cpp.so]
    dir 34 is [/home/csrobot/ros2_humble/install/fastcdr/lib]
    dir 35 is [/home/csrobot/ros2_humble/install/rmw/lib]
      dir 0 must precede it due to runtime library [librmw.so]
    dir 36 is [/home/csrobot/ros2_humble/install/rosidl_typesupport_cpp/lib]
      dir 0 must precede it due to runtime library [librosidl_typesupport_cpp.so]
    dir 37 is [/home/csrobot/ros2_humble/install/rosidl_typesupport_c/lib]
      dir 0 must precede it due to runtime library [librosidl_typesupport_c.so]
    dir 38 is [/home/csrobot/ros2_humble/install/rcpputils/lib]
      dir 0 must precede it due to runtime library [librcpputils.so]
    dir 39 is [/home/csrobot/ros2_humble/install/rosidl_runtime_c/lib]
      dir 0 must precede it due to runtime library [librosidl_runtime_c.so]
    dir 40 is [/home/csrobot/ros2_humble/install/rcutils/lib]
      dir 0 must precede it due to runtime library [librcutils.so]

  Some of these libraries may not be found correctly.

[0m
