-- The C compiler identification is GNU 11.4.0
-- The CXX compiler identification is GNU 11.4.0
-- Detecting C compiler ABI info
-- Detecting C compiler ABI info - done
-- Check for working C compiler: /usr/bin/cc - skipped
-- Detecting C compile features
-- Detecting C compile features - done
-- Detecting CXX compiler ABI info
-- Detecting CXX compiler ABI info - done
-- Check for working CXX compiler: /usr/bin/c++ - skipped
-- Detecting CXX compile features
-- Detecting CXX compile features - done
-- Found ament_cmake: 1.3.12 (/home/csrobot/ros2_humble/install/ament_cmake/share/ament_cmake/cmake)
-- Found Python3: /usr/bin/python3 (found version "3.10.12") found components: Interpreter 
-- Found sensor_msgs: 4.9.0 (/home/csrobot/ros2_humble/install/sensor_msgs/share/sensor_msgs/cmake)
-- Found rosidl_generator_c: 3.1.6 (/home/csrobot/ros2_humble/install/rosidl_generator_c/share/rosidl_generator_c/cmake)
-- Found rosidl_adapter: 3.1.6 (/home/csrobot/ros2_humble/install/rosidl_adapter/share/rosidl_adapter/cmake)
-- Found rosidl_generator_cpp: 3.1.6 (/home/csrobot/ros2_humble/install/rosidl_generator_cpp/share/rosidl_generator_cpp/cmake)
-- Using all available rosidl_typesupport_c: rosidl_typesupport_introspection_c;rosidl_typesupport_fastrtps_c
-- Using all available rosidl_typesupport_cpp: rosidl_typesupport_introspection_cpp;rosidl_typesupport_fastrtps_cpp
-- Found moveit_ros_planning_interface: 2.5.9 (/home/csrobot/ros2_humble/install/moveit_ros_planning_interface/share/moveit_ros_planning_interface/cmake)
-- Found Boost: /usr/lib/x86_64-linux-gnu/cmake/Boost-1.74.0/BoostConfig.cmake (found version "1.74.0") found components: date_time filesystem program_options system thread 
-- Found Boost: /usr/lib/x86_64-linux-gnu/cmake/Boost-1.74.0/BoostConfig.cmake (found version "1.74.0") found components: chrono date_time filesystem iostreams program_options regex serialization system thread 
-- Found parameter_traits: 0.5.0 (/opt/ros/humble/share/parameter_traits/cmake)
-- Found rmw_implementation_cmake: 6.1.2 (/home/csrobot/ros2_humble/install/rmw_implementation_cmake/share/rmw_implementation_cmake/cmake)
-- Found rmw_fastrtps_cpp: 6.2.7 (/home/csrobot/ros2_humble/install/rmw_fastrtps_cpp/share/rmw_fastrtps_cpp/cmake)
-- Found OpenSSL: /usr/lib/x86_64-linux-gnu/libcrypto.so (found version "3.0.2")  
-- Found FastRTPS: /home/csrobot/ros2_humble/install/fastrtps/include  
-- Using RMW implementation 'rmw_fastrtps_cpp' as default
-- Found Threads: TRUE  
-- Found rclcpp_lifecycle: 16.0.13 (/home/csrobot/ros2_humble/install/rclcpp_lifecycle/share/rclcpp_lifecycle/cmake)
-- Found Boost: /usr/lib/x86_64-linux-gnu/cmake/Boost-1.74.0/BoostConfig.cmake (found version "1.74.0") found components: filesystem 
-- library: /usr/lib/x86_64-linux-gnu/libcurl.so
-- Found Eigen3: TRUE (found version "3.4.0") 
-- Ensuring Eigen3 include directory is part of orocos-kdl CMake target
-- Found Boost: /usr/lib/x86_64-linux-gnu/cmake/Boost-1.74.0/BoostConfig.cmake (found version "1.74.0") found components: system filesystem date_time program_options thread chrono 
-- Found Boost: /usr/lib/x86_64-linux-gnu/cmake/Boost-1.74.0/BoostConfig.cmake (found version "1.74.0") found components: thread system filesystem regex date_time program_options 
-- Found Boost: /usr/lib/x86_64-linux-gnu/cmake/Boost-1.74.0/BoostConfig.cmake (found version "1.74.0") found components: system filesystem date_time program_options thread 
-- Found rosidl_default_generators: 1.2.0 (/home/csrobot/ros2_humble/install/rosidl_default_generators/share/rosidl_default_generators/cmake)
-- Found tf2_sensor_msgs: 0.25.14 (/home/csrobot/ros2_humble/install/tf2_sensor_msgs/share/tf2_sensor_msgs/cmake)
-- Found pcl_msgs: 1.0.0 (/opt/ros/humble/share/pcl_msgs/cmake)
-- Found pcl_ros: 2.4.5 (/opt/ros/humble/share/pcl_ros/cmake)
-- Checking for module 'eigen3'
--   Found eigen3, version 3.4.0
-- Found Eigen: /usr/include/eigen3 (Required is at least version "3.1") 
-- Eigen found (include: /usr/include/eigen3, version: 3.4.0)
-- Checking for module 'flann'
--   Found flann, version 1.9.1
-- Found FLANN: /usr/lib/x86_64-linux-gnu/libflann_cpp.so  
-- FLANN found (include: /usr/include, lib: /usr/lib/x86_64-linux-gnu/libflann_cpp.so)
-- Checking for module 'libusb-1.0'
--   Found libusb-1.0, version 1.0.25
-- Found libusb: /usr/lib/x86_64-linux-gnu/libusb-1.0.so  
-- OpenNI found (version: 1.5.4.0, include: /usr/include/ni, lib: /usr/lib/libOpenNI.so;libusb::libusb)
-- OpenNI2 found (version: 2.2.0.33, include: /usr/include/openni2, lib: /usr/lib/x86_64-linux-gnu/libOpenNI2.so;libusb::libusb)
-- Eigen found (include: /usr/include/eigen3, version: 3.4.0)
-- OpenNI found (version: 1.5.4.0, include: /usr/include/ni, lib: /usr/lib/libOpenNI.so;libusb::libusb)
-- OpenNI2 found (version: 2.2.0.33, include: /usr/include/openni2, lib: /usr/lib/x86_64-linux-gnu/libOpenNI2.so;libusb::libusb)
-- Found Qhull version 8.0.2
-- OpenNI found (version: 1.5.4.0, include: /usr/include/ni, lib: /usr/lib/libOpenNI.so;libusb::libusb)
-- Found PCL_COMMON: /usr/lib/x86_64-linux-gnu/libpcl_common.so  
-- Found PCL_KDTREE: /usr/lib/x86_64-linux-gnu/libpcl_kdtree.so  
-- Found PCL_OCTREE: /usr/lib/x86_64-linux-gnu/libpcl_octree.so  
-- Found PCL_SEARCH: /usr/lib/x86_64-linux-gnu/libpcl_search.so  
-- Found PCL_SAMPLE_CONSENSUS: /usr/lib/x86_64-linux-gnu/libpcl_sample_consensus.so  
-- Found PCL_FILTERS: /usr/lib/x86_64-linux-gnu/libpcl_filters.so  
-- Found PCL_2D: /usr/include/pcl-1.12  
-- Found PCL_GEOMETRY: /usr/include/pcl-1.12  
-- Found PCL_IO: /usr/lib/x86_64-linux-gnu/libpcl_io.so  
-- Found PCL_FEATURES: /usr/lib/x86_64-linux-gnu/libpcl_features.so  
-- Found PCL_ML: /usr/lib/x86_64-linux-gnu/libpcl_ml.so  
-- Found PCL_SEGMENTATION: /usr/lib/x86_64-linux-gnu/libpcl_segmentation.so  
-- Found PCL_VISUALIZATION: /usr/lib/x86_64-linux-gnu/libpcl_visualization.so  
-- Found PCL_SURFACE: /usr/lib/x86_64-linux-gnu/libpcl_surface.so  
-- Found PCL_REGISTRATION: /usr/lib/x86_64-linux-gnu/libpcl_registration.so  
-- Found PCL_KEYPOINTS: /usr/lib/x86_64-linux-gnu/libpcl_keypoints.so  
-- Found PCL_TRACKING: /usr/lib/x86_64-linux-gnu/libpcl_tracking.so  
-- Found PCL_RECOGNITION: /usr/lib/x86_64-linux-gnu/libpcl_recognition.so  
-- Found PCL_STEREO: /usr/lib/x86_64-linux-gnu/libpcl_stereo.so  
-- Found PCL_APPS: /usr/lib/x86_64-linux-gnu/libpcl_apps.so  
-- Found PCL_IN_HAND_SCANNER: /usr/include/pcl-1.12  
-- Found PCL_MODELER: /usr/include/pcl-1.12  
-- Found PCL_POINT_CLOUD_EDITOR: /usr/include/pcl-1.12  
-- Found PCL_OUTOFCORE: /usr/lib/x86_64-linux-gnu/libpcl_outofcore.so  
-- Found PCL_PEOPLE: /usr/lib/x86_64-linux-gnu/libpcl_people.so  
-- Found Boost: /usr/lib/x86_64-linux-gnu/cmake/Boost-1.74.0/BoostConfig.cmake (found version "1.74.0") found components: serialization filesystem system 
-- Found ompl: /opt/ros/humble/include/ompl-1.7;/usr/include;/usr/include/eigen3  
-- Found ament_cmake_ros: 0.10.0 (/home/csrobot/ros2_humble/install/ament_cmake_ros/share/ament_cmake_ros/cmake)
-- Using all available rosidl_typesupport_c: rosidl_typesupport_introspection_c;rosidl_typesupport_fastrtps_c
-- Using all available rosidl_typesupport_cpp: rosidl_typesupport_introspection_cpp;rosidl_typesupport_fastrtps_cpp
-- Found PythonInterp: /usr/bin/python3 (found suitable version "3.10.12", minimum required is "3.6") 
-- Found python_cmake_module: 0.10.0 (/home/csrobot/ros2_humble/install/python_cmake_module/share/python_cmake_module/cmake)
-- Found PythonLibs: /usr/lib/x86_64-linux-gnu/libpython3.10.so (found suitable version "3.10.12", minimum required is "3.5") 
-- Using PYTHON_EXECUTABLE: /usr/bin/python3
-- Using PYTHON_INCLUDE_DIRS: /usr/include/python3.10
-- Using PYTHON_LIBRARIES: /usr/lib/x86_64-linux-gnu/libpython3.10.so
-- Found PythonExtra: .so  
-- Found ament_lint_auto: 0.12.12 (/home/csrobot/ros2_humble/install/ament_lint_auto/share/ament_lint_auto/cmake)
-- Added test 'cppcheck' to perform static code analysis on C / C++ code
-- Configured cppcheck include dirs: 
-- Configured cppcheck exclude dirs and/or files: 
-- Added test 'lint_cmake' to check CMake code style
-- Added test 'uncrustify' to check C / C++ code style
-- Configured uncrustify additional arguments: 
-- Added test 'xmllint' to check XML markup files
-- Configuring done
[33mCMake Warning at CMakeLists.txt:129 (add_executable):
  Cannot generate a safe runtime search path for target
  get_point_cloud_service because there is a cycle in the constraint graph:

    dir 0 is [/opt/ros/humble/lib]
      dir 1 must precede it due to runtime library [libgeometry_msgs__rosidl_generator_c.so]
      dir 2 must precede it due to runtime library [libtf2.so]
      dir 3 must precede it due to runtime library [libtf2_ros.so]
      dir 4 must precede it due to runtime library [libmessage_filters.so]
      dir 5 must precede it due to runtime library [libsensor_msgs__rosidl_typesupport_fastrtps_c.so]
      dir 6 must precede it due to runtime library [librclcpp.so]
      dir 7 must precede it due to runtime library [libstd_msgs__rosidl_generator_c.so]
      dir 9 must precede it due to runtime library [librclcpp_action.so]
      dir 10 must precede it due to runtime library [librcl_action.so]
      dir 11 must precede it due to runtime library [libtf2_msgs__rosidl_typesupport_introspection_c.so]
      dir 12 must precede it due to runtime library [libaction_msgs__rosidl_typesupport_introspection_c.so]
      dir 13 must precede it due to runtime library [libunique_identifier_msgs__rosidl_typesupport_introspection_c.so]
      dir 14 must precede it due to runtime library [libcomponent_manager.so]
      dir 15 must precede it due to runtime library [liblibstatistics_collector.so]
      dir 16 must precede it due to runtime library [librcl.so]
      dir 17 must precede it due to runtime library [librmw_implementation.so]
      dir 18 must precede it due to runtime library [librcl_logging_spdlog.so]
      dir 19 must precede it due to runtime library [librcl_logging_interface.so]
      dir 20 must precede it due to runtime library [librcl_yaml_param_parser.so]
      dir 21 must precede it due to runtime library [libyaml.so]
      dir 22 must precede it due to runtime library [librosgraph_msgs__rosidl_typesupport_fastrtps_c.so]
      dir 23 must precede it due to runtime library [libstatistics_msgs__rosidl_typesupport_fastrtps_c.so]
      dir 24 must precede it due to runtime library [libtracetools.so]
      dir 25 must precede it due to runtime library [libament_index_cpp.so]
      dir 26 must precede it due to runtime library [libclass_loader.so]
      dir 27 must precede it due to runtime library [libcomposition_interfaces__rosidl_typesupport_introspection_c.so]
      dir 28 must precede it due to runtime library [librcl_interfaces__rosidl_typesupport_introspection_c.so]
      dir 29 must precede it due to runtime library [libbuiltin_interfaces__rosidl_typesupport_introspection_c.so]
      dir 30 must precede it due to runtime library [librosidl_typesupport_fastrtps_c.so]
      dir 31 must precede it due to runtime library [librosidl_typesupport_introspection_cpp.so]
      dir 32 must precede it due to runtime library [librosidl_typesupport_introspection_c.so]
      dir 33 must precede it due to runtime library [librosidl_typesupport_fastrtps_cpp.so]
      dir 34 must precede it due to runtime library [libfastcdr.so.1]
      dir 35 must precede it due to runtime library [librmw.so]
      dir 36 must precede it due to runtime library [librosidl_typesupport_cpp.so]
      dir 37 must precede it due to runtime library [librosidl_typesupport_c.so]
      dir 38 must precede it due to runtime library [librcpputils.so]
      dir 39 must precede it due to runtime library [librosidl_runtime_c.so]
      dir 40 must precede it due to runtime library [librcutils.so]
    dir 1 is [/home/csrobot/ros2_humble/install/geometry_msgs/lib]
      dir 0 must precede it due to runtime library [libgeometry_msgs__rosidl_generator_c.so]
    dir 2 is [/home/csrobot/ros2_humble/install/tf2/lib]
    dir 3 is [/home/csrobot/ros2_humble/install/tf2_ros/lib]
    dir 4 is [/home/csrobot/ros2_humble/install/message_filters/lib]
      dir 0 must precede it due to runtime library [libmessage_filters.so]
    dir 5 is [/home/csrobot/ros2_humble/install/sensor_msgs/lib]
      dir 0 must precede it due to runtime library [libsensor_msgs__rosidl_generator_c.so]
    dir 6 is [/home/csrobot/ros2_humble/install/rclcpp/lib]
      dir 0 must precede it due to runtime library [librclcpp.so]
    dir 7 is [/home/csrobot/ros2_humble/install/std_msgs/lib]
      dir 0 must precede it due to runtime library [libstd_msgs__rosidl_generator_c.so]
    dir 8 is [/home/csrobot/flexbe_ws/build/compare_flexbe_utilities]
    dir 9 is [/home/csrobot/ros2_humble/install/rclcpp_action/lib]
    dir 10 is [/home/csrobot/ros2_humble/install/rcl_action/lib]
    dir 11 is [/home/csrobot/ros2_humble/install/tf2_msgs/lib]
    dir 12 is [/home/csrobot/ros2_humble/install/action_msgs/lib]
    dir 13 is [/home/csrobot/ros2_humble/install/unique_identifier_msgs/lib]
    dir 14 is [/home/csrobot/ros2_humble/install/rclcpp_components/lib]
    dir 15 is [/home/csrobot/ros2_humble/install/libstatistics_collector/lib]
    dir 16 is [/home/csrobot/ros2_humble/install/rcl/lib]
    dir 17 is [/home/csrobot/ros2_humble/install/rmw_implementation/lib]
    dir 18 is [/home/csrobot/ros2_humble/install/rcl_logging_spdlog/lib]
    dir 19 is [/home/csrobot/ros2_humble/install/rcl_logging_interface/lib]
    dir 20 is [/home/csrobot/ros2_humble/install/rcl_yaml_param_parser/lib]
      dir 0 must precede it due to runtime library [librcl_yaml_param_parser.so]
    dir 21 is [/home/csrobot/ros2_humble/install/libyaml_vendor/lib]
    dir 22 is [/home/csrobot/ros2_humble/install/rosgraph_msgs/lib]
      dir 0 must precede it due to runtime library [librosgraph_msgs__rosidl_generator_c.so]
    dir 23 is [/home/csrobot/ros2_humble/install/statistics_msgs/lib]
      dir 0 must precede it due to runtime library [libstatistics_msgs__rosidl_generator_c.so]
    dir 24 is [/home/csrobot/ros2_humble/install/tracetools/lib]
      dir 0 must precede it due to runtime library [libtracetools.so]
    dir 25 is [/home/csrobot/ros2_humble/install/ament_index_cpp/lib]
    dir 26 is [/home/csrobot/ros2_humble/install/class_loader/lib]
    dir 27 is [/home/csrobot/ros2_humble/install/composition_interfaces/lib]
    dir 28 is [/home/csrobot/ros2_humble/install/rcl_interfaces/lib]
    dir 29 is [/home/csrobot/ros2_humble/install/builtin_interfaces/lib]
      dir 0 must precede it due to runtime library [libbuiltin_interfaces__rosidl_generator_c.so]
    dir 30 is [/home/csrobot/ros2_humble/install/rosidl_typesupport_fastrtps_c/lib]
      dir 0 must precede it due to runtime library [librosidl_typesupport_fastrtps_c.so]
    dir 31 is [/home/csrobot/ros2_humble/install/rosidl_typesupport_introspection_cpp/lib]
      dir 0 must precede it due to runtime library [librosidl_typesupport_introspection_cpp.so]
    dir 32 is [/home/csrobot/ros2_humble/install/rosidl_typesupport_introspection_c/lib]
      dir 0 must precede it due to runtime library [librosidl_typesupport_introspection_c.so]
    dir 33 is [/home/csrobot/ros2_humble/install/rosidl_typesupport_fastrtps_cpp/lib]
      dir 0 must precede it due to runtime library [librosidl_typesupport_fastrtps_cpp.so]
    dir 34 is [/home/csrobot/ros2_humble/install/fastcdr/lib]
    dir 35 is [/home/csrobot/ros2_humble/install/rmw/lib]
      dir 0 must precede it due to runtime library [librmw.so]
    dir 36 is [/home/csrobot/ros2_humble/install/rosidl_typesupport_cpp/lib]
      dir 0 must precede it due to runtime library [librosidl_typesupport_cpp.so]
    dir 37 is [/home/csrobot/ros2_humble/install/rosidl_typesupport_c/lib]
      dir 0 must precede it due to runtime library [librosidl_typesupport_c.so]
    dir 38 is [/home/csrobot/ros2_humble/install/rcpputils/lib]
      dir 0 must precede it due to runtime library [librcpputils.so]
    dir 39 is [/home/csrobot/ros2_humble/install/rosidl_runtime_c/lib]
      dir 0 must precede it due to runtime library [librosidl_runtime_c.so]
    dir 40 is [/home/csrobot/ros2_humble/install/rcutils/lib]
      dir 0 must precede it due to runtime library [librcutils.so]

  Some of these libraries may not be found correctly.

[0m
[33mCMake Warning at CMakeLists.txt:142 (add_executable):
  Cannot generate a safe runtime search path for target
  filter_by_indices_service because there is a cycle in the constraint graph:

    dir 0 is [/opt/ros/humble/lib]
      dir 1 must precede it due to runtime library [libgeometry_msgs__rosidl_generator_c.so]
      dir 2 must precede it due to runtime library [libtf2.so]
      dir 3 must precede it due to runtime library [libtf2_ros.so]
      dir 4 must precede it due to runtime library [libmessage_filters.so]
      dir 5 must precede it due to runtime library [libsensor_msgs__rosidl_typesupport_fastrtps_c.so]
      dir 6 must precede it due to runtime library [librclcpp.so]
      dir 7 must precede it due to runtime library [libstd_msgs__rosidl_generator_c.so]
      dir 9 must precede it due to runtime library [librclcpp_action.so]
      dir 10 must precede it due to runtime library [librcl_action.so]
      dir 11 must precede it due to runtime library [libtf2_msgs__rosidl_typesupport_introspection_c.so]
      dir 12 must precede it due to runtime library [libaction_msgs__rosidl_typesupport_introspection_c.so]
      dir 13 must precede it due to runtime library [libunique_identifier_msgs__rosidl_typesupport_introspection_c.so]
      dir 14 must precede it due to runtime library [libcomponent_manager.so]
      dir 15 must precede it due to runtime library [liblibstatistics_collector.so]
      dir 16 must precede it due to runtime library [librcl.so]
      dir 17 must precede it due to runtime library [librmw_implementation.so]
      dir 18 must precede it due to runtime library [librcl_logging_spdlog.so]
      dir 19 must precede it due to runtime library [librcl_logging_interface.so]
      dir 20 must precede it due to runtime library [librcl_yaml_param_parser.so]
      dir 21 must precede it due to runtime library [libyaml.so]
      dir 22 must precede it due to runtime library [librosgraph_msgs__rosidl_typesupport_fastrtps_c.so]
      dir 23 must precede it due to runtime library [libstatistics_msgs__rosidl_typesupport_fastrtps_c.so]
      dir 24 must precede it due to runtime library [libtracetools.so]
      dir 25 must precede it due to runtime library [libament_index_cpp.so]
      dir 26 must precede it due to runtime library [libclass_loader.so]
      dir 27 must precede it due to runtime library [libcomposition_interfaces__rosidl_typesupport_introspection_c.so]
      dir 28 must precede it due to runtime library [librcl_interfaces__rosidl_typesupport_introspection_c.so]
      dir 29 must precede it due to runtime library [libbuiltin_interfaces__rosidl_typesupport_introspection_c.so]
      dir 30 must precede it due to runtime library [librosidl_typesupport_fastrtps_c.so]
      dir 31 must precede it due to runtime library [librosidl_typesupport_introspection_cpp.so]
      dir 32 must precede it due to runtime library [librosidl_typesupport_introspection_c.so]
      dir 33 must precede it due to runtime library [librosidl_typesupport_fastrtps_cpp.so]
      dir 34 must precede it due to runtime library [libfastcdr.so.1]
      dir 35 must precede it due to runtime library [librmw.so]
      dir 36 must precede it due to runtime library [librosidl_typesupport_cpp.so]
      dir 37 must precede it due to runtime library [librosidl_typesupport_c.so]
      dir 38 must precede it due to runtime library [librcpputils.so]
      dir 39 must precede it due to runtime library [librosidl_runtime_c.so]
      dir 40 must precede it due to runtime library [librcutils.so]
    dir 1 is [/home/csrobot/ros2_humble/install/geometry_msgs/lib]
      dir 0 must precede it due to runtime library [libgeometry_msgs__rosidl_generator_c.so]
    dir 2 is [/home/csrobot/ros2_humble/install/tf2/lib]
    dir 3 is [/home/csrobot/ros2_humble/install/tf2_ros/lib]
    dir 4 is [/home/csrobot/ros2_humble/install/message_filters/lib]
      dir 0 must precede it due to runtime library [libmessage_filters.so]
    dir 5 is [/home/csrobot/ros2_humble/install/sensor_msgs/lib]
      dir 0 must precede it due to runtime library [libsensor_msgs__rosidl_generator_c.so]
    dir 6 is [/home/csrobot/ros2_humble/install/rclcpp/lib]
      dir 0 must precede it due to runtime library [librclcpp.so]
    dir 7 is [/home/csrobot/ros2_humble/install/std_msgs/lib]
      dir 0 must precede it due to runtime library [libstd_msgs__rosidl_generator_c.so]
    dir 8 is [/home/csrobot/flexbe_ws/build/compare_flexbe_utilities]
    dir 9 is [/home/csrobot/ros2_humble/install/rclcpp_action/lib]
    dir 10 is [/home/csrobot/ros2_humble/install/rcl_action/lib]
    dir 11 is [/home/csrobot/ros2_humble/install/tf2_msgs/lib]
    dir 12 is [/home/csrobot/ros2_humble/install/action_msgs/lib]
    dir 13 is [/home/csrobot/ros2_humble/install/unique_identifier_msgs/lib]
    dir 14 is [/home/csrobot/ros2_humble/install/rclcpp_components/lib]
    dir 15 is [/home/csrobot/ros2_humble/install/libstatistics_collector/lib]
    dir 16 is [/home/csrobot/ros2_humble/install/rcl/lib]
    dir 17 is [/home/csrobot/ros2_humble/install/rmw_implementation/lib]
    dir 18 is [/home/csrobot/ros2_humble/install/rcl_logging_spdlog/lib]
    dir 19 is [/home/csrobot/ros2_humble/install/rcl_logging_interface/lib]
    dir 20 is [/home/csrobot/ros2_humble/install/rcl_yaml_param_parser/lib]
      dir 0 must precede it due to runtime library [librcl_yaml_param_parser.so]
    dir 21 is [/home/csrobot/ros2_humble/install/libyaml_vendor/lib]
    dir 22 is [/home/csrobot/ros2_humble/install/rosgraph_msgs/lib]
      dir 0 must precede it due to runtime library [librosgraph_msgs__rosidl_generator_c.so]
    dir 23 is [/home/csrobot/ros2_humble/install/statistics_msgs/lib]
      dir 0 must precede it due to runtime library [libstatistics_msgs__rosidl_generator_c.so]
    dir 24 is [/home/csrobot/ros2_humble/install/tracetools/lib]
      dir 0 must precede it due to runtime library [libtracetools.so]
    dir 25 is [/home/csrobot/ros2_humble/install/ament_index_cpp/lib]
    dir 26 is [/home/csrobot/ros2_humble/install/class_loader/lib]
    dir 27 is [/home/csrobot/ros2_humble/install/composition_interfaces/lib]
    dir 28 is [/home/csrobot/ros2_humble/install/rcl_interfaces/lib]
    dir 29 is [/home/csrobot/ros2_humble/install/builtin_interfaces/lib]
      dir 0 must precede it due to runtime library [libbuiltin_interfaces__rosidl_generator_c.so]
    dir 30 is [/home/csrobot/ros2_humble/install/rosidl_typesupport_fastrtps_c/lib]
      dir 0 must precede it due to runtime library [librosidl_typesupport_fastrtps_c.so]
    dir 31 is [/home/csrobot/ros2_humble/install/rosidl_typesupport_introspection_cpp/lib]
      dir 0 must precede it due to runtime library [librosidl_typesupport_introspection_cpp.so]
    dir 32 is [/home/csrobot/ros2_humble/install/rosidl_typesupport_introspection_c/lib]
      dir 0 must precede it due to runtime library [librosidl_typesupport_introspection_c.so]
    dir 33 is [/home/csrobot/ros2_humble/install/rosidl_typesupport_fastrtps_cpp/lib]
      dir 0 must precede it due to runtime library [librosidl_typesupport_fastrtps_cpp.so]
    dir 34 is [/home/csrobot/ros2_humble/install/fastcdr/lib]
    dir 35 is [/home/csrobot/ros2_humble/install/rmw/lib]
      dir 0 must precede it due to runtime library [librmw.so]
    dir 36 is [/home/csrobot/ros2_humble/install/rosidl_typesupport_cpp/lib]
      dir 0 must precede it due to runtime library [librosidl_typesupport_cpp.so]
    dir 37 is [/home/csrobot/ros2_humble/install/rosidl_typesupport_c/lib]
      dir 0 must precede it due to runtime library [librosidl_typesupport_c.so]
    dir 38 is [/home/csrobot/ros2_humble/install/rcpputils/lib]
      dir 0 must precede it due to runtime library [librcpputils.so]
    dir 39 is [/home/csrobot/ros2_humble/install/rosidl_runtime_c/lib]
      dir 0 must precede it due to runtime library [librosidl_runtime_c.so]
    dir 40 is [/home/csrobot/ros2_humble/install/rcutils/lib]
      dir 0 must precede it due to runtime library [librcutils.so]

  Some of these libraries may not be found correctly.

[0m
-- Generating done
-- Build files have been written to: /home/csrobot/flexbe_ws/build/compare_flexbe_utilities
[  1%] [34m[1mGenerating C code for ROS interfaces[0m
[  2%] [34m[1mGenerating C++ code for ROS interfaces[0m
[  2%] Built target ament_cmake_python_copy_compare_flexbe_utilities
running egg_info
creating compare_flexbe_utilities.egg-info
writing compare_flexbe_utilities.egg-info/PKG-INFO
writing dependency_links to compare_flexbe_utilities.egg-info/dependency_links.txt
writing top-level names to compare_flexbe_utilities.egg-info/top_level.txt
writing manifest file 'compare_flexbe_utilities.egg-info/SOURCES.txt'
reading manifest file 'compare_flexbe_utilities.egg-info/SOURCES.txt'
writing manifest file 'compare_flexbe_utilities.egg-info/SOURCES.txt'
[  2%] Built target ament_cmake_python_build_compare_flexbe_utilities_egg
[  3%] [32mBuilding C object CMakeFiles/compare_flexbe_utilities__rosidl_generator_c.dir/rosidl_generator_c/compare_flexbe_utilities/srv/detail/cartesian_move_to_pose__functions.c.o[0m
[  4%] [32mBuilding C object CMakeFiles/compare_flexbe_utilities__rosidl_generator_c.dir/rosidl_generator_c/compare_flexbe_utilities/srv/detail/voxel_grid_filter__functions.c.o[0m
[  5%] [32mBuilding C object CMakeFiles/compare_flexbe_utilities__rosidl_generator_c.dir/rosidl_generator_c/compare_flexbe_utilities/srv/detail/move_to_pose__functions.c.o[0m
[  6%] [32mBuilding C object CMakeFiles/compare_flexbe_utilities__rosidl_generator_c.dir/rosidl_generator_c/compare_flexbe_utilities/srv/detail/move_to_named_pose__functions.c.o[0m
[  7%] [32mBuilding C object CMakeFiles/compare_flexbe_utilities__rosidl_generator_c.dir/rosidl_generator_c/compare_flexbe_utilities/srv/detail/plane_segmentation__functions.c.o[0m
[  8%] [32mBuilding C object CMakeFiles/compare_flexbe_utilities__rosidl_generator_c.dir/rosidl_generator_c/compare_flexbe_utilities/srv/detail/get_point_cloud__functions.c.o[0m
[  9%] [32mBuilding C object CMakeFiles/compare_flexbe_utilities__rosidl_generator_c.dir/rosidl_generator_c/compare_flexbe_utilities/srv/detail/euclidean_clustering__functions.c.o[0m
[ 10%] [32mBuilding C object CMakeFiles/compare_flexbe_utilities__rosidl_generator_c.dir/rosidl_generator_c/compare_flexbe_utilities/srv/detail/filter_by_indices__functions.c.o[0m
[ 10%] Built target compare_flexbe_utilities__cpp
[ 11%] [32m[1mLinking C shared library libcompare_flexbe_utilities__rosidl_generator_c.so[0m
[ 12%] [34m[1mGenerating C++ type support for eProsima Fast-RTPS[0m
[ 13%] [34m[1mGenerating C++ introspection for ROS interfaces[0m
[ 14%] [34m[1mGenerating C++ type support dispatch for ROS interfaces[0m
[ 14%] Built target compare_flexbe_utilities__rosidl_generator_c
[ 15%] [34m[1mGenerating C type support for eProsima Fast-RTPS[0m
[ 16%] [32mBuilding CXX object CMakeFiles/compare_flexbe_utilities__rosidl_typesupport_cpp.dir/rosidl_typesupport_cpp/compare_flexbe_utilities/srv/cartesian_move_to_pose__type_support.cpp.o[0m
[ 17%] [32mBuilding CXX object CMakeFiles/compare_flexbe_utilities__rosidl_typesupport_cpp.dir/rosidl_typesupport_cpp/compare_flexbe_utilities/srv/move_to_named_pose__type_support.cpp.o[0m
[ 18%] [32mBuilding CXX object CMakeFiles/compare_flexbe_utilities__rosidl_typesupport_cpp.dir/rosidl_typesupport_cpp/compare_flexbe_utilities/srv/move_to_pose__type_support.cpp.o[0m
[ 19%] [32mBuilding CXX object CMakeFiles/compare_flexbe_utilities__rosidl_typesupport_cpp.dir/rosidl_typesupport_cpp/compare_flexbe_utilities/srv/plane_segmentation__type_support.cpp.o[0m
[ 20%] [32mBuilding CXX object CMakeFiles/compare_flexbe_utilities__rosidl_typesupport_introspection_cpp.dir/rosidl_typesupport_introspection_cpp/compare_flexbe_utilities/srv/detail/cartesian_move_to_pose__type_support.cpp.o[0m
[ 21%] [32mBuilding CXX object CMakeFiles/compare_flexbe_utilities__rosidl_typesupport_fastrtps_cpp.dir/rosidl_typesupport_fastrtps_cpp/compare_flexbe_utilities/srv/detail/dds_fastrtps/cartesian_move_to_pose__type_support.cpp.o[0m
[ 22%] [32mBuilding CXX object CMakeFiles/compare_flexbe_utilities__rosidl_typesupport_fastrtps_c.dir/rosidl_typesupport_fastrtps_c/compare_flexbe_utilities/srv/detail/cartesian_move_to_pose__type_support_c.cpp.o[0m
[ 23%] [32mBuilding CXX object CMakeFiles/compare_flexbe_utilities__rosidl_typesupport_cpp.dir/rosidl_typesupport_cpp/compare_flexbe_utilities/srv/euclidean_clustering__type_support.cpp.o[0m
[ 24%] [32mBuilding CXX object CMakeFiles/compare_flexbe_utilities__rosidl_typesupport_introspection_cpp.dir/rosidl_typesupport_introspection_cpp/compare_flexbe_utilities/srv/detail/move_to_named_pose__type_support.cpp.o[0m
[ 25%] [32mBuilding CXX object CMakeFiles/compare_flexbe_utilities__rosidl_typesupport_fastrtps_c.dir/rosidl_typesupport_fastrtps_c/compare_flexbe_utilities/srv/detail/move_to_named_pose__type_support_c.cpp.o[0m
[ 26%] [32mBuilding CXX object CMakeFiles/compare_flexbe_utilities__rosidl_typesupport_cpp.dir/rosidl_typesupport_cpp/compare_flexbe_utilities/srv/get_point_cloud__type_support.cpp.o[0m
[ 27%] [32mBuilding CXX object CMakeFiles/compare_flexbe_utilities__rosidl_typesupport_fastrtps_cpp.dir/rosidl_typesupport_fastrtps_cpp/compare_flexbe_utilities/srv/detail/dds_fastrtps/move_to_named_pose__type_support.cpp.o[0m
[ 28%] [32mBuilding CXX object CMakeFiles/compare_flexbe_utilities__rosidl_typesupport_cpp.dir/rosidl_typesupport_cpp/compare_flexbe_utilities/srv/voxel_grid_filter__type_support.cpp.o[0m
[ 29%] [32mBuilding CXX object CMakeFiles/compare_flexbe_utilities__rosidl_typesupport_introspection_cpp.dir/rosidl_typesupport_introspection_cpp/compare_flexbe_utilities/srv/detail/move_to_pose__type_support.cpp.o[0m
[ 30%] [32mBuilding CXX object CMakeFiles/compare_flexbe_utilities__rosidl_typesupport_fastrtps_c.dir/rosidl_typesupport_fastrtps_c/compare_flexbe_utilities/srv/detail/voxel_grid_filter__type_support_c.cpp.o[0m
[ 31%] [32mBuilding CXX object CMakeFiles/compare_flexbe_utilities__rosidl_typesupport_fastrtps_cpp.dir/rosidl_typesupport_fastrtps_cpp/compare_flexbe_utilities/srv/detail/dds_fastrtps/move_to_pose__type_support.cpp.o[0m
[ 32%] [32mBuilding CXX object CMakeFiles/compare_flexbe_utilities__rosidl_typesupport_cpp.dir/rosidl_typesupport_cpp/compare_flexbe_utilities/srv/filter_by_indices__type_support.cpp.o[0m
[ 33%] [32mBuilding CXX object CMakeFiles/compare_flexbe_utilities__rosidl_typesupport_introspection_cpp.dir/rosidl_typesupport_introspection_cpp/compare_flexbe_utilities/srv/detail/voxel_grid_filter__type_support.cpp.o[0m
[ 34%] [32m[1mLinking CXX shared library libcompare_flexbe_utilities__rosidl_typesupport_cpp.so[0m
[ 35%] [32mBuilding CXX object CMakeFiles/compare_flexbe_utilities__rosidl_typesupport_fastrtps_c.dir/rosidl_typesupport_fastrtps_c/compare_flexbe_utilities/srv/detail/plane_segmentation__type_support_c.cpp.o[0m
[ 35%] Built target compare_flexbe_utilities__rosidl_typesupport_cpp
[ 36%] [32mBuilding CXX object CMakeFiles/compare_flexbe_utilities__rosidl_typesupport_fastrtps_cpp.dir/rosidl_typesupport_fastrtps_cpp/compare_flexbe_utilities/srv/detail/dds_fastrtps/plane_segmentation__type_support.cpp.o[0m
[ 37%] [32mBuilding CXX object CMakeFiles/compare_flexbe_utilities__rosidl_typesupport_introspection_cpp.dir/rosidl_typesupport_introspection_cpp/compare_flexbe_utilities/srv/detail/plane_segmentation__type_support.cpp.o[0m
[ 38%] [32mBuilding CXX object CMakeFiles/compare_flexbe_utilities__rosidl_typesupport_fastrtps_cpp.dir/rosidl_typesupport_fastrtps_cpp/compare_flexbe_utilities/srv/detail/dds_fastrtps/euclidean_clustering__type_support.cpp.o[0m
[ 39%] [32mBuilding CXX object CMakeFiles/compare_flexbe_utilities__rosidl_typesupport_fastrtps_c.dir/rosidl_typesupport_fastrtps_c/compare_flexbe_utilities/srv/detail/euclidean_clustering__type_support_c.cpp.o[0m
[ 40%] [32mBuilding CXX object CMakeFiles/compare_flexbe_utilities__rosidl_typesupport_introspection_cpp.dir/rosidl_typesupport_introspection_cpp/compare_flexbe_utilities/srv/detail/euclidean_clustering__type_support.cpp.o[0m
[ 41%] [32mBuilding CXX object CMakeFiles/compare_flexbe_utilities__rosidl_typesupport_fastrtps_c.dir/rosidl_typesupport_fastrtps_c/compare_flexbe_utilities/srv/detail/move_to_pose__type_support_c.cpp.o[0m
[ 42%] [32mBuilding CXX object CMakeFiles/compare_flexbe_utilities__rosidl_typesupport_fastrtps_cpp.dir/rosidl_typesupport_fastrtps_cpp/compare_flexbe_utilities/srv/detail/dds_fastrtps/voxel_grid_filter__type_support.cpp.o[0m
[ 43%] [32mBuilding CXX object CMakeFiles/compare_flexbe_utilities__rosidl_typesupport_fastrtps_c.dir/rosidl_typesupport_fastrtps_c/compare_flexbe_utilities/srv/detail/get_point_cloud__type_support_c.cpp.o[0m
[ 44%] [32mBuilding CXX object CMakeFiles/compare_flexbe_utilities__rosidl_typesupport_introspection_cpp.dir/rosidl_typesupport_introspection_cpp/compare_flexbe_utilities/srv/detail/get_point_cloud__type_support.cpp.o[0m
[ 45%] [32mBuilding CXX object CMakeFiles/compare_flexbe_utilities__rosidl_typesupport_fastrtps_cpp.dir/rosidl_typesupport_fastrtps_cpp/compare_flexbe_utilities/srv/detail/dds_fastrtps/get_point_cloud__type_support.cpp.o[0m
[ 46%] [32mBuilding CXX object CMakeFiles/compare_flexbe_utilities__rosidl_typesupport_fastrtps_c.dir/rosidl_typesupport_fastrtps_c/compare_flexbe_utilities/srv/detail/filter_by_indices__type_support_c.cpp.o[0m
[ 47%] [32mBuilding CXX object CMakeFiles/compare_flexbe_utilities__rosidl_typesupport_introspection_cpp.dir/rosidl_typesupport_introspection_cpp/compare_flexbe_utilities/srv/detail/filter_by_indices__type_support.cpp.o[0m
[ 48%] [32mBuilding CXX object CMakeFiles/compare_flexbe_utilities__rosidl_typesupport_fastrtps_cpp.dir/rosidl_typesupport_fastrtps_cpp/compare_flexbe_utilities/srv/detail/dds_fastrtps/filter_by_indices__type_support.cpp.o[0m
[ 49%] [32m[1mLinking CXX shared library libcompare_flexbe_utilities__rosidl_typesupport_fastrtps_c.so[0m
[ 49%] Built target compare_flexbe_utilities__rosidl_typesupport_fastrtps_c
[ 50%] [32m[1mLinking CXX shared library libcompare_flexbe_utilities__rosidl_typesupport_introspection_cpp.so[0m
[ 50%] Built target compare_flexbe_utilities__rosidl_typesupport_introspection_cpp
[ 51%] [32m[1mLinking CXX shared library libcompare_flexbe_utilities__rosidl_typesupport_fastrtps_cpp.so[0m
[ 51%] Built target compare_flexbe_utilities__rosidl_typesupport_fastrtps_cpp
[ 52%] [32mBuilding CXX object CMakeFiles/plane_segmentation_service.dir/src/plane_segmentation_service.cpp.o[0m
[ 53%] [32m[1mLinking CXX executable plane_segmentation_service[0m
[ 53%] Built target plane_segmentation_service
[ 54%] [32mBuilding CXX object CMakeFiles/euclidean_clustering_service.dir/src/euclidean_clustering_service.cpp.o[0m
[ 55%] [32m[1mLinking CXX executable euclidean_clustering_service[0m
[ 55%] Built target euclidean_clustering_service
[ 56%] [32mBuilding CXX object CMakeFiles/get_point_cloud_service.dir/src/get_point_cloud_service.cpp.o[0m
[ 57%] [32m[1mLinking CXX executable get_point_cloud_service[0m
[ 57%] Built target get_point_cloud_service
[ 58%] [32mBuilding CXX object CMakeFiles/filter_by_indices_service.dir/src/filter_by_indices_service.cpp.o[0m
[ 59%] [32m[1mLinking CXX executable filter_by_indices_service[0m
[ 59%] Built target filter_by_indices_service
[ 61%] [32mBuilding CXX object CMakeFiles/voxel_grid_filter_service.dir/src/voxel_grid_filter_service.cpp.o[0m
[ 61%] [32mBuilding CXX object CMakeFiles/move_to_pose_service.dir/src/move_to_pose_service.cpp.o[0m
[ 62%] [32m[1mLinking CXX executable voxel_grid_filter_service[0m
[ 62%] Built target voxel_grid_filter_service
[ 64%] [34m[1mGenerating C introspection for ROS interfaces[0m
[ 64%] [34m[1mGenerating C type support dispatch for ROS interfaces[0m
[ 65%] [32mBuilding CXX object CMakeFiles/cartesian_move_to_pose_service.dir/src/cartesian_move_to_pose_service.cpp.o[0m
[ 65%] [32mBuilding CXX object CMakeFiles/move_to_named_pose_service.dir/src/move_to_named_pose_service.cpp.o[0m
[ 66%] [32m[1mLinking CXX executable move_to_pose_service[0m
[ 66%] Built target move_to_pose_service
[ 70%] [32mBuilding CXX object CMakeFiles/compare_flexbe_utilities__rosidl_typesupport_c.dir/rosidl_typesupport_c/compare_flexbe_utilities/srv/move_to_named_pose__type_support.cpp.o[0m
[ 70%] [32mBuilding CXX object CMakeFiles/compare_flexbe_utilities__rosidl_typesupport_c.dir/rosidl_typesupport_c/compare_flexbe_utilities/srv/voxel_grid_filter__type_support.cpp.o[0m
[ 70%] [32mBuilding CXX object CMakeFiles/compare_flexbe_utilities__rosidl_typesupport_c.dir/rosidl_typesupport_c/compare_flexbe_utilities/srv/plane_segmentation__type_support.cpp.o[0m
[ 70%] [32mBuilding CXX object CMakeFiles/compare_flexbe_utilities__rosidl_typesupport_c.dir/rosidl_typesupport_c/compare_flexbe_utilities/srv/move_to_pose__type_support.cpp.o[0m
[ 71%] [32mBuilding CXX object CMakeFiles/compare_flexbe_utilities__rosidl_typesupport_c.dir/rosidl_typesupport_c/compare_flexbe_utilities/srv/cartesian_move_to_pose__type_support.cpp.o[0m
[ 74%] [32mBuilding CXX object CMakeFiles/compare_flexbe_utilities__rosidl_typesupport_c.dir/rosidl_typesupport_c/compare_flexbe_utilities/srv/filter_by_indices__type_support.cpp.o[0m
[ 74%] [32mBuilding CXX object CMakeFiles/compare_flexbe_utilities__rosidl_typesupport_c.dir/rosidl_typesupport_c/compare_flexbe_utilities/srv/get_point_cloud__type_support.cpp.o[0m
[ 74%] [32mBuilding CXX object CMakeFiles/compare_flexbe_utilities__rosidl_typesupport_c.dir/rosidl_typesupport_c/compare_flexbe_utilities/srv/euclidean_clustering__type_support.cpp.o[0m
[ 75%] [32m[1mLinking CXX shared library libcompare_flexbe_utilities__rosidl_typesupport_c.so[0m
[ 75%] Built target compare_flexbe_utilities__rosidl_typesupport_c
[ 79%] [32mBuilding C object CMakeFiles/compare_flexbe_utilities__rosidl_typesupport_introspection_c.dir/rosidl_typesupport_introspection_c/compare_flexbe_utilities/srv/detail/plane_segmentation__type_support.c.o[0m
[ 79%] [32mBuilding C object CMakeFiles/compare_flexbe_utilities__rosidl_typesupport_introspection_c.dir/rosidl_typesupport_introspection_c/compare_flexbe_utilities/srv/detail/cartesian_move_to_pose__type_support.c.o[0m
[ 79%] [32mBuilding C object CMakeFiles/compare_flexbe_utilities__rosidl_typesupport_introspection_c.dir/rosidl_typesupport_introspection_c/compare_flexbe_utilities/srv/detail/move_to_named_pose__type_support.c.o[0m
[ 79%] [32mBuilding C object CMakeFiles/compare_flexbe_utilities__rosidl_typesupport_introspection_c.dir/rosidl_typesupport_introspection_c/compare_flexbe_utilities/srv/detail/voxel_grid_filter__type_support.c.o[0m
[ 79%] [32mBuilding C object CMakeFiles/compare_flexbe_utilities__rosidl_typesupport_introspection_c.dir/rosidl_typesupport_introspection_c/compare_flexbe_utilities/srv/detail/move_to_pose__type_support.c.o[0m
[ 80%] [32mBuilding C object CMakeFiles/compare_flexbe_utilities__rosidl_typesupport_introspection_c.dir/rosidl_typesupport_introspection_c/compare_flexbe_utilities/srv/detail/euclidean_clustering__type_support.c.o[0m
[ 81%] [32mBuilding C object CMakeFiles/compare_flexbe_utilities__rosidl_typesupport_introspection_c.dir/rosidl_typesupport_introspection_c/compare_flexbe_utilities/srv/detail/get_point_cloud__type_support.c.o[0m
[ 82%] [32mBuilding C object CMakeFiles/compare_flexbe_utilities__rosidl_typesupport_introspection_c.dir/rosidl_typesupport_introspection_c/compare_flexbe_utilities/srv/detail/filter_by_indices__type_support.c.o[0m
[ 83%] [32m[1mLinking C shared library libcompare_flexbe_utilities__rosidl_typesupport_introspection_c.so[0m
[ 83%] Built target compare_flexbe_utilities__rosidl_typesupport_introspection_c
[ 83%] Built target compare_flexbe_utilities
[ 84%] [34m[1mGenerating Python code for ROS interfaces[0m
[ 84%] Built target compare_flexbe_utilities__py
[ 88%] [32mBuilding C object CMakeFiles/compare_flexbe_utilities__rosidl_generator_py.dir/rosidl_generator_py/compare_flexbe_utilities/srv/_move_to_pose_s.c.o[0m
[ 89%] [32mBuilding C object CMakeFiles/compare_flexbe_utilities__rosidl_generator_py.dir/rosidl_generator_py/compare_flexbe_utilities/srv/_voxel_grid_filter_s.c.o[0m
[ 89%] [32mBuilding C object CMakeFiles/compare_flexbe_utilities__rosidl_generator_py.dir/rosidl_generator_py/compare_flexbe_utilities/srv/_cartesian_move_to_pose_s.c.o[0m
[ 88%] [32mBuilding C object CMakeFiles/compare_flexbe_utilities__rosidl_generator_py.dir/rosidl_generator_py/compare_flexbe_utilities/srv/_plane_segmentation_s.c.o[0m
[ 88%] [32mBuilding C object CMakeFiles/compare_flexbe_utilities__rosidl_generator_py.dir/rosidl_generator_py/compare_flexbe_utilities/srv/_move_to_named_pose_s.c.o[0m
[ 90%] [32mBuilding C object CMakeFiles/compare_flexbe_utilities__rosidl_generator_py.dir/rosidl_generator_py/compare_flexbe_utilities/srv/_euclidean_clustering_s.c.o[0m
[ 92%] [32mBuilding C object CMakeFiles/compare_flexbe_utilities__rosidl_generator_py.dir/rosidl_generator_py/compare_flexbe_utilities/srv/_filter_by_indices_s.c.o[0m
[ 92%] [32mBuilding C object CMakeFiles/compare_flexbe_utilities__rosidl_generator_py.dir/rosidl_generator_py/compare_flexbe_utilities/srv/_get_point_cloud_s.c.o[0m
[ 93%] [32m[1mLinking C shared library rosidl_generator_py/compare_flexbe_utilities/libcompare_flexbe_utilities__rosidl_generator_py.so[0m
[ 93%] Built target compare_flexbe_utilities__rosidl_generator_py
[ 96%] [32mBuilding C object CMakeFiles/compare_flexbe_utilities__rosidl_typesupport_c__pyext.dir/rosidl_generator_py/compare_flexbe_utilities/_compare_flexbe_utilities_s.ep.rosidl_typesupport_c.c.o[0m
[ 96%] [32mBuilding C object CMakeFiles/compare_flexbe_utilities__rosidl_typesupport_fastrtps_c__pyext.dir/rosidl_generator_py/compare_flexbe_utilities/_compare_flexbe_utilities_s.ep.rosidl_typesupport_fastrtps_c.c.o[0m
[ 96%] [32mBuilding C object CMakeFiles/compare_flexbe_utilities__rosidl_typesupport_introspection_c__pyext.dir/rosidl_generator_py/compare_flexbe_utilities/_compare_flexbe_utilities_s.ep.rosidl_typesupport_introspection_c.c.o[0m
[ 97%] [32m[1mLinking C shared library rosidl_generator_py/compare_flexbe_utilities/compare_flexbe_utilities_s__rosidl_typesupport_c.cpython-310-x86_64-linux-gnu.so[0m
[ 98%] [32m[1mLinking C shared library rosidl_generator_py/compare_flexbe_utilities/compare_flexbe_utilities_s__rosidl_typesupport_introspection_c.cpython-310-x86_64-linux-gnu.so[0m
[ 98%] [32m[1mLinking C shared library rosidl_generator_py/compare_flexbe_utilities/compare_flexbe_utilities_s__rosidl_typesupport_fastrtps_c.cpython-310-x86_64-linux-gnu.so[0m
[ 98%] Built target compare_flexbe_utilities__rosidl_typesupport_c__pyext
[ 98%] Built target compare_flexbe_utilities__rosidl_typesupport_fastrtps_c__pyext
[ 98%] Built target compare_flexbe_utilities__rosidl_typesupport_introspection_c__pyext
[ 99%] [32m[1mLinking CXX executable move_to_named_pose_service[0m
[100%] [32m[1mLinking CXX executable cartesian_move_to_pose_service[0m
[100%] Built target move_to_named_pose_service
[100%] Built target cartesian_move_to_pose_service
-- Install configuration: ""
-- Installing: /home/csrobot/flexbe_ws/install/compare_flexbe_utilities/share/ament_index/resource_index/rosidl_interfaces/compare_flexbe_utilities
-- Installing: /home/csrobot/flexbe_ws/install/compare_flexbe_utilities/include/compare_flexbe_utilities/compare_flexbe_utilities
-- Installing: /home/csrobot/flexbe_ws/install/compare_flexbe_utilities/include/compare_flexbe_utilities/compare_flexbe_utilities/msg
-- Installing: /home/csrobot/flexbe_ws/install/compare_flexbe_utilities/include/compare_flexbe_utilities/compare_flexbe_utilities/msg/rosidl_generator_c__visibility_control.h
-- Installing: /home/csrobot/flexbe_ws/install/compare_flexbe_utilities/include/compare_flexbe_utilities/compare_flexbe_utilities/srv
-- Installing: /home/csrobot/flexbe_ws/install/compare_flexbe_utilities/include/compare_flexbe_utilities/compare_flexbe_utilities/srv/plane_segmentation.h
-- Installing: /home/csrobot/flexbe_ws/install/compare_flexbe_utilities/include/compare_flexbe_utilities/compare_flexbe_utilities/srv/filter_by_indices.h
-- Installing: /home/csrobot/flexbe_ws/install/compare_flexbe_utilities/include/compare_flexbe_utilities/compare_flexbe_utilities/srv/move_to_named_pose.h
-- Installing: /home/csrobot/flexbe_ws/install/compare_flexbe_utilities/include/compare_flexbe_utilities/compare_flexbe_utilities/srv/euclidean_clustering.h
-- Installing: /home/csrobot/flexbe_ws/install/compare_flexbe_utilities/include/compare_flexbe_utilities/compare_flexbe_utilities/srv/get_point_cloud.h
-- Installing: /home/csrobot/flexbe_ws/install/compare_flexbe_utilities/include/compare_flexbe_utilities/compare_flexbe_utilities/srv/move_to_pose.h
-- Installing: /home/csrobot/flexbe_ws/install/compare_flexbe_utilities/include/compare_flexbe_utilities/compare_flexbe_utilities/srv/detail
-- Installing: /home/csrobot/flexbe_ws/install/compare_flexbe_utilities/include/compare_flexbe_utilities/compare_flexbe_utilities/srv/detail/euclidean_clustering__type_support.h
-- Installing: /home/csrobot/flexbe_ws/install/compare_flexbe_utilities/include/compare_flexbe_utilities/compare_flexbe_utilities/srv/detail/euclidean_clustering__struct.h
-- Installing: /home/csrobot/flexbe_ws/install/compare_flexbe_utilities/include/compare_flexbe_utilities/compare_flexbe_utilities/srv/detail/move_to_pose__struct.h
-- Installing: /home/csrobot/flexbe_ws/install/compare_flexbe_utilities/include/compare_flexbe_utilities/compare_flexbe_utilities/srv/detail/get_point_cloud__functions.c
-- Installing: /home/csrobot/flexbe_ws/install/compare_flexbe_utilities/include/compare_flexbe_utilities/compare_flexbe_utilities/srv/detail/euclidean_clustering__functions.c
-- Installing: /home/csrobot/flexbe_ws/install/compare_flexbe_utilities/include/compare_flexbe_utilities/compare_flexbe_utilities/srv/detail/cartesian_move_to_pose__functions.c
-- Installing: /home/csrobot/flexbe_ws/install/compare_flexbe_utilities/include/compare_flexbe_utilities/compare_flexbe_utilities/srv/detail/get_point_cloud__type_support.h
-- Installing: /home/csrobot/flexbe_ws/install/compare_flexbe_utilities/include/compare_flexbe_utilities/compare_flexbe_utilities/srv/detail/plane_segmentation__functions.h
-- Installing: /home/csrobot/flexbe_ws/install/compare_flexbe_utilities/include/compare_flexbe_utilities/compare_flexbe_utilities/srv/detail/move_to_named_pose__struct.h
-- Installing: /home/csrobot/flexbe_ws/install/compare_flexbe_utilities/include/compare_flexbe_utilities/compare_flexbe_utilities/srv/detail/filter_by_indices__functions.c
-- Installing: /home/csrobot/flexbe_ws/install/compare_flexbe_utilities/include/compare_flexbe_utilities/compare_flexbe_utilities/srv/detail/cartesian_move_to_pose__type_support.h
-- Installing: /home/csrobot/flexbe_ws/install/compare_flexbe_utilities/include/compare_flexbe_utilities/compare_flexbe_utilities/srv/detail/voxel_grid_filter__struct.h
-- Installing: /home/csrobot/flexbe_ws/install/compare_flexbe_utilities/include/compare_flexbe_utilities/compare_flexbe_utilities/srv/detail/filter_by_indices__type_support.h
-- Installing: /home/csrobot/flexbe_ws/install/compare_flexbe_utilities/include/compare_flexbe_utilities/compare_flexbe_utilities/srv/detail/voxel_grid_filter__functions.c
-- Installing: /home/csrobot/flexbe_ws/install/compare_flexbe_utilities/include/compare_flexbe_utilities/compare_flexbe_utilities/srv/detail/voxel_grid_filter__type_support.h
-- Installing: /home/csrobot/flexbe_ws/install/compare_flexbe_utilities/include/compare_flexbe_utilities/compare_flexbe_utilities/srv/detail/voxel_grid_filter__functions.h
-- Installing: /home/csrobot/flexbe_ws/install/compare_flexbe_utilities/include/compare_flexbe_utilities/compare_flexbe_utilities/srv/detail/plane_segmentation__type_support.h
-- Installing: /home/csrobot/flexbe_ws/install/compare_flexbe_utilities/include/compare_flexbe_utilities/compare_flexbe_utilities/srv/detail/move_to_pose__functions.h
-- Installing: /home/csrobot/flexbe_ws/install/compare_flexbe_utilities/include/compare_flexbe_utilities/compare_flexbe_utilities/srv/detail/move_to_pose__functions.c
-- Installing: /home/csrobot/flexbe_ws/install/compare_flexbe_utilities/include/compare_flexbe_utilities/compare_flexbe_utilities/srv/detail/move_to_named_pose__functions.c
-- Installing: /home/csrobot/flexbe_ws/install/compare_flexbe_utilities/include/compare_flexbe_utilities/compare_flexbe_utilities/srv/detail/filter_by_indices__functions.h
-- Installing: /home/csrobot/flexbe_ws/install/compare_flexbe_utilities/include/compare_flexbe_utilities/compare_flexbe_utilities/srv/detail/move_to_named_pose__functions.h
-- Installing: /home/csrobot/flexbe_ws/install/compare_flexbe_utilities/include/compare_flexbe_utilities/compare_flexbe_utilities/srv/detail/move_to_named_pose__type_support.h
-- Installing: /home/csrobot/flexbe_ws/install/compare_flexbe_utilities/include/compare_flexbe_utilities/compare_flexbe_utilities/srv/detail/get_point_cloud__struct.h
-- Installing: /home/csrobot/flexbe_ws/install/compare_flexbe_utilities/include/compare_flexbe_utilities/compare_flexbe_utilities/srv/detail/move_to_pose__type_support.h
-- Installing: /home/csrobot/flexbe_ws/install/compare_flexbe_utilities/include/compare_flexbe_utilities/compare_flexbe_utilities/srv/detail/euclidean_clustering__functions.h
-- Installing: /home/csrobot/flexbe_ws/install/compare_flexbe_utilities/include/compare_flexbe_utilities/compare_flexbe_utilities/srv/detail/filter_by_indices__struct.h
-- Installing: /home/csrobot/flexbe_ws/install/compare_flexbe_utilities/include/compare_flexbe_utilities/compare_flexbe_utilities/srv/detail/cartesian_move_to_pose__struct.h
-- Installing: /home/csrobot/flexbe_ws/install/compare_flexbe_utilities/include/compare_flexbe_utilities/compare_flexbe_utilities/srv/detail/plane_segmentation__functions.c
-- Installing: /home/csrobot/flexbe_ws/install/compare_flexbe_utilities/include/compare_flexbe_utilities/compare_flexbe_utilities/srv/detail/plane_segmentation__struct.h
-- Installing: /home/csrobot/flexbe_ws/install/compare_flexbe_utilities/include/compare_flexbe_utilities/compare_flexbe_utilities/srv/detail/cartesian_move_to_pose__functions.h
-- Installing: /home/csrobot/flexbe_ws/install/compare_flexbe_utilities/include/compare_flexbe_utilities/compare_flexbe_utilities/srv/detail/get_point_cloud__functions.h
-- Installing: /home/csrobot/flexbe_ws/install/compare_flexbe_utilities/include/compare_flexbe_utilities/compare_flexbe_utilities/srv/cartesian_move_to_pose.h
-- Installing: /home/csrobot/flexbe_ws/install/compare_flexbe_utilities/include/compare_flexbe_utilities/compare_flexbe_utilities/srv/voxel_grid_filter.h
-- Installing: /home/csrobot/flexbe_ws/install/compare_flexbe_utilities/share/compare_flexbe_utilities/environment/library_path.sh
-- Installing: /home/csrobot/flexbe_ws/install/compare_flexbe_utilities/share/compare_flexbe_utilities/environment/library_path.dsv
-- Installing: /home/csrobot/flexbe_ws/install/compare_flexbe_utilities/lib/libcompare_flexbe_utilities__rosidl_generator_c.so
-- Set runtime path of "/home/csrobot/flexbe_ws/install/compare_flexbe_utilities/lib/libcompare_flexbe_utilities__rosidl_generator_c.so" to ""
-- Up-to-date: /home/csrobot/flexbe_ws/install/compare_flexbe_utilities/include/compare_flexbe_utilities/compare_flexbe_utilities
-- Up-to-date: /home/csrobot/flexbe_ws/install/compare_flexbe_utilities/include/compare_flexbe_utilities/compare_flexbe_utilities/msg
-- Installing: /home/csrobot/flexbe_ws/install/compare_flexbe_utilities/include/compare_flexbe_utilities/compare_flexbe_utilities/msg/rosidl_typesupport_fastrtps_c__visibility_control.h
-- Up-to-date: /home/csrobot/flexbe_ws/install/compare_flexbe_utilities/include/compare_flexbe_utilities/compare_flexbe_utilities/srv
-- Up-to-date: /home/csrobot/flexbe_ws/install/compare_flexbe_utilities/include/compare_flexbe_utilities/compare_flexbe_utilities/srv/detail
-- Installing: /home/csrobot/flexbe_ws/install/compare_flexbe_utilities/include/compare_flexbe_utilities/compare_flexbe_utilities/srv/detail/plane_segmentation__rosidl_typesupport_fastrtps_c.h
-- Installing: /home/csrobot/flexbe_ws/install/compare_flexbe_utilities/include/compare_flexbe_utilities/compare_flexbe_utilities/srv/detail/filter_by_indices__rosidl_typesupport_fastrtps_c.h
-- Installing: /home/csrobot/flexbe_ws/install/compare_flexbe_utilities/include/compare_flexbe_utilities/compare_flexbe_utilities/srv/detail/cartesian_move_to_pose__rosidl_typesupport_fastrtps_c.h
-- Installing: /home/csrobot/flexbe_ws/install/compare_flexbe_utilities/include/compare_flexbe_utilities/compare_flexbe_utilities/srv/detail/voxel_grid_filter__rosidl_typesupport_fastrtps_c.h
-- Installing: /home/csrobot/flexbe_ws/install/compare_flexbe_utilities/include/compare_flexbe_utilities/compare_flexbe_utilities/srv/detail/move_to_named_pose__rosidl_typesupport_fastrtps_c.h
-- Installing: /home/csrobot/flexbe_ws/install/compare_flexbe_utilities/include/compare_flexbe_utilities/compare_flexbe_utilities/srv/detail/move_to_pose__rosidl_typesupport_fastrtps_c.h
-- Installing: /home/csrobot/flexbe_ws/install/compare_flexbe_utilities/include/compare_flexbe_utilities/compare_flexbe_utilities/srv/detail/euclidean_clustering__rosidl_typesupport_fastrtps_c.h
-- Installing: /home/csrobot/flexbe_ws/install/compare_flexbe_utilities/include/compare_flexbe_utilities/compare_flexbe_utilities/srv/detail/get_point_cloud__rosidl_typesupport_fastrtps_c.h
-- Installing: /home/csrobot/flexbe_ws/install/compare_flexbe_utilities/lib/libcompare_flexbe_utilities__rosidl_typesupport_fastrtps_c.so
-- Set runtime path of "/home/csrobot/flexbe_ws/install/compare_flexbe_utilities/lib/libcompare_flexbe_utilities__rosidl_typesupport_fastrtps_c.so" to ""
-- Up-to-date: /home/csrobot/flexbe_ws/install/compare_flexbe_utilities/include/compare_flexbe_utilities/compare_flexbe_utilities
-- Up-to-date: /home/csrobot/flexbe_ws/install/compare_flexbe_utilities/include/compare_flexbe_utilities/compare_flexbe_utilities/msg
-- Installing: /home/csrobot/flexbe_ws/install/compare_flexbe_utilities/include/compare_flexbe_utilities/compare_flexbe_utilities/msg/rosidl_generator_cpp__visibility_control.hpp
-- Up-to-date: /home/csrobot/flexbe_ws/install/compare_flexbe_utilities/include/compare_flexbe_utilities/compare_flexbe_utilities/srv
-- Installing: /home/csrobot/flexbe_ws/install/compare_flexbe_utilities/include/compare_flexbe_utilities/compare_flexbe_utilities/srv/filter_by_indices.hpp
-- Installing: /home/csrobot/flexbe_ws/install/compare_flexbe_utilities/include/compare_flexbe_utilities/compare_flexbe_utilities/srv/plane_segmentation.hpp
-- Installing: /home/csrobot/flexbe_ws/install/compare_flexbe_utilities/include/compare_flexbe_utilities/compare_flexbe_utilities/srv/move_to_pose.hpp
-- Installing: /home/csrobot/flexbe_ws/install/compare_flexbe_utilities/include/compare_flexbe_utilities/compare_flexbe_utilities/srv/euclidean_clustering.hpp
-- Installing: /home/csrobot/flexbe_ws/install/compare_flexbe_utilities/include/compare_flexbe_utilities/compare_flexbe_utilities/srv/voxel_grid_filter.hpp
-- Installing: /home/csrobot/flexbe_ws/install/compare_flexbe_utilities/include/compare_flexbe_utilities/compare_flexbe_utilities/srv/get_point_cloud.hpp
-- Up-to-date: /home/csrobot/flexbe_ws/install/compare_flexbe_utilities/include/compare_flexbe_utilities/compare_flexbe_utilities/srv/detail
-- Installing: /home/csrobot/flexbe_ws/install/compare_flexbe_utilities/include/compare_flexbe_utilities/compare_flexbe_utilities/srv/detail/move_to_pose__traits.hpp
-- Installing: /home/csrobot/flexbe_ws/install/compare_flexbe_utilities/include/compare_flexbe_utilities/compare_flexbe_utilities/srv/detail/move_to_pose__struct.hpp
-- Installing: /home/csrobot/flexbe_ws/install/compare_flexbe_utilities/include/compare_flexbe_utilities/compare_flexbe_utilities/srv/detail/plane_segmentation__struct.hpp
-- Installing: /home/csrobot/flexbe_ws/install/compare_flexbe_utilities/include/compare_flexbe_utilities/compare_flexbe_utilities/srv/detail/plane_segmentation__traits.hpp
-- Installing: /home/csrobot/flexbe_ws/install/compare_flexbe_utilities/include/compare_flexbe_utilities/compare_flexbe_utilities/srv/detail/filter_by_indices__traits.hpp
-- Installing: /home/csrobot/flexbe_ws/install/compare_flexbe_utilities/include/compare_flexbe_utilities/compare_flexbe_utilities/srv/detail/voxel_grid_filter__struct.hpp
-- Installing: /home/csrobot/flexbe_ws/install/compare_flexbe_utilities/include/compare_flexbe_utilities/compare_flexbe_utilities/srv/detail/cartesian_move_to_pose__type_support.hpp
-- Installing: /home/csrobot/flexbe_ws/install/compare_flexbe_utilities/include/compare_flexbe_utilities/compare_flexbe_utilities/srv/detail/voxel_grid_filter__builder.hpp
-- Installing: /home/csrobot/flexbe_ws/install/compare_flexbe_utilities/include/compare_flexbe_utilities/compare_flexbe_utilities/srv/detail/get_point_cloud__builder.hpp
-- Installing: /home/csrobot/flexbe_ws/install/compare_flexbe_utilities/include/compare_flexbe_utilities/compare_flexbe_utilities/srv/detail/plane_segmentation__builder.hpp
-- Installing: /home/csrobot/flexbe_ws/install/compare_flexbe_utilities/include/compare_flexbe_utilities/compare_flexbe_utilities/srv/detail/filter_by_indices__struct.hpp
-- Installing: /home/csrobot/flexbe_ws/install/compare_flexbe_utilities/include/compare_flexbe_utilities/compare_flexbe_utilities/srv/detail/cartesian_move_to_pose__traits.hpp
-- Installing: /home/csrobot/flexbe_ws/install/compare_flexbe_utilities/include/compare_flexbe_utilities/compare_flexbe_utilities/srv/detail/euclidean_clustering__builder.hpp
-- Installing: /home/csrobot/flexbe_ws/install/compare_flexbe_utilities/include/compare_flexbe_utilities/compare_flexbe_utilities/srv/detail/get_point_cloud__struct.hpp
-- Installing: /home/csrobot/flexbe_ws/install/compare_flexbe_utilities/include/compare_flexbe_utilities/compare_flexbe_utilities/srv/detail/euclidean_clustering__struct.hpp
-- Installing: /home/csrobot/flexbe_ws/install/compare_flexbe_utilities/include/compare_flexbe_utilities/compare_flexbe_utilities/srv/detail/filter_by_indices__builder.hpp
-- Installing: /home/csrobot/flexbe_ws/install/compare_flexbe_utilities/include/compare_flexbe_utilities/compare_flexbe_utilities/srv/detail/voxel_grid_filter__traits.hpp
-- Installing: /home/csrobot/flexbe_ws/install/compare_flexbe_utilities/include/compare_flexbe_utilities/compare_flexbe_utilities/srv/detail/filter_by_indices__type_support.hpp
-- Installing: /home/csrobot/flexbe_ws/install/compare_flexbe_utilities/include/compare_flexbe_utilities/compare_flexbe_utilities/srv/detail/plane_segmentation__type_support.hpp
-- Installing: /home/csrobot/flexbe_ws/install/compare_flexbe_utilities/include/compare_flexbe_utilities/compare_flexbe_utilities/srv/detail/cartesian_move_to_pose__struct.hpp
-- Installing: /home/csrobot/flexbe_ws/install/compare_flexbe_utilities/include/compare_flexbe_utilities/compare_flexbe_utilities/srv/detail/euclidean_clustering__traits.hpp
-- Installing: /home/csrobot/flexbe_ws/install/compare_flexbe_utilities/include/compare_flexbe_utilities/compare_flexbe_utilities/srv/detail/move_to_named_pose__traits.hpp
-- Installing: /home/csrobot/flexbe_ws/install/compare_flexbe_utilities/include/compare_flexbe_utilities/compare_flexbe_utilities/srv/detail/euclidean_clustering__type_support.hpp
-- Installing: /home/csrobot/flexbe_ws/install/compare_flexbe_utilities/include/compare_flexbe_utilities/compare_flexbe_utilities/srv/detail/move_to_pose__builder.hpp
-- Installing: /home/csrobot/flexbe_ws/install/compare_flexbe_utilities/include/compare_flexbe_utilities/compare_flexbe_utilities/srv/detail/move_to_named_pose__struct.hpp
-- Installing: /home/csrobot/flexbe_ws/install/compare_flexbe_utilities/include/compare_flexbe_utilities/compare_flexbe_utilities/srv/detail/cartesian_move_to_pose__builder.hpp
-- Installing: /home/csrobot/flexbe_ws/install/compare_flexbe_utilities/include/compare_flexbe_utilities/compare_flexbe_utilities/srv/detail/voxel_grid_filter__type_support.hpp
-- Installing: /home/csrobot/flexbe_ws/install/compare_flexbe_utilities/include/compare_flexbe_utilities/compare_flexbe_utilities/srv/detail/get_point_cloud__traits.hpp
-- Installing: /home/csrobot/flexbe_ws/install/compare_flexbe_utilities/include/compare_flexbe_utilities/compare_flexbe_utilities/srv/detail/move_to_pose__type_support.hpp
-- Installing: /home/csrobot/flexbe_ws/install/compare_flexbe_utilities/include/compare_flexbe_utilities/compare_flexbe_utilities/srv/detail/get_point_cloud__type_support.hpp
-- Installing: /home/csrobot/flexbe_ws/install/compare_flexbe_utilities/include/compare_flexbe_utilities/compare_flexbe_utilities/srv/detail/move_to_named_pose__builder.hpp
-- Installing: /home/csrobot/flexbe_ws/install/compare_flexbe_utilities/include/compare_flexbe_utilities/compare_flexbe_utilities/srv/detail/move_to_named_pose__type_support.hpp
-- Installing: /home/csrobot/flexbe_ws/install/compare_flexbe_utilities/include/compare_flexbe_utilities/compare_flexbe_utilities/srv/cartesian_move_to_pose.hpp
-- Installing: /home/csrobot/flexbe_ws/install/compare_flexbe_utilities/include/compare_flexbe_utilities/compare_flexbe_utilities/srv/move_to_named_pose.hpp
-- Up-to-date: /home/csrobot/flexbe_ws/install/compare_flexbe_utilities/include/compare_flexbe_utilities/compare_flexbe_utilities
-- Up-to-date: /home/csrobot/flexbe_ws/install/compare_flexbe_utilities/include/compare_flexbe_utilities/compare_flexbe_utilities/msg
-- Installing: /home/csrobot/flexbe_ws/install/compare_flexbe_utilities/include/compare_flexbe_utilities/compare_flexbe_utilities/msg/rosidl_typesupport_fastrtps_cpp__visibility_control.h
-- Up-to-date: /home/csrobot/flexbe_ws/install/compare_flexbe_utilities/include/compare_flexbe_utilities/compare_flexbe_utilities/srv
-- Up-to-date: /home/csrobot/flexbe_ws/install/compare_flexbe_utilities/include/compare_flexbe_utilities/compare_flexbe_utilities/srv/detail
-- Installing: /home/csrobot/flexbe_ws/install/compare_flexbe_utilities/include/compare_flexbe_utilities/compare_flexbe_utilities/srv/detail/voxel_grid_filter__rosidl_typesupport_fastrtps_cpp.hpp
-- Installing: /home/csrobot/flexbe_ws/install/compare_flexbe_utilities/include/compare_flexbe_utilities/compare_flexbe_utilities/srv/detail/filter_by_indices__rosidl_typesupport_fastrtps_cpp.hpp
-- Installing: /home/csrobot/flexbe_ws/install/compare_flexbe_utilities/include/compare_flexbe_utilities/compare_flexbe_utilities/srv/detail/move_to_named_pose__rosidl_typesupport_fastrtps_cpp.hpp
-- Installing: /home/csrobot/flexbe_ws/install/compare_flexbe_utilities/include/compare_flexbe_utilities/compare_flexbe_utilities/srv/detail/euclidean_clustering__rosidl_typesupport_fastrtps_cpp.hpp
-- Installing: /home/csrobot/flexbe_ws/install/compare_flexbe_utilities/include/compare_flexbe_utilities/compare_flexbe_utilities/srv/detail/plane_segmentation__rosidl_typesupport_fastrtps_cpp.hpp
-- Installing: /home/csrobot/flexbe_ws/install/compare_flexbe_utilities/include/compare_flexbe_utilities/compare_flexbe_utilities/srv/detail/cartesian_move_to_pose__rosidl_typesupport_fastrtps_cpp.hpp
-- Installing: /home/csrobot/flexbe_ws/install/compare_flexbe_utilities/include/compare_flexbe_utilities/compare_flexbe_utilities/srv/detail/dds_fastrtps
-- Installing: /home/csrobot/flexbe_ws/install/compare_flexbe_utilities/include/compare_flexbe_utilities/compare_flexbe_utilities/srv/detail/get_point_cloud__rosidl_typesupport_fastrtps_cpp.hpp
-- Installing: /home/csrobot/flexbe_ws/install/compare_flexbe_utilities/include/compare_flexbe_utilities/compare_flexbe_utilities/srv/detail/move_to_pose__rosidl_typesupport_fastrtps_cpp.hpp
-- Installing: /home/csrobot/flexbe_ws/install/compare_flexbe_utilities/lib/libcompare_flexbe_utilities__rosidl_typesupport_fastrtps_cpp.so
-- Set runtime path of "/home/csrobot/flexbe_ws/install/compare_flexbe_utilities/lib/libcompare_flexbe_utilities__rosidl_typesupport_fastrtps_cpp.so" to ""
-- Up-to-date: /home/csrobot/flexbe_ws/install/compare_flexbe_utilities/include/compare_flexbe_utilities/compare_flexbe_utilities
-- Up-to-date: /home/csrobot/flexbe_ws/install/compare_flexbe_utilities/include/compare_flexbe_utilities/compare_flexbe_utilities/msg
-- Installing: /home/csrobot/flexbe_ws/install/compare_flexbe_utilities/include/compare_flexbe_utilities/compare_flexbe_utilities/msg/rosidl_typesupport_introspection_c__visibility_control.h
-- Up-to-date: /home/csrobot/flexbe_ws/install/compare_flexbe_utilities/include/compare_flexbe_utilities/compare_flexbe_utilities/srv
-- Up-to-date: /home/csrobot/flexbe_ws/install/compare_flexbe_utilities/include/compare_flexbe_utilities/compare_flexbe_utilities/srv/detail
-- Installing: /home/csrobot/flexbe_ws/install/compare_flexbe_utilities/include/compare_flexbe_utilities/compare_flexbe_utilities/srv/detail/move_to_named_pose__type_support.c
-- Installing: /home/csrobot/flexbe_ws/install/compare_flexbe_utilities/include/compare_flexbe_utilities/compare_flexbe_utilities/srv/detail/plane_segmentation__type_support.c
-- Installing: /home/csrobot/flexbe_ws/install/compare_flexbe_utilities/include/compare_flexbe_utilities/compare_flexbe_utilities/srv/detail/move_to_pose__type_support.c
-- Installing: /home/csrobot/flexbe_ws/install/compare_flexbe_utilities/include/compare_flexbe_utilities/compare_flexbe_utilities/srv/detail/get_point_cloud__type_support.c
-- Installing: /home/csrobot/flexbe_ws/install/compare_flexbe_utilities/include/compare_flexbe_utilities/compare_flexbe_utilities/srv/detail/plane_segmentation__rosidl_typesupport_introspection_c.h
-- Installing: /home/csrobot/flexbe_ws/install/compare_flexbe_utilities/include/compare_flexbe_utilities/compare_flexbe_utilities/srv/detail/get_point_cloud__rosidl_typesupport_introspection_c.h
-- Installing: /home/csrobot/flexbe_ws/install/compare_flexbe_utilities/include/compare_flexbe_utilities/compare_flexbe_utilities/srv/detail/move_to_pose__rosidl_typesupport_introspection_c.h
-- Installing: /home/csrobot/flexbe_ws/install/compare_flexbe_utilities/include/compare_flexbe_utilities/compare_flexbe_utilities/srv/detail/voxel_grid_filter__type_support.c
-- Installing: /home/csrobot/flexbe_ws/install/compare_flexbe_utilities/include/compare_flexbe_utilities/compare_flexbe_utilities/srv/detail/voxel_grid_filter__rosidl_typesupport_introspection_c.h
-- Installing: /home/csrobot/flexbe_ws/install/compare_flexbe_utilities/include/compare_flexbe_utilities/compare_flexbe_utilities/srv/detail/move_to_named_pose__rosidl_typesupport_introspection_c.h
-- Installing: /home/csrobot/flexbe_ws/install/compare_flexbe_utilities/include/compare_flexbe_utilities/compare_flexbe_utilities/srv/detail/cartesian_move_to_pose__type_support.c
-- Installing: /home/csrobot/flexbe_ws/install/compare_flexbe_utilities/include/compare_flexbe_utilities/compare_flexbe_utilities/srv/detail/filter_by_indices__type_support.c
-- Installing: /home/csrobot/flexbe_ws/install/compare_flexbe_utilities/include/compare_flexbe_utilities/compare_flexbe_utilities/srv/detail/euclidean_clustering__rosidl_typesupport_introspection_c.h
-- Installing: /home/csrobot/flexbe_ws/install/compare_flexbe_utilities/include/compare_flexbe_utilities/compare_flexbe_utilities/srv/detail/euclidean_clustering__type_support.c
-- Installing: /home/csrobot/flexbe_ws/install/compare_flexbe_utilities/include/compare_flexbe_utilities/compare_flexbe_utilities/srv/detail/filter_by_indices__rosidl_typesupport_introspection_c.h
-- Installing: /home/csrobot/flexbe_ws/install/compare_flexbe_utilities/include/compare_flexbe_utilities/compare_flexbe_utilities/srv/detail/cartesian_move_to_pose__rosidl_typesupport_introspection_c.h
-- Installing: /home/csrobot/flexbe_ws/install/compare_flexbe_utilities/lib/libcompare_flexbe_utilities__rosidl_typesupport_introspection_c.so
-- Set runtime path of "/home/csrobot/flexbe_ws/install/compare_flexbe_utilities/lib/libcompare_flexbe_utilities__rosidl_typesupport_introspection_c.so" to ""
-- Installing: /home/csrobot/flexbe_ws/install/compare_flexbe_utilities/lib/libcompare_flexbe_utilities__rosidl_typesupport_c.so
-- Set runtime path of "/home/csrobot/flexbe_ws/install/compare_flexbe_utilities/lib/libcompare_flexbe_utilities__rosidl_typesupport_c.so" to ""
-- Up-to-date: /home/csrobot/flexbe_ws/install/compare_flexbe_utilities/include/compare_flexbe_utilities/compare_flexbe_utilities
-- Up-to-date: /home/csrobot/flexbe_ws/install/compare_flexbe_utilities/include/compare_flexbe_utilities/compare_flexbe_utilities/srv
-- Up-to-date: /home/csrobot/flexbe_ws/install/compare_flexbe_utilities/include/compare_flexbe_utilities/compare_flexbe_utilities/srv/detail
-- Installing: /home/csrobot/flexbe_ws/install/compare_flexbe_utilities/include/compare_flexbe_utilities/compare_flexbe_utilities/srv/detail/euclidean_clustering__type_support.cpp
-- Installing: /home/csrobot/flexbe_ws/install/compare_flexbe_utilities/include/compare_flexbe_utilities/compare_flexbe_utilities/srv/detail/filter_by_indices__rosidl_typesupport_introspection_cpp.hpp
-- Installing: /home/csrobot/flexbe_ws/install/compare_flexbe_utilities/include/compare_flexbe_utilities/compare_flexbe_utilities/srv/detail/plane_segmentation__type_support.cpp
-- Installing: /home/csrobot/flexbe_ws/install/compare_flexbe_utilities/include/compare_flexbe_utilities/compare_flexbe_utilities/srv/detail/voxel_grid_filter__type_support.cpp
-- Installing: /home/csrobot/flexbe_ws/install/compare_flexbe_utilities/include/compare_flexbe_utilities/compare_flexbe_utilities/srv/detail/move_to_named_pose__type_support.cpp
-- Installing: /home/csrobot/flexbe_ws/install/compare_flexbe_utilities/include/compare_flexbe_utilities/compare_flexbe_utilities/srv/detail/plane_segmentation__rosidl_typesupport_introspection_cpp.hpp
-- Installing: /home/csrobot/flexbe_ws/install/compare_flexbe_utilities/include/compare_flexbe_utilities/compare_flexbe_utilities/srv/detail/move_to_pose__type_support.cpp
-- Installing: /home/csrobot/flexbe_ws/install/compare_flexbe_utilities/include/compare_flexbe_utilities/compare_flexbe_utilities/srv/detail/move_to_named_pose__rosidl_typesupport_introspection_cpp.hpp
-- Installing: /home/csrobot/flexbe_ws/install/compare_flexbe_utilities/include/compare_flexbe_utilities/compare_flexbe_utilities/srv/detail/get_point_cloud__rosidl_typesupport_introspection_cpp.hpp
-- Installing: /home/csrobot/flexbe_ws/install/compare_flexbe_utilities/include/compare_flexbe_utilities/compare_flexbe_utilities/srv/detail/move_to_pose__rosidl_typesupport_introspection_cpp.hpp
-- Installing: /home/csrobot/flexbe_ws/install/compare_flexbe_utilities/include/compare_flexbe_utilities/compare_flexbe_utilities/srv/detail/cartesian_move_to_pose__rosidl_typesupport_introspection_cpp.hpp
-- Installing: /home/csrobot/flexbe_ws/install/compare_flexbe_utilities/include/compare_flexbe_utilities/compare_flexbe_utilities/srv/detail/get_point_cloud__type_support.cpp
-- Installing: /home/csrobot/flexbe_ws/install/compare_flexbe_utilities/include/compare_flexbe_utilities/compare_flexbe_utilities/srv/detail/cartesian_move_to_pose__type_support.cpp
-- Installing: /home/csrobot/flexbe_ws/install/compare_flexbe_utilities/include/compare_flexbe_utilities/compare_flexbe_utilities/srv/detail/euclidean_clustering__rosidl_typesupport_introspection_cpp.hpp
-- Installing: /home/csrobot/flexbe_ws/install/compare_flexbe_utilities/include/compare_flexbe_utilities/compare_flexbe_utilities/srv/detail/voxel_grid_filter__rosidl_typesupport_introspection_cpp.hpp
-- Installing: /home/csrobot/flexbe_ws/install/compare_flexbe_utilities/include/compare_flexbe_utilities/compare_flexbe_utilities/srv/detail/filter_by_indices__type_support.cpp
-- Installing: /home/csrobot/flexbe_ws/install/compare_flexbe_utilities/lib/libcompare_flexbe_utilities__rosidl_typesupport_introspection_cpp.so
-- Set runtime path of "/home/csrobot/flexbe_ws/install/compare_flexbe_utilities/lib/libcompare_flexbe_utilities__rosidl_typesupport_introspection_cpp.so" to ""
-- Installing: /home/csrobot/flexbe_ws/install/compare_flexbe_utilities/lib/libcompare_flexbe_utilities__rosidl_typesupport_cpp.so
-- Set runtime path of "/home/csrobot/flexbe_ws/install/compare_flexbe_utilities/lib/libcompare_flexbe_utilities__rosidl_typesupport_cpp.so" to ""
-- Installing: /home/csrobot/flexbe_ws/install/compare_flexbe_utilities/share/compare_flexbe_utilities/environment/pythonpath.sh
-- Installing: /home/csrobot/flexbe_ws/install/compare_flexbe_utilities/share/compare_flexbe_utilities/environment/pythonpath.dsv
-- Installing: /home/csrobot/flexbe_ws/install/compare_flexbe_utilities/local/lib/python3.10/dist-packages/compare_flexbe_utilities-0.0.0-py3.10.egg-info
-- Installing: /home/csrobot/flexbe_ws/install/compare_flexbe_utilities/local/lib/python3.10/dist-packages/compare_flexbe_utilities-0.0.0-py3.10.egg-info/dependency_links.txt
-- Installing: /home/csrobot/flexbe_ws/install/compare_flexbe_utilities/local/lib/python3.10/dist-packages/compare_flexbe_utilities-0.0.0-py3.10.egg-info/top_level.txt
-- Installing: /home/csrobot/flexbe_ws/install/compare_flexbe_utilities/local/lib/python3.10/dist-packages/compare_flexbe_utilities-0.0.0-py3.10.egg-info/SOURCES.txt
-- Installing: /home/csrobot/flexbe_ws/install/compare_flexbe_utilities/local/lib/python3.10/dist-packages/compare_flexbe_utilities-0.0.0-py3.10.egg-info/PKG-INFO
-- Installing: /home/csrobot/flexbe_ws/install/compare_flexbe_utilities/local/lib/python3.10/dist-packages/compare_flexbe_utilities
-- Installing: /home/csrobot/flexbe_ws/install/compare_flexbe_utilities/local/lib/python3.10/dist-packages/compare_flexbe_utilities/compare_flexbe_utilities_s__rosidl_typesupport_introspection_c.cpython-310-x86_64-linux-gnu.so
-- Installing: /home/csrobot/flexbe_ws/install/compare_flexbe_utilities/local/lib/python3.10/dist-packages/compare_flexbe_utilities/libcompare_flexbe_utilities__rosidl_generator_py.so
-- Installing: /home/csrobot/flexbe_ws/install/compare_flexbe_utilities/local/lib/python3.10/dist-packages/compare_flexbe_utilities/__init__.py
-- Installing: /home/csrobot/flexbe_ws/install/compare_flexbe_utilities/local/lib/python3.10/dist-packages/compare_flexbe_utilities/compare_flexbe_utilities_s__rosidl_typesupport_c.cpython-310-x86_64-linux-gnu.so
-- Installing: /home/csrobot/flexbe_ws/install/compare_flexbe_utilities/local/lib/python3.10/dist-packages/compare_flexbe_utilities/compare_flexbe_utilities_s__rosidl_typesupport_fastrtps_c.cpython-310-x86_64-linux-gnu.so
-- Installing: /home/csrobot/flexbe_ws/install/compare_flexbe_utilities/local/lib/python3.10/dist-packages/compare_flexbe_utilities/_compare_flexbe_utilities_s.ep.rosidl_typesupport_c.c
-- Installing: /home/csrobot/flexbe_ws/install/compare_flexbe_utilities/local/lib/python3.10/dist-packages/compare_flexbe_utilities/_compare_flexbe_utilities_s.ep.rosidl_typesupport_fastrtps_c.c
-- Installing: /home/csrobot/flexbe_ws/install/compare_flexbe_utilities/local/lib/python3.10/dist-packages/compare_flexbe_utilities/srv
-- Installing: /home/csrobot/flexbe_ws/install/compare_flexbe_utilities/local/lib/python3.10/dist-packages/compare_flexbe_utilities/srv/_filter_by_indices_s.c
-- Installing: /home/csrobot/flexbe_ws/install/compare_flexbe_utilities/local/lib/python3.10/dist-packages/compare_flexbe_utilities/srv/_filter_by_indices.py
-- Installing: /home/csrobot/flexbe_ws/install/compare_flexbe_utilities/local/lib/python3.10/dist-packages/compare_flexbe_utilities/srv/_plane_segmentation.py
-- Installing: /home/csrobot/flexbe_ws/install/compare_flexbe_utilities/local/lib/python3.10/dist-packages/compare_flexbe_utilities/srv/_voxel_grid_filter.py
-- Installing: /home/csrobot/flexbe_ws/install/compare_flexbe_utilities/local/lib/python3.10/dist-packages/compare_flexbe_utilities/srv/_move_to_named_pose_s.c
-- Installing: /home/csrobot/flexbe_ws/install/compare_flexbe_utilities/local/lib/python3.10/dist-packages/compare_flexbe_utilities/srv/_move_to_pose_s.c
-- Installing: /home/csrobot/flexbe_ws/install/compare_flexbe_utilities/local/lib/python3.10/dist-packages/compare_flexbe_utilities/srv/_get_point_cloud.py
-- Installing: /home/csrobot/flexbe_ws/install/compare_flexbe_utilities/local/lib/python3.10/dist-packages/compare_flexbe_utilities/srv/_cartesian_move_to_pose_s.c
-- Installing: /home/csrobot/flexbe_ws/install/compare_flexbe_utilities/local/lib/python3.10/dist-packages/compare_flexbe_utilities/srv/_move_to_named_pose.py
-- Installing: /home/csrobot/flexbe_ws/install/compare_flexbe_utilities/local/lib/python3.10/dist-packages/compare_flexbe_utilities/srv/_euclidean_clustering.py
-- Installing: /home/csrobot/flexbe_ws/install/compare_flexbe_utilities/local/lib/python3.10/dist-packages/compare_flexbe_utilities/srv/_get_point_cloud_s.c
-- Installing: /home/csrobot/flexbe_ws/install/compare_flexbe_utilities/local/lib/python3.10/dist-packages/compare_flexbe_utilities/srv/__init__.py
-- Installing: /home/csrobot/flexbe_ws/install/compare_flexbe_utilities/local/lib/python3.10/dist-packages/compare_flexbe_utilities/srv/_plane_segmentation_s.c
-- Installing: /home/csrobot/flexbe_ws/install/compare_flexbe_utilities/local/lib/python3.10/dist-packages/compare_flexbe_utilities/srv/_cartesian_move_to_pose.py
-- Installing: /home/csrobot/flexbe_ws/install/compare_flexbe_utilities/local/lib/python3.10/dist-packages/compare_flexbe_utilities/srv/_move_to_pose.py
-- Installing: /home/csrobot/flexbe_ws/install/compare_flexbe_utilities/local/lib/python3.10/dist-packages/compare_flexbe_utilities/srv/_euclidean_clustering_s.c
-- Installing: /home/csrobot/flexbe_ws/install/compare_flexbe_utilities/local/lib/python3.10/dist-packages/compare_flexbe_utilities/srv/_voxel_grid_filter_s.c
-- Installing: /home/csrobot/flexbe_ws/install/compare_flexbe_utilities/local/lib/python3.10/dist-packages/compare_flexbe_utilities/_compare_flexbe_utilities_s.ep.rosidl_typesupport_introspection_c.c
Listing '/home/csrobot/flexbe_ws/install/compare_flexbe_utilities/local/lib/python3.10/dist-packages/compare_flexbe_utilities'...
Compiling '/home/csrobot/flexbe_ws/install/compare_flexbe_utilities/local/lib/python3.10/dist-packages/compare_flexbe_utilities/__init__.py'...
Listing '/home/csrobot/flexbe_ws/install/compare_flexbe_utilities/local/lib/python3.10/dist-packages/compare_flexbe_utilities/srv'...
Compiling '/home/csrobot/flexbe_ws/install/compare_flexbe_utilities/local/lib/python3.10/dist-packages/compare_flexbe_utilities/srv/__init__.py'...
Compiling '/home/csrobot/flexbe_ws/install/compare_flexbe_utilities/local/lib/python3.10/dist-packages/compare_flexbe_utilities/srv/_cartesian_move_to_pose.py'...
Compiling '/home/csrobot/flexbe_ws/install/compare_flexbe_utilities/local/lib/python3.10/dist-packages/compare_flexbe_utilities/srv/_euclidean_clustering.py'...
Compiling '/home/csrobot/flexbe_ws/install/compare_flexbe_utilities/local/lib/python3.10/dist-packages/compare_flexbe_utilities/srv/_filter_by_indices.py'...
Compiling '/home/csrobot/flexbe_ws/install/compare_flexbe_utilities/local/lib/python3.10/dist-packages/compare_flexbe_utilities/srv/_get_point_cloud.py'...
Compiling '/home/csrobot/flexbe_ws/install/compare_flexbe_utilities/local/lib/python3.10/dist-packages/compare_flexbe_utilities/srv/_move_to_named_pose.py'...
Compiling '/home/csrobot/flexbe_ws/install/compare_flexbe_utilities/local/lib/python3.10/dist-packages/compare_flexbe_utilities/srv/_move_to_pose.py'...
Compiling '/home/csrobot/flexbe_ws/install/compare_flexbe_utilities/local/lib/python3.10/dist-packages/compare_flexbe_utilities/srv/_plane_segmentation.py'...
Compiling '/home/csrobot/flexbe_ws/install/compare_flexbe_utilities/local/lib/python3.10/dist-packages/compare_flexbe_utilities/srv/_voxel_grid_filter.py'...
-- Installing: /home/csrobot/flexbe_ws/install/compare_flexbe_utilities/local/lib/python3.10/dist-packages/compare_flexbe_utilities/compare_flexbe_utilities_s__rosidl_typesupport_introspection_c.cpython-310-x86_64-linux-gnu.so
-- Set runtime path of "/home/csrobot/flexbe_ws/install/compare_flexbe_utilities/local/lib/python3.10/dist-packages/compare_flexbe_utilities/compare_flexbe_utilities_s__rosidl_typesupport_introspection_c.cpython-310-x86_64-linux-gnu.so" to ""
-- Installing: /home/csrobot/flexbe_ws/install/compare_flexbe_utilities/local/lib/python3.10/dist-packages/compare_flexbe_utilities/compare_flexbe_utilities_s__rosidl_typesupport_fastrtps_c.cpython-310-x86_64-linux-gnu.so
-- Set runtime path of "/home/csrobot/flexbe_ws/install/compare_flexbe_utilities/local/lib/python3.10/dist-packages/compare_flexbe_utilities/compare_flexbe_utilities_s__rosidl_typesupport_fastrtps_c.cpython-310-x86_64-linux-gnu.so" to ""
-- Installing: /home/csrobot/flexbe_ws/install/compare_flexbe_utilities/local/lib/python3.10/dist-packages/compare_flexbe_utilities/compare_flexbe_utilities_s__rosidl_typesupport_c.cpython-310-x86_64-linux-gnu.so
-- Set runtime path of "/home/csrobot/flexbe_ws/install/compare_flexbe_utilities/local/lib/python3.10/dist-packages/compare_flexbe_utilities/compare_flexbe_utilities_s__rosidl_typesupport_c.cpython-310-x86_64-linux-gnu.so" to ""
-- Installing: /home/csrobot/flexbe_ws/install/compare_flexbe_utilities/lib/libcompare_flexbe_utilities__rosidl_generator_py.so
-- Set runtime path of "/home/csrobot/flexbe_ws/install/compare_flexbe_utilities/lib/libcompare_flexbe_utilities__rosidl_generator_py.so" to ""
-- Installing: /home/csrobot/flexbe_ws/install/compare_flexbe_utilities/share/compare_flexbe_utilities/srv/CartesianMoveToPose.idl
-- Installing: /home/csrobot/flexbe_ws/install/compare_flexbe_utilities/share/compare_flexbe_utilities/srv/MoveToNamedPose.idl
-- Installing: /home/csrobot/flexbe_ws/install/compare_flexbe_utilities/share/compare_flexbe_utilities/srv/MoveToPose.idl
-- Installing: /home/csrobot/flexbe_ws/install/compare_flexbe_utilities/share/compare_flexbe_utilities/srv/VoxelGridFilter.idl
-- Installing: /home/csrobot/flexbe_ws/install/compare_flexbe_utilities/share/compare_flexbe_utilities/srv/PlaneSegmentation.idl
-- Installing: /home/csrobot/flexbe_ws/install/compare_flexbe_utilities/share/compare_flexbe_utilities/srv/EuclideanClustering.idl
-- Installing: /home/csrobot/flexbe_ws/install/compare_flexbe_utilities/share/compare_flexbe_utilities/srv/GetPointCloud.idl
-- Installing: /home/csrobot/flexbe_ws/install/compare_flexbe_utilities/share/compare_flexbe_utilities/srv/FilterByIndices.idl
-- Installing: /home/csrobot/flexbe_ws/install/compare_flexbe_utilities/share/compare_flexbe_utilities/srv/CartesianMoveToPose.srv
-- Installing: /home/csrobot/flexbe_ws/install/compare_flexbe_utilities/share/compare_flexbe_utilities/srv/CartesianMoveToPose_Request.msg
-- Installing: /home/csrobot/flexbe_ws/install/compare_flexbe_utilities/share/compare_flexbe_utilities/srv/CartesianMoveToPose_Response.msg
-- Installing: /home/csrobot/flexbe_ws/install/compare_flexbe_utilities/share/compare_flexbe_utilities/srv/MoveToNamedPose.srv
-- Installing: /home/csrobot/flexbe_ws/install/compare_flexbe_utilities/share/compare_flexbe_utilities/srv/MoveToNamedPose_Request.msg
-- Installing: /home/csrobot/flexbe_ws/install/compare_flexbe_utilities/share/compare_flexbe_utilities/srv/MoveToNamedPose_Response.msg
-- Installing: /home/csrobot/flexbe_ws/install/compare_flexbe_utilities/share/compare_flexbe_utilities/srv/MoveToPose.srv
-- Installing: /home/csrobot/flexbe_ws/install/compare_flexbe_utilities/share/compare_flexbe_utilities/srv/MoveToPose_Request.msg
-- Installing: /home/csrobot/flexbe_ws/install/compare_flexbe_utilities/share/compare_flexbe_utilities/srv/MoveToPose_Response.msg
-- Installing: /home/csrobot/flexbe_ws/install/compare_flexbe_utilities/share/compare_flexbe_utilities/srv/VoxelGridFilter.srv
-- Installing: /home/csrobot/flexbe_ws/install/compare_flexbe_utilities/share/compare_flexbe_utilities/srv/VoxelGridFilter_Request.msg
-- Installing: /home/csrobot/flexbe_ws/install/compare_flexbe_utilities/share/compare_flexbe_utilities/srv/VoxelGridFilter_Response.msg
-- Installing: /home/csrobot/flexbe_ws/install/compare_flexbe_utilities/share/compare_flexbe_utilities/srv/PlaneSegmentation.srv
-- Installing: /home/csrobot/flexbe_ws/install/compare_flexbe_utilities/share/compare_flexbe_utilities/srv/PlaneSegmentation_Request.msg
-- Installing: /home/csrobot/flexbe_ws/install/compare_flexbe_utilities/share/compare_flexbe_utilities/srv/PlaneSegmentation_Response.msg
-- Installing: /home/csrobot/flexbe_ws/install/compare_flexbe_utilities/share/compare_flexbe_utilities/srv/EuclideanClustering.srv
-- Installing: /home/csrobot/flexbe_ws/install/compare_flexbe_utilities/share/compare_flexbe_utilities/srv/EuclideanClustering_Request.msg
-- Installing: /home/csrobot/flexbe_ws/install/compare_flexbe_utilities/share/compare_flexbe_utilities/srv/EuclideanClustering_Response.msg
-- Installing: /home/csrobot/flexbe_ws/install/compare_flexbe_utilities/share/compare_flexbe_utilities/srv/GetPointCloud.srv
-- Installing: /home/csrobot/flexbe_ws/install/compare_flexbe_utilities/share/compare_flexbe_utilities/srv/GetPointCloud_Request.msg
-- Installing: /home/csrobot/flexbe_ws/install/compare_flexbe_utilities/share/compare_flexbe_utilities/srv/GetPointCloud_Response.msg
-- Installing: /home/csrobot/flexbe_ws/install/compare_flexbe_utilities/share/compare_flexbe_utilities/srv/FilterByIndices.srv
-- Installing: /home/csrobot/flexbe_ws/install/compare_flexbe_utilities/share/compare_flexbe_utilities/srv/FilterByIndices_Request.msg
-- Installing: /home/csrobot/flexbe_ws/install/compare_flexbe_utilities/share/compare_flexbe_utilities/srv/FilterByIndices_Response.msg
-- Installing: /home/csrobot/flexbe_ws/install/compare_flexbe_utilities/lib/compare_flexbe_utilities/cartesian_move_to_pose_service
-- Set runtime path of "/home/csrobot/flexbe_ws/install/compare_flexbe_utilities/lib/compare_flexbe_utilities/cartesian_move_to_pose_service" to ""
-- Installing: /home/csrobot/flexbe_ws/install/compare_flexbe_utilities/lib/compare_flexbe_utilities/move_to_named_pose_service
-- Set runtime path of "/home/csrobot/flexbe_ws/install/compare_flexbe_utilities/lib/compare_flexbe_utilities/move_to_named_pose_service" to ""
-- Installing: /home/csrobot/flexbe_ws/install/compare_flexbe_utilities/lib/compare_flexbe_utilities/move_to_pose_service
-- Set runtime path of "/home/csrobot/flexbe_ws/install/compare_flexbe_utilities/lib/compare_flexbe_utilities/move_to_pose_service" to ""
-- Installing: /home/csrobot/flexbe_ws/install/compare_flexbe_utilities/lib/compare_flexbe_utilities/voxel_grid_filter_service
-- Set runtime path of "/home/csrobot/flexbe_ws/install/compare_flexbe_utilities/lib/compare_flexbe_utilities/voxel_grid_filter_service" to ""
-- Installing: /home/csrobot/flexbe_ws/install/compare_flexbe_utilities/lib/compare_flexbe_utilities/plane_segmentation_service
-- Set runtime path of "/home/csrobot/flexbe_ws/install/compare_flexbe_utilities/lib/compare_flexbe_utilities/plane_segmentation_service" to ""
-- Installing: /home/csrobot/flexbe_ws/install/compare_flexbe_utilities/lib/compare_flexbe_utilities/euclidean_clustering_service
-- Set runtime path of "/home/csrobot/flexbe_ws/install/compare_flexbe_utilities/lib/compare_flexbe_utilities/euclidean_clustering_service" to ""
-- Installing: /home/csrobot/flexbe_ws/install/compare_flexbe_utilities/lib/compare_flexbe_utilities/get_point_cloud_service
-- Set runtime path of "/home/csrobot/flexbe_ws/install/compare_flexbe_utilities/lib/compare_flexbe_utilities/get_point_cloud_service" to ""
-- Installing: /home/csrobot/flexbe_ws/install/compare_flexbe_utilities/lib/compare_flexbe_utilities/filter_by_indices_service
-- Set runtime path of "/home/csrobot/flexbe_ws/install/compare_flexbe_utilities/lib/compare_flexbe_utilities/filter_by_indices_service" to ""
-- Installing: /home/csrobot/flexbe_ws/install/compare_flexbe_utilities/share/ament_index/resource_index/package_run_dependencies/compare_flexbe_utilities
-- Installing: /home/csrobot/flexbe_ws/install/compare_flexbe_utilities/share/ament_index/resource_index/parent_prefix_path/compare_flexbe_utilities
-- Installing: /home/csrobot/flexbe_ws/install/compare_flexbe_utilities/share/compare_flexbe_utilities/environment/ament_prefix_path.sh
-- Installing: /home/csrobot/flexbe_ws/install/compare_flexbe_utilities/share/compare_flexbe_utilities/environment/ament_prefix_path.dsv
-- Installing: /home/csrobot/flexbe_ws/install/compare_flexbe_utilities/share/compare_flexbe_utilities/environment/path.sh
-- Installing: /home/csrobot/flexbe_ws/install/compare_flexbe_utilities/share/compare_flexbe_utilities/environment/path.dsv
-- Installing: /home/csrobot/flexbe_ws/install/compare_flexbe_utilities/share/compare_flexbe_utilities/local_setup.bash
-- Installing: /home/csrobot/flexbe_ws/install/compare_flexbe_utilities/share/compare_flexbe_utilities/local_setup.sh
-- Installing: /home/csrobot/flexbe_ws/install/compare_flexbe_utilities/share/compare_flexbe_utilities/local_setup.zsh
-- Installing: /home/csrobot/flexbe_ws/install/compare_flexbe_utilities/share/compare_flexbe_utilities/local_setup.dsv
-- Installing: /home/csrobot/flexbe_ws/install/compare_flexbe_utilities/share/compare_flexbe_utilities/package.dsv
-- Installing: /home/csrobot/flexbe_ws/install/compare_flexbe_utilities/share/ament_index/resource_index/packages/compare_flexbe_utilities
-- Installing: /home/csrobot/flexbe_ws/install/compare_flexbe_utilities/share/compare_flexbe_utilities/cmake/export_compare_flexbe_utilities__rosidl_generator_cExport.cmake
-- Installing: /home/csrobot/flexbe_ws/install/compare_flexbe_utilities/share/compare_flexbe_utilities/cmake/export_compare_flexbe_utilities__rosidl_generator_cExport-noconfig.cmake
-- Installing: /home/csrobot/flexbe_ws/install/compare_flexbe_utilities/share/compare_flexbe_utilities/cmake/export_compare_flexbe_utilities__rosidl_typesupport_fastrtps_cExport.cmake
-- Installing: /home/csrobot/flexbe_ws/install/compare_flexbe_utilities/share/compare_flexbe_utilities/cmake/export_compare_flexbe_utilities__rosidl_typesupport_fastrtps_cExport-noconfig.cmake
-- Installing: /home/csrobot/flexbe_ws/install/compare_flexbe_utilities/share/compare_flexbe_utilities/cmake/export_compare_flexbe_utilities__rosidl_generator_cppExport.cmake
-- Installing: /home/csrobot/flexbe_ws/install/compare_flexbe_utilities/share/compare_flexbe_utilities/cmake/export_compare_flexbe_utilities__rosidl_typesupport_fastrtps_cppExport.cmake
-- Installing: /home/csrobot/flexbe_ws/install/compare_flexbe_utilities/share/compare_flexbe_utilities/cmake/export_compare_flexbe_utilities__rosidl_typesupport_fastrtps_cppExport-noconfig.cmake
-- Installing: /home/csrobot/flexbe_ws/install/compare_flexbe_utilities/share/compare_flexbe_utilities/cmake/compare_flexbe_utilities__rosidl_typesupport_introspection_cExport.cmake
-- Installing: /home/csrobot/flexbe_ws/install/compare_flexbe_utilities/share/compare_flexbe_utilities/cmake/compare_flexbe_utilities__rosidl_typesupport_introspection_cExport-noconfig.cmake
-- Installing: /home/csrobot/flexbe_ws/install/compare_flexbe_utilities/share/compare_flexbe_utilities/cmake/compare_flexbe_utilities__rosidl_typesupport_cExport.cmake
-- Installing: /home/csrobot/flexbe_ws/install/compare_flexbe_utilities/share/compare_flexbe_utilities/cmake/compare_flexbe_utilities__rosidl_typesupport_cExport-noconfig.cmake
-- Installing: /home/csrobot/flexbe_ws/install/compare_flexbe_utilities/share/compare_flexbe_utilities/cmake/compare_flexbe_utilities__rosidl_typesupport_introspection_cppExport.cmake
-- Installing: /home/csrobot/flexbe_ws/install/compare_flexbe_utilities/share/compare_flexbe_utilities/cmake/compare_flexbe_utilities__rosidl_typesupport_introspection_cppExport-noconfig.cmake
-- Installing: /home/csrobot/flexbe_ws/install/compare_flexbe_utilities/share/compare_flexbe_utilities/cmake/compare_flexbe_utilities__rosidl_typesupport_cppExport.cmake
-- Installing: /home/csrobot/flexbe_ws/install/compare_flexbe_utilities/share/compare_flexbe_utilities/cmake/compare_flexbe_utilities__rosidl_typesupport_cppExport-noconfig.cmake
-- Installing: /home/csrobot/flexbe_ws/install/compare_flexbe_utilities/share/compare_flexbe_utilities/cmake/export_compare_flexbe_utilities__rosidl_generator_pyExport.cmake
-- Installing: /home/csrobot/flexbe_ws/install/compare_flexbe_utilities/share/compare_flexbe_utilities/cmake/export_compare_flexbe_utilities__rosidl_generator_pyExport-noconfig.cmake
-- Installing: /home/csrobot/flexbe_ws/install/compare_flexbe_utilities/share/compare_flexbe_utilities/cmake/rosidl_cmake-extras.cmake
-- Installing: /home/csrobot/flexbe_ws/install/compare_flexbe_utilities/share/compare_flexbe_utilities/cmake/ament_cmake_export_dependencies-extras.cmake
-- Installing: /home/csrobot/flexbe_ws/install/compare_flexbe_utilities/share/compare_flexbe_utilities/cmake/ament_cmake_export_include_directories-extras.cmake
-- Installing: /home/csrobot/flexbe_ws/install/compare_flexbe_utilities/share/compare_flexbe_utilities/cmake/ament_cmake_export_libraries-extras.cmake
-- Installing: /home/csrobot/flexbe_ws/install/compare_flexbe_utilities/share/compare_flexbe_utilities/cmake/ament_cmake_export_targets-extras.cmake
-- Installing: /home/csrobot/flexbe_ws/install/compare_flexbe_utilities/share/compare_flexbe_utilities/cmake/rosidl_cmake_export_typesupport_targets-extras.cmake
-- Installing: /home/csrobot/flexbe_ws/install/compare_flexbe_utilities/share/compare_flexbe_utilities/cmake/rosidl_cmake_export_typesupport_libraries-extras.cmake
-- Installing: /home/csrobot/flexbe_ws/install/compare_flexbe_utilities/share/compare_flexbe_utilities/cmake/compare_flexbe_utilitiesConfig.cmake
-- Installing: /home/csrobot/flexbe_ws/install/compare_flexbe_utilities/share/compare_flexbe_utilities/cmake/compare_flexbe_utilitiesConfig-version.cmake
-- Installing: /home/csrobot/flexbe_ws/install/compare_flexbe_utilities/share/compare_flexbe_utilities/package.xml
