-- The C compiler identification is GNU 13.3.0
-- The CXX compiler identification is GNU 13.3.0
-- Detecting C compiler ABI info
-- Detecting C compiler ABI info - done
-- Check for working C compiler: /usr/bin/cc - skipped
-- Detecting C compile features
-- Detecting C compile features - done
-- Detecting CXX compiler ABI info
-- Detecting CXX compiler ABI info - done
-- Check for working CXX compiler: /usr/bin/c++ - skipped
-- Detecting CXX compile features
-- Detecting CXX compile features - done
-- Found ament_cmake: 2.5.4 (/opt/ros/jazzy/share/ament_cmake/cmake)
-- Found Python3: /usr/bin/python3 (found version "3.12.3") found components: Interpreter 
-- Override CMake install command with custom implementation using symlinks instead of copying resources
-- Found rclcpp: 28.1.11 (/opt/ros/jazzy/share/rclcpp/cmake)
-- Found rosidl_generator_c: 4.6.6 (/opt/ros/jazzy/share/rosidl_generator_c/cmake)
-- Found rosidl_generator_cpp: 4.6.6 (/opt/ros/jazzy/share/rosidl_generator_cpp/cmake)
-- Using all available rosidl_typesupport_c: rosidl_typesupport_fastrtps_c;rosidl_typesupport_introspection_c
-- Using all available rosidl_typesupport_cpp: rosidl_typesupport_fastrtps_cpp;rosidl_typesupport_introspection_cpp
-- Found rmw_implementation_cmake: 7.3.2 (/opt/ros/jazzy/share/rmw_implementation_cmake/cmake)
-- Found rmw_fastrtps_cpp: 8.4.3 (/opt/ros/jazzy/share/rmw_fastrtps_cpp/cmake)
-- Found OpenSSL: /usr/lib/x86_64-linux-gnu/libcrypto.so (found version "3.0.13")  
-- Found FastRTPS: /opt/ros/jazzy/include (Required is at least version "2.13") 
-- Using RMW implementation 'rmw_fastrtps_cpp' as default
-- Found rclpy: 7.1.5 (/opt/ros/jazzy/share/rclpy/cmake)
-- Configuring done (1.0s)
-- Generating done (0.0s)
-- Build files have been written to: /home/csrobot/flexbe_ws/build/flexbe_turtlesim_demo_flexbe_behaviors
Built target ament_cmake_python_symlink_flexbe_turtlesim_demo_flexbe_behaviors_setup
Built target ament_cmake_python_symlink_flexbe_turtlesim_demo_flexbe_behaviors
running egg_info
creating flexbe_turtlesim_demo_flexbe_behaviors.egg-info
writing flexbe_turtlesim_demo_flexbe_behaviors.egg-info/PKG-INFO
writing dependency_links to flexbe_turtlesim_demo_flexbe_behaviors.egg-info/dependency_links.txt
writing top-level names to flexbe_turtlesim_demo_flexbe_behaviors.egg-info/top_level.txt
writing manifest file 'flexbe_turtlesim_demo_flexbe_behaviors.egg-info/SOURCES.txt'
reading manifest file 'flexbe_turtlesim_demo_flexbe_behaviors.egg-info/SOURCES.txt'
writing manifest file 'flexbe_turtlesim_demo_flexbe_behaviors.egg-info/SOURCES.txt'
Built target ament_cmake_python_build_flexbe_turtlesim_demo_flexbe_behaviors_egg
-- Install configuration: ""
-- Execute custom install script
-- Symlinking: /home/csrobot/flexbe_ws/install/flexbe_turtlesim_demo_flexbe_behaviors/lib/flexbe_turtlesim_demo_flexbe_behaviors/manifest/example_1.xml
-- Symlinking: /home/csrobot/flexbe_ws/install/flexbe_turtlesim_demo_flexbe_behaviors/lib/flexbe_turtlesim_demo_flexbe_behaviors/manifest/example_2.xml
-- Symlinking: /home/csrobot/flexbe_ws/install/flexbe_turtlesim_demo_flexbe_behaviors/lib/flexbe_turtlesim_demo_flexbe_behaviors/manifest/example_3.xml
-- Symlinking: /home/csrobot/flexbe_ws/install/flexbe_turtlesim_demo_flexbe_behaviors/lib/flexbe_turtlesim_demo_flexbe_behaviors/manifest/example_4.xml
-- Symlinking: /home/csrobot/flexbe_ws/install/flexbe_turtlesim_demo_flexbe_behaviors/lib/flexbe_turtlesim_demo_flexbe_behaviors/manifest/flexbe_turtlesim_demo.xml
-- Symlinking: /home/csrobot/flexbe_ws/install/flexbe_turtlesim_demo_flexbe_behaviors/lib/flexbe_turtlesim_demo_flexbe_behaviors/manifest/turtlesim_input_state_behavior.xml
-- Symlinking: /home/csrobot/flexbe_ws/install/flexbe_turtlesim_demo_flexbe_behaviors/lib/flexbe_turtlesim_demo_flexbe_behaviors/manifest/turtlesim_rotation_state_behavior.xml
-- Symlinking: /home/csrobot/flexbe_ws/install/flexbe_turtlesim_demo_flexbe_behaviors/lib/flexbe_turtlesim_demo_flexbe_behaviors/config/example.yaml
-- Symlinking: /home/csrobot/flexbe_ws/install/flexbe_turtlesim_demo_flexbe_behaviors/share/flexbe_turtlesim_demo_flexbe_behaviors/environment/pythonpath.sh
-- Symlinking: /home/csrobot/flexbe_ws/install/flexbe_turtlesim_demo_flexbe_behaviors/share/flexbe_turtlesim_demo_flexbe_behaviors/environment/pythonpath.dsv
-- Symlinking: /home/csrobot/flexbe_ws/install/flexbe_turtlesim_demo_flexbe_behaviors/lib/python3.12/site-packages/flexbe_turtlesim_demo_flexbe_behaviors-1.0.0-py3.12.egg-info/PKG-INFO
-- Symlinking: /home/csrobot/flexbe_ws/install/flexbe_turtlesim_demo_flexbe_behaviors/lib/python3.12/site-packages/flexbe_turtlesim_demo_flexbe_behaviors-1.0.0-py3.12.egg-info/SOURCES.txt
-- Symlinking: /home/csrobot/flexbe_ws/install/flexbe_turtlesim_demo_flexbe_behaviors/lib/python3.12/site-packages/flexbe_turtlesim_demo_flexbe_behaviors-1.0.0-py3.12.egg-info/dependency_links.txt
-- Symlinking: /home/csrobot/flexbe_ws/install/flexbe_turtlesim_demo_flexbe_behaviors/lib/python3.12/site-packages/flexbe_turtlesim_demo_flexbe_behaviors-1.0.0-py3.12.egg-info/top_level.txt
-- Symlinking: /home/csrobot/flexbe_ws/install/flexbe_turtlesim_demo_flexbe_behaviors/lib/python3.12/site-packages/flexbe_turtlesim_demo_flexbe_behaviors/__init__.py
-- Symlinking: /home/csrobot/flexbe_ws/install/flexbe_turtlesim_demo_flexbe_behaviors/lib/python3.12/site-packages/flexbe_turtlesim_demo_flexbe_behaviors/example_1_sm.py
-- Symlinking: /home/csrobot/flexbe_ws/install/flexbe_turtlesim_demo_flexbe_behaviors/lib/python3.12/site-packages/flexbe_turtlesim_demo_flexbe_behaviors/example_2_sm.py
-- Symlinking: /home/csrobot/flexbe_ws/install/flexbe_turtlesim_demo_flexbe_behaviors/lib/python3.12/site-packages/flexbe_turtlesim_demo_flexbe_behaviors/example_3_sm.py
-- Symlinking: /home/csrobot/flexbe_ws/install/flexbe_turtlesim_demo_flexbe_behaviors/lib/python3.12/site-packages/flexbe_turtlesim_demo_flexbe_behaviors/example_4_sm.py
-- Symlinking: /home/csrobot/flexbe_ws/install/flexbe_turtlesim_demo_flexbe_behaviors/lib/python3.12/site-packages/flexbe_turtlesim_demo_flexbe_behaviors/flexbe_turtlesim_demo_sm.py
-- Symlinking: /home/csrobot/flexbe_ws/install/flexbe_turtlesim_demo_flexbe_behaviors/lib/python3.12/site-packages/flexbe_turtlesim_demo_flexbe_behaviors/turn_rate.py
-- Symlinking: /home/csrobot/flexbe_ws/install/flexbe_turtlesim_demo_flexbe_behaviors/lib/python3.12/site-packages/flexbe_turtlesim_demo_flexbe_behaviors/turtlesim_input_state_behavior_sm.py
-- Symlinking: /home/csrobot/flexbe_ws/install/flexbe_turtlesim_demo_flexbe_behaviors/lib/python3.12/site-packages/flexbe_turtlesim_demo_flexbe_behaviors/turtlesim_rotation_state_behavior_sm.py
-- Symlinking: /home/csrobot/flexbe_ws/install/flexbe_turtlesim_demo_flexbe_behaviors/share/ament_index/resource_index/package_run_dependencies/flexbe_turtlesim_demo_flexbe_behaviors
-- Symlinking: /home/csrobot/flexbe_ws/install/flexbe_turtlesim_demo_flexbe_behaviors/share/ament_index/resource_index/parent_prefix_path/flexbe_turtlesim_demo_flexbe_behaviors
-- Symlinking: /home/csrobot/flexbe_ws/install/flexbe_turtlesim_demo_flexbe_behaviors/share/flexbe_turtlesim_demo_flexbe_behaviors/environment/ament_prefix_path.sh
-- Symlinking: /home/csrobot/flexbe_ws/install/flexbe_turtlesim_demo_flexbe_behaviors/share/flexbe_turtlesim_demo_flexbe_behaviors/environment/ament_prefix_path.dsv
-- Symlinking: /home/csrobot/flexbe_ws/install/flexbe_turtlesim_demo_flexbe_behaviors/share/flexbe_turtlesim_demo_flexbe_behaviors/environment/path.sh
-- Symlinking: /home/csrobot/flexbe_ws/install/flexbe_turtlesim_demo_flexbe_behaviors/share/flexbe_turtlesim_demo_flexbe_behaviors/environment/path.dsv
-- Symlinking: /home/csrobot/flexbe_ws/install/flexbe_turtlesim_demo_flexbe_behaviors/share/flexbe_turtlesim_demo_flexbe_behaviors/local_setup.bash
-- Symlinking: /home/csrobot/flexbe_ws/install/flexbe_turtlesim_demo_flexbe_behaviors/share/flexbe_turtlesim_demo_flexbe_behaviors/local_setup.sh
-- Symlinking: /home/csrobot/flexbe_ws/install/flexbe_turtlesim_demo_flexbe_behaviors/share/flexbe_turtlesim_demo_flexbe_behaviors/local_setup.zsh
-- Symlinking: /home/csrobot/flexbe_ws/install/flexbe_turtlesim_demo_flexbe_behaviors/share/flexbe_turtlesim_demo_flexbe_behaviors/local_setup.dsv
-- Symlinking: /home/csrobot/flexbe_ws/install/flexbe_turtlesim_demo_flexbe_behaviors/share/flexbe_turtlesim_demo_flexbe_behaviors/package.dsv
-- Symlinking: /home/csrobot/flexbe_ws/install/flexbe_turtlesim_demo_flexbe_behaviors/share/ament_index/resource_index/packages/flexbe_turtlesim_demo_flexbe_behaviors
-- Symlinking: /home/csrobot/flexbe_ws/install/flexbe_turtlesim_demo_flexbe_behaviors/share/flexbe_turtlesim_demo_flexbe_behaviors/cmake/flexbe_turtlesim_demo_flexbe_behaviorsConfig.cmake
-- Symlinking: /home/csrobot/flexbe_ws/install/flexbe_turtlesim_demo_flexbe_behaviors/share/flexbe_turtlesim_demo_flexbe_behaviors/cmake/flexbe_turtlesim_demo_flexbe_behaviorsConfig-version.cmake
-- Symlinking: /home/csrobot/flexbe_ws/install/flexbe_turtlesim_demo_flexbe_behaviors/share/flexbe_turtlesim_demo_flexbe_behaviors/package.xml
Listing '/home/csrobot/flexbe_ws/install/flexbe_turtlesim_demo_flexbe_behaviors/lib/python3.12/site-packages/flexbe_turtlesim_demo_flexbe_behaviors'...
Compiling '/home/csrobot/flexbe_ws/install/flexbe_turtlesim_demo_flexbe_behaviors/lib/python3.12/site-packages/flexbe_turtlesim_demo_flexbe_behaviors/__init__.py'...
Compiling '/home/csrobot/flexbe_ws/install/flexbe_turtlesim_demo_flexbe_behaviors/lib/python3.12/site-packages/flexbe_turtlesim_demo_flexbe_behaviors/example_1_sm.py'...
Compiling '/home/csrobot/flexbe_ws/install/flexbe_turtlesim_demo_flexbe_behaviors/lib/python3.12/site-packages/flexbe_turtlesim_demo_flexbe_behaviors/example_2_sm.py'...
Compiling '/home/csrobot/flexbe_ws/install/flexbe_turtlesim_demo_flexbe_behaviors/lib/python3.12/site-packages/flexbe_turtlesim_demo_flexbe_behaviors/example_3_sm.py'...
Compiling '/home/csrobot/flexbe_ws/install/flexbe_turtlesim_demo_flexbe_behaviors/lib/python3.12/site-packages/flexbe_turtlesim_demo_flexbe_behaviors/example_4_sm.py'...
Compiling '/home/csrobot/flexbe_ws/install/flexbe_turtlesim_demo_flexbe_behaviors/lib/python3.12/site-packages/flexbe_turtlesim_demo_flexbe_behaviors/flexbe_turtlesim_demo_sm.py'...
Compiling '/home/csrobot/flexbe_ws/install/flexbe_turtlesim_demo_flexbe_behaviors/lib/python3.12/site-packages/flexbe_turtlesim_demo_flexbe_behaviors/turn_rate.py'...
Compiling '/home/csrobot/flexbe_ws/install/flexbe_turtlesim_demo_flexbe_behaviors/lib/python3.12/site-packages/flexbe_turtlesim_demo_flexbe_behaviors/turtlesim_input_state_behavior_sm.py'...
Compiling '/home/csrobot/flexbe_ws/install/flexbe_turtlesim_demo_flexbe_behaviors/lib/python3.12/site-packages/flexbe_turtlesim_demo_flexbe_behaviors/turtlesim_rotation_state_behavior_sm.py'...
