[0.014s] Invoking command in '/home/csrobot/flexbe_ws/build/flexbe_turtlesim_demo_flexbe_behaviors': AMENT_PREFIX_PATH=/home/csrobot/flexbe_ws/install/flexbe_turtlesim_demo_flexbe_states:/home/csrobot/flexbe_ws/install/flexbe_behavior_engine:/home/csrobot/flexbe_ws/install/flexbe_widget:/home/csrobot/flexbe_ws/install/flexbe_onboard:/home/csrobot/flexbe_ws/install/flexbe_states:/home/csrobot/flexbe_ws/install/flexbe_webui:/home/csrobot/flexbe_ws/install/flexbe_testing:/home/csrobot/flexbe_ws/install/flexbe_mirror:/home/csrobot/flexbe_ws/install/flexbe_input:/home/csrobot/flexbe_ws/install/flexbe_core:/home/csrobot/flexbe_ws/install/flexbe_msgs:${AMENT_PREFIX_PATH} CMAKE_PREFIX_PATH=/home/csrobot/flexbe_ws/install/flexbe_behavior_engine:/home/csrobot/flexbe_ws/install/flexbe_widget:/home/csrobot/flexbe_ws/install/flexbe_testing:/home/csrobot/flexbe_ws/install/flexbe_msgs:/opt/ros/jazzy/opt/gz_math_vendor:/opt/ros/jazzy/opt/gz_utils_vendor:/opt/ros/jazzy/opt/gz_cmake_vendor:/opt/ros/jazzy DEBUGINFOD_URLS=https://debuginfod.ubuntu.com LD_LIBRARY_PATH=/home/csrobot/flexbe_ws/install/flexbe_msgs/lib:${LD_LIBRARY_PATH} PYTHONPATH=/home/csrobot/flexbe_ws/build/flexbe_turtlesim_demo_flexbe_states:/home/csrobot/flexbe_ws/install/flexbe_turtlesim_demo_flexbe_states/lib/python3.12/site-packages:/home/csrobot/flexbe_ws/install/flexbe_widget/lib/python3.12/site-packages:/home/csrobot/flexbe_ws/build/flexbe_onboard:/home/csrobot/flexbe_ws/install/flexbe_onboard/lib/python3.12/site-packages:/home/csrobot/flexbe_ws/build/flexbe_states:/home/csrobot/flexbe_ws/install/flexbe_states/lib/python3.12/site-packages:/home/csrobot/flexbe_ws/build/flexbe_webui:/home/csrobot/flexbe_ws/install/flexbe_webui/lib/python3.12/site-packages:/home/csrobot/flexbe_ws/install/flexbe_testing/lib/python3.12/site-packages:/home/csrobot/flexbe_ws/build/flexbe_mirror:/home/csrobot/flexbe_ws/install/flexbe_mirror/lib/python3.12/site-packages:/home/csrobot/flexbe_ws/build/flexbe_input:/home/csrobot/flexbe_ws/install/flexbe_input/lib/python3.12/site-packages:/home/csrobot/flexbe_ws/build/flexbe_core:/home/csrobot/flexbe_ws/install/flexbe_core/lib/python3.12/site-packages:/home/csrobot/flexbe_ws/install/flexbe_msgs/lib/python3.12/site-packages:${PYTHONPATH} /usr/bin/cmake /home/csrobot/flexbe_ws/src/flexbe_turtlesim_demo/flexbe_turtlesim_demo_flexbe_behaviors -DAMENT_CMAKE_SYMLINK_INSTALL=1 -DCMAKE_INSTALL_PREFIX=/home/csrobot/flexbe_ws/install/flexbe_turtlesim_demo_flexbe_behaviors
[0.053s] -- The C compiler identification is GNU 13.3.0
[0.095s] -- The CXX compiler identification is GNU 13.3.0
[0.106s] -- Detecting C compiler ABI info
[0.168s] -- Detecting C compiler ABI info - done
[0.176s] -- Check for working C compiler: /usr/bin/cc - skipped
[0.177s] -- Detecting C compile features
[0.177s] -- Detecting C compile features - done
[0.183s] -- Detecting CXX compiler ABI info
[0.253s] -- Detecting CXX compiler ABI info - done
[0.262s] -- Check for working CXX compiler: /usr/bin/c++ - skipped
[0.262s] -- Detecting CXX compile features
[0.262s] -- Detecting CXX compile features - done
[0.264s] -- Found ament_cmake: 2.5.4 (/opt/ros/jazzy/share/ament_cmake/cmake)
[0.388s] -- Found Python3: /usr/bin/python3 (found version "3.12.3") found components: Interpreter 
[0.454s] -- Override CMake install command with custom implementation using symlinks instead of copying resources
[0.478s] -- Found rclcpp: 28.1.11 (/opt/ros/jazzy/share/rclcpp/cmake)
[0.511s] -- Found rosidl_generator_c: 4.6.6 (/opt/ros/jazzy/share/rosidl_generator_c/cmake)
[0.523s] -- Found rosidl_generator_cpp: 4.6.6 (/opt/ros/jazzy/share/rosidl_generator_cpp/cmake)
[0.537s] -- Using all available rosidl_typesupport_c: rosidl_typesupport_fastrtps_c;rosidl_typesupport_introspection_c
[0.552s] -- Using all available rosidl_typesupport_cpp: rosidl_typesupport_fastrtps_cpp;rosidl_typesupport_introspection_cpp
[0.621s] -- Found rmw_implementation_cmake: 7.3.2 (/opt/ros/jazzy/share/rmw_implementation_cmake/cmake)
[0.624s] -- Found rmw_fastrtps_cpp: 8.4.3 (/opt/ros/jazzy/share/rmw_fastrtps_cpp/cmake)
[0.680s] -- Found OpenSSL: /usr/lib/x86_64-linux-gnu/libcrypto.so (found version "3.0.13")  
[0.697s] -- Found FastRTPS: /opt/ros/jazzy/include (Required is at least version "2.13") 
[0.717s] -- Using RMW implementation 'rmw_fastrtps_cpp' as default
[0.784s] -- Found rclpy: 7.1.5 (/opt/ros/jazzy/share/rclpy/cmake)
[0.977s] -- Configuring done (1.0s)
[0.981s] -- Generating done (0.0s)
[0.983s] -- Build files have been written to: /home/csrobot/flexbe_ws/build/flexbe_turtlesim_demo_flexbe_behaviors
[0.990s] Invoked command in '/home/csrobot/flexbe_ws/build/flexbe_turtlesim_demo_flexbe_behaviors' returned '0': AMENT_PREFIX_PATH=/home/csrobot/flexbe_ws/install/flexbe_turtlesim_demo_flexbe_states:/home/csrobot/flexbe_ws/install/flexbe_behavior_engine:/home/csrobot/flexbe_ws/install/flexbe_widget:/home/csrobot/flexbe_ws/install/flexbe_onboard:/home/csrobot/flexbe_ws/install/flexbe_states:/home/csrobot/flexbe_ws/install/flexbe_webui:/home/csrobot/flexbe_ws/install/flexbe_testing:/home/csrobot/flexbe_ws/install/flexbe_mirror:/home/csrobot/flexbe_ws/install/flexbe_input:/home/csrobot/flexbe_ws/install/flexbe_core:/home/csrobot/flexbe_ws/install/flexbe_msgs:${AMENT_PREFIX_PATH} CMAKE_PREFIX_PATH=/home/csrobot/flexbe_ws/install/flexbe_behavior_engine:/home/csrobot/flexbe_ws/install/flexbe_widget:/home/csrobot/flexbe_ws/install/flexbe_testing:/home/csrobot/flexbe_ws/install/flexbe_msgs:/opt/ros/jazzy/opt/gz_math_vendor:/opt/ros/jazzy/opt/gz_utils_vendor:/opt/ros/jazzy/opt/gz_cmake_vendor:/opt/ros/jazzy DEBUGINFOD_URLS=https://debuginfod.ubuntu.com LD_LIBRARY_PATH=/home/csrobot/flexbe_ws/install/flexbe_msgs/lib:${LD_LIBRARY_PATH} PYTHONPATH=/home/csrobot/flexbe_ws/build/flexbe_turtlesim_demo_flexbe_states:/home/csrobot/flexbe_ws/install/flexbe_turtlesim_demo_flexbe_states/lib/python3.12/site-packages:/home/csrobot/flexbe_ws/install/flexbe_widget/lib/python3.12/site-packages:/home/csrobot/flexbe_ws/build/flexbe_onboard:/home/csrobot/flexbe_ws/install/flexbe_onboard/lib/python3.12/site-packages:/home/csrobot/flexbe_ws/build/flexbe_states:/home/csrobot/flexbe_ws/install/flexbe_states/lib/python3.12/site-packages:/home/csrobot/flexbe_ws/build/flexbe_webui:/home/csrobot/flexbe_ws/install/flexbe_webui/lib/python3.12/site-packages:/home/csrobot/flexbe_ws/install/flexbe_testing/lib/python3.12/site-packages:/home/csrobot/flexbe_ws/build/flexbe_mirror:/home/csrobot/flexbe_ws/install/flexbe_mirror/lib/python3.12/site-packages:/home/csrobot/flexbe_ws/build/flexbe_input:/home/csrobot/flexbe_ws/install/flexbe_input/lib/python3.12/site-packages:/home/csrobot/flexbe_ws/build/flexbe_core:/home/csrobot/flexbe_ws/install/flexbe_core/lib/python3.12/site-packages:/home/csrobot/flexbe_ws/install/flexbe_msgs/lib/python3.12/site-packages:${PYTHONPATH} /usr/bin/cmake /home/csrobot/flexbe_ws/src/flexbe_turtlesim_demo/flexbe_turtlesim_demo_flexbe_behaviors -DAMENT_CMAKE_SYMLINK_INSTALL=1 -DCMAKE_INSTALL_PREFIX=/home/csrobot/flexbe_ws/install/flexbe_turtlesim_demo_flexbe_behaviors
[0.991s] Invoking command in '/home/csrobot/flexbe_ws/build/flexbe_turtlesim_demo_flexbe_behaviors': AMENT_PREFIX_PATH=/home/csrobot/flexbe_ws/install/flexbe_turtlesim_demo_flexbe_states:/home/csrobot/flexbe_ws/install/flexbe_behavior_engine:/home/csrobot/flexbe_ws/install/flexbe_widget:/home/csrobot/flexbe_ws/install/flexbe_onboard:/home/csrobot/flexbe_ws/install/flexbe_states:/home/csrobot/flexbe_ws/install/flexbe_webui:/home/csrobot/flexbe_ws/install/flexbe_testing:/home/csrobot/flexbe_ws/install/flexbe_mirror:/home/csrobot/flexbe_ws/install/flexbe_input:/home/csrobot/flexbe_ws/install/flexbe_core:/home/csrobot/flexbe_ws/install/flexbe_msgs:${AMENT_PREFIX_PATH} CMAKE_PREFIX_PATH=/home/csrobot/flexbe_ws/install/flexbe_behavior_engine:/home/csrobot/flexbe_ws/install/flexbe_widget:/home/csrobot/flexbe_ws/install/flexbe_testing:/home/csrobot/flexbe_ws/install/flexbe_msgs:/opt/ros/jazzy/opt/gz_math_vendor:/opt/ros/jazzy/opt/gz_utils_vendor:/opt/ros/jazzy/opt/gz_cmake_vendor:/opt/ros/jazzy DEBUGINFOD_URLS=https://debuginfod.ubuntu.com LD_LIBRARY_PATH=/home/csrobot/flexbe_ws/install/flexbe_msgs/lib:${LD_LIBRARY_PATH} PYTHONPATH=/home/csrobot/flexbe_ws/build/flexbe_turtlesim_demo_flexbe_states:/home/csrobot/flexbe_ws/install/flexbe_turtlesim_demo_flexbe_states/lib/python3.12/site-packages:/home/csrobot/flexbe_ws/install/flexbe_widget/lib/python3.12/site-packages:/home/csrobot/flexbe_ws/build/flexbe_onboard:/home/csrobot/flexbe_ws/install/flexbe_onboard/lib/python3.12/site-packages:/home/csrobot/flexbe_ws/build/flexbe_states:/home/csrobot/flexbe_ws/install/flexbe_states/lib/python3.12/site-packages:/home/csrobot/flexbe_ws/build/flexbe_webui:/home/csrobot/flexbe_ws/install/flexbe_webui/lib/python3.12/site-packages:/home/csrobot/flexbe_ws/install/flexbe_testing/lib/python3.12/site-packages:/home/csrobot/flexbe_ws/build/flexbe_mirror:/home/csrobot/flexbe_ws/install/flexbe_mirror/lib/python3.12/site-packages:/home/csrobot/flexbe_ws/build/flexbe_input:/home/csrobot/flexbe_ws/install/flexbe_input/lib/python3.12/site-packages:/home/csrobot/flexbe_ws/build/flexbe_core:/home/csrobot/flexbe_ws/install/flexbe_core/lib/python3.12/site-packages:/home/csrobot/flexbe_ws/install/flexbe_msgs/lib/python3.12/site-packages:${PYTHONPATH} /usr/bin/cmake --build /home/csrobot/flexbe_ws/build/flexbe_turtlesim_demo_flexbe_behaviors -- -j8 -l8
[1.032s] Built target ament_cmake_python_symlink_flexbe_turtlesim_demo_flexbe_behaviors_setup
[1.053s] Built target ament_cmake_python_symlink_flexbe_turtlesim_demo_flexbe_behaviors
[1.267s] running egg_info
[1.268s] creating flexbe_turtlesim_demo_flexbe_behaviors.egg-info
[1.289s] writing flexbe_turtlesim_demo_flexbe_behaviors.egg-info/PKG-INFO
[1.290s] writing dependency_links to flexbe_turtlesim_demo_flexbe_behaviors.egg-info/dependency_links.txt
[1.290s] writing top-level names to flexbe_turtlesim_demo_flexbe_behaviors.egg-info/top_level.txt
[1.290s] writing manifest file 'flexbe_turtlesim_demo_flexbe_behaviors.egg-info/SOURCES.txt'
[1.353s] reading manifest file 'flexbe_turtlesim_demo_flexbe_behaviors.egg-info/SOURCES.txt'
[1.354s] writing manifest file 'flexbe_turtlesim_demo_flexbe_behaviors.egg-info/SOURCES.txt'
[1.378s] Built target ament_cmake_python_build_flexbe_turtlesim_demo_flexbe_behaviors_egg
[1.386s] Invoked command in '/home/csrobot/flexbe_ws/build/flexbe_turtlesim_demo_flexbe_behaviors' returned '0': AMENT_PREFIX_PATH=/home/csrobot/flexbe_ws/install/flexbe_turtlesim_demo_flexbe_states:/home/csrobot/flexbe_ws/install/flexbe_behavior_engine:/home/csrobot/flexbe_ws/install/flexbe_widget:/home/csrobot/flexbe_ws/install/flexbe_onboard:/home/csrobot/flexbe_ws/install/flexbe_states:/home/csrobot/flexbe_ws/install/flexbe_webui:/home/csrobot/flexbe_ws/install/flexbe_testing:/home/csrobot/flexbe_ws/install/flexbe_mirror:/home/csrobot/flexbe_ws/install/flexbe_input:/home/csrobot/flexbe_ws/install/flexbe_core:/home/csrobot/flexbe_ws/install/flexbe_msgs:${AMENT_PREFIX_PATH} CMAKE_PREFIX_PATH=/home/csrobot/flexbe_ws/install/flexbe_behavior_engine:/home/csrobot/flexbe_ws/install/flexbe_widget:/home/csrobot/flexbe_ws/install/flexbe_testing:/home/csrobot/flexbe_ws/install/flexbe_msgs:/opt/ros/jazzy/opt/gz_math_vendor:/opt/ros/jazzy/opt/gz_utils_vendor:/opt/ros/jazzy/opt/gz_cmake_vendor:/opt/ros/jazzy DEBUGINFOD_URLS=https://debuginfod.ubuntu.com LD_LIBRARY_PATH=/home/csrobot/flexbe_ws/install/flexbe_msgs/lib:${LD_LIBRARY_PATH} PYTHONPATH=/home/csrobot/flexbe_ws/build/flexbe_turtlesim_demo_flexbe_states:/home/csrobot/flexbe_ws/install/flexbe_turtlesim_demo_flexbe_states/lib/python3.12/site-packages:/home/csrobot/flexbe_ws/install/flexbe_widget/lib/python3.12/site-packages:/home/csrobot/flexbe_ws/build/flexbe_onboard:/home/csrobot/flexbe_ws/install/flexbe_onboard/lib/python3.12/site-packages:/home/csrobot/flexbe_ws/build/flexbe_states:/home/csrobot/flexbe_ws/install/flexbe_states/lib/python3.12/site-packages:/home/csrobot/flexbe_ws/build/flexbe_webui:/home/csrobot/flexbe_ws/install/flexbe_webui/lib/python3.12/site-packages:/home/csrobot/flexbe_ws/install/flexbe_testing/lib/python3.12/site-packages:/home/csrobot/flexbe_ws/build/flexbe_mirror:/home/csrobot/flexbe_ws/install/flexbe_mirror/lib/python3.12/site-packages:/home/csrobot/flexbe_ws/build/flexbe_input:/home/csrobot/flexbe_ws/install/flexbe_input/lib/python3.12/site-packages:/home/csrobot/flexbe_ws/build/flexbe_core:/home/csrobot/flexbe_ws/install/flexbe_core/lib/python3.12/site-packages:/home/csrobot/flexbe_ws/install/flexbe_msgs/lib/python3.12/site-packages:${PYTHONPATH} /usr/bin/cmake --build /home/csrobot/flexbe_ws/build/flexbe_turtlesim_demo_flexbe_behaviors -- -j8 -l8
[1.387s] Invoking command in '/home/csrobot/flexbe_ws/build/flexbe_turtlesim_demo_flexbe_behaviors': AMENT_PREFIX_PATH=/home/csrobot/flexbe_ws/install/flexbe_turtlesim_demo_flexbe_states:/home/csrobot/flexbe_ws/install/flexbe_behavior_engine:/home/csrobot/flexbe_ws/install/flexbe_widget:/home/csrobot/flexbe_ws/install/flexbe_onboard:/home/csrobot/flexbe_ws/install/flexbe_states:/home/csrobot/flexbe_ws/install/flexbe_webui:/home/csrobot/flexbe_ws/install/flexbe_testing:/home/csrobot/flexbe_ws/install/flexbe_mirror:/home/csrobot/flexbe_ws/install/flexbe_input:/home/csrobot/flexbe_ws/install/flexbe_core:/home/csrobot/flexbe_ws/install/flexbe_msgs:${AMENT_PREFIX_PATH} CMAKE_PREFIX_PATH=/home/csrobot/flexbe_ws/install/flexbe_behavior_engine:/home/csrobot/flexbe_ws/install/flexbe_widget:/home/csrobot/flexbe_ws/install/flexbe_testing:/home/csrobot/flexbe_ws/install/flexbe_msgs:/opt/ros/jazzy/opt/gz_math_vendor:/opt/ros/jazzy/opt/gz_utils_vendor:/opt/ros/jazzy/opt/gz_cmake_vendor:/opt/ros/jazzy DEBUGINFOD_URLS=https://debuginfod.ubuntu.com LD_LIBRARY_PATH=/home/csrobot/flexbe_ws/install/flexbe_msgs/lib:${LD_LIBRARY_PATH} PYTHONPATH=/home/csrobot/flexbe_ws/build/flexbe_turtlesim_demo_flexbe_states:/home/csrobot/flexbe_ws/install/flexbe_turtlesim_demo_flexbe_states/lib/python3.12/site-packages:/home/csrobot/flexbe_ws/install/flexbe_widget/lib/python3.12/site-packages:/home/csrobot/flexbe_ws/build/flexbe_onboard:/home/csrobot/flexbe_ws/install/flexbe_onboard/lib/python3.12/site-packages:/home/csrobot/flexbe_ws/build/flexbe_states:/home/csrobot/flexbe_ws/install/flexbe_states/lib/python3.12/site-packages:/home/csrobot/flexbe_ws/build/flexbe_webui:/home/csrobot/flexbe_ws/install/flexbe_webui/lib/python3.12/site-packages:/home/csrobot/flexbe_ws/install/flexbe_testing/lib/python3.12/site-packages:/home/csrobot/flexbe_ws/build/flexbe_mirror:/home/csrobot/flexbe_ws/install/flexbe_mirror/lib/python3.12/site-packages:/home/csrobot/flexbe_ws/build/flexbe_input:/home/csrobot/flexbe_ws/install/flexbe_input/lib/python3.12/site-packages:/home/csrobot/flexbe_ws/build/flexbe_core:/home/csrobot/flexbe_ws/install/flexbe_core/lib/python3.12/site-packages:/home/csrobot/flexbe_ws/install/flexbe_msgs/lib/python3.12/site-packages:${PYTHONPATH} /usr/bin/cmake --install /home/csrobot/flexbe_ws/build/flexbe_turtlesim_demo_flexbe_behaviors
[1.392s] -- Install configuration: ""
[1.393s] -- Execute custom install script
[1.393s] -- Symlinking: /home/csrobot/flexbe_ws/install/flexbe_turtlesim_demo_flexbe_behaviors/lib/flexbe_turtlesim_demo_flexbe_behaviors/manifest/example_1.xml
[1.400s] -- Symlinking: /home/csrobot/flexbe_ws/install/flexbe_turtlesim_demo_flexbe_behaviors/lib/flexbe_turtlesim_demo_flexbe_behaviors/manifest/example_2.xml
[1.407s] -- Symlinking: /home/csrobot/flexbe_ws/install/flexbe_turtlesim_demo_flexbe_behaviors/lib/flexbe_turtlesim_demo_flexbe_behaviors/manifest/example_3.xml
[1.414s] -- Symlinking: /home/csrobot/flexbe_ws/install/flexbe_turtlesim_demo_flexbe_behaviors/lib/flexbe_turtlesim_demo_flexbe_behaviors/manifest/example_4.xml
[1.421s] -- Symlinking: /home/csrobot/flexbe_ws/install/flexbe_turtlesim_demo_flexbe_behaviors/lib/flexbe_turtlesim_demo_flexbe_behaviors/manifest/flexbe_turtlesim_demo.xml
[1.427s] -- Symlinking: /home/csrobot/flexbe_ws/install/flexbe_turtlesim_demo_flexbe_behaviors/lib/flexbe_turtlesim_demo_flexbe_behaviors/manifest/turtlesim_input_state_behavior.xml
[1.434s] -- Symlinking: /home/csrobot/flexbe_ws/install/flexbe_turtlesim_demo_flexbe_behaviors/lib/flexbe_turtlesim_demo_flexbe_behaviors/manifest/turtlesim_rotation_state_behavior.xml
[1.441s] -- Symlinking: /home/csrobot/flexbe_ws/install/flexbe_turtlesim_demo_flexbe_behaviors/lib/flexbe_turtlesim_demo_flexbe_behaviors/config/example.yaml
[1.447s] -- Symlinking: /home/csrobot/flexbe_ws/install/flexbe_turtlesim_demo_flexbe_behaviors/share/flexbe_turtlesim_demo_flexbe_behaviors/environment/pythonpath.sh
[1.453s] -- Symlinking: /home/csrobot/flexbe_ws/install/flexbe_turtlesim_demo_flexbe_behaviors/share/flexbe_turtlesim_demo_flexbe_behaviors/environment/pythonpath.dsv
[1.459s] -- Symlinking: /home/csrobot/flexbe_ws/install/flexbe_turtlesim_demo_flexbe_behaviors/lib/python3.12/site-packages/flexbe_turtlesim_demo_flexbe_behaviors-1.0.0-py3.12.egg-info/PKG-INFO
[1.466s] -- Symlinking: /home/csrobot/flexbe_ws/install/flexbe_turtlesim_demo_flexbe_behaviors/lib/python3.12/site-packages/flexbe_turtlesim_demo_flexbe_behaviors-1.0.0-py3.12.egg-info/SOURCES.txt
[1.472s] -- Symlinking: /home/csrobot/flexbe_ws/install/flexbe_turtlesim_demo_flexbe_behaviors/lib/python3.12/site-packages/flexbe_turtlesim_demo_flexbe_behaviors-1.0.0-py3.12.egg-info/dependency_links.txt
[1.478s] -- Symlinking: /home/csrobot/flexbe_ws/install/flexbe_turtlesim_demo_flexbe_behaviors/lib/python3.12/site-packages/flexbe_turtlesim_demo_flexbe_behaviors-1.0.0-py3.12.egg-info/top_level.txt
[1.485s] -- Symlinking: /home/csrobot/flexbe_ws/install/flexbe_turtlesim_demo_flexbe_behaviors/lib/python3.12/site-packages/flexbe_turtlesim_demo_flexbe_behaviors/__init__.py
[1.491s] -- Symlinking: /home/csrobot/flexbe_ws/install/flexbe_turtlesim_demo_flexbe_behaviors/lib/python3.12/site-packages/flexbe_turtlesim_demo_flexbe_behaviors/example_1_sm.py
[1.497s] -- Symlinking: /home/csrobot/flexbe_ws/install/flexbe_turtlesim_demo_flexbe_behaviors/lib/python3.12/site-packages/flexbe_turtlesim_demo_flexbe_behaviors/example_2_sm.py
[1.504s] -- Symlinking: /home/csrobot/flexbe_ws/install/flexbe_turtlesim_demo_flexbe_behaviors/lib/python3.12/site-packages/flexbe_turtlesim_demo_flexbe_behaviors/example_3_sm.py
[1.510s] -- Symlinking: /home/csrobot/flexbe_ws/install/flexbe_turtlesim_demo_flexbe_behaviors/lib/python3.12/site-packages/flexbe_turtlesim_demo_flexbe_behaviors/example_4_sm.py
[1.516s] -- Symlinking: /home/csrobot/flexbe_ws/install/flexbe_turtlesim_demo_flexbe_behaviors/lib/python3.12/site-packages/flexbe_turtlesim_demo_flexbe_behaviors/flexbe_turtlesim_demo_sm.py
[1.523s] -- Symlinking: /home/csrobot/flexbe_ws/install/flexbe_turtlesim_demo_flexbe_behaviors/lib/python3.12/site-packages/flexbe_turtlesim_demo_flexbe_behaviors/turn_rate.py
[1.529s] -- Symlinking: /home/csrobot/flexbe_ws/install/flexbe_turtlesim_demo_flexbe_behaviors/lib/python3.12/site-packages/flexbe_turtlesim_demo_flexbe_behaviors/turtlesim_input_state_behavior_sm.py
[1.536s] -- Symlinking: /home/csrobot/flexbe_ws/install/flexbe_turtlesim_demo_flexbe_behaviors/lib/python3.12/site-packages/flexbe_turtlesim_demo_flexbe_behaviors/turtlesim_rotation_state_behavior_sm.py
[1.542s] -- Symlinking: /home/csrobot/flexbe_ws/install/flexbe_turtlesim_demo_flexbe_behaviors/share/ament_index/resource_index/package_run_dependencies/flexbe_turtlesim_demo_flexbe_behaviors
[1.548s] -- Symlinking: /home/csrobot/flexbe_ws/install/flexbe_turtlesim_demo_flexbe_behaviors/share/ament_index/resource_index/parent_prefix_path/flexbe_turtlesim_demo_flexbe_behaviors
[1.554s] -- Symlinking: /home/csrobot/flexbe_ws/install/flexbe_turtlesim_demo_flexbe_behaviors/share/flexbe_turtlesim_demo_flexbe_behaviors/environment/ament_prefix_path.sh
[1.561s] -- Symlinking: /home/csrobot/flexbe_ws/install/flexbe_turtlesim_demo_flexbe_behaviors/share/flexbe_turtlesim_demo_flexbe_behaviors/environment/ament_prefix_path.dsv
[1.567s] -- Symlinking: /home/csrobot/flexbe_ws/install/flexbe_turtlesim_demo_flexbe_behaviors/share/flexbe_turtlesim_demo_flexbe_behaviors/environment/path.sh
[1.573s] -- Symlinking: /home/csrobot/flexbe_ws/install/flexbe_turtlesim_demo_flexbe_behaviors/share/flexbe_turtlesim_demo_flexbe_behaviors/environment/path.dsv
[1.579s] -- Symlinking: /home/csrobot/flexbe_ws/install/flexbe_turtlesim_demo_flexbe_behaviors/share/flexbe_turtlesim_demo_flexbe_behaviors/local_setup.bash
[1.585s] -- Symlinking: /home/csrobot/flexbe_ws/install/flexbe_turtlesim_demo_flexbe_behaviors/share/flexbe_turtlesim_demo_flexbe_behaviors/local_setup.sh
[1.592s] -- Symlinking: /home/csrobot/flexbe_ws/install/flexbe_turtlesim_demo_flexbe_behaviors/share/flexbe_turtlesim_demo_flexbe_behaviors/local_setup.zsh
[1.598s] -- Symlinking: /home/csrobot/flexbe_ws/install/flexbe_turtlesim_demo_flexbe_behaviors/share/flexbe_turtlesim_demo_flexbe_behaviors/local_setup.dsv
[1.605s] -- Symlinking: /home/csrobot/flexbe_ws/install/flexbe_turtlesim_demo_flexbe_behaviors/share/flexbe_turtlesim_demo_flexbe_behaviors/package.dsv
[1.611s] -- Symlinking: /home/csrobot/flexbe_ws/install/flexbe_turtlesim_demo_flexbe_behaviors/share/ament_index/resource_index/packages/flexbe_turtlesim_demo_flexbe_behaviors
[1.617s] -- Symlinking: /home/csrobot/flexbe_ws/install/flexbe_turtlesim_demo_flexbe_behaviors/share/flexbe_turtlesim_demo_flexbe_behaviors/cmake/flexbe_turtlesim_demo_flexbe_behaviorsConfig.cmake
[1.624s] -- Symlinking: /home/csrobot/flexbe_ws/install/flexbe_turtlesim_demo_flexbe_behaviors/share/flexbe_turtlesim_demo_flexbe_behaviors/cmake/flexbe_turtlesim_demo_flexbe_behaviorsConfig-version.cmake
[1.630s] -- Symlinking: /home/csrobot/flexbe_ws/install/flexbe_turtlesim_demo_flexbe_behaviors/share/flexbe_turtlesim_demo_flexbe_behaviors/package.xml
[1.674s] Listing '/home/csrobot/flexbe_ws/install/flexbe_turtlesim_demo_flexbe_behaviors/lib/python3.12/site-packages/flexbe_turtlesim_demo_flexbe_behaviors'...
[1.674s] Compiling '/home/csrobot/flexbe_ws/install/flexbe_turtlesim_demo_flexbe_behaviors/lib/python3.12/site-packages/flexbe_turtlesim_demo_flexbe_behaviors/__init__.py'...
[1.674s] Compiling '/home/csrobot/flexbe_ws/install/flexbe_turtlesim_demo_flexbe_behaviors/lib/python3.12/site-packages/flexbe_turtlesim_demo_flexbe_behaviors/example_1_sm.py'...
[1.674s] Compiling '/home/csrobot/flexbe_ws/install/flexbe_turtlesim_demo_flexbe_behaviors/lib/python3.12/site-packages/flexbe_turtlesim_demo_flexbe_behaviors/example_2_sm.py'...
[1.674s] Compiling '/home/csrobot/flexbe_ws/install/flexbe_turtlesim_demo_flexbe_behaviors/lib/python3.12/site-packages/flexbe_turtlesim_demo_flexbe_behaviors/example_3_sm.py'...
[1.674s] Compiling '/home/csrobot/flexbe_ws/install/flexbe_turtlesim_demo_flexbe_behaviors/lib/python3.12/site-packages/flexbe_turtlesim_demo_flexbe_behaviors/example_4_sm.py'...
[1.675s] Compiling '/home/csrobot/flexbe_ws/install/flexbe_turtlesim_demo_flexbe_behaviors/lib/python3.12/site-packages/flexbe_turtlesim_demo_flexbe_behaviors/flexbe_turtlesim_demo_sm.py'...
[1.675s] Compiling '/home/csrobot/flexbe_ws/install/flexbe_turtlesim_demo_flexbe_behaviors/lib/python3.12/site-packages/flexbe_turtlesim_demo_flexbe_behaviors/turn_rate.py'...
[1.675s] Compiling '/home/csrobot/flexbe_ws/install/flexbe_turtlesim_demo_flexbe_behaviors/lib/python3.12/site-packages/flexbe_turtlesim_demo_flexbe_behaviors/turtlesim_input_state_behavior_sm.py'...
[1.675s] Compiling '/home/csrobot/flexbe_ws/install/flexbe_turtlesim_demo_flexbe_behaviors/lib/python3.12/site-packages/flexbe_turtlesim_demo_flexbe_behaviors/turtlesim_rotation_state_behavior_sm.py'...
[1.681s] Invoked command in '/home/csrobot/flexbe_ws/build/flexbe_turtlesim_demo_flexbe_behaviors' returned '0': AMENT_PREFIX_PATH=/home/csrobot/flexbe_ws/install/flexbe_turtlesim_demo_flexbe_states:/home/csrobot/flexbe_ws/install/flexbe_behavior_engine:/home/csrobot/flexbe_ws/install/flexbe_widget:/home/csrobot/flexbe_ws/install/flexbe_onboard:/home/csrobot/flexbe_ws/install/flexbe_states:/home/csrobot/flexbe_ws/install/flexbe_webui:/home/csrobot/flexbe_ws/install/flexbe_testing:/home/csrobot/flexbe_ws/install/flexbe_mirror:/home/csrobot/flexbe_ws/install/flexbe_input:/home/csrobot/flexbe_ws/install/flexbe_core:/home/csrobot/flexbe_ws/install/flexbe_msgs:${AMENT_PREFIX_PATH} CMAKE_PREFIX_PATH=/home/csrobot/flexbe_ws/install/flexbe_behavior_engine:/home/csrobot/flexbe_ws/install/flexbe_widget:/home/csrobot/flexbe_ws/install/flexbe_testing:/home/csrobot/flexbe_ws/install/flexbe_msgs:/opt/ros/jazzy/opt/gz_math_vendor:/opt/ros/jazzy/opt/gz_utils_vendor:/opt/ros/jazzy/opt/gz_cmake_vendor:/opt/ros/jazzy DEBUGINFOD_URLS=https://debuginfod.ubuntu.com LD_LIBRARY_PATH=/home/csrobot/flexbe_ws/install/flexbe_msgs/lib:${LD_LIBRARY_PATH} PYTHONPATH=/home/csrobot/flexbe_ws/build/flexbe_turtlesim_demo_flexbe_states:/home/csrobot/flexbe_ws/install/flexbe_turtlesim_demo_flexbe_states/lib/python3.12/site-packages:/home/csrobot/flexbe_ws/install/flexbe_widget/lib/python3.12/site-packages:/home/csrobot/flexbe_ws/build/flexbe_onboard:/home/csrobot/flexbe_ws/install/flexbe_onboard/lib/python3.12/site-packages:/home/csrobot/flexbe_ws/build/flexbe_states:/home/csrobot/flexbe_ws/install/flexbe_states/lib/python3.12/site-packages:/home/csrobot/flexbe_ws/build/flexbe_webui:/home/csrobot/flexbe_ws/install/flexbe_webui/lib/python3.12/site-packages:/home/csrobot/flexbe_ws/install/flexbe_testing/lib/python3.12/site-packages:/home/csrobot/flexbe_ws/build/flexbe_mirror:/home/csrobot/flexbe_ws/install/flexbe_mirror/lib/python3.12/site-packages:/home/csrobot/flexbe_ws/build/flexbe_input:/home/csrobot/flexbe_ws/install/flexbe_input/lib/python3.12/site-packages:/home/csrobot/flexbe_ws/build/flexbe_core:/home/csrobot/flexbe_ws/install/flexbe_core/lib/python3.12/site-packages:/home/csrobot/flexbe_ws/install/flexbe_msgs/lib/python3.12/site-packages:${PYTHONPATH} /usr/bin/cmake --install /home/csrobot/flexbe_ws/build/flexbe_turtlesim_demo_flexbe_behaviors
