-- The C compiler identification is GNU 13.3.0
-- The CXX compiler identification is GNU 13.3.0
-- Detecting C compiler ABI info
-- Detecting C compiler ABI info - done
-- Check for working C compiler: /usr/bin/cc - skipped
-- Detecting C compile features
-- Detecting C compile features - done
-- Detecting CXX compiler ABI info
-- Detecting CXX compiler ABI info - done
-- Check for working CXX compiler: /usr/bin/c++ - skipped
-- Detecting CXX compile features
-- Detecting CXX compile features - done
-- Found ament_cmake: 2.5.4 (/opt/ros/jazzy/share/ament_cmake/cmake)
-- Found Python3: /usr/bin/python3 (found version "3.12.3") found components: Interpreter 
-- Override CMake install command with custom implementation using symlinks instead of copying resources
-- Configuring done (0.6s)
-- Generating done (0.0s)
-- Build files have been written to: /home/csrobot/flexbe_ws/build/flexbe_turtlesim_demo
-- Install configuration: ""
-- Execute custom install script
-- Symlinking: /home/csrobot/flexbe_ws/install/flexbe_turtlesim_demo/share/ament_index/resource_index/package_run_dependencies/flexbe_turtlesim_demo
-- Symlinking: /home/csrobot/flexbe_ws/install/flexbe_turtlesim_demo/share/ament_index/resource_index/parent_prefix_path/flexbe_turtlesim_demo
-- Symlinking: /home/csrobot/flexbe_ws/install/flexbe_turtlesim_demo/share/flexbe_turtlesim_demo/environment/ament_prefix_path.sh
-- Symlinking: /home/csrobot/flexbe_ws/install/flexbe_turtlesim_demo/share/flexbe_turtlesim_demo/environment/ament_prefix_path.dsv
-- Symlinking: /home/csrobot/flexbe_ws/install/flexbe_turtlesim_demo/share/flexbe_turtlesim_demo/environment/path.sh
-- Symlinking: /home/csrobot/flexbe_ws/install/flexbe_turtlesim_demo/share/flexbe_turtlesim_demo/environment/path.dsv
-- Symlinking: /home/csrobot/flexbe_ws/install/flexbe_turtlesim_demo/share/flexbe_turtlesim_demo/local_setup.bash
-- Symlinking: /home/csrobot/flexbe_ws/install/flexbe_turtlesim_demo/share/flexbe_turtlesim_demo/local_setup.sh
-- Symlinking: /home/csrobot/flexbe_ws/install/flexbe_turtlesim_demo/share/flexbe_turtlesim_demo/local_setup.zsh
-- Symlinking: /home/csrobot/flexbe_ws/install/flexbe_turtlesim_demo/share/flexbe_turtlesim_demo/local_setup.dsv
-- Symlinking: /home/csrobot/flexbe_ws/install/flexbe_turtlesim_demo/share/flexbe_turtlesim_demo/package.dsv
-- Symlinking: /home/csrobot/flexbe_ws/install/flexbe_turtlesim_demo/share/ament_index/resource_index/packages/flexbe_turtlesim_demo
-- Symlinking: /home/csrobot/flexbe_ws/install/flexbe_turtlesim_demo/share/flexbe_turtlesim_demo/cmake/flexbe_turtlesim_demoConfig.cmake
-- Symlinking: /home/csrobot/flexbe_ws/install/flexbe_turtlesim_demo/share/flexbe_turtlesim_demo/cmake/flexbe_turtlesim_demoConfig-version.cmake
-- Symlinking: /home/csrobot/flexbe_ws/install/flexbe_turtlesim_demo/share/flexbe_turtlesim_demo/package.xml
