[0.010s] Invoking command in '/home/csrobot/flexbe_ws/build/tm5x-700_moveit_config': AMENT_PREFIX_PATH=/home/csrobot/flexbe_ws/install/tm_description:${AMENT_PREFIX_PATH} CMAKE_PREFIX_PATH=/home/csrobot/flexbe_ws/install/tm_description:/opt/ros/jazzy/opt/gz_math_vendor:/opt/ros/jazzy/opt/gz_utils_vendor:/opt/ros/jazzy/opt/gz_cmake_vendor:/opt/ros/jazzy DEBUGINFOD_URLS=https://debuginfod.ubuntu.com /usr/bin/cmake /home/csrobot/flexbe_ws/src/tmr_ros2/tm_moveit/tm5x-700_moveit_config -DAMENT_CMAKE_SYMLINK_INSTALL=1 -DCMAKE_INSTALL_PREFIX=/home/csrobot/flexbe_ws/install/tm5x-700_moveit_config
[0.298s] -- The C compiler identification is GNU 13.3.0
[0.298s] -- The CXX compiler identification is GNU 13.3.0
[0.298s] -- Detecting C compiler ABI info
[0.298s] -- Detecting C compiler ABI info - done
[0.298s] -- Check for working C compiler: /usr/bin/cc - skipped
[0.298s] -- Detecting C compile features
[0.298s] -- Detecting C compile features - done
[0.298s] -- Detecting CXX compiler ABI info
[0.298s] -- Detecting CXX compiler ABI info - done
[0.305s] -- Check for working CXX compiler: /usr/bin/c++ - skipped
[0.305s] -- Detecting CXX compile features
[0.305s] -- Detecting CXX compile features - done
[0.310s] -- Found ament_cmake: 2.5.4 (/opt/ros/jazzy/share/ament_cmake/cmake)
[0.429s] -- Found Python3: /usr/bin/python3 (found version "3.12.3") found components: Interpreter 
[0.503s] -- Override CMake install command with custom implementation using symlinks instead of copying resources
[0.636s] -- Configuring done (0.6s)
[0.640s] -- Generating done (0.0s)
[0.645s] -- Build files have been written to: /home/csrobot/flexbe_ws/build/tm5x-700_moveit_config
[0.652s] Invoked command in '/home/csrobot/flexbe_ws/build/tm5x-700_moveit_config' returned '0': AMENT_PREFIX_PATH=/home/csrobot/flexbe_ws/install/tm_description:${AMENT_PREFIX_PATH} CMAKE_PREFIX_PATH=/home/csrobot/flexbe_ws/install/tm_description:/opt/ros/jazzy/opt/gz_math_vendor:/opt/ros/jazzy/opt/gz_utils_vendor:/opt/ros/jazzy/opt/gz_cmake_vendor:/opt/ros/jazzy DEBUGINFOD_URLS=https://debuginfod.ubuntu.com /usr/bin/cmake /home/csrobot/flexbe_ws/src/tmr_ros2/tm_moveit/tm5x-700_moveit_config -DAMENT_CMAKE_SYMLINK_INSTALL=1 -DCMAKE_INSTALL_PREFIX=/home/csrobot/flexbe_ws/install/tm5x-700_moveit_config
[0.652s] Invoking command in '/home/csrobot/flexbe_ws/build/tm5x-700_moveit_config': AMENT_PREFIX_PATH=/home/csrobot/flexbe_ws/install/tm_description:${AMENT_PREFIX_PATH} CMAKE_PREFIX_PATH=/home/csrobot/flexbe_ws/install/tm_description:/opt/ros/jazzy/opt/gz_math_vendor:/opt/ros/jazzy/opt/gz_utils_vendor:/opt/ros/jazzy/opt/gz_cmake_vendor:/opt/ros/jazzy DEBUGINFOD_URLS=https://debuginfod.ubuntu.com /usr/bin/cmake --build /home/csrobot/flexbe_ws/build/tm5x-700_moveit_config -- -j8 -l8
[0.685s] Invoked command in '/home/csrobot/flexbe_ws/build/tm5x-700_moveit_config' returned '0': AMENT_PREFIX_PATH=/home/csrobot/flexbe_ws/install/tm_description:${AMENT_PREFIX_PATH} CMAKE_PREFIX_PATH=/home/csrobot/flexbe_ws/install/tm_description:/opt/ros/jazzy/opt/gz_math_vendor:/opt/ros/jazzy/opt/gz_utils_vendor:/opt/ros/jazzy/opt/gz_cmake_vendor:/opt/ros/jazzy DEBUGINFOD_URLS=https://debuginfod.ubuntu.com /usr/bin/cmake --build /home/csrobot/flexbe_ws/build/tm5x-700_moveit_config -- -j8 -l8
[0.685s] Invoking command in '/home/csrobot/flexbe_ws/build/tm5x-700_moveit_config': AMENT_PREFIX_PATH=/home/csrobot/flexbe_ws/install/tm_description:${AMENT_PREFIX_PATH} CMAKE_PREFIX_PATH=/home/csrobot/flexbe_ws/install/tm_description:/opt/ros/jazzy/opt/gz_math_vendor:/opt/ros/jazzy/opt/gz_utils_vendor:/opt/ros/jazzy/opt/gz_cmake_vendor:/opt/ros/jazzy DEBUGINFOD_URLS=https://debuginfod.ubuntu.com /usr/bin/cmake --install /home/csrobot/flexbe_ws/build/tm5x-700_moveit_config
[0.734s] -- Install configuration: ""
[0.735s] -- Execute custom install script
[0.735s] -- Symlinking: /home/csrobot/flexbe_ws/install/tm5x-700_moveit_config/share/ament_index/resource_index/package_run_dependencies/tm5x-700_moveit_config
[0.736s] -- Symlinking: /home/csrobot/flexbe_ws/install/tm5x-700_moveit_config/share/ament_index/resource_index/parent_prefix_path/tm5x-700_moveit_config
[0.736s] -- Symlinking: /home/csrobot/flexbe_ws/install/tm5x-700_moveit_config/share/tm5x-700_moveit_config/environment/ament_prefix_path.sh
[0.736s] -- Symlinking: /home/csrobot/flexbe_ws/install/tm5x-700_moveit_config/share/tm5x-700_moveit_config/environment/ament_prefix_path.dsv
[0.736s] -- Symlinking: /home/csrobot/flexbe_ws/install/tm5x-700_moveit_config/share/tm5x-700_moveit_config/environment/path.sh
[0.736s] -- Symlinking: /home/csrobot/flexbe_ws/install/tm5x-700_moveit_config/share/tm5x-700_moveit_config/environment/path.dsv
[0.736s] -- Symlinking: /home/csrobot/flexbe_ws/install/tm5x-700_moveit_config/share/tm5x-700_moveit_config/local_setup.bash
[0.743s] -- Symlinking: /home/csrobot/flexbe_ws/install/tm5x-700_moveit_config/share/tm5x-700_moveit_config/local_setup.sh
[0.752s] -- Symlinking: /home/csrobot/flexbe_ws/install/tm5x-700_moveit_config/share/tm5x-700_moveit_config/local_setup.zsh
[0.764s] -- Symlinking: /home/csrobot/flexbe_ws/install/tm5x-700_moveit_config/share/tm5x-700_moveit_config/local_setup.dsv
[0.764s] -- Symlinking: /home/csrobot/flexbe_ws/install/tm5x-700_moveit_config/share/tm5x-700_moveit_config/package.dsv
[0.772s] -- Symlinking: /home/csrobot/flexbe_ws/install/tm5x-700_moveit_config/share/ament_index/resource_index/packages/tm5x-700_moveit_config
[0.782s] -- Symlinking: /home/csrobot/flexbe_ws/install/tm5x-700_moveit_config/share/tm5x-700_moveit_config/cmake/tm5x-700_moveit_configConfig.cmake
[0.795s] -- Symlinking: /home/csrobot/flexbe_ws/install/tm5x-700_moveit_config/share/tm5x-700_moveit_config/cmake/tm5x-700_moveit_configConfig-version.cmake
[0.807s] -- Symlinking: /home/csrobot/flexbe_ws/install/tm5x-700_moveit_config/share/tm5x-700_moveit_config/package.xml
[0.822s] -- Symlinking: /home/csrobot/flexbe_ws/install/tm5x-700_moveit_config/share/tm5x-700_moveit_config/launch/demo.launch.py
[0.841s] -- Symlinking: /home/csrobot/flexbe_ws/install/tm5x-700_moveit_config/share/tm5x-700_moveit_config/launch/move_group.launch.py
[0.848s] -- Symlinking: /home/csrobot/flexbe_ws/install/tm5x-700_moveit_config/share/tm5x-700_moveit_config/launch/moveit_rviz.launch.py
[0.855s] -- Symlinking: /home/csrobot/flexbe_ws/install/tm5x-700_moveit_config/share/tm5x-700_moveit_config/launch/rsp.launch.py
[0.863s] -- Symlinking: /home/csrobot/flexbe_ws/install/tm5x-700_moveit_config/share/tm5x-700_moveit_config/launch/run_move_group.rviz
[0.871s] -- Symlinking: /home/csrobot/flexbe_ws/install/tm5x-700_moveit_config/share/tm5x-700_moveit_config/launch/setup_assistant.launch.py
[0.878s] -- Symlinking: /home/csrobot/flexbe_ws/install/tm5x-700_moveit_config/share/tm5x-700_moveit_config/launch/spawn_controllers.launch.py
[0.885s] -- Symlinking: /home/csrobot/flexbe_ws/install/tm5x-700_moveit_config/share/tm5x-700_moveit_config/launch/static_virtual_joint_tfs.launch.py
[0.893s] -- Symlinking: /home/csrobot/flexbe_ws/install/tm5x-700_moveit_config/share/tm5x-700_moveit_config/launch/tm5x-700_moveit.launch.py
[0.907s] -- Symlinking: /home/csrobot/flexbe_ws/install/tm5x-700_moveit_config/share/tm5x-700_moveit_config/launch/tm5x-700_run_move_group.launch.py
[0.915s] -- Symlinking: /home/csrobot/flexbe_ws/install/tm5x-700_moveit_config/share/tm5x-700_moveit_config/launch/warehouse_db.launch.py
[0.922s] -- Symlinking: /home/csrobot/flexbe_ws/install/tm5x-700_moveit_config/share/tm5x-700_moveit_config/config/chomp_planning.yaml
[0.931s] -- Symlinking: /home/csrobot/flexbe_ws/install/tm5x-700_moveit_config/share/tm5x-700_moveit_config/config/controllers.yaml
[0.939s] -- Symlinking: /home/csrobot/flexbe_ws/install/tm5x-700_moveit_config/share/tm5x-700_moveit_config/config/initial_positions.yaml
[0.946s] -- Symlinking: /home/csrobot/flexbe_ws/install/tm5x-700_moveit_config/share/tm5x-700_moveit_config/config/joint_limits.yaml
[0.958s] -- Symlinking: /home/csrobot/flexbe_ws/install/tm5x-700_moveit_config/share/tm5x-700_moveit_config/config/kinematics.yaml
[0.967s] -- Symlinking: /home/csrobot/flexbe_ws/install/tm5x-700_moveit_config/share/tm5x-700_moveit_config/config/moveit.rviz
[0.973s] -- Symlinking: /home/csrobot/flexbe_ws/install/tm5x-700_moveit_config/share/tm5x-700_moveit_config/config/moveit2_controllers.yaml
[0.986s] -- Symlinking: /home/csrobot/flexbe_ws/install/tm5x-700_moveit_config/share/tm5x-700_moveit_config/config/moveit_controllers.yaml
[0.991s] -- Symlinking: /home/csrobot/flexbe_ws/install/tm5x-700_moveit_config/share/tm5x-700_moveit_config/config/ompl_planning.yaml
[1.002s] -- Symlinking: /home/csrobot/flexbe_ws/install/tm5x-700_moveit_config/share/tm5x-700_moveit_config/config/pilz_cartesian_limits.yaml
[1.009s] -- Symlinking: /home/csrobot/flexbe_ws/install/tm5x-700_moveit_config/share/tm5x-700_moveit_config/config/pilz_industrial_motion_planner_planning.yaml
[1.016s] -- Symlinking: /home/csrobot/flexbe_ws/install/tm5x-700_moveit_config/share/tm5x-700_moveit_config/config/ros2_controllers.yaml
[1.029s] -- Symlinking: /home/csrobot/flexbe_ws/install/tm5x-700_moveit_config/share/tm5x-700_moveit_config/config/sensors_3d.yaml
[1.036s] -- Symlinking: /home/csrobot/flexbe_ws/install/tm5x-700_moveit_config/share/tm5x-700_moveit_config/config/tm5x-700.ros2_control.xacro
[1.043s] -- Symlinking: /home/csrobot/flexbe_ws/install/tm5x-700_moveit_config/share/tm5x-700_moveit_config/config/tm5x-700.srdf
[1.050s] -- Symlinking: /home/csrobot/flexbe_ws/install/tm5x-700_moveit_config/share/tm5x-700_moveit_config/config/tm5x-700.urdf.xacro
[1.069s] -- Symlinking: /home/csrobot/flexbe_ws/install/tm5x-700_moveit_config/share/tm5x-700_moveit_config/rviz/moveit.rviz
[1.080s] -- Symlinking: /home/csrobot/flexbe_ws/install/tm5x-700_moveit_config/share/tm5x-700_moveit_config/.setup_assistant
[1.086s] Invoked command in '/home/csrobot/flexbe_ws/build/tm5x-700_moveit_config' returned '0': AMENT_PREFIX_PATH=/home/csrobot/flexbe_ws/install/tm_description:${AMENT_PREFIX_PATH} CMAKE_PREFIX_PATH=/home/csrobot/flexbe_ws/install/tm_description:/opt/ros/jazzy/opt/gz_math_vendor:/opt/ros/jazzy/opt/gz_utils_vendor:/opt/ros/jazzy/opt/gz_cmake_vendor:/opt/ros/jazzy DEBUGINFOD_URLS=https://debuginfod.ubuntu.com /usr/bin/cmake --install /home/csrobot/flexbe_ws/build/tm5x-700_moveit_config
