-- The C compiler identification is GNU 11.4.0
-- The CXX compiler identification is GNU 11.4.0
-- Detecting C compiler ABI info
-- Detecting C compiler ABI info - done
-- Check for working C compiler: /usr/bin/cc - skipped
-- Detecting C compile features
-- Detecting C compile features - done
-- Detecting CXX compiler ABI info
-- Detecting CXX compiler ABI info - done
-- Check for working CXX compiler: /usr/bin/c++ - skipped
-- Detecting CXX compile features
-- Detecting CXX compile features - done
-- Found ament_cmake: 1.3.12 (/home/csrobot/ros2_humble/install/ament_cmake/share/ament_cmake/cmake)
-- Found Python3: /usr/bin/python3 (found version "3.10.12") found components: Interpreter 
-- Found rclcpp: 16.0.13 (/home/csrobot/ros2_humble/install/rclcpp/share/rclcpp/cmake)
-- Found rosidl_generator_c: 3.1.6 (/home/csrobot/ros2_humble/install/rosidl_generator_c/share/rosidl_generator_c/cmake)
-- Found rosidl_adapter: 3.1.6 (/home/csrobot/ros2_humble/install/rosidl_adapter/share/rosidl_adapter/cmake)
-- Found rosidl_generator_cpp: 3.1.6 (/home/csrobot/ros2_humble/install/rosidl_generator_cpp/share/rosidl_generator_cpp/cmake)
-- Using all available rosidl_typesupport_c: rosidl_typesupport_introspection_c;rosidl_typesupport_fastrtps_c
-- Using all available rosidl_typesupport_cpp: rosidl_typesupport_introspection_cpp;rosidl_typesupport_fastrtps_cpp
-- Found rmw_implementation_cmake: 6.1.2 (/home/csrobot/ros2_humble/install/rmw_implementation_cmake/share/rmw_implementation_cmake/cmake)
-- Found rmw_fastrtps_cpp: 6.2.7 (/home/csrobot/ros2_humble/install/rmw_fastrtps_cpp/share/rmw_fastrtps_cpp/cmake)
-- Found OpenSSL: /usr/lib/x86_64-linux-gnu/libcrypto.so (found version "3.0.2")  
-- Found FastRTPS: /home/csrobot/ros2_humble/install/fastrtps/include  
-- Using RMW implementation 'rmw_fastrtps_cpp' as default
-- Looking for pthread.h
-- Looking for pthread.h - found
-- Performing Test CMAKE_HAVE_LIBC_PTHREAD
-- Performing Test CMAKE_HAVE_LIBC_PTHREAD - Success
-- Found Threads: TRUE  
-- Found rclpy: 3.3.16 (/home/csrobot/ros2_humble/install/rclpy/share/rclpy/cmake)
-- Configuring done
-- Generating done
-- Build files have been written to: /home/csrobot/flexbe_ws/build/flexbe_turtlesim_demo_flexbe_behaviors
Built target ament_cmake_python_copy_flexbe_turtlesim_demo_flexbe_behaviors_setup
Built target ament_cmake_python_copy_flexbe_turtlesim_demo_flexbe_behaviors
running egg_info
creating flexbe_turtlesim_demo_flexbe_behaviors.egg-info
writing flexbe_turtlesim_demo_flexbe_behaviors.egg-info/PKG-INFO
writing dependency_links to flexbe_turtlesim_demo_flexbe_behaviors.egg-info/dependency_links.txt
writing top-level names to flexbe_turtlesim_demo_flexbe_behaviors.egg-info/top_level.txt
writing manifest file 'flexbe_turtlesim_demo_flexbe_behaviors.egg-info/SOURCES.txt'
reading manifest file 'flexbe_turtlesim_demo_flexbe_behaviors.egg-info/SOURCES.txt'
writing manifest file 'flexbe_turtlesim_demo_flexbe_behaviors.egg-info/SOURCES.txt'
Built target ament_cmake_python_build_flexbe_turtlesim_demo_flexbe_behaviors_egg
-- Install configuration: ""
-- Installing: /home/csrobot/flexbe_ws/install/flexbe_turtlesim_demo_flexbe_behaviors/lib/flexbe_turtlesim_demo_flexbe_behaviors/manifest
-- Installing: /home/csrobot/flexbe_ws/install/flexbe_turtlesim_demo_flexbe_behaviors/lib/flexbe_turtlesim_demo_flexbe_behaviors/manifest/turtlesim_rotation_state_behavior.xml
-- Installing: /home/csrobot/flexbe_ws/install/flexbe_turtlesim_demo_flexbe_behaviors/lib/flexbe_turtlesim_demo_flexbe_behaviors/manifest/flexbe_turtlesim_demo.xml
-- Installing: /home/csrobot/flexbe_ws/install/flexbe_turtlesim_demo_flexbe_behaviors/lib/flexbe_turtlesim_demo_flexbe_behaviors/manifest/example_3.xml
-- Installing: /home/csrobot/flexbe_ws/install/flexbe_turtlesim_demo_flexbe_behaviors/lib/flexbe_turtlesim_demo_flexbe_behaviors/manifest/turtlesim_input_state_behavior.xml
-- Installing: /home/csrobot/flexbe_ws/install/flexbe_turtlesim_demo_flexbe_behaviors/lib/flexbe_turtlesim_demo_flexbe_behaviors/manifest/example_2.xml
-- Installing: /home/csrobot/flexbe_ws/install/flexbe_turtlesim_demo_flexbe_behaviors/lib/flexbe_turtlesim_demo_flexbe_behaviors/manifest/example_1.xml
-- Installing: /home/csrobot/flexbe_ws/install/flexbe_turtlesim_demo_flexbe_behaviors/lib/flexbe_turtlesim_demo_flexbe_behaviors/manifest/example_4.xml
-- Installing: /home/csrobot/flexbe_ws/install/flexbe_turtlesim_demo_flexbe_behaviors/lib/flexbe_turtlesim_demo_flexbe_behaviors/config
-- Installing: /home/csrobot/flexbe_ws/install/flexbe_turtlesim_demo_flexbe_behaviors/lib/flexbe_turtlesim_demo_flexbe_behaviors/config/example.yaml
-- Installing: /home/csrobot/flexbe_ws/install/flexbe_turtlesim_demo_flexbe_behaviors/share/flexbe_turtlesim_demo_flexbe_behaviors/environment/pythonpath.sh
-- Installing: /home/csrobot/flexbe_ws/install/flexbe_turtlesim_demo_flexbe_behaviors/share/flexbe_turtlesim_demo_flexbe_behaviors/environment/pythonpath.dsv
-- Installing: /home/csrobot/flexbe_ws/install/flexbe_turtlesim_demo_flexbe_behaviors/local/lib/python3.10/dist-packages/flexbe_turtlesim_demo_flexbe_behaviors-1.0.0-py3.10.egg-info
-- Installing: /home/csrobot/flexbe_ws/install/flexbe_turtlesim_demo_flexbe_behaviors/local/lib/python3.10/dist-packages/flexbe_turtlesim_demo_flexbe_behaviors-1.0.0-py3.10.egg-info/dependency_links.txt
-- Installing: /home/csrobot/flexbe_ws/install/flexbe_turtlesim_demo_flexbe_behaviors/local/lib/python3.10/dist-packages/flexbe_turtlesim_demo_flexbe_behaviors-1.0.0-py3.10.egg-info/top_level.txt
-- Installing: /home/csrobot/flexbe_ws/install/flexbe_turtlesim_demo_flexbe_behaviors/local/lib/python3.10/dist-packages/flexbe_turtlesim_demo_flexbe_behaviors-1.0.0-py3.10.egg-info/SOURCES.txt
-- Installing: /home/csrobot/flexbe_ws/install/flexbe_turtlesim_demo_flexbe_behaviors/local/lib/python3.10/dist-packages/flexbe_turtlesim_demo_flexbe_behaviors-1.0.0-py3.10.egg-info/PKG-INFO
-- Installing: /home/csrobot/flexbe_ws/install/flexbe_turtlesim_demo_flexbe_behaviors/local/lib/python3.10/dist-packages/flexbe_turtlesim_demo_flexbe_behaviors
-- Installing: /home/csrobot/flexbe_ws/install/flexbe_turtlesim_demo_flexbe_behaviors/local/lib/python3.10/dist-packages/flexbe_turtlesim_demo_flexbe_behaviors/example_3_sm.py
-- Installing: /home/csrobot/flexbe_ws/install/flexbe_turtlesim_demo_flexbe_behaviors/local/lib/python3.10/dist-packages/flexbe_turtlesim_demo_flexbe_behaviors/flexbe_turtlesim_demo_sm.py
-- Installing: /home/csrobot/flexbe_ws/install/flexbe_turtlesim_demo_flexbe_behaviors/local/lib/python3.10/dist-packages/flexbe_turtlesim_demo_flexbe_behaviors/__init__.py
-- Installing: /home/csrobot/flexbe_ws/install/flexbe_turtlesim_demo_flexbe_behaviors/local/lib/python3.10/dist-packages/flexbe_turtlesim_demo_flexbe_behaviors/turn_rate.py
-- Installing: /home/csrobot/flexbe_ws/install/flexbe_turtlesim_demo_flexbe_behaviors/local/lib/python3.10/dist-packages/flexbe_turtlesim_demo_flexbe_behaviors/example_1_sm.py
-- Installing: /home/csrobot/flexbe_ws/install/flexbe_turtlesim_demo_flexbe_behaviors/local/lib/python3.10/dist-packages/flexbe_turtlesim_demo_flexbe_behaviors/turtlesim_input_state_behavior_sm.py
-- Installing: /home/csrobot/flexbe_ws/install/flexbe_turtlesim_demo_flexbe_behaviors/local/lib/python3.10/dist-packages/flexbe_turtlesim_demo_flexbe_behaviors/example_4_sm.py
-- Installing: /home/csrobot/flexbe_ws/install/flexbe_turtlesim_demo_flexbe_behaviors/local/lib/python3.10/dist-packages/flexbe_turtlesim_demo_flexbe_behaviors/example_2_sm.py
-- Installing: /home/csrobot/flexbe_ws/install/flexbe_turtlesim_demo_flexbe_behaviors/local/lib/python3.10/dist-packages/flexbe_turtlesim_demo_flexbe_behaviors/turtlesim_rotation_state_behavior_sm.py
Listing '/home/csrobot/flexbe_ws/install/flexbe_turtlesim_demo_flexbe_behaviors/local/lib/python3.10/dist-packages/flexbe_turtlesim_demo_flexbe_behaviors'...
Compiling '/home/csrobot/flexbe_ws/install/flexbe_turtlesim_demo_flexbe_behaviors/local/lib/python3.10/dist-packages/flexbe_turtlesim_demo_flexbe_behaviors/__init__.py'...
Compiling '/home/csrobot/flexbe_ws/install/flexbe_turtlesim_demo_flexbe_behaviors/local/lib/python3.10/dist-packages/flexbe_turtlesim_demo_flexbe_behaviors/example_1_sm.py'...
Compiling '/home/csrobot/flexbe_ws/install/flexbe_turtlesim_demo_flexbe_behaviors/local/lib/python3.10/dist-packages/flexbe_turtlesim_demo_flexbe_behaviors/example_2_sm.py'...
Compiling '/home/csrobot/flexbe_ws/install/flexbe_turtlesim_demo_flexbe_behaviors/local/lib/python3.10/dist-packages/flexbe_turtlesim_demo_flexbe_behaviors/example_3_sm.py'...
Compiling '/home/csrobot/flexbe_ws/install/flexbe_turtlesim_demo_flexbe_behaviors/local/lib/python3.10/dist-packages/flexbe_turtlesim_demo_flexbe_behaviors/example_4_sm.py'...
Compiling '/home/csrobot/flexbe_ws/install/flexbe_turtlesim_demo_flexbe_behaviors/local/lib/python3.10/dist-packages/flexbe_turtlesim_demo_flexbe_behaviors/flexbe_turtlesim_demo_sm.py'...
Compiling '/home/csrobot/flexbe_ws/install/flexbe_turtlesim_demo_flexbe_behaviors/local/lib/python3.10/dist-packages/flexbe_turtlesim_demo_flexbe_behaviors/turn_rate.py'...
Compiling '/home/csrobot/flexbe_ws/install/flexbe_turtlesim_demo_flexbe_behaviors/local/lib/python3.10/dist-packages/flexbe_turtlesim_demo_flexbe_behaviors/turtlesim_input_state_behavior_sm.py'...
Compiling '/home/csrobot/flexbe_ws/install/flexbe_turtlesim_demo_flexbe_behaviors/local/lib/python3.10/dist-packages/flexbe_turtlesim_demo_flexbe_behaviors/turtlesim_rotation_state_behavior_sm.py'...
-- Installing: /home/csrobot/flexbe_ws/install/flexbe_turtlesim_demo_flexbe_behaviors/share/ament_index/resource_index/package_run_dependencies/flexbe_turtlesim_demo_flexbe_behaviors
-- Installing: /home/csrobot/flexbe_ws/install/flexbe_turtlesim_demo_flexbe_behaviors/share/ament_index/resource_index/parent_prefix_path/flexbe_turtlesim_demo_flexbe_behaviors
-- Installing: /home/csrobot/flexbe_ws/install/flexbe_turtlesim_demo_flexbe_behaviors/share/flexbe_turtlesim_demo_flexbe_behaviors/environment/ament_prefix_path.sh
-- Installing: /home/csrobot/flexbe_ws/install/flexbe_turtlesim_demo_flexbe_behaviors/share/flexbe_turtlesim_demo_flexbe_behaviors/environment/ament_prefix_path.dsv
-- Installing: /home/csrobot/flexbe_ws/install/flexbe_turtlesim_demo_flexbe_behaviors/share/flexbe_turtlesim_demo_flexbe_behaviors/environment/path.sh
-- Installing: /home/csrobot/flexbe_ws/install/flexbe_turtlesim_demo_flexbe_behaviors/share/flexbe_turtlesim_demo_flexbe_behaviors/environment/path.dsv
-- Installing: /home/csrobot/flexbe_ws/install/flexbe_turtlesim_demo_flexbe_behaviors/share/flexbe_turtlesim_demo_flexbe_behaviors/local_setup.bash
-- Installing: /home/csrobot/flexbe_ws/install/flexbe_turtlesim_demo_flexbe_behaviors/share/flexbe_turtlesim_demo_flexbe_behaviors/local_setup.sh
-- Installing: /home/csrobot/flexbe_ws/install/flexbe_turtlesim_demo_flexbe_behaviors/share/flexbe_turtlesim_demo_flexbe_behaviors/local_setup.zsh
-- Installing: /home/csrobot/flexbe_ws/install/flexbe_turtlesim_demo_flexbe_behaviors/share/flexbe_turtlesim_demo_flexbe_behaviors/local_setup.dsv
-- Installing: /home/csrobot/flexbe_ws/install/flexbe_turtlesim_demo_flexbe_behaviors/share/flexbe_turtlesim_demo_flexbe_behaviors/package.dsv
-- Installing: /home/csrobot/flexbe_ws/install/flexbe_turtlesim_demo_flexbe_behaviors/share/ament_index/resource_index/packages/flexbe_turtlesim_demo_flexbe_behaviors
-- Installing: /home/csrobot/flexbe_ws/install/flexbe_turtlesim_demo_flexbe_behaviors/share/flexbe_turtlesim_demo_flexbe_behaviors/cmake/flexbe_turtlesim_demo_flexbe_behaviorsConfig.cmake
-- Installing: /home/csrobot/flexbe_ws/install/flexbe_turtlesim_demo_flexbe_behaviors/share/flexbe_turtlesim_demo_flexbe_behaviors/cmake/flexbe_turtlesim_demo_flexbe_behaviorsConfig-version.cmake
-- Installing: /home/csrobot/flexbe_ws/install/flexbe_turtlesim_demo_flexbe_behaviors/share/flexbe_turtlesim_demo_flexbe_behaviors/package.xml
