[0.019s] Invoking command in '/home/csrobot/flexbe_ws/build/compare_flexbe_utilities': CMAKE_PREFIX_PATH=${CMAKE_PREFIX_PATH}:/opt/ros/jazzy DEBUGINFOD_URLS=https://debuginfod.ubuntu.com /usr/bin/cmake /home/csrobot/flexbe_ws/src/compare_flexbe_utilities -DAMENT_CMAKE_SYMLINK_INSTALL=1 -DCMAKE_INSTALL_PREFIX=/home/csrobot/flexbe_ws/install/compare_flexbe_utilities
[0.067s] -- The C compiler identification is GNU 13.3.0
[0.123s] -- The CXX compiler identification is GNU 13.3.0
[0.137s] -- Detecting C compiler ABI info
[0.217s] -- Detecting C compiler ABI info - done
[0.221s] -- Check for working C compiler: /usr/bin/cc - skipped
[0.222s] -- Detecting C compile features
[0.222s] -- Detecting C compile features - done
[0.231s] -- Detecting CXX compiler ABI info
[0.317s] -- Detecting CXX compiler ABI info - done
[0.325s] -- Check for working CXX compiler: /usr/bin/c++ - skipped
[0.325s] -- Detecting CXX compile features
[0.325s] -- Detecting CXX compile features - done
[0.328s] -- Found ament_cmake: 2.5.4 (/opt/ros/jazzy/share/ament_cmake/cmake)
[0.446s] -- Found Python3: /usr/bin/python3 (found version "3.12.3") found components: Interpreter 
[0.514s] -- Override CMake install command with custom implementation using symlinks instead of copying resources
[0.535s] -- Found sensor_msgs: 5.3.6 (/opt/ros/jazzy/share/sensor_msgs/cmake)
[0.566s] -- Found rosidl_generator_c: 4.6.6 (/opt/ros/jazzy/share/rosidl_generator_c/cmake)
[0.577s] -- Found rosidl_generator_cpp: 4.6.6 (/opt/ros/jazzy/share/rosidl_generator_cpp/cmake)
[0.592s] -- Using all available rosidl_typesupport_c: rosidl_typesupport_fastrtps_c;rosidl_typesupport_introspection_c
[0.608s] -- Using all available rosidl_typesupport_cpp: rosidl_typesupport_fastrtps_cpp;rosidl_typesupport_introspection_cpp
[0.695s] -- Configuring incomplete, errors occurred!
[0.695s] [31mCMake Error at CMakeLists.txt:16 (find_package):
[0.695s]   By not providing "Findmoveit_ros_planning_interface.cmake" in
[0.695s]   CMAKE_MODULE_PATH this project has asked CMake to find a package
[0.695s]   configuration file provided by "moveit_ros_planning_interface", but CMake
[0.695s]   did not find one.
[0.696s] 
[0.696s]   Could not find a package configuration file provided by
[0.696s]   "moveit_ros_planning_interface" with any of the following names:
[0.696s] 
[0.696s]     moveit_ros_planning_interfaceConfig.cmake
[0.696s]     moveit_ros_planning_interface-config.cmake
[0.696s] 
[0.696s]   Add the installation prefix of "moveit_ros_planning_interface" to
[0.696s]   CMAKE_PREFIX_PATH or set "moveit_ros_planning_interface_DIR" to a directory
[0.696s]   containing one of the above files.  If "moveit_ros_planning_interface"
[0.696s]   provides a separate development package or SDK, be sure it has been
[0.696s]   installed.
[0.696s] 
[0.696s] [0m
[0.714s] Invoked command in '/home/csrobot/flexbe_ws/build/compare_flexbe_utilities' returned '1': CMAKE_PREFIX_PATH=${CMAKE_PREFIX_PATH}:/opt/ros/jazzy DEBUGINFOD_URLS=https://debuginfod.ubuntu.com /usr/bin/cmake /home/csrobot/flexbe_ws/src/compare_flexbe_utilities -DAMENT_CMAKE_SYMLINK_INSTALL=1 -DCMAKE_INSTALL_PREFIX=/home/csrobot/flexbe_ws/install/compare_flexbe_utilities
