[0.031s] Invoking command in '/home/csrobot/flexbe_ws/src/build/panda_description': CMAKE_PREFIX_PATH=${CMAKE_PREFIX_PATH}:/home/csrobot/flexbe_ws/install/tm_mod_urdf:/home/csrobot/flexbe_ws/install/tm_get_status:/home/csrobot/flexbe_ws/install/example_flexbe_states:/home/csrobot/flexbe_ws/install/compare_flexbe_states:/home/csrobot/flexbe_ws/install/compare_flexbe_flexbe_states:/home/csrobot/flexbe_ws/install/flexbe_turtlesim_demo_flexbe_states:/home/csrobot/flexbe_ws/install/flexbe_webui:/home/csrobot/flexbe_ws/install/flexbe_onboard:/home/csrobot/flexbe_ws/install/flexbe_states:/home/csrobot/flexbe_ws/install/flexbe_mirror:/home/csrobot/flexbe_ws/install/flexbe_input:/home/csrobot/flexbe_ws/install/flexbe_core:/opt/ros/humble /usr/bin/cmake /home/csrobot/flexbe_ws/src/panda_ros2/panda_description -DAMENT_CMAKE_SYMLINK_INSTALL=1 -DCMAKE_INSTALL_PREFIX=/home/csrobot/flexbe_ws/src/install/panda_description
[0.089s] -- The C compiler identification is GNU 11.4.0
[0.148s] -- The CXX compiler identification is GNU 11.4.0
[0.154s] -- Detecting C compiler ABI info
[0.218s] -- Detecting C compiler ABI info - done
[0.220s] -- Check for working C compiler: /usr/bin/cc - skipped
[0.221s] -- Detecting C compile features
[0.221s] -- Detecting C compile features - done
[0.224s] -- Detecting CXX compiler ABI info
[0.298s] -- Detecting CXX compiler ABI info - done
[0.304s] -- Check for working CXX compiler: /usr/bin/c++ - skipped
[0.304s] -- Detecting CXX compile features
[0.305s] -- Detecting CXX compile features - done
[0.308s] -- Found ament_cmake: 1.3.11 (/opt/ros/humble/share/ament_cmake/cmake)
[0.469s] -- Found Python3: /usr/bin/python3 (found version "3.10.12") found components: Interpreter 
[0.536s] -- Override CMake install command with custom implementation using symlinks instead of copying resources
[0.646s] -- Configuring done
[0.647s] -- Generating done
[0.648s] -- Build files have been written to: /home/csrobot/flexbe_ws/src/build/panda_description
[0.655s] Invoked command in '/home/csrobot/flexbe_ws/src/build/panda_description' returned '0': CMAKE_PREFIX_PATH=${CMAKE_PREFIX_PATH}:/home/csrobot/flexbe_ws/install/tm_mod_urdf:/home/csrobot/flexbe_ws/install/tm_get_status:/home/csrobot/flexbe_ws/install/example_flexbe_states:/home/csrobot/flexbe_ws/install/compare_flexbe_states:/home/csrobot/flexbe_ws/install/compare_flexbe_flexbe_states:/home/csrobot/flexbe_ws/install/flexbe_turtlesim_demo_flexbe_states:/home/csrobot/flexbe_ws/install/flexbe_webui:/home/csrobot/flexbe_ws/install/flexbe_onboard:/home/csrobot/flexbe_ws/install/flexbe_states:/home/csrobot/flexbe_ws/install/flexbe_mirror:/home/csrobot/flexbe_ws/install/flexbe_input:/home/csrobot/flexbe_ws/install/flexbe_core:/opt/ros/humble /usr/bin/cmake /home/csrobot/flexbe_ws/src/panda_ros2/panda_description -DAMENT_CMAKE_SYMLINK_INSTALL=1 -DCMAKE_INSTALL_PREFIX=/home/csrobot/flexbe_ws/src/install/panda_description
[0.655s] Invoking command in '/home/csrobot/flexbe_ws/src/build/panda_description': CMAKE_PREFIX_PATH=${CMAKE_PREFIX_PATH}:/home/csrobot/flexbe_ws/install/tm_mod_urdf:/home/csrobot/flexbe_ws/install/tm_get_status:/home/csrobot/flexbe_ws/install/example_flexbe_states:/home/csrobot/flexbe_ws/install/compare_flexbe_states:/home/csrobot/flexbe_ws/install/compare_flexbe_flexbe_states:/home/csrobot/flexbe_ws/install/flexbe_turtlesim_demo_flexbe_states:/home/csrobot/flexbe_ws/install/flexbe_webui:/home/csrobot/flexbe_ws/install/flexbe_onboard:/home/csrobot/flexbe_ws/install/flexbe_states:/home/csrobot/flexbe_ws/install/flexbe_mirror:/home/csrobot/flexbe_ws/install/flexbe_input:/home/csrobot/flexbe_ws/install/flexbe_core:/opt/ros/humble /usr/bin/cmake --build /home/csrobot/flexbe_ws/src/build/panda_description -- -j8 -l8
[0.695s] Invoked command in '/home/csrobot/flexbe_ws/src/build/panda_description' returned '0': CMAKE_PREFIX_PATH=${CMAKE_PREFIX_PATH}:/home/csrobot/flexbe_ws/install/tm_mod_urdf:/home/csrobot/flexbe_ws/install/tm_get_status:/home/csrobot/flexbe_ws/install/example_flexbe_states:/home/csrobot/flexbe_ws/install/compare_flexbe_states:/home/csrobot/flexbe_ws/install/compare_flexbe_flexbe_states:/home/csrobot/flexbe_ws/install/flexbe_turtlesim_demo_flexbe_states:/home/csrobot/flexbe_ws/install/flexbe_webui:/home/csrobot/flexbe_ws/install/flexbe_onboard:/home/csrobot/flexbe_ws/install/flexbe_states:/home/csrobot/flexbe_ws/install/flexbe_mirror:/home/csrobot/flexbe_ws/install/flexbe_input:/home/csrobot/flexbe_ws/install/flexbe_core:/opt/ros/humble /usr/bin/cmake --build /home/csrobot/flexbe_ws/src/build/panda_description -- -j8 -l8
[0.698s] Invoking command in '/home/csrobot/flexbe_ws/src/build/panda_description': CMAKE_PREFIX_PATH=${CMAKE_PREFIX_PATH}:/home/csrobot/flexbe_ws/install/tm_mod_urdf:/home/csrobot/flexbe_ws/install/tm_get_status:/home/csrobot/flexbe_ws/install/example_flexbe_states:/home/csrobot/flexbe_ws/install/compare_flexbe_states:/home/csrobot/flexbe_ws/install/compare_flexbe_flexbe_states:/home/csrobot/flexbe_ws/install/flexbe_turtlesim_demo_flexbe_states:/home/csrobot/flexbe_ws/install/flexbe_webui:/home/csrobot/flexbe_ws/install/flexbe_onboard:/home/csrobot/flexbe_ws/install/flexbe_states:/home/csrobot/flexbe_ws/install/flexbe_mirror:/home/csrobot/flexbe_ws/install/flexbe_input:/home/csrobot/flexbe_ws/install/flexbe_core:/opt/ros/humble /usr/bin/cmake --install /home/csrobot/flexbe_ws/src/build/panda_description
[0.726s] -- Install configuration: ""
[0.726s] -- Execute custom install script
[0.727s] -- Symlinking: /home/csrobot/flexbe_ws/src/install/panda_description/share/panda_description/models/panda/model.config
[0.727s] -- Symlinking: /home/csrobot/flexbe_ws/src/install/panda_description/share/panda_description/models/panda/model.sdf
[0.727s] -- Symlinking: /home/csrobot/flexbe_ws/src/install/panda_description/share/panda_description/meshes/collision/finger.stl
[0.728s] -- Symlinking: /home/csrobot/flexbe_ws/src/install/panda_description/share/panda_description/meshes/collision/hand.stl
[0.738s] -- Symlinking: /home/csrobot/flexbe_ws/src/install/panda_description/share/panda_description/meshes/collision/link0.stl
[0.745s] -- Symlinking: /home/csrobot/flexbe_ws/src/install/panda_description/share/panda_description/meshes/collision/link1.stl
[0.753s] -- Symlinking: /home/csrobot/flexbe_ws/src/install/panda_description/share/panda_description/meshes/collision/link2.stl
[0.760s] -- Symlinking: /home/csrobot/flexbe_ws/src/install/panda_description/share/panda_description/meshes/collision/link3.stl
[0.767s] -- Symlinking: /home/csrobot/flexbe_ws/src/install/panda_description/share/panda_description/meshes/collision/link4.stl
[0.774s] -- Symlinking: /home/csrobot/flexbe_ws/src/install/panda_description/share/panda_description/meshes/collision/link5.stl
[0.784s] -- Symlinking: /home/csrobot/flexbe_ws/src/install/panda_description/share/panda_description/meshes/collision/link6.stl
[0.792s] -- Symlinking: /home/csrobot/flexbe_ws/src/install/panda_description/share/panda_description/meshes/collision/link7.stl
[0.797s] -- Symlinking: /home/csrobot/flexbe_ws/src/install/panda_description/share/panda_description/meshes/visual/finger.dae
[0.804s] -- Symlinking: /home/csrobot/flexbe_ws/src/install/panda_description/share/panda_description/meshes/visual/hand.dae
[0.812s] -- Symlinking: /home/csrobot/flexbe_ws/src/install/panda_description/share/panda_description/meshes/visual/link0.dae
[0.820s] -- Symlinking: /home/csrobot/flexbe_ws/src/install/panda_description/share/panda_description/meshes/visual/link1.dae
[0.827s] -- Symlinking: /home/csrobot/flexbe_ws/src/install/panda_description/share/panda_description/meshes/visual/link2.dae
[0.835s] -- Symlinking: /home/csrobot/flexbe_ws/src/install/panda_description/share/panda_description/meshes/visual/link3.dae
[0.842s] -- Symlinking: /home/csrobot/flexbe_ws/src/install/panda_description/share/panda_description/meshes/visual/link4.dae
[0.849s] -- Symlinking: /home/csrobot/flexbe_ws/src/install/panda_description/share/panda_description/meshes/visual/link5.dae
[0.856s] -- Symlinking: /home/csrobot/flexbe_ws/src/install/panda_description/share/panda_description/meshes/visual/link6.dae
[0.864s] -- Symlinking: /home/csrobot/flexbe_ws/src/install/panda_description/share/panda_description/meshes/visual/link7.dae
[0.871s] -- Symlinking: /home/csrobot/flexbe_ws/src/install/panda_description/share/panda_description/urdf/panda.sdf
[0.878s] -- Symlinking: /home/csrobot/flexbe_ws/src/install/panda_description/share/panda_description/urdf/panda.urdf
[0.884s] -- Symlinking: /home/csrobot/flexbe_ws/src/install/panda_description/share/panda_description/urdf/panda.urdf.xacro
[0.893s] -- Symlinking: /home/csrobot/flexbe_ws/src/install/panda_description/share/panda_description/urdf/panda_no_dynamics.urdf
[0.900s] -- Symlinking: /home/csrobot/flexbe_ws/src/install/panda_description/share/panda_description/xacro/macro.gazebo.xacro
[0.908s] -- Symlinking: /home/csrobot/flexbe_ws/src/install/panda_description/share/panda_description/xacro/macro.gazebo_sensor.xacro
[0.915s] -- Symlinking: /home/csrobot/flexbe_ws/src/install/panda_description/share/panda_description/xacro/macro.panda.urdf.xacro
[0.921s] -- Symlinking: /home/csrobot/flexbe_ws/src/install/panda_description/share/panda_description/xacro/macro.ros2_control.xacro
[0.928s] -- Symlinking: /home/csrobot/flexbe_ws/src/install/panda_description/share/panda_description/xacro/macro.transmission.xacro
[0.936s] -- Symlinking: /home/csrobot/flexbe_ws/src/install/panda_description/share/panda_description/xacro/panda.urdf.xacro
[0.944s] -- Symlinking: /home/csrobot/flexbe_ws/src/install/panda_description/share/panda_description/xacro/panda_converted.urdf
[0.953s] -- Symlinking: /home/csrobot/flexbe_ws/src/install/panda_description/share/panda_description/environment/panda_description.dsv
[0.958s] -- Symlinking: /home/csrobot/flexbe_ws/src/install/panda_description/share/ament_index/resource_index/package_run_dependencies/panda_description
[0.971s] -- Symlinking: /home/csrobot/flexbe_ws/src/install/panda_description/share/ament_index/resource_index/parent_prefix_path/panda_description
[0.982s] -- Symlinking: /home/csrobot/flexbe_ws/src/install/panda_description/share/panda_description/environment/ament_prefix_path.sh
[0.987s] -- Symlinking: /home/csrobot/flexbe_ws/src/install/panda_description/share/panda_description/environment/ament_prefix_path.dsv
[0.995s] -- Symlinking: /home/csrobot/flexbe_ws/src/install/panda_description/share/panda_description/environment/path.sh
[1.003s] -- Symlinking: /home/csrobot/flexbe_ws/src/install/panda_description/share/panda_description/environment/path.dsv
[1.011s] -- Symlinking: /home/csrobot/flexbe_ws/src/install/panda_description/share/panda_description/local_setup.bash
[1.020s] -- Symlinking: /home/csrobot/flexbe_ws/src/install/panda_description/share/panda_description/local_setup.sh
[1.030s] -- Symlinking: /home/csrobot/flexbe_ws/src/install/panda_description/share/panda_description/local_setup.zsh
[1.037s] -- Symlinking: /home/csrobot/flexbe_ws/src/install/panda_description/share/panda_description/local_setup.dsv
[1.046s] -- Symlinking: /home/csrobot/flexbe_ws/src/install/panda_description/share/panda_description/package.dsv
[1.052s] -- Symlinking: /home/csrobot/flexbe_ws/src/install/panda_description/share/ament_index/resource_index/packages/panda_description
[1.060s] -- Symlinking: /home/csrobot/flexbe_ws/src/install/panda_description/share/panda_description/cmake/panda_descriptionConfig.cmake
[1.067s] -- Symlinking: /home/csrobot/flexbe_ws/src/install/panda_description/share/panda_description/cmake/panda_descriptionConfig-version.cmake
[1.075s] -- Symlinking: /home/csrobot/flexbe_ws/src/install/panda_description/share/panda_description/package.xml
[1.254s] Invoked command in '/home/csrobot/flexbe_ws/src/build/panda_description' returned '0': CMAKE_PREFIX_PATH=${CMAKE_PREFIX_PATH}:/home/csrobot/flexbe_ws/install/tm_mod_urdf:/home/csrobot/flexbe_ws/install/tm_get_status:/home/csrobot/flexbe_ws/install/example_flexbe_states:/home/csrobot/flexbe_ws/install/compare_flexbe_states:/home/csrobot/flexbe_ws/install/compare_flexbe_flexbe_states:/home/csrobot/flexbe_ws/install/flexbe_turtlesim_demo_flexbe_states:/home/csrobot/flexbe_ws/install/flexbe_webui:/home/csrobot/flexbe_ws/install/flexbe_onboard:/home/csrobot/flexbe_ws/install/flexbe_states:/home/csrobot/flexbe_ws/install/flexbe_mirror:/home/csrobot/flexbe_ws/install/flexbe_input:/home/csrobot/flexbe_ws/install/flexbe_core:/opt/ros/humble /usr/bin/cmake --install /home/csrobot/flexbe_ws/src/build/panda_description
