[0.052s] Invoking command in '/home/csrobot/flexbe_ws/build/compare_flexbe': AMENT_PREFIX_PATH=/home/csrobot/flexbe_ws/install/compare_flexbe_states:/home/csrobot/flexbe_ws/install/compare_flexbe_behaviors:/home/csrobot/flexbe_ws/install/flexbe_core:/home/csrobot/flexbe_ws/install/flexbe_msgs:${AMENT_PREFIX_PATH} CMAKE_PREFIX_PATH=/home/csrobot/flexbe_ws/install/compare_flexbe_behaviors:/home/csrobot/flexbe_ws/install/flexbe_msgs:/opt/ros/jazzy/opt/gz_math_vendor:/opt/ros/jazzy/opt/gz_utils_vendor:/opt/ros/jazzy/opt/gz_cmake_vendor:/opt/ros/jazzy DEBUGINFOD_URLS=https://debuginfod.ubuntu.com LD_LIBRARY_PATH=/home/csrobot/flexbe_ws/install/flexbe_msgs/lib:${LD_LIBRARY_PATH} PYTHONPATH=/home/csrobot/flexbe_ws/build/compare_flexbe_states:/home/csrobot/flexbe_ws/install/compare_flexbe_states/lib/python3.12/site-packages:/home/csrobot/flexbe_ws/install/compare_flexbe_behaviors/lib/python3.12/site-packages:/home/csrobot/flexbe_ws/build/flexbe_core:/home/csrobot/flexbe_ws/install/flexbe_core/lib/python3.12/site-packages:/home/csrobot/flexbe_ws/install/flexbe_msgs/lib/python3.12/site-packages:${PYTHONPATH} /usr/bin/cmake /home/csrobot/flexbe_ws/src/compare_flexbe/compare_flexbe -DAMENT_CMAKE_SYMLINK_INSTALL=1 -DCMAKE_INSTALL_PREFIX=/home/csrobot/flexbe_ws/install/compare_flexbe
[0.733s] -- The C compiler identification is GNU 13.3.0
[0.733s] -- The CXX compiler identification is GNU 13.3.0
[0.734s] -- Detecting C compiler ABI info
[0.734s] -- Detecting C compiler ABI info - done
[0.734s] -- Check for working C compiler: /usr/bin/cc - skipped
[0.734s] -- Detecting C compile features
[0.734s] -- Detecting C compile features - done
[0.734s] -- Detecting CXX compiler ABI info
[0.753s] -- Detecting CXX compiler ABI info - done
[0.768s] -- Check for working CXX compiler: /usr/bin/c++ - skipped
[0.768s] -- Detecting CXX compile features
[0.769s] -- Detecting CXX compile features - done
[0.778s] -- Found ament_cmake: 2.5.4 (/opt/ros/jazzy/share/ament_cmake/cmake)
[1.098s] -- Found Python3: /usr/bin/python3 (found version "3.12.3") found components: Interpreter 
[1.288s] -- Override CMake install command with custom implementation using symlinks instead of copying resources
[1.588s] -- Configuring done (1.5s)
[1.595s] -- Generating done (0.0s)
[1.604s] -- Build files have been written to: /home/csrobot/flexbe_ws/build/compare_flexbe
[1.609s] Invoked command in '/home/csrobot/flexbe_ws/build/compare_flexbe' returned '0': AMENT_PREFIX_PATH=/home/csrobot/flexbe_ws/install/compare_flexbe_states:/home/csrobot/flexbe_ws/install/compare_flexbe_behaviors:/home/csrobot/flexbe_ws/install/flexbe_core:/home/csrobot/flexbe_ws/install/flexbe_msgs:${AMENT_PREFIX_PATH} CMAKE_PREFIX_PATH=/home/csrobot/flexbe_ws/install/compare_flexbe_behaviors:/home/csrobot/flexbe_ws/install/flexbe_msgs:/opt/ros/jazzy/opt/gz_math_vendor:/opt/ros/jazzy/opt/gz_utils_vendor:/opt/ros/jazzy/opt/gz_cmake_vendor:/opt/ros/jazzy DEBUGINFOD_URLS=https://debuginfod.ubuntu.com LD_LIBRARY_PATH=/home/csrobot/flexbe_ws/install/flexbe_msgs/lib:${LD_LIBRARY_PATH} PYTHONPATH=/home/csrobot/flexbe_ws/build/compare_flexbe_states:/home/csrobot/flexbe_ws/install/compare_flexbe_states/lib/python3.12/site-packages:/home/csrobot/flexbe_ws/install/compare_flexbe_behaviors/lib/python3.12/site-packages:/home/csrobot/flexbe_ws/build/flexbe_core:/home/csrobot/flexbe_ws/install/flexbe_core/lib/python3.12/site-packages:/home/csrobot/flexbe_ws/install/flexbe_msgs/lib/python3.12/site-packages:${PYTHONPATH} /usr/bin/cmake /home/csrobot/flexbe_ws/src/compare_flexbe/compare_flexbe -DAMENT_CMAKE_SYMLINK_INSTALL=1 -DCMAKE_INSTALL_PREFIX=/home/csrobot/flexbe_ws/install/compare_flexbe
[1.609s] Invoking command in '/home/csrobot/flexbe_ws/build/compare_flexbe': AMENT_PREFIX_PATH=/home/csrobot/flexbe_ws/install/compare_flexbe_states:/home/csrobot/flexbe_ws/install/compare_flexbe_behaviors:/home/csrobot/flexbe_ws/install/flexbe_core:/home/csrobot/flexbe_ws/install/flexbe_msgs:${AMENT_PREFIX_PATH} CMAKE_PREFIX_PATH=/home/csrobot/flexbe_ws/install/compare_flexbe_behaviors:/home/csrobot/flexbe_ws/install/flexbe_msgs:/opt/ros/jazzy/opt/gz_math_vendor:/opt/ros/jazzy/opt/gz_utils_vendor:/opt/ros/jazzy/opt/gz_cmake_vendor:/opt/ros/jazzy DEBUGINFOD_URLS=https://debuginfod.ubuntu.com LD_LIBRARY_PATH=/home/csrobot/flexbe_ws/install/flexbe_msgs/lib:${LD_LIBRARY_PATH} PYTHONPATH=/home/csrobot/flexbe_ws/build/compare_flexbe_states:/home/csrobot/flexbe_ws/install/compare_flexbe_states/lib/python3.12/site-packages:/home/csrobot/flexbe_ws/install/compare_flexbe_behaviors/lib/python3.12/site-packages:/home/csrobot/flexbe_ws/build/flexbe_core:/home/csrobot/flexbe_ws/install/flexbe_core/lib/python3.12/site-packages:/home/csrobot/flexbe_ws/install/flexbe_msgs/lib/python3.12/site-packages:${PYTHONPATH} /usr/bin/cmake --build /home/csrobot/flexbe_ws/build/compare_flexbe -- -j8 -l8
[1.691s] Invoked command in '/home/csrobot/flexbe_ws/build/compare_flexbe' returned '0': AMENT_PREFIX_PATH=/home/csrobot/flexbe_ws/install/compare_flexbe_states:/home/csrobot/flexbe_ws/install/compare_flexbe_behaviors:/home/csrobot/flexbe_ws/install/flexbe_core:/home/csrobot/flexbe_ws/install/flexbe_msgs:${AMENT_PREFIX_PATH} CMAKE_PREFIX_PATH=/home/csrobot/flexbe_ws/install/compare_flexbe_behaviors:/home/csrobot/flexbe_ws/install/flexbe_msgs:/opt/ros/jazzy/opt/gz_math_vendor:/opt/ros/jazzy/opt/gz_utils_vendor:/opt/ros/jazzy/opt/gz_cmake_vendor:/opt/ros/jazzy DEBUGINFOD_URLS=https://debuginfod.ubuntu.com LD_LIBRARY_PATH=/home/csrobot/flexbe_ws/install/flexbe_msgs/lib:${LD_LIBRARY_PATH} PYTHONPATH=/home/csrobot/flexbe_ws/build/compare_flexbe_states:/home/csrobot/flexbe_ws/install/compare_flexbe_states/lib/python3.12/site-packages:/home/csrobot/flexbe_ws/install/compare_flexbe_behaviors/lib/python3.12/site-packages:/home/csrobot/flexbe_ws/build/flexbe_core:/home/csrobot/flexbe_ws/install/flexbe_core/lib/python3.12/site-packages:/home/csrobot/flexbe_ws/install/flexbe_msgs/lib/python3.12/site-packages:${PYTHONPATH} /usr/bin/cmake --build /home/csrobot/flexbe_ws/build/compare_flexbe -- -j8 -l8
[1.692s] Invoking command in '/home/csrobot/flexbe_ws/build/compare_flexbe': AMENT_PREFIX_PATH=/home/csrobot/flexbe_ws/install/compare_flexbe_states:/home/csrobot/flexbe_ws/install/compare_flexbe_behaviors:/home/csrobot/flexbe_ws/install/flexbe_core:/home/csrobot/flexbe_ws/install/flexbe_msgs:${AMENT_PREFIX_PATH} CMAKE_PREFIX_PATH=/home/csrobot/flexbe_ws/install/compare_flexbe_behaviors:/home/csrobot/flexbe_ws/install/flexbe_msgs:/opt/ros/jazzy/opt/gz_math_vendor:/opt/ros/jazzy/opt/gz_utils_vendor:/opt/ros/jazzy/opt/gz_cmake_vendor:/opt/ros/jazzy DEBUGINFOD_URLS=https://debuginfod.ubuntu.com LD_LIBRARY_PATH=/home/csrobot/flexbe_ws/install/flexbe_msgs/lib:${LD_LIBRARY_PATH} PYTHONPATH=/home/csrobot/flexbe_ws/build/compare_flexbe_states:/home/csrobot/flexbe_ws/install/compare_flexbe_states/lib/python3.12/site-packages:/home/csrobot/flexbe_ws/install/compare_flexbe_behaviors/lib/python3.12/site-packages:/home/csrobot/flexbe_ws/build/flexbe_core:/home/csrobot/flexbe_ws/install/flexbe_core/lib/python3.12/site-packages:/home/csrobot/flexbe_ws/install/flexbe_msgs/lib/python3.12/site-packages:${PYTHONPATH} /usr/bin/cmake --install /home/csrobot/flexbe_ws/build/compare_flexbe
[1.704s] -- Install configuration: ""
[1.704s] -- Execute custom install script
[1.711s] -- Symlinking: /home/csrobot/flexbe_ws/install/compare_flexbe/share/ament_index/resource_index/package_run_dependencies/compare_flexbe
[1.727s] -- Symlinking: /home/csrobot/flexbe_ws/install/compare_flexbe/share/ament_index/resource_index/parent_prefix_path/compare_flexbe
[1.745s] -- Symlinking: /home/csrobot/flexbe_ws/install/compare_flexbe/share/compare_flexbe/environment/ament_prefix_path.sh
[1.762s] -- Symlinking: /home/csrobot/flexbe_ws/install/compare_flexbe/share/compare_flexbe/environment/ament_prefix_path.dsv
[1.780s] -- Symlinking: /home/csrobot/flexbe_ws/install/compare_flexbe/share/compare_flexbe/environment/path.sh
[1.795s] -- Symlinking: /home/csrobot/flexbe_ws/install/compare_flexbe/share/compare_flexbe/environment/path.dsv
[1.813s] -- Symlinking: /home/csrobot/flexbe_ws/install/compare_flexbe/share/compare_flexbe/local_setup.bash
[1.824s] -- Symlinking: /home/csrobot/flexbe_ws/install/compare_flexbe/share/compare_flexbe/local_setup.sh
[1.840s] -- Symlinking: /home/csrobot/flexbe_ws/install/compare_flexbe/share/compare_flexbe/local_setup.zsh
[1.860s] -- Symlinking: /home/csrobot/flexbe_ws/install/compare_flexbe/share/compare_flexbe/local_setup.dsv
[1.878s] -- Symlinking: /home/csrobot/flexbe_ws/install/compare_flexbe/share/compare_flexbe/package.dsv
[1.906s] -- Symlinking: /home/csrobot/flexbe_ws/install/compare_flexbe/share/ament_index/resource_index/packages/compare_flexbe
[1.921s] -- Symlinking: /home/csrobot/flexbe_ws/install/compare_flexbe/share/compare_flexbe/cmake/compare_flexbeConfig.cmake
[1.938s] -- Symlinking: /home/csrobot/flexbe_ws/install/compare_flexbe/share/compare_flexbe/cmake/compare_flexbeConfig-version.cmake
[1.956s] -- Symlinking: /home/csrobot/flexbe_ws/install/compare_flexbe/share/compare_flexbe/package.xml
[1.977s] Invoked command in '/home/csrobot/flexbe_ws/build/compare_flexbe' returned '0': AMENT_PREFIX_PATH=/home/csrobot/flexbe_ws/install/compare_flexbe_states:/home/csrobot/flexbe_ws/install/compare_flexbe_behaviors:/home/csrobot/flexbe_ws/install/flexbe_core:/home/csrobot/flexbe_ws/install/flexbe_msgs:${AMENT_PREFIX_PATH} CMAKE_PREFIX_PATH=/home/csrobot/flexbe_ws/install/compare_flexbe_behaviors:/home/csrobot/flexbe_ws/install/flexbe_msgs:/opt/ros/jazzy/opt/gz_math_vendor:/opt/ros/jazzy/opt/gz_utils_vendor:/opt/ros/jazzy/opt/gz_cmake_vendor:/opt/ros/jazzy DEBUGINFOD_URLS=https://debuginfod.ubuntu.com LD_LIBRARY_PATH=/home/csrobot/flexbe_ws/install/flexbe_msgs/lib:${LD_LIBRARY_PATH} PYTHONPATH=/home/csrobot/flexbe_ws/build/compare_flexbe_states:/home/csrobot/flexbe_ws/install/compare_flexbe_states/lib/python3.12/site-packages:/home/csrobot/flexbe_ws/install/compare_flexbe_behaviors/lib/python3.12/site-packages:/home/csrobot/flexbe_ws/build/flexbe_core:/home/csrobot/flexbe_ws/install/flexbe_core/lib/python3.12/site-packages:/home/csrobot/flexbe_ws/install/flexbe_msgs/lib/python3.12/site-packages:${PYTHONPATH} /usr/bin/cmake --install /home/csrobot/flexbe_ws/build/compare_flexbe
