-- The C compiler identification is GNU 13.3.0
-- The CXX compiler identification is GNU 13.3.0
-- Detecting C compiler ABI info
-- Detecting C compiler ABI info - done
-- Check for working C compiler: /usr/bin/cc - skipped
-- Detecting C compile features
-- Detecting C compile features - done
-- Detecting CXX compiler ABI info
-- Detecting CXX compiler ABI info - done
-- Check for working CXX compiler: /usr/bin/c++ - skipped
-- Detecting CXX compile features
-- Detecting CXX compile features - done
-- Found ament_cmake: 2.5.4 (/opt/ros/jazzy/share/ament_cmake/cmake)
-- Found Python3: /usr/bin/python3 (found version "3.12.3") found components: Interpreter 
-- Override CMake install command with custom implementation using symlinks instead of copying resources
-- Configuring done (0.7s)
-- Generating done (0.0s)
-- Build files have been written to: /home/csrobot/flexbe_ws/build/panda_description
-- Install configuration: ""
-- Execute custom install script
-- Symlinking: /home/csrobot/flexbe_ws/install/panda_description/share/panda_description/models/panda/model.config
-- Symlinking: /home/csrobot/flexbe_ws/install/panda_description/share/panda_description/models/panda/model.sdf
-- Symlinking: /home/csrobot/flexbe_ws/install/panda_description/share/panda_description/meshes/collision/finger.stl
-- Symlinking: /home/csrobot/flexbe_ws/install/panda_description/share/panda_description/meshes/collision/hand.stl
-- Symlinking: /home/csrobot/flexbe_ws/install/panda_description/share/panda_description/meshes/collision/link0.stl
-- Symlinking: /home/csrobot/flexbe_ws/install/panda_description/share/panda_description/meshes/collision/link1.stl
-- Symlinking: /home/csrobot/flexbe_ws/install/panda_description/share/panda_description/meshes/collision/link2.stl
-- Symlinking: /home/csrobot/flexbe_ws/install/panda_description/share/panda_description/meshes/collision/link3.stl
-- Symlinking: /home/csrobot/flexbe_ws/install/panda_description/share/panda_description/meshes/collision/link4.stl
-- Symlinking: /home/csrobot/flexbe_ws/install/panda_description/share/panda_description/meshes/collision/link5.stl
-- Symlinking: /home/csrobot/flexbe_ws/install/panda_description/share/panda_description/meshes/collision/link6.stl
-- Symlinking: /home/csrobot/flexbe_ws/install/panda_description/share/panda_description/meshes/collision/link7.stl
-- Symlinking: /home/csrobot/flexbe_ws/install/panda_description/share/panda_description/meshes/visual/finger.dae
-- Symlinking: /home/csrobot/flexbe_ws/install/panda_description/share/panda_description/meshes/visual/hand.dae
-- Symlinking: /home/csrobot/flexbe_ws/install/panda_description/share/panda_description/meshes/visual/link0.dae
-- Symlinking: /home/csrobot/flexbe_ws/install/panda_description/share/panda_description/meshes/visual/link1.dae
-- Symlinking: /home/csrobot/flexbe_ws/install/panda_description/share/panda_description/meshes/visual/link2.dae
-- Symlinking: /home/csrobot/flexbe_ws/install/panda_description/share/panda_description/meshes/visual/link3.dae
-- Symlinking: /home/csrobot/flexbe_ws/install/panda_description/share/panda_description/meshes/visual/link4.dae
-- Symlinking: /home/csrobot/flexbe_ws/install/panda_description/share/panda_description/meshes/visual/link5.dae
-- Symlinking: /home/csrobot/flexbe_ws/install/panda_description/share/panda_description/meshes/visual/link6.dae
-- Symlinking: /home/csrobot/flexbe_ws/install/panda_description/share/panda_description/meshes/visual/link7.dae
-- Symlinking: /home/csrobot/flexbe_ws/install/panda_description/share/panda_description/urdf/panda.sdf
-- Symlinking: /home/csrobot/flexbe_ws/install/panda_description/share/panda_description/urdf/panda.urdf
-- Symlinking: /home/csrobot/flexbe_ws/install/panda_description/share/panda_description/urdf/panda.urdf.xacro
-- Symlinking: /home/csrobot/flexbe_ws/install/panda_description/share/panda_description/urdf/panda_no_dynamics.urdf
-- Symlinking: /home/csrobot/flexbe_ws/install/panda_description/share/panda_description/xacro/macro.gazebo.xacro
-- Symlinking: /home/csrobot/flexbe_ws/install/panda_description/share/panda_description/xacro/macro.gazebo_sensor.xacro
-- Symlinking: /home/csrobot/flexbe_ws/install/panda_description/share/panda_description/xacro/macro.panda.urdf.xacro
-- Symlinking: /home/csrobot/flexbe_ws/install/panda_description/share/panda_description/xacro/macro.ros2_control.xacro
-- Symlinking: /home/csrobot/flexbe_ws/install/panda_description/share/panda_description/xacro/macro.transmission.xacro
-- Symlinking: /home/csrobot/flexbe_ws/install/panda_description/share/panda_description/xacro/panda.urdf.xacro
-- Symlinking: /home/csrobot/flexbe_ws/install/panda_description/share/panda_description/xacro/panda_converted.urdf
-- Symlinking: /home/csrobot/flexbe_ws/install/panda_description/share/panda_description/environment/panda_description.dsv
-- Symlinking: /home/csrobot/flexbe_ws/install/panda_description/share/ament_index/resource_index/package_run_dependencies/panda_description
-- Symlinking: /home/csrobot/flexbe_ws/install/panda_description/share/ament_index/resource_index/parent_prefix_path/panda_description
-- Symlinking: /home/csrobot/flexbe_ws/install/panda_description/share/panda_description/environment/ament_prefix_path.sh
-- Symlinking: /home/csrobot/flexbe_ws/install/panda_description/share/panda_description/environment/ament_prefix_path.dsv
-- Symlinking: /home/csrobot/flexbe_ws/install/panda_description/share/panda_description/environment/path.sh
-- Symlinking: /home/csrobot/flexbe_ws/install/panda_description/share/panda_description/environment/path.dsv
-- Symlinking: /home/csrobot/flexbe_ws/install/panda_description/share/panda_description/local_setup.bash
-- Symlinking: /home/csrobot/flexbe_ws/install/panda_description/share/panda_description/local_setup.sh
-- Symlinking: /home/csrobot/flexbe_ws/install/panda_description/share/panda_description/local_setup.zsh
-- Symlinking: /home/csrobot/flexbe_ws/install/panda_description/share/panda_description/local_setup.dsv
-- Symlinking: /home/csrobot/flexbe_ws/install/panda_description/share/panda_description/package.dsv
-- Symlinking: /home/csrobot/flexbe_ws/install/panda_description/share/ament_index/resource_index/packages/panda_description
-- Symlinking: /home/csrobot/flexbe_ws/install/panda_description/share/panda_description/cmake/panda_descriptionConfig.cmake
-- Symlinking: /home/csrobot/flexbe_ws/install/panda_description/share/panda_description/cmake/panda_descriptionConfig-version.cmake
-- Symlinking: /home/csrobot/flexbe_ws/install/panda_description/share/panda_description/package.xml
