[0.020s] Invoking command in '/home/csrobot/flexbe_ws/build/tm_msgs': CMAKE_PREFIX_PATH=${CMAKE_PREFIX_PATH}:/opt/ros/jazzy DEBUGINFOD_URLS=https://debuginfod.ubuntu.com /usr/bin/cmake --build /home/csrobot/flexbe_ws/build/tm_msgs -- -j8 -l8
[0.069s] [  1%] Built target tm_msgs__rosidl_generator_type_description
[0.079s] [  1%] Built target ament_cmake_python_symlink_tm_msgs
[0.118s] [  1%] Built target tm_msgs__cpp
[0.118s] [ 27%] Built target tm_msgs__rosidl_generator_c
[0.140s] [ 37%] Built target tm_msgs__rosidl_typesupport_c
[0.151s] [ 47%] Built target tm_msgs__rosidl_typesupport_fastrtps_cpp
[0.155s] [ 56%] Built target tm_msgs__rosidl_typesupport_introspection_cpp
[0.157s] [ 65%] Built target tm_msgs__rosidl_typesupport_cpp
[0.159s] [ 75%] Built target tm_msgs__rosidl_typesupport_introspection_c
[0.167s] [ 85%] Built target tm_msgs__rosidl_typesupport_fastrtps_c
[0.187s] [ 85%] Built target tm_msgs
[0.204s] [ 86%] Built target tm_msgs__py
[0.231s] [ 95%] Built target tm_msgs__rosidl_generator_py
[0.269s] [ 97%] Built target tm_msgs_s__rosidl_typesupport_introspection_c
[0.271s] [ 99%] Built target tm_msgs_s__rosidl_typesupport_c
[0.278s] [100%] Built target tm_msgs_s__rosidl_typesupport_fastrtps_c
[0.345s] running egg_info
[0.366s] writing tm_msgs.egg-info/PKG-INFO
[0.366s] writing dependency_links to tm_msgs.egg-info/dependency_links.txt
[0.367s] writing top-level names to tm_msgs.egg-info/top_level.txt
[0.438s] reading manifest file 'tm_msgs.egg-info/SOURCES.txt'
[0.438s] writing manifest file 'tm_msgs.egg-info/SOURCES.txt'
[0.469s] [100%] Built target ament_cmake_python_build_tm_msgs_egg
[0.653s] Invoked command in '/home/csrobot/flexbe_ws/build/tm_msgs' returned '0': CMAKE_PREFIX_PATH=${CMAKE_PREFIX_PATH}:/opt/ros/jazzy DEBUGINFOD_URLS=https://debuginfod.ubuntu.com /usr/bin/cmake --build /home/csrobot/flexbe_ws/build/tm_msgs -- -j8 -l8
[0.654s] Invoking command in '/home/csrobot/flexbe_ws/build/tm_msgs': CMAKE_PREFIX_PATH=${CMAKE_PREFIX_PATH}:/opt/ros/jazzy DEBUGINFOD_URLS=https://debuginfod.ubuntu.com /usr/bin/cmake --install /home/csrobot/flexbe_ws/build/tm_msgs
[0.705s] -- Install configuration: ""
[0.706s] -- Execute custom install script
[0.706s] -- Up-to-date symlink: /home/csrobot/flexbe_ws/install/tm_msgs/share/ament_index/resource_index/rosidl_interfaces/tm_msgs
[0.706s] -- Up-to-date symlink: /home/csrobot/flexbe_ws/install/tm_msgs/share/tm_msgs/msg/FeedbackState.json
[0.706s] -- Up-to-date symlink: /home/csrobot/flexbe_ws/install/tm_msgs/share/tm_msgs/msg/SvrResponse.json
[0.706s] -- Up-to-date symlink: /home/csrobot/flexbe_ws/install/tm_msgs/share/tm_msgs/msg/SctResponse.json
[0.707s] -- Up-to-date symlink: /home/csrobot/flexbe_ws/install/tm_msgs/share/tm_msgs/msg/StaResponse.json
[0.707s] -- Up-to-date symlink: /home/csrobot/flexbe_ws/install/tm_msgs/share/tm_msgs/srv/ConnectTM.json
[0.707s] -- Up-to-date symlink: /home/csrobot/flexbe_ws/install/tm_msgs/share/tm_msgs/srv/WriteItem.json
[0.707s] -- Up-to-date symlink: /home/csrobot/flexbe_ws/install/tm_msgs/share/tm_msgs/srv/AskItem.json
[0.707s] -- Up-to-date symlink: /home/csrobot/flexbe_ws/install/tm_msgs/share/tm_msgs/srv/SendScript.json
[0.707s] -- Up-to-date symlink: /home/csrobot/flexbe_ws/install/tm_msgs/share/tm_msgs/srv/SetEvent.json
[0.707s] -- Up-to-date symlink: /home/csrobot/flexbe_ws/install/tm_msgs/share/tm_msgs/srv/SetIO.json
[0.707s] -- Up-to-date symlink: /home/csrobot/flexbe_ws/install/tm_msgs/share/tm_msgs/srv/SetPositions.json
[0.707s] -- Up-to-date symlink: /home/csrobot/flexbe_ws/install/tm_msgs/share/tm_msgs/srv/AskSta.json
[0.709s] -- Up-to-date symlink: /home/csrobot/flexbe_ws/install/tm_msgs/include/tm_msgs/tm_msgs/msg/detail/feedback_state__functions.h
[0.709s] -- Up-to-date symlink: /home/csrobot/flexbe_ws/install/tm_msgs/include/tm_msgs/tm_msgs/msg/detail/feedback_state__struct.h
[0.710s] -- Up-to-date symlink: /home/csrobot/flexbe_ws/install/tm_msgs/include/tm_msgs/tm_msgs/msg/detail/feedback_state__type_support.h
[0.710s] -- Up-to-date symlink: /home/csrobot/flexbe_ws/install/tm_msgs/include/tm_msgs/tm_msgs/msg/detail/sct_response__functions.h
[0.710s] -- Up-to-date symlink: /home/csrobot/flexbe_ws/install/tm_msgs/include/tm_msgs/tm_msgs/msg/detail/sct_response__struct.h
[0.710s] -- Up-to-date symlink: /home/csrobot/flexbe_ws/install/tm_msgs/include/tm_msgs/tm_msgs/msg/detail/sct_response__type_support.h
[0.710s] -- Up-to-date symlink: /home/csrobot/flexbe_ws/install/tm_msgs/include/tm_msgs/tm_msgs/msg/detail/sta_response__functions.h
[0.710s] -- Up-to-date symlink: /home/csrobot/flexbe_ws/install/tm_msgs/include/tm_msgs/tm_msgs/msg/detail/sta_response__struct.h
[0.710s] -- Up-to-date symlink: /home/csrobot/flexbe_ws/install/tm_msgs/include/tm_msgs/tm_msgs/msg/detail/sta_response__type_support.h
[0.710s] -- Up-to-date symlink: /home/csrobot/flexbe_ws/install/tm_msgs/include/tm_msgs/tm_msgs/msg/detail/svr_response__functions.h
[0.710s] -- Up-to-date symlink: /home/csrobot/flexbe_ws/install/tm_msgs/include/tm_msgs/tm_msgs/msg/detail/svr_response__struct.h
[0.710s] -- Up-to-date symlink: /home/csrobot/flexbe_ws/install/tm_msgs/include/tm_msgs/tm_msgs/msg/detail/svr_response__type_support.h
[0.710s] -- Up-to-date symlink: /home/csrobot/flexbe_ws/install/tm_msgs/include/tm_msgs/tm_msgs/msg/feedback_state.h
[0.711s] -- Up-to-date symlink: /home/csrobot/flexbe_ws/install/tm_msgs/include/tm_msgs/tm_msgs/msg/rosidl_generator_c__visibility_control.h
[0.711s] -- Up-to-date symlink: /home/csrobot/flexbe_ws/install/tm_msgs/include/tm_msgs/tm_msgs/msg/sct_response.h
[0.711s] -- Up-to-date symlink: /home/csrobot/flexbe_ws/install/tm_msgs/include/tm_msgs/tm_msgs/msg/sta_response.h
[0.711s] -- Up-to-date symlink: /home/csrobot/flexbe_ws/install/tm_msgs/include/tm_msgs/tm_msgs/msg/svr_response.h
[0.711s] -- Up-to-date symlink: /home/csrobot/flexbe_ws/install/tm_msgs/include/tm_msgs/tm_msgs/srv/ask_item.h
[0.711s] -- Up-to-date symlink: /home/csrobot/flexbe_ws/install/tm_msgs/include/tm_msgs/tm_msgs/srv/ask_sta.h
[0.711s] -- Up-to-date symlink: /home/csrobot/flexbe_ws/install/tm_msgs/include/tm_msgs/tm_msgs/srv/connect_tm.h
[0.712s] -- Up-to-date symlink: /home/csrobot/flexbe_ws/install/tm_msgs/include/tm_msgs/tm_msgs/srv/detail/ask_item__functions.h
[0.712s] -- Up-to-date symlink: /home/csrobot/flexbe_ws/install/tm_msgs/include/tm_msgs/tm_msgs/srv/detail/ask_item__struct.h
[0.712s] -- Up-to-date symlink: /home/csrobot/flexbe_ws/install/tm_msgs/include/tm_msgs/tm_msgs/srv/detail/ask_item__type_support.h
[0.712s] -- Up-to-date symlink: /home/csrobot/flexbe_ws/install/tm_msgs/include/tm_msgs/tm_msgs/srv/detail/ask_sta__functions.h
[0.712s] -- Up-to-date symlink: /home/csrobot/flexbe_ws/install/tm_msgs/include/tm_msgs/tm_msgs/srv/detail/ask_sta__struct.h
[0.712s] -- Up-to-date symlink: /home/csrobot/flexbe_ws/install/tm_msgs/include/tm_msgs/tm_msgs/srv/detail/ask_sta__type_support.h
[0.712s] -- Up-to-date symlink: /home/csrobot/flexbe_ws/install/tm_msgs/include/tm_msgs/tm_msgs/srv/detail/connect_tm__functions.h
[0.712s] -- Up-to-date symlink: /home/csrobot/flexbe_ws/install/tm_msgs/include/tm_msgs/tm_msgs/srv/detail/connect_tm__struct.h
[0.712s] -- Up-to-date symlink: /home/csrobot/flexbe_ws/install/tm_msgs/include/tm_msgs/tm_msgs/srv/detail/connect_tm__type_support.h
[0.712s] -- Up-to-date symlink: /home/csrobot/flexbe_ws/install/tm_msgs/include/tm_msgs/tm_msgs/srv/detail/send_script__functions.h
[0.712s] -- Up-to-date symlink: /home/csrobot/flexbe_ws/install/tm_msgs/include/tm_msgs/tm_msgs/srv/detail/send_script__struct.h
[0.712s] -- Up-to-date symlink: /home/csrobot/flexbe_ws/install/tm_msgs/include/tm_msgs/tm_msgs/srv/detail/send_script__type_support.h
[0.712s] -- Up-to-date symlink: /home/csrobot/flexbe_ws/install/tm_msgs/include/tm_msgs/tm_msgs/srv/detail/set_event__functions.h
[0.712s] -- Up-to-date symlink: /home/csrobot/flexbe_ws/install/tm_msgs/include/tm_msgs/tm_msgs/srv/detail/set_event__struct.h
[0.712s] -- Up-to-date symlink: /home/csrobot/flexbe_ws/install/tm_msgs/include/tm_msgs/tm_msgs/srv/detail/set_event__type_support.h
[0.712s] -- Up-to-date symlink: /home/csrobot/flexbe_ws/install/tm_msgs/include/tm_msgs/tm_msgs/srv/detail/set_io__functions.h
[0.712s] -- Up-to-date symlink: /home/csrobot/flexbe_ws/install/tm_msgs/include/tm_msgs/tm_msgs/srv/detail/set_io__struct.h
[0.713s] -- Up-to-date symlink: /home/csrobot/flexbe_ws/install/tm_msgs/include/tm_msgs/tm_msgs/srv/detail/set_io__type_support.h
[0.713s] -- Up-to-date symlink: /home/csrobot/flexbe_ws/install/tm_msgs/include/tm_msgs/tm_msgs/srv/detail/set_positions__functions.h
[0.713s] -- Up-to-date symlink: /home/csrobot/flexbe_ws/install/tm_msgs/include/tm_msgs/tm_msgs/srv/detail/set_positions__struct.h
[0.713s] -- Up-to-date symlink: /home/csrobot/flexbe_ws/install/tm_msgs/include/tm_msgs/tm_msgs/srv/detail/set_positions__type_support.h
[0.713s] -- Up-to-date symlink: /home/csrobot/flexbe_ws/install/tm_msgs/include/tm_msgs/tm_msgs/srv/detail/write_item__functions.h
[0.713s] -- Up-to-date symlink: /home/csrobot/flexbe_ws/install/tm_msgs/include/tm_msgs/tm_msgs/srv/detail/write_item__struct.h
[0.713s] -- Up-to-date symlink: /home/csrobot/flexbe_ws/install/tm_msgs/include/tm_msgs/tm_msgs/srv/detail/write_item__type_support.h
[0.713s] -- Up-to-date symlink: /home/csrobot/flexbe_ws/install/tm_msgs/include/tm_msgs/tm_msgs/srv/send_script.h
[0.713s] -- Up-to-date symlink: /home/csrobot/flexbe_ws/install/tm_msgs/include/tm_msgs/tm_msgs/srv/set_event.h
[0.713s] -- Up-to-date symlink: /home/csrobot/flexbe_ws/install/tm_msgs/include/tm_msgs/tm_msgs/srv/set_io.h
[0.713s] -- Up-to-date symlink: /home/csrobot/flexbe_ws/install/tm_msgs/include/tm_msgs/tm_msgs/srv/set_positions.h
[0.713s] -- Up-to-date symlink: /home/csrobot/flexbe_ws/install/tm_msgs/include/tm_msgs/tm_msgs/srv/write_item.h
[0.713s] -- Up-to-date symlink: /home/csrobot/flexbe_ws/install/tm_msgs/share/tm_msgs/environment/library_path.sh
[0.713s] -- Up-to-date symlink: /home/csrobot/flexbe_ws/install/tm_msgs/share/tm_msgs/environment/library_path.dsv
[0.713s] -- Up-to-date symlink: /home/csrobot/flexbe_ws/install/tm_msgs/include/tm_msgs/tm_msgs/msg/detail/feedback_state__rosidl_typesupport_fastrtps_c.h
[0.713s] -- Up-to-date symlink: /home/csrobot/flexbe_ws/install/tm_msgs/include/tm_msgs/tm_msgs/msg/detail/sct_response__rosidl_typesupport_fastrtps_c.h
[0.714s] -- Up-to-date symlink: /home/csrobot/flexbe_ws/install/tm_msgs/include/tm_msgs/tm_msgs/msg/detail/sta_response__rosidl_typesupport_fastrtps_c.h
[0.714s] -- Up-to-date symlink: /home/csrobot/flexbe_ws/install/tm_msgs/include/tm_msgs/tm_msgs/msg/detail/svr_response__rosidl_typesupport_fastrtps_c.h
[0.714s] -- Up-to-date symlink: /home/csrobot/flexbe_ws/install/tm_msgs/include/tm_msgs/tm_msgs/msg/rosidl_typesupport_fastrtps_c__visibility_control.h
[0.714s] -- Up-to-date symlink: /home/csrobot/flexbe_ws/install/tm_msgs/include/tm_msgs/tm_msgs/srv/detail/ask_item__rosidl_typesupport_fastrtps_c.h
[0.714s] -- Up-to-date symlink: /home/csrobot/flexbe_ws/install/tm_msgs/include/tm_msgs/tm_msgs/srv/detail/ask_sta__rosidl_typesupport_fastrtps_c.h
[0.714s] -- Up-to-date symlink: /home/csrobot/flexbe_ws/install/tm_msgs/include/tm_msgs/tm_msgs/srv/detail/connect_tm__rosidl_typesupport_fastrtps_c.h
[0.714s] -- Up-to-date symlink: /home/csrobot/flexbe_ws/install/tm_msgs/include/tm_msgs/tm_msgs/srv/detail/send_script__rosidl_typesupport_fastrtps_c.h
[0.715s] -- Up-to-date symlink: /home/csrobot/flexbe_ws/install/tm_msgs/include/tm_msgs/tm_msgs/srv/detail/set_event__rosidl_typesupport_fastrtps_c.h
[0.715s] -- Up-to-date symlink: /home/csrobot/flexbe_ws/install/tm_msgs/include/tm_msgs/tm_msgs/srv/detail/set_io__rosidl_typesupport_fastrtps_c.h
[0.716s] -- Up-to-date symlink: /home/csrobot/flexbe_ws/install/tm_msgs/include/tm_msgs/tm_msgs/srv/detail/set_positions__rosidl_typesupport_fastrtps_c.h
[0.716s] -- Up-to-date symlink: /home/csrobot/flexbe_ws/install/tm_msgs/include/tm_msgs/tm_msgs/srv/detail/write_item__rosidl_typesupport_fastrtps_c.h
[0.716s] -- Up-to-date symlink: /home/csrobot/flexbe_ws/install/tm_msgs/include/tm_msgs/tm_msgs/msg/detail/feedback_state__builder.hpp
[0.716s] -- Up-to-date symlink: /home/csrobot/flexbe_ws/install/tm_msgs/include/tm_msgs/tm_msgs/msg/detail/feedback_state__struct.hpp
[0.720s] -- Up-to-date symlink: /home/csrobot/flexbe_ws/install/tm_msgs/include/tm_msgs/tm_msgs/msg/detail/feedback_state__traits.hpp
[0.721s] -- Up-to-date symlink: /home/csrobot/flexbe_ws/install/tm_msgs/include/tm_msgs/tm_msgs/msg/detail/feedback_state__type_support.hpp
[0.722s] -- Up-to-date symlink: /home/csrobot/flexbe_ws/install/tm_msgs/include/tm_msgs/tm_msgs/msg/detail/sct_response__builder.hpp
[0.722s] -- Up-to-date symlink: /home/csrobot/flexbe_ws/install/tm_msgs/include/tm_msgs/tm_msgs/msg/detail/sct_response__struct.hpp
[0.722s] -- Up-to-date symlink: /home/csrobot/flexbe_ws/install/tm_msgs/include/tm_msgs/tm_msgs/msg/detail/sct_response__traits.hpp
[0.722s] -- Up-to-date symlink: /home/csrobot/flexbe_ws/install/tm_msgs/include/tm_msgs/tm_msgs/msg/detail/sct_response__type_support.hpp
[0.722s] -- Up-to-date symlink: /home/csrobot/flexbe_ws/install/tm_msgs/include/tm_msgs/tm_msgs/msg/detail/sta_response__builder.hpp
[0.722s] -- Up-to-date symlink: /home/csrobot/flexbe_ws/install/tm_msgs/include/tm_msgs/tm_msgs/msg/detail/sta_response__struct.hpp
[0.722s] -- Up-to-date symlink: /home/csrobot/flexbe_ws/install/tm_msgs/include/tm_msgs/tm_msgs/msg/detail/sta_response__traits.hpp
[0.722s] -- Up-to-date symlink: /home/csrobot/flexbe_ws/install/tm_msgs/include/tm_msgs/tm_msgs/msg/detail/sta_response__type_support.hpp
[0.722s] -- Up-to-date symlink: /home/csrobot/flexbe_ws/install/tm_msgs/include/tm_msgs/tm_msgs/msg/detail/svr_response__builder.hpp
[0.722s] -- Up-to-date symlink: /home/csrobot/flexbe_ws/install/tm_msgs/include/tm_msgs/tm_msgs/msg/detail/svr_response__struct.hpp
[0.722s] -- Up-to-date symlink: /home/csrobot/flexbe_ws/install/tm_msgs/include/tm_msgs/tm_msgs/msg/detail/svr_response__traits.hpp
[0.722s] -- Up-to-date symlink: /home/csrobot/flexbe_ws/install/tm_msgs/include/tm_msgs/tm_msgs/msg/detail/svr_response__type_support.hpp
[0.722s] -- Up-to-date symlink: /home/csrobot/flexbe_ws/install/tm_msgs/include/tm_msgs/tm_msgs/msg/feedback_state.hpp
[0.722s] -- Up-to-date symlink: /home/csrobot/flexbe_ws/install/tm_msgs/include/tm_msgs/tm_msgs/msg/rosidl_generator_cpp__visibility_control.hpp
[0.722s] -- Up-to-date symlink: /home/csrobot/flexbe_ws/install/tm_msgs/include/tm_msgs/tm_msgs/msg/sct_response.hpp
[0.722s] -- Up-to-date symlink: /home/csrobot/flexbe_ws/install/tm_msgs/include/tm_msgs/tm_msgs/msg/sta_response.hpp
[0.722s] -- Up-to-date symlink: /home/csrobot/flexbe_ws/install/tm_msgs/include/tm_msgs/tm_msgs/msg/svr_response.hpp
[0.723s] -- Up-to-date symlink: /home/csrobot/flexbe_ws/install/tm_msgs/include/tm_msgs/tm_msgs/srv/ask_item.hpp
[0.723s] -- Up-to-date symlink: /home/csrobot/flexbe_ws/install/tm_msgs/include/tm_msgs/tm_msgs/srv/ask_sta.hpp
[0.723s] -- Up-to-date symlink: /home/csrobot/flexbe_ws/install/tm_msgs/include/tm_msgs/tm_msgs/srv/connect_tm.hpp
[0.723s] -- Up-to-date symlink: /home/csrobot/flexbe_ws/install/tm_msgs/include/tm_msgs/tm_msgs/srv/detail/ask_item__builder.hpp
[0.723s] -- Up-to-date symlink: /home/csrobot/flexbe_ws/install/tm_msgs/include/tm_msgs/tm_msgs/srv/detail/ask_item__struct.hpp
[0.723s] -- Up-to-date symlink: /home/csrobot/flexbe_ws/install/tm_msgs/include/tm_msgs/tm_msgs/srv/detail/ask_item__traits.hpp
[0.723s] -- Up-to-date symlink: /home/csrobot/flexbe_ws/install/tm_msgs/include/tm_msgs/tm_msgs/srv/detail/ask_item__type_support.hpp
[0.723s] -- Up-to-date symlink: /home/csrobot/flexbe_ws/install/tm_msgs/include/tm_msgs/tm_msgs/srv/detail/ask_sta__builder.hpp
[0.723s] -- Up-to-date symlink: /home/csrobot/flexbe_ws/install/tm_msgs/include/tm_msgs/tm_msgs/srv/detail/ask_sta__struct.hpp
[0.723s] -- Up-to-date symlink: /home/csrobot/flexbe_ws/install/tm_msgs/include/tm_msgs/tm_msgs/srv/detail/ask_sta__traits.hpp
[0.723s] -- Up-to-date symlink: /home/csrobot/flexbe_ws/install/tm_msgs/include/tm_msgs/tm_msgs/srv/detail/ask_sta__type_support.hpp
[0.723s] -- Up-to-date symlink: /home/csrobot/flexbe_ws/install/tm_msgs/include/tm_msgs/tm_msgs/srv/detail/connect_tm__builder.hpp
[0.723s] -- Up-to-date symlink: /home/csrobot/flexbe_ws/install/tm_msgs/include/tm_msgs/tm_msgs/srv/detail/connect_tm__struct.hpp
[0.723s] -- Up-to-date symlink: /home/csrobot/flexbe_ws/install/tm_msgs/include/tm_msgs/tm_msgs/srv/detail/connect_tm__traits.hpp
[0.723s] -- Up-to-date symlink: /home/csrobot/flexbe_ws/install/tm_msgs/include/tm_msgs/tm_msgs/srv/detail/connect_tm__type_support.hpp
[0.723s] -- Up-to-date symlink: /home/csrobot/flexbe_ws/install/tm_msgs/include/tm_msgs/tm_msgs/srv/detail/send_script__builder.hpp
[0.723s] -- Up-to-date symlink: /home/csrobot/flexbe_ws/install/tm_msgs/include/tm_msgs/tm_msgs/srv/detail/send_script__struct.hpp
[0.724s] -- Up-to-date symlink: /home/csrobot/flexbe_ws/install/tm_msgs/include/tm_msgs/tm_msgs/srv/detail/send_script__traits.hpp
[0.724s] -- Up-to-date symlink: /home/csrobot/flexbe_ws/install/tm_msgs/include/tm_msgs/tm_msgs/srv/detail/send_script__type_support.hpp
[0.724s] -- Up-to-date symlink: /home/csrobot/flexbe_ws/install/tm_msgs/include/tm_msgs/tm_msgs/srv/detail/set_event__builder.hpp
[0.724s] -- Up-to-date symlink: /home/csrobot/flexbe_ws/install/tm_msgs/include/tm_msgs/tm_msgs/srv/detail/set_event__struct.hpp
[0.724s] -- Up-to-date symlink: /home/csrobot/flexbe_ws/install/tm_msgs/include/tm_msgs/tm_msgs/srv/detail/set_event__traits.hpp
[0.724s] -- Up-to-date symlink: /home/csrobot/flexbe_ws/install/tm_msgs/include/tm_msgs/tm_msgs/srv/detail/set_event__type_support.hpp
[0.724s] -- Up-to-date symlink: /home/csrobot/flexbe_ws/install/tm_msgs/include/tm_msgs/tm_msgs/srv/detail/set_io__builder.hpp
[0.726s] -- Up-to-date symlink: /home/csrobot/flexbe_ws/install/tm_msgs/include/tm_msgs/tm_msgs/srv/detail/set_io__struct.hpp
[0.737s] -- Up-to-date symlink: /home/csrobot/flexbe_ws/install/tm_msgs/include/tm_msgs/tm_msgs/srv/detail/set_io__traits.hpp
[0.737s] -- Up-to-date symlink: /home/csrobot/flexbe_ws/install/tm_msgs/include/tm_msgs/tm_msgs/srv/detail/set_io__type_support.hpp
[0.737s] -- Up-to-date symlink: /home/csrobot/flexbe_ws/install/tm_msgs/include/tm_msgs/tm_msgs/srv/detail/set_positions__builder.hpp
[0.738s] -- Up-to-date symlink: /home/csrobot/flexbe_ws/install/tm_msgs/include/tm_msgs/tm_msgs/srv/detail/set_positions__struct.hpp
[0.738s] -- Up-to-date symlink: /home/csrobot/flexbe_ws/install/tm_msgs/include/tm_msgs/tm_msgs/srv/detail/set_positions__traits.hpp
[0.738s] -- Up-to-date symlink: /home/csrobot/flexbe_ws/install/tm_msgs/include/tm_msgs/tm_msgs/srv/detail/set_positions__type_support.hpp
[0.739s] -- Up-to-date symlink: /home/csrobot/flexbe_ws/install/tm_msgs/include/tm_msgs/tm_msgs/srv/detail/write_item__builder.hpp
[0.740s] -- Up-to-date symlink: /home/csrobot/flexbe_ws/install/tm_msgs/include/tm_msgs/tm_msgs/srv/detail/write_item__struct.hpp
[0.740s] -- Up-to-date symlink: /home/csrobot/flexbe_ws/install/tm_msgs/include/tm_msgs/tm_msgs/srv/detail/write_item__traits.hpp
[0.740s] -- Up-to-date symlink: /home/csrobot/flexbe_ws/install/tm_msgs/include/tm_msgs/tm_msgs/srv/detail/write_item__type_support.hpp
[0.742s] -- Up-to-date symlink: /home/csrobot/flexbe_ws/install/tm_msgs/include/tm_msgs/tm_msgs/srv/send_script.hpp
[0.742s] -- Up-to-date symlink: /home/csrobot/flexbe_ws/install/tm_msgs/include/tm_msgs/tm_msgs/srv/set_event.hpp
[0.742s] -- Up-to-date symlink: /home/csrobot/flexbe_ws/install/tm_msgs/include/tm_msgs/tm_msgs/srv/set_io.hpp
[0.742s] -- Up-to-date symlink: /home/csrobot/flexbe_ws/install/tm_msgs/include/tm_msgs/tm_msgs/srv/set_positions.hpp
[0.742s] -- Up-to-date symlink: /home/csrobot/flexbe_ws/install/tm_msgs/include/tm_msgs/tm_msgs/srv/write_item.hpp
[0.742s] -- Up-to-date symlink: /home/csrobot/flexbe_ws/install/tm_msgs/include/tm_msgs/tm_msgs/msg/detail/feedback_state__rosidl_typesupport_fastrtps_cpp.hpp
[0.742s] -- Up-to-date symlink: /home/csrobot/flexbe_ws/install/tm_msgs/include/tm_msgs/tm_msgs/msg/detail/sct_response__rosidl_typesupport_fastrtps_cpp.hpp
[0.742s] -- Up-to-date symlink: /home/csrobot/flexbe_ws/install/tm_msgs/include/tm_msgs/tm_msgs/msg/detail/sta_response__rosidl_typesupport_fastrtps_cpp.hpp
[0.742s] -- Up-to-date symlink: /home/csrobot/flexbe_ws/install/tm_msgs/include/tm_msgs/tm_msgs/msg/detail/svr_response__rosidl_typesupport_fastrtps_cpp.hpp
[0.742s] -- Up-to-date symlink: /home/csrobot/flexbe_ws/install/tm_msgs/include/tm_msgs/tm_msgs/msg/rosidl_typesupport_fastrtps_cpp__visibility_control.h
[0.742s] -- Up-to-date symlink: /home/csrobot/flexbe_ws/install/tm_msgs/include/tm_msgs/tm_msgs/srv/detail/ask_item__rosidl_typesupport_fastrtps_cpp.hpp
[0.742s] -- Up-to-date symlink: /home/csrobot/flexbe_ws/install/tm_msgs/include/tm_msgs/tm_msgs/srv/detail/ask_sta__rosidl_typesupport_fastrtps_cpp.hpp
[0.742s] -- Up-to-date symlink: /home/csrobot/flexbe_ws/install/tm_msgs/include/tm_msgs/tm_msgs/srv/detail/connect_tm__rosidl_typesupport_fastrtps_cpp.hpp
[0.742s] -- Up-to-date symlink: /home/csrobot/flexbe_ws/install/tm_msgs/include/tm_msgs/tm_msgs/srv/detail/send_script__rosidl_typesupport_fastrtps_cpp.hpp
[0.743s] -- Up-to-date symlink: /home/csrobot/flexbe_ws/install/tm_msgs/include/tm_msgs/tm_msgs/srv/detail/set_event__rosidl_typesupport_fastrtps_cpp.hpp
[0.743s] -- Up-to-date symlink: /home/csrobot/flexbe_ws/install/tm_msgs/include/tm_msgs/tm_msgs/srv/detail/set_io__rosidl_typesupport_fastrtps_cpp.hpp
[0.743s] -- Up-to-date symlink: /home/csrobot/flexbe_ws/install/tm_msgs/include/tm_msgs/tm_msgs/srv/detail/set_positions__rosidl_typesupport_fastrtps_cpp.hpp
[0.743s] -- Up-to-date symlink: /home/csrobot/flexbe_ws/install/tm_msgs/include/tm_msgs/tm_msgs/srv/detail/write_item__rosidl_typesupport_fastrtps_cpp.hpp
[0.743s] -- Up-to-date symlink: /home/csrobot/flexbe_ws/install/tm_msgs/include/tm_msgs/tm_msgs/msg/detail/feedback_state__rosidl_typesupport_introspection_c.h
[0.743s] -- Up-to-date symlink: /home/csrobot/flexbe_ws/install/tm_msgs/include/tm_msgs/tm_msgs/msg/detail/sct_response__rosidl_typesupport_introspection_c.h
[0.743s] -- Up-to-date symlink: /home/csrobot/flexbe_ws/install/tm_msgs/include/tm_msgs/tm_msgs/msg/detail/sta_response__rosidl_typesupport_introspection_c.h
[0.743s] -- Up-to-date symlink: /home/csrobot/flexbe_ws/install/tm_msgs/include/tm_msgs/tm_msgs/msg/detail/svr_response__rosidl_typesupport_introspection_c.h
[0.743s] -- Up-to-date symlink: /home/csrobot/flexbe_ws/install/tm_msgs/include/tm_msgs/tm_msgs/msg/rosidl_typesupport_introspection_c__visibility_control.h
[0.743s] -- Up-to-date symlink: /home/csrobot/flexbe_ws/install/tm_msgs/include/tm_msgs/tm_msgs/srv/detail/ask_item__rosidl_typesupport_introspection_c.h
[0.743s] -- Up-to-date symlink: /home/csrobot/flexbe_ws/install/tm_msgs/include/tm_msgs/tm_msgs/srv/detail/ask_sta__rosidl_typesupport_introspection_c.h
[0.743s] -- Up-to-date symlink: /home/csrobot/flexbe_ws/install/tm_msgs/include/tm_msgs/tm_msgs/srv/detail/connect_tm__rosidl_typesupport_introspection_c.h
[0.743s] -- Up-to-date symlink: /home/csrobot/flexbe_ws/install/tm_msgs/include/tm_msgs/tm_msgs/srv/detail/send_script__rosidl_typesupport_introspection_c.h
[0.743s] -- Up-to-date symlink: /home/csrobot/flexbe_ws/install/tm_msgs/include/tm_msgs/tm_msgs/srv/detail/set_event__rosidl_typesupport_introspection_c.h
[0.743s] -- Up-to-date symlink: /home/csrobot/flexbe_ws/install/tm_msgs/include/tm_msgs/tm_msgs/srv/detail/set_io__rosidl_typesupport_introspection_c.h
[0.744s] -- Up-to-date symlink: /home/csrobot/flexbe_ws/install/tm_msgs/include/tm_msgs/tm_msgs/srv/detail/set_positions__rosidl_typesupport_introspection_c.h
[0.744s] -- Up-to-date symlink: /home/csrobot/flexbe_ws/install/tm_msgs/include/tm_msgs/tm_msgs/srv/detail/write_item__rosidl_typesupport_introspection_c.h
[0.744s] -- Up-to-date symlink: /home/csrobot/flexbe_ws/install/tm_msgs/include/tm_msgs/tm_msgs/msg/detail/feedback_state__rosidl_typesupport_introspection_cpp.hpp
[0.744s] -- Up-to-date symlink: /home/csrobot/flexbe_ws/install/tm_msgs/include/tm_msgs/tm_msgs/msg/detail/sct_response__rosidl_typesupport_introspection_cpp.hpp
[0.744s] -- Up-to-date symlink: /home/csrobot/flexbe_ws/install/tm_msgs/include/tm_msgs/tm_msgs/msg/detail/sta_response__rosidl_typesupport_introspection_cpp.hpp
[0.744s] -- Up-to-date symlink: /home/csrobot/flexbe_ws/install/tm_msgs/include/tm_msgs/tm_msgs/msg/detail/svr_response__rosidl_typesupport_introspection_cpp.hpp
[0.744s] -- Up-to-date symlink: /home/csrobot/flexbe_ws/install/tm_msgs/include/tm_msgs/tm_msgs/srv/detail/ask_item__rosidl_typesupport_introspection_cpp.hpp
[0.744s] -- Up-to-date symlink: /home/csrobot/flexbe_ws/install/tm_msgs/include/tm_msgs/tm_msgs/srv/detail/ask_sta__rosidl_typesupport_introspection_cpp.hpp
[0.744s] -- Up-to-date symlink: /home/csrobot/flexbe_ws/install/tm_msgs/include/tm_msgs/tm_msgs/srv/detail/connect_tm__rosidl_typesupport_introspection_cpp.hpp
[0.744s] -- Up-to-date symlink: /home/csrobot/flexbe_ws/install/tm_msgs/include/tm_msgs/tm_msgs/srv/detail/send_script__rosidl_typesupport_introspection_cpp.hpp
[0.744s] -- Up-to-date symlink: /home/csrobot/flexbe_ws/install/tm_msgs/include/tm_msgs/tm_msgs/srv/detail/set_event__rosidl_typesupport_introspection_cpp.hpp
[0.744s] -- Up-to-date symlink: /home/csrobot/flexbe_ws/install/tm_msgs/include/tm_msgs/tm_msgs/srv/detail/set_io__rosidl_typesupport_introspection_cpp.hpp
[0.744s] -- Up-to-date symlink: /home/csrobot/flexbe_ws/install/tm_msgs/include/tm_msgs/tm_msgs/srv/detail/set_positions__rosidl_typesupport_introspection_cpp.hpp
[0.745s] -- Up-to-date symlink: /home/csrobot/flexbe_ws/install/tm_msgs/include/tm_msgs/tm_msgs/srv/detail/write_item__rosidl_typesupport_introspection_cpp.hpp
[0.745s] -- Up-to-date symlink: /home/csrobot/flexbe_ws/install/tm_msgs/share/tm_msgs/environment/pythonpath.sh
[0.745s] -- Up-to-date symlink: /home/csrobot/flexbe_ws/install/tm_msgs/share/tm_msgs/environment/pythonpath.dsv
[0.745s] -- Up-to-date symlink: /home/csrobot/flexbe_ws/install/tm_msgs/lib/python3.12/site-packages/tm_msgs-1.1.2-py3.12.egg-info/PKG-INFO
[0.745s] -- Up-to-date symlink: /home/csrobot/flexbe_ws/install/tm_msgs/lib/python3.12/site-packages/tm_msgs-1.1.2-py3.12.egg-info/SOURCES.txt
[0.745s] -- Up-to-date symlink: /home/csrobot/flexbe_ws/install/tm_msgs/lib/python3.12/site-packages/tm_msgs-1.1.2-py3.12.egg-info/dependency_links.txt
[0.745s] -- Up-to-date symlink: /home/csrobot/flexbe_ws/install/tm_msgs/lib/python3.12/site-packages/tm_msgs-1.1.2-py3.12.egg-info/top_level.txt
[0.745s] -- Up-to-date symlink: /home/csrobot/flexbe_ws/install/tm_msgs/lib/python3.12/site-packages/tm_msgs/__init__.py
[0.745s] -- Up-to-date symlink: /home/csrobot/flexbe_ws/install/tm_msgs/lib/python3.12/site-packages/tm_msgs/_tm_msgs_s.ep.rosidl_typesupport_c.c
[0.745s] -- Up-to-date symlink: /home/csrobot/flexbe_ws/install/tm_msgs/lib/python3.12/site-packages/tm_msgs/_tm_msgs_s.ep.rosidl_typesupport_fastrtps_c.c
[0.745s] -- Up-to-date symlink: /home/csrobot/flexbe_ws/install/tm_msgs/lib/python3.12/site-packages/tm_msgs/_tm_msgs_s.ep.rosidl_typesupport_introspection_c.c
[0.745s] -- Up-to-date symlink: /home/csrobot/flexbe_ws/install/tm_msgs/lib/python3.12/site-packages/tm_msgs/msg/__init__.py
[0.745s] -- Up-to-date symlink: /home/csrobot/flexbe_ws/install/tm_msgs/lib/python3.12/site-packages/tm_msgs/msg/_feedback_state.py
[0.746s] -- Up-to-date symlink: /home/csrobot/flexbe_ws/install/tm_msgs/lib/python3.12/site-packages/tm_msgs/msg/_feedback_state_s.c
[0.746s] -- Up-to-date symlink: /home/csrobot/flexbe_ws/install/tm_msgs/lib/python3.12/site-packages/tm_msgs/msg/_sct_response.py
[0.746s] -- Up-to-date symlink: /home/csrobot/flexbe_ws/install/tm_msgs/lib/python3.12/site-packages/tm_msgs/msg/_sct_response_s.c
[0.746s] -- Up-to-date symlink: /home/csrobot/flexbe_ws/install/tm_msgs/lib/python3.12/site-packages/tm_msgs/msg/_sta_response.py
[0.746s] -- Up-to-date symlink: /home/csrobot/flexbe_ws/install/tm_msgs/lib/python3.12/site-packages/tm_msgs/msg/_sta_response_s.c
[0.746s] -- Up-to-date symlink: /home/csrobot/flexbe_ws/install/tm_msgs/lib/python3.12/site-packages/tm_msgs/msg/_svr_response.py
[0.746s] -- Up-to-date symlink: /home/csrobot/flexbe_ws/install/tm_msgs/lib/python3.12/site-packages/tm_msgs/msg/_svr_response_s.c
[0.746s] -- Up-to-date symlink: /home/csrobot/flexbe_ws/install/tm_msgs/lib/python3.12/site-packages/tm_msgs/srv/__init__.py
[0.746s] -- Up-to-date symlink: /home/csrobot/flexbe_ws/install/tm_msgs/lib/python3.12/site-packages/tm_msgs/srv/_ask_item.py
[0.746s] -- Up-to-date symlink: /home/csrobot/flexbe_ws/install/tm_msgs/lib/python3.12/site-packages/tm_msgs/srv/_ask_item_s.c
[0.747s] -- Up-to-date symlink: /home/csrobot/flexbe_ws/install/tm_msgs/lib/python3.12/site-packages/tm_msgs/srv/_ask_sta.py
[0.747s] -- Up-to-date symlink: /home/csrobot/flexbe_ws/install/tm_msgs/lib/python3.12/site-packages/tm_msgs/srv/_ask_sta_s.c
[0.747s] -- Up-to-date symlink: /home/csrobot/flexbe_ws/install/tm_msgs/lib/python3.12/site-packages/tm_msgs/srv/_connect_tm.py
[0.747s] -- Up-to-date symlink: /home/csrobot/flexbe_ws/install/tm_msgs/lib/python3.12/site-packages/tm_msgs/srv/_connect_tm_s.c
[0.747s] -- Up-to-date symlink: /home/csrobot/flexbe_ws/install/tm_msgs/lib/python3.12/site-packages/tm_msgs/srv/_send_script.py
[0.747s] -- Up-to-date symlink: /home/csrobot/flexbe_ws/install/tm_msgs/lib/python3.12/site-packages/tm_msgs/srv/_send_script_s.c
[0.752s] -- Up-to-date symlink: /home/csrobot/flexbe_ws/install/tm_msgs/lib/python3.12/site-packages/tm_msgs/srv/_set_event.py
[0.752s] -- Up-to-date symlink: /home/csrobot/flexbe_ws/install/tm_msgs/lib/python3.12/site-packages/tm_msgs/srv/_set_event_s.c
[0.752s] -- Up-to-date symlink: /home/csrobot/flexbe_ws/install/tm_msgs/lib/python3.12/site-packages/tm_msgs/srv/_set_io.py
[0.752s] -- Up-to-date symlink: /home/csrobot/flexbe_ws/install/tm_msgs/lib/python3.12/site-packages/tm_msgs/srv/_set_io_s.c
[0.752s] -- Up-to-date symlink: /home/csrobot/flexbe_ws/install/tm_msgs/lib/python3.12/site-packages/tm_msgs/srv/_set_positions.py
[0.752s] -- Up-to-date symlink: /home/csrobot/flexbe_ws/install/tm_msgs/lib/python3.12/site-packages/tm_msgs/srv/_set_positions_s.c
[0.752s] -- Up-to-date symlink: /home/csrobot/flexbe_ws/install/tm_msgs/lib/python3.12/site-packages/tm_msgs/srv/_write_item.py
[0.752s] -- Up-to-date symlink: /home/csrobot/flexbe_ws/install/tm_msgs/lib/python3.12/site-packages/tm_msgs/srv/_write_item_s.c
[0.753s] -- Up-to-date symlink: /home/csrobot/flexbe_ws/install/tm_msgs/lib/python3.12/site-packages/tm_msgs/tm_msgs_s__rosidl_typesupport_c.so
[0.753s] -- Up-to-date symlink: /home/csrobot/flexbe_ws/install/tm_msgs/lib/python3.12/site-packages/tm_msgs/tm_msgs_s__rosidl_typesupport_fastrtps_c.so
[0.753s] -- Up-to-date symlink: /home/csrobot/flexbe_ws/install/tm_msgs/lib/python3.12/site-packages/tm_msgs/tm_msgs_s__rosidl_typesupport_introspection_c.so
[0.753s] -- Up-to-date symlink: /home/csrobot/flexbe_ws/install/tm_msgs/lib/python3.12/site-packages/tm_msgs/tm_msgs_s__rosidl_typesupport_fastrtps_c.so
[0.753s] -- Up-to-date symlink: /home/csrobot/flexbe_ws/install/tm_msgs/lib/python3.12/site-packages/tm_msgs/tm_msgs_s__rosidl_typesupport_introspection_c.so
[0.753s] -- Up-to-date symlink: /home/csrobot/flexbe_ws/install/tm_msgs/lib/python3.12/site-packages/tm_msgs/tm_msgs_s__rosidl_typesupport_c.so
[0.754s] -- Up-to-date symlink: /home/csrobot/flexbe_ws/install/tm_msgs/share/tm_msgs/msg/FeedbackState.idl
[0.754s] -- Up-to-date symlink: /home/csrobot/flexbe_ws/install/tm_msgs/share/tm_msgs/msg/SvrResponse.idl
[0.754s] -- Up-to-date symlink: /home/csrobot/flexbe_ws/install/tm_msgs/share/tm_msgs/msg/SctResponse.idl
[0.757s] -- Up-to-date symlink: /home/csrobot/flexbe_ws/install/tm_msgs/share/tm_msgs/msg/StaResponse.idl
[0.760s] -- Up-to-date symlink: /home/csrobot/flexbe_ws/install/tm_msgs/share/tm_msgs/srv/ConnectTM.idl
[0.762s] -- Up-to-date symlink: /home/csrobot/flexbe_ws/install/tm_msgs/share/tm_msgs/srv/WriteItem.idl
[0.762s] -- Up-to-date symlink: /home/csrobot/flexbe_ws/install/tm_msgs/share/tm_msgs/srv/AskItem.idl
[0.762s] -- Up-to-date symlink: /home/csrobot/flexbe_ws/install/tm_msgs/share/tm_msgs/srv/SendScript.idl
[0.762s] -- Up-to-date symlink: /home/csrobot/flexbe_ws/install/tm_msgs/share/tm_msgs/srv/SetEvent.idl
[0.762s] -- Up-to-date symlink: /home/csrobot/flexbe_ws/install/tm_msgs/share/tm_msgs/srv/SetIO.idl
[0.765s] -- Up-to-date symlink: /home/csrobot/flexbe_ws/install/tm_msgs/share/tm_msgs/srv/SetPositions.idl
[0.765s] -- Up-to-date symlink: /home/csrobot/flexbe_ws/install/tm_msgs/share/tm_msgs/srv/AskSta.idl
[0.765s] -- Up-to-date symlink: /home/csrobot/flexbe_ws/install/tm_msgs/share/tm_msgs/msg/FeedbackState.msg
[0.766s] -- Up-to-date symlink: /home/csrobot/flexbe_ws/install/tm_msgs/share/tm_msgs/msg/SvrResponse.msg
[0.766s] -- Up-to-date symlink: /home/csrobot/flexbe_ws/install/tm_msgs/share/tm_msgs/msg/SctResponse.msg
[0.766s] -- Up-to-date symlink: /home/csrobot/flexbe_ws/install/tm_msgs/share/tm_msgs/msg/StaResponse.msg
[0.766s] -- Up-to-date symlink: /home/csrobot/flexbe_ws/install/tm_msgs/share/tm_msgs/srv/ConnectTM.srv
[0.766s] -- Up-to-date symlink: /home/csrobot/flexbe_ws/install/tm_msgs/share/tm_msgs/srv/WriteItem.srv
[0.766s] -- Up-to-date symlink: /home/csrobot/flexbe_ws/install/tm_msgs/share/tm_msgs/srv/AskItem.srv
[0.766s] -- Up-to-date symlink: /home/csrobot/flexbe_ws/install/tm_msgs/share/tm_msgs/srv/SendScript.srv
[0.766s] -- Up-to-date symlink: /home/csrobot/flexbe_ws/install/tm_msgs/share/tm_msgs/srv/SetEvent.srv
[0.766s] -- Up-to-date symlink: /home/csrobot/flexbe_ws/install/tm_msgs/share/tm_msgs/srv/SetIO.srv
[0.766s] -- Up-to-date symlink: /home/csrobot/flexbe_ws/install/tm_msgs/share/tm_msgs/srv/SetPositions.srv
[0.766s] -- Up-to-date symlink: /home/csrobot/flexbe_ws/install/tm_msgs/share/tm_msgs/srv/AskSta.srv
[0.766s] -- Up-to-date symlink: /home/csrobot/flexbe_ws/install/tm_msgs/share/ament_index/resource_index/package_run_dependencies/tm_msgs
[0.766s] -- Up-to-date symlink: /home/csrobot/flexbe_ws/install/tm_msgs/share/ament_index/resource_index/parent_prefix_path/tm_msgs
[0.766s] -- Up-to-date symlink: /home/csrobot/flexbe_ws/install/tm_msgs/share/tm_msgs/environment/ament_prefix_path.sh
[0.766s] -- Up-to-date symlink: /home/csrobot/flexbe_ws/install/tm_msgs/share/tm_msgs/environment/ament_prefix_path.dsv
[0.767s] -- Up-to-date symlink: /home/csrobot/flexbe_ws/install/tm_msgs/share/tm_msgs/environment/path.sh
[0.767s] -- Up-to-date symlink: /home/csrobot/flexbe_ws/install/tm_msgs/share/tm_msgs/environment/path.dsv
[0.767s] -- Up-to-date symlink: /home/csrobot/flexbe_ws/install/tm_msgs/share/tm_msgs/local_setup.bash
[0.767s] -- Up-to-date symlink: /home/csrobot/flexbe_ws/install/tm_msgs/share/tm_msgs/local_setup.sh
[0.767s] -- Up-to-date symlink: /home/csrobot/flexbe_ws/install/tm_msgs/share/tm_msgs/local_setup.zsh
[0.767s] -- Up-to-date symlink: /home/csrobot/flexbe_ws/install/tm_msgs/share/tm_msgs/local_setup.dsv
[0.767s] -- Symlinking: /home/csrobot/flexbe_ws/install/tm_msgs/share/tm_msgs/package.dsv
[0.772s] -- Up-to-date symlink: /home/csrobot/flexbe_ws/install/tm_msgs/share/ament_index/resource_index/packages/tm_msgs
[0.772s] -- Up-to-date symlink: /home/csrobot/flexbe_ws/install/tm_msgs/share/tm_msgs/cmake/rosidl_cmake-extras.cmake
[0.772s] -- Up-to-date symlink: /home/csrobot/flexbe_ws/install/tm_msgs/share/tm_msgs/cmake/ament_cmake_export_dependencies-extras.cmake
[0.772s] -- Up-to-date symlink: /home/csrobot/flexbe_ws/install/tm_msgs/share/tm_msgs/cmake/ament_cmake_export_include_directories-extras.cmake
[0.772s] -- Up-to-date symlink: /home/csrobot/flexbe_ws/install/tm_msgs/share/tm_msgs/cmake/ament_cmake_export_libraries-extras.cmake
[0.773s] -- Up-to-date symlink: /home/csrobot/flexbe_ws/install/tm_msgs/share/tm_msgs/cmake/ament_cmake_export_targets-extras.cmake
[0.773s] -- Up-to-date symlink: /home/csrobot/flexbe_ws/install/tm_msgs/share/tm_msgs/cmake/rosidl_cmake_export_typesupport_targets-extras.cmake
[0.773s] -- Up-to-date symlink: /home/csrobot/flexbe_ws/install/tm_msgs/share/tm_msgs/cmake/rosidl_cmake_export_typesupport_libraries-extras.cmake
[0.773s] -- Up-to-date symlink: /home/csrobot/flexbe_ws/install/tm_msgs/share/tm_msgs/cmake/tm_msgsConfig.cmake
[0.773s] -- Up-to-date symlink: /home/csrobot/flexbe_ws/install/tm_msgs/share/tm_msgs/cmake/tm_msgsConfig-version.cmake
[0.773s] -- Up-to-date symlink: /home/csrobot/flexbe_ws/install/tm_msgs/share/tm_msgs/package.xml
[0.773s] -- Up-to-date: /home/csrobot/flexbe_ws/install/tm_msgs/lib/libtm_msgs__rosidl_generator_c.so
[0.773s] -- Up-to-date: /home/csrobot/flexbe_ws/install/tm_msgs/lib/libtm_msgs__rosidl_typesupport_fastrtps_c.so
[0.773s] -- Up-to-date: /home/csrobot/flexbe_ws/install/tm_msgs/lib/libtm_msgs__rosidl_typesupport_fastrtps_cpp.so
[0.775s] -- Up-to-date: /home/csrobot/flexbe_ws/install/tm_msgs/lib/libtm_msgs__rosidl_typesupport_introspection_c.so
[0.775s] -- Up-to-date: /home/csrobot/flexbe_ws/install/tm_msgs/lib/libtm_msgs__rosidl_typesupport_c.so
[0.775s] -- Up-to-date: /home/csrobot/flexbe_ws/install/tm_msgs/lib/libtm_msgs__rosidl_typesupport_introspection_cpp.so
[0.775s] -- Up-to-date: /home/csrobot/flexbe_ws/install/tm_msgs/lib/libtm_msgs__rosidl_typesupport_cpp.so
[0.785s] Listing '/home/csrobot/flexbe_ws/install/tm_msgs/lib/python3.12/site-packages/tm_msgs'...
[0.785s] Listing '/home/csrobot/flexbe_ws/install/tm_msgs/lib/python3.12/site-packages/tm_msgs/msg'...
[0.786s] Listing '/home/csrobot/flexbe_ws/install/tm_msgs/lib/python3.12/site-packages/tm_msgs/srv'...
[0.787s] -- Up-to-date: /home/csrobot/flexbe_ws/install/tm_msgs/lib/libtm_msgs__rosidl_generator_py.so
[0.787s] -- Up-to-date: /home/csrobot/flexbe_ws/install/tm_msgs/share/tm_msgs/cmake/export_tm_msgs__rosidl_generator_cExport.cmake
[0.787s] -- Up-to-date: /home/csrobot/flexbe_ws/install/tm_msgs/share/tm_msgs/cmake/export_tm_msgs__rosidl_generator_cExport-noconfig.cmake
[0.787s] -- Up-to-date: /home/csrobot/flexbe_ws/install/tm_msgs/share/tm_msgs/cmake/export_tm_msgs__rosidl_typesupport_fastrtps_cExport.cmake
[0.787s] -- Up-to-date: /home/csrobot/flexbe_ws/install/tm_msgs/share/tm_msgs/cmake/export_tm_msgs__rosidl_typesupport_fastrtps_cExport-noconfig.cmake
[0.787s] -- Up-to-date: /home/csrobot/flexbe_ws/install/tm_msgs/share/tm_msgs/cmake/export_tm_msgs__rosidl_generator_cppExport.cmake
[0.787s] -- Up-to-date: /home/csrobot/flexbe_ws/install/tm_msgs/share/tm_msgs/cmake/export_tm_msgs__rosidl_typesupport_fastrtps_cppExport.cmake
[0.788s] -- Up-to-date: /home/csrobot/flexbe_ws/install/tm_msgs/share/tm_msgs/cmake/export_tm_msgs__rosidl_typesupport_fastrtps_cppExport-noconfig.cmake
[0.788s] -- Up-to-date: /home/csrobot/flexbe_ws/install/tm_msgs/share/tm_msgs/cmake/tm_msgs__rosidl_typesupport_introspection_cExport.cmake
[0.788s] -- Up-to-date: /home/csrobot/flexbe_ws/install/tm_msgs/share/tm_msgs/cmake/tm_msgs__rosidl_typesupport_introspection_cExport-noconfig.cmake
[0.788s] -- Up-to-date: /home/csrobot/flexbe_ws/install/tm_msgs/share/tm_msgs/cmake/tm_msgs__rosidl_typesupport_cExport.cmake
[0.788s] -- Up-to-date: /home/csrobot/flexbe_ws/install/tm_msgs/share/tm_msgs/cmake/tm_msgs__rosidl_typesupport_cExport-noconfig.cmake
[0.788s] -- Up-to-date: /home/csrobot/flexbe_ws/install/tm_msgs/share/tm_msgs/cmake/tm_msgs__rosidl_typesupport_introspection_cppExport.cmake
[0.788s] -- Up-to-date: /home/csrobot/flexbe_ws/install/tm_msgs/share/tm_msgs/cmake/tm_msgs__rosidl_typesupport_introspection_cppExport-noconfig.cmake
[0.788s] -- Up-to-date: /home/csrobot/flexbe_ws/install/tm_msgs/share/tm_msgs/cmake/tm_msgs__rosidl_typesupport_cppExport.cmake
[0.788s] -- Up-to-date: /home/csrobot/flexbe_ws/install/tm_msgs/share/tm_msgs/cmake/tm_msgs__rosidl_typesupport_cppExport-noconfig.cmake
[0.788s] -- Up-to-date: /home/csrobot/flexbe_ws/install/tm_msgs/share/tm_msgs/cmake/export_tm_msgs__rosidl_generator_pyExport.cmake
[0.788s] -- Up-to-date: /home/csrobot/flexbe_ws/install/tm_msgs/share/tm_msgs/cmake/export_tm_msgs__rosidl_generator_pyExport-noconfig.cmake
[0.804s] Invoked command in '/home/csrobot/flexbe_ws/build/tm_msgs' returned '0': CMAKE_PREFIX_PATH=${CMAKE_PREFIX_PATH}:/opt/ros/jazzy DEBUGINFOD_URLS=https://debuginfod.ubuntu.com /usr/bin/cmake --install /home/csrobot/flexbe_ws/build/tm_msgs
