[0.117s] Invoking command in '/home/csrobot/flexbe_ws/build/techman_robot_msgs': CMAKE_PREFIX_PATH=${CMAKE_PREFIX_PATH}:/home/csrobot/flexbe_ws/install/flexbe_turtlesim_demo_flexbe_states:/home/csrobot/ros2_humble/install/quality_of_service_demo_py:/home/csrobot/ros2_humble/install/demo_nodes_py:/home/csrobot/ros2_humble/install/moveit_configs_utils:/home/csrobot/ros2_humble/install/rqt_bag_plugins:/home/csrobot/ros2_humble/install/rqt_bag:/home/csrobot/ros2_humble/install/launch_testing_examples:/home/csrobot/ros2_humble/install/ros2bag:/home/csrobot/ros2_humble/install/tracetools_test:/home/csrobot/ros2_humble/install/tracetools_launch:/home/csrobot/ros2_humble/install/topic_monitor:/home/csrobot/ros2_humble/install/tf2_tools:/home/csrobot/ros2_humble/install/examples_tf2_py:/home/csrobot/ros2_humble/install/tf2_ros_py:/home/csrobot/ros2_humble/install/sros2:/home/csrobot/ros2_humble/install/rqt_topic:/home/csrobot/ros2_humble/install/rqt_srv:/home/csrobot/ros2_humble/install/rqt_shell:/home/csrobot/ros2_humble/install/rqt_service_caller:/home/csrobot/ros2_humble/install/rqt_reconfigure:/home/csrobot/ros2_humble/install/rqt_py_console:/home/csrobot/ros2_humble/install/rqt_publisher:/home/csrobot/ros2_humble/install/rqt_plot:/home/csrobot/ros2_humble/install/rqt_action:/home/csrobot/ros2_humble/install/rqt_msg:/home/csrobot/ros2_humble/install/rqt_console:/home/csrobot/ros2_humble/install/rqt:/home/csrobot/ros2_humble/install/rqt_graph:/home/csrobot/ros2_humble/install/rqt_gui_py:/home/csrobot/ros2_humble/install/rqt_gui:/home/csrobot/ros2_humble/install/ros2trace:/home/csrobot/ros2_humble/install/ros2topic:/home/csrobot/ros2_humble/install/ros2test:/home/csrobot/ros2_humble/install/ros2component:/home/csrobot/ros2_humble/install/ros2param:/home/csrobot/ros2_humble/install/ros2lifecycle:/home/csrobot/ros2_humble/install/ros2service:/home/csrobot/ros2_humble/install/ros2run:/home/csrobot/ros2_humble/install/ros2launch:/home/csrobot/ros2_humble/install/ros2pkg:/home/csrobot/ros2_humble/install/ros2node:/home/csrobot/ros2_humble/install/ros2multicast:/home/csrobot/ros2_humble/install/ros2interface:/home/csrobot/ros2_humble/install/ros2doctor:/home/csrobot/ros2_humble/install/ros2action:/home/csrobot/ros2_humble/install/ros2cli:/home/csrobot/ros2_humble/install/lifecycle_py:/home/csrobot/ros2_humble/install/launch_testing_ros:/home/csrobot/ros2_humble/install/launch_ros:/home/csrobot/ros2_humble/install/examples_rclpy_pointcloud_publisher:/home/csrobot/ros2_humble/install/examples_rclpy_minimal_subscriber:/home/csrobot/ros2_humble/install/examples_rclpy_minimal_service:/home/csrobot/ros2_humble/install/examples_rclpy_minimal_publisher:/home/csrobot/ros2_humble/install/examples_rclpy_minimal_client:/home/csrobot/ros2_humble/install/examples_rclpy_minimal_action_server:/home/csrobot/ros2_humble/install/examples_rclpy_minimal_action_client:/home/csrobot/ros2_humble/install/examples_rclpy_guard_conditions:/home/csrobot/ros2_humble/install/examples_rclpy_executors:/home/csrobot/ros2_humble/install/camera_info_manager_py:/home/csrobot/ros2_humble/install/action_tutorials_py:/home/csrobot/ros2_humble/install/ament_uncrustify:/home/csrobot/ros2_humble/install/tracetools_trace:/home/csrobot/ros2_humble/install/tracetools_read:/home/csrobot/ros2_humble/install/test_tracetools_launch:/home/csrobot/ros2_humble/install/test_launch_ros:/home/csrobot/ros2_humble/install/sensor_msgs_py:/home/csrobot/ros2_humble/install/rpyutils:/home/csrobot/ros2_humble/install/rosidl_runtime_py:/home/csrobot/ros2_humble/install/rosidl_cli:/home/csrobot/ros2_humble/install/launch_pytest:/home/csrobot/ros2_humble/install/launch_testing:/home/csrobot/ros2_humble/install/launch_yaml:/home/csrobot/ros2_humble/install/launch_xml:/home/csrobot/ros2_humble/install/launch:/home/csrobot/ros2_humble/install/osrf_pycommon:/home/csrobot/ros2_humble/install/domain_coordinator:/home/csrobot/ros2_humble/install/ament_xmllint:/home/csrobot/ros2_humble/install/ament_pyflakes:/home/csrobot/ros2_humble/install/ament_pycodestyle:/home/csrobot/ros2_humble/install/ament_pep257:/home/csrobot/ros2_humble/install/ament_pclint:/home/csrobot/ros2_humble/install/ament_package:/home/csrobot/ros2_humble/install/ament_mypy:/home/csrobot/ros2_humble/install/ament_lint_cmake:/home/csrobot/ros2_humble/install/ament_flake8:/home/csrobot/ros2_humble/install/ament_copyright:/home/csrobot/ros2_humble/install/ament_lint:/home/csrobot/ros2_humble/install/ament_index_python:/home/csrobot/ros2_humble/install/ament_cpplint:/home/csrobot/ros2_humble/install/ament_cppcheck:/home/csrobot/ros2_humble/install/ament_clang_tidy:/home/csrobot/ros2_humble/install/ament_clang_format:/home/csrobot/flexbe_ws/install/tm_mod_urdf:/home/csrobot/flexbe_ws/install/tm_get_status:/home/csrobot/flexbe_ws/install/moveit_configs_utils:/home/csrobot/flexbe_ws/install/example_flexbe_states:/home/csrobot/flexbe_ws/install/compare_flexbe_states:/home/csrobot/flexbe_ws/install/flexbe_webui:/home/csrobot/flexbe_ws/install/flexbe_onboard:/home/csrobot/flexbe_ws/install/flexbe_states:/home/csrobot/flexbe_ws/install/flexbe_mirror:/home/csrobot/flexbe_ws/install/flexbe_input:/home/csrobot/flexbe_ws/install/flexbe_core:/opt/ros/humble /usr/bin/cmake --build /home/csrobot/flexbe_ws/build/techman_robot_msgs -- -j8 -l8
[0.209s] [35m[1mConsolidate compiler generated dependencies of target techman_robot_msgs__rosidl_generator_c[0m
[0.231s] [  3%] Built target techman_robot_msgs__cpp
[0.249s] [ 12%] Built target techman_robot_msgs__rosidl_generator_c
[0.263s] [35m[1mConsolidate compiler generated dependencies of target techman_robot_msgs__rosidl_typesupport_cpp[0m
[0.286s] [35m[1mConsolidate compiler generated dependencies of target techman_robot_msgs__rosidl_typesupport_fastrtps_cpp[0m
[0.286s] [35m[1mConsolidate compiler generated dependencies of target techman_robot_msgs__rosidl_typesupport_introspection_cpp[0m
[0.298s] [ 12%] Built target ament_cmake_python_copy_techman_robot_msgs
[0.332s] [ 22%] Built target techman_robot_msgs__rosidl_typesupport_cpp
[0.339s] [ 32%] Built target techman_robot_msgs__rosidl_typesupport_fastrtps_cpp
[0.339s] [ 41%] Built target techman_robot_msgs__rosidl_typesupport_introspection_cpp
[0.356s] [35m[1mConsolidate compiler generated dependencies of target techman_robot_msgs__rosidl_typesupport_introspection_c[0m
[0.367s] [35m[1mConsolidate compiler generated dependencies of target techman_robot_msgs__rosidl_typesupport_fastrtps_c[0m
[0.378s] [35m[1mConsolidate compiler generated dependencies of target techman_robot_msgs__rosidl_typesupport_c[0m
[0.394s] [ 51%] Built target techman_robot_msgs__rosidl_typesupport_fastrtps_c
[0.402s] [ 61%] Built target techman_robot_msgs__rosidl_typesupport_introspection_c
[0.412s] [ 70%] Built target techman_robot_msgs__rosidl_typesupport_c
[0.455s] [ 70%] Built target techman_robot_msgs
[0.501s] [ 74%] Built target techman_robot_msgs__py
[0.526s] [35m[1mConsolidate compiler generated dependencies of target techman_robot_msgs__rosidl_generator_py[0m
[0.551s] [ 80%] Built target techman_robot_msgs__rosidl_generator_py
[0.596s] [35m[1mConsolidate compiler generated dependencies of target techman_robot_msgs__rosidl_typesupport_introspection_c__pyext[0m
[0.598s] [35m[1mConsolidate compiler generated dependencies of target techman_robot_msgs__rosidl_typesupport_c__pyext[0m
[0.606s] [35m[1mConsolidate compiler generated dependencies of target techman_robot_msgs__rosidl_typesupport_fastrtps_c__pyext[0m
[0.645s] [ 87%] Built target techman_robot_msgs__rosidl_typesupport_introspection_c__pyext
[0.655s] [ 93%] Built target techman_robot_msgs__rosidl_typesupport_c__pyext
[0.660s] [100%] Built target techman_robot_msgs__rosidl_typesupport_fastrtps_c__pyext
[0.958s] running egg_info
[0.959s] writing techman_robot_msgs.egg-info/PKG-INFO
[0.959s] writing dependency_links to techman_robot_msgs.egg-info/dependency_links.txt
[0.959s] writing top-level names to techman_robot_msgs.egg-info/top_level.txt
[0.961s] reading manifest file 'techman_robot_msgs.egg-info/SOURCES.txt'
[0.961s] writing manifest file 'techman_robot_msgs.egg-info/SOURCES.txt'
[0.999s] [100%] Built target ament_cmake_python_build_techman_robot_msgs_egg
[1.709s] Invoked command in '/home/csrobot/flexbe_ws/build/techman_robot_msgs' returned '0': CMAKE_PREFIX_PATH=${CMAKE_PREFIX_PATH}:/home/csrobot/flexbe_ws/install/flexbe_turtlesim_demo_flexbe_states:/home/csrobot/ros2_humble/install/quality_of_service_demo_py:/home/csrobot/ros2_humble/install/demo_nodes_py:/home/csrobot/ros2_humble/install/moveit_configs_utils:/home/csrobot/ros2_humble/install/rqt_bag_plugins:/home/csrobot/ros2_humble/install/rqt_bag:/home/csrobot/ros2_humble/install/launch_testing_examples:/home/csrobot/ros2_humble/install/ros2bag:/home/csrobot/ros2_humble/install/tracetools_test:/home/csrobot/ros2_humble/install/tracetools_launch:/home/csrobot/ros2_humble/install/topic_monitor:/home/csrobot/ros2_humble/install/tf2_tools:/home/csrobot/ros2_humble/install/examples_tf2_py:/home/csrobot/ros2_humble/install/tf2_ros_py:/home/csrobot/ros2_humble/install/sros2:/home/csrobot/ros2_humble/install/rqt_topic:/home/csrobot/ros2_humble/install/rqt_srv:/home/csrobot/ros2_humble/install/rqt_shell:/home/csrobot/ros2_humble/install/rqt_service_caller:/home/csrobot/ros2_humble/install/rqt_reconfigure:/home/csrobot/ros2_humble/install/rqt_py_console:/home/csrobot/ros2_humble/install/rqt_publisher:/home/csrobot/ros2_humble/install/rqt_plot:/home/csrobot/ros2_humble/install/rqt_action:/home/csrobot/ros2_humble/install/rqt_msg:/home/csrobot/ros2_humble/install/rqt_console:/home/csrobot/ros2_humble/install/rqt:/home/csrobot/ros2_humble/install/rqt_graph:/home/csrobot/ros2_humble/install/rqt_gui_py:/home/csrobot/ros2_humble/install/rqt_gui:/home/csrobot/ros2_humble/install/ros2trace:/home/csrobot/ros2_humble/install/ros2topic:/home/csrobot/ros2_humble/install/ros2test:/home/csrobot/ros2_humble/install/ros2component:/home/csrobot/ros2_humble/install/ros2param:/home/csrobot/ros2_humble/install/ros2lifecycle:/home/csrobot/ros2_humble/install/ros2service:/home/csrobot/ros2_humble/install/ros2run:/home/csrobot/ros2_humble/install/ros2launch:/home/csrobot/ros2_humble/install/ros2pkg:/home/csrobot/ros2_humble/install/ros2node:/home/csrobot/ros2_humble/install/ros2multicast:/home/csrobot/ros2_humble/install/ros2interface:/home/csrobot/ros2_humble/install/ros2doctor:/home/csrobot/ros2_humble/install/ros2action:/home/csrobot/ros2_humble/install/ros2cli:/home/csrobot/ros2_humble/install/lifecycle_py:/home/csrobot/ros2_humble/install/launch_testing_ros:/home/csrobot/ros2_humble/install/launch_ros:/home/csrobot/ros2_humble/install/examples_rclpy_pointcloud_publisher:/home/csrobot/ros2_humble/install/examples_rclpy_minimal_subscriber:/home/csrobot/ros2_humble/install/examples_rclpy_minimal_service:/home/csrobot/ros2_humble/install/examples_rclpy_minimal_publisher:/home/csrobot/ros2_humble/install/examples_rclpy_minimal_client:/home/csrobot/ros2_humble/install/examples_rclpy_minimal_action_server:/home/csrobot/ros2_humble/install/examples_rclpy_minimal_action_client:/home/csrobot/ros2_humble/install/examples_rclpy_guard_conditions:/home/csrobot/ros2_humble/install/examples_rclpy_executors:/home/csrobot/ros2_humble/install/camera_info_manager_py:/home/csrobot/ros2_humble/install/action_tutorials_py:/home/csrobot/ros2_humble/install/ament_uncrustify:/home/csrobot/ros2_humble/install/tracetools_trace:/home/csrobot/ros2_humble/install/tracetools_read:/home/csrobot/ros2_humble/install/test_tracetools_launch:/home/csrobot/ros2_humble/install/test_launch_ros:/home/csrobot/ros2_humble/install/sensor_msgs_py:/home/csrobot/ros2_humble/install/rpyutils:/home/csrobot/ros2_humble/install/rosidl_runtime_py:/home/csrobot/ros2_humble/install/rosidl_cli:/home/csrobot/ros2_humble/install/launch_pytest:/home/csrobot/ros2_humble/install/launch_testing:/home/csrobot/ros2_humble/install/launch_yaml:/home/csrobot/ros2_humble/install/launch_xml:/home/csrobot/ros2_humble/install/launch:/home/csrobot/ros2_humble/install/osrf_pycommon:/home/csrobot/ros2_humble/install/domain_coordinator:/home/csrobot/ros2_humble/install/ament_xmllint:/home/csrobot/ros2_humble/install/ament_pyflakes:/home/csrobot/ros2_humble/install/ament_pycodestyle:/home/csrobot/ros2_humble/install/ament_pep257:/home/csrobot/ros2_humble/install/ament_pclint:/home/csrobot/ros2_humble/install/ament_package:/home/csrobot/ros2_humble/install/ament_mypy:/home/csrobot/ros2_humble/install/ament_lint_cmake:/home/csrobot/ros2_humble/install/ament_flake8:/home/csrobot/ros2_humble/install/ament_copyright:/home/csrobot/ros2_humble/install/ament_lint:/home/csrobot/ros2_humble/install/ament_index_python:/home/csrobot/ros2_humble/install/ament_cpplint:/home/csrobot/ros2_humble/install/ament_cppcheck:/home/csrobot/ros2_humble/install/ament_clang_tidy:/home/csrobot/ros2_humble/install/ament_clang_format:/home/csrobot/flexbe_ws/install/tm_mod_urdf:/home/csrobot/flexbe_ws/install/tm_get_status:/home/csrobot/flexbe_ws/install/moveit_configs_utils:/home/csrobot/flexbe_ws/install/example_flexbe_states:/home/csrobot/flexbe_ws/install/compare_flexbe_states:/home/csrobot/flexbe_ws/install/flexbe_webui:/home/csrobot/flexbe_ws/install/flexbe_onboard:/home/csrobot/flexbe_ws/install/flexbe_states:/home/csrobot/flexbe_ws/install/flexbe_mirror:/home/csrobot/flexbe_ws/install/flexbe_input:/home/csrobot/flexbe_ws/install/flexbe_core:/opt/ros/humble /usr/bin/cmake --build /home/csrobot/flexbe_ws/build/techman_robot_msgs -- -j8 -l8
[1.711s] Invoking command in '/home/csrobot/flexbe_ws/build/techman_robot_msgs': CMAKE_PREFIX_PATH=${CMAKE_PREFIX_PATH}:/home/csrobot/flexbe_ws/install/flexbe_turtlesim_demo_flexbe_states:/home/csrobot/ros2_humble/install/quality_of_service_demo_py:/home/csrobot/ros2_humble/install/demo_nodes_py:/home/csrobot/ros2_humble/install/moveit_configs_utils:/home/csrobot/ros2_humble/install/rqt_bag_plugins:/home/csrobot/ros2_humble/install/rqt_bag:/home/csrobot/ros2_humble/install/launch_testing_examples:/home/csrobot/ros2_humble/install/ros2bag:/home/csrobot/ros2_humble/install/tracetools_test:/home/csrobot/ros2_humble/install/tracetools_launch:/home/csrobot/ros2_humble/install/topic_monitor:/home/csrobot/ros2_humble/install/tf2_tools:/home/csrobot/ros2_humble/install/examples_tf2_py:/home/csrobot/ros2_humble/install/tf2_ros_py:/home/csrobot/ros2_humble/install/sros2:/home/csrobot/ros2_humble/install/rqt_topic:/home/csrobot/ros2_humble/install/rqt_srv:/home/csrobot/ros2_humble/install/rqt_shell:/home/csrobot/ros2_humble/install/rqt_service_caller:/home/csrobot/ros2_humble/install/rqt_reconfigure:/home/csrobot/ros2_humble/install/rqt_py_console:/home/csrobot/ros2_humble/install/rqt_publisher:/home/csrobot/ros2_humble/install/rqt_plot:/home/csrobot/ros2_humble/install/rqt_action:/home/csrobot/ros2_humble/install/rqt_msg:/home/csrobot/ros2_humble/install/rqt_console:/home/csrobot/ros2_humble/install/rqt:/home/csrobot/ros2_humble/install/rqt_graph:/home/csrobot/ros2_humble/install/rqt_gui_py:/home/csrobot/ros2_humble/install/rqt_gui:/home/csrobot/ros2_humble/install/ros2trace:/home/csrobot/ros2_humble/install/ros2topic:/home/csrobot/ros2_humble/install/ros2test:/home/csrobot/ros2_humble/install/ros2component:/home/csrobot/ros2_humble/install/ros2param:/home/csrobot/ros2_humble/install/ros2lifecycle:/home/csrobot/ros2_humble/install/ros2service:/home/csrobot/ros2_humble/install/ros2run:/home/csrobot/ros2_humble/install/ros2launch:/home/csrobot/ros2_humble/install/ros2pkg:/home/csrobot/ros2_humble/install/ros2node:/home/csrobot/ros2_humble/install/ros2multicast:/home/csrobot/ros2_humble/install/ros2interface:/home/csrobot/ros2_humble/install/ros2doctor:/home/csrobot/ros2_humble/install/ros2action:/home/csrobot/ros2_humble/install/ros2cli:/home/csrobot/ros2_humble/install/lifecycle_py:/home/csrobot/ros2_humble/install/launch_testing_ros:/home/csrobot/ros2_humble/install/launch_ros:/home/csrobot/ros2_humble/install/examples_rclpy_pointcloud_publisher:/home/csrobot/ros2_humble/install/examples_rclpy_minimal_subscriber:/home/csrobot/ros2_humble/install/examples_rclpy_minimal_service:/home/csrobot/ros2_humble/install/examples_rclpy_minimal_publisher:/home/csrobot/ros2_humble/install/examples_rclpy_minimal_client:/home/csrobot/ros2_humble/install/examples_rclpy_minimal_action_server:/home/csrobot/ros2_humble/install/examples_rclpy_minimal_action_client:/home/csrobot/ros2_humble/install/examples_rclpy_guard_conditions:/home/csrobot/ros2_humble/install/examples_rclpy_executors:/home/csrobot/ros2_humble/install/camera_info_manager_py:/home/csrobot/ros2_humble/install/action_tutorials_py:/home/csrobot/ros2_humble/install/ament_uncrustify:/home/csrobot/ros2_humble/install/tracetools_trace:/home/csrobot/ros2_humble/install/tracetools_read:/home/csrobot/ros2_humble/install/test_tracetools_launch:/home/csrobot/ros2_humble/install/test_launch_ros:/home/csrobot/ros2_humble/install/sensor_msgs_py:/home/csrobot/ros2_humble/install/rpyutils:/home/csrobot/ros2_humble/install/rosidl_runtime_py:/home/csrobot/ros2_humble/install/rosidl_cli:/home/csrobot/ros2_humble/install/launch_pytest:/home/csrobot/ros2_humble/install/launch_testing:/home/csrobot/ros2_humble/install/launch_yaml:/home/csrobot/ros2_humble/install/launch_xml:/home/csrobot/ros2_humble/install/launch:/home/csrobot/ros2_humble/install/osrf_pycommon:/home/csrobot/ros2_humble/install/domain_coordinator:/home/csrobot/ros2_humble/install/ament_xmllint:/home/csrobot/ros2_humble/install/ament_pyflakes:/home/csrobot/ros2_humble/install/ament_pycodestyle:/home/csrobot/ros2_humble/install/ament_pep257:/home/csrobot/ros2_humble/install/ament_pclint:/home/csrobot/ros2_humble/install/ament_package:/home/csrobot/ros2_humble/install/ament_mypy:/home/csrobot/ros2_humble/install/ament_lint_cmake:/home/csrobot/ros2_humble/install/ament_flake8:/home/csrobot/ros2_humble/install/ament_copyright:/home/csrobot/ros2_humble/install/ament_lint:/home/csrobot/ros2_humble/install/ament_index_python:/home/csrobot/ros2_humble/install/ament_cpplint:/home/csrobot/ros2_humble/install/ament_cppcheck:/home/csrobot/ros2_humble/install/ament_clang_tidy:/home/csrobot/ros2_humble/install/ament_clang_format:/home/csrobot/flexbe_ws/install/tm_mod_urdf:/home/csrobot/flexbe_ws/install/tm_get_status:/home/csrobot/flexbe_ws/install/moveit_configs_utils:/home/csrobot/flexbe_ws/install/example_flexbe_states:/home/csrobot/flexbe_ws/install/compare_flexbe_states:/home/csrobot/flexbe_ws/install/flexbe_webui:/home/csrobot/flexbe_ws/install/flexbe_onboard:/home/csrobot/flexbe_ws/install/flexbe_states:/home/csrobot/flexbe_ws/install/flexbe_mirror:/home/csrobot/flexbe_ws/install/flexbe_input:/home/csrobot/flexbe_ws/install/flexbe_core:/opt/ros/humble /usr/bin/cmake --install /home/csrobot/flexbe_ws/build/techman_robot_msgs
[1.757s] -- Install configuration: ""
[1.757s] -- Up-to-date: /home/csrobot/flexbe_ws/install/techman_robot_msgs/share/ament_index/resource_index/rosidl_interfaces/techman_robot_msgs
[1.757s] -- Up-to-date: /home/csrobot/flexbe_ws/install/techman_robot_msgs/include/techman_robot_msgs/techman_robot_msgs
[1.757s] -- Up-to-date: /home/csrobot/flexbe_ws/install/techman_robot_msgs/include/techman_robot_msgs/techman_robot_msgs/msg
[1.757s] -- Up-to-date: /home/csrobot/flexbe_ws/install/techman_robot_msgs/include/techman_robot_msgs/techman_robot_msgs/msg/rosidl_generator_c__visibility_control.h
[1.757s] -- Up-to-date: /home/csrobot/flexbe_ws/install/techman_robot_msgs/include/techman_robot_msgs/techman_robot_msgs/srv
[1.757s] -- Up-to-date: /home/csrobot/flexbe_ws/install/techman_robot_msgs/include/techman_robot_msgs/techman_robot_msgs/srv/techman_robot_command.h
[1.757s] -- Up-to-date: /home/csrobot/flexbe_ws/install/techman_robot_msgs/include/techman_robot_msgs/techman_robot_msgs/srv/detail
[1.757s] -- Up-to-date: /home/csrobot/flexbe_ws/install/techman_robot_msgs/include/techman_robot_msgs/techman_robot_msgs/srv/detail/techman_robot_command__struct.h
[1.757s] -- Up-to-date: /home/csrobot/flexbe_ws/install/techman_robot_msgs/include/techman_robot_msgs/techman_robot_msgs/srv/detail/techman_robot_command__functions.c
[1.758s] -- Up-to-date: /home/csrobot/flexbe_ws/install/techman_robot_msgs/include/techman_robot_msgs/techman_robot_msgs/srv/detail/techman_robot_command__type_support.h
[1.758s] -- Up-to-date: /home/csrobot/flexbe_ws/install/techman_robot_msgs/include/techman_robot_msgs/techman_robot_msgs/srv/detail/techman_robot_command__functions.h
[1.758s] -- Up-to-date: /home/csrobot/flexbe_ws/install/techman_robot_msgs/share/techman_robot_msgs/environment/library_path.sh
[1.758s] -- Up-to-date: /home/csrobot/flexbe_ws/install/techman_robot_msgs/share/techman_robot_msgs/environment/library_path.dsv
[1.758s] -- Up-to-date: /home/csrobot/flexbe_ws/install/techman_robot_msgs/lib/libtechman_robot_msgs__rosidl_generator_c.so
[1.758s] -- Up-to-date: /home/csrobot/flexbe_ws/install/techman_robot_msgs/include/techman_robot_msgs/techman_robot_msgs
[1.762s] -- Up-to-date: /home/csrobot/flexbe_ws/install/techman_robot_msgs/include/techman_robot_msgs/techman_robot_msgs/msg
[1.762s] -- Up-to-date: /home/csrobot/flexbe_ws/install/techman_robot_msgs/include/techman_robot_msgs/techman_robot_msgs/msg/rosidl_typesupport_introspection_c__visibility_control.h
[1.762s] -- Up-to-date: /home/csrobot/flexbe_ws/install/techman_robot_msgs/include/techman_robot_msgs/techman_robot_msgs/srv
[1.762s] -- Up-to-date: /home/csrobot/flexbe_ws/install/techman_robot_msgs/include/techman_robot_msgs/techman_robot_msgs/srv/detail
[1.762s] -- Up-to-date: /home/csrobot/flexbe_ws/install/techman_robot_msgs/include/techman_robot_msgs/techman_robot_msgs/srv/detail/techman_robot_command__rosidl_typesupport_introspection_c.h
[1.763s] -- Up-to-date: /home/csrobot/flexbe_ws/install/techman_robot_msgs/include/techman_robot_msgs/techman_robot_msgs/srv/detail/techman_robot_command__type_support.c
[1.763s] -- Up-to-date: /home/csrobot/flexbe_ws/install/techman_robot_msgs/lib/libtechman_robot_msgs__rosidl_typesupport_introspection_c.so
[1.763s] -- Up-to-date: /home/csrobot/flexbe_ws/install/techman_robot_msgs/include/techman_robot_msgs/techman_robot_msgs
[1.763s] -- Up-to-date: /home/csrobot/flexbe_ws/install/techman_robot_msgs/include/techman_robot_msgs/techman_robot_msgs/msg
[1.763s] -- Up-to-date: /home/csrobot/flexbe_ws/install/techman_robot_msgs/include/techman_robot_msgs/techman_robot_msgs/msg/rosidl_typesupport_fastrtps_c__visibility_control.h
[1.763s] -- Up-to-date: /home/csrobot/flexbe_ws/install/techman_robot_msgs/include/techman_robot_msgs/techman_robot_msgs/srv
[1.763s] -- Up-to-date: /home/csrobot/flexbe_ws/install/techman_robot_msgs/include/techman_robot_msgs/techman_robot_msgs/srv/detail
[1.763s] -- Up-to-date: /home/csrobot/flexbe_ws/install/techman_robot_msgs/include/techman_robot_msgs/techman_robot_msgs/srv/detail/techman_robot_command__rosidl_typesupport_fastrtps_c.h
[1.763s] -- Up-to-date: /home/csrobot/flexbe_ws/install/techman_robot_msgs/lib/libtechman_robot_msgs__rosidl_typesupport_fastrtps_c.so
[1.763s] -- Up-to-date: /home/csrobot/flexbe_ws/install/techman_robot_msgs/lib/libtechman_robot_msgs__rosidl_typesupport_c.so
[1.763s] -- Up-to-date: /home/csrobot/flexbe_ws/install/techman_robot_msgs/include/techman_robot_msgs/techman_robot_msgs
[1.763s] -- Up-to-date: /home/csrobot/flexbe_ws/install/techman_robot_msgs/include/techman_robot_msgs/techman_robot_msgs/msg
[1.763s] -- Up-to-date: /home/csrobot/flexbe_ws/install/techman_robot_msgs/include/techman_robot_msgs/techman_robot_msgs/msg/rosidl_generator_cpp__visibility_control.hpp
[1.763s] -- Up-to-date: /home/csrobot/flexbe_ws/install/techman_robot_msgs/include/techman_robot_msgs/techman_robot_msgs/srv
[1.763s] -- Up-to-date: /home/csrobot/flexbe_ws/install/techman_robot_msgs/include/techman_robot_msgs/techman_robot_msgs/srv/techman_robot_command.hpp
[1.763s] -- Up-to-date: /home/csrobot/flexbe_ws/install/techman_robot_msgs/include/techman_robot_msgs/techman_robot_msgs/srv/detail
[1.763s] -- Up-to-date: /home/csrobot/flexbe_ws/install/techman_robot_msgs/include/techman_robot_msgs/techman_robot_msgs/srv/detail/techman_robot_command__traits.hpp
[1.763s] -- Up-to-date: /home/csrobot/flexbe_ws/install/techman_robot_msgs/include/techman_robot_msgs/techman_robot_msgs/srv/detail/techman_robot_command__builder.hpp
[1.763s] -- Up-to-date: /home/csrobot/flexbe_ws/install/techman_robot_msgs/include/techman_robot_msgs/techman_robot_msgs/srv/detail/techman_robot_command__type_support.hpp
[1.764s] -- Up-to-date: /home/csrobot/flexbe_ws/install/techman_robot_msgs/include/techman_robot_msgs/techman_robot_msgs/srv/detail/techman_robot_command__struct.hpp
[1.764s] -- Up-to-date: /home/csrobot/flexbe_ws/install/techman_robot_msgs/include/techman_robot_msgs/techman_robot_msgs
[1.764s] -- Up-to-date: /home/csrobot/flexbe_ws/install/techman_robot_msgs/include/techman_robot_msgs/techman_robot_msgs/srv
[1.764s] -- Up-to-date: /home/csrobot/flexbe_ws/install/techman_robot_msgs/include/techman_robot_msgs/techman_robot_msgs/srv/detail
[1.764s] -- Up-to-date: /home/csrobot/flexbe_ws/install/techman_robot_msgs/include/techman_robot_msgs/techman_robot_msgs/srv/detail/techman_robot_command__rosidl_typesupport_introspection_cpp.hpp
[1.764s] -- Up-to-date: /home/csrobot/flexbe_ws/install/techman_robot_msgs/include/techman_robot_msgs/techman_robot_msgs/srv/detail/techman_robot_command__type_support.cpp
[1.764s] -- Up-to-date: /home/csrobot/flexbe_ws/install/techman_robot_msgs/lib/libtechman_robot_msgs__rosidl_typesupport_introspection_cpp.so
[1.764s] -- Up-to-date: /home/csrobot/flexbe_ws/install/techman_robot_msgs/include/techman_robot_msgs/techman_robot_msgs
[1.767s] -- Up-to-date: /home/csrobot/flexbe_ws/install/techman_robot_msgs/include/techman_robot_msgs/techman_robot_msgs/msg
[1.768s] -- Up-to-date: /home/csrobot/flexbe_ws/install/techman_robot_msgs/include/techman_robot_msgs/techman_robot_msgs/msg/rosidl_typesupport_fastrtps_cpp__visibility_control.h
[1.768s] -- Up-to-date: /home/csrobot/flexbe_ws/install/techman_robot_msgs/include/techman_robot_msgs/techman_robot_msgs/srv
[1.768s] -- Up-to-date: /home/csrobot/flexbe_ws/install/techman_robot_msgs/include/techman_robot_msgs/techman_robot_msgs/srv/detail
[1.768s] -- Up-to-date: /home/csrobot/flexbe_ws/install/techman_robot_msgs/include/techman_robot_msgs/techman_robot_msgs/srv/detail/techman_robot_command__rosidl_typesupport_fastrtps_cpp.hpp
[1.768s] -- Up-to-date: /home/csrobot/flexbe_ws/install/techman_robot_msgs/include/techman_robot_msgs/techman_robot_msgs/srv/detail/dds_fastrtps
[1.768s] -- Up-to-date: /home/csrobot/flexbe_ws/install/techman_robot_msgs/lib/libtechman_robot_msgs__rosidl_typesupport_fastrtps_cpp.so
[1.771s] -- Up-to-date: /home/csrobot/flexbe_ws/install/techman_robot_msgs/lib/libtechman_robot_msgs__rosidl_typesupport_cpp.so
[1.774s] -- Up-to-date: /home/csrobot/flexbe_ws/install/techman_robot_msgs/share/techman_robot_msgs/environment/pythonpath.sh
[1.774s] -- Up-to-date: /home/csrobot/flexbe_ws/install/techman_robot_msgs/share/techman_robot_msgs/environment/pythonpath.dsv
[1.774s] -- Up-to-date: /home/csrobot/flexbe_ws/install/techman_robot_msgs/local/lib/python3.10/dist-packages/techman_robot_msgs-1.0.0-py3.10.egg-info
[1.774s] -- Installing: /home/csrobot/flexbe_ws/install/techman_robot_msgs/local/lib/python3.10/dist-packages/techman_robot_msgs-1.0.0-py3.10.egg-info/dependency_links.txt
[1.774s] -- Installing: /home/csrobot/flexbe_ws/install/techman_robot_msgs/local/lib/python3.10/dist-packages/techman_robot_msgs-1.0.0-py3.10.egg-info/top_level.txt
[1.774s] -- Installing: /home/csrobot/flexbe_ws/install/techman_robot_msgs/local/lib/python3.10/dist-packages/techman_robot_msgs-1.0.0-py3.10.egg-info/SOURCES.txt
[1.774s] -- Installing: /home/csrobot/flexbe_ws/install/techman_robot_msgs/local/lib/python3.10/dist-packages/techman_robot_msgs-1.0.0-py3.10.egg-info/PKG-INFO
[1.778s] -- Up-to-date: /home/csrobot/flexbe_ws/install/techman_robot_msgs/local/lib/python3.10/dist-packages/techman_robot_msgs
[1.778s] -- Up-to-date: /home/csrobot/flexbe_ws/install/techman_robot_msgs/local/lib/python3.10/dist-packages/techman_robot_msgs/libtechman_robot_msgs__rosidl_generator_py.so
[1.778s] -- Up-to-date: /home/csrobot/flexbe_ws/install/techman_robot_msgs/local/lib/python3.10/dist-packages/techman_robot_msgs/techman_robot_msgs_s__rosidl_typesupport_c.cpython-310-x86_64-linux-gnu.so
[1.778s] -- Up-to-date: /home/csrobot/flexbe_ws/install/techman_robot_msgs/local/lib/python3.10/dist-packages/techman_robot_msgs/_techman_robot_msgs_s.ep.rosidl_typesupport_c.c
[1.778s] -- Up-to-date: /home/csrobot/flexbe_ws/install/techman_robot_msgs/local/lib/python3.10/dist-packages/techman_robot_msgs/__init__.py
[1.778s] -- Up-to-date: /home/csrobot/flexbe_ws/install/techman_robot_msgs/local/lib/python3.10/dist-packages/techman_robot_msgs/_techman_robot_msgs_s.ep.rosidl_typesupport_fastrtps_c.c
[1.778s] -- Up-to-date: /home/csrobot/flexbe_ws/install/techman_robot_msgs/local/lib/python3.10/dist-packages/techman_robot_msgs/techman_robot_msgs_s__rosidl_typesupport_fastrtps_c.cpython-310-x86_64-linux-gnu.so
[1.778s] -- Up-to-date: /home/csrobot/flexbe_ws/install/techman_robot_msgs/local/lib/python3.10/dist-packages/techman_robot_msgs/srv
[1.778s] -- Up-to-date: /home/csrobot/flexbe_ws/install/techman_robot_msgs/local/lib/python3.10/dist-packages/techman_robot_msgs/srv/_techman_robot_command_s.c
[1.778s] -- Up-to-date: /home/csrobot/flexbe_ws/install/techman_robot_msgs/local/lib/python3.10/dist-packages/techman_robot_msgs/srv/_techman_robot_command.py
[1.778s] -- Up-to-date: /home/csrobot/flexbe_ws/install/techman_robot_msgs/local/lib/python3.10/dist-packages/techman_robot_msgs/srv/__init__.py
[1.778s] -- Up-to-date: /home/csrobot/flexbe_ws/install/techman_robot_msgs/local/lib/python3.10/dist-packages/techman_robot_msgs/techman_robot_msgs_s__rosidl_typesupport_introspection_c.cpython-310-x86_64-linux-gnu.so
[1.778s] -- Up-to-date: /home/csrobot/flexbe_ws/install/techman_robot_msgs/local/lib/python3.10/dist-packages/techman_robot_msgs/_techman_robot_msgs_s.ep.rosidl_typesupport_introspection_c.c
[1.867s] Listing '/home/csrobot/flexbe_ws/install/techman_robot_msgs/local/lib/python3.10/dist-packages/techman_robot_msgs'...
[1.867s] Listing '/home/csrobot/flexbe_ws/install/techman_robot_msgs/local/lib/python3.10/dist-packages/techman_robot_msgs/srv'...
[1.870s] -- Up-to-date: /home/csrobot/flexbe_ws/install/techman_robot_msgs/local/lib/python3.10/dist-packages/techman_robot_msgs/techman_robot_msgs_s__rosidl_typesupport_introspection_c.cpython-310-x86_64-linux-gnu.so
[1.871s] -- Up-to-date: /home/csrobot/flexbe_ws/install/techman_robot_msgs/local/lib/python3.10/dist-packages/techman_robot_msgs/techman_robot_msgs_s__rosidl_typesupport_fastrtps_c.cpython-310-x86_64-linux-gnu.so
[1.871s] -- Up-to-date: /home/csrobot/flexbe_ws/install/techman_robot_msgs/local/lib/python3.10/dist-packages/techman_robot_msgs/techman_robot_msgs_s__rosidl_typesupport_c.cpython-310-x86_64-linux-gnu.so
[1.871s] -- Up-to-date: /home/csrobot/flexbe_ws/install/techman_robot_msgs/lib/libtechman_robot_msgs__rosidl_generator_py.so
[1.871s] -- Up-to-date: /home/csrobot/flexbe_ws/install/techman_robot_msgs/share/techman_robot_msgs/srv/TechmanRobotCommand.idl
[1.872s] -- Up-to-date: /home/csrobot/flexbe_ws/install/techman_robot_msgs/share/techman_robot_msgs/srv/TechmanRobotCommand.srv
[1.872s] -- Up-to-date: /home/csrobot/flexbe_ws/install/techman_robot_msgs/share/techman_robot_msgs/srv/TechmanRobotCommand_Request.msg
[1.872s] -- Up-to-date: /home/csrobot/flexbe_ws/install/techman_robot_msgs/share/techman_robot_msgs/srv/TechmanRobotCommand_Response.msg
[1.872s] -- Up-to-date: /home/csrobot/flexbe_ws/install/techman_robot_msgs/share/ament_index/resource_index/package_run_dependencies/techman_robot_msgs
[1.872s] -- Up-to-date: /home/csrobot/flexbe_ws/install/techman_robot_msgs/share/ament_index/resource_index/parent_prefix_path/techman_robot_msgs
[1.872s] -- Up-to-date: /home/csrobot/flexbe_ws/install/techman_robot_msgs/share/techman_robot_msgs/environment/ament_prefix_path.dsv
[1.872s] -- Up-to-date: /home/csrobot/flexbe_ws/install/techman_robot_msgs/share/techman_robot_msgs/environment/path.dsv
[1.872s] -- Up-to-date: /home/csrobot/flexbe_ws/install/techman_robot_msgs/share/techman_robot_msgs/local_setup.bash
[1.872s] -- Up-to-date: /home/csrobot/flexbe_ws/install/techman_robot_msgs/share/techman_robot_msgs/local_setup.sh
[1.872s] -- Up-to-date: /home/csrobot/flexbe_ws/install/techman_robot_msgs/share/techman_robot_msgs/local_setup.zsh
[1.872s] -- Up-to-date: /home/csrobot/flexbe_ws/install/techman_robot_msgs/share/techman_robot_msgs/local_setup.dsv
[1.872s] -- Installing: /home/csrobot/flexbe_ws/install/techman_robot_msgs/share/techman_robot_msgs/package.dsv
[1.873s] -- Up-to-date: /home/csrobot/flexbe_ws/install/techman_robot_msgs/share/ament_index/resource_index/packages/techman_robot_msgs
[1.873s] -- Up-to-date: /home/csrobot/flexbe_ws/install/techman_robot_msgs/share/techman_robot_msgs/cmake/export_techman_robot_msgs__rosidl_generator_cExport.cmake
[1.873s] -- Up-to-date: /home/csrobot/flexbe_ws/install/techman_robot_msgs/share/techman_robot_msgs/cmake/export_techman_robot_msgs__rosidl_generator_cExport-noconfig.cmake
[1.873s] -- Up-to-date: /home/csrobot/flexbe_ws/install/techman_robot_msgs/share/techman_robot_msgs/cmake/techman_robot_msgs__rosidl_typesupport_introspection_cExport.cmake
[1.873s] -- Up-to-date: /home/csrobot/flexbe_ws/install/techman_robot_msgs/share/techman_robot_msgs/cmake/techman_robot_msgs__rosidl_typesupport_introspection_cExport-noconfig.cmake
[1.873s] -- Up-to-date: /home/csrobot/flexbe_ws/install/techman_robot_msgs/share/techman_robot_msgs/cmake/export_techman_robot_msgs__rosidl_typesupport_fastrtps_cExport.cmake
[1.873s] -- Up-to-date: /home/csrobot/flexbe_ws/install/techman_robot_msgs/share/techman_robot_msgs/cmake/export_techman_robot_msgs__rosidl_typesupport_fastrtps_cExport-noconfig.cmake
[1.873s] -- Up-to-date: /home/csrobot/flexbe_ws/install/techman_robot_msgs/share/techman_robot_msgs/cmake/techman_robot_msgs__rosidl_typesupport_cExport.cmake
[1.873s] -- Up-to-date: /home/csrobot/flexbe_ws/install/techman_robot_msgs/share/techman_robot_msgs/cmake/techman_robot_msgs__rosidl_typesupport_cExport-noconfig.cmake
[1.873s] -- Up-to-date: /home/csrobot/flexbe_ws/install/techman_robot_msgs/share/techman_robot_msgs/cmake/export_techman_robot_msgs__rosidl_generator_cppExport.cmake
[1.873s] -- Up-to-date: /home/csrobot/flexbe_ws/install/techman_robot_msgs/share/techman_robot_msgs/cmake/techman_robot_msgs__rosidl_typesupport_introspection_cppExport.cmake
[1.873s] -- Up-to-date: /home/csrobot/flexbe_ws/install/techman_robot_msgs/share/techman_robot_msgs/cmake/techman_robot_msgs__rosidl_typesupport_introspection_cppExport-noconfig.cmake
[1.876s] -- Up-to-date: /home/csrobot/flexbe_ws/install/techman_robot_msgs/share/techman_robot_msgs/cmake/export_techman_robot_msgs__rosidl_typesupport_fastrtps_cppExport.cmake
[1.876s] -- Up-to-date: /home/csrobot/flexbe_ws/install/techman_robot_msgs/share/techman_robot_msgs/cmake/export_techman_robot_msgs__rosidl_typesupport_fastrtps_cppExport-noconfig.cmake
[1.876s] -- Up-to-date: /home/csrobot/flexbe_ws/install/techman_robot_msgs/share/techman_robot_msgs/cmake/techman_robot_msgs__rosidl_typesupport_cppExport.cmake
[1.876s] -- Up-to-date: /home/csrobot/flexbe_ws/install/techman_robot_msgs/share/techman_robot_msgs/cmake/techman_robot_msgs__rosidl_typesupport_cppExport-noconfig.cmake
[1.876s] -- Up-to-date: /home/csrobot/flexbe_ws/install/techman_robot_msgs/share/techman_robot_msgs/cmake/export_techman_robot_msgs__rosidl_generator_pyExport.cmake
[1.876s] -- Up-to-date: /home/csrobot/flexbe_ws/install/techman_robot_msgs/share/techman_robot_msgs/cmake/export_techman_robot_msgs__rosidl_generator_pyExport-noconfig.cmake
[1.876s] -- Up-to-date: /home/csrobot/flexbe_ws/install/techman_robot_msgs/share/techman_robot_msgs/cmake/rosidl_cmake-extras.cmake
[1.876s] -- Up-to-date: /home/csrobot/flexbe_ws/install/techman_robot_msgs/share/techman_robot_msgs/cmake/ament_cmake_export_include_directories-extras.cmake
[1.876s] -- Up-to-date: /home/csrobot/flexbe_ws/install/techman_robot_msgs/share/techman_robot_msgs/cmake/ament_cmake_export_libraries-extras.cmake
[1.877s] -- Up-to-date: /home/csrobot/flexbe_ws/install/techman_robot_msgs/share/techman_robot_msgs/cmake/ament_cmake_export_targets-extras.cmake
[1.877s] -- Up-to-date: /home/csrobot/flexbe_ws/install/techman_robot_msgs/share/techman_robot_msgs/cmake/rosidl_cmake_export_typesupport_targets-extras.cmake
[1.877s] -- Up-to-date: /home/csrobot/flexbe_ws/install/techman_robot_msgs/share/techman_robot_msgs/cmake/ament_cmake_export_dependencies-extras.cmake
[1.877s] -- Up-to-date: /home/csrobot/flexbe_ws/install/techman_robot_msgs/share/techman_robot_msgs/cmake/rosidl_cmake_export_typesupport_libraries-extras.cmake
[1.877s] -- Up-to-date: /home/csrobot/flexbe_ws/install/techman_robot_msgs/share/techman_robot_msgs/cmake/techman_robot_msgsConfig.cmake
[1.877s] -- Up-to-date: /home/csrobot/flexbe_ws/install/techman_robot_msgs/share/techman_robot_msgs/cmake/techman_robot_msgsConfig-version.cmake
[1.877s] -- Up-to-date: /home/csrobot/flexbe_ws/install/techman_robot_msgs/share/techman_robot_msgs/package.xml
[1.896s] Invoked command in '/home/csrobot/flexbe_ws/build/techman_robot_msgs' returned '0': CMAKE_PREFIX_PATH=${CMAKE_PREFIX_PATH}:/home/csrobot/flexbe_ws/install/flexbe_turtlesim_demo_flexbe_states:/home/csrobot/ros2_humble/install/quality_of_service_demo_py:/home/csrobot/ros2_humble/install/demo_nodes_py:/home/csrobot/ros2_humble/install/moveit_configs_utils:/home/csrobot/ros2_humble/install/rqt_bag_plugins:/home/csrobot/ros2_humble/install/rqt_bag:/home/csrobot/ros2_humble/install/launch_testing_examples:/home/csrobot/ros2_humble/install/ros2bag:/home/csrobot/ros2_humble/install/tracetools_test:/home/csrobot/ros2_humble/install/tracetools_launch:/home/csrobot/ros2_humble/install/topic_monitor:/home/csrobot/ros2_humble/install/tf2_tools:/home/csrobot/ros2_humble/install/examples_tf2_py:/home/csrobot/ros2_humble/install/tf2_ros_py:/home/csrobot/ros2_humble/install/sros2:/home/csrobot/ros2_humble/install/rqt_topic:/home/csrobot/ros2_humble/install/rqt_srv:/home/csrobot/ros2_humble/install/rqt_shell:/home/csrobot/ros2_humble/install/rqt_service_caller:/home/csrobot/ros2_humble/install/rqt_reconfigure:/home/csrobot/ros2_humble/install/rqt_py_console:/home/csrobot/ros2_humble/install/rqt_publisher:/home/csrobot/ros2_humble/install/rqt_plot:/home/csrobot/ros2_humble/install/rqt_action:/home/csrobot/ros2_humble/install/rqt_msg:/home/csrobot/ros2_humble/install/rqt_console:/home/csrobot/ros2_humble/install/rqt:/home/csrobot/ros2_humble/install/rqt_graph:/home/csrobot/ros2_humble/install/rqt_gui_py:/home/csrobot/ros2_humble/install/rqt_gui:/home/csrobot/ros2_humble/install/ros2trace:/home/csrobot/ros2_humble/install/ros2topic:/home/csrobot/ros2_humble/install/ros2test:/home/csrobot/ros2_humble/install/ros2component:/home/csrobot/ros2_humble/install/ros2param:/home/csrobot/ros2_humble/install/ros2lifecycle:/home/csrobot/ros2_humble/install/ros2service:/home/csrobot/ros2_humble/install/ros2run:/home/csrobot/ros2_humble/install/ros2launch:/home/csrobot/ros2_humble/install/ros2pkg:/home/csrobot/ros2_humble/install/ros2node:/home/csrobot/ros2_humble/install/ros2multicast:/home/csrobot/ros2_humble/install/ros2interface:/home/csrobot/ros2_humble/install/ros2doctor:/home/csrobot/ros2_humble/install/ros2action:/home/csrobot/ros2_humble/install/ros2cli:/home/csrobot/ros2_humble/install/lifecycle_py:/home/csrobot/ros2_humble/install/launch_testing_ros:/home/csrobot/ros2_humble/install/launch_ros:/home/csrobot/ros2_humble/install/examples_rclpy_pointcloud_publisher:/home/csrobot/ros2_humble/install/examples_rclpy_minimal_subscriber:/home/csrobot/ros2_humble/install/examples_rclpy_minimal_service:/home/csrobot/ros2_humble/install/examples_rclpy_minimal_publisher:/home/csrobot/ros2_humble/install/examples_rclpy_minimal_client:/home/csrobot/ros2_humble/install/examples_rclpy_minimal_action_server:/home/csrobot/ros2_humble/install/examples_rclpy_minimal_action_client:/home/csrobot/ros2_humble/install/examples_rclpy_guard_conditions:/home/csrobot/ros2_humble/install/examples_rclpy_executors:/home/csrobot/ros2_humble/install/camera_info_manager_py:/home/csrobot/ros2_humble/install/action_tutorials_py:/home/csrobot/ros2_humble/install/ament_uncrustify:/home/csrobot/ros2_humble/install/tracetools_trace:/home/csrobot/ros2_humble/install/tracetools_read:/home/csrobot/ros2_humble/install/test_tracetools_launch:/home/csrobot/ros2_humble/install/test_launch_ros:/home/csrobot/ros2_humble/install/sensor_msgs_py:/home/csrobot/ros2_humble/install/rpyutils:/home/csrobot/ros2_humble/install/rosidl_runtime_py:/home/csrobot/ros2_humble/install/rosidl_cli:/home/csrobot/ros2_humble/install/launch_pytest:/home/csrobot/ros2_humble/install/launch_testing:/home/csrobot/ros2_humble/install/launch_yaml:/home/csrobot/ros2_humble/install/launch_xml:/home/csrobot/ros2_humble/install/launch:/home/csrobot/ros2_humble/install/osrf_pycommon:/home/csrobot/ros2_humble/install/domain_coordinator:/home/csrobot/ros2_humble/install/ament_xmllint:/home/csrobot/ros2_humble/install/ament_pyflakes:/home/csrobot/ros2_humble/install/ament_pycodestyle:/home/csrobot/ros2_humble/install/ament_pep257:/home/csrobot/ros2_humble/install/ament_pclint:/home/csrobot/ros2_humble/install/ament_package:/home/csrobot/ros2_humble/install/ament_mypy:/home/csrobot/ros2_humble/install/ament_lint_cmake:/home/csrobot/ros2_humble/install/ament_flake8:/home/csrobot/ros2_humble/install/ament_copyright:/home/csrobot/ros2_humble/install/ament_lint:/home/csrobot/ros2_humble/install/ament_index_python:/home/csrobot/ros2_humble/install/ament_cpplint:/home/csrobot/ros2_humble/install/ament_cppcheck:/home/csrobot/ros2_humble/install/ament_clang_tidy:/home/csrobot/ros2_humble/install/ament_clang_format:/home/csrobot/flexbe_ws/install/tm_mod_urdf:/home/csrobot/flexbe_ws/install/tm_get_status:/home/csrobot/flexbe_ws/install/moveit_configs_utils:/home/csrobot/flexbe_ws/install/example_flexbe_states:/home/csrobot/flexbe_ws/install/compare_flexbe_states:/home/csrobot/flexbe_ws/install/flexbe_webui:/home/csrobot/flexbe_ws/install/flexbe_onboard:/home/csrobot/flexbe_ws/install/flexbe_states:/home/csrobot/flexbe_ws/install/flexbe_mirror:/home/csrobot/flexbe_ws/install/flexbe_input:/home/csrobot/flexbe_ws/install/flexbe_core:/opt/ros/humble /usr/bin/cmake --install /home/csrobot/flexbe_ws/build/techman_robot_msgs
