[0.018s] Invoking command in '/home/csrobot/flexbe_ws/build/techman_robot_msgs': CMAKE_PREFIX_PATH=${CMAKE_PREFIX_PATH}:/opt/ros/jazzy DEBUGINFOD_URLS=https://debuginfod.ubuntu.com /usr/bin/cmake --build /home/csrobot/flexbe_ws/build/techman_robot_msgs -- -j8 -l8
[0.065s] [  2%] Built target techman_robot_msgs__rosidl_generator_type_description
[0.078s] [  2%] Built target ament_cmake_python_symlink_techman_robot_msgs
[0.107s] [  5%] Built target techman_robot_msgs__cpp
[0.114s] [ 20%] Built target techman_robot_msgs__rosidl_generator_c
[0.131s] [ 29%] Built target techman_robot_msgs__rosidl_typesupport_cpp
[0.146s] [ 38%] Built target techman_robot_msgs__rosidl_typesupport_introspection_cpp
[0.146s] [ 47%] Built target techman_robot_msgs__rosidl_typesupport_c
[0.146s] [ 55%] Built target techman_robot_msgs__rosidl_typesupport_introspection_c
[0.146s] [ 64%] Built target techman_robot_msgs__rosidl_typesupport_fastrtps_cpp
[0.152s] [ 73%] Built target techman_robot_msgs__rosidl_typesupport_fastrtps_c
[0.178s] [ 73%] Built target techman_robot_msgs
[0.198s] [ 76%] Built target techman_robot_msgs__py
[0.226s] [ 82%] Built target techman_robot_msgs__rosidl_generator_py
[0.252s] [ 88%] Built target techman_robot_msgs_s__rosidl_typesupport_c
[0.258s] [ 94%] Built target techman_robot_msgs_s__rosidl_typesupport_fastrtps_c
[0.265s] [100%] Built target techman_robot_msgs_s__rosidl_typesupport_introspection_c
[0.321s] running egg_info
[0.340s] writing techman_robot_msgs.egg-info/PKG-INFO
[0.340s] writing dependency_links to techman_robot_msgs.egg-info/dependency_links.txt
[0.340s] writing top-level names to techman_robot_msgs.egg-info/top_level.txt
[0.409s] reading manifest file 'techman_robot_msgs.egg-info/SOURCES.txt'
[0.409s] writing manifest file 'techman_robot_msgs.egg-info/SOURCES.txt'
[0.442s] [100%] Built target ament_cmake_python_build_techman_robot_msgs_egg
[0.648s] Invoked command in '/home/csrobot/flexbe_ws/build/techman_robot_msgs' returned '0': CMAKE_PREFIX_PATH=${CMAKE_PREFIX_PATH}:/opt/ros/jazzy DEBUGINFOD_URLS=https://debuginfod.ubuntu.com /usr/bin/cmake --build /home/csrobot/flexbe_ws/build/techman_robot_msgs -- -j8 -l8
[0.648s] Invoking command in '/home/csrobot/flexbe_ws/build/techman_robot_msgs': CMAKE_PREFIX_PATH=${CMAKE_PREFIX_PATH}:/opt/ros/jazzy DEBUGINFOD_URLS=https://debuginfod.ubuntu.com /usr/bin/cmake --install /home/csrobot/flexbe_ws/build/techman_robot_msgs
[0.694s] -- Install configuration: ""
[0.694s] -- Execute custom install script
[0.694s] -- Up-to-date symlink: /home/csrobot/flexbe_ws/install/techman_robot_msgs/share/ament_index/resource_index/rosidl_interfaces/techman_robot_msgs
[0.694s] -- Up-to-date symlink: /home/csrobot/flexbe_ws/install/techman_robot_msgs/share/techman_robot_msgs/srv/TechmanRobotCommand.json
[0.694s] -- Up-to-date symlink: /home/csrobot/flexbe_ws/install/techman_robot_msgs/include/techman_robot_msgs/techman_robot_msgs/msg/rosidl_generator_c__visibility_control.h
[0.694s] -- Up-to-date symlink: /home/csrobot/flexbe_ws/install/techman_robot_msgs/include/techman_robot_msgs/techman_robot_msgs/srv/detail/techman_robot_command__functions.h
[0.694s] -- Up-to-date symlink: /home/csrobot/flexbe_ws/install/techman_robot_msgs/include/techman_robot_msgs/techman_robot_msgs/srv/detail/techman_robot_command__struct.h
[0.694s] -- Up-to-date symlink: /home/csrobot/flexbe_ws/install/techman_robot_msgs/include/techman_robot_msgs/techman_robot_msgs/srv/detail/techman_robot_command__type_support.h
[0.694s] -- Up-to-date symlink: /home/csrobot/flexbe_ws/install/techman_robot_msgs/include/techman_robot_msgs/techman_robot_msgs/srv/techman_robot_command.h
[0.699s] -- Up-to-date symlink: /home/csrobot/flexbe_ws/install/techman_robot_msgs/share/techman_robot_msgs/environment/library_path.sh
[0.699s] -- Up-to-date symlink: /home/csrobot/flexbe_ws/install/techman_robot_msgs/share/techman_robot_msgs/environment/library_path.dsv
[0.699s] -- Up-to-date symlink: /home/csrobot/flexbe_ws/install/techman_robot_msgs/include/techman_robot_msgs/techman_robot_msgs/msg/rosidl_typesupport_fastrtps_c__visibility_control.h
[0.699s] -- Up-to-date symlink: /home/csrobot/flexbe_ws/install/techman_robot_msgs/include/techman_robot_msgs/techman_robot_msgs/srv/detail/techman_robot_command__rosidl_typesupport_fastrtps_c.h
[0.699s] -- Up-to-date symlink: /home/csrobot/flexbe_ws/install/techman_robot_msgs/include/techman_robot_msgs/techman_robot_msgs/msg/rosidl_typesupport_introspection_c__visibility_control.h
[0.699s] -- Up-to-date symlink: /home/csrobot/flexbe_ws/install/techman_robot_msgs/include/techman_robot_msgs/techman_robot_msgs/srv/detail/techman_robot_command__rosidl_typesupport_introspection_c.h
[0.699s] -- Up-to-date symlink: /home/csrobot/flexbe_ws/install/techman_robot_msgs/include/techman_robot_msgs/techman_robot_msgs/msg/rosidl_generator_cpp__visibility_control.hpp
[0.699s] -- Up-to-date symlink: /home/csrobot/flexbe_ws/install/techman_robot_msgs/include/techman_robot_msgs/techman_robot_msgs/srv/detail/techman_robot_command__builder.hpp
[0.699s] -- Up-to-date symlink: /home/csrobot/flexbe_ws/install/techman_robot_msgs/include/techman_robot_msgs/techman_robot_msgs/srv/detail/techman_robot_command__struct.hpp
[0.700s] -- Up-to-date symlink: /home/csrobot/flexbe_ws/install/techman_robot_msgs/include/techman_robot_msgs/techman_robot_msgs/srv/detail/techman_robot_command__traits.hpp
[0.700s] -- Up-to-date symlink: /home/csrobot/flexbe_ws/install/techman_robot_msgs/include/techman_robot_msgs/techman_robot_msgs/srv/detail/techman_robot_command__type_support.hpp
[0.700s] -- Up-to-date symlink: /home/csrobot/flexbe_ws/install/techman_robot_msgs/include/techman_robot_msgs/techman_robot_msgs/srv/techman_robot_command.hpp
[0.701s] -- Up-to-date symlink: /home/csrobot/flexbe_ws/install/techman_robot_msgs/include/techman_robot_msgs/techman_robot_msgs/msg/rosidl_typesupport_fastrtps_cpp__visibility_control.h
[0.703s] -- Up-to-date symlink: /home/csrobot/flexbe_ws/install/techman_robot_msgs/include/techman_robot_msgs/techman_robot_msgs/srv/detail/techman_robot_command__rosidl_typesupport_fastrtps_cpp.hpp
[0.703s] -- Up-to-date symlink: /home/csrobot/flexbe_ws/install/techman_robot_msgs/include/techman_robot_msgs/techman_robot_msgs/srv/detail/techman_robot_command__rosidl_typesupport_introspection_cpp.hpp
[0.703s] -- Up-to-date symlink: /home/csrobot/flexbe_ws/install/techman_robot_msgs/share/techman_robot_msgs/environment/pythonpath.sh
[0.703s] -- Up-to-date symlink: /home/csrobot/flexbe_ws/install/techman_robot_msgs/share/techman_robot_msgs/environment/pythonpath.dsv
[0.703s] -- Up-to-date symlink: /home/csrobot/flexbe_ws/install/techman_robot_msgs/lib/python3.12/site-packages/techman_robot_msgs-1.0.0-py3.12.egg-info/PKG-INFO
[0.703s] -- Up-to-date symlink: /home/csrobot/flexbe_ws/install/techman_robot_msgs/lib/python3.12/site-packages/techman_robot_msgs-1.0.0-py3.12.egg-info/SOURCES.txt
[0.703s] -- Up-to-date symlink: /home/csrobot/flexbe_ws/install/techman_robot_msgs/lib/python3.12/site-packages/techman_robot_msgs-1.0.0-py3.12.egg-info/dependency_links.txt
[0.703s] -- Up-to-date symlink: /home/csrobot/flexbe_ws/install/techman_robot_msgs/lib/python3.12/site-packages/techman_robot_msgs-1.0.0-py3.12.egg-info/top_level.txt
[0.703s] -- Up-to-date symlink: /home/csrobot/flexbe_ws/install/techman_robot_msgs/lib/python3.12/site-packages/techman_robot_msgs/__init__.py
[0.703s] -- Up-to-date symlink: /home/csrobot/flexbe_ws/install/techman_robot_msgs/lib/python3.12/site-packages/techman_robot_msgs/_techman_robot_msgs_s.ep.rosidl_typesupport_c.c
[0.704s] -- Up-to-date symlink: /home/csrobot/flexbe_ws/install/techman_robot_msgs/lib/python3.12/site-packages/techman_robot_msgs/_techman_robot_msgs_s.ep.rosidl_typesupport_fastrtps_c.c
[0.704s] -- Up-to-date symlink: /home/csrobot/flexbe_ws/install/techman_robot_msgs/lib/python3.12/site-packages/techman_robot_msgs/_techman_robot_msgs_s.ep.rosidl_typesupport_introspection_c.c
[0.704s] -- Up-to-date symlink: /home/csrobot/flexbe_ws/install/techman_robot_msgs/lib/python3.12/site-packages/techman_robot_msgs/srv/__init__.py
[0.704s] -- Up-to-date symlink: /home/csrobot/flexbe_ws/install/techman_robot_msgs/lib/python3.12/site-packages/techman_robot_msgs/srv/_techman_robot_command.py
[0.704s] -- Up-to-date symlink: /home/csrobot/flexbe_ws/install/techman_robot_msgs/lib/python3.12/site-packages/techman_robot_msgs/srv/_techman_robot_command_s.c
[0.704s] -- Up-to-date symlink: /home/csrobot/flexbe_ws/install/techman_robot_msgs/lib/python3.12/site-packages/techman_robot_msgs/techman_robot_msgs_s__rosidl_typesupport_c.so
[0.704s] -- Up-to-date symlink: /home/csrobot/flexbe_ws/install/techman_robot_msgs/lib/python3.12/site-packages/techman_robot_msgs/techman_robot_msgs_s__rosidl_typesupport_fastrtps_c.so
[0.704s] -- Up-to-date symlink: /home/csrobot/flexbe_ws/install/techman_robot_msgs/lib/python3.12/site-packages/techman_robot_msgs/techman_robot_msgs_s__rosidl_typesupport_introspection_c.so
[0.704s] -- Up-to-date symlink: /home/csrobot/flexbe_ws/install/techman_robot_msgs/lib/python3.12/site-packages/techman_robot_msgs/techman_robot_msgs_s__rosidl_typesupport_fastrtps_c.so
[0.704s] -- Up-to-date symlink: /home/csrobot/flexbe_ws/install/techman_robot_msgs/lib/python3.12/site-packages/techman_robot_msgs/techman_robot_msgs_s__rosidl_typesupport_introspection_c.so
[0.705s] -- Up-to-date symlink: /home/csrobot/flexbe_ws/install/techman_robot_msgs/lib/python3.12/site-packages/techman_robot_msgs/techman_robot_msgs_s__rosidl_typesupport_c.so
[0.705s] -- Up-to-date symlink: /home/csrobot/flexbe_ws/install/techman_robot_msgs/share/techman_robot_msgs/srv/TechmanRobotCommand.idl
[0.705s] -- Up-to-date symlink: /home/csrobot/flexbe_ws/install/techman_robot_msgs/share/techman_robot_msgs/srv/TechmanRobotCommand.srv
[0.705s] -- Up-to-date symlink: /home/csrobot/flexbe_ws/install/techman_robot_msgs/share/ament_index/resource_index/package_run_dependencies/techman_robot_msgs
[0.705s] -- Up-to-date symlink: /home/csrobot/flexbe_ws/install/techman_robot_msgs/share/ament_index/resource_index/parent_prefix_path/techman_robot_msgs
[0.705s] -- Up-to-date symlink: /home/csrobot/flexbe_ws/install/techman_robot_msgs/share/techman_robot_msgs/environment/ament_prefix_path.sh
[0.705s] -- Up-to-date symlink: /home/csrobot/flexbe_ws/install/techman_robot_msgs/share/techman_robot_msgs/environment/ament_prefix_path.dsv
[0.712s] -- Up-to-date symlink: /home/csrobot/flexbe_ws/install/techman_robot_msgs/share/techman_robot_msgs/environment/path.sh
[0.712s] -- Up-to-date symlink: /home/csrobot/flexbe_ws/install/techman_robot_msgs/share/techman_robot_msgs/environment/path.dsv
[0.712s] -- Up-to-date symlink: /home/csrobot/flexbe_ws/install/techman_robot_msgs/share/techman_robot_msgs/local_setup.bash
[0.712s] -- Up-to-date symlink: /home/csrobot/flexbe_ws/install/techman_robot_msgs/share/techman_robot_msgs/local_setup.sh
[0.712s] -- Up-to-date symlink: /home/csrobot/flexbe_ws/install/techman_robot_msgs/share/techman_robot_msgs/local_setup.zsh
[0.712s] -- Up-to-date symlink: /home/csrobot/flexbe_ws/install/techman_robot_msgs/share/techman_robot_msgs/local_setup.dsv
[0.712s] -- Symlinking: /home/csrobot/flexbe_ws/install/techman_robot_msgs/share/techman_robot_msgs/package.dsv
[0.733s] -- Up-to-date symlink: /home/csrobot/flexbe_ws/install/techman_robot_msgs/share/ament_index/resource_index/packages/techman_robot_msgs
[0.733s] -- Up-to-date symlink: /home/csrobot/flexbe_ws/install/techman_robot_msgs/share/techman_robot_msgs/cmake/rosidl_cmake-extras.cmake
[0.733s] -- Up-to-date symlink: /home/csrobot/flexbe_ws/install/techman_robot_msgs/share/techman_robot_msgs/cmake/ament_cmake_export_dependencies-extras.cmake
[0.733s] -- Up-to-date symlink: /home/csrobot/flexbe_ws/install/techman_robot_msgs/share/techman_robot_msgs/cmake/ament_cmake_export_include_directories-extras.cmake
[0.734s] -- Up-to-date symlink: /home/csrobot/flexbe_ws/install/techman_robot_msgs/share/techman_robot_msgs/cmake/ament_cmake_export_libraries-extras.cmake
[0.736s] -- Up-to-date symlink: /home/csrobot/flexbe_ws/install/techman_robot_msgs/share/techman_robot_msgs/cmake/ament_cmake_export_targets-extras.cmake
[0.736s] -- Up-to-date symlink: /home/csrobot/flexbe_ws/install/techman_robot_msgs/share/techman_robot_msgs/cmake/rosidl_cmake_export_typesupport_targets-extras.cmake
[0.737s] -- Up-to-date symlink: /home/csrobot/flexbe_ws/install/techman_robot_msgs/share/techman_robot_msgs/cmake/rosidl_cmake_export_typesupport_libraries-extras.cmake
[0.737s] -- Up-to-date symlink: /home/csrobot/flexbe_ws/install/techman_robot_msgs/share/techman_robot_msgs/cmake/techman_robot_msgsConfig.cmake
[0.737s] -- Up-to-date symlink: /home/csrobot/flexbe_ws/install/techman_robot_msgs/share/techman_robot_msgs/cmake/techman_robot_msgsConfig-version.cmake
[0.737s] -- Up-to-date symlink: /home/csrobot/flexbe_ws/install/techman_robot_msgs/share/techman_robot_msgs/package.xml
[0.737s] -- Up-to-date: /home/csrobot/flexbe_ws/install/techman_robot_msgs/lib/libtechman_robot_msgs__rosidl_generator_c.so
[0.737s] -- Up-to-date: /home/csrobot/flexbe_ws/install/techman_robot_msgs/lib/libtechman_robot_msgs__rosidl_typesupport_fastrtps_c.so
[0.737s] -- Up-to-date: /home/csrobot/flexbe_ws/install/techman_robot_msgs/lib/libtechman_robot_msgs__rosidl_typesupport_introspection_c.so
[0.737s] -- Up-to-date: /home/csrobot/flexbe_ws/install/techman_robot_msgs/lib/libtechman_robot_msgs__rosidl_typesupport_c.so
[0.737s] -- Up-to-date: /home/csrobot/flexbe_ws/install/techman_robot_msgs/lib/libtechman_robot_msgs__rosidl_typesupport_fastrtps_cpp.so
[0.737s] -- Up-to-date: /home/csrobot/flexbe_ws/install/techman_robot_msgs/lib/libtechman_robot_msgs__rosidl_typesupport_introspection_cpp.so
[0.737s] -- Up-to-date: /home/csrobot/flexbe_ws/install/techman_robot_msgs/lib/libtechman_robot_msgs__rosidl_typesupport_cpp.so
[0.774s] Listing '/home/csrobot/flexbe_ws/install/techman_robot_msgs/lib/python3.12/site-packages/techman_robot_msgs'...
[0.775s] Listing '/home/csrobot/flexbe_ws/install/techman_robot_msgs/lib/python3.12/site-packages/techman_robot_msgs/srv'...
[0.777s] -- Up-to-date: /home/csrobot/flexbe_ws/install/techman_robot_msgs/lib/libtechman_robot_msgs__rosidl_generator_py.so
[0.777s] -- Up-to-date: /home/csrobot/flexbe_ws/install/techman_robot_msgs/share/techman_robot_msgs/cmake/export_techman_robot_msgs__rosidl_generator_cExport.cmake
[0.777s] -- Up-to-date: /home/csrobot/flexbe_ws/install/techman_robot_msgs/share/techman_robot_msgs/cmake/export_techman_robot_msgs__rosidl_generator_cExport-noconfig.cmake
[0.777s] -- Up-to-date: /home/csrobot/flexbe_ws/install/techman_robot_msgs/share/techman_robot_msgs/cmake/export_techman_robot_msgs__rosidl_typesupport_fastrtps_cExport.cmake
[0.777s] -- Up-to-date: /home/csrobot/flexbe_ws/install/techman_robot_msgs/share/techman_robot_msgs/cmake/export_techman_robot_msgs__rosidl_typesupport_fastrtps_cExport-noconfig.cmake
[0.777s] -- Up-to-date: /home/csrobot/flexbe_ws/install/techman_robot_msgs/share/techman_robot_msgs/cmake/techman_robot_msgs__rosidl_typesupport_introspection_cExport.cmake
[0.777s] -- Up-to-date: /home/csrobot/flexbe_ws/install/techman_robot_msgs/share/techman_robot_msgs/cmake/techman_robot_msgs__rosidl_typesupport_introspection_cExport-noconfig.cmake
[0.777s] -- Up-to-date: /home/csrobot/flexbe_ws/install/techman_robot_msgs/share/techman_robot_msgs/cmake/techman_robot_msgs__rosidl_typesupport_cExport.cmake
[0.777s] -- Up-to-date: /home/csrobot/flexbe_ws/install/techman_robot_msgs/share/techman_robot_msgs/cmake/techman_robot_msgs__rosidl_typesupport_cExport-noconfig.cmake
[0.777s] -- Up-to-date: /home/csrobot/flexbe_ws/install/techman_robot_msgs/share/techman_robot_msgs/cmake/export_techman_robot_msgs__rosidl_generator_cppExport.cmake
[0.777s] -- Up-to-date: /home/csrobot/flexbe_ws/install/techman_robot_msgs/share/techman_robot_msgs/cmake/export_techman_robot_msgs__rosidl_typesupport_fastrtps_cppExport.cmake
[0.778s] -- Up-to-date: /home/csrobot/flexbe_ws/install/techman_robot_msgs/share/techman_robot_msgs/cmake/export_techman_robot_msgs__rosidl_typesupport_fastrtps_cppExport-noconfig.cmake
[0.778s] -- Up-to-date: /home/csrobot/flexbe_ws/install/techman_robot_msgs/share/techman_robot_msgs/cmake/techman_robot_msgs__rosidl_typesupport_introspection_cppExport.cmake
[0.778s] -- Up-to-date: /home/csrobot/flexbe_ws/install/techman_robot_msgs/share/techman_robot_msgs/cmake/techman_robot_msgs__rosidl_typesupport_introspection_cppExport-noconfig.cmake
[0.778s] -- Up-to-date: /home/csrobot/flexbe_ws/install/techman_robot_msgs/share/techman_robot_msgs/cmake/techman_robot_msgs__rosidl_typesupport_cppExport.cmake
[0.778s] -- Up-to-date: /home/csrobot/flexbe_ws/install/techman_robot_msgs/share/techman_robot_msgs/cmake/techman_robot_msgs__rosidl_typesupport_cppExport-noconfig.cmake
[0.778s] -- Up-to-date: /home/csrobot/flexbe_ws/install/techman_robot_msgs/share/techman_robot_msgs/cmake/export_techman_robot_msgs__rosidl_generator_pyExport.cmake
[0.778s] -- Up-to-date: /home/csrobot/flexbe_ws/install/techman_robot_msgs/share/techman_robot_msgs/cmake/export_techman_robot_msgs__rosidl_generator_pyExport-noconfig.cmake
[0.781s] Invoked command in '/home/csrobot/flexbe_ws/build/techman_robot_msgs' returned '0': CMAKE_PREFIX_PATH=${CMAKE_PREFIX_PATH}:/opt/ros/jazzy DEBUGINFOD_URLS=https://debuginfod.ubuntu.com /usr/bin/cmake --install /home/csrobot/flexbe_ws/build/techman_robot_msgs
