[0.812s] Invoking command in '/home/csrobot/flexbe_ws/build/compare_flexbe_behaviors': AMENT_PREFIX_PATH=/home/csrobot/flexbe_ws/install/flexbe_core:/home/csrobot/flexbe_ws/install/flexbe_msgs:${AMENT_PREFIX_PATH} CMAKE_PREFIX_PATH=/home/csrobot/flexbe_ws/install/flexbe_msgs:/opt/ros/jazzy/opt/gz_math_vendor:/opt/ros/jazzy/opt/gz_utils_vendor:/opt/ros/jazzy/opt/gz_cmake_vendor:/opt/ros/jazzy DEBUGINFOD_URLS=https://debuginfod.ubuntu.com LD_LIBRARY_PATH=/home/csrobot/flexbe_ws/install/flexbe_msgs/lib:${LD_LIBRARY_PATH} PYTHONPATH=/home/csrobot/flexbe_ws/build/flexbe_core:/home/csrobot/flexbe_ws/install/flexbe_core/lib/python3.12/site-packages:/home/csrobot/flexbe_ws/install/flexbe_msgs/lib/python3.12/site-packages:${PYTHONPATH} /usr/bin/cmake /home/csrobot/flexbe_ws/src/compare_flexbe/compare_flexbe_behaviors -DAMENT_CMAKE_SYMLINK_INSTALL=1 -DCMAKE_INSTALL_PREFIX=/home/csrobot/flexbe_ws/install/compare_flexbe_behaviors
[1.007s] -- The C compiler identification is GNU 13.3.0
[1.197s] -- The CXX compiler identification is GNU 13.3.0
[1.255s] -- Detecting C compiler ABI info
[1.550s] -- Detecting C compiler ABI info - done
[1.580s] -- Check for working C compiler: /usr/bin/cc - skipped
[1.582s] -- Detecting C compile features
[1.582s] -- Detecting C compile features - done
[1.607s] -- Detecting CXX compiler ABI info
[1.888s] -- Detecting CXX compiler ABI info - done
[1.910s] -- Check for working CXX compiler: /usr/bin/c++ - skipped
[1.911s] -- Detecting CXX compile features
[1.917s] -- Detecting CXX compile features - done
[1.918s] -- Found ament_cmake: 2.5.4 (/opt/ros/jazzy/share/ament_cmake/cmake)
[2.356s] -- Found Python3: /usr/bin/python3 (found version "3.12.3") found components: Interpreter 
[2.614s] -- Override CMake install command with custom implementation using symlinks instead of copying resources
[2.715s] -- Found rclpy: 7.1.5 (/opt/ros/jazzy/share/rclpy/cmake)
[3.657s] -- Configuring done (2.8s)
[3.672s] -- Generating done (0.0s)
[3.683s] -- Build files have been written to: /home/csrobot/flexbe_ws/build/compare_flexbe_behaviors
[3.697s] Invoked command in '/home/csrobot/flexbe_ws/build/compare_flexbe_behaviors' returned '0': AMENT_PREFIX_PATH=/home/csrobot/flexbe_ws/install/flexbe_core:/home/csrobot/flexbe_ws/install/flexbe_msgs:${AMENT_PREFIX_PATH} CMAKE_PREFIX_PATH=/home/csrobot/flexbe_ws/install/flexbe_msgs:/opt/ros/jazzy/opt/gz_math_vendor:/opt/ros/jazzy/opt/gz_utils_vendor:/opt/ros/jazzy/opt/gz_cmake_vendor:/opt/ros/jazzy DEBUGINFOD_URLS=https://debuginfod.ubuntu.com LD_LIBRARY_PATH=/home/csrobot/flexbe_ws/install/flexbe_msgs/lib:${LD_LIBRARY_PATH} PYTHONPATH=/home/csrobot/flexbe_ws/build/flexbe_core:/home/csrobot/flexbe_ws/install/flexbe_core/lib/python3.12/site-packages:/home/csrobot/flexbe_ws/install/flexbe_msgs/lib/python3.12/site-packages:${PYTHONPATH} /usr/bin/cmake /home/csrobot/flexbe_ws/src/compare_flexbe/compare_flexbe_behaviors -DAMENT_CMAKE_SYMLINK_INSTALL=1 -DCMAKE_INSTALL_PREFIX=/home/csrobot/flexbe_ws/install/compare_flexbe_behaviors
[3.697s] Invoking command in '/home/csrobot/flexbe_ws/build/compare_flexbe_behaviors': AMENT_PREFIX_PATH=/home/csrobot/flexbe_ws/install/flexbe_core:/home/csrobot/flexbe_ws/install/flexbe_msgs:${AMENT_PREFIX_PATH} CMAKE_PREFIX_PATH=/home/csrobot/flexbe_ws/install/flexbe_msgs:/opt/ros/jazzy/opt/gz_math_vendor:/opt/ros/jazzy/opt/gz_utils_vendor:/opt/ros/jazzy/opt/gz_cmake_vendor:/opt/ros/jazzy DEBUGINFOD_URLS=https://debuginfod.ubuntu.com LD_LIBRARY_PATH=/home/csrobot/flexbe_ws/install/flexbe_msgs/lib:${LD_LIBRARY_PATH} PYTHONPATH=/home/csrobot/flexbe_ws/build/flexbe_core:/home/csrobot/flexbe_ws/install/flexbe_core/lib/python3.12/site-packages:/home/csrobot/flexbe_ws/install/flexbe_msgs/lib/python3.12/site-packages:${PYTHONPATH} /usr/bin/cmake --build /home/csrobot/flexbe_ws/build/compare_flexbe_behaviors -- -j8 -l8
[5.653s] Built target ament_cmake_python_symlink_compare_flexbe_behaviors_setup
[5.653s] Built target ament_cmake_python_symlink_compare_flexbe_behaviors
[5.653s] running egg_info
[5.653s] creating compare_flexbe_behaviors.egg-info
[5.653s] writing compare_flexbe_behaviors.egg-info/PKG-INFO
[5.653s] writing dependency_links to compare_flexbe_behaviors.egg-info/dependency_links.txt
[5.653s] writing top-level names to compare_flexbe_behaviors.egg-info/top_level.txt
[5.653s] writing manifest file 'compare_flexbe_behaviors.egg-info/SOURCES.txt'
[5.653s] reading manifest file 'compare_flexbe_behaviors.egg-info/SOURCES.txt'
[5.653s] writing manifest file 'compare_flexbe_behaviors.egg-info/SOURCES.txt'
[5.653s] Built target ament_cmake_python_build_compare_flexbe_behaviors_egg
[5.655s] Invoked command in '/home/csrobot/flexbe_ws/build/compare_flexbe_behaviors' returned '0': AMENT_PREFIX_PATH=/home/csrobot/flexbe_ws/install/flexbe_core:/home/csrobot/flexbe_ws/install/flexbe_msgs:${AMENT_PREFIX_PATH} CMAKE_PREFIX_PATH=/home/csrobot/flexbe_ws/install/flexbe_msgs:/opt/ros/jazzy/opt/gz_math_vendor:/opt/ros/jazzy/opt/gz_utils_vendor:/opt/ros/jazzy/opt/gz_cmake_vendor:/opt/ros/jazzy DEBUGINFOD_URLS=https://debuginfod.ubuntu.com LD_LIBRARY_PATH=/home/csrobot/flexbe_ws/install/flexbe_msgs/lib:${LD_LIBRARY_PATH} PYTHONPATH=/home/csrobot/flexbe_ws/build/flexbe_core:/home/csrobot/flexbe_ws/install/flexbe_core/lib/python3.12/site-packages:/home/csrobot/flexbe_ws/install/flexbe_msgs/lib/python3.12/site-packages:${PYTHONPATH} /usr/bin/cmake --build /home/csrobot/flexbe_ws/build/compare_flexbe_behaviors -- -j8 -l8
[5.655s] Invoking command in '/home/csrobot/flexbe_ws/build/compare_flexbe_behaviors': AMENT_PREFIX_PATH=/home/csrobot/flexbe_ws/install/flexbe_core:/home/csrobot/flexbe_ws/install/flexbe_msgs:${AMENT_PREFIX_PATH} CMAKE_PREFIX_PATH=/home/csrobot/flexbe_ws/install/flexbe_msgs:/opt/ros/jazzy/opt/gz_math_vendor:/opt/ros/jazzy/opt/gz_utils_vendor:/opt/ros/jazzy/opt/gz_cmake_vendor:/opt/ros/jazzy DEBUGINFOD_URLS=https://debuginfod.ubuntu.com LD_LIBRARY_PATH=/home/csrobot/flexbe_ws/install/flexbe_msgs/lib:${LD_LIBRARY_PATH} PYTHONPATH=/home/csrobot/flexbe_ws/build/flexbe_core:/home/csrobot/flexbe_ws/install/flexbe_core/lib/python3.12/site-packages:/home/csrobot/flexbe_ws/install/flexbe_msgs/lib/python3.12/site-packages:${PYTHONPATH} /usr/bin/cmake --install /home/csrobot/flexbe_ws/build/compare_flexbe_behaviors
[5.684s] -- Install configuration: ""
[5.685s] -- Execute custom install script
[5.685s] -- Symlinking: /home/csrobot/flexbe_ws/install/compare_flexbe_behaviors/lib/compare_flexbe_behaviors/manifest/euclideanclusterextractionpipeine.xml
[5.701s] -- Symlinking: /home/csrobot/flexbe_ws/install/compare_flexbe_behaviors/lib/compare_flexbe_behaviors/manifest/example_action_state_behavior.xml
[5.719s] -- Symlinking: /home/csrobot/flexbe_ws/install/compare_flexbe_behaviors/lib/compare_flexbe_behaviors/manifest/example_behavior.xml
[5.741s] -- Symlinking: /home/csrobot/flexbe_ws/install/compare_flexbe_behaviors/lib/compare_flexbe_behaviors/config/example.yaml
[5.755s] -- Symlinking: /home/csrobot/flexbe_ws/install/compare_flexbe_behaviors/lib/compare_flexbe_behaviors/copy_behavior
[5.772s] -- Symlinking: /home/csrobot/flexbe_ws/install/compare_flexbe_behaviors/share/compare_flexbe_behaviors/environment/pythonpath.sh
[5.793s] -- Symlinking: /home/csrobot/flexbe_ws/install/compare_flexbe_behaviors/share/compare_flexbe_behaviors/environment/pythonpath.dsv
[5.808s] -- Symlinking: /home/csrobot/flexbe_ws/install/compare_flexbe_behaviors/lib/python3.12/site-packages/compare_flexbe_behaviors-0.0.1-py3.12.egg-info/PKG-INFO
[5.830s] -- Symlinking: /home/csrobot/flexbe_ws/install/compare_flexbe_behaviors/lib/python3.12/site-packages/compare_flexbe_behaviors-0.0.1-py3.12.egg-info/SOURCES.txt
[5.848s] -- Symlinking: /home/csrobot/flexbe_ws/install/compare_flexbe_behaviors/lib/python3.12/site-packages/compare_flexbe_behaviors-0.0.1-py3.12.egg-info/dependency_links.txt
[5.865s] -- Symlinking: /home/csrobot/flexbe_ws/install/compare_flexbe_behaviors/lib/python3.12/site-packages/compare_flexbe_behaviors-0.0.1-py3.12.egg-info/top_level.txt
[5.880s] -- Symlinking: /home/csrobot/flexbe_ws/install/compare_flexbe_behaviors/lib/python3.12/site-packages/compare_flexbe_behaviors/__init__.py
[5.895s] -- Symlinking: /home/csrobot/flexbe_ws/install/compare_flexbe_behaviors/lib/python3.12/site-packages/compare_flexbe_behaviors/euclideanclusterextractionpipeine_sm.py
[5.911s] -- Symlinking: /home/csrobot/flexbe_ws/install/compare_flexbe_behaviors/lib/python3.12/site-packages/compare_flexbe_behaviors/example_action_state_behavior_sm.py
[5.928s] -- Symlinking: /home/csrobot/flexbe_ws/install/compare_flexbe_behaviors/lib/python3.12/site-packages/compare_flexbe_behaviors/example_behavior_sm.py
[5.945s] -- Symlinking: /home/csrobot/flexbe_ws/install/compare_flexbe_behaviors/share/ament_index/resource_index/package_run_dependencies/compare_flexbe_behaviors
[5.962s] -- Symlinking: /home/csrobot/flexbe_ws/install/compare_flexbe_behaviors/share/ament_index/resource_index/parent_prefix_path/compare_flexbe_behaviors
[5.979s] -- Symlinking: /home/csrobot/flexbe_ws/install/compare_flexbe_behaviors/share/compare_flexbe_behaviors/environment/ament_prefix_path.sh
[5.994s] -- Symlinking: /home/csrobot/flexbe_ws/install/compare_flexbe_behaviors/share/compare_flexbe_behaviors/environment/ament_prefix_path.dsv
[6.010s] -- Symlinking: /home/csrobot/flexbe_ws/install/compare_flexbe_behaviors/share/compare_flexbe_behaviors/environment/path.sh
[6.029s] -- Symlinking: /home/csrobot/flexbe_ws/install/compare_flexbe_behaviors/share/compare_flexbe_behaviors/environment/path.dsv
[6.047s] -- Symlinking: /home/csrobot/flexbe_ws/install/compare_flexbe_behaviors/share/compare_flexbe_behaviors/local_setup.bash
[6.065s] -- Symlinking: /home/csrobot/flexbe_ws/install/compare_flexbe_behaviors/share/compare_flexbe_behaviors/local_setup.sh
[6.073s] -- Symlinking: /home/csrobot/flexbe_ws/install/compare_flexbe_behaviors/share/compare_flexbe_behaviors/local_setup.zsh
[6.082s] -- Symlinking: /home/csrobot/flexbe_ws/install/compare_flexbe_behaviors/share/compare_flexbe_behaviors/local_setup.dsv
[6.091s] -- Symlinking: /home/csrobot/flexbe_ws/install/compare_flexbe_behaviors/share/compare_flexbe_behaviors/package.dsv
[6.126s] -- Symlinking: /home/csrobot/flexbe_ws/install/compare_flexbe_behaviors/share/ament_index/resource_index/packages/compare_flexbe_behaviors
[6.147s] -- Symlinking: /home/csrobot/flexbe_ws/install/compare_flexbe_behaviors/share/compare_flexbe_behaviors/cmake/compare_flexbe_behaviorsConfig.cmake
[6.172s] -- Symlinking: /home/csrobot/flexbe_ws/install/compare_flexbe_behaviors/share/compare_flexbe_behaviors/cmake/compare_flexbe_behaviorsConfig-version.cmake
[6.190s] -- Symlinking: /home/csrobot/flexbe_ws/install/compare_flexbe_behaviors/share/compare_flexbe_behaviors/package.xml
[6.293s] Listing '/home/csrobot/flexbe_ws/install/compare_flexbe_behaviors/lib/python3.12/site-packages/compare_flexbe_behaviors'...
[6.296s] Compiling '/home/csrobot/flexbe_ws/install/compare_flexbe_behaviors/lib/python3.12/site-packages/compare_flexbe_behaviors/__init__.py'...
[6.296s] Compiling '/home/csrobot/flexbe_ws/install/compare_flexbe_behaviors/lib/python3.12/site-packages/compare_flexbe_behaviors/euclideanclusterextractionpipeine_sm.py'...
[6.296s] Compiling '/home/csrobot/flexbe_ws/install/compare_flexbe_behaviors/lib/python3.12/site-packages/compare_flexbe_behaviors/example_action_state_behavior_sm.py'...
[6.296s] Compiling '/home/csrobot/flexbe_ws/install/compare_flexbe_behaviors/lib/python3.12/site-packages/compare_flexbe_behaviors/example_behavior_sm.py'...
[6.595s] Invoked command in '/home/csrobot/flexbe_ws/build/compare_flexbe_behaviors' returned '0': AMENT_PREFIX_PATH=/home/csrobot/flexbe_ws/install/flexbe_core:/home/csrobot/flexbe_ws/install/flexbe_msgs:${AMENT_PREFIX_PATH} CMAKE_PREFIX_PATH=/home/csrobot/flexbe_ws/install/flexbe_msgs:/opt/ros/jazzy/opt/gz_math_vendor:/opt/ros/jazzy/opt/gz_utils_vendor:/opt/ros/jazzy/opt/gz_cmake_vendor:/opt/ros/jazzy DEBUGINFOD_URLS=https://debuginfod.ubuntu.com LD_LIBRARY_PATH=/home/csrobot/flexbe_ws/install/flexbe_msgs/lib:${LD_LIBRARY_PATH} PYTHONPATH=/home/csrobot/flexbe_ws/build/flexbe_core:/home/csrobot/flexbe_ws/install/flexbe_core/lib/python3.12/site-packages:/home/csrobot/flexbe_ws/install/flexbe_msgs/lib/python3.12/site-packages:${PYTHONPATH} /usr/bin/cmake --install /home/csrobot/flexbe_ws/build/compare_flexbe_behaviors
