[0.188s] Invoking command in '/home/csrobot/flexbe_ws/build/flexbe_msgs': CMAKE_PREFIX_PATH=${CMAKE_PREFIX_PATH}:/home/csrobot/flexbe_ws/install/flexbe_turtlesim_demo_flexbe_states:/home/csrobot/ros2_humble/install/quality_of_service_demo_py:/home/csrobot/ros2_humble/install/demo_nodes_py:/home/csrobot/ros2_humble/install/moveit_configs_utils:/home/csrobot/ros2_humble/install/rqt_bag_plugins:/home/csrobot/ros2_humble/install/rqt_bag:/home/csrobot/ros2_humble/install/launch_testing_examples:/home/csrobot/ros2_humble/install/ros2bag:/home/csrobot/ros2_humble/install/tracetools_test:/home/csrobot/ros2_humble/install/tracetools_launch:/home/csrobot/ros2_humble/install/topic_monitor:/home/csrobot/ros2_humble/install/tf2_tools:/home/csrobot/ros2_humble/install/examples_tf2_py:/home/csrobot/ros2_humble/install/tf2_ros_py:/home/csrobot/ros2_humble/install/sros2:/home/csrobot/ros2_humble/install/rqt_topic:/home/csrobot/ros2_humble/install/rqt_srv:/home/csrobot/ros2_humble/install/rqt_shell:/home/csrobot/ros2_humble/install/rqt_service_caller:/home/csrobot/ros2_humble/install/rqt_reconfigure:/home/csrobot/ros2_humble/install/rqt_py_console:/home/csrobot/ros2_humble/install/rqt_publisher:/home/csrobot/ros2_humble/install/rqt_plot:/home/csrobot/ros2_humble/install/rqt_action:/home/csrobot/ros2_humble/install/rqt_msg:/home/csrobot/ros2_humble/install/rqt_console:/home/csrobot/ros2_humble/install/rqt:/home/csrobot/ros2_humble/install/rqt_graph:/home/csrobot/ros2_humble/install/rqt_gui_py:/home/csrobot/ros2_humble/install/rqt_gui:/home/csrobot/ros2_humble/install/ros2trace:/home/csrobot/ros2_humble/install/ros2topic:/home/csrobot/ros2_humble/install/ros2test:/home/csrobot/ros2_humble/install/ros2component:/home/csrobot/ros2_humble/install/ros2param:/home/csrobot/ros2_humble/install/ros2lifecycle:/home/csrobot/ros2_humble/install/ros2service:/home/csrobot/ros2_humble/install/ros2run:/home/csrobot/ros2_humble/install/ros2launch:/home/csrobot/ros2_humble/install/ros2pkg:/home/csrobot/ros2_humble/install/ros2node:/home/csrobot/ros2_humble/install/ros2multicast:/home/csrobot/ros2_humble/install/ros2interface:/home/csrobot/ros2_humble/install/ros2doctor:/home/csrobot/ros2_humble/install/ros2action:/home/csrobot/ros2_humble/install/ros2cli:/home/csrobot/ros2_humble/install/lifecycle_py:/home/csrobot/ros2_humble/install/launch_testing_ros:/home/csrobot/ros2_humble/install/launch_ros:/home/csrobot/ros2_humble/install/examples_rclpy_pointcloud_publisher:/home/csrobot/ros2_humble/install/examples_rclpy_minimal_subscriber:/home/csrobot/ros2_humble/install/examples_rclpy_minimal_service:/home/csrobot/ros2_humble/install/examples_rclpy_minimal_publisher:/home/csrobot/ros2_humble/install/examples_rclpy_minimal_client:/home/csrobot/ros2_humble/install/examples_rclpy_minimal_action_server:/home/csrobot/ros2_humble/install/examples_rclpy_minimal_action_client:/home/csrobot/ros2_humble/install/examples_rclpy_guard_conditions:/home/csrobot/ros2_humble/install/examples_rclpy_executors:/home/csrobot/ros2_humble/install/camera_info_manager_py:/home/csrobot/ros2_humble/install/action_tutorials_py:/home/csrobot/ros2_humble/install/ament_uncrustify:/home/csrobot/ros2_humble/install/tracetools_trace:/home/csrobot/ros2_humble/install/tracetools_read:/home/csrobot/ros2_humble/install/test_tracetools_launch:/home/csrobot/ros2_humble/install/test_launch_ros:/home/csrobot/ros2_humble/install/sensor_msgs_py:/home/csrobot/ros2_humble/install/rpyutils:/home/csrobot/ros2_humble/install/rosidl_runtime_py:/home/csrobot/ros2_humble/install/rosidl_cli:/home/csrobot/ros2_humble/install/launch_pytest:/home/csrobot/ros2_humble/install/launch_testing:/home/csrobot/ros2_humble/install/launch_yaml:/home/csrobot/ros2_humble/install/launch_xml:/home/csrobot/ros2_humble/install/launch:/home/csrobot/ros2_humble/install/osrf_pycommon:/home/csrobot/ros2_humble/install/domain_coordinator:/home/csrobot/ros2_humble/install/ament_xmllint:/home/csrobot/ros2_humble/install/ament_pyflakes:/home/csrobot/ros2_humble/install/ament_pycodestyle:/home/csrobot/ros2_humble/install/ament_pep257:/home/csrobot/ros2_humble/install/ament_pclint:/home/csrobot/ros2_humble/install/ament_package:/home/csrobot/ros2_humble/install/ament_mypy:/home/csrobot/ros2_humble/install/ament_lint_cmake:/home/csrobot/ros2_humble/install/ament_flake8:/home/csrobot/ros2_humble/install/ament_copyright:/home/csrobot/ros2_humble/install/ament_lint:/home/csrobot/ros2_humble/install/ament_index_python:/home/csrobot/ros2_humble/install/ament_cpplint:/home/csrobot/ros2_humble/install/ament_cppcheck:/home/csrobot/ros2_humble/install/ament_clang_tidy:/home/csrobot/ros2_humble/install/ament_clang_format:/home/csrobot/flexbe_ws/install/tm_mod_urdf:/home/csrobot/flexbe_ws/install/tm_get_status:/home/csrobot/flexbe_ws/install/moveit_configs_utils:/home/csrobot/flexbe_ws/install/example_flexbe_states:/home/csrobot/flexbe_ws/install/compare_flexbe_states:/home/csrobot/flexbe_ws/install/flexbe_webui:/home/csrobot/flexbe_ws/install/flexbe_onboard:/home/csrobot/flexbe_ws/install/flexbe_states:/home/csrobot/flexbe_ws/install/flexbe_mirror:/home/csrobot/flexbe_ws/install/flexbe_input:/home/csrobot/flexbe_ws/install/flexbe_core:/opt/ros/humble /usr/bin/cmake --build /home/csrobot/flexbe_ws/build/flexbe_msgs -- -j8 -l8
[0.293s] [35m[1mConsolidate compiler generated dependencies of target flexbe_msgs__rosidl_generator_c[0m
[0.325s] [ 12%] Built target flexbe_msgs__rosidl_generator_c
[0.357s] [ 12%] Built target flexbe_msgs__cpp
[0.372s] [35m[1mConsolidate compiler generated dependencies of target flexbe_msgs__rosidl_typesupport_fastrtps_c[0m
[0.372s] [35m[1mConsolidate compiler generated dependencies of target flexbe_msgs__rosidl_typesupport_introspection_c[0m
[0.372s] [35m[1mConsolidate compiler generated dependencies of target flexbe_msgs__rosidl_typesupport_c[0m
[0.383s] [ 12%] Built target ament_cmake_python_copy_flexbe_msgs
[0.412s] [35m[1mConsolidate compiler generated dependencies of target flexbe_msgs__rosidl_typesupport_fastrtps_cpp[0m
[0.439s] [35m[1mConsolidate compiler generated dependencies of target flexbe_msgs__rosidl_typesupport_introspection_cpp[0m
[0.439s] [35m[1mConsolidate compiler generated dependencies of target flexbe_msgs__rosidl_typesupport_cpp[0m
[0.442s] [ 24%] Built target flexbe_msgs__rosidl_typesupport_introspection_c
[0.446s] [ 36%] Built target flexbe_msgs__rosidl_typesupport_fastrtps_c
[0.450s] [ 48%] Built target flexbe_msgs__rosidl_typesupport_c
[0.483s] [ 60%] Built target flexbe_msgs__rosidl_typesupport_fastrtps_cpp
[0.486s] [ 73%] Built target flexbe_msgs__rosidl_typesupport_introspection_cpp
[0.501s] [ 85%] Built target flexbe_msgs__rosidl_typesupport_cpp
[0.545s] [ 85%] Built target flexbe_msgs
[0.594s] [ 86%] Built target flexbe_msgs__py
[0.625s] [35m[1mConsolidate compiler generated dependencies of target flexbe_msgs__rosidl_generator_py[0m
[0.665s] [ 97%] Built target flexbe_msgs__rosidl_generator_py
[0.707s] [35m[1mConsolidate compiler generated dependencies of target flexbe_msgs__rosidl_typesupport_fastrtps_c__pyext[0m
[0.715s] [35m[1mConsolidate compiler generated dependencies of target flexbe_msgs__rosidl_typesupport_introspection_c__pyext[0m
[0.716s] [35m[1mConsolidate compiler generated dependencies of target flexbe_msgs__rosidl_typesupport_c__pyext[0m
[0.758s] [ 98%] Built target flexbe_msgs__rosidl_typesupport_fastrtps_c__pyext
[0.761s] [ 99%] Built target flexbe_msgs__rosidl_typesupport_introspection_c__pyext
[0.775s] [100%] Built target flexbe_msgs__rosidl_typesupport_c__pyext
[1.053s] running egg_info
[1.054s] writing flexbe_msgs.egg-info/PKG-INFO
[1.054s] writing dependency_links to flexbe_msgs.egg-info/dependency_links.txt
[1.054s] writing top-level names to flexbe_msgs.egg-info/top_level.txt
[1.056s] reading manifest file 'flexbe_msgs.egg-info/SOURCES.txt'
[1.057s] writing manifest file 'flexbe_msgs.egg-info/SOURCES.txt'
[1.094s] [100%] Built target ament_cmake_python_build_flexbe_msgs_egg
[1.799s] Invoked command in '/home/csrobot/flexbe_ws/build/flexbe_msgs' returned '0': CMAKE_PREFIX_PATH=${CMAKE_PREFIX_PATH}:/home/csrobot/flexbe_ws/install/flexbe_turtlesim_demo_flexbe_states:/home/csrobot/ros2_humble/install/quality_of_service_demo_py:/home/csrobot/ros2_humble/install/demo_nodes_py:/home/csrobot/ros2_humble/install/moveit_configs_utils:/home/csrobot/ros2_humble/install/rqt_bag_plugins:/home/csrobot/ros2_humble/install/rqt_bag:/home/csrobot/ros2_humble/install/launch_testing_examples:/home/csrobot/ros2_humble/install/ros2bag:/home/csrobot/ros2_humble/install/tracetools_test:/home/csrobot/ros2_humble/install/tracetools_launch:/home/csrobot/ros2_humble/install/topic_monitor:/home/csrobot/ros2_humble/install/tf2_tools:/home/csrobot/ros2_humble/install/examples_tf2_py:/home/csrobot/ros2_humble/install/tf2_ros_py:/home/csrobot/ros2_humble/install/sros2:/home/csrobot/ros2_humble/install/rqt_topic:/home/csrobot/ros2_humble/install/rqt_srv:/home/csrobot/ros2_humble/install/rqt_shell:/home/csrobot/ros2_humble/install/rqt_service_caller:/home/csrobot/ros2_humble/install/rqt_reconfigure:/home/csrobot/ros2_humble/install/rqt_py_console:/home/csrobot/ros2_humble/install/rqt_publisher:/home/csrobot/ros2_humble/install/rqt_plot:/home/csrobot/ros2_humble/install/rqt_action:/home/csrobot/ros2_humble/install/rqt_msg:/home/csrobot/ros2_humble/install/rqt_console:/home/csrobot/ros2_humble/install/rqt:/home/csrobot/ros2_humble/install/rqt_graph:/home/csrobot/ros2_humble/install/rqt_gui_py:/home/csrobot/ros2_humble/install/rqt_gui:/home/csrobot/ros2_humble/install/ros2trace:/home/csrobot/ros2_humble/install/ros2topic:/home/csrobot/ros2_humble/install/ros2test:/home/csrobot/ros2_humble/install/ros2component:/home/csrobot/ros2_humble/install/ros2param:/home/csrobot/ros2_humble/install/ros2lifecycle:/home/csrobot/ros2_humble/install/ros2service:/home/csrobot/ros2_humble/install/ros2run:/home/csrobot/ros2_humble/install/ros2launch:/home/csrobot/ros2_humble/install/ros2pkg:/home/csrobot/ros2_humble/install/ros2node:/home/csrobot/ros2_humble/install/ros2multicast:/home/csrobot/ros2_humble/install/ros2interface:/home/csrobot/ros2_humble/install/ros2doctor:/home/csrobot/ros2_humble/install/ros2action:/home/csrobot/ros2_humble/install/ros2cli:/home/csrobot/ros2_humble/install/lifecycle_py:/home/csrobot/ros2_humble/install/launch_testing_ros:/home/csrobot/ros2_humble/install/launch_ros:/home/csrobot/ros2_humble/install/examples_rclpy_pointcloud_publisher:/home/csrobot/ros2_humble/install/examples_rclpy_minimal_subscriber:/home/csrobot/ros2_humble/install/examples_rclpy_minimal_service:/home/csrobot/ros2_humble/install/examples_rclpy_minimal_publisher:/home/csrobot/ros2_humble/install/examples_rclpy_minimal_client:/home/csrobot/ros2_humble/install/examples_rclpy_minimal_action_server:/home/csrobot/ros2_humble/install/examples_rclpy_minimal_action_client:/home/csrobot/ros2_humble/install/examples_rclpy_guard_conditions:/home/csrobot/ros2_humble/install/examples_rclpy_executors:/home/csrobot/ros2_humble/install/camera_info_manager_py:/home/csrobot/ros2_humble/install/action_tutorials_py:/home/csrobot/ros2_humble/install/ament_uncrustify:/home/csrobot/ros2_humble/install/tracetools_trace:/home/csrobot/ros2_humble/install/tracetools_read:/home/csrobot/ros2_humble/install/test_tracetools_launch:/home/csrobot/ros2_humble/install/test_launch_ros:/home/csrobot/ros2_humble/install/sensor_msgs_py:/home/csrobot/ros2_humble/install/rpyutils:/home/csrobot/ros2_humble/install/rosidl_runtime_py:/home/csrobot/ros2_humble/install/rosidl_cli:/home/csrobot/ros2_humble/install/launch_pytest:/home/csrobot/ros2_humble/install/launch_testing:/home/csrobot/ros2_humble/install/launch_yaml:/home/csrobot/ros2_humble/install/launch_xml:/home/csrobot/ros2_humble/install/launch:/home/csrobot/ros2_humble/install/osrf_pycommon:/home/csrobot/ros2_humble/install/domain_coordinator:/home/csrobot/ros2_humble/install/ament_xmllint:/home/csrobot/ros2_humble/install/ament_pyflakes:/home/csrobot/ros2_humble/install/ament_pycodestyle:/home/csrobot/ros2_humble/install/ament_pep257:/home/csrobot/ros2_humble/install/ament_pclint:/home/csrobot/ros2_humble/install/ament_package:/home/csrobot/ros2_humble/install/ament_mypy:/home/csrobot/ros2_humble/install/ament_lint_cmake:/home/csrobot/ros2_humble/install/ament_flake8:/home/csrobot/ros2_humble/install/ament_copyright:/home/csrobot/ros2_humble/install/ament_lint:/home/csrobot/ros2_humble/install/ament_index_python:/home/csrobot/ros2_humble/install/ament_cpplint:/home/csrobot/ros2_humble/install/ament_cppcheck:/home/csrobot/ros2_humble/install/ament_clang_tidy:/home/csrobot/ros2_humble/install/ament_clang_format:/home/csrobot/flexbe_ws/install/tm_mod_urdf:/home/csrobot/flexbe_ws/install/tm_get_status:/home/csrobot/flexbe_ws/install/moveit_configs_utils:/home/csrobot/flexbe_ws/install/example_flexbe_states:/home/csrobot/flexbe_ws/install/compare_flexbe_states:/home/csrobot/flexbe_ws/install/flexbe_webui:/home/csrobot/flexbe_ws/install/flexbe_onboard:/home/csrobot/flexbe_ws/install/flexbe_states:/home/csrobot/flexbe_ws/install/flexbe_mirror:/home/csrobot/flexbe_ws/install/flexbe_input:/home/csrobot/flexbe_ws/install/flexbe_core:/opt/ros/humble /usr/bin/cmake --build /home/csrobot/flexbe_ws/build/flexbe_msgs -- -j8 -l8
[1.800s] Invoking command in '/home/csrobot/flexbe_ws/build/flexbe_msgs': CMAKE_PREFIX_PATH=${CMAKE_PREFIX_PATH}:/home/csrobot/flexbe_ws/install/flexbe_turtlesim_demo_flexbe_states:/home/csrobot/ros2_humble/install/quality_of_service_demo_py:/home/csrobot/ros2_humble/install/demo_nodes_py:/home/csrobot/ros2_humble/install/moveit_configs_utils:/home/csrobot/ros2_humble/install/rqt_bag_plugins:/home/csrobot/ros2_humble/install/rqt_bag:/home/csrobot/ros2_humble/install/launch_testing_examples:/home/csrobot/ros2_humble/install/ros2bag:/home/csrobot/ros2_humble/install/tracetools_test:/home/csrobot/ros2_humble/install/tracetools_launch:/home/csrobot/ros2_humble/install/topic_monitor:/home/csrobot/ros2_humble/install/tf2_tools:/home/csrobot/ros2_humble/install/examples_tf2_py:/home/csrobot/ros2_humble/install/tf2_ros_py:/home/csrobot/ros2_humble/install/sros2:/home/csrobot/ros2_humble/install/rqt_topic:/home/csrobot/ros2_humble/install/rqt_srv:/home/csrobot/ros2_humble/install/rqt_shell:/home/csrobot/ros2_humble/install/rqt_service_caller:/home/csrobot/ros2_humble/install/rqt_reconfigure:/home/csrobot/ros2_humble/install/rqt_py_console:/home/csrobot/ros2_humble/install/rqt_publisher:/home/csrobot/ros2_humble/install/rqt_plot:/home/csrobot/ros2_humble/install/rqt_action:/home/csrobot/ros2_humble/install/rqt_msg:/home/csrobot/ros2_humble/install/rqt_console:/home/csrobot/ros2_humble/install/rqt:/home/csrobot/ros2_humble/install/rqt_graph:/home/csrobot/ros2_humble/install/rqt_gui_py:/home/csrobot/ros2_humble/install/rqt_gui:/home/csrobot/ros2_humble/install/ros2trace:/home/csrobot/ros2_humble/install/ros2topic:/home/csrobot/ros2_humble/install/ros2test:/home/csrobot/ros2_humble/install/ros2component:/home/csrobot/ros2_humble/install/ros2param:/home/csrobot/ros2_humble/install/ros2lifecycle:/home/csrobot/ros2_humble/install/ros2service:/home/csrobot/ros2_humble/install/ros2run:/home/csrobot/ros2_humble/install/ros2launch:/home/csrobot/ros2_humble/install/ros2pkg:/home/csrobot/ros2_humble/install/ros2node:/home/csrobot/ros2_humble/install/ros2multicast:/home/csrobot/ros2_humble/install/ros2interface:/home/csrobot/ros2_humble/install/ros2doctor:/home/csrobot/ros2_humble/install/ros2action:/home/csrobot/ros2_humble/install/ros2cli:/home/csrobot/ros2_humble/install/lifecycle_py:/home/csrobot/ros2_humble/install/launch_testing_ros:/home/csrobot/ros2_humble/install/launch_ros:/home/csrobot/ros2_humble/install/examples_rclpy_pointcloud_publisher:/home/csrobot/ros2_humble/install/examples_rclpy_minimal_subscriber:/home/csrobot/ros2_humble/install/examples_rclpy_minimal_service:/home/csrobot/ros2_humble/install/examples_rclpy_minimal_publisher:/home/csrobot/ros2_humble/install/examples_rclpy_minimal_client:/home/csrobot/ros2_humble/install/examples_rclpy_minimal_action_server:/home/csrobot/ros2_humble/install/examples_rclpy_minimal_action_client:/home/csrobot/ros2_humble/install/examples_rclpy_guard_conditions:/home/csrobot/ros2_humble/install/examples_rclpy_executors:/home/csrobot/ros2_humble/install/camera_info_manager_py:/home/csrobot/ros2_humble/install/action_tutorials_py:/home/csrobot/ros2_humble/install/ament_uncrustify:/home/csrobot/ros2_humble/install/tracetools_trace:/home/csrobot/ros2_humble/install/tracetools_read:/home/csrobot/ros2_humble/install/test_tracetools_launch:/home/csrobot/ros2_humble/install/test_launch_ros:/home/csrobot/ros2_humble/install/sensor_msgs_py:/home/csrobot/ros2_humble/install/rpyutils:/home/csrobot/ros2_humble/install/rosidl_runtime_py:/home/csrobot/ros2_humble/install/rosidl_cli:/home/csrobot/ros2_humble/install/launch_pytest:/home/csrobot/ros2_humble/install/launch_testing:/home/csrobot/ros2_humble/install/launch_yaml:/home/csrobot/ros2_humble/install/launch_xml:/home/csrobot/ros2_humble/install/launch:/home/csrobot/ros2_humble/install/osrf_pycommon:/home/csrobot/ros2_humble/install/domain_coordinator:/home/csrobot/ros2_humble/install/ament_xmllint:/home/csrobot/ros2_humble/install/ament_pyflakes:/home/csrobot/ros2_humble/install/ament_pycodestyle:/home/csrobot/ros2_humble/install/ament_pep257:/home/csrobot/ros2_humble/install/ament_pclint:/home/csrobot/ros2_humble/install/ament_package:/home/csrobot/ros2_humble/install/ament_mypy:/home/csrobot/ros2_humble/install/ament_lint_cmake:/home/csrobot/ros2_humble/install/ament_flake8:/home/csrobot/ros2_humble/install/ament_copyright:/home/csrobot/ros2_humble/install/ament_lint:/home/csrobot/ros2_humble/install/ament_index_python:/home/csrobot/ros2_humble/install/ament_cpplint:/home/csrobot/ros2_humble/install/ament_cppcheck:/home/csrobot/ros2_humble/install/ament_clang_tidy:/home/csrobot/ros2_humble/install/ament_clang_format:/home/csrobot/flexbe_ws/install/tm_mod_urdf:/home/csrobot/flexbe_ws/install/tm_get_status:/home/csrobot/flexbe_ws/install/moveit_configs_utils:/home/csrobot/flexbe_ws/install/example_flexbe_states:/home/csrobot/flexbe_ws/install/compare_flexbe_states:/home/csrobot/flexbe_ws/install/flexbe_webui:/home/csrobot/flexbe_ws/install/flexbe_onboard:/home/csrobot/flexbe_ws/install/flexbe_states:/home/csrobot/flexbe_ws/install/flexbe_mirror:/home/csrobot/flexbe_ws/install/flexbe_input:/home/csrobot/flexbe_ws/install/flexbe_core:/opt/ros/humble /usr/bin/cmake --install /home/csrobot/flexbe_ws/build/flexbe_msgs
[1.828s] -- Install configuration: ""
[1.828s] -- Up-to-date: /home/csrobot/flexbe_ws/install/flexbe_msgs/share/ament_index/resource_index/rosidl_interfaces/flexbe_msgs
[1.828s] -- Up-to-date: /home/csrobot/flexbe_ws/install/flexbe_msgs/include/flexbe_msgs/flexbe_msgs
[1.828s] -- Up-to-date: /home/csrobot/flexbe_ws/install/flexbe_msgs/include/flexbe_msgs/flexbe_msgs/msg
[1.828s] -- Up-to-date: /home/csrobot/flexbe_ws/install/flexbe_msgs/include/flexbe_msgs/flexbe_msgs/msg/state_instantiation.h
[1.828s] -- Up-to-date: /home/csrobot/flexbe_ws/install/flexbe_msgs/include/flexbe_msgs/flexbe_msgs/msg/behavior_request.h
[1.828s] -- Up-to-date: /home/csrobot/flexbe_ws/install/flexbe_msgs/include/flexbe_msgs/flexbe_msgs/msg/command_feedback.h
[1.828s] -- Up-to-date: /home/csrobot/flexbe_ws/install/flexbe_msgs/include/flexbe_msgs/flexbe_msgs/msg/be_status.h
[1.828s] -- Up-to-date: /home/csrobot/flexbe_ws/install/flexbe_msgs/include/flexbe_msgs/flexbe_msgs/msg/synthesis_error_codes.h
[1.828s] -- Up-to-date: /home/csrobot/flexbe_ws/install/flexbe_msgs/include/flexbe_msgs/flexbe_msgs/msg/behavior_selection.h
[1.829s] -- Up-to-date: /home/csrobot/flexbe_ws/install/flexbe_msgs/include/flexbe_msgs/flexbe_msgs/msg/behavior_sync.h
[1.829s] -- Up-to-date: /home/csrobot/flexbe_ws/install/flexbe_msgs/include/flexbe_msgs/flexbe_msgs/msg/rosidl_generator_c__visibility_control.h
[1.829s] -- Up-to-date: /home/csrobot/flexbe_ws/install/flexbe_msgs/include/flexbe_msgs/flexbe_msgs/msg/state_map_msg.h
[1.829s] -- Up-to-date: /home/csrobot/flexbe_ws/install/flexbe_msgs/include/flexbe_msgs/flexbe_msgs/msg/userdata_info.h
[1.829s] -- Up-to-date: /home/csrobot/flexbe_ws/install/flexbe_msgs/include/flexbe_msgs/flexbe_msgs/msg/outcome_request.h
[1.829s] -- Up-to-date: /home/csrobot/flexbe_ws/install/flexbe_msgs/include/flexbe_msgs/flexbe_msgs/msg/outcome_condition.h
[1.829s] -- Up-to-date: /home/csrobot/flexbe_ws/install/flexbe_msgs/include/flexbe_msgs/flexbe_msgs/msg/synthesis_request.h
[1.829s] -- Up-to-date: /home/csrobot/flexbe_ws/install/flexbe_msgs/include/flexbe_msgs/flexbe_msgs/msg/container_structure.h
[1.829s] -- Up-to-date: /home/csrobot/flexbe_ws/install/flexbe_msgs/include/flexbe_msgs/flexbe_msgs/msg/detail
[1.829s] -- Up-to-date: /home/csrobot/flexbe_ws/install/flexbe_msgs/include/flexbe_msgs/flexbe_msgs/msg/detail/command_feedback__functions.h
[1.829s] -- Up-to-date: /home/csrobot/flexbe_ws/install/flexbe_msgs/include/flexbe_msgs/flexbe_msgs/msg/detail/behavior_sync__functions.c
[1.829s] -- Up-to-date: /home/csrobot/flexbe_ws/install/flexbe_msgs/include/flexbe_msgs/flexbe_msgs/msg/detail/synthesis_error_codes__functions.c
[1.829s] -- Up-to-date: /home/csrobot/flexbe_ws/install/flexbe_msgs/include/flexbe_msgs/flexbe_msgs/msg/detail/outcome_request__type_support.h
[1.829s] -- Up-to-date: /home/csrobot/flexbe_ws/install/flexbe_msgs/include/flexbe_msgs/flexbe_msgs/msg/detail/state_instantiation__type_support.h
[1.829s] -- Up-to-date: /home/csrobot/flexbe_ws/install/flexbe_msgs/include/flexbe_msgs/flexbe_msgs/msg/detail/userdata_info__functions.c
[1.829s] -- Up-to-date: /home/csrobot/flexbe_ws/install/flexbe_msgs/include/flexbe_msgs/flexbe_msgs/msg/detail/be_status__struct.h
[1.829s] -- Up-to-date: /home/csrobot/flexbe_ws/install/flexbe_msgs/include/flexbe_msgs/flexbe_msgs/msg/detail/synthesis_request__type_support.h
[1.829s] -- Up-to-date: /home/csrobot/flexbe_ws/install/flexbe_msgs/include/flexbe_msgs/flexbe_msgs/msg/detail/state_instantiation__functions.c
[1.829s] -- Up-to-date: /home/csrobot/flexbe_ws/install/flexbe_msgs/include/flexbe_msgs/flexbe_msgs/msg/detail/outcome_request__functions.h
[1.829s] -- Up-to-date: /home/csrobot/flexbe_ws/install/flexbe_msgs/include/flexbe_msgs/flexbe_msgs/msg/detail/behavior_selection__type_support.h
[1.833s] -- Up-to-date: /home/csrobot/flexbe_ws/install/flexbe_msgs/include/flexbe_msgs/flexbe_msgs/msg/detail/userdata_info__type_support.h
[1.834s] -- Up-to-date: /home/csrobot/flexbe_ws/install/flexbe_msgs/include/flexbe_msgs/flexbe_msgs/msg/detail/behavior_log__struct.h
[1.834s] -- Up-to-date: /home/csrobot/flexbe_ws/install/flexbe_msgs/include/flexbe_msgs/flexbe_msgs/msg/detail/behavior_log__functions.h
[1.834s] -- Up-to-date: /home/csrobot/flexbe_ws/install/flexbe_msgs/include/flexbe_msgs/flexbe_msgs/msg/detail/synthesis_error_codes__functions.h
[1.834s] -- Up-to-date: /home/csrobot/flexbe_ws/install/flexbe_msgs/include/flexbe_msgs/flexbe_msgs/msg/detail/ui_command__functions.c
[1.834s] -- Up-to-date: /home/csrobot/flexbe_ws/install/flexbe_msgs/include/flexbe_msgs/flexbe_msgs/msg/detail/outcome_condition__type_support.h
[1.834s] -- Up-to-date: /home/csrobot/flexbe_ws/install/flexbe_msgs/include/flexbe_msgs/flexbe_msgs/msg/detail/behavior_request__functions.c
[1.834s] -- Up-to-date: /home/csrobot/flexbe_ws/install/flexbe_msgs/include/flexbe_msgs/flexbe_msgs/msg/detail/command_feedback__functions.c
[1.834s] -- Up-to-date: /home/csrobot/flexbe_ws/install/flexbe_msgs/include/flexbe_msgs/flexbe_msgs/msg/detail/synthesis_request__functions.h
[1.834s] -- Up-to-date: /home/csrobot/flexbe_ws/install/flexbe_msgs/include/flexbe_msgs/flexbe_msgs/msg/detail/synthesis_request__functions.c
[1.834s] -- Up-to-date: /home/csrobot/flexbe_ws/install/flexbe_msgs/include/flexbe_msgs/flexbe_msgs/msg/detail/ui_command__struct.h
[1.834s] -- Up-to-date: /home/csrobot/flexbe_ws/install/flexbe_msgs/include/flexbe_msgs/flexbe_msgs/msg/detail/container_structure__functions.h
[1.835s] -- Up-to-date: /home/csrobot/flexbe_ws/install/flexbe_msgs/include/flexbe_msgs/flexbe_msgs/msg/detail/be_status__functions.h
[1.835s] -- Up-to-date: /home/csrobot/flexbe_ws/install/flexbe_msgs/include/flexbe_msgs/flexbe_msgs/msg/detail/container__functions.c
[1.835s] -- Up-to-date: /home/csrobot/flexbe_ws/install/flexbe_msgs/include/flexbe_msgs/flexbe_msgs/msg/detail/behavior_request__functions.h
[1.835s] -- Up-to-date: /home/csrobot/flexbe_ws/install/flexbe_msgs/include/flexbe_msgs/flexbe_msgs/msg/detail/behavior_sync__struct.h
[1.835s] -- Up-to-date: /home/csrobot/flexbe_ws/install/flexbe_msgs/include/flexbe_msgs/flexbe_msgs/msg/detail/outcome_request__struct.h
[1.835s] -- Up-to-date: /home/csrobot/flexbe_ws/install/flexbe_msgs/include/flexbe_msgs/flexbe_msgs/msg/detail/be_status__functions.c
[1.835s] -- Up-to-date: /home/csrobot/flexbe_ws/install/flexbe_msgs/include/flexbe_msgs/flexbe_msgs/msg/detail/container__type_support.h
[1.835s] -- Up-to-date: /home/csrobot/flexbe_ws/install/flexbe_msgs/include/flexbe_msgs/flexbe_msgs/msg/detail/behavior_request__type_support.h
[1.835s] -- Up-to-date: /home/csrobot/flexbe_ws/install/flexbe_msgs/include/flexbe_msgs/flexbe_msgs/msg/detail/behavior_modification__struct.h
[1.835s] -- Up-to-date: /home/csrobot/flexbe_ws/install/flexbe_msgs/include/flexbe_msgs/flexbe_msgs/msg/detail/container__functions.h
[1.835s] -- Up-to-date: /home/csrobot/flexbe_ws/install/flexbe_msgs/include/flexbe_msgs/flexbe_msgs/msg/detail/container_structure__struct.h
[1.835s] -- Up-to-date: /home/csrobot/flexbe_ws/install/flexbe_msgs/include/flexbe_msgs/flexbe_msgs/msg/detail/behavior_selection__struct.h
[1.835s] -- Up-to-date: /home/csrobot/flexbe_ws/install/flexbe_msgs/include/flexbe_msgs/flexbe_msgs/msg/detail/ui_command__type_support.h
[1.835s] -- Up-to-date: /home/csrobot/flexbe_ws/install/flexbe_msgs/include/flexbe_msgs/flexbe_msgs/msg/detail/ui_command__functions.h
[1.835s] -- Up-to-date: /home/csrobot/flexbe_ws/install/flexbe_msgs/include/flexbe_msgs/flexbe_msgs/msg/detail/behavior_modification__functions.c
[1.835s] -- Up-to-date: /home/csrobot/flexbe_ws/install/flexbe_msgs/include/flexbe_msgs/flexbe_msgs/msg/detail/container_structure__functions.c
[1.835s] -- Up-to-date: /home/csrobot/flexbe_ws/install/flexbe_msgs/include/flexbe_msgs/flexbe_msgs/msg/detail/behavior_selection__functions.c
[1.835s] -- Up-to-date: /home/csrobot/flexbe_ws/install/flexbe_msgs/include/flexbe_msgs/flexbe_msgs/msg/detail/behavior_sync__functions.h
[1.835s] -- Up-to-date: /home/csrobot/flexbe_ws/install/flexbe_msgs/include/flexbe_msgs/flexbe_msgs/msg/detail/state_map_msg__type_support.h
[1.835s] -- Up-to-date: /home/csrobot/flexbe_ws/install/flexbe_msgs/include/flexbe_msgs/flexbe_msgs/msg/detail/command_feedback__struct.h
[1.835s] -- Up-to-date: /home/csrobot/flexbe_ws/install/flexbe_msgs/include/flexbe_msgs/flexbe_msgs/msg/detail/container__struct.h
[1.835s] -- Up-to-date: /home/csrobot/flexbe_ws/install/flexbe_msgs/include/flexbe_msgs/flexbe_msgs/msg/detail/be_status__type_support.h
[1.835s] -- Up-to-date: /home/csrobot/flexbe_ws/install/flexbe_msgs/include/flexbe_msgs/flexbe_msgs/msg/detail/state_map_msg__functions.h
[1.836s] -- Up-to-date: /home/csrobot/flexbe_ws/install/flexbe_msgs/include/flexbe_msgs/flexbe_msgs/msg/detail/behavior_modification__type_support.h
[1.836s] -- Up-to-date: /home/csrobot/flexbe_ws/install/flexbe_msgs/include/flexbe_msgs/flexbe_msgs/msg/detail/state_instantiation__functions.h
[1.836s] -- Up-to-date: /home/csrobot/flexbe_ws/install/flexbe_msgs/include/flexbe_msgs/flexbe_msgs/msg/detail/behavior_log__functions.c
[1.836s] -- Up-to-date: /home/csrobot/flexbe_ws/install/flexbe_msgs/include/flexbe_msgs/flexbe_msgs/msg/detail/outcome_condition__functions.c
[1.836s] -- Up-to-date: /home/csrobot/flexbe_ws/install/flexbe_msgs/include/flexbe_msgs/flexbe_msgs/msg/detail/synthesis_request__struct.h
[1.836s] -- Up-to-date: /home/csrobot/flexbe_ws/install/flexbe_msgs/include/flexbe_msgs/flexbe_msgs/msg/detail/userdata_info__struct.h
[1.836s] -- Up-to-date: /home/csrobot/flexbe_ws/install/flexbe_msgs/include/flexbe_msgs/flexbe_msgs/msg/detail/state_map_msg__struct.h
[1.836s] -- Up-to-date: /home/csrobot/flexbe_ws/install/flexbe_msgs/include/flexbe_msgs/flexbe_msgs/msg/detail/behavior_sync__type_support.h
[1.836s] -- Up-to-date: /home/csrobot/flexbe_ws/install/flexbe_msgs/include/flexbe_msgs/flexbe_msgs/msg/detail/behavior_modification__functions.h
[1.836s] -- Up-to-date: /home/csrobot/flexbe_ws/install/flexbe_msgs/include/flexbe_msgs/flexbe_msgs/msg/detail/outcome_condition__functions.h
[1.836s] -- Up-to-date: /home/csrobot/flexbe_ws/install/flexbe_msgs/include/flexbe_msgs/flexbe_msgs/msg/detail/behavior_request__struct.h
[1.836s] -- Up-to-date: /home/csrobot/flexbe_ws/install/flexbe_msgs/include/flexbe_msgs/flexbe_msgs/msg/detail/behavior_log__type_support.h
[1.836s] -- Up-to-date: /home/csrobot/flexbe_ws/install/flexbe_msgs/include/flexbe_msgs/flexbe_msgs/msg/detail/state_map_msg__functions.c
[1.836s] -- Up-to-date: /home/csrobot/flexbe_ws/install/flexbe_msgs/include/flexbe_msgs/flexbe_msgs/msg/detail/synthesis_error_codes__struct.h
[1.836s] -- Up-to-date: /home/csrobot/flexbe_ws/install/flexbe_msgs/include/flexbe_msgs/flexbe_msgs/msg/detail/container_structure__type_support.h
[1.836s] -- Up-to-date: /home/csrobot/flexbe_ws/install/flexbe_msgs/include/flexbe_msgs/flexbe_msgs/msg/detail/outcome_request__functions.c
[1.836s] -- Up-to-date: /home/csrobot/flexbe_ws/install/flexbe_msgs/include/flexbe_msgs/flexbe_msgs/msg/detail/outcome_condition__struct.h
[1.836s] -- Up-to-date: /home/csrobot/flexbe_ws/install/flexbe_msgs/include/flexbe_msgs/flexbe_msgs/msg/detail/synthesis_error_codes__type_support.h
[1.836s] -- Up-to-date: /home/csrobot/flexbe_ws/install/flexbe_msgs/include/flexbe_msgs/flexbe_msgs/msg/detail/command_feedback__type_support.h
[1.836s] -- Up-to-date: /home/csrobot/flexbe_ws/install/flexbe_msgs/include/flexbe_msgs/flexbe_msgs/msg/detail/state_instantiation__struct.h
[1.836s] -- Up-to-date: /home/csrobot/flexbe_ws/install/flexbe_msgs/include/flexbe_msgs/flexbe_msgs/msg/detail/behavior_selection__functions.h
[1.836s] -- Up-to-date: /home/csrobot/flexbe_ws/install/flexbe_msgs/include/flexbe_msgs/flexbe_msgs/msg/detail/userdata_info__functions.h
[1.836s] -- Up-to-date: /home/csrobot/flexbe_ws/install/flexbe_msgs/include/flexbe_msgs/flexbe_msgs/msg/behavior_log.h
[1.836s] -- Up-to-date: /home/csrobot/flexbe_ws/install/flexbe_msgs/include/flexbe_msgs/flexbe_msgs/msg/behavior_modification.h
[1.837s] -- Up-to-date: /home/csrobot/flexbe_ws/install/flexbe_msgs/include/flexbe_msgs/flexbe_msgs/msg/container.h
[1.837s] -- Up-to-date: /home/csrobot/flexbe_ws/install/flexbe_msgs/include/flexbe_msgs/flexbe_msgs/msg/ui_command.h
[1.837s] -- Up-to-date: /home/csrobot/flexbe_ws/install/flexbe_msgs/include/flexbe_msgs/flexbe_msgs/srv
[1.837s] -- Up-to-date: /home/csrobot/flexbe_ws/install/flexbe_msgs/include/flexbe_msgs/flexbe_msgs/srv/detail
[1.837s] -- Up-to-date: /home/csrobot/flexbe_ws/install/flexbe_msgs/include/flexbe_msgs/flexbe_msgs/srv/detail/get_userdata__struct.h
[1.837s] -- Up-to-date: /home/csrobot/flexbe_ws/install/flexbe_msgs/include/flexbe_msgs/flexbe_msgs/srv/detail/get_userdata__type_support.h
[1.837s] -- Up-to-date: /home/csrobot/flexbe_ws/install/flexbe_msgs/include/flexbe_msgs/flexbe_msgs/srv/detail/get_userdata__functions.c
[1.837s] -- Up-to-date: /home/csrobot/flexbe_ws/install/flexbe_msgs/include/flexbe_msgs/flexbe_msgs/srv/detail/get_userdata__functions.h
[1.837s] -- Up-to-date: /home/csrobot/flexbe_ws/install/flexbe_msgs/include/flexbe_msgs/flexbe_msgs/srv/get_userdata.h
[1.837s] -- Up-to-date: /home/csrobot/flexbe_ws/install/flexbe_msgs/include/flexbe_msgs/flexbe_msgs/action
[1.837s] -- Up-to-date: /home/csrobot/flexbe_ws/install/flexbe_msgs/include/flexbe_msgs/flexbe_msgs/action/behavior_execution.h
[1.837s] -- Up-to-date: /home/csrobot/flexbe_ws/install/flexbe_msgs/include/flexbe_msgs/flexbe_msgs/action/behavior_synthesis.h
[1.844s] -- Up-to-date: /home/csrobot/flexbe_ws/install/flexbe_msgs/include/flexbe_msgs/flexbe_msgs/action/behavior_input.h
[1.844s] -- Up-to-date: /home/csrobot/flexbe_ws/install/flexbe_msgs/include/flexbe_msgs/flexbe_msgs/action/detail
[1.844s] -- Up-to-date: /home/csrobot/flexbe_ws/install/flexbe_msgs/include/flexbe_msgs/flexbe_msgs/action/detail/behavior_execution__functions.h
[1.844s] -- Up-to-date: /home/csrobot/flexbe_ws/install/flexbe_msgs/include/flexbe_msgs/flexbe_msgs/action/detail/behavior_input__type_support.h
[1.844s] -- Up-to-date: /home/csrobot/flexbe_ws/install/flexbe_msgs/include/flexbe_msgs/flexbe_msgs/action/detail/behavior_synthesis__struct.h
[1.844s] -- Up-to-date: /home/csrobot/flexbe_ws/install/flexbe_msgs/include/flexbe_msgs/flexbe_msgs/action/detail/behavior_execution__type_support.h
[1.844s] -- Up-to-date: /home/csrobot/flexbe_ws/install/flexbe_msgs/include/flexbe_msgs/flexbe_msgs/action/detail/behavior_execution__functions.c
[1.844s] -- Up-to-date: /home/csrobot/flexbe_ws/install/flexbe_msgs/include/flexbe_msgs/flexbe_msgs/action/detail/behavior_input__functions.c
[1.844s] -- Up-to-date: /home/csrobot/flexbe_ws/install/flexbe_msgs/include/flexbe_msgs/flexbe_msgs/action/detail/behavior_synthesis__functions.h
[1.844s] -- Up-to-date: /home/csrobot/flexbe_ws/install/flexbe_msgs/include/flexbe_msgs/flexbe_msgs/action/detail/behavior_input__struct.h
[1.844s] -- Up-to-date: /home/csrobot/flexbe_ws/install/flexbe_msgs/include/flexbe_msgs/flexbe_msgs/action/detail/behavior_synthesis__functions.c
[1.844s] -- Up-to-date: /home/csrobot/flexbe_ws/install/flexbe_msgs/include/flexbe_msgs/flexbe_msgs/action/detail/behavior_execution__struct.h
[1.845s] -- Up-to-date: /home/csrobot/flexbe_ws/install/flexbe_msgs/include/flexbe_msgs/flexbe_msgs/action/detail/behavior_input__functions.h
[1.845s] -- Up-to-date: /home/csrobot/flexbe_ws/install/flexbe_msgs/include/flexbe_msgs/flexbe_msgs/action/detail/behavior_synthesis__type_support.h
[1.845s] -- Up-to-date: /home/csrobot/flexbe_ws/install/flexbe_msgs/share/flexbe_msgs/environment/library_path.sh
[1.845s] -- Up-to-date: /home/csrobot/flexbe_ws/install/flexbe_msgs/share/flexbe_msgs/environment/library_path.dsv
[1.845s] -- Up-to-date: /home/csrobot/flexbe_ws/install/flexbe_msgs/lib/libflexbe_msgs__rosidl_generator_c.so
[1.845s] -- Up-to-date: /home/csrobot/flexbe_ws/install/flexbe_msgs/include/flexbe_msgs/flexbe_msgs
[1.845s] -- Up-to-date: /home/csrobot/flexbe_ws/install/flexbe_msgs/include/flexbe_msgs/flexbe_msgs/msg
[1.845s] -- Up-to-date: /home/csrobot/flexbe_ws/install/flexbe_msgs/include/flexbe_msgs/flexbe_msgs/msg/rosidl_typesupport_introspection_c__visibility_control.h
[1.845s] -- Up-to-date: /home/csrobot/flexbe_ws/install/flexbe_msgs/include/flexbe_msgs/flexbe_msgs/msg/detail
[1.845s] -- Up-to-date: /home/csrobot/flexbe_ws/install/flexbe_msgs/include/flexbe_msgs/flexbe_msgs/msg/detail/behavior_sync__type_support.c
[1.845s] -- Up-to-date: /home/csrobot/flexbe_ws/install/flexbe_msgs/include/flexbe_msgs/flexbe_msgs/msg/detail/container_structure__rosidl_typesupport_introspection_c.h
[1.845s] -- Up-to-date: /home/csrobot/flexbe_ws/install/flexbe_msgs/include/flexbe_msgs/flexbe_msgs/msg/detail/state_map_msg__rosidl_typesupport_introspection_c.h
[1.845s] -- Up-to-date: /home/csrobot/flexbe_ws/install/flexbe_msgs/include/flexbe_msgs/flexbe_msgs/msg/detail/userdata_info__type_support.c
[1.845s] -- Up-to-date: /home/csrobot/flexbe_ws/install/flexbe_msgs/include/flexbe_msgs/flexbe_msgs/msg/detail/ui_command__type_support.c
[1.845s] -- Up-to-date: /home/csrobot/flexbe_ws/install/flexbe_msgs/include/flexbe_msgs/flexbe_msgs/msg/detail/state_instantiation__type_support.c
[1.845s] -- Up-to-date: /home/csrobot/flexbe_ws/install/flexbe_msgs/include/flexbe_msgs/flexbe_msgs/msg/detail/state_map_msg__type_support.c
[1.845s] -- Up-to-date: /home/csrobot/flexbe_ws/install/flexbe_msgs/include/flexbe_msgs/flexbe_msgs/msg/detail/behavior_request__type_support.c
[1.845s] -- Up-to-date: /home/csrobot/flexbe_ws/install/flexbe_msgs/include/flexbe_msgs/flexbe_msgs/msg/detail/synthesis_error_codes__rosidl_typesupport_introspection_c.h
[1.845s] -- Up-to-date: /home/csrobot/flexbe_ws/install/flexbe_msgs/include/flexbe_msgs/flexbe_msgs/msg/detail/outcome_request__type_support.c
[1.845s] -- Up-to-date: /home/csrobot/flexbe_ws/install/flexbe_msgs/include/flexbe_msgs/flexbe_msgs/msg/detail/be_status__type_support.c
[1.845s] -- Up-to-date: /home/csrobot/flexbe_ws/install/flexbe_msgs/include/flexbe_msgs/flexbe_msgs/msg/detail/behavior_request__rosidl_typesupport_introspection_c.h
[1.849s] -- Up-to-date: /home/csrobot/flexbe_ws/install/flexbe_msgs/include/flexbe_msgs/flexbe_msgs/msg/detail/behavior_sync__rosidl_typesupport_introspection_c.h
[1.849s] -- Up-to-date: /home/csrobot/flexbe_ws/install/flexbe_msgs/include/flexbe_msgs/flexbe_msgs/msg/detail/container__rosidl_typesupport_introspection_c.h
[1.849s] -- Up-to-date: /home/csrobot/flexbe_ws/install/flexbe_msgs/include/flexbe_msgs/flexbe_msgs/msg/detail/outcome_request__rosidl_typesupport_introspection_c.h
[1.849s] -- Up-to-date: /home/csrobot/flexbe_ws/install/flexbe_msgs/include/flexbe_msgs/flexbe_msgs/msg/detail/container__type_support.c
[1.849s] -- Up-to-date: /home/csrobot/flexbe_ws/install/flexbe_msgs/include/flexbe_msgs/flexbe_msgs/msg/detail/ui_command__rosidl_typesupport_introspection_c.h
[1.849s] -- Up-to-date: /home/csrobot/flexbe_ws/install/flexbe_msgs/include/flexbe_msgs/flexbe_msgs/msg/detail/behavior_modification__type_support.c
[1.849s] -- Up-to-date: /home/csrobot/flexbe_ws/install/flexbe_msgs/include/flexbe_msgs/flexbe_msgs/msg/detail/command_feedback__type_support.c
[1.849s] -- Up-to-date: /home/csrobot/flexbe_ws/install/flexbe_msgs/include/flexbe_msgs/flexbe_msgs/msg/detail/synthesis_error_codes__type_support.c
[1.849s] -- Up-to-date: /home/csrobot/flexbe_ws/install/flexbe_msgs/include/flexbe_msgs/flexbe_msgs/msg/detail/container_structure__type_support.c
[1.849s] -- Up-to-date: /home/csrobot/flexbe_ws/install/flexbe_msgs/include/flexbe_msgs/flexbe_msgs/msg/detail/command_feedback__rosidl_typesupport_introspection_c.h
[1.849s] -- Up-to-date: /home/csrobot/flexbe_ws/install/flexbe_msgs/include/flexbe_msgs/flexbe_msgs/msg/detail/be_status__rosidl_typesupport_introspection_c.h
[1.849s] -- Up-to-date: /home/csrobot/flexbe_ws/install/flexbe_msgs/include/flexbe_msgs/flexbe_msgs/msg/detail/behavior_selection__type_support.c
[1.849s] -- Up-to-date: /home/csrobot/flexbe_ws/install/flexbe_msgs/include/flexbe_msgs/flexbe_msgs/msg/detail/synthesis_request__rosidl_typesupport_introspection_c.h
[1.849s] -- Up-to-date: /home/csrobot/flexbe_ws/install/flexbe_msgs/include/flexbe_msgs/flexbe_msgs/msg/detail/outcome_condition__rosidl_typesupport_introspection_c.h
[1.849s] -- Up-to-date: /home/csrobot/flexbe_ws/install/flexbe_msgs/include/flexbe_msgs/flexbe_msgs/msg/detail/synthesis_request__type_support.c
[1.850s] -- Up-to-date: /home/csrobot/flexbe_ws/install/flexbe_msgs/include/flexbe_msgs/flexbe_msgs/msg/detail/behavior_log__rosidl_typesupport_introspection_c.h
[1.850s] -- Up-to-date: /home/csrobot/flexbe_ws/install/flexbe_msgs/include/flexbe_msgs/flexbe_msgs/msg/detail/behavior_modification__rosidl_typesupport_introspection_c.h
[1.850s] -- Up-to-date: /home/csrobot/flexbe_ws/install/flexbe_msgs/include/flexbe_msgs/flexbe_msgs/msg/detail/behavior_selection__rosidl_typesupport_introspection_c.h
[1.850s] -- Up-to-date: /home/csrobot/flexbe_ws/install/flexbe_msgs/include/flexbe_msgs/flexbe_msgs/msg/detail/userdata_info__rosidl_typesupport_introspection_c.h
[1.850s] -- Up-to-date: /home/csrobot/flexbe_ws/install/flexbe_msgs/include/flexbe_msgs/flexbe_msgs/msg/detail/behavior_log__type_support.c
[1.850s] -- Up-to-date: /home/csrobot/flexbe_ws/install/flexbe_msgs/include/flexbe_msgs/flexbe_msgs/msg/detail/state_instantiation__rosidl_typesupport_introspection_c.h
[1.850s] -- Up-to-date: /home/csrobot/flexbe_ws/install/flexbe_msgs/include/flexbe_msgs/flexbe_msgs/msg/detail/outcome_condition__type_support.c
[1.850s] -- Up-to-date: /home/csrobot/flexbe_ws/install/flexbe_msgs/include/flexbe_msgs/flexbe_msgs/srv
[1.850s] -- Up-to-date: /home/csrobot/flexbe_ws/install/flexbe_msgs/include/flexbe_msgs/flexbe_msgs/srv/detail
[1.850s] -- Up-to-date: /home/csrobot/flexbe_ws/install/flexbe_msgs/include/flexbe_msgs/flexbe_msgs/srv/detail/get_userdata__type_support.c
[1.850s] -- Up-to-date: /home/csrobot/flexbe_ws/install/flexbe_msgs/include/flexbe_msgs/flexbe_msgs/srv/detail/get_userdata__rosidl_typesupport_introspection_c.h
[1.850s] -- Up-to-date: /home/csrobot/flexbe_ws/install/flexbe_msgs/include/flexbe_msgs/flexbe_msgs/action
[1.853s] -- Up-to-date: /home/csrobot/flexbe_ws/install/flexbe_msgs/include/flexbe_msgs/flexbe_msgs/action/detail
[1.853s] -- Up-to-date: /home/csrobot/flexbe_ws/install/flexbe_msgs/include/flexbe_msgs/flexbe_msgs/action/detail/behavior_synthesis__rosidl_typesupport_introspection_c.h
[1.853s] -- Up-to-date: /home/csrobot/flexbe_ws/install/flexbe_msgs/include/flexbe_msgs/flexbe_msgs/action/detail/behavior_input__rosidl_typesupport_introspection_c.h
[1.853s] -- Up-to-date: /home/csrobot/flexbe_ws/install/flexbe_msgs/include/flexbe_msgs/flexbe_msgs/action/detail/behavior_execution__type_support.c
[1.853s] -- Up-to-date: /home/csrobot/flexbe_ws/install/flexbe_msgs/include/flexbe_msgs/flexbe_msgs/action/detail/behavior_synthesis__type_support.c
[1.853s] -- Up-to-date: /home/csrobot/flexbe_ws/install/flexbe_msgs/include/flexbe_msgs/flexbe_msgs/action/detail/behavior_execution__rosidl_typesupport_introspection_c.h
[1.853s] -- Up-to-date: /home/csrobot/flexbe_ws/install/flexbe_msgs/include/flexbe_msgs/flexbe_msgs/action/detail/behavior_input__type_support.c
[1.853s] -- Up-to-date: /home/csrobot/flexbe_ws/install/flexbe_msgs/lib/libflexbe_msgs__rosidl_typesupport_introspection_c.so
[1.853s] -- Up-to-date: /home/csrobot/flexbe_ws/install/flexbe_msgs/include/flexbe_msgs/flexbe_msgs
[1.853s] -- Up-to-date: /home/csrobot/flexbe_ws/install/flexbe_msgs/include/flexbe_msgs/flexbe_msgs/msg
[1.853s] -- Up-to-date: /home/csrobot/flexbe_ws/install/flexbe_msgs/include/flexbe_msgs/flexbe_msgs/msg/rosidl_typesupport_fastrtps_c__visibility_control.h
[1.853s] -- Up-to-date: /home/csrobot/flexbe_ws/install/flexbe_msgs/include/flexbe_msgs/flexbe_msgs/msg/detail
[1.853s] -- Up-to-date: /home/csrobot/flexbe_ws/install/flexbe_msgs/include/flexbe_msgs/flexbe_msgs/msg/detail/behavior_sync__rosidl_typesupport_fastrtps_c.h
[1.853s] -- Up-to-date: /home/csrobot/flexbe_ws/install/flexbe_msgs/include/flexbe_msgs/flexbe_msgs/msg/detail/command_feedback__rosidl_typesupport_fastrtps_c.h
[1.853s] -- Up-to-date: /home/csrobot/flexbe_ws/install/flexbe_msgs/include/flexbe_msgs/flexbe_msgs/msg/detail/synthesis_request__rosidl_typesupport_fastrtps_c.h
[1.853s] -- Up-to-date: /home/csrobot/flexbe_ws/install/flexbe_msgs/include/flexbe_msgs/flexbe_msgs/msg/detail/container_structure__rosidl_typesupport_fastrtps_c.h
[1.853s] -- Up-to-date: /home/csrobot/flexbe_ws/install/flexbe_msgs/include/flexbe_msgs/flexbe_msgs/msg/detail/state_map_msg__rosidl_typesupport_fastrtps_c.h
[1.853s] -- Up-to-date: /home/csrobot/flexbe_ws/install/flexbe_msgs/include/flexbe_msgs/flexbe_msgs/msg/detail/outcome_request__rosidl_typesupport_fastrtps_c.h
[1.853s] -- Up-to-date: /home/csrobot/flexbe_ws/install/flexbe_msgs/include/flexbe_msgs/flexbe_msgs/msg/detail/state_instantiation__rosidl_typesupport_fastrtps_c.h
[1.853s] -- Up-to-date: /home/csrobot/flexbe_ws/install/flexbe_msgs/include/flexbe_msgs/flexbe_msgs/msg/detail/be_status__rosidl_typesupport_fastrtps_c.h
[1.854s] -- Up-to-date: /home/csrobot/flexbe_ws/install/flexbe_msgs/include/flexbe_msgs/flexbe_msgs/msg/detail/behavior_selection__rosidl_typesupport_fastrtps_c.h
[1.854s] -- Up-to-date: /home/csrobot/flexbe_ws/install/flexbe_msgs/include/flexbe_msgs/flexbe_msgs/msg/detail/behavior_request__rosidl_typesupport_fastrtps_c.h
[1.854s] -- Up-to-date: /home/csrobot/flexbe_ws/install/flexbe_msgs/include/flexbe_msgs/flexbe_msgs/msg/detail/container__rosidl_typesupport_fastrtps_c.h
[1.854s] -- Up-to-date: /home/csrobot/flexbe_ws/install/flexbe_msgs/include/flexbe_msgs/flexbe_msgs/msg/detail/outcome_condition__rosidl_typesupport_fastrtps_c.h
[1.854s] -- Up-to-date: /home/csrobot/flexbe_ws/install/flexbe_msgs/include/flexbe_msgs/flexbe_msgs/msg/detail/behavior_modification__rosidl_typesupport_fastrtps_c.h
[1.854s] -- Up-to-date: /home/csrobot/flexbe_ws/install/flexbe_msgs/include/flexbe_msgs/flexbe_msgs/msg/detail/behavior_log__rosidl_typesupport_fastrtps_c.h
[1.854s] -- Up-to-date: /home/csrobot/flexbe_ws/install/flexbe_msgs/include/flexbe_msgs/flexbe_msgs/msg/detail/userdata_info__rosidl_typesupport_fastrtps_c.h
[1.854s] -- Up-to-date: /home/csrobot/flexbe_ws/install/flexbe_msgs/include/flexbe_msgs/flexbe_msgs/msg/detail/ui_command__rosidl_typesupport_fastrtps_c.h
[1.854s] -- Up-to-date: /home/csrobot/flexbe_ws/install/flexbe_msgs/include/flexbe_msgs/flexbe_msgs/msg/detail/synthesis_error_codes__rosidl_typesupport_fastrtps_c.h
[1.854s] -- Up-to-date: /home/csrobot/flexbe_ws/install/flexbe_msgs/include/flexbe_msgs/flexbe_msgs/srv
[1.854s] -- Up-to-date: /home/csrobot/flexbe_ws/install/flexbe_msgs/include/flexbe_msgs/flexbe_msgs/srv/detail
[1.854s] -- Up-to-date: /home/csrobot/flexbe_ws/install/flexbe_msgs/include/flexbe_msgs/flexbe_msgs/srv/detail/get_userdata__rosidl_typesupport_fastrtps_c.h
[1.854s] -- Up-to-date: /home/csrobot/flexbe_ws/install/flexbe_msgs/include/flexbe_msgs/flexbe_msgs/action
[1.854s] -- Up-to-date: /home/csrobot/flexbe_ws/install/flexbe_msgs/include/flexbe_msgs/flexbe_msgs/action/detail
[1.854s] -- Up-to-date: /home/csrobot/flexbe_ws/install/flexbe_msgs/include/flexbe_msgs/flexbe_msgs/action/detail/behavior_execution__rosidl_typesupport_fastrtps_c.h
[1.854s] -- Up-to-date: /home/csrobot/flexbe_ws/install/flexbe_msgs/include/flexbe_msgs/flexbe_msgs/action/detail/behavior_input__rosidl_typesupport_fastrtps_c.h
[1.854s] -- Up-to-date: /home/csrobot/flexbe_ws/install/flexbe_msgs/include/flexbe_msgs/flexbe_msgs/action/detail/behavior_synthesis__rosidl_typesupport_fastrtps_c.h
[1.854s] -- Up-to-date: /home/csrobot/flexbe_ws/install/flexbe_msgs/lib/libflexbe_msgs__rosidl_typesupport_fastrtps_c.so
[1.854s] -- Up-to-date: /home/csrobot/flexbe_ws/install/flexbe_msgs/lib/libflexbe_msgs__rosidl_typesupport_c.so
[1.854s] -- Up-to-date: /home/csrobot/flexbe_ws/install/flexbe_msgs/include/flexbe_msgs/flexbe_msgs
[1.854s] -- Up-to-date: /home/csrobot/flexbe_ws/install/flexbe_msgs/include/flexbe_msgs/flexbe_msgs/msg
[1.854s] -- Up-to-date: /home/csrobot/flexbe_ws/install/flexbe_msgs/include/flexbe_msgs/flexbe_msgs/msg/state_map_msg.hpp
[1.854s] -- Up-to-date: /home/csrobot/flexbe_ws/install/flexbe_msgs/include/flexbe_msgs/flexbe_msgs/msg/behavior_log.hpp
[1.855s] -- Up-to-date: /home/csrobot/flexbe_ws/install/flexbe_msgs/include/flexbe_msgs/flexbe_msgs/msg/behavior_sync.hpp
[1.855s] -- Up-to-date: /home/csrobot/flexbe_ws/install/flexbe_msgs/include/flexbe_msgs/flexbe_msgs/msg/outcome_request.hpp
[1.855s] -- Up-to-date: /home/csrobot/flexbe_ws/install/flexbe_msgs/include/flexbe_msgs/flexbe_msgs/msg/behavior_request.hpp
[1.855s] -- Up-to-date: /home/csrobot/flexbe_ws/install/flexbe_msgs/include/flexbe_msgs/flexbe_msgs/msg/command_feedback.hpp
[1.861s] -- Up-to-date: /home/csrobot/flexbe_ws/install/flexbe_msgs/include/flexbe_msgs/flexbe_msgs/msg/state_instantiation.hpp
[1.861s] -- Up-to-date: /home/csrobot/flexbe_ws/install/flexbe_msgs/include/flexbe_msgs/flexbe_msgs/msg/ui_command.hpp
[1.862s] -- Up-to-date: /home/csrobot/flexbe_ws/install/flexbe_msgs/include/flexbe_msgs/flexbe_msgs/msg/container.hpp
[1.862s] -- Up-to-date: /home/csrobot/flexbe_ws/install/flexbe_msgs/include/flexbe_msgs/flexbe_msgs/msg/synthesis_request.hpp
[1.862s] -- Up-to-date: /home/csrobot/flexbe_ws/install/flexbe_msgs/include/flexbe_msgs/flexbe_msgs/msg/synthesis_error_codes.hpp
[1.862s] -- Up-to-date: /home/csrobot/flexbe_ws/install/flexbe_msgs/include/flexbe_msgs/flexbe_msgs/msg/userdata_info.hpp
[1.862s] -- Up-to-date: /home/csrobot/flexbe_ws/install/flexbe_msgs/include/flexbe_msgs/flexbe_msgs/msg/behavior_selection.hpp
[1.862s] -- Up-to-date: /home/csrobot/flexbe_ws/install/flexbe_msgs/include/flexbe_msgs/flexbe_msgs/msg/container_structure.hpp
[1.862s] -- Up-to-date: /home/csrobot/flexbe_ws/install/flexbe_msgs/include/flexbe_msgs/flexbe_msgs/msg/rosidl_generator_cpp__visibility_control.hpp
[1.862s] -- Up-to-date: /home/csrobot/flexbe_ws/install/flexbe_msgs/include/flexbe_msgs/flexbe_msgs/msg/behavior_modification.hpp
[1.862s] -- Up-to-date: /home/csrobot/flexbe_ws/install/flexbe_msgs/include/flexbe_msgs/flexbe_msgs/msg/detail
[1.862s] -- Up-to-date: /home/csrobot/flexbe_ws/install/flexbe_msgs/include/flexbe_msgs/flexbe_msgs/msg/detail/behavior_selection__struct.hpp
[1.862s] -- Up-to-date: /home/csrobot/flexbe_ws/install/flexbe_msgs/include/flexbe_msgs/flexbe_msgs/msg/detail/synthesis_request__builder.hpp
[1.862s] -- Up-to-date: /home/csrobot/flexbe_ws/install/flexbe_msgs/include/flexbe_msgs/flexbe_msgs/msg/detail/synthesis_request__type_support.hpp
[1.862s] -- Up-to-date: /home/csrobot/flexbe_ws/install/flexbe_msgs/include/flexbe_msgs/flexbe_msgs/msg/detail/behavior_log__struct.hpp
[1.862s] -- Up-to-date: /home/csrobot/flexbe_ws/install/flexbe_msgs/include/flexbe_msgs/flexbe_msgs/msg/detail/behavior_selection__traits.hpp
[1.862s] -- Up-to-date: /home/csrobot/flexbe_ws/install/flexbe_msgs/include/flexbe_msgs/flexbe_msgs/msg/detail/behavior_modification__traits.hpp
[1.862s] -- Up-to-date: /home/csrobot/flexbe_ws/install/flexbe_msgs/include/flexbe_msgs/flexbe_msgs/msg/detail/state_map_msg__traits.hpp
[1.862s] -- Up-to-date: /home/csrobot/flexbe_ws/install/flexbe_msgs/include/flexbe_msgs/flexbe_msgs/msg/detail/behavior_request__type_support.hpp
[1.862s] -- Up-to-date: /home/csrobot/flexbe_ws/install/flexbe_msgs/include/flexbe_msgs/flexbe_msgs/msg/detail/userdata_info__struct.hpp
[1.862s] -- Up-to-date: /home/csrobot/flexbe_ws/install/flexbe_msgs/include/flexbe_msgs/flexbe_msgs/msg/detail/command_feedback__builder.hpp
[1.862s] -- Up-to-date: /home/csrobot/flexbe_ws/install/flexbe_msgs/include/flexbe_msgs/flexbe_msgs/msg/detail/container__traits.hpp
[1.863s] -- Up-to-date: /home/csrobot/flexbe_ws/install/flexbe_msgs/include/flexbe_msgs/flexbe_msgs/msg/detail/behavior_modification__struct.hpp
[1.863s] -- Up-to-date: /home/csrobot/flexbe_ws/install/flexbe_msgs/include/flexbe_msgs/flexbe_msgs/msg/detail/behavior_selection__type_support.hpp
[1.863s] -- Up-to-date: /home/csrobot/flexbe_ws/install/flexbe_msgs/include/flexbe_msgs/flexbe_msgs/msg/detail/behavior_modification__type_support.hpp
[1.863s] -- Up-to-date: /home/csrobot/flexbe_ws/install/flexbe_msgs/include/flexbe_msgs/flexbe_msgs/msg/detail/be_status__builder.hpp
[1.863s] -- Up-to-date: /home/csrobot/flexbe_ws/install/flexbe_msgs/include/flexbe_msgs/flexbe_msgs/msg/detail/behavior_request__traits.hpp
[1.863s] -- Up-to-date: /home/csrobot/flexbe_ws/install/flexbe_msgs/include/flexbe_msgs/flexbe_msgs/msg/detail/userdata_info__builder.hpp
[1.863s] -- Up-to-date: /home/csrobot/flexbe_ws/install/flexbe_msgs/include/flexbe_msgs/flexbe_msgs/msg/detail/behavior_request__builder.hpp
[1.863s] -- Up-to-date: /home/csrobot/flexbe_ws/install/flexbe_msgs/include/flexbe_msgs/flexbe_msgs/msg/detail/ui_command__builder.hpp
[1.863s] -- Up-to-date: /home/csrobot/flexbe_ws/install/flexbe_msgs/include/flexbe_msgs/flexbe_msgs/msg/detail/command_feedback__type_support.hpp
[1.863s] -- Up-to-date: /home/csrobot/flexbe_ws/install/flexbe_msgs/include/flexbe_msgs/flexbe_msgs/msg/detail/state_map_msg__type_support.hpp
[1.863s] -- Up-to-date: /home/csrobot/flexbe_ws/install/flexbe_msgs/include/flexbe_msgs/flexbe_msgs/msg/detail/container_structure__type_support.hpp
[1.863s] -- Up-to-date: /home/csrobot/flexbe_ws/install/flexbe_msgs/include/flexbe_msgs/flexbe_msgs/msg/detail/ui_command__struct.hpp
[1.863s] -- Up-to-date: /home/csrobot/flexbe_ws/install/flexbe_msgs/include/flexbe_msgs/flexbe_msgs/msg/detail/behavior_sync__traits.hpp
[1.863s] -- Up-to-date: /home/csrobot/flexbe_ws/install/flexbe_msgs/include/flexbe_msgs/flexbe_msgs/msg/detail/ui_command__type_support.hpp
[1.863s] -- Up-to-date: /home/csrobot/flexbe_ws/install/flexbe_msgs/include/flexbe_msgs/flexbe_msgs/msg/detail/behavior_sync__struct.hpp
[1.863s] -- Up-to-date: /home/csrobot/flexbe_ws/install/flexbe_msgs/include/flexbe_msgs/flexbe_msgs/msg/detail/behavior_sync__builder.hpp
[1.863s] -- Up-to-date: /home/csrobot/flexbe_ws/install/flexbe_msgs/include/flexbe_msgs/flexbe_msgs/msg/detail/synthesis_error_codes__builder.hpp
[1.863s] -- Up-to-date: /home/csrobot/flexbe_ws/install/flexbe_msgs/include/flexbe_msgs/flexbe_msgs/msg/detail/userdata_info__traits.hpp
[1.863s] -- Up-to-date: /home/csrobot/flexbe_ws/install/flexbe_msgs/include/flexbe_msgs/flexbe_msgs/msg/detail/outcome_request__traits.hpp
[1.864s] -- Up-to-date: /home/csrobot/flexbe_ws/install/flexbe_msgs/include/flexbe_msgs/flexbe_msgs/msg/detail/synthesis_error_codes__traits.hpp
[1.864s] -- Up-to-date: /home/csrobot/flexbe_ws/install/flexbe_msgs/include/flexbe_msgs/flexbe_msgs/msg/detail/behavior_log__type_support.hpp
[1.864s] -- Up-to-date: /home/csrobot/flexbe_ws/install/flexbe_msgs/include/flexbe_msgs/flexbe_msgs/msg/detail/behavior_log__builder.hpp
[1.864s] -- Up-to-date: /home/csrobot/flexbe_ws/install/flexbe_msgs/include/flexbe_msgs/flexbe_msgs/msg/detail/state_instantiation__type_support.hpp
[1.864s] -- Up-to-date: /home/csrobot/flexbe_ws/install/flexbe_msgs/include/flexbe_msgs/flexbe_msgs/msg/detail/synthesis_request__traits.hpp
[1.864s] -- Up-to-date: /home/csrobot/flexbe_ws/install/flexbe_msgs/include/flexbe_msgs/flexbe_msgs/msg/detail/container__builder.hpp
[1.864s] -- Up-to-date: /home/csrobot/flexbe_ws/install/flexbe_msgs/include/flexbe_msgs/flexbe_msgs/msg/detail/command_feedback__struct.hpp
[1.864s] -- Up-to-date: /home/csrobot/flexbe_ws/install/flexbe_msgs/include/flexbe_msgs/flexbe_msgs/msg/detail/outcome_request__struct.hpp
[1.864s] -- Up-to-date: /home/csrobot/flexbe_ws/install/flexbe_msgs/include/flexbe_msgs/flexbe_msgs/msg/detail/synthesis_request__struct.hpp
[1.864s] -- Up-to-date: /home/csrobot/flexbe_ws/install/flexbe_msgs/include/flexbe_msgs/flexbe_msgs/msg/detail/ui_command__traits.hpp
[1.864s] -- Up-to-date: /home/csrobot/flexbe_ws/install/flexbe_msgs/include/flexbe_msgs/flexbe_msgs/msg/detail/be_status__struct.hpp
[1.864s] -- Up-to-date: /home/csrobot/flexbe_ws/install/flexbe_msgs/include/flexbe_msgs/flexbe_msgs/msg/detail/behavior_selection__builder.hpp
[1.864s] -- Up-to-date: /home/csrobot/flexbe_ws/install/flexbe_msgs/include/flexbe_msgs/flexbe_msgs/msg/detail/container__type_support.hpp
[1.864s] -- Up-to-date: /home/csrobot/flexbe_ws/install/flexbe_msgs/include/flexbe_msgs/flexbe_msgs/msg/detail/behavior_log__traits.hpp
[1.864s] -- Up-to-date: /home/csrobot/flexbe_ws/install/flexbe_msgs/include/flexbe_msgs/flexbe_msgs/msg/detail/outcome_condition__traits.hpp
[1.864s] -- Up-to-date: /home/csrobot/flexbe_ws/install/flexbe_msgs/include/flexbe_msgs/flexbe_msgs/msg/detail/container_structure__builder.hpp
[1.864s] -- Up-to-date: /home/csrobot/flexbe_ws/install/flexbe_msgs/include/flexbe_msgs/flexbe_msgs/msg/detail/state_map_msg__builder.hpp
[1.864s] -- Up-to-date: /home/csrobot/flexbe_ws/install/flexbe_msgs/include/flexbe_msgs/flexbe_msgs/msg/detail/state_instantiation__struct.hpp
[1.864s] -- Up-to-date: /home/csrobot/flexbe_ws/install/flexbe_msgs/include/flexbe_msgs/flexbe_msgs/msg/detail/outcome_condition__builder.hpp
[1.864s] -- Up-to-date: /home/csrobot/flexbe_ws/install/flexbe_msgs/include/flexbe_msgs/flexbe_msgs/msg/detail/behavior_modification__builder.hpp
[1.865s] -- Up-to-date: /home/csrobot/flexbe_ws/install/flexbe_msgs/include/flexbe_msgs/flexbe_msgs/msg/detail/command_feedback__traits.hpp
[1.866s] -- Up-to-date: /home/csrobot/flexbe_ws/install/flexbe_msgs/include/flexbe_msgs/flexbe_msgs/msg/detail/behavior_sync__type_support.hpp
[1.866s] -- Up-to-date: /home/csrobot/flexbe_ws/install/flexbe_msgs/include/flexbe_msgs/flexbe_msgs/msg/detail/state_instantiation__traits.hpp
[1.866s] -- Up-to-date: /home/csrobot/flexbe_ws/install/flexbe_msgs/include/flexbe_msgs/flexbe_msgs/msg/detail/state_instantiation__builder.hpp
[1.866s] -- Up-to-date: /home/csrobot/flexbe_ws/install/flexbe_msgs/include/flexbe_msgs/flexbe_msgs/msg/detail/synthesis_error_codes__type_support.hpp
[1.866s] -- Up-to-date: /home/csrobot/flexbe_ws/install/flexbe_msgs/include/flexbe_msgs/flexbe_msgs/msg/detail/behavior_request__struct.hpp
[1.866s] -- Up-to-date: /home/csrobot/flexbe_ws/install/flexbe_msgs/include/flexbe_msgs/flexbe_msgs/msg/detail/outcome_request__type_support.hpp
[1.866s] -- Up-to-date: /home/csrobot/flexbe_ws/install/flexbe_msgs/include/flexbe_msgs/flexbe_msgs/msg/detail/outcome_condition__type_support.hpp
[1.866s] -- Up-to-date: /home/csrobot/flexbe_ws/install/flexbe_msgs/include/flexbe_msgs/flexbe_msgs/msg/detail/container_structure__traits.hpp
[1.866s] -- Up-to-date: /home/csrobot/flexbe_ws/install/flexbe_msgs/include/flexbe_msgs/flexbe_msgs/msg/detail/be_status__traits.hpp
[1.866s] -- Up-to-date: /home/csrobot/flexbe_ws/install/flexbe_msgs/include/flexbe_msgs/flexbe_msgs/msg/detail/userdata_info__type_support.hpp
[1.866s] -- Up-to-date: /home/csrobot/flexbe_ws/install/flexbe_msgs/include/flexbe_msgs/flexbe_msgs/msg/detail/state_map_msg__struct.hpp
[1.866s] -- Up-to-date: /home/csrobot/flexbe_ws/install/flexbe_msgs/include/flexbe_msgs/flexbe_msgs/msg/detail/outcome_request__builder.hpp
[1.866s] -- Up-to-date: /home/csrobot/flexbe_ws/install/flexbe_msgs/include/flexbe_msgs/flexbe_msgs/msg/detail/container_structure__struct.hpp
[1.866s] -- Up-to-date: /home/csrobot/flexbe_ws/install/flexbe_msgs/include/flexbe_msgs/flexbe_msgs/msg/detail/container__struct.hpp
[1.866s] -- Up-to-date: /home/csrobot/flexbe_ws/install/flexbe_msgs/include/flexbe_msgs/flexbe_msgs/msg/detail/outcome_condition__struct.hpp
[1.866s] -- Up-to-date: /home/csrobot/flexbe_ws/install/flexbe_msgs/include/flexbe_msgs/flexbe_msgs/msg/detail/synthesis_error_codes__struct.hpp
[1.867s] -- Up-to-date: /home/csrobot/flexbe_ws/install/flexbe_msgs/include/flexbe_msgs/flexbe_msgs/msg/detail/be_status__type_support.hpp
[1.867s] -- Up-to-date: /home/csrobot/flexbe_ws/install/flexbe_msgs/include/flexbe_msgs/flexbe_msgs/msg/be_status.hpp
[1.867s] -- Up-to-date: /home/csrobot/flexbe_ws/install/flexbe_msgs/include/flexbe_msgs/flexbe_msgs/msg/outcome_condition.hpp
[1.867s] -- Up-to-date: /home/csrobot/flexbe_ws/install/flexbe_msgs/include/flexbe_msgs/flexbe_msgs/srv
[1.867s] -- Up-to-date: /home/csrobot/flexbe_ws/install/flexbe_msgs/include/flexbe_msgs/flexbe_msgs/srv/get_userdata.hpp
[1.867s] -- Up-to-date: /home/csrobot/flexbe_ws/install/flexbe_msgs/include/flexbe_msgs/flexbe_msgs/srv/detail
[1.867s] -- Up-to-date: /home/csrobot/flexbe_ws/install/flexbe_msgs/include/flexbe_msgs/flexbe_msgs/srv/detail/get_userdata__traits.hpp
[1.867s] -- Up-to-date: /home/csrobot/flexbe_ws/install/flexbe_msgs/include/flexbe_msgs/flexbe_msgs/srv/detail/get_userdata__builder.hpp
[1.867s] -- Up-to-date: /home/csrobot/flexbe_ws/install/flexbe_msgs/include/flexbe_msgs/flexbe_msgs/srv/detail/get_userdata__struct.hpp
[1.867s] -- Up-to-date: /home/csrobot/flexbe_ws/install/flexbe_msgs/include/flexbe_msgs/flexbe_msgs/srv/detail/get_userdata__type_support.hpp
[1.867s] -- Up-to-date: /home/csrobot/flexbe_ws/install/flexbe_msgs/include/flexbe_msgs/flexbe_msgs/action
[1.867s] -- Up-to-date: /home/csrobot/flexbe_ws/install/flexbe_msgs/include/flexbe_msgs/flexbe_msgs/action/behavior_synthesis.hpp
[1.867s] -- Up-to-date: /home/csrobot/flexbe_ws/install/flexbe_msgs/include/flexbe_msgs/flexbe_msgs/action/behavior_input.hpp
[1.867s] -- Up-to-date: /home/csrobot/flexbe_ws/install/flexbe_msgs/include/flexbe_msgs/flexbe_msgs/action/detail
[1.867s] -- Up-to-date: /home/csrobot/flexbe_ws/install/flexbe_msgs/include/flexbe_msgs/flexbe_msgs/action/detail/behavior_synthesis__builder.hpp
[1.867s] -- Up-to-date: /home/csrobot/flexbe_ws/install/flexbe_msgs/include/flexbe_msgs/flexbe_msgs/action/detail/behavior_synthesis__struct.hpp
[1.867s] -- Up-to-date: /home/csrobot/flexbe_ws/install/flexbe_msgs/include/flexbe_msgs/flexbe_msgs/action/detail/behavior_execution__builder.hpp
[1.874s] -- Up-to-date: /home/csrobot/flexbe_ws/install/flexbe_msgs/include/flexbe_msgs/flexbe_msgs/action/detail/behavior_synthesis__type_support.hpp
[1.874s] -- Up-to-date: /home/csrobot/flexbe_ws/install/flexbe_msgs/include/flexbe_msgs/flexbe_msgs/action/detail/behavior_execution__traits.hpp
[1.874s] -- Up-to-date: /home/csrobot/flexbe_ws/install/flexbe_msgs/include/flexbe_msgs/flexbe_msgs/action/detail/behavior_input__builder.hpp
[1.874s] -- Up-to-date: /home/csrobot/flexbe_ws/install/flexbe_msgs/include/flexbe_msgs/flexbe_msgs/action/detail/behavior_execution__type_support.hpp
[1.874s] -- Up-to-date: /home/csrobot/flexbe_ws/install/flexbe_msgs/include/flexbe_msgs/flexbe_msgs/action/detail/behavior_execution__struct.hpp
[1.874s] -- Up-to-date: /home/csrobot/flexbe_ws/install/flexbe_msgs/include/flexbe_msgs/flexbe_msgs/action/detail/behavior_input__struct.hpp
[1.874s] -- Up-to-date: /home/csrobot/flexbe_ws/install/flexbe_msgs/include/flexbe_msgs/flexbe_msgs/action/detail/behavior_input__traits.hpp
[1.874s] -- Up-to-date: /home/csrobot/flexbe_ws/install/flexbe_msgs/include/flexbe_msgs/flexbe_msgs/action/detail/behavior_synthesis__traits.hpp
[1.874s] -- Up-to-date: /home/csrobot/flexbe_ws/install/flexbe_msgs/include/flexbe_msgs/flexbe_msgs/action/detail/behavior_input__type_support.hpp
[1.874s] -- Up-to-date: /home/csrobot/flexbe_ws/install/flexbe_msgs/include/flexbe_msgs/flexbe_msgs/action/behavior_execution.hpp
[1.874s] -- Up-to-date: /home/csrobot/flexbe_ws/install/flexbe_msgs/include/flexbe_msgs/flexbe_msgs
[1.874s] -- Up-to-date: /home/csrobot/flexbe_ws/install/flexbe_msgs/include/flexbe_msgs/flexbe_msgs/msg
[1.874s] -- Up-to-date: /home/csrobot/flexbe_ws/install/flexbe_msgs/include/flexbe_msgs/flexbe_msgs/msg/detail
[1.874s] -- Up-to-date: /home/csrobot/flexbe_ws/install/flexbe_msgs/include/flexbe_msgs/flexbe_msgs/msg/detail/outcome_condition__rosidl_typesupport_introspection_cpp.hpp
[1.874s] -- Up-to-date: /home/csrobot/flexbe_ws/install/flexbe_msgs/include/flexbe_msgs/flexbe_msgs/msg/detail/behavior_sync__type_support.cpp
[1.874s] -- Up-to-date: /home/csrobot/flexbe_ws/install/flexbe_msgs/include/flexbe_msgs/flexbe_msgs/msg/detail/state_instantiation__rosidl_typesupport_introspection_cpp.hpp
[1.874s] -- Up-to-date: /home/csrobot/flexbe_ws/install/flexbe_msgs/include/flexbe_msgs/flexbe_msgs/msg/detail/ui_command__type_support.cpp
[1.874s] -- Up-to-date: /home/csrobot/flexbe_ws/install/flexbe_msgs/include/flexbe_msgs/flexbe_msgs/msg/detail/state_map_msg__rosidl_typesupport_introspection_cpp.hpp
[1.875s] -- Up-to-date: /home/csrobot/flexbe_ws/install/flexbe_msgs/include/flexbe_msgs/flexbe_msgs/msg/detail/be_status__type_support.cpp
[1.875s] -- Up-to-date: /home/csrobot/flexbe_ws/install/flexbe_msgs/include/flexbe_msgs/flexbe_msgs/msg/detail/behavior_log__rosidl_typesupport_introspection_cpp.hpp
[1.875s] -- Up-to-date: /home/csrobot/flexbe_ws/install/flexbe_msgs/include/flexbe_msgs/flexbe_msgs/msg/detail/command_feedback__type_support.cpp
[1.875s] -- Up-to-date: /home/csrobot/flexbe_ws/install/flexbe_msgs/include/flexbe_msgs/flexbe_msgs/msg/detail/userdata_info__type_support.cpp
[1.875s] -- Up-to-date: /home/csrobot/flexbe_ws/install/flexbe_msgs/include/flexbe_msgs/flexbe_msgs/msg/detail/synthesis_error_codes__type_support.cpp
[1.875s] -- Up-to-date: /home/csrobot/flexbe_ws/install/flexbe_msgs/include/flexbe_msgs/flexbe_msgs/msg/detail/container__type_support.cpp
[1.875s] -- Up-to-date: /home/csrobot/flexbe_ws/install/flexbe_msgs/include/flexbe_msgs/flexbe_msgs/msg/detail/outcome_request__rosidl_typesupport_introspection_cpp.hpp
[1.875s] -- Up-to-date: /home/csrobot/flexbe_ws/install/flexbe_msgs/include/flexbe_msgs/flexbe_msgs/msg/detail/synthesis_error_codes__rosidl_typesupport_introspection_cpp.hpp
[1.875s] -- Up-to-date: /home/csrobot/flexbe_ws/install/flexbe_msgs/include/flexbe_msgs/flexbe_msgs/msg/detail/container_structure__type_support.cpp
[1.875s] -- Up-to-date: /home/csrobot/flexbe_ws/install/flexbe_msgs/include/flexbe_msgs/flexbe_msgs/msg/detail/userdata_info__rosidl_typesupport_introspection_cpp.hpp
[1.875s] -- Up-to-date: /home/csrobot/flexbe_ws/install/flexbe_msgs/include/flexbe_msgs/flexbe_msgs/msg/detail/behavior_sync__rosidl_typesupport_introspection_cpp.hpp
[1.875s] -- Up-to-date: /home/csrobot/flexbe_ws/install/flexbe_msgs/include/flexbe_msgs/flexbe_msgs/msg/detail/synthesis_request__type_support.cpp
[1.875s] -- Up-to-date: /home/csrobot/flexbe_ws/install/flexbe_msgs/include/flexbe_msgs/flexbe_msgs/msg/detail/container__rosidl_typesupport_introspection_cpp.hpp
[1.875s] -- Up-to-date: /home/csrobot/flexbe_ws/install/flexbe_msgs/include/flexbe_msgs/flexbe_msgs/msg/detail/behavior_request__rosidl_typesupport_introspection_cpp.hpp
[1.875s] -- Up-to-date: /home/csrobot/flexbe_ws/install/flexbe_msgs/include/flexbe_msgs/flexbe_msgs/msg/detail/behavior_modification__rosidl_typesupport_introspection_cpp.hpp
[1.875s] -- Up-to-date: /home/csrobot/flexbe_ws/install/flexbe_msgs/include/flexbe_msgs/flexbe_msgs/msg/detail/behavior_request__type_support.cpp
[1.875s] -- Up-to-date: /home/csrobot/flexbe_ws/install/flexbe_msgs/include/flexbe_msgs/flexbe_msgs/msg/detail/state_map_msg__type_support.cpp
[1.875s] -- Up-to-date: /home/csrobot/flexbe_ws/install/flexbe_msgs/include/flexbe_msgs/flexbe_msgs/msg/detail/behavior_selection__rosidl_typesupport_introspection_cpp.hpp
[1.875s] -- Up-to-date: /home/csrobot/flexbe_ws/install/flexbe_msgs/include/flexbe_msgs/flexbe_msgs/msg/detail/outcome_request__type_support.cpp
[1.875s] -- Up-to-date: /home/csrobot/flexbe_ws/install/flexbe_msgs/include/flexbe_msgs/flexbe_msgs/msg/detail/be_status__rosidl_typesupport_introspection_cpp.hpp
[1.876s] -- Up-to-date: /home/csrobot/flexbe_ws/install/flexbe_msgs/include/flexbe_msgs/flexbe_msgs/msg/detail/ui_command__rosidl_typesupport_introspection_cpp.hpp
[1.876s] -- Up-to-date: /home/csrobot/flexbe_ws/install/flexbe_msgs/include/flexbe_msgs/flexbe_msgs/msg/detail/synthesis_request__rosidl_typesupport_introspection_cpp.hpp
[1.876s] -- Up-to-date: /home/csrobot/flexbe_ws/install/flexbe_msgs/include/flexbe_msgs/flexbe_msgs/msg/detail/state_instantiation__type_support.cpp
[1.876s] -- Up-to-date: /home/csrobot/flexbe_ws/install/flexbe_msgs/include/flexbe_msgs/flexbe_msgs/msg/detail/behavior_selection__type_support.cpp
[1.876s] -- Up-to-date: /home/csrobot/flexbe_ws/install/flexbe_msgs/include/flexbe_msgs/flexbe_msgs/msg/detail/command_feedback__rosidl_typesupport_introspection_cpp.hpp
[1.876s] -- Up-to-date: /home/csrobot/flexbe_ws/install/flexbe_msgs/include/flexbe_msgs/flexbe_msgs/msg/detail/container_structure__rosidl_typesupport_introspection_cpp.hpp
[1.876s] -- Up-to-date: /home/csrobot/flexbe_ws/install/flexbe_msgs/include/flexbe_msgs/flexbe_msgs/msg/detail/behavior_modification__type_support.cpp
[1.876s] -- Up-to-date: /home/csrobot/flexbe_ws/install/flexbe_msgs/include/flexbe_msgs/flexbe_msgs/msg/detail/behavior_log__type_support.cpp
[1.876s] -- Up-to-date: /home/csrobot/flexbe_ws/install/flexbe_msgs/include/flexbe_msgs/flexbe_msgs/msg/detail/outcome_condition__type_support.cpp
[1.876s] -- Up-to-date: /home/csrobot/flexbe_ws/install/flexbe_msgs/include/flexbe_msgs/flexbe_msgs/srv
[1.876s] -- Up-to-date: /home/csrobot/flexbe_ws/install/flexbe_msgs/include/flexbe_msgs/flexbe_msgs/srv/detail
[1.876s] -- Up-to-date: /home/csrobot/flexbe_ws/install/flexbe_msgs/include/flexbe_msgs/flexbe_msgs/srv/detail/get_userdata__type_support.cpp
[1.876s] -- Up-to-date: /home/csrobot/flexbe_ws/install/flexbe_msgs/include/flexbe_msgs/flexbe_msgs/srv/detail/get_userdata__rosidl_typesupport_introspection_cpp.hpp
[1.876s] -- Up-to-date: /home/csrobot/flexbe_ws/install/flexbe_msgs/include/flexbe_msgs/flexbe_msgs/action
[1.876s] -- Up-to-date: /home/csrobot/flexbe_ws/install/flexbe_msgs/include/flexbe_msgs/flexbe_msgs/action/detail
[1.876s] -- Up-to-date: /home/csrobot/flexbe_ws/install/flexbe_msgs/include/flexbe_msgs/flexbe_msgs/action/detail/behavior_input__type_support.cpp
[1.876s] -- Up-to-date: /home/csrobot/flexbe_ws/install/flexbe_msgs/include/flexbe_msgs/flexbe_msgs/action/detail/behavior_synthesis__type_support.cpp
[1.876s] -- Up-to-date: /home/csrobot/flexbe_ws/install/flexbe_msgs/include/flexbe_msgs/flexbe_msgs/action/detail/behavior_execution__type_support.cpp
[1.876s] -- Up-to-date: /home/csrobot/flexbe_ws/install/flexbe_msgs/include/flexbe_msgs/flexbe_msgs/action/detail/behavior_synthesis__rosidl_typesupport_introspection_cpp.hpp
[1.876s] -- Up-to-date: /home/csrobot/flexbe_ws/install/flexbe_msgs/include/flexbe_msgs/flexbe_msgs/action/detail/behavior_input__rosidl_typesupport_introspection_cpp.hpp
[1.877s] -- Up-to-date: /home/csrobot/flexbe_ws/install/flexbe_msgs/include/flexbe_msgs/flexbe_msgs/action/detail/behavior_execution__rosidl_typesupport_introspection_cpp.hpp
[1.877s] -- Up-to-date: /home/csrobot/flexbe_ws/install/flexbe_msgs/lib/libflexbe_msgs__rosidl_typesupport_introspection_cpp.so
[1.877s] -- Up-to-date: /home/csrobot/flexbe_ws/install/flexbe_msgs/include/flexbe_msgs/flexbe_msgs
[1.877s] -- Up-to-date: /home/csrobot/flexbe_ws/install/flexbe_msgs/include/flexbe_msgs/flexbe_msgs/msg
[1.877s] -- Up-to-date: /home/csrobot/flexbe_ws/install/flexbe_msgs/include/flexbe_msgs/flexbe_msgs/msg/rosidl_typesupport_fastrtps_cpp__visibility_control.h
[1.878s] -- Up-to-date: /home/csrobot/flexbe_ws/install/flexbe_msgs/include/flexbe_msgs/flexbe_msgs/msg/detail
[1.878s] -- Up-to-date: /home/csrobot/flexbe_ws/install/flexbe_msgs/include/flexbe_msgs/flexbe_msgs/msg/detail/state_instantiation__rosidl_typesupport_fastrtps_cpp.hpp
[1.878s] -- Up-to-date: /home/csrobot/flexbe_ws/install/flexbe_msgs/include/flexbe_msgs/flexbe_msgs/msg/detail/userdata_info__rosidl_typesupport_fastrtps_cpp.hpp
[1.878s] -- Up-to-date: /home/csrobot/flexbe_ws/install/flexbe_msgs/include/flexbe_msgs/flexbe_msgs/msg/detail/behavior_sync__rosidl_typesupport_fastrtps_cpp.hpp
[1.878s] -- Up-to-date: /home/csrobot/flexbe_ws/install/flexbe_msgs/include/flexbe_msgs/flexbe_msgs/msg/detail/synthesis_request__rosidl_typesupport_fastrtps_cpp.hpp
[1.878s] -- Up-to-date: /home/csrobot/flexbe_ws/install/flexbe_msgs/include/flexbe_msgs/flexbe_msgs/msg/detail/behavior_selection__rosidl_typesupport_fastrtps_cpp.hpp
[1.878s] -- Up-to-date: /home/csrobot/flexbe_ws/install/flexbe_msgs/include/flexbe_msgs/flexbe_msgs/msg/detail/container_structure__rosidl_typesupport_fastrtps_cpp.hpp
[1.878s] -- Up-to-date: /home/csrobot/flexbe_ws/install/flexbe_msgs/include/flexbe_msgs/flexbe_msgs/msg/detail/state_map_msg__rosidl_typesupport_fastrtps_cpp.hpp
[1.878s] -- Up-to-date: /home/csrobot/flexbe_ws/install/flexbe_msgs/include/flexbe_msgs/flexbe_msgs/msg/detail/behavior_log__rosidl_typesupport_fastrtps_cpp.hpp
[1.878s] -- Up-to-date: /home/csrobot/flexbe_ws/install/flexbe_msgs/include/flexbe_msgs/flexbe_msgs/msg/detail/outcome_condition__rosidl_typesupport_fastrtps_cpp.hpp
[1.878s] -- Up-to-date: /home/csrobot/flexbe_ws/install/flexbe_msgs/include/flexbe_msgs/flexbe_msgs/msg/detail/behavior_request__rosidl_typesupport_fastrtps_cpp.hpp
[1.878s] -- Up-to-date: /home/csrobot/flexbe_ws/install/flexbe_msgs/include/flexbe_msgs/flexbe_msgs/msg/detail/command_feedback__rosidl_typesupport_fastrtps_cpp.hpp
[1.878s] -- Up-to-date: /home/csrobot/flexbe_ws/install/flexbe_msgs/include/flexbe_msgs/flexbe_msgs/msg/detail/synthesis_error_codes__rosidl_typesupport_fastrtps_cpp.hpp
[1.878s] -- Up-to-date: /home/csrobot/flexbe_ws/install/flexbe_msgs/include/flexbe_msgs/flexbe_msgs/msg/detail/dds_fastrtps
[1.878s] -- Up-to-date: /home/csrobot/flexbe_ws/install/flexbe_msgs/include/flexbe_msgs/flexbe_msgs/msg/detail/container__rosidl_typesupport_fastrtps_cpp.hpp
[1.878s] -- Up-to-date: /home/csrobot/flexbe_ws/install/flexbe_msgs/include/flexbe_msgs/flexbe_msgs/msg/detail/ui_command__rosidl_typesupport_fastrtps_cpp.hpp
[1.878s] -- Up-to-date: /home/csrobot/flexbe_ws/install/flexbe_msgs/include/flexbe_msgs/flexbe_msgs/msg/detail/outcome_request__rosidl_typesupport_fastrtps_cpp.hpp
[1.878s] -- Up-to-date: /home/csrobot/flexbe_ws/install/flexbe_msgs/include/flexbe_msgs/flexbe_msgs/msg/detail/be_status__rosidl_typesupport_fastrtps_cpp.hpp
[1.878s] -- Up-to-date: /home/csrobot/flexbe_ws/install/flexbe_msgs/include/flexbe_msgs/flexbe_msgs/msg/detail/behavior_modification__rosidl_typesupport_fastrtps_cpp.hpp
[1.878s] -- Up-to-date: /home/csrobot/flexbe_ws/install/flexbe_msgs/include/flexbe_msgs/flexbe_msgs/srv
[1.878s] -- Up-to-date: /home/csrobot/flexbe_ws/install/flexbe_msgs/include/flexbe_msgs/flexbe_msgs/srv/detail
[1.878s] -- Up-to-date: /home/csrobot/flexbe_ws/install/flexbe_msgs/include/flexbe_msgs/flexbe_msgs/srv/detail/dds_fastrtps
[1.878s] -- Up-to-date: /home/csrobot/flexbe_ws/install/flexbe_msgs/include/flexbe_msgs/flexbe_msgs/srv/detail/get_userdata__rosidl_typesupport_fastrtps_cpp.hpp
[1.878s] -- Up-to-date: /home/csrobot/flexbe_ws/install/flexbe_msgs/include/flexbe_msgs/flexbe_msgs/action
[1.879s] -- Up-to-date: /home/csrobot/flexbe_ws/install/flexbe_msgs/include/flexbe_msgs/flexbe_msgs/action/detail
[1.879s] -- Up-to-date: /home/csrobot/flexbe_ws/install/flexbe_msgs/include/flexbe_msgs/flexbe_msgs/action/detail/behavior_synthesis__rosidl_typesupport_fastrtps_cpp.hpp
[1.879s] -- Up-to-date: /home/csrobot/flexbe_ws/install/flexbe_msgs/include/flexbe_msgs/flexbe_msgs/action/detail/behavior_execution__rosidl_typesupport_fastrtps_cpp.hpp
[1.879s] -- Up-to-date: /home/csrobot/flexbe_ws/install/flexbe_msgs/include/flexbe_msgs/flexbe_msgs/action/detail/dds_fastrtps
[1.879s] -- Up-to-date: /home/csrobot/flexbe_ws/install/flexbe_msgs/include/flexbe_msgs/flexbe_msgs/action/detail/behavior_input__rosidl_typesupport_fastrtps_cpp.hpp
[1.879s] -- Up-to-date: /home/csrobot/flexbe_ws/install/flexbe_msgs/lib/libflexbe_msgs__rosidl_typesupport_fastrtps_cpp.so
[1.879s] -- Up-to-date: /home/csrobot/flexbe_ws/install/flexbe_msgs/lib/libflexbe_msgs__rosidl_typesupport_cpp.so
[1.879s] -- Up-to-date: /home/csrobot/flexbe_ws/install/flexbe_msgs/share/flexbe_msgs/environment/pythonpath.sh
[1.879s] -- Up-to-date: /home/csrobot/flexbe_ws/install/flexbe_msgs/share/flexbe_msgs/environment/pythonpath.dsv
[1.879s] -- Up-to-date: /home/csrobot/flexbe_ws/install/flexbe_msgs/local/lib/python3.10/dist-packages/flexbe_msgs-4.0.1-py3.10.egg-info
[1.879s] -- Installing: /home/csrobot/flexbe_ws/install/flexbe_msgs/local/lib/python3.10/dist-packages/flexbe_msgs-4.0.1-py3.10.egg-info/dependency_links.txt
[1.879s] -- Installing: /home/csrobot/flexbe_ws/install/flexbe_msgs/local/lib/python3.10/dist-packages/flexbe_msgs-4.0.1-py3.10.egg-info/top_level.txt
[1.879s] -- Installing: /home/csrobot/flexbe_ws/install/flexbe_msgs/local/lib/python3.10/dist-packages/flexbe_msgs-4.0.1-py3.10.egg-info/SOURCES.txt
[1.879s] -- Installing: /home/csrobot/flexbe_ws/install/flexbe_msgs/local/lib/python3.10/dist-packages/flexbe_msgs-4.0.1-py3.10.egg-info/PKG-INFO
[1.879s] -- Up-to-date: /home/csrobot/flexbe_ws/install/flexbe_msgs/local/lib/python3.10/dist-packages/flexbe_msgs
[1.879s] -- Up-to-date: /home/csrobot/flexbe_ws/install/flexbe_msgs/local/lib/python3.10/dist-packages/flexbe_msgs/_flexbe_msgs_s.ep.rosidl_typesupport_fastrtps_c.c
[1.879s] -- Up-to-date: /home/csrobot/flexbe_ws/install/flexbe_msgs/local/lib/python3.10/dist-packages/flexbe_msgs/flexbe_msgs_s__rosidl_typesupport_introspection_c.cpython-310-x86_64-linux-gnu.so
[1.879s] -- Up-to-date: /home/csrobot/flexbe_ws/install/flexbe_msgs/local/lib/python3.10/dist-packages/flexbe_msgs/libflexbe_msgs__rosidl_generator_py.so
[1.879s] -- Up-to-date: /home/csrobot/flexbe_ws/install/flexbe_msgs/local/lib/python3.10/dist-packages/flexbe_msgs/msg
[1.880s] -- Up-to-date: /home/csrobot/flexbe_ws/install/flexbe_msgs/local/lib/python3.10/dist-packages/flexbe_msgs/msg/_behavior_sync_s.c
[1.880s] -- Up-to-date: /home/csrobot/flexbe_ws/install/flexbe_msgs/local/lib/python3.10/dist-packages/flexbe_msgs/msg/_behavior_log.py
[1.880s] -- Up-to-date: /home/csrobot/flexbe_ws/install/flexbe_msgs/local/lib/python3.10/dist-packages/flexbe_msgs/msg/_container_s.c
[1.880s] -- Up-to-date: /home/csrobot/flexbe_ws/install/flexbe_msgs/local/lib/python3.10/dist-packages/flexbe_msgs/msg/_behavior_request.py
[1.880s] -- Up-to-date: /home/csrobot/flexbe_ws/install/flexbe_msgs/local/lib/python3.10/dist-packages/flexbe_msgs/msg/_outcome_request_s.c
[1.880s] -- Up-to-date: /home/csrobot/flexbe_ws/install/flexbe_msgs/local/lib/python3.10/dist-packages/flexbe_msgs/msg/_container.py
[1.880s] -- Up-to-date: /home/csrobot/flexbe_ws/install/flexbe_msgs/local/lib/python3.10/dist-packages/flexbe_msgs/msg/_outcome_request.py
[1.880s] -- Up-to-date: /home/csrobot/flexbe_ws/install/flexbe_msgs/local/lib/python3.10/dist-packages/flexbe_msgs/msg/_synthesis_error_codes_s.c
[1.880s] -- Up-to-date: /home/csrobot/flexbe_ws/install/flexbe_msgs/local/lib/python3.10/dist-packages/flexbe_msgs/msg/_state_map_msg_s.c
[1.880s] -- Up-to-date: /home/csrobot/flexbe_ws/install/flexbe_msgs/local/lib/python3.10/dist-packages/flexbe_msgs/msg/_behavior_modification_s.c
[1.880s] -- Up-to-date: /home/csrobot/flexbe_ws/install/flexbe_msgs/local/lib/python3.10/dist-packages/flexbe_msgs/msg/_behavior_selection.py
[1.880s] -- Up-to-date: /home/csrobot/flexbe_ws/install/flexbe_msgs/local/lib/python3.10/dist-packages/flexbe_msgs/msg/_behavior_selection_s.c
[1.881s] -- Up-to-date: /home/csrobot/flexbe_ws/install/flexbe_msgs/local/lib/python3.10/dist-packages/flexbe_msgs/msg/_synthesis_error_codes.py
[1.881s] -- Up-to-date: /home/csrobot/flexbe_ws/install/flexbe_msgs/local/lib/python3.10/dist-packages/flexbe_msgs/msg/_container_structure.py
[1.881s] -- Up-to-date: /home/csrobot/flexbe_ws/install/flexbe_msgs/local/lib/python3.10/dist-packages/flexbe_msgs/msg/_command_feedback_s.c
[1.882s] -- Up-to-date: /home/csrobot/flexbe_ws/install/flexbe_msgs/local/lib/python3.10/dist-packages/flexbe_msgs/msg/_behavior_sync.py
[1.882s] -- Up-to-date: /home/csrobot/flexbe_ws/install/flexbe_msgs/local/lib/python3.10/dist-packages/flexbe_msgs/msg/_ui_command_s.c
[1.882s] -- Up-to-date: /home/csrobot/flexbe_ws/install/flexbe_msgs/local/lib/python3.10/dist-packages/flexbe_msgs/msg/_userdata_info_s.c
[1.882s] -- Up-to-date: /home/csrobot/flexbe_ws/install/flexbe_msgs/local/lib/python3.10/dist-packages/flexbe_msgs/msg/__init__.py
[1.882s] -- Up-to-date: /home/csrobot/flexbe_ws/install/flexbe_msgs/local/lib/python3.10/dist-packages/flexbe_msgs/msg/_be_status.py
[1.882s] -- Up-to-date: /home/csrobot/flexbe_ws/install/flexbe_msgs/local/lib/python3.10/dist-packages/flexbe_msgs/msg/_outcome_condition_s.c
[1.882s] -- Up-to-date: /home/csrobot/flexbe_ws/install/flexbe_msgs/local/lib/python3.10/dist-packages/flexbe_msgs/msg/_userdata_info.py
[1.882s] -- Up-to-date: /home/csrobot/flexbe_ws/install/flexbe_msgs/local/lib/python3.10/dist-packages/flexbe_msgs/msg/_state_instantiation_s.c
[1.882s] -- Up-to-date: /home/csrobot/flexbe_ws/install/flexbe_msgs/local/lib/python3.10/dist-packages/flexbe_msgs/msg/_synthesis_request_s.c
[1.882s] -- Up-to-date: /home/csrobot/flexbe_ws/install/flexbe_msgs/local/lib/python3.10/dist-packages/flexbe_msgs/msg/_container_structure_s.c
[1.882s] -- Up-to-date: /home/csrobot/flexbe_ws/install/flexbe_msgs/local/lib/python3.10/dist-packages/flexbe_msgs/msg/_outcome_condition.py
[1.882s] -- Up-to-date: /home/csrobot/flexbe_ws/install/flexbe_msgs/local/lib/python3.10/dist-packages/flexbe_msgs/msg/_behavior_request_s.c
[1.882s] -- Up-to-date: /home/csrobot/flexbe_ws/install/flexbe_msgs/local/lib/python3.10/dist-packages/flexbe_msgs/msg/_ui_command.py
[1.882s] -- Up-to-date: /home/csrobot/flexbe_ws/install/flexbe_msgs/local/lib/python3.10/dist-packages/flexbe_msgs/msg/_command_feedback.py
[1.882s] -- Up-to-date: /home/csrobot/flexbe_ws/install/flexbe_msgs/local/lib/python3.10/dist-packages/flexbe_msgs/msg/_behavior_log_s.c
[1.882s] -- Up-to-date: /home/csrobot/flexbe_ws/install/flexbe_msgs/local/lib/python3.10/dist-packages/flexbe_msgs/msg/_synthesis_request.py
[1.882s] -- Up-to-date: /home/csrobot/flexbe_ws/install/flexbe_msgs/local/lib/python3.10/dist-packages/flexbe_msgs/msg/_state_instantiation.py
[1.882s] -- Up-to-date: /home/csrobot/flexbe_ws/install/flexbe_msgs/local/lib/python3.10/dist-packages/flexbe_msgs/msg/_be_status_s.c
[1.882s] -- Up-to-date: /home/csrobot/flexbe_ws/install/flexbe_msgs/local/lib/python3.10/dist-packages/flexbe_msgs/msg/_behavior_modification.py
[1.882s] -- Up-to-date: /home/csrobot/flexbe_ws/install/flexbe_msgs/local/lib/python3.10/dist-packages/flexbe_msgs/msg/_state_map_msg.py
[1.883s] -- Up-to-date: /home/csrobot/flexbe_ws/install/flexbe_msgs/local/lib/python3.10/dist-packages/flexbe_msgs/__init__.py
[1.883s] -- Up-to-date: /home/csrobot/flexbe_ws/install/flexbe_msgs/local/lib/python3.10/dist-packages/flexbe_msgs/_flexbe_msgs_s.ep.rosidl_typesupport_c.c
[1.883s] -- Up-to-date: /home/csrobot/flexbe_ws/install/flexbe_msgs/local/lib/python3.10/dist-packages/flexbe_msgs/_flexbe_msgs_s.ep.rosidl_typesupport_introspection_c.c
[1.883s] -- Up-to-date: /home/csrobot/flexbe_ws/install/flexbe_msgs/local/lib/python3.10/dist-packages/flexbe_msgs/flexbe_msgs_s__rosidl_typesupport_fastrtps_c.cpython-310-x86_64-linux-gnu.so
[1.883s] -- Up-to-date: /home/csrobot/flexbe_ws/install/flexbe_msgs/local/lib/python3.10/dist-packages/flexbe_msgs/srv
[1.883s] -- Up-to-date: /home/csrobot/flexbe_ws/install/flexbe_msgs/local/lib/python3.10/dist-packages/flexbe_msgs/srv/_get_userdata_s.c
[1.883s] -- Up-to-date: /home/csrobot/flexbe_ws/install/flexbe_msgs/local/lib/python3.10/dist-packages/flexbe_msgs/srv/__init__.py
[1.883s] -- Up-to-date: /home/csrobot/flexbe_ws/install/flexbe_msgs/local/lib/python3.10/dist-packages/flexbe_msgs/srv/_get_userdata.py
[1.883s] -- Up-to-date: /home/csrobot/flexbe_ws/install/flexbe_msgs/local/lib/python3.10/dist-packages/flexbe_msgs/action
[1.883s] -- Up-to-date: /home/csrobot/flexbe_ws/install/flexbe_msgs/local/lib/python3.10/dist-packages/flexbe_msgs/action/_behavior_synthesis.py
[1.884s] -- Up-to-date: /home/csrobot/flexbe_ws/install/flexbe_msgs/local/lib/python3.10/dist-packages/flexbe_msgs/action/_behavior_input_s.c
[1.884s] -- Up-to-date: /home/csrobot/flexbe_ws/install/flexbe_msgs/local/lib/python3.10/dist-packages/flexbe_msgs/action/_behavior_input.py
[1.884s] -- Up-to-date: /home/csrobot/flexbe_ws/install/flexbe_msgs/local/lib/python3.10/dist-packages/flexbe_msgs/action/__init__.py
[1.884s] -- Up-to-date: /home/csrobot/flexbe_ws/install/flexbe_msgs/local/lib/python3.10/dist-packages/flexbe_msgs/action/_behavior_execution_s.c
[1.884s] -- Up-to-date: /home/csrobot/flexbe_ws/install/flexbe_msgs/local/lib/python3.10/dist-packages/flexbe_msgs/action/_behavior_execution.py
[1.884s] -- Up-to-date: /home/csrobot/flexbe_ws/install/flexbe_msgs/local/lib/python3.10/dist-packages/flexbe_msgs/action/_behavior_synthesis_s.c
[1.884s] -- Up-to-date: /home/csrobot/flexbe_ws/install/flexbe_msgs/local/lib/python3.10/dist-packages/flexbe_msgs/flexbe_msgs_s__rosidl_typesupport_c.cpython-310-x86_64-linux-gnu.so
[1.977s] Listing '/home/csrobot/flexbe_ws/install/flexbe_msgs/local/lib/python3.10/dist-packages/flexbe_msgs'...
[1.977s] Listing '/home/csrobot/flexbe_ws/install/flexbe_msgs/local/lib/python3.10/dist-packages/flexbe_msgs/action'...
[1.977s] Listing '/home/csrobot/flexbe_ws/install/flexbe_msgs/local/lib/python3.10/dist-packages/flexbe_msgs/msg'...
[1.977s] Listing '/home/csrobot/flexbe_ws/install/flexbe_msgs/local/lib/python3.10/dist-packages/flexbe_msgs/srv'...
[1.977s] -- Up-to-date: /home/csrobot/flexbe_ws/install/flexbe_msgs/local/lib/python3.10/dist-packages/flexbe_msgs/flexbe_msgs_s__rosidl_typesupport_introspection_c.cpython-310-x86_64-linux-gnu.so
[1.977s] -- Up-to-date: /home/csrobot/flexbe_ws/install/flexbe_msgs/local/lib/python3.10/dist-packages/flexbe_msgs/flexbe_msgs_s__rosidl_typesupport_fastrtps_c.cpython-310-x86_64-linux-gnu.so
[1.977s] -- Up-to-date: /home/csrobot/flexbe_ws/install/flexbe_msgs/local/lib/python3.10/dist-packages/flexbe_msgs/flexbe_msgs_s__rosidl_typesupport_c.cpython-310-x86_64-linux-gnu.so
[1.978s] -- Up-to-date: /home/csrobot/flexbe_ws/install/flexbe_msgs/lib/libflexbe_msgs__rosidl_generator_py.so
[1.978s] -- Up-to-date: /home/csrobot/flexbe_ws/install/flexbe_msgs/share/flexbe_msgs/msg/BEStatus.idl
[1.978s] -- Up-to-date: /home/csrobot/flexbe_ws/install/flexbe_msgs/share/flexbe_msgs/msg/BehaviorLog.idl
[1.978s] -- Up-to-date: /home/csrobot/flexbe_ws/install/flexbe_msgs/share/flexbe_msgs/msg/BehaviorModification.idl
[1.978s] -- Up-to-date: /home/csrobot/flexbe_ws/install/flexbe_msgs/share/flexbe_msgs/msg/BehaviorRequest.idl
[1.978s] -- Up-to-date: /home/csrobot/flexbe_ws/install/flexbe_msgs/share/flexbe_msgs/msg/BehaviorSelection.idl
[1.978s] -- Up-to-date: /home/csrobot/flexbe_ws/install/flexbe_msgs/share/flexbe_msgs/msg/BehaviorSync.idl
[1.978s] -- Up-to-date: /home/csrobot/flexbe_ws/install/flexbe_msgs/share/flexbe_msgs/msg/CommandFeedback.idl
[1.978s] -- Up-to-date: /home/csrobot/flexbe_ws/install/flexbe_msgs/share/flexbe_msgs/msg/Container.idl
[1.978s] -- Up-to-date: /home/csrobot/flexbe_ws/install/flexbe_msgs/share/flexbe_msgs/msg/ContainerStructure.idl
[1.978s] -- Up-to-date: /home/csrobot/flexbe_ws/install/flexbe_msgs/share/flexbe_msgs/msg/OutcomeCondition.idl
[1.978s] -- Up-to-date: /home/csrobot/flexbe_ws/install/flexbe_msgs/share/flexbe_msgs/msg/OutcomeRequest.idl
[1.978s] -- Up-to-date: /home/csrobot/flexbe_ws/install/flexbe_msgs/share/flexbe_msgs/msg/StateInstantiation.idl
[1.978s] -- Up-to-date: /home/csrobot/flexbe_ws/install/flexbe_msgs/share/flexbe_msgs/msg/StateMapMsg.idl
[1.978s] -- Up-to-date: /home/csrobot/flexbe_ws/install/flexbe_msgs/share/flexbe_msgs/msg/SynthesisErrorCodes.idl
[1.979s] -- Up-to-date: /home/csrobot/flexbe_ws/install/flexbe_msgs/share/flexbe_msgs/msg/SynthesisRequest.idl
[1.979s] -- Up-to-date: /home/csrobot/flexbe_ws/install/flexbe_msgs/share/flexbe_msgs/msg/UICommand.idl
[1.979s] -- Up-to-date: /home/csrobot/flexbe_ws/install/flexbe_msgs/share/flexbe_msgs/msg/UserdataInfo.idl
[1.979s] -- Up-to-date: /home/csrobot/flexbe_ws/install/flexbe_msgs/share/flexbe_msgs/action/BehaviorInput.idl
[1.979s] -- Up-to-date: /home/csrobot/flexbe_ws/install/flexbe_msgs/share/flexbe_msgs/action/BehaviorExecution.idl
[1.979s] -- Up-to-date: /home/csrobot/flexbe_ws/install/flexbe_msgs/share/flexbe_msgs/action/BehaviorSynthesis.idl
[1.979s] -- Up-to-date: /home/csrobot/flexbe_ws/install/flexbe_msgs/share/flexbe_msgs/srv/GetUserdata.idl
[1.979s] -- Up-to-date: /home/csrobot/flexbe_ws/install/flexbe_msgs/share/flexbe_msgs/msg/BEStatus.msg
[1.979s] -- Up-to-date: /home/csrobot/flexbe_ws/install/flexbe_msgs/share/flexbe_msgs/msg/BehaviorLog.msg
[1.979s] -- Up-to-date: /home/csrobot/flexbe_ws/install/flexbe_msgs/share/flexbe_msgs/msg/BehaviorModification.msg
[1.979s] -- Up-to-date: /home/csrobot/flexbe_ws/install/flexbe_msgs/share/flexbe_msgs/msg/BehaviorRequest.msg
[1.979s] -- Up-to-date: /home/csrobot/flexbe_ws/install/flexbe_msgs/share/flexbe_msgs/msg/BehaviorSelection.msg
[1.979s] -- Up-to-date: /home/csrobot/flexbe_ws/install/flexbe_msgs/share/flexbe_msgs/msg/BehaviorSync.msg
[1.979s] -- Up-to-date: /home/csrobot/flexbe_ws/install/flexbe_msgs/share/flexbe_msgs/msg/CommandFeedback.msg
[1.979s] -- Up-to-date: /home/csrobot/flexbe_ws/install/flexbe_msgs/share/flexbe_msgs/msg/Container.msg
[1.979s] -- Up-to-date: /home/csrobot/flexbe_ws/install/flexbe_msgs/share/flexbe_msgs/msg/ContainerStructure.msg
[1.979s] -- Up-to-date: /home/csrobot/flexbe_ws/install/flexbe_msgs/share/flexbe_msgs/msg/OutcomeCondition.msg
[1.979s] -- Up-to-date: /home/csrobot/flexbe_ws/install/flexbe_msgs/share/flexbe_msgs/msg/OutcomeRequest.msg
[1.979s] -- Up-to-date: /home/csrobot/flexbe_ws/install/flexbe_msgs/share/flexbe_msgs/msg/StateInstantiation.msg
[1.980s] -- Up-to-date: /home/csrobot/flexbe_ws/install/flexbe_msgs/share/flexbe_msgs/msg/StateMapMsg.msg
[1.980s] -- Up-to-date: /home/csrobot/flexbe_ws/install/flexbe_msgs/share/flexbe_msgs/msg/SynthesisErrorCodes.msg
[1.980s] -- Up-to-date: /home/csrobot/flexbe_ws/install/flexbe_msgs/share/flexbe_msgs/msg/SynthesisRequest.msg
[1.980s] -- Up-to-date: /home/csrobot/flexbe_ws/install/flexbe_msgs/share/flexbe_msgs/msg/UICommand.msg
[1.980s] -- Up-to-date: /home/csrobot/flexbe_ws/install/flexbe_msgs/share/flexbe_msgs/msg/UserdataInfo.msg
[1.980s] -- Up-to-date: /home/csrobot/flexbe_ws/install/flexbe_msgs/share/flexbe_msgs/action/BehaviorInput.action
[1.980s] -- Up-to-date: /home/csrobot/flexbe_ws/install/flexbe_msgs/share/flexbe_msgs/action/BehaviorExecution.action
[1.980s] -- Up-to-date: /home/csrobot/flexbe_ws/install/flexbe_msgs/share/flexbe_msgs/action/BehaviorSynthesis.action
[1.980s] -- Up-to-date: /home/csrobot/flexbe_ws/install/flexbe_msgs/share/flexbe_msgs/srv/GetUserdata.srv
[1.980s] -- Up-to-date: /home/csrobot/flexbe_ws/install/flexbe_msgs/share/flexbe_msgs/srv/GetUserdata_Request.msg
[1.980s] -- Up-to-date: /home/csrobot/flexbe_ws/install/flexbe_msgs/share/flexbe_msgs/srv/GetUserdata_Response.msg
[1.980s] -- Up-to-date: /home/csrobot/flexbe_ws/install/flexbe_msgs/share/ament_index/resource_index/package_run_dependencies/flexbe_msgs
[1.980s] -- Up-to-date: /home/csrobot/flexbe_ws/install/flexbe_msgs/share/ament_index/resource_index/parent_prefix_path/flexbe_msgs
[1.980s] -- Up-to-date: /home/csrobot/flexbe_ws/install/flexbe_msgs/share/flexbe_msgs/environment/ament_prefix_path.dsv
[1.980s] -- Up-to-date: /home/csrobot/flexbe_ws/install/flexbe_msgs/share/flexbe_msgs/environment/path.dsv
[1.980s] -- Up-to-date: /home/csrobot/flexbe_ws/install/flexbe_msgs/share/flexbe_msgs/local_setup.bash
[1.980s] -- Up-to-date: /home/csrobot/flexbe_ws/install/flexbe_msgs/share/flexbe_msgs/local_setup.sh
[1.980s] -- Up-to-date: /home/csrobot/flexbe_ws/install/flexbe_msgs/share/flexbe_msgs/local_setup.zsh
[1.980s] -- Up-to-date: /home/csrobot/flexbe_ws/install/flexbe_msgs/share/flexbe_msgs/local_setup.dsv
[1.980s] -- Installing: /home/csrobot/flexbe_ws/install/flexbe_msgs/share/flexbe_msgs/package.dsv
[1.980s] -- Up-to-date: /home/csrobot/flexbe_ws/install/flexbe_msgs/share/ament_index/resource_index/packages/flexbe_msgs
[1.981s] -- Up-to-date: /home/csrobot/flexbe_ws/install/flexbe_msgs/share/flexbe_msgs/cmake/export_flexbe_msgs__rosidl_generator_cExport.cmake
[1.981s] -- Up-to-date: /home/csrobot/flexbe_ws/install/flexbe_msgs/share/flexbe_msgs/cmake/export_flexbe_msgs__rosidl_generator_cExport-noconfig.cmake
[1.981s] -- Up-to-date: /home/csrobot/flexbe_ws/install/flexbe_msgs/share/flexbe_msgs/cmake/flexbe_msgs__rosidl_typesupport_introspection_cExport.cmake
[1.981s] -- Up-to-date: /home/csrobot/flexbe_ws/install/flexbe_msgs/share/flexbe_msgs/cmake/flexbe_msgs__rosidl_typesupport_introspection_cExport-noconfig.cmake
[1.981s] -- Up-to-date: /home/csrobot/flexbe_ws/install/flexbe_msgs/share/flexbe_msgs/cmake/export_flexbe_msgs__rosidl_typesupport_fastrtps_cExport.cmake
[1.981s] -- Up-to-date: /home/csrobot/flexbe_ws/install/flexbe_msgs/share/flexbe_msgs/cmake/export_flexbe_msgs__rosidl_typesupport_fastrtps_cExport-noconfig.cmake
[1.981s] -- Up-to-date: /home/csrobot/flexbe_ws/install/flexbe_msgs/share/flexbe_msgs/cmake/flexbe_msgs__rosidl_typesupport_cExport.cmake
[1.981s] -- Up-to-date: /home/csrobot/flexbe_ws/install/flexbe_msgs/share/flexbe_msgs/cmake/flexbe_msgs__rosidl_typesupport_cExport-noconfig.cmake
[1.981s] -- Up-to-date: /home/csrobot/flexbe_ws/install/flexbe_msgs/share/flexbe_msgs/cmake/export_flexbe_msgs__rosidl_generator_cppExport.cmake
[1.981s] -- Up-to-date: /home/csrobot/flexbe_ws/install/flexbe_msgs/share/flexbe_msgs/cmake/flexbe_msgs__rosidl_typesupport_introspection_cppExport.cmake
[1.981s] -- Up-to-date: /home/csrobot/flexbe_ws/install/flexbe_msgs/share/flexbe_msgs/cmake/flexbe_msgs__rosidl_typesupport_introspection_cppExport-noconfig.cmake
[1.981s] -- Up-to-date: /home/csrobot/flexbe_ws/install/flexbe_msgs/share/flexbe_msgs/cmake/export_flexbe_msgs__rosidl_typesupport_fastrtps_cppExport.cmake
[1.981s] -- Up-to-date: /home/csrobot/flexbe_ws/install/flexbe_msgs/share/flexbe_msgs/cmake/export_flexbe_msgs__rosidl_typesupport_fastrtps_cppExport-noconfig.cmake
[1.981s] -- Up-to-date: /home/csrobot/flexbe_ws/install/flexbe_msgs/share/flexbe_msgs/cmake/flexbe_msgs__rosidl_typesupport_cppExport.cmake
[1.981s] -- Up-to-date: /home/csrobot/flexbe_ws/install/flexbe_msgs/share/flexbe_msgs/cmake/flexbe_msgs__rosidl_typesupport_cppExport-noconfig.cmake
[1.981s] -- Up-to-date: /home/csrobot/flexbe_ws/install/flexbe_msgs/share/flexbe_msgs/cmake/export_flexbe_msgs__rosidl_generator_pyExport.cmake
[1.981s] -- Up-to-date: /home/csrobot/flexbe_ws/install/flexbe_msgs/share/flexbe_msgs/cmake/export_flexbe_msgs__rosidl_generator_pyExport-noconfig.cmake
[1.982s] -- Up-to-date: /home/csrobot/flexbe_ws/install/flexbe_msgs/share/flexbe_msgs/cmake/rosidl_cmake-extras.cmake
[1.982s] -- Up-to-date: /home/csrobot/flexbe_ws/install/flexbe_msgs/share/flexbe_msgs/cmake/ament_cmake_export_dependencies-extras.cmake
[1.982s] -- Up-to-date: /home/csrobot/flexbe_ws/install/flexbe_msgs/share/flexbe_msgs/cmake/ament_cmake_export_include_directories-extras.cmake
[1.982s] -- Up-to-date: /home/csrobot/flexbe_ws/install/flexbe_msgs/share/flexbe_msgs/cmake/ament_cmake_export_libraries-extras.cmake
[1.982s] -- Up-to-date: /home/csrobot/flexbe_ws/install/flexbe_msgs/share/flexbe_msgs/cmake/ament_cmake_export_targets-extras.cmake
[1.982s] -- Up-to-date: /home/csrobot/flexbe_ws/install/flexbe_msgs/share/flexbe_msgs/cmake/rosidl_cmake_export_typesupport_targets-extras.cmake
[1.982s] -- Up-to-date: /home/csrobot/flexbe_ws/install/flexbe_msgs/share/flexbe_msgs/cmake/rosidl_cmake_export_typesupport_libraries-extras.cmake
[1.982s] -- Up-to-date: /home/csrobot/flexbe_ws/install/flexbe_msgs/share/flexbe_msgs/cmake/flexbe_msgsConfig.cmake
[1.982s] -- Up-to-date: /home/csrobot/flexbe_ws/install/flexbe_msgs/share/flexbe_msgs/cmake/flexbe_msgsConfig-version.cmake
[1.982s] -- Up-to-date: /home/csrobot/flexbe_ws/install/flexbe_msgs/share/flexbe_msgs/package.xml
[2.052s] Invoked command in '/home/csrobot/flexbe_ws/build/flexbe_msgs' returned '0': CMAKE_PREFIX_PATH=${CMAKE_PREFIX_PATH}:/home/csrobot/flexbe_ws/install/flexbe_turtlesim_demo_flexbe_states:/home/csrobot/ros2_humble/install/quality_of_service_demo_py:/home/csrobot/ros2_humble/install/demo_nodes_py:/home/csrobot/ros2_humble/install/moveit_configs_utils:/home/csrobot/ros2_humble/install/rqt_bag_plugins:/home/csrobot/ros2_humble/install/rqt_bag:/home/csrobot/ros2_humble/install/launch_testing_examples:/home/csrobot/ros2_humble/install/ros2bag:/home/csrobot/ros2_humble/install/tracetools_test:/home/csrobot/ros2_humble/install/tracetools_launch:/home/csrobot/ros2_humble/install/topic_monitor:/home/csrobot/ros2_humble/install/tf2_tools:/home/csrobot/ros2_humble/install/examples_tf2_py:/home/csrobot/ros2_humble/install/tf2_ros_py:/home/csrobot/ros2_humble/install/sros2:/home/csrobot/ros2_humble/install/rqt_topic:/home/csrobot/ros2_humble/install/rqt_srv:/home/csrobot/ros2_humble/install/rqt_shell:/home/csrobot/ros2_humble/install/rqt_service_caller:/home/csrobot/ros2_humble/install/rqt_reconfigure:/home/csrobot/ros2_humble/install/rqt_py_console:/home/csrobot/ros2_humble/install/rqt_publisher:/home/csrobot/ros2_humble/install/rqt_plot:/home/csrobot/ros2_humble/install/rqt_action:/home/csrobot/ros2_humble/install/rqt_msg:/home/csrobot/ros2_humble/install/rqt_console:/home/csrobot/ros2_humble/install/rqt:/home/csrobot/ros2_humble/install/rqt_graph:/home/csrobot/ros2_humble/install/rqt_gui_py:/home/csrobot/ros2_humble/install/rqt_gui:/home/csrobot/ros2_humble/install/ros2trace:/home/csrobot/ros2_humble/install/ros2topic:/home/csrobot/ros2_humble/install/ros2test:/home/csrobot/ros2_humble/install/ros2component:/home/csrobot/ros2_humble/install/ros2param:/home/csrobot/ros2_humble/install/ros2lifecycle:/home/csrobot/ros2_humble/install/ros2service:/home/csrobot/ros2_humble/install/ros2run:/home/csrobot/ros2_humble/install/ros2launch:/home/csrobot/ros2_humble/install/ros2pkg:/home/csrobot/ros2_humble/install/ros2node:/home/csrobot/ros2_humble/install/ros2multicast:/home/csrobot/ros2_humble/install/ros2interface:/home/csrobot/ros2_humble/install/ros2doctor:/home/csrobot/ros2_humble/install/ros2action:/home/csrobot/ros2_humble/install/ros2cli:/home/csrobot/ros2_humble/install/lifecycle_py:/home/csrobot/ros2_humble/install/launch_testing_ros:/home/csrobot/ros2_humble/install/launch_ros:/home/csrobot/ros2_humble/install/examples_rclpy_pointcloud_publisher:/home/csrobot/ros2_humble/install/examples_rclpy_minimal_subscriber:/home/csrobot/ros2_humble/install/examples_rclpy_minimal_service:/home/csrobot/ros2_humble/install/examples_rclpy_minimal_publisher:/home/csrobot/ros2_humble/install/examples_rclpy_minimal_client:/home/csrobot/ros2_humble/install/examples_rclpy_minimal_action_server:/home/csrobot/ros2_humble/install/examples_rclpy_minimal_action_client:/home/csrobot/ros2_humble/install/examples_rclpy_guard_conditions:/home/csrobot/ros2_humble/install/examples_rclpy_executors:/home/csrobot/ros2_humble/install/camera_info_manager_py:/home/csrobot/ros2_humble/install/action_tutorials_py:/home/csrobot/ros2_humble/install/ament_uncrustify:/home/csrobot/ros2_humble/install/tracetools_trace:/home/csrobot/ros2_humble/install/tracetools_read:/home/csrobot/ros2_humble/install/test_tracetools_launch:/home/csrobot/ros2_humble/install/test_launch_ros:/home/csrobot/ros2_humble/install/sensor_msgs_py:/home/csrobot/ros2_humble/install/rpyutils:/home/csrobot/ros2_humble/install/rosidl_runtime_py:/home/csrobot/ros2_humble/install/rosidl_cli:/home/csrobot/ros2_humble/install/launch_pytest:/home/csrobot/ros2_humble/install/launch_testing:/home/csrobot/ros2_humble/install/launch_yaml:/home/csrobot/ros2_humble/install/launch_xml:/home/csrobot/ros2_humble/install/launch:/home/csrobot/ros2_humble/install/osrf_pycommon:/home/csrobot/ros2_humble/install/domain_coordinator:/home/csrobot/ros2_humble/install/ament_xmllint:/home/csrobot/ros2_humble/install/ament_pyflakes:/home/csrobot/ros2_humble/install/ament_pycodestyle:/home/csrobot/ros2_humble/install/ament_pep257:/home/csrobot/ros2_humble/install/ament_pclint:/home/csrobot/ros2_humble/install/ament_package:/home/csrobot/ros2_humble/install/ament_mypy:/home/csrobot/ros2_humble/install/ament_lint_cmake:/home/csrobot/ros2_humble/install/ament_flake8:/home/csrobot/ros2_humble/install/ament_copyright:/home/csrobot/ros2_humble/install/ament_lint:/home/csrobot/ros2_humble/install/ament_index_python:/home/csrobot/ros2_humble/install/ament_cpplint:/home/csrobot/ros2_humble/install/ament_cppcheck:/home/csrobot/ros2_humble/install/ament_clang_tidy:/home/csrobot/ros2_humble/install/ament_clang_format:/home/csrobot/flexbe_ws/install/tm_mod_urdf:/home/csrobot/flexbe_ws/install/tm_get_status:/home/csrobot/flexbe_ws/install/moveit_configs_utils:/home/csrobot/flexbe_ws/install/example_flexbe_states:/home/csrobot/flexbe_ws/install/compare_flexbe_states:/home/csrobot/flexbe_ws/install/flexbe_webui:/home/csrobot/flexbe_ws/install/flexbe_onboard:/home/csrobot/flexbe_ws/install/flexbe_states:/home/csrobot/flexbe_ws/install/flexbe_mirror:/home/csrobot/flexbe_ws/install/flexbe_input:/home/csrobot/flexbe_ws/install/flexbe_core:/opt/ros/humble /usr/bin/cmake --install /home/csrobot/flexbe_ws/build/flexbe_msgs
