running egg_info
creating ../../../build/flexbe_turtlesim_demo_flexbe_states/flexbe_turtlesim_demo_flexbe_states.egg-info
writing ../../../build/flexbe_turtlesim_demo_flexbe_states/flexbe_turtlesim_demo_flexbe_states.egg-info/PKG-INFO
writing dependency_links to ../../../build/flexbe_turtlesim_demo_flexbe_states/flexbe_turtlesim_demo_flexbe_states.egg-info/dependency_links.txt
writing entry points to ../../../build/flexbe_turtlesim_demo_flexbe_states/flexbe_turtlesim_demo_flexbe_states.egg-info/entry_points.txt
writing requirements to ../../../build/flexbe_turtlesim_demo_flexbe_states/flexbe_turtlesim_demo_flexbe_states.egg-info/requires.txt
writing top-level names to ../../../build/flexbe_turtlesim_demo_flexbe_states/flexbe_turtlesim_demo_flexbe_states.egg-info/top_level.txt
writing manifest file '../../../build/flexbe_turtlesim_demo_flexbe_states/flexbe_turtlesim_demo_flexbe_states.egg-info/SOURCES.txt'
reading manifest file '../../../build/flexbe_turtlesim_demo_flexbe_states/flexbe_turtlesim_demo_flexbe_states.egg-info/SOURCES.txt'
writing manifest file '../../../build/flexbe_turtlesim_demo_flexbe_states/flexbe_turtlesim_demo_flexbe_states.egg-info/SOURCES.txt'
running build
running build_py
creating /home/csrobot/flexbe_ws/build/flexbe_turtlesim_demo_flexbe_states/build
creating /home/csrobot/flexbe_ws/build/flexbe_turtlesim_demo_flexbe_states/build/lib
creating /home/csrobot/flexbe_ws/build/flexbe_turtlesim_demo_flexbe_states/build/lib/flexbe_turtlesim_demo_flexbe_states
copying flexbe_turtlesim_demo_flexbe_states/__init__.py -> /home/csrobot/flexbe_ws/build/flexbe_turtlesim_demo_flexbe_states/build/lib/flexbe_turtlesim_demo_flexbe_states
copying flexbe_turtlesim_demo_flexbe_states/rotate_turtle_state.py -> /home/csrobot/flexbe_ws/build/flexbe_turtlesim_demo_flexbe_states/build/lib/flexbe_turtlesim_demo_flexbe_states
copying flexbe_turtlesim_demo_flexbe_states/clear_turtlesim_state.py -> /home/csrobot/flexbe_ws/build/flexbe_turtlesim_demo_flexbe_states/build/lib/flexbe_turtlesim_demo_flexbe_states
copying flexbe_turtlesim_demo_flexbe_states/teleport_absolute_state.py -> /home/csrobot/flexbe_ws/build/flexbe_turtlesim_demo_flexbe_states/build/lib/flexbe_turtlesim_demo_flexbe_states
copying flexbe_turtlesim_demo_flexbe_states/timed_cmd_vel_state.py -> /home/csrobot/flexbe_ws/build/flexbe_turtlesim_demo_flexbe_states/build/lib/flexbe_turtlesim_demo_flexbe_states
copying flexbe_turtlesim_demo_flexbe_states/example_state.py -> /home/csrobot/flexbe_ws/build/flexbe_turtlesim_demo_flexbe_states/build/lib/flexbe_turtlesim_demo_flexbe_states
running install
running install_lib
creating /home/csrobot/flexbe_ws/install/flexbe_turtlesim_demo_flexbe_states/lib/python3.10/site-packages/flexbe_turtlesim_demo_flexbe_states
copying /home/csrobot/flexbe_ws/build/flexbe_turtlesim_demo_flexbe_states/build/lib/flexbe_turtlesim_demo_flexbe_states/__init__.py -> /home/csrobot/flexbe_ws/install/flexbe_turtlesim_demo_flexbe_states/lib/python3.10/site-packages/flexbe_turtlesim_demo_flexbe_states
copying /home/csrobot/flexbe_ws/build/flexbe_turtlesim_demo_flexbe_states/build/lib/flexbe_turtlesim_demo_flexbe_states/rotate_turtle_state.py -> /home/csrobot/flexbe_ws/install/flexbe_turtlesim_demo_flexbe_states/lib/python3.10/site-packages/flexbe_turtlesim_demo_flexbe_states
copying /home/csrobot/flexbe_ws/build/flexbe_turtlesim_demo_flexbe_states/build/lib/flexbe_turtlesim_demo_flexbe_states/clear_turtlesim_state.py -> /home/csrobot/flexbe_ws/install/flexbe_turtlesim_demo_flexbe_states/lib/python3.10/site-packages/flexbe_turtlesim_demo_flexbe_states
copying /home/csrobot/flexbe_ws/build/flexbe_turtlesim_demo_flexbe_states/build/lib/flexbe_turtlesim_demo_flexbe_states/teleport_absolute_state.py -> /home/csrobot/flexbe_ws/install/flexbe_turtlesim_demo_flexbe_states/lib/python3.10/site-packages/flexbe_turtlesim_demo_flexbe_states
copying /home/csrobot/flexbe_ws/build/flexbe_turtlesim_demo_flexbe_states/build/lib/flexbe_turtlesim_demo_flexbe_states/timed_cmd_vel_state.py -> /home/csrobot/flexbe_ws/install/flexbe_turtlesim_demo_flexbe_states/lib/python3.10/site-packages/flexbe_turtlesim_demo_flexbe_states
copying /home/csrobot/flexbe_ws/build/flexbe_turtlesim_demo_flexbe_states/build/lib/flexbe_turtlesim_demo_flexbe_states/example_state.py -> /home/csrobot/flexbe_ws/install/flexbe_turtlesim_demo_flexbe_states/lib/python3.10/site-packages/flexbe_turtlesim_demo_flexbe_states
byte-compiling /home/csrobot/flexbe_ws/install/flexbe_turtlesim_demo_flexbe_states/lib/python3.10/site-packages/flexbe_turtlesim_demo_flexbe_states/__init__.py to __init__.cpython-310.pyc
byte-compiling /home/csrobot/flexbe_ws/install/flexbe_turtlesim_demo_flexbe_states/lib/python3.10/site-packages/flexbe_turtlesim_demo_flexbe_states/rotate_turtle_state.py to rotate_turtle_state.cpython-310.pyc
byte-compiling /home/csrobot/flexbe_ws/install/flexbe_turtlesim_demo_flexbe_states/lib/python3.10/site-packages/flexbe_turtlesim_demo_flexbe_states/clear_turtlesim_state.py to clear_turtlesim_state.cpython-310.pyc
byte-compiling /home/csrobot/flexbe_ws/install/flexbe_turtlesim_demo_flexbe_states/lib/python3.10/site-packages/flexbe_turtlesim_demo_flexbe_states/teleport_absolute_state.py to teleport_absolute_state.cpython-310.pyc
byte-compiling /home/csrobot/flexbe_ws/install/flexbe_turtlesim_demo_flexbe_states/lib/python3.10/site-packages/flexbe_turtlesim_demo_flexbe_states/timed_cmd_vel_state.py to timed_cmd_vel_state.cpython-310.pyc
byte-compiling /home/csrobot/flexbe_ws/install/flexbe_turtlesim_demo_flexbe_states/lib/python3.10/site-packages/flexbe_turtlesim_demo_flexbe_states/example_state.py to example_state.cpython-310.pyc
running install_data
creating /home/csrobot/flexbe_ws/install/flexbe_turtlesim_demo_flexbe_states/share/ament_index
creating /home/csrobot/flexbe_ws/install/flexbe_turtlesim_demo_flexbe_states/share/ament_index/resource_index
creating /home/csrobot/flexbe_ws/install/flexbe_turtlesim_demo_flexbe_states/share/ament_index/resource_index/packages
copying resource/flexbe_turtlesim_demo_flexbe_states -> /home/csrobot/flexbe_ws/install/flexbe_turtlesim_demo_flexbe_states/share/ament_index/resource_index/packages
copying package.xml -> /home/csrobot/flexbe_ws/install/flexbe_turtlesim_demo_flexbe_states/share/flexbe_turtlesim_demo_flexbe_states
creating /home/csrobot/flexbe_ws/install/flexbe_turtlesim_demo_flexbe_states/share/flexbe_turtlesim_demo_flexbe_states/tests
copying tests/timed_cmd_vel_state.test -> /home/csrobot/flexbe_ws/install/flexbe_turtlesim_demo_flexbe_states/share/flexbe_turtlesim_demo_flexbe_states/tests
copying tests/teleport_absolute_state.test -> /home/csrobot/flexbe_ws/install/flexbe_turtlesim_demo_flexbe_states/share/flexbe_turtlesim_demo_flexbe_states/tests
copying tests/clear_turtlesim_state.test -> /home/csrobot/flexbe_ws/install/flexbe_turtlesim_demo_flexbe_states/share/flexbe_turtlesim_demo_flexbe_states/tests
copying tests/rotate_turtle_state.test -> /home/csrobot/flexbe_ws/install/flexbe_turtlesim_demo_flexbe_states/share/flexbe_turtlesim_demo_flexbe_states/tests
copying tests/example_state.test -> /home/csrobot/flexbe_ws/install/flexbe_turtlesim_demo_flexbe_states/share/flexbe_turtlesim_demo_flexbe_states/tests
creating /home/csrobot/flexbe_ws/install/flexbe_turtlesim_demo_flexbe_states/share/flexbe_turtlesim_demo_flexbe_states/launch
copying tests/run_tests.launch.py -> /home/csrobot/flexbe_ws/install/flexbe_turtlesim_demo_flexbe_states/share/flexbe_turtlesim_demo_flexbe_states/launch
running install_egg_info
Copying ../../../build/flexbe_turtlesim_demo_flexbe_states/flexbe_turtlesim_demo_flexbe_states.egg-info to /home/csrobot/flexbe_ws/install/flexbe_turtlesim_demo_flexbe_states/lib/python3.10/site-packages/flexbe_turtlesim_demo_flexbe_states-0.0.0-py3.10.egg-info
running install_scripts
Installing example_action_state script to /home/csrobot/flexbe_ws/install/flexbe_turtlesim_demo_flexbe_states/lib/flexbe_turtlesim_demo_flexbe_states
Installing example_state script to /home/csrobot/flexbe_ws/install/flexbe_turtlesim_demo_flexbe_states/lib/flexbe_turtlesim_demo_flexbe_states
Installing teleport_absolute_state script to /home/csrobot/flexbe_ws/install/flexbe_turtlesim_demo_flexbe_states/lib/flexbe_turtlesim_demo_flexbe_states
Installing timed_twist_state script to /home/csrobot/flexbe_ws/install/flexbe_turtlesim_demo_flexbe_states/lib/flexbe_turtlesim_demo_flexbe_states
writing list of installed files to '/home/csrobot/flexbe_ws/build/flexbe_turtlesim_demo_flexbe_states/install.log'
