[0.016s] Invoking command in '/home/csrobot/flexbe_ws/build/armada_gazebo': CMAKE_PREFIX_PATH=${CMAKE_PREFIX_PATH}:/opt/ros/jazzy DEBUGINFOD_URLS=https://debuginfod.ubuntu.com /usr/bin/cmake --build /home/csrobot/flexbe_ws/build/armada_gazebo -- -j8 -l8
[0.066s] Invoked command in '/home/csrobot/flexbe_ws/build/armada_gazebo' returned '0': CMAKE_PREFIX_PATH=${CMAKE_PREFIX_PATH}:/opt/ros/jazzy DEBUGINFOD_URLS=https://debuginfod.ubuntu.com /usr/bin/cmake --build /home/csrobot/flexbe_ws/build/armada_gazebo -- -j8 -l8
[0.066s] Invoking command in '/home/csrobot/flexbe_ws/build/armada_gazebo': CMAKE_PREFIX_PATH=${CMAKE_PREFIX_PATH}:/opt/ros/jazzy DEBUGINFOD_URLS=https://debuginfod.ubuntu.com /usr/bin/cmake --install /home/csrobot/flexbe_ws/build/armada_gazebo
[0.091s] -- Install configuration: ""
[0.091s] -- Execute custom install script
[0.091s] -- Up-to-date symlink: /home/csrobot/flexbe_ws/install/armada_gazebo/share/armada_gazebo/panda/config/panda_bridge.yaml
[0.091s] -- Up-to-date symlink: /home/csrobot/flexbe_ws/install/armada_gazebo/share/armada_gazebo/panda/worlds/panda.sdf
[0.093s] -- Up-to-date symlink: /home/csrobot/flexbe_ws/install/armada_gazebo/share/armada_gazebo/panda/xacro/macro.gazebo.xacro
[0.093s] -- Up-to-date symlink: /home/csrobot/flexbe_ws/install/armada_gazebo/share/armada_gazebo/panda/xacro/macro.gazebo_sensor.xacro
[0.093s] -- Up-to-date symlink: /home/csrobot/flexbe_ws/install/armada_gazebo/share/armada_gazebo/tm5-700/config/tm5-700_bridge.yaml
[0.093s] -- Up-to-date symlink: /home/csrobot/flexbe_ws/install/armada_gazebo/share/armada_gazebo/tm5-700/worlds/tm5-700.sdf
[0.093s] -- Up-to-date symlink: /home/csrobot/flexbe_ws/install/armada_gazebo/share/armada_gazebo/tm5-700/xacro/macro.gazebo.xacro
[0.093s] -- Up-to-date symlink: /home/csrobot/flexbe_ws/install/armada_gazebo/share/armada_gazebo/tm5-700/xacro/macro.gazebo_sensor.xacro
[0.093s] -- Up-to-date symlink: /home/csrobot/flexbe_ws/install/armada_gazebo/share/armada_gazebo/rgbd_camera/detachable_joint/detachable_joint.sdf
[0.093s] -- Up-to-date symlink: /home/csrobot/flexbe_ws/install/armada_gazebo/share/armada_gazebo/rgbd_camera/model/rgbd_camera_model.sdf
[0.093s] -- Up-to-date symlink: /home/csrobot/flexbe_ws/install/armada_gazebo/share/ament_index/resource_index/package_run_dependencies/armada_gazebo
[0.093s] -- Up-to-date symlink: /home/csrobot/flexbe_ws/install/armada_gazebo/share/ament_index/resource_index/parent_prefix_path/armada_gazebo
[0.094s] -- Up-to-date symlink: /home/csrobot/flexbe_ws/install/armada_gazebo/share/armada_gazebo/environment/ament_prefix_path.sh
[0.094s] -- Up-to-date symlink: /home/csrobot/flexbe_ws/install/armada_gazebo/share/armada_gazebo/environment/ament_prefix_path.dsv
[0.094s] -- Up-to-date symlink: /home/csrobot/flexbe_ws/install/armada_gazebo/share/armada_gazebo/environment/path.sh
[0.094s] -- Up-to-date symlink: /home/csrobot/flexbe_ws/install/armada_gazebo/share/armada_gazebo/environment/path.dsv
[0.097s] -- Up-to-date symlink: /home/csrobot/flexbe_ws/install/armada_gazebo/share/armada_gazebo/local_setup.bash
[0.097s] -- Up-to-date symlink: /home/csrobot/flexbe_ws/install/armada_gazebo/share/armada_gazebo/local_setup.sh
[0.097s] -- Up-to-date symlink: /home/csrobot/flexbe_ws/install/armada_gazebo/share/armada_gazebo/local_setup.zsh
[0.097s] -- Up-to-date symlink: /home/csrobot/flexbe_ws/install/armada_gazebo/share/armada_gazebo/local_setup.dsv
[0.097s] -- Symlinking: /home/csrobot/flexbe_ws/install/armada_gazebo/share/armada_gazebo/package.dsv
[0.098s] -- Up-to-date symlink: /home/csrobot/flexbe_ws/install/armada_gazebo/share/ament_index/resource_index/packages/armada_gazebo
[0.098s] -- Up-to-date symlink: /home/csrobot/flexbe_ws/install/armada_gazebo/share/armada_gazebo/cmake/armada_gazeboConfig.cmake
[0.098s] -- Up-to-date symlink: /home/csrobot/flexbe_ws/install/armada_gazebo/share/armada_gazebo/cmake/armada_gazeboConfig-version.cmake
[0.098s] -- Up-to-date symlink: /home/csrobot/flexbe_ws/install/armada_gazebo/share/armada_gazebo/package.xml
[0.176s] Invoked command in '/home/csrobot/flexbe_ws/build/armada_gazebo' returned '0': CMAKE_PREFIX_PATH=${CMAKE_PREFIX_PATH}:/opt/ros/jazzy DEBUGINFOD_URLS=https://debuginfod.ubuntu.com /usr/bin/cmake --install /home/csrobot/flexbe_ws/build/armada_gazebo
