[0.022s] Invoking command in '/home/csrobot/flexbe_ws/src/build/armada_description': CMAKE_PREFIX_PATH=${CMAKE_PREFIX_PATH}:/home/csrobot/flexbe_ws/install/tm_mod_urdf:/home/csrobot/flexbe_ws/install/tm_get_status:/home/csrobot/flexbe_ws/install/example_flexbe_states:/home/csrobot/flexbe_ws/install/compare_flexbe_states:/home/csrobot/flexbe_ws/install/compare_flexbe_flexbe_states:/home/csrobot/flexbe_ws/install/flexbe_turtlesim_demo_flexbe_states:/home/csrobot/flexbe_ws/install/flexbe_webui:/home/csrobot/flexbe_ws/install/flexbe_onboard:/home/csrobot/flexbe_ws/install/flexbe_states:/home/csrobot/flexbe_ws/install/flexbe_mirror:/home/csrobot/flexbe_ws/install/flexbe_input:/home/csrobot/flexbe_ws/install/flexbe_core:/opt/ros/humble /usr/bin/cmake /home/csrobot/flexbe_ws/src/armada_ros2/armada_description -DAMENT_CMAKE_SYMLINK_INSTALL=1 -DCMAKE_INSTALL_PREFIX=/home/csrobot/flexbe_ws/src/install/armada_description
[0.625s] -- The C compiler identification is GNU 11.4.0
[0.625s] -- The CXX compiler identification is GNU 11.4.0
[0.625s] -- Detecting C compiler ABI info
[0.625s] -- Detecting C compiler ABI info - done
[0.625s] -- Check for working C compiler: /usr/bin/cc - skipped
[0.625s] -- Detecting C compile features
[0.625s] -- Detecting C compile features - done
[0.625s] -- Detecting CXX compiler ABI info
[0.625s] -- Detecting CXX compiler ABI info - done
[0.625s] -- Check for working CXX compiler: /usr/bin/c++ - skipped
[0.625s] -- Detecting CXX compile features
[0.625s] -- Detecting CXX compile features - done
[0.626s] -- Found ament_cmake: 1.3.11 (/opt/ros/humble/share/ament_cmake/cmake)
[0.626s] -- Found Python3: /usr/bin/python3 (found version "3.10.12") found components: Interpreter 
[0.626s] -- Override CMake install command with custom implementation using symlinks instead of copying resources
[0.626s] -- Found ament_lint_auto: 0.12.12 (/opt/ros/humble/share/ament_lint_auto/cmake)
[0.664s] -- Added test 'lint_cmake' to check CMake code style
[0.668s] -- Added test 'xmllint' to check XML markup files
[0.668s] -- Configuring done
[0.669s] -- Generating done
[0.672s] -- Build files have been written to: /home/csrobot/flexbe_ws/src/build/armada_description
[0.680s] Invoked command in '/home/csrobot/flexbe_ws/src/build/armada_description' returned '0': CMAKE_PREFIX_PATH=${CMAKE_PREFIX_PATH}:/home/csrobot/flexbe_ws/install/tm_mod_urdf:/home/csrobot/flexbe_ws/install/tm_get_status:/home/csrobot/flexbe_ws/install/example_flexbe_states:/home/csrobot/flexbe_ws/install/compare_flexbe_states:/home/csrobot/flexbe_ws/install/compare_flexbe_flexbe_states:/home/csrobot/flexbe_ws/install/flexbe_turtlesim_demo_flexbe_states:/home/csrobot/flexbe_ws/install/flexbe_webui:/home/csrobot/flexbe_ws/install/flexbe_onboard:/home/csrobot/flexbe_ws/install/flexbe_states:/home/csrobot/flexbe_ws/install/flexbe_mirror:/home/csrobot/flexbe_ws/install/flexbe_input:/home/csrobot/flexbe_ws/install/flexbe_core:/opt/ros/humble /usr/bin/cmake /home/csrobot/flexbe_ws/src/armada_ros2/armada_description -DAMENT_CMAKE_SYMLINK_INSTALL=1 -DCMAKE_INSTALL_PREFIX=/home/csrobot/flexbe_ws/src/install/armada_description
[0.681s] Invoking command in '/home/csrobot/flexbe_ws/src/build/armada_description': CMAKE_PREFIX_PATH=${CMAKE_PREFIX_PATH}:/home/csrobot/flexbe_ws/install/tm_mod_urdf:/home/csrobot/flexbe_ws/install/tm_get_status:/home/csrobot/flexbe_ws/install/example_flexbe_states:/home/csrobot/flexbe_ws/install/compare_flexbe_states:/home/csrobot/flexbe_ws/install/compare_flexbe_flexbe_states:/home/csrobot/flexbe_ws/install/flexbe_turtlesim_demo_flexbe_states:/home/csrobot/flexbe_ws/install/flexbe_webui:/home/csrobot/flexbe_ws/install/flexbe_onboard:/home/csrobot/flexbe_ws/install/flexbe_states:/home/csrobot/flexbe_ws/install/flexbe_mirror:/home/csrobot/flexbe_ws/install/flexbe_input:/home/csrobot/flexbe_ws/install/flexbe_core:/opt/ros/humble /usr/bin/cmake --build /home/csrobot/flexbe_ws/src/build/armada_description -- -j8 -l8
[0.718s] Invoked command in '/home/csrobot/flexbe_ws/src/build/armada_description' returned '0': CMAKE_PREFIX_PATH=${CMAKE_PREFIX_PATH}:/home/csrobot/flexbe_ws/install/tm_mod_urdf:/home/csrobot/flexbe_ws/install/tm_get_status:/home/csrobot/flexbe_ws/install/example_flexbe_states:/home/csrobot/flexbe_ws/install/compare_flexbe_states:/home/csrobot/flexbe_ws/install/compare_flexbe_flexbe_states:/home/csrobot/flexbe_ws/install/flexbe_turtlesim_demo_flexbe_states:/home/csrobot/flexbe_ws/install/flexbe_webui:/home/csrobot/flexbe_ws/install/flexbe_onboard:/home/csrobot/flexbe_ws/install/flexbe_states:/home/csrobot/flexbe_ws/install/flexbe_mirror:/home/csrobot/flexbe_ws/install/flexbe_input:/home/csrobot/flexbe_ws/install/flexbe_core:/opt/ros/humble /usr/bin/cmake --build /home/csrobot/flexbe_ws/src/build/armada_description -- -j8 -l8
[0.723s] Invoking command in '/home/csrobot/flexbe_ws/src/build/armada_description': CMAKE_PREFIX_PATH=${CMAKE_PREFIX_PATH}:/home/csrobot/flexbe_ws/install/tm_mod_urdf:/home/csrobot/flexbe_ws/install/tm_get_status:/home/csrobot/flexbe_ws/install/example_flexbe_states:/home/csrobot/flexbe_ws/install/compare_flexbe_states:/home/csrobot/flexbe_ws/install/compare_flexbe_flexbe_states:/home/csrobot/flexbe_ws/install/flexbe_turtlesim_demo_flexbe_states:/home/csrobot/flexbe_ws/install/flexbe_webui:/home/csrobot/flexbe_ws/install/flexbe_onboard:/home/csrobot/flexbe_ws/install/flexbe_states:/home/csrobot/flexbe_ws/install/flexbe_mirror:/home/csrobot/flexbe_ws/install/flexbe_input:/home/csrobot/flexbe_ws/install/flexbe_core:/opt/ros/humble /usr/bin/cmake --install /home/csrobot/flexbe_ws/src/build/armada_description
[0.890s] -- Install configuration: ""
[0.890s] -- Execute custom install script
[0.890s] -- Symlinking: /home/csrobot/flexbe_ws/src/install/armada_description/share/armada_description/panda/xacro/macro.panda.urdf.xacro
[0.890s] -- Symlinking: /home/csrobot/flexbe_ws/src/install/armada_description/share/armada_description/panda/xacro/macro.ros2_control.xacro
[0.890s] -- Symlinking: /home/csrobot/flexbe_ws/src/install/armada_description/share/armada_description/panda/xacro/macro.transmission.xacro
[0.890s] -- Symlinking: /home/csrobot/flexbe_ws/src/install/armada_description/share/armada_description/panda/xacro/panda.urdf.xacro
[0.890s] -- Symlinking: /home/csrobot/flexbe_ws/src/install/armada_description/share/armada_description/panda/xacro/panda_pedestal_workstation.urdf.xacro
[0.890s] -- Symlinking: /home/csrobot/flexbe_ws/src/install/armada_description/share/armada_description/panda/xacro/panda_simple_pedestal.urdf.xacro
[0.890s] -- Symlinking: /home/csrobot/flexbe_ws/src/install/armada_description/share/armada_description/tm5-700/xacro/macro.materials.xacro
[0.890s] -- Symlinking: /home/csrobot/flexbe_ws/src/install/armada_description/share/armada_description/tm5-700/xacro/macro.ros2_control.xacro
[0.890s] -- Symlinking: /home/csrobot/flexbe_ws/src/install/armada_description/share/armada_description/tm5-700/xacro/macro.tm5-700-nominal.urdf.xacro
[0.890s] -- Symlinking: /home/csrobot/flexbe_ws/src/install/armada_description/share/armada_description/tm5-700/xacro/macro.transmission.xacro
[0.890s] -- Symlinking: /home/csrobot/flexbe_ws/src/install/armada_description/share/armada_description/tm5-700/xacro/tm5-700.urdf.xacro
[0.890s] -- Symlinking: /home/csrobot/flexbe_ws/src/install/armada_description/share/armada_description/tm5-700/xacro/tm5-700_simple_pedestal.urdf.xacro
[0.890s] -- Symlinking: /home/csrobot/flexbe_ws/src/install/armada_description/share/armada_description/workstation/xacro/macro.pedestal_workstation.urdf.xacro
[0.890s] -- Symlinking: /home/csrobot/flexbe_ws/src/install/armada_description/share/armada_description/workstation/xacro/macro.simple_pedestal.urdf.xacro
[0.890s] -- Symlinking: /home/csrobot/flexbe_ws/src/install/armada_description/share/ament_index/resource_index/package_run_dependencies/armada_description
[0.890s] -- Symlinking: /home/csrobot/flexbe_ws/src/install/armada_description/share/ament_index/resource_index/parent_prefix_path/armada_description
[0.890s] -- Symlinking: /home/csrobot/flexbe_ws/src/install/armada_description/share/armada_description/environment/ament_prefix_path.sh
[0.890s] -- Symlinking: /home/csrobot/flexbe_ws/src/install/armada_description/share/armada_description/environment/ament_prefix_path.dsv
[0.890s] -- Symlinking: /home/csrobot/flexbe_ws/src/install/armada_description/share/armada_description/environment/path.sh
[0.891s] -- Symlinking: /home/csrobot/flexbe_ws/src/install/armada_description/share/armada_description/environment/path.dsv
[0.891s] -- Symlinking: /home/csrobot/flexbe_ws/src/install/armada_description/share/armada_description/local_setup.bash
[0.891s] -- Symlinking: /home/csrobot/flexbe_ws/src/install/armada_description/share/armada_description/local_setup.sh
[0.891s] -- Symlinking: /home/csrobot/flexbe_ws/src/install/armada_description/share/armada_description/local_setup.zsh
[0.894s] -- Symlinking: /home/csrobot/flexbe_ws/src/install/armada_description/share/armada_description/local_setup.dsv
[0.901s] -- Symlinking: /home/csrobot/flexbe_ws/src/install/armada_description/share/armada_description/package.dsv
[0.908s] -- Symlinking: /home/csrobot/flexbe_ws/src/install/armada_description/share/ament_index/resource_index/packages/armada_description
[0.915s] -- Symlinking: /home/csrobot/flexbe_ws/src/install/armada_description/share/armada_description/cmake/armada_descriptionConfig.cmake
[0.923s] -- Symlinking: /home/csrobot/flexbe_ws/src/install/armada_description/share/armada_description/cmake/armada_descriptionConfig-version.cmake
[0.931s] -- Symlinking: /home/csrobot/flexbe_ws/src/install/armada_description/share/armada_description/package.xml
[0.941s] Invoked command in '/home/csrobot/flexbe_ws/src/build/armada_description' returned '0': CMAKE_PREFIX_PATH=${CMAKE_PREFIX_PATH}:/home/csrobot/flexbe_ws/install/tm_mod_urdf:/home/csrobot/flexbe_ws/install/tm_get_status:/home/csrobot/flexbe_ws/install/example_flexbe_states:/home/csrobot/flexbe_ws/install/compare_flexbe_states:/home/csrobot/flexbe_ws/install/compare_flexbe_flexbe_states:/home/csrobot/flexbe_ws/install/flexbe_turtlesim_demo_flexbe_states:/home/csrobot/flexbe_ws/install/flexbe_webui:/home/csrobot/flexbe_ws/install/flexbe_onboard:/home/csrobot/flexbe_ws/install/flexbe_states:/home/csrobot/flexbe_ws/install/flexbe_mirror:/home/csrobot/flexbe_ws/install/flexbe_input:/home/csrobot/flexbe_ws/install/flexbe_core:/opt/ros/humble /usr/bin/cmake --install /home/csrobot/flexbe_ws/src/build/armada_description
