[0.024s] Invoking command in '/home/csrobot/flexbe_ws/src/build/armada_bringup': CMAKE_PREFIX_PATH=${CMAKE_PREFIX_PATH}:/home/csrobot/flexbe_ws/install/tm_mod_urdf:/home/csrobot/flexbe_ws/install/tm_get_status:/home/csrobot/flexbe_ws/install/example_flexbe_states:/home/csrobot/flexbe_ws/install/compare_flexbe_states:/home/csrobot/flexbe_ws/install/compare_flexbe_flexbe_states:/home/csrobot/flexbe_ws/install/flexbe_turtlesim_demo_flexbe_states:/home/csrobot/flexbe_ws/install/flexbe_webui:/home/csrobot/flexbe_ws/install/flexbe_onboard:/home/csrobot/flexbe_ws/install/flexbe_states:/home/csrobot/flexbe_ws/install/flexbe_mirror:/home/csrobot/flexbe_ws/install/flexbe_input:/home/csrobot/flexbe_ws/install/flexbe_core:/opt/ros/humble /usr/bin/cmake /home/csrobot/flexbe_ws/src/armada_ros2/armada_bringup -DAMENT_CMAKE_SYMLINK_INSTALL=1 -DCMAKE_INSTALL_PREFIX=/home/csrobot/flexbe_ws/src/install/armada_bringup
[0.080s] -- The C compiler identification is GNU 11.4.0
[0.131s] -- The CXX compiler identification is GNU 11.4.0
[0.137s] -- Detecting C compiler ABI info
[0.202s] -- Detecting C compiler ABI info - done
[0.209s] -- Check for working C compiler: /usr/bin/cc - skipped
[0.210s] -- Detecting C compile features
[0.210s] -- Detecting C compile features - done
[0.212s] -- Detecting CXX compiler ABI info
[0.283s] -- Detecting CXX compiler ABI info - done
[0.286s] -- Check for working CXX compiler: /usr/bin/c++ - skipped
[0.286s] -- Detecting CXX compile features
[0.286s] -- Detecting CXX compile features - done
[0.290s] -- Found ament_cmake: 1.3.11 (/opt/ros/humble/share/ament_cmake/cmake)
[0.449s] -- Found Python3: /usr/bin/python3 (found version "3.10.12") found components: Interpreter 
[0.519s] -- Override CMake install command with custom implementation using symlinks instead of copying resources
[0.567s] -- Found ament_lint_auto: 0.12.12 (/opt/ros/humble/share/ament_lint_auto/cmake)
[0.657s] -- Added test 'flake8' to check Python code syntax and style conventions
[0.660s] -- Added test 'lint_cmake' to check CMake code style
[0.660s] -- Added test 'pep257' to check Python code against some of the docstring style conventions in PEP 257
[0.660s] -- Added test 'xmllint' to check XML markup files
[0.662s] -- Configuring done
[0.664s] -- Generating done
[0.665s] -- Build files have been written to: /home/csrobot/flexbe_ws/src/build/armada_bringup
[0.681s] Invoked command in '/home/csrobot/flexbe_ws/src/build/armada_bringup' returned '0': CMAKE_PREFIX_PATH=${CMAKE_PREFIX_PATH}:/home/csrobot/flexbe_ws/install/tm_mod_urdf:/home/csrobot/flexbe_ws/install/tm_get_status:/home/csrobot/flexbe_ws/install/example_flexbe_states:/home/csrobot/flexbe_ws/install/compare_flexbe_states:/home/csrobot/flexbe_ws/install/compare_flexbe_flexbe_states:/home/csrobot/flexbe_ws/install/flexbe_turtlesim_demo_flexbe_states:/home/csrobot/flexbe_ws/install/flexbe_webui:/home/csrobot/flexbe_ws/install/flexbe_onboard:/home/csrobot/flexbe_ws/install/flexbe_states:/home/csrobot/flexbe_ws/install/flexbe_mirror:/home/csrobot/flexbe_ws/install/flexbe_input:/home/csrobot/flexbe_ws/install/flexbe_core:/opt/ros/humble /usr/bin/cmake /home/csrobot/flexbe_ws/src/armada_ros2/armada_bringup -DAMENT_CMAKE_SYMLINK_INSTALL=1 -DCMAKE_INSTALL_PREFIX=/home/csrobot/flexbe_ws/src/install/armada_bringup
[0.682s] Invoking command in '/home/csrobot/flexbe_ws/src/build/armada_bringup': CMAKE_PREFIX_PATH=${CMAKE_PREFIX_PATH}:/home/csrobot/flexbe_ws/install/tm_mod_urdf:/home/csrobot/flexbe_ws/install/tm_get_status:/home/csrobot/flexbe_ws/install/example_flexbe_states:/home/csrobot/flexbe_ws/install/compare_flexbe_states:/home/csrobot/flexbe_ws/install/compare_flexbe_flexbe_states:/home/csrobot/flexbe_ws/install/flexbe_turtlesim_demo_flexbe_states:/home/csrobot/flexbe_ws/install/flexbe_webui:/home/csrobot/flexbe_ws/install/flexbe_onboard:/home/csrobot/flexbe_ws/install/flexbe_states:/home/csrobot/flexbe_ws/install/flexbe_mirror:/home/csrobot/flexbe_ws/install/flexbe_input:/home/csrobot/flexbe_ws/install/flexbe_core:/opt/ros/humble /usr/bin/cmake --build /home/csrobot/flexbe_ws/src/build/armada_bringup -- -j8 -l8
[0.718s] Invoked command in '/home/csrobot/flexbe_ws/src/build/armada_bringup' returned '0': CMAKE_PREFIX_PATH=${CMAKE_PREFIX_PATH}:/home/csrobot/flexbe_ws/install/tm_mod_urdf:/home/csrobot/flexbe_ws/install/tm_get_status:/home/csrobot/flexbe_ws/install/example_flexbe_states:/home/csrobot/flexbe_ws/install/compare_flexbe_states:/home/csrobot/flexbe_ws/install/compare_flexbe_flexbe_states:/home/csrobot/flexbe_ws/install/flexbe_turtlesim_demo_flexbe_states:/home/csrobot/flexbe_ws/install/flexbe_webui:/home/csrobot/flexbe_ws/install/flexbe_onboard:/home/csrobot/flexbe_ws/install/flexbe_states:/home/csrobot/flexbe_ws/install/flexbe_mirror:/home/csrobot/flexbe_ws/install/flexbe_input:/home/csrobot/flexbe_ws/install/flexbe_core:/opt/ros/humble /usr/bin/cmake --build /home/csrobot/flexbe_ws/src/build/armada_bringup -- -j8 -l8
[0.718s] Invoking command in '/home/csrobot/flexbe_ws/src/build/armada_bringup': CMAKE_PREFIX_PATH=${CMAKE_PREFIX_PATH}:/home/csrobot/flexbe_ws/install/tm_mod_urdf:/home/csrobot/flexbe_ws/install/tm_get_status:/home/csrobot/flexbe_ws/install/example_flexbe_states:/home/csrobot/flexbe_ws/install/compare_flexbe_states:/home/csrobot/flexbe_ws/install/compare_flexbe_flexbe_states:/home/csrobot/flexbe_ws/install/flexbe_turtlesim_demo_flexbe_states:/home/csrobot/flexbe_ws/install/flexbe_webui:/home/csrobot/flexbe_ws/install/flexbe_onboard:/home/csrobot/flexbe_ws/install/flexbe_states:/home/csrobot/flexbe_ws/install/flexbe_mirror:/home/csrobot/flexbe_ws/install/flexbe_input:/home/csrobot/flexbe_ws/install/flexbe_core:/opt/ros/humble /usr/bin/cmake --install /home/csrobot/flexbe_ws/src/build/armada_bringup
[0.891s] -- Install configuration: ""
[0.892s] -- Execute custom install script
[0.892s] -- Symlinking: /home/csrobot/flexbe_ws/src/install/armada_bringup/share/armada_bringup/launch/__pycache__/gazebo_move_group.launch.cpython-310.pyc
[0.892s] -- Symlinking: /home/csrobot/flexbe_ws/src/install/armada_bringup/share/armada_bringup/launch/gazebo_move_group.launch.py
[0.892s] -- Symlinking: /home/csrobot/flexbe_ws/src/install/armada_bringup/share/armada_bringup/launch/panda_gazebo_move_group.launch.py
[0.892s] -- Symlinking: /home/csrobot/flexbe_ws/src/install/armada_bringup/share/ament_index/resource_index/package_run_dependencies/armada_bringup
[0.892s] -- Symlinking: /home/csrobot/flexbe_ws/src/install/armada_bringup/share/ament_index/resource_index/parent_prefix_path/armada_bringup
[0.893s] -- Symlinking: /home/csrobot/flexbe_ws/src/install/armada_bringup/share/armada_bringup/environment/ament_prefix_path.sh
[0.893s] -- Symlinking: /home/csrobot/flexbe_ws/src/install/armada_bringup/share/armada_bringup/environment/ament_prefix_path.dsv
[0.893s] -- Symlinking: /home/csrobot/flexbe_ws/src/install/armada_bringup/share/armada_bringup/environment/path.sh
[0.893s] -- Symlinking: /home/csrobot/flexbe_ws/src/install/armada_bringup/share/armada_bringup/environment/path.dsv
[0.893s] -- Symlinking: /home/csrobot/flexbe_ws/src/install/armada_bringup/share/armada_bringup/local_setup.bash
[0.893s] -- Symlinking: /home/csrobot/flexbe_ws/src/install/armada_bringup/share/armada_bringup/local_setup.sh
[0.893s] -- Symlinking: /home/csrobot/flexbe_ws/src/install/armada_bringup/share/armada_bringup/local_setup.zsh
[0.893s] -- Symlinking: /home/csrobot/flexbe_ws/src/install/armada_bringup/share/armada_bringup/local_setup.dsv
[0.893s] -- Symlinking: /home/csrobot/flexbe_ws/src/install/armada_bringup/share/armada_bringup/package.dsv
[0.893s] -- Symlinking: /home/csrobot/flexbe_ws/src/install/armada_bringup/share/ament_index/resource_index/packages/armada_bringup
[0.893s] -- Symlinking: /home/csrobot/flexbe_ws/src/install/armada_bringup/share/armada_bringup/cmake/armada_bringupConfig.cmake
[0.893s] -- Symlinking: /home/csrobot/flexbe_ws/src/install/armada_bringup/share/armada_bringup/cmake/armada_bringupConfig-version.cmake
[0.893s] -- Symlinking: /home/csrobot/flexbe_ws/src/install/armada_bringup/share/armada_bringup/package.xml
[0.919s] Invoked command in '/home/csrobot/flexbe_ws/src/build/armada_bringup' returned '0': CMAKE_PREFIX_PATH=${CMAKE_PREFIX_PATH}:/home/csrobot/flexbe_ws/install/tm_mod_urdf:/home/csrobot/flexbe_ws/install/tm_get_status:/home/csrobot/flexbe_ws/install/example_flexbe_states:/home/csrobot/flexbe_ws/install/compare_flexbe_states:/home/csrobot/flexbe_ws/install/compare_flexbe_flexbe_states:/home/csrobot/flexbe_ws/install/flexbe_turtlesim_demo_flexbe_states:/home/csrobot/flexbe_ws/install/flexbe_webui:/home/csrobot/flexbe_ws/install/flexbe_onboard:/home/csrobot/flexbe_ws/install/flexbe_states:/home/csrobot/flexbe_ws/install/flexbe_mirror:/home/csrobot/flexbe_ws/install/flexbe_input:/home/csrobot/flexbe_ws/install/flexbe_core:/opt/ros/humble /usr/bin/cmake --install /home/csrobot/flexbe_ws/src/build/armada_bringup
