[0.172s] Invoking command in '/home/csrobot/flexbe_ws/build/tm_description': CMAKE_PREFIX_PATH=${CMAKE_PREFIX_PATH}:/home/csrobot/flexbe_ws/install/flexbe_turtlesim_demo_flexbe_states:/home/csrobot/ros2_humble/install/quality_of_service_demo_py:/home/csrobot/ros2_humble/install/demo_nodes_py:/home/csrobot/ros2_humble/install/moveit_configs_utils:/home/csrobot/ros2_humble/install/rqt_bag_plugins:/home/csrobot/ros2_humble/install/rqt_bag:/home/csrobot/ros2_humble/install/launch_testing_examples:/home/csrobot/ros2_humble/install/ros2bag:/home/csrobot/ros2_humble/install/tracetools_test:/home/csrobot/ros2_humble/install/tracetools_launch:/home/csrobot/ros2_humble/install/topic_monitor:/home/csrobot/ros2_humble/install/tf2_tools:/home/csrobot/ros2_humble/install/examples_tf2_py:/home/csrobot/ros2_humble/install/tf2_ros_py:/home/csrobot/ros2_humble/install/sros2:/home/csrobot/ros2_humble/install/rqt_topic:/home/csrobot/ros2_humble/install/rqt_srv:/home/csrobot/ros2_humble/install/rqt_shell:/home/csrobot/ros2_humble/install/rqt_service_caller:/home/csrobot/ros2_humble/install/rqt_reconfigure:/home/csrobot/ros2_humble/install/rqt_py_console:/home/csrobot/ros2_humble/install/rqt_publisher:/home/csrobot/ros2_humble/install/rqt_plot:/home/csrobot/ros2_humble/install/rqt_action:/home/csrobot/ros2_humble/install/rqt_msg:/home/csrobot/ros2_humble/install/rqt_console:/home/csrobot/ros2_humble/install/rqt:/home/csrobot/ros2_humble/install/rqt_graph:/home/csrobot/ros2_humble/install/rqt_gui_py:/home/csrobot/ros2_humble/install/rqt_gui:/home/csrobot/ros2_humble/install/ros2trace:/home/csrobot/ros2_humble/install/ros2topic:/home/csrobot/ros2_humble/install/ros2test:/home/csrobot/ros2_humble/install/ros2component:/home/csrobot/ros2_humble/install/ros2param:/home/csrobot/ros2_humble/install/ros2lifecycle:/home/csrobot/ros2_humble/install/ros2service:/home/csrobot/ros2_humble/install/ros2run:/home/csrobot/ros2_humble/install/ros2launch:/home/csrobot/ros2_humble/install/ros2pkg:/home/csrobot/ros2_humble/install/ros2node:/home/csrobot/ros2_humble/install/ros2multicast:/home/csrobot/ros2_humble/install/ros2interface:/home/csrobot/ros2_humble/install/ros2doctor:/home/csrobot/ros2_humble/install/ros2action:/home/csrobot/ros2_humble/install/ros2cli:/home/csrobot/ros2_humble/install/lifecycle_py:/home/csrobot/ros2_humble/install/launch_testing_ros:/home/csrobot/ros2_humble/install/launch_ros:/home/csrobot/ros2_humble/install/examples_rclpy_pointcloud_publisher:/home/csrobot/ros2_humble/install/examples_rclpy_minimal_subscriber:/home/csrobot/ros2_humble/install/examples_rclpy_minimal_service:/home/csrobot/ros2_humble/install/examples_rclpy_minimal_publisher:/home/csrobot/ros2_humble/install/examples_rclpy_minimal_client:/home/csrobot/ros2_humble/install/examples_rclpy_minimal_action_server:/home/csrobot/ros2_humble/install/examples_rclpy_minimal_action_client:/home/csrobot/ros2_humble/install/examples_rclpy_guard_conditions:/home/csrobot/ros2_humble/install/examples_rclpy_executors:/home/csrobot/ros2_humble/install/camera_info_manager_py:/home/csrobot/ros2_humble/install/action_tutorials_py:/home/csrobot/ros2_humble/install/ament_uncrustify:/home/csrobot/ros2_humble/install/tracetools_trace:/home/csrobot/ros2_humble/install/tracetools_read:/home/csrobot/ros2_humble/install/test_tracetools_launch:/home/csrobot/ros2_humble/install/test_launch_ros:/home/csrobot/ros2_humble/install/sensor_msgs_py:/home/csrobot/ros2_humble/install/rpyutils:/home/csrobot/ros2_humble/install/rosidl_runtime_py:/home/csrobot/ros2_humble/install/rosidl_cli:/home/csrobot/ros2_humble/install/launch_pytest:/home/csrobot/ros2_humble/install/launch_testing:/home/csrobot/ros2_humble/install/launch_yaml:/home/csrobot/ros2_humble/install/launch_xml:/home/csrobot/ros2_humble/install/launch:/home/csrobot/ros2_humble/install/osrf_pycommon:/home/csrobot/ros2_humble/install/domain_coordinator:/home/csrobot/ros2_humble/install/ament_xmllint:/home/csrobot/ros2_humble/install/ament_pyflakes:/home/csrobot/ros2_humble/install/ament_pycodestyle:/home/csrobot/ros2_humble/install/ament_pep257:/home/csrobot/ros2_humble/install/ament_pclint:/home/csrobot/ros2_humble/install/ament_package:/home/csrobot/ros2_humble/install/ament_mypy:/home/csrobot/ros2_humble/install/ament_lint_cmake:/home/csrobot/ros2_humble/install/ament_flake8:/home/csrobot/ros2_humble/install/ament_copyright:/home/csrobot/ros2_humble/install/ament_lint:/home/csrobot/ros2_humble/install/ament_index_python:/home/csrobot/ros2_humble/install/ament_cpplint:/home/csrobot/ros2_humble/install/ament_cppcheck:/home/csrobot/ros2_humble/install/ament_clang_tidy:/home/csrobot/ros2_humble/install/ament_clang_format:/home/csrobot/flexbe_ws/install/tm_mod_urdf:/home/csrobot/flexbe_ws/install/tm_get_status:/home/csrobot/flexbe_ws/install/moveit_configs_utils:/home/csrobot/flexbe_ws/install/example_flexbe_states:/home/csrobot/flexbe_ws/install/compare_flexbe_states:/home/csrobot/flexbe_ws/install/flexbe_webui:/home/csrobot/flexbe_ws/install/flexbe_onboard:/home/csrobot/flexbe_ws/install/flexbe_states:/home/csrobot/flexbe_ws/install/flexbe_mirror:/home/csrobot/flexbe_ws/install/flexbe_input:/home/csrobot/flexbe_ws/install/flexbe_core:/opt/ros/humble /usr/bin/cmake --build /home/csrobot/flexbe_ws/build/tm_description -- -j8 -l8
[0.244s] Invoked command in '/home/csrobot/flexbe_ws/build/tm_description' returned '0': CMAKE_PREFIX_PATH=${CMAKE_PREFIX_PATH}:/home/csrobot/flexbe_ws/install/flexbe_turtlesim_demo_flexbe_states:/home/csrobot/ros2_humble/install/quality_of_service_demo_py:/home/csrobot/ros2_humble/install/demo_nodes_py:/home/csrobot/ros2_humble/install/moveit_configs_utils:/home/csrobot/ros2_humble/install/rqt_bag_plugins:/home/csrobot/ros2_humble/install/rqt_bag:/home/csrobot/ros2_humble/install/launch_testing_examples:/home/csrobot/ros2_humble/install/ros2bag:/home/csrobot/ros2_humble/install/tracetools_test:/home/csrobot/ros2_humble/install/tracetools_launch:/home/csrobot/ros2_humble/install/topic_monitor:/home/csrobot/ros2_humble/install/tf2_tools:/home/csrobot/ros2_humble/install/examples_tf2_py:/home/csrobot/ros2_humble/install/tf2_ros_py:/home/csrobot/ros2_humble/install/sros2:/home/csrobot/ros2_humble/install/rqt_topic:/home/csrobot/ros2_humble/install/rqt_srv:/home/csrobot/ros2_humble/install/rqt_shell:/home/csrobot/ros2_humble/install/rqt_service_caller:/home/csrobot/ros2_humble/install/rqt_reconfigure:/home/csrobot/ros2_humble/install/rqt_py_console:/home/csrobot/ros2_humble/install/rqt_publisher:/home/csrobot/ros2_humble/install/rqt_plot:/home/csrobot/ros2_humble/install/rqt_action:/home/csrobot/ros2_humble/install/rqt_msg:/home/csrobot/ros2_humble/install/rqt_console:/home/csrobot/ros2_humble/install/rqt:/home/csrobot/ros2_humble/install/rqt_graph:/home/csrobot/ros2_humble/install/rqt_gui_py:/home/csrobot/ros2_humble/install/rqt_gui:/home/csrobot/ros2_humble/install/ros2trace:/home/csrobot/ros2_humble/install/ros2topic:/home/csrobot/ros2_humble/install/ros2test:/home/csrobot/ros2_humble/install/ros2component:/home/csrobot/ros2_humble/install/ros2param:/home/csrobot/ros2_humble/install/ros2lifecycle:/home/csrobot/ros2_humble/install/ros2service:/home/csrobot/ros2_humble/install/ros2run:/home/csrobot/ros2_humble/install/ros2launch:/home/csrobot/ros2_humble/install/ros2pkg:/home/csrobot/ros2_humble/install/ros2node:/home/csrobot/ros2_humble/install/ros2multicast:/home/csrobot/ros2_humble/install/ros2interface:/home/csrobot/ros2_humble/install/ros2doctor:/home/csrobot/ros2_humble/install/ros2action:/home/csrobot/ros2_humble/install/ros2cli:/home/csrobot/ros2_humble/install/lifecycle_py:/home/csrobot/ros2_humble/install/launch_testing_ros:/home/csrobot/ros2_humble/install/launch_ros:/home/csrobot/ros2_humble/install/examples_rclpy_pointcloud_publisher:/home/csrobot/ros2_humble/install/examples_rclpy_minimal_subscriber:/home/csrobot/ros2_humble/install/examples_rclpy_minimal_service:/home/csrobot/ros2_humble/install/examples_rclpy_minimal_publisher:/home/csrobot/ros2_humble/install/examples_rclpy_minimal_client:/home/csrobot/ros2_humble/install/examples_rclpy_minimal_action_server:/home/csrobot/ros2_humble/install/examples_rclpy_minimal_action_client:/home/csrobot/ros2_humble/install/examples_rclpy_guard_conditions:/home/csrobot/ros2_humble/install/examples_rclpy_executors:/home/csrobot/ros2_humble/install/camera_info_manager_py:/home/csrobot/ros2_humble/install/action_tutorials_py:/home/csrobot/ros2_humble/install/ament_uncrustify:/home/csrobot/ros2_humble/install/tracetools_trace:/home/csrobot/ros2_humble/install/tracetools_read:/home/csrobot/ros2_humble/install/test_tracetools_launch:/home/csrobot/ros2_humble/install/test_launch_ros:/home/csrobot/ros2_humble/install/sensor_msgs_py:/home/csrobot/ros2_humble/install/rpyutils:/home/csrobot/ros2_humble/install/rosidl_runtime_py:/home/csrobot/ros2_humble/install/rosidl_cli:/home/csrobot/ros2_humble/install/launch_pytest:/home/csrobot/ros2_humble/install/launch_testing:/home/csrobot/ros2_humble/install/launch_yaml:/home/csrobot/ros2_humble/install/launch_xml:/home/csrobot/ros2_humble/install/launch:/home/csrobot/ros2_humble/install/osrf_pycommon:/home/csrobot/ros2_humble/install/domain_coordinator:/home/csrobot/ros2_humble/install/ament_xmllint:/home/csrobot/ros2_humble/install/ament_pyflakes:/home/csrobot/ros2_humble/install/ament_pycodestyle:/home/csrobot/ros2_humble/install/ament_pep257:/home/csrobot/ros2_humble/install/ament_pclint:/home/csrobot/ros2_humble/install/ament_package:/home/csrobot/ros2_humble/install/ament_mypy:/home/csrobot/ros2_humble/install/ament_lint_cmake:/home/csrobot/ros2_humble/install/ament_flake8:/home/csrobot/ros2_humble/install/ament_copyright:/home/csrobot/ros2_humble/install/ament_lint:/home/csrobot/ros2_humble/install/ament_index_python:/home/csrobot/ros2_humble/install/ament_cpplint:/home/csrobot/ros2_humble/install/ament_cppcheck:/home/csrobot/ros2_humble/install/ament_clang_tidy:/home/csrobot/ros2_humble/install/ament_clang_format:/home/csrobot/flexbe_ws/install/tm_mod_urdf:/home/csrobot/flexbe_ws/install/tm_get_status:/home/csrobot/flexbe_ws/install/moveit_configs_utils:/home/csrobot/flexbe_ws/install/example_flexbe_states:/home/csrobot/flexbe_ws/install/compare_flexbe_states:/home/csrobot/flexbe_ws/install/flexbe_webui:/home/csrobot/flexbe_ws/install/flexbe_onboard:/home/csrobot/flexbe_ws/install/flexbe_states:/home/csrobot/flexbe_ws/install/flexbe_mirror:/home/csrobot/flexbe_ws/install/flexbe_input:/home/csrobot/flexbe_ws/install/flexbe_core:/opt/ros/humble /usr/bin/cmake --build /home/csrobot/flexbe_ws/build/tm_description -- -j8 -l8
[0.271s] Invoking command in '/home/csrobot/flexbe_ws/build/tm_description': CMAKE_PREFIX_PATH=${CMAKE_PREFIX_PATH}:/home/csrobot/flexbe_ws/install/flexbe_turtlesim_demo_flexbe_states:/home/csrobot/ros2_humble/install/quality_of_service_demo_py:/home/csrobot/ros2_humble/install/demo_nodes_py:/home/csrobot/ros2_humble/install/moveit_configs_utils:/home/csrobot/ros2_humble/install/rqt_bag_plugins:/home/csrobot/ros2_humble/install/rqt_bag:/home/csrobot/ros2_humble/install/launch_testing_examples:/home/csrobot/ros2_humble/install/ros2bag:/home/csrobot/ros2_humble/install/tracetools_test:/home/csrobot/ros2_humble/install/tracetools_launch:/home/csrobot/ros2_humble/install/topic_monitor:/home/csrobot/ros2_humble/install/tf2_tools:/home/csrobot/ros2_humble/install/examples_tf2_py:/home/csrobot/ros2_humble/install/tf2_ros_py:/home/csrobot/ros2_humble/install/sros2:/home/csrobot/ros2_humble/install/rqt_topic:/home/csrobot/ros2_humble/install/rqt_srv:/home/csrobot/ros2_humble/install/rqt_shell:/home/csrobot/ros2_humble/install/rqt_service_caller:/home/csrobot/ros2_humble/install/rqt_reconfigure:/home/csrobot/ros2_humble/install/rqt_py_console:/home/csrobot/ros2_humble/install/rqt_publisher:/home/csrobot/ros2_humble/install/rqt_plot:/home/csrobot/ros2_humble/install/rqt_action:/home/csrobot/ros2_humble/install/rqt_msg:/home/csrobot/ros2_humble/install/rqt_console:/home/csrobot/ros2_humble/install/rqt:/home/csrobot/ros2_humble/install/rqt_graph:/home/csrobot/ros2_humble/install/rqt_gui_py:/home/csrobot/ros2_humble/install/rqt_gui:/home/csrobot/ros2_humble/install/ros2trace:/home/csrobot/ros2_humble/install/ros2topic:/home/csrobot/ros2_humble/install/ros2test:/home/csrobot/ros2_humble/install/ros2component:/home/csrobot/ros2_humble/install/ros2param:/home/csrobot/ros2_humble/install/ros2lifecycle:/home/csrobot/ros2_humble/install/ros2service:/home/csrobot/ros2_humble/install/ros2run:/home/csrobot/ros2_humble/install/ros2launch:/home/csrobot/ros2_humble/install/ros2pkg:/home/csrobot/ros2_humble/install/ros2node:/home/csrobot/ros2_humble/install/ros2multicast:/home/csrobot/ros2_humble/install/ros2interface:/home/csrobot/ros2_humble/install/ros2doctor:/home/csrobot/ros2_humble/install/ros2action:/home/csrobot/ros2_humble/install/ros2cli:/home/csrobot/ros2_humble/install/lifecycle_py:/home/csrobot/ros2_humble/install/launch_testing_ros:/home/csrobot/ros2_humble/install/launch_ros:/home/csrobot/ros2_humble/install/examples_rclpy_pointcloud_publisher:/home/csrobot/ros2_humble/install/examples_rclpy_minimal_subscriber:/home/csrobot/ros2_humble/install/examples_rclpy_minimal_service:/home/csrobot/ros2_humble/install/examples_rclpy_minimal_publisher:/home/csrobot/ros2_humble/install/examples_rclpy_minimal_client:/home/csrobot/ros2_humble/install/examples_rclpy_minimal_action_server:/home/csrobot/ros2_humble/install/examples_rclpy_minimal_action_client:/home/csrobot/ros2_humble/install/examples_rclpy_guard_conditions:/home/csrobot/ros2_humble/install/examples_rclpy_executors:/home/csrobot/ros2_humble/install/camera_info_manager_py:/home/csrobot/ros2_humble/install/action_tutorials_py:/home/csrobot/ros2_humble/install/ament_uncrustify:/home/csrobot/ros2_humble/install/tracetools_trace:/home/csrobot/ros2_humble/install/tracetools_read:/home/csrobot/ros2_humble/install/test_tracetools_launch:/home/csrobot/ros2_humble/install/test_launch_ros:/home/csrobot/ros2_humble/install/sensor_msgs_py:/home/csrobot/ros2_humble/install/rpyutils:/home/csrobot/ros2_humble/install/rosidl_runtime_py:/home/csrobot/ros2_humble/install/rosidl_cli:/home/csrobot/ros2_humble/install/launch_pytest:/home/csrobot/ros2_humble/install/launch_testing:/home/csrobot/ros2_humble/install/launch_yaml:/home/csrobot/ros2_humble/install/launch_xml:/home/csrobot/ros2_humble/install/launch:/home/csrobot/ros2_humble/install/osrf_pycommon:/home/csrobot/ros2_humble/install/domain_coordinator:/home/csrobot/ros2_humble/install/ament_xmllint:/home/csrobot/ros2_humble/install/ament_pyflakes:/home/csrobot/ros2_humble/install/ament_pycodestyle:/home/csrobot/ros2_humble/install/ament_pep257:/home/csrobot/ros2_humble/install/ament_pclint:/home/csrobot/ros2_humble/install/ament_package:/home/csrobot/ros2_humble/install/ament_mypy:/home/csrobot/ros2_humble/install/ament_lint_cmake:/home/csrobot/ros2_humble/install/ament_flake8:/home/csrobot/ros2_humble/install/ament_copyright:/home/csrobot/ros2_humble/install/ament_lint:/home/csrobot/ros2_humble/install/ament_index_python:/home/csrobot/ros2_humble/install/ament_cpplint:/home/csrobot/ros2_humble/install/ament_cppcheck:/home/csrobot/ros2_humble/install/ament_clang_tidy:/home/csrobot/ros2_humble/install/ament_clang_format:/home/csrobot/flexbe_ws/install/tm_mod_urdf:/home/csrobot/flexbe_ws/install/tm_get_status:/home/csrobot/flexbe_ws/install/moveit_configs_utils:/home/csrobot/flexbe_ws/install/example_flexbe_states:/home/csrobot/flexbe_ws/install/compare_flexbe_states:/home/csrobot/flexbe_ws/install/flexbe_webui:/home/csrobot/flexbe_ws/install/flexbe_onboard:/home/csrobot/flexbe_ws/install/flexbe_states:/home/csrobot/flexbe_ws/install/flexbe_mirror:/home/csrobot/flexbe_ws/install/flexbe_input:/home/csrobot/flexbe_ws/install/flexbe_core:/opt/ros/humble /usr/bin/cmake --install /home/csrobot/flexbe_ws/build/tm_description
[0.293s] -- Install configuration: ""
[0.293s] -- Up-to-date: /home/csrobot/flexbe_ws/install/tm_description/share/ament_index/resource_index/package_run_dependencies/tm_description
[0.293s] -- Up-to-date: /home/csrobot/flexbe_ws/install/tm_description/share/ament_index/resource_index/parent_prefix_path/tm_description
[0.293s] -- Up-to-date: /home/csrobot/flexbe_ws/install/tm_description/share/tm_description/environment/ament_prefix_path.dsv
[0.293s] -- Up-to-date: /home/csrobot/flexbe_ws/install/tm_description/share/tm_description/environment/path.dsv
[0.293s] -- Up-to-date: /home/csrobot/flexbe_ws/install/tm_description/share/tm_description/local_setup.bash
[0.293s] -- Up-to-date: /home/csrobot/flexbe_ws/install/tm_description/share/tm_description/local_setup.sh
[0.293s] -- Up-to-date: /home/csrobot/flexbe_ws/install/tm_description/share/tm_description/local_setup.zsh
[0.297s] -- Up-to-date: /home/csrobot/flexbe_ws/install/tm_description/share/tm_description/local_setup.dsv
[0.297s] -- Up-to-date: /home/csrobot/flexbe_ws/install/tm_description/share/tm_description/package.dsv
[0.297s] -- Up-to-date: /home/csrobot/flexbe_ws/install/tm_description/share/ament_index/resource_index/packages/tm_description
[0.297s] -- Up-to-date: /home/csrobot/flexbe_ws/install/tm_description/share/tm_description/cmake/tm_descriptionConfig.cmake
[0.297s] -- Up-to-date: /home/csrobot/flexbe_ws/install/tm_description/share/tm_description/cmake/tm_descriptionConfig-version.cmake
[0.297s] -- Up-to-date: /home/csrobot/flexbe_ws/install/tm_description/share/tm_description/package.xml
[0.297s] -- Up-to-date: /home/csrobot/flexbe_ws/install/tm_description/share/tm_description/meshes
[0.297s] -- Up-to-date: /home/csrobot/flexbe_ws/install/tm_description/share/tm_description/meshes/tm14
[0.297s] -- Up-to-date: /home/csrobot/flexbe_ws/install/tm_description/share/tm_description/meshes/tm14/collision
[0.297s] -- Up-to-date: /home/csrobot/flexbe_ws/install/tm_description/share/tm_description/meshes/tm14/collision/tm14_arm2_c.stl
[0.297s] -- Up-to-date: /home/csrobot/flexbe_ws/install/tm_description/share/tm_description/meshes/tm14/collision/tm14_arm1_c.stl
[0.297s] -- Up-to-date: /home/csrobot/flexbe_ws/install/tm_description/share/tm_description/meshes/tm14/visual
[0.297s] -- Up-to-date: /home/csrobot/flexbe_ws/install/tm_description/share/tm_description/meshes/tm14/visual/tm14_arm2.obj
[0.297s] -- Up-to-date: /home/csrobot/flexbe_ws/install/tm_description/share/tm_description/meshes/tm14/visual/tm14_arm1.mtl
[0.298s] -- Up-to-date: /home/csrobot/flexbe_ws/install/tm_description/share/tm_description/meshes/tm14/visual/tm14_arm2.mtl
[0.298s] -- Up-to-date: /home/csrobot/flexbe_ws/install/tm_description/share/tm_description/meshes/tm14/visual/tm14_arm2.stl
[0.298s] -- Up-to-date: /home/csrobot/flexbe_ws/install/tm_description/share/tm_description/meshes/tm14/visual/tm14_arm1.obj
[0.298s] -- Up-to-date: /home/csrobot/flexbe_ws/install/tm_description/share/tm_description/meshes/tm14/visual/tm14_arm1.stl
[0.298s] -- Up-to-date: /home/csrobot/flexbe_ws/install/tm_description/share/tm_description/meshes/tm5-700
[0.298s] -- Up-to-date: /home/csrobot/flexbe_ws/install/tm_description/share/tm_description/meshes/tm5-700/collision
[0.298s] -- Up-to-date: /home/csrobot/flexbe_ws/install/tm_description/share/tm_description/meshes/tm5-700/collision/tm5-700_arm1_c.stl
[0.298s] -- Up-to-date: /home/csrobot/flexbe_ws/install/tm_description/share/tm_description/meshes/tm5-700/collision/tm5-700_arm2_c.stl
[0.298s] -- Up-to-date: /home/csrobot/flexbe_ws/install/tm_description/share/tm_description/meshes/tm5-700/visual
[0.298s] -- Up-to-date: /home/csrobot/flexbe_ws/install/tm_description/share/tm_description/meshes/tm5-700/visual/tm5-700_arm2.obj
[0.298s] -- Up-to-date: /home/csrobot/flexbe_ws/install/tm_description/share/tm_description/meshes/tm5-700/visual/tm5-700_arm1.stl
[0.298s] -- Up-to-date: /home/csrobot/flexbe_ws/install/tm_description/share/tm_description/meshes/tm5-700/visual/tm5-700_arm2.stl
[0.298s] -- Up-to-date: /home/csrobot/flexbe_ws/install/tm_description/share/tm_description/meshes/tm5-700/visual/tm5-700_arm1.mtl
[0.298s] -- Up-to-date: /home/csrobot/flexbe_ws/install/tm_description/share/tm_description/meshes/tm5-700/visual/tm5-700_arm1.obj
[0.298s] -- Up-to-date: /home/csrobot/flexbe_ws/install/tm_description/share/tm_description/meshes/tm5-700/visual/tm5-700_arm2.mtl
[0.298s] -- Up-to-date: /home/csrobot/flexbe_ws/install/tm_description/share/tm_description/meshes/tm5-900
[0.298s] -- Up-to-date: /home/csrobot/flexbe_ws/install/tm_description/share/tm_description/meshes/tm5-900/collision
[0.298s] -- Up-to-date: /home/csrobot/flexbe_ws/install/tm_description/share/tm_description/meshes/tm5-900/collision/tmr_100w_02_c.stl
[0.298s] -- Up-to-date: /home/csrobot/flexbe_ws/install/tm_description/share/tm_description/meshes/tm5-900/collision/tm5-900_arm1_c.stl
[0.298s] -- Up-to-date: /home/csrobot/flexbe_ws/install/tm_description/share/tm_description/meshes/tm5-900/collision/tmr_400w_01_c.stl
[0.299s] -- Up-to-date: /home/csrobot/flexbe_ws/install/tm_description/share/tm_description/meshes/tm5-900/collision/tmr_ee_c.stl
[0.299s] -- Up-to-date: /home/csrobot/flexbe_ws/install/tm_description/share/tm_description/meshes/tm5-900/collision/tm5-base_c.stl
[0.299s] -- Up-to-date: /home/csrobot/flexbe_ws/install/tm_description/share/tm_description/meshes/tm5-900/collision/tmr_100w_01_c.stl
[0.299s] -- Up-to-date: /home/csrobot/flexbe_ws/install/tm_description/share/tm_description/meshes/tm5-900/collision/tmr_iox_c.stl
[0.299s] -- Up-to-date: /home/csrobot/flexbe_ws/install/tm_description/share/tm_description/meshes/tm5-900/collision/tm5-900_arm2_c.stl
[0.299s] -- Up-to-date: /home/csrobot/flexbe_ws/install/tm_description/share/tm_description/meshes/tm5-900/visual
[0.299s] -- Up-to-date: /home/csrobot/flexbe_ws/install/tm_description/share/tm_description/meshes/tm5-900/visual/tmr_400w_01.mtl
[0.299s] -- Up-to-date: /home/csrobot/flexbe_ws/install/tm_description/share/tm_description/meshes/tm5-900/visual/tmr_100w_01.obj
[0.299s] -- Up-to-date: /home/csrobot/flexbe_ws/install/tm_description/share/tm_description/meshes/tm5-900/visual/tmr_ee.stl
[0.299s] -- Up-to-date: /home/csrobot/flexbe_ws/install/tm_description/share/tm_description/meshes/tm5-900/visual/tmr_100w_02.stl
[0.299s] -- Up-to-date: /home/csrobot/flexbe_ws/install/tm_description/share/tm_description/meshes/tm5-900/visual/tmr_400w_01.stl
[0.299s] -- Up-to-date: /home/csrobot/flexbe_ws/install/tm_description/share/tm_description/meshes/tm5-900/visual/tm5-base.stl
[0.299s] -- Up-to-date: /home/csrobot/flexbe_ws/install/tm_description/share/tm_description/meshes/tm5-900/visual/tm5-base.obj
[0.299s] -- Up-to-date: /home/csrobot/flexbe_ws/install/tm_description/share/tm_description/meshes/tm5-900/visual/tmr_400w_01.obj
[0.299s] -- Up-to-date: /home/csrobot/flexbe_ws/install/tm_description/share/tm_description/meshes/tm5-900/visual/tmr_ee.mtl
[0.299s] -- Up-to-date: /home/csrobot/flexbe_ws/install/tm_description/share/tm_description/meshes/tm5-900/visual/tm5-900_arm2.mtl
[0.299s] -- Up-to-date: /home/csrobot/flexbe_ws/install/tm_description/share/tm_description/meshes/tm5-900/visual/tmr_100w_02.mtl
[0.299s] -- Up-to-date: /home/csrobot/flexbe_ws/install/tm_description/share/tm_description/meshes/tm5-900/visual/tm5-900_arm1.mtl
[0.299s] -- Up-to-date: /home/csrobot/flexbe_ws/install/tm_description/share/tm_description/meshes/tm5-900/visual/tmr_iox.obj
[0.299s] -- Up-to-date: /home/csrobot/flexbe_ws/install/tm_description/share/tm_description/meshes/tm5-900/visual/tmr_100w_02.obj
[0.299s] -- Up-to-date: /home/csrobot/flexbe_ws/install/tm_description/share/tm_description/meshes/tm5-900/visual/tm5-900_arm1.obj
[0.299s] -- Up-to-date: /home/csrobot/flexbe_ws/install/tm_description/share/tm_description/meshes/tm5-900/visual/tmr_100w_01.stl
[0.299s] -- Up-to-date: /home/csrobot/flexbe_ws/install/tm_description/share/tm_description/meshes/tm5-900/visual/tm5-900_arm1.stl
[0.299s] -- Up-to-date: /home/csrobot/flexbe_ws/install/tm_description/share/tm_description/meshes/tm5-900/visual/tm5-900_arm2.obj
[0.300s] -- Up-to-date: /home/csrobot/flexbe_ws/install/tm_description/share/tm_description/meshes/tm5-900/visual/tmr_ee.obj
[0.300s] -- Up-to-date: /home/csrobot/flexbe_ws/install/tm_description/share/tm_description/meshes/tm5-900/visual/tmr_100w_01.mtl
[0.300s] -- Up-to-date: /home/csrobot/flexbe_ws/install/tm_description/share/tm_description/meshes/tm5-900/visual/tm5-base.mtl
[0.300s] -- Up-to-date: /home/csrobot/flexbe_ws/install/tm_description/share/tm_description/meshes/tm5-900/visual/tmr_iox.stl
[0.300s] -- Up-to-date: /home/csrobot/flexbe_ws/install/tm_description/share/tm_description/meshes/tm5-900/visual/tm5-900_arm2.stl
[0.300s] -- Up-to-date: /home/csrobot/flexbe_ws/install/tm_description/share/tm_description/meshes/tm5-900/visual/tmr_iox.mtl
[0.300s] -- Up-to-date: /home/csrobot/flexbe_ws/install/tm_description/share/tm_description/meshes/tm12
[0.300s] -- Up-to-date: /home/csrobot/flexbe_ws/install/tm_description/share/tm_description/meshes/tm12/collision
[0.300s] -- Up-to-date: /home/csrobot/flexbe_ws/install/tm_description/share/tm_description/meshes/tm12/collision/tm12-arm2_c.stl
[0.300s] -- Up-to-date: /home/csrobot/flexbe_ws/install/tm_description/share/tm_description/meshes/tm12/collision/tm12-arm1_c.stl
[0.300s] -- Up-to-date: /home/csrobot/flexbe_ws/install/tm_description/share/tm_description/meshes/tm12/collision/tmr_750w_01_c.stl
[0.300s] -- Up-to-date: /home/csrobot/flexbe_ws/install/tm_description/share/tm_description/meshes/tm12/collision/tm12-base_c.stl
[0.300s] -- Up-to-date: /home/csrobot/flexbe_ws/install/tm_description/share/tm_description/meshes/tm12/visual
[0.305s] -- Up-to-date: /home/csrobot/flexbe_ws/install/tm_description/share/tm_description/meshes/tm12/visual/tm12-arm1.mtl
[0.305s] -- Up-to-date: /home/csrobot/flexbe_ws/install/tm_description/share/tm_description/meshes/tm12/visual/tm12-base.stl
[0.305s] -- Up-to-date: /home/csrobot/flexbe_ws/install/tm_description/share/tm_description/meshes/tm12/visual/tmr_750w_01.mtl
[0.305s] -- Up-to-date: /home/csrobot/flexbe_ws/install/tm_description/share/tm_description/meshes/tm12/visual/tm12-base.obj
[0.305s] -- Up-to-date: /home/csrobot/flexbe_ws/install/tm_description/share/tm_description/meshes/tm12/visual/tm12-arm2.mtl
[0.305s] -- Up-to-date: /home/csrobot/flexbe_ws/install/tm_description/share/tm_description/meshes/tm12/visual/tm12-arm1.obj
[0.305s] -- Up-to-date: /home/csrobot/flexbe_ws/install/tm_description/share/tm_description/meshes/tm12/visual/tm12-arm2.stl
[0.305s] -- Up-to-date: /home/csrobot/flexbe_ws/install/tm_description/share/tm_description/meshes/tm12/visual/tmr_750w_01.obj
[0.305s] -- Up-to-date: /home/csrobot/flexbe_ws/install/tm_description/share/tm_description/meshes/tm12/visual/tm12-arm2.obj
[0.305s] -- Up-to-date: /home/csrobot/flexbe_ws/install/tm_description/share/tm_description/meshes/tm12/visual/tm12-base.mtl
[0.305s] -- Up-to-date: /home/csrobot/flexbe_ws/install/tm_description/share/tm_description/meshes/tm12/visual/tm12-arm1.stl
[0.305s] -- Up-to-date: /home/csrobot/flexbe_ws/install/tm_description/share/tm_description/meshes/tm12/visual/tmr_750w_01.stl
[0.305s] -- Up-to-date: /home/csrobot/flexbe_ws/install/tm_description/share/tm_description/urdf
[0.305s] -- Up-to-date: /home/csrobot/flexbe_ws/install/tm_description/share/tm_description/urdf/tm12x-nominal.urdf
[0.305s] -- Up-to-date: /home/csrobot/flexbe_ws/install/tm_description/share/tm_description/urdf/tm14x-nominal.urdf
[0.306s] -- Up-to-date: /home/csrobot/flexbe_ws/install/tm_description/share/tm_description/urdf/tm5-900-nominal.urdf
[0.306s] -- Up-to-date: /home/csrobot/flexbe_ws/install/tm_description/share/tm_description/urdf/tm5x-700-nominal.urdf
[0.306s] -- Up-to-date: /home/csrobot/flexbe_ws/install/tm_description/share/tm_description/urdf/tm5x-900-nominal.urdf
[0.306s] -- Up-to-date: /home/csrobot/flexbe_ws/install/tm_description/share/tm_description/urdf/tm5-700-nominal.urdf
[0.306s] -- Up-to-date: /home/csrobot/flexbe_ws/install/tm_description/share/tm_description/urdf/tm14-nominal.urdf
[0.313s] -- Up-to-date: /home/csrobot/flexbe_ws/install/tm_description/share/tm_description/urdf/tm5-900.urdf
[0.314s] -- Up-to-date: /home/csrobot/flexbe_ws/install/tm_description/share/tm_description/urdf/tm12-nominal.urdf
[0.314s] -- Up-to-date: /home/csrobot/flexbe_ws/install/tm_description/share/tm_description/xacro
[0.315s] -- Up-to-date: /home/csrobot/flexbe_ws/install/tm_description/share/tm_description/xacro/tm5-900.urdf.xacro
[0.315s] -- Up-to-date: /home/csrobot/flexbe_ws/install/tm_description/share/tm_description/xacro/macro.inertial.xacro
[0.315s] -- Up-to-date: /home/csrobot/flexbe_ws/install/tm_description/share/tm_description/xacro/tm5x-900.urdf.xacro
[0.315s] -- Up-to-date: /home/csrobot/flexbe_ws/install/tm_description/share/tm_description/xacro/macro.tm5-700-nominal.urdf.xacro
[0.316s] -- Up-to-date: /home/csrobot/flexbe_ws/install/tm_description/share/tm_description/xacro/macro.transmission.xacro
[0.316s] -- Up-to-date: /home/csrobot/flexbe_ws/install/tm_description/share/tm_description/xacro/macro.tm14-nominal.urdf.xacro
[0.316s] -- Up-to-date: /home/csrobot/flexbe_ws/install/tm_description/share/tm_description/xacro/macro.gazebo.xacro
[0.316s] -- Up-to-date: /home/csrobot/flexbe_ws/install/tm_description/share/tm_description/xacro/macro.tm5x-700-nominal.urdf.xacro
[0.317s] -- Up-to-date: /home/csrobot/flexbe_ws/install/tm_description/share/tm_description/xacro/tm5x-700.urdf.xacro
[0.317s] -- Up-to-date: /home/csrobot/flexbe_ws/install/tm_description/share/tm_description/xacro/tm14.urdf.xacro
[0.317s] -- Up-to-date: /home/csrobot/flexbe_ws/install/tm_description/share/tm_description/xacro/tm12.urdf.xacro
[0.317s] -- Up-to-date: /home/csrobot/flexbe_ws/install/tm_description/share/tm_description/xacro/tm14x.urdf.xacro
[0.317s] -- Up-to-date: /home/csrobot/flexbe_ws/install/tm_description/share/tm_description/xacro/macro.tm12x-nominal.urdf.xacro
[0.317s] -- Up-to-date: /home/csrobot/flexbe_ws/install/tm_description/share/tm_description/xacro/tm12x.urdf.xacro
[0.317s] -- Up-to-date: /home/csrobot/flexbe_ws/install/tm_description/share/tm_description/xacro/macro.tm12-nominal.urdf.xacro
[0.317s] -- Up-to-date: /home/csrobot/flexbe_ws/install/tm_description/share/tm_description/xacro/macro.tm14x-nominal.urdf.xacro
[0.317s] -- Up-to-date: /home/csrobot/flexbe_ws/install/tm_description/share/tm_description/xacro/tm5-700.urdf.xacro
[0.317s] -- Up-to-date: /home/csrobot/flexbe_ws/install/tm_description/share/tm_description/xacro/macro.tm5-900-nominal.urdf.xacro
[0.317s] -- Up-to-date: /home/csrobot/flexbe_ws/install/tm_description/share/tm_description/xacro/macro.tm5x-900-nominal.urdf.xacro
[0.317s] -- Up-to-date: /home/csrobot/flexbe_ws/install/tm_description/share/tm_description/xacro/macro.materials.xacro
[0.323s] Invoked command in '/home/csrobot/flexbe_ws/build/tm_description' returned '0': CMAKE_PREFIX_PATH=${CMAKE_PREFIX_PATH}:/home/csrobot/flexbe_ws/install/flexbe_turtlesim_demo_flexbe_states:/home/csrobot/ros2_humble/install/quality_of_service_demo_py:/home/csrobot/ros2_humble/install/demo_nodes_py:/home/csrobot/ros2_humble/install/moveit_configs_utils:/home/csrobot/ros2_humble/install/rqt_bag_plugins:/home/csrobot/ros2_humble/install/rqt_bag:/home/csrobot/ros2_humble/install/launch_testing_examples:/home/csrobot/ros2_humble/install/ros2bag:/home/csrobot/ros2_humble/install/tracetools_test:/home/csrobot/ros2_humble/install/tracetools_launch:/home/csrobot/ros2_humble/install/topic_monitor:/home/csrobot/ros2_humble/install/tf2_tools:/home/csrobot/ros2_humble/install/examples_tf2_py:/home/csrobot/ros2_humble/install/tf2_ros_py:/home/csrobot/ros2_humble/install/sros2:/home/csrobot/ros2_humble/install/rqt_topic:/home/csrobot/ros2_humble/install/rqt_srv:/home/csrobot/ros2_humble/install/rqt_shell:/home/csrobot/ros2_humble/install/rqt_service_caller:/home/csrobot/ros2_humble/install/rqt_reconfigure:/home/csrobot/ros2_humble/install/rqt_py_console:/home/csrobot/ros2_humble/install/rqt_publisher:/home/csrobot/ros2_humble/install/rqt_plot:/home/csrobot/ros2_humble/install/rqt_action:/home/csrobot/ros2_humble/install/rqt_msg:/home/csrobot/ros2_humble/install/rqt_console:/home/csrobot/ros2_humble/install/rqt:/home/csrobot/ros2_humble/install/rqt_graph:/home/csrobot/ros2_humble/install/rqt_gui_py:/home/csrobot/ros2_humble/install/rqt_gui:/home/csrobot/ros2_humble/install/ros2trace:/home/csrobot/ros2_humble/install/ros2topic:/home/csrobot/ros2_humble/install/ros2test:/home/csrobot/ros2_humble/install/ros2component:/home/csrobot/ros2_humble/install/ros2param:/home/csrobot/ros2_humble/install/ros2lifecycle:/home/csrobot/ros2_humble/install/ros2service:/home/csrobot/ros2_humble/install/ros2run:/home/csrobot/ros2_humble/install/ros2launch:/home/csrobot/ros2_humble/install/ros2pkg:/home/csrobot/ros2_humble/install/ros2node:/home/csrobot/ros2_humble/install/ros2multicast:/home/csrobot/ros2_humble/install/ros2interface:/home/csrobot/ros2_humble/install/ros2doctor:/home/csrobot/ros2_humble/install/ros2action:/home/csrobot/ros2_humble/install/ros2cli:/home/csrobot/ros2_humble/install/lifecycle_py:/home/csrobot/ros2_humble/install/launch_testing_ros:/home/csrobot/ros2_humble/install/launch_ros:/home/csrobot/ros2_humble/install/examples_rclpy_pointcloud_publisher:/home/csrobot/ros2_humble/install/examples_rclpy_minimal_subscriber:/home/csrobot/ros2_humble/install/examples_rclpy_minimal_service:/home/csrobot/ros2_humble/install/examples_rclpy_minimal_publisher:/home/csrobot/ros2_humble/install/examples_rclpy_minimal_client:/home/csrobot/ros2_humble/install/examples_rclpy_minimal_action_server:/home/csrobot/ros2_humble/install/examples_rclpy_minimal_action_client:/home/csrobot/ros2_humble/install/examples_rclpy_guard_conditions:/home/csrobot/ros2_humble/install/examples_rclpy_executors:/home/csrobot/ros2_humble/install/camera_info_manager_py:/home/csrobot/ros2_humble/install/action_tutorials_py:/home/csrobot/ros2_humble/install/ament_uncrustify:/home/csrobot/ros2_humble/install/tracetools_trace:/home/csrobot/ros2_humble/install/tracetools_read:/home/csrobot/ros2_humble/install/test_tracetools_launch:/home/csrobot/ros2_humble/install/test_launch_ros:/home/csrobot/ros2_humble/install/sensor_msgs_py:/home/csrobot/ros2_humble/install/rpyutils:/home/csrobot/ros2_humble/install/rosidl_runtime_py:/home/csrobot/ros2_humble/install/rosidl_cli:/home/csrobot/ros2_humble/install/launch_pytest:/home/csrobot/ros2_humble/install/launch_testing:/home/csrobot/ros2_humble/install/launch_yaml:/home/csrobot/ros2_humble/install/launch_xml:/home/csrobot/ros2_humble/install/launch:/home/csrobot/ros2_humble/install/osrf_pycommon:/home/csrobot/ros2_humble/install/domain_coordinator:/home/csrobot/ros2_humble/install/ament_xmllint:/home/csrobot/ros2_humble/install/ament_pyflakes:/home/csrobot/ros2_humble/install/ament_pycodestyle:/home/csrobot/ros2_humble/install/ament_pep257:/home/csrobot/ros2_humble/install/ament_pclint:/home/csrobot/ros2_humble/install/ament_package:/home/csrobot/ros2_humble/install/ament_mypy:/home/csrobot/ros2_humble/install/ament_lint_cmake:/home/csrobot/ros2_humble/install/ament_flake8:/home/csrobot/ros2_humble/install/ament_copyright:/home/csrobot/ros2_humble/install/ament_lint:/home/csrobot/ros2_humble/install/ament_index_python:/home/csrobot/ros2_humble/install/ament_cpplint:/home/csrobot/ros2_humble/install/ament_cppcheck:/home/csrobot/ros2_humble/install/ament_clang_tidy:/home/csrobot/ros2_humble/install/ament_clang_format:/home/csrobot/flexbe_ws/install/tm_mod_urdf:/home/csrobot/flexbe_ws/install/tm_get_status:/home/csrobot/flexbe_ws/install/moveit_configs_utils:/home/csrobot/flexbe_ws/install/example_flexbe_states:/home/csrobot/flexbe_ws/install/compare_flexbe_states:/home/csrobot/flexbe_ws/install/flexbe_webui:/home/csrobot/flexbe_ws/install/flexbe_onboard:/home/csrobot/flexbe_ws/install/flexbe_states:/home/csrobot/flexbe_ws/install/flexbe_mirror:/home/csrobot/flexbe_ws/install/flexbe_input:/home/csrobot/flexbe_ws/install/flexbe_core:/opt/ros/humble /usr/bin/cmake --install /home/csrobot/flexbe_ws/build/tm_description
