running develop
/usr/lib/python3/dist-packages/setuptools/command/easy_install.py:363: UserWarning: Unbuilt egg for pytest-repeat [unknown version] (/usr/lib/python3/dist-packages)
  self.local_index = Environment(self.shadow_path + sys.path)
running egg_info
creating flexbe_input.egg-info
writing flexbe_input.egg-info/PKG-INFO
writing dependency_links to flexbe_input.egg-info/dependency_links.txt
writing entry points to flexbe_input.egg-info/entry_points.txt
writing requirements to flexbe_input.egg-info/requires.txt
writing top-level names to flexbe_input.egg-info/top_level.txt
writing manifest file 'flexbe_input.egg-info/SOURCES.txt'
reading manifest file 'flexbe_input.egg-info/SOURCES.txt'
writing manifest file 'flexbe_input.egg-info/SOURCES.txt'
running build_ext
Creating /home/csrobot/flexbe_ws/install/flexbe_input/lib/python3.12/site-packages/flexbe-input.egg-link (link to .)
Installing flexbe_input script to /home/csrobot/flexbe_ws/install/flexbe_input/lib/flexbe_input
Installing input_action_server script to /home/csrobot/flexbe_ws/install/flexbe_input/lib/flexbe_input

Installed /home/csrobot/flexbe_ws/build/flexbe_input
running symlink_data
creating /home/csrobot/flexbe_ws/install/flexbe_input/share/ament_index
creating /home/csrobot/flexbe_ws/install/flexbe_input/share/ament_index/resource_index
creating /home/csrobot/flexbe_ws/install/flexbe_input/share/ament_index/resource_index/packages
symbolically linking /home/csrobot/flexbe_ws/build/flexbe_input/resource/flexbe_input -> /home/csrobot/flexbe_ws/install/flexbe_input/share/ament_index/resource_index/packages
symbolically linking /home/csrobot/flexbe_ws/build/flexbe_input/package.xml -> /home/csrobot/flexbe_ws/install/flexbe_input/share/flexbe_input
