running develop
running egg_info
creating flexbe_mirror.egg-info
writing flexbe_mirror.egg-info/PKG-INFO
writing dependency_links to flexbe_mirror.egg-info/dependency_links.txt
writing entry points to flexbe_mirror.egg-info/entry_points.txt
writing requirements to flexbe_mirror.egg-info/requires.txt
writing top-level names to flexbe_mirror.egg-info/top_level.txt
writing manifest file 'flexbe_mirror.egg-info/SOURCES.txt'
reading manifest file 'flexbe_mirror.egg-info/SOURCES.txt'
writing manifest file 'flexbe_mirror.egg-info/SOURCES.txt'
running build_ext
Creating /home/csrobot/flexbe_ws/install/flexbe_mirror/lib/python3.12/site-packages/flexbe-mirror.egg-link (link to .)
Installing behavior_mirror_sm script to /home/csrobot/flexbe_ws/install/flexbe_mirror/lib/flexbe_mirror

Installed /home/csrobot/flexbe_ws/build/flexbe_mirror
running symlink_data
creating /home/csrobot/flexbe_ws/install/flexbe_mirror/share/ament_index
creating /home/csrobot/flexbe_ws/install/flexbe_mirror/share/ament_index/resource_index
creating /home/csrobot/flexbe_ws/install/flexbe_mirror/share/ament_index/resource_index/packages
symbolically linking /home/csrobot/flexbe_ws/build/flexbe_mirror/resource/flexbe_mirror -> /home/csrobot/flexbe_ws/install/flexbe_mirror/share/ament_index/resource_index/packages
symbolically linking /home/csrobot/flexbe_ws/build/flexbe_mirror/package.xml -> /home/csrobot/flexbe_ws/install/flexbe_mirror/share/flexbe_mirror
