-- Install configuration: ""
-- Execute custom install script
-- Symlinking: /home/csrobot/flexbe_ws/install/panda_gazebo/share/panda_gazebo/models/panda/model.config
-- Symlinking: /home/csrobot/flexbe_ws/install/panda_gazebo/share/panda_gazebo/models/panda/model.sdf
-- Symlinking: /home/csrobot/flexbe_ws/install/panda_gazebo/share/panda_gazebo/models/table/model.config
-- Symlinking: /home/csrobot/flexbe_ws/install/panda_gazebo/share/panda_gazebo/models/table/model.sdf
-- Symlinking: /home/csrobot/flexbe_ws/install/panda_gazebo/share/panda_gazebo/launch/panda_gazebo_move_group.launch.py
-- Symlinking: /home/csrobot/flexbe_ws/install/panda_gazebo/share/panda_gazebo/config/panda_bridge.yaml
-- Symlinking: /home/csrobot/flexbe_ws/install/panda_gazebo/share/panda_gazebo/worlds/panda.sdf
-- Symlinking: /home/csrobot/flexbe_ws/install/panda_gazebo/share/panda_gazebo/environment/panda_gazebo.dsv
-- Symlinking: /home/csrobot/flexbe_ws/install/panda_gazebo/share/ament_index/resource_index/package_run_dependencies/panda_gazebo
-- Symlinking: /home/csrobot/flexbe_ws/install/panda_gazebo/share/ament_index/resource_index/parent_prefix_path/panda_gazebo
-- Symlinking: /home/csrobot/flexbe_ws/install/panda_gazebo/share/panda_gazebo/environment/ament_prefix_path.sh
-- Symlinking: /home/csrobot/flexbe_ws/install/panda_gazebo/share/panda_gazebo/environment/ament_prefix_path.dsv
-- Symlinking: /home/csrobot/flexbe_ws/install/panda_gazebo/share/panda_gazebo/environment/path.sh
-- Symlinking: /home/csrobot/flexbe_ws/install/panda_gazebo/share/panda_gazebo/environment/path.dsv
-- Symlinking: /home/csrobot/flexbe_ws/install/panda_gazebo/share/panda_gazebo/local_setup.bash
-- Symlinking: /home/csrobot/flexbe_ws/install/panda_gazebo/share/panda_gazebo/local_setup.sh
-- Symlinking: /home/csrobot/flexbe_ws/install/panda_gazebo/share/panda_gazebo/local_setup.zsh
-- Symlinking: /home/csrobot/flexbe_ws/install/panda_gazebo/share/panda_gazebo/local_setup.dsv
-- Symlinking: /home/csrobot/flexbe_ws/install/panda_gazebo/share/panda_gazebo/package.dsv
-- Symlinking: /home/csrobot/flexbe_ws/install/panda_gazebo/share/ament_index/resource_index/packages/panda_gazebo
-- Symlinking: /home/csrobot/flexbe_ws/install/panda_gazebo/share/panda_gazebo/cmake/panda_gazeboConfig.cmake
-- Symlinking: /home/csrobot/flexbe_ws/install/panda_gazebo/share/panda_gazebo/cmake/panda_gazeboConfig-version.cmake
-- Symlinking: /home/csrobot/flexbe_ws/install/panda_gazebo/share/panda_gazebo/package.xml
