[0.054s] Invoking command in '/home/csrobot/flexbe_ws/build/custom_package': AMENT_PREFIX_PATH=/home/csrobot/flexbe_ws/install/techman_robot_msgs:${AMENT_PREFIX_PATH} CMAKE_PREFIX_PATH=/home/csrobot/flexbe_ws/install/techman_robot_msgs:/opt/ros/jazzy/opt/gz_math_vendor:/opt/ros/jazzy/opt/gz_utils_vendor:/opt/ros/jazzy/opt/gz_cmake_vendor:/opt/ros/jazzy DEBUGINFOD_URLS=https://debuginfod.ubuntu.com LD_LIBRARY_PATH=/home/csrobot/flexbe_ws/install/techman_robot_msgs/lib:${LD_LIBRARY_PATH} PYTHONPATH=/home/csrobot/flexbe_ws/install/techman_robot_msgs/lib/python3.12/site-packages:${PYTHONPATH} /usr/bin/cmake --build /home/csrobot/flexbe_ws/build/custom_package -- -j8 -l8
[0.121s] [ 50%] Built target tm_send_command
[0.124s] [100%] Built target sub_img
[0.309s] Invoked command in '/home/csrobot/flexbe_ws/build/custom_package' returned '0': AMENT_PREFIX_PATH=/home/csrobot/flexbe_ws/install/techman_robot_msgs:${AMENT_PREFIX_PATH} CMAKE_PREFIX_PATH=/home/csrobot/flexbe_ws/install/techman_robot_msgs:/opt/ros/jazzy/opt/gz_math_vendor:/opt/ros/jazzy/opt/gz_utils_vendor:/opt/ros/jazzy/opt/gz_cmake_vendor:/opt/ros/jazzy DEBUGINFOD_URLS=https://debuginfod.ubuntu.com LD_LIBRARY_PATH=/home/csrobot/flexbe_ws/install/techman_robot_msgs/lib:${LD_LIBRARY_PATH} PYTHONPATH=/home/csrobot/flexbe_ws/install/techman_robot_msgs/lib/python3.12/site-packages:${PYTHONPATH} /usr/bin/cmake --build /home/csrobot/flexbe_ws/build/custom_package -- -j8 -l8
[0.309s] Invoking command in '/home/csrobot/flexbe_ws/build/custom_package': AMENT_PREFIX_PATH=/home/csrobot/flexbe_ws/install/techman_robot_msgs:${AMENT_PREFIX_PATH} CMAKE_PREFIX_PATH=/home/csrobot/flexbe_ws/install/techman_robot_msgs:/opt/ros/jazzy/opt/gz_math_vendor:/opt/ros/jazzy/opt/gz_utils_vendor:/opt/ros/jazzy/opt/gz_cmake_vendor:/opt/ros/jazzy DEBUGINFOD_URLS=https://debuginfod.ubuntu.com LD_LIBRARY_PATH=/home/csrobot/flexbe_ws/install/techman_robot_msgs/lib:${LD_LIBRARY_PATH} PYTHONPATH=/home/csrobot/flexbe_ws/install/techman_robot_msgs/lib/python3.12/site-packages:${PYTHONPATH} /usr/bin/cmake --install /home/csrobot/flexbe_ws/build/custom_package
[0.316s] -- Install configuration: ""
[0.316s] -- Execute custom install script
[0.317s] -- Up-to-date symlink: /home/csrobot/flexbe_ws/install/custom_package/lib/custom_package/tm_send_command
[0.317s] -- Up-to-date symlink: /home/csrobot/flexbe_ws/install/custom_package/lib/custom_package/sub_img
[0.319s] -- Up-to-date symlink: /home/csrobot/flexbe_ws/install/custom_package/share/custom_package/image/techman_robot.jpg
[0.319s] -- Up-to-date symlink: /home/csrobot/flexbe_ws/install/custom_package/share/ament_index/resource_index/package_run_dependencies/custom_package
[0.319s] -- Up-to-date symlink: /home/csrobot/flexbe_ws/install/custom_package/share/ament_index/resource_index/parent_prefix_path/custom_package
[0.320s] -- Up-to-date symlink: /home/csrobot/flexbe_ws/install/custom_package/share/custom_package/environment/ament_prefix_path.sh
[0.320s] -- Up-to-date symlink: /home/csrobot/flexbe_ws/install/custom_package/share/custom_package/environment/ament_prefix_path.dsv
[0.320s] -- Up-to-date symlink: /home/csrobot/flexbe_ws/install/custom_package/share/custom_package/environment/path.sh
[0.320s] -- Up-to-date symlink: /home/csrobot/flexbe_ws/install/custom_package/share/custom_package/environment/path.dsv
[0.320s] -- Up-to-date symlink: /home/csrobot/flexbe_ws/install/custom_package/share/custom_package/local_setup.bash
[0.320s] -- Up-to-date symlink: /home/csrobot/flexbe_ws/install/custom_package/share/custom_package/local_setup.sh
[0.322s] -- Up-to-date symlink: /home/csrobot/flexbe_ws/install/custom_package/share/custom_package/local_setup.zsh
[0.322s] -- Up-to-date symlink: /home/csrobot/flexbe_ws/install/custom_package/share/custom_package/local_setup.dsv
[0.322s] -- Symlinking: /home/csrobot/flexbe_ws/install/custom_package/share/custom_package/package.dsv
[0.330s] -- Up-to-date symlink: /home/csrobot/flexbe_ws/install/custom_package/share/ament_index/resource_index/packages/custom_package
[0.332s] -- Up-to-date symlink: /home/csrobot/flexbe_ws/install/custom_package/share/custom_package/cmake/custom_packageConfig.cmake
[0.333s] -- Up-to-date symlink: /home/csrobot/flexbe_ws/install/custom_package/share/custom_package/cmake/custom_packageConfig-version.cmake
[0.333s] -- Up-to-date symlink: /home/csrobot/flexbe_ws/install/custom_package/share/custom_package/package.xml
[0.339s] Invoked command in '/home/csrobot/flexbe_ws/build/custom_package' returned '0': AMENT_PREFIX_PATH=/home/csrobot/flexbe_ws/install/techman_robot_msgs:${AMENT_PREFIX_PATH} CMAKE_PREFIX_PATH=/home/csrobot/flexbe_ws/install/techman_robot_msgs:/opt/ros/jazzy/opt/gz_math_vendor:/opt/ros/jazzy/opt/gz_utils_vendor:/opt/ros/jazzy/opt/gz_cmake_vendor:/opt/ros/jazzy DEBUGINFOD_URLS=https://debuginfod.ubuntu.com LD_LIBRARY_PATH=/home/csrobot/flexbe_ws/install/techman_robot_msgs/lib:${LD_LIBRARY_PATH} PYTHONPATH=/home/csrobot/flexbe_ws/install/techman_robot_msgs/lib/python3.12/site-packages:${PYTHONPATH} /usr/bin/cmake --install /home/csrobot/flexbe_ws/build/custom_package
