[  1%] Built target compare_flexbe_utilities__rosidl_generator_type_description
[  1%] Built target ament_cmake_python_symlink_compare_flexbe_utilities
[  2%] Built target compare_flexbe_utilities__cpp
[ 24%] Built target compare_flexbe_utilities__rosidl_generator_c
[ 50%] Built target compare_flexbe_utilities__rosidl_typesupport_introspection_c
[ 50%] Built target compare_flexbe_utilities__rosidl_typesupport_c
[ 50%] Built target compare_flexbe_utilities__rosidl_typesupport_cpp
[ 59%] Built target compare_flexbe_utilities__rosidl_typesupport_introspection_cpp
[ 74%] Built target compare_flexbe_utilities__rosidl_typesupport_fastrtps_cpp
[ 74%] Built target compare_flexbe_utilities__rosidl_typesupport_fastrtps_c
[ 76%] Built target voxel_grid_filter_service
[ 78%] Built target plane_segmentation_service
[ 80%] Built target euclidean_clustering_service
[ 82%] Built target get_point_cloud_service
[ 83%] [32mBuilding CXX object CMakeFiles/move_to_pose_service.dir/src/move_to_pose_service.cpp.o[0m
[ 84%] Built target move_to_named_pose_service
[ 85%] Built target cartesian_move_to_pose_service
[ 85%] Built target compare_flexbe_utilities
[ 86%] Built target filter_by_indices_service
[ 87%] [34m[1mGenerating Python code for ROS interfaces[0m
running egg_info
writing compare_flexbe_utilities.egg-info/PKG-INFO
writing dependency_links to compare_flexbe_utilities.egg-info/dependency_links.txt
writing top-level names to compare_flexbe_utilities.egg-info/top_level.txt
reading manifest file 'compare_flexbe_utilities.egg-info/SOURCES.txt'
writing manifest file 'compare_flexbe_utilities.egg-info/SOURCES.txt'
[ 87%] Built target ament_cmake_python_build_compare_flexbe_utilities_egg
[ 87%] Built target compare_flexbe_utilities__py
[ 90%] [32mBuilding C object CMakeFiles/compare_flexbe_utilities__rosidl_generator_py.dir/rosidl_generator_py/compare_flexbe_utilities/srv/_voxel_grid_filter_s.c.o[0m
[ 90%] [32mBuilding C object CMakeFiles/compare_flexbe_utilities__rosidl_generator_py.dir/rosidl_generator_py/compare_flexbe_utilities/srv/_move_to_pose_s.c.o[0m
[ 91%] [32mBuilding C object CMakeFiles/compare_flexbe_utilities__rosidl_generator_py.dir/rosidl_generator_py/compare_flexbe_utilities/srv/_move_to_named_pose_s.c.o[0m
[ 91%] [32mBuilding C object CMakeFiles/compare_flexbe_utilities__rosidl_generator_py.dir/rosidl_generator_py/compare_flexbe_utilities/srv/_cartesian_move_to_pose_s.c.o[0m
[ 92%] [32mBuilding C object CMakeFiles/compare_flexbe_utilities__rosidl_generator_py.dir/rosidl_generator_py/compare_flexbe_utilities/srv/_euclidean_clustering_s.c.o[0m
[ 92%] [32mBuilding C object CMakeFiles/compare_flexbe_utilities__rosidl_generator_py.dir/rosidl_generator_py/compare_flexbe_utilities/srv/_plane_segmentation_s.c.o[0m
[ 92%] [32mBuilding C object CMakeFiles/compare_flexbe_utilities__rosidl_generator_py.dir/rosidl_generator_py/compare_flexbe_utilities/srv/_get_point_cloud_s.c.o[0m
[ 93%] [32mBuilding C object CMakeFiles/compare_flexbe_utilities__rosidl_generator_py.dir/rosidl_generator_py/compare_flexbe_utilities/srv/_filter_by_indices_s.c.o[0m
[ 94%] [32m[1mLinking C shared library libcompare_flexbe_utilities__rosidl_generator_py.so[0m
[ 94%] Built target compare_flexbe_utilities__rosidl_generator_py
[ 96%] [32mBuilding C object CMakeFiles/compare_flexbe_utilities_s__rosidl_typesupport_introspection_c.dir/rosidl_generator_py/compare_flexbe_utilities/_compare_flexbe_utilities_s.ep.rosidl_typesupport_introspection_c.c.o[0m
[ 96%] [32mBuilding C object CMakeFiles/compare_flexbe_utilities_s__rosidl_typesupport_fastrtps_c.dir/rosidl_generator_py/compare_flexbe_utilities/_compare_flexbe_utilities_s.ep.rosidl_typesupport_fastrtps_c.c.o[0m
[ 96%] [32mBuilding C object CMakeFiles/compare_flexbe_utilities_s__rosidl_typesupport_c.dir/rosidl_generator_py/compare_flexbe_utilities/_compare_flexbe_utilities_s.ep.rosidl_typesupport_c.c.o[0m
[ 98%] [32m[1mLinking C shared module rosidl_generator_py/compare_flexbe_utilities/compare_flexbe_utilities_s__rosidl_typesupport_introspection_c.so[0m
[ 98%] [32m[1mLinking C shared module rosidl_generator_py/compare_flexbe_utilities/compare_flexbe_utilities_s__rosidl_typesupport_c.so[0m
[ 99%] [32m[1mLinking C shared module rosidl_generator_py/compare_flexbe_utilities/compare_flexbe_utilities_s__rosidl_typesupport_fastrtps_c.so[0m
[ 99%] Built target compare_flexbe_utilities_s__rosidl_typesupport_c
[ 99%] Built target compare_flexbe_utilities_s__rosidl_typesupport_introspection_c
[ 99%] Built target compare_flexbe_utilities_s__rosidl_typesupport_fastrtps_c
[100%] [32m[1mLinking CXX executable move_to_pose_service[0m
[100%] Built target move_to_pose_service
-- Install configuration: ""
-- Execute custom install script
-- Symlinking: /home/csrobot/flexbe_ws/install/compare_flexbe_utilities/share/ament_index/resource_index/rosidl_interfaces/compare_flexbe_utilities
-- Symlinking: /home/csrobot/flexbe_ws/install/compare_flexbe_utilities/share/compare_flexbe_utilities/srv/CartesianMoveToPose.json
-- Symlinking: /home/csrobot/flexbe_ws/install/compare_flexbe_utilities/share/compare_flexbe_utilities/srv/MoveToNamedPose.json
-- Symlinking: /home/csrobot/flexbe_ws/install/compare_flexbe_utilities/share/compare_flexbe_utilities/srv/MoveToPose.json
-- Symlinking: /home/csrobot/flexbe_ws/install/compare_flexbe_utilities/share/compare_flexbe_utilities/srv/VoxelGridFilter.json
-- Symlinking: /home/csrobot/flexbe_ws/install/compare_flexbe_utilities/share/compare_flexbe_utilities/srv/PlaneSegmentation.json
-- Symlinking: /home/csrobot/flexbe_ws/install/compare_flexbe_utilities/share/compare_flexbe_utilities/srv/EuclideanClustering.json
-- Symlinking: /home/csrobot/flexbe_ws/install/compare_flexbe_utilities/share/compare_flexbe_utilities/srv/GetPointCloud.json
-- Symlinking: /home/csrobot/flexbe_ws/install/compare_flexbe_utilities/share/compare_flexbe_utilities/srv/FilterByIndices.json
-- Symlinking: /home/csrobot/flexbe_ws/install/compare_flexbe_utilities/include/compare_flexbe_utilities/compare_flexbe_utilities/msg/rosidl_generator_c__visibility_control.h
-- Symlinking: /home/csrobot/flexbe_ws/install/compare_flexbe_utilities/include/compare_flexbe_utilities/compare_flexbe_utilities/srv/cartesian_move_to_pose.h
-- Symlinking: /home/csrobot/flexbe_ws/install/compare_flexbe_utilities/include/compare_flexbe_utilities/compare_flexbe_utilities/srv/detail/cartesian_move_to_pose__functions.h
-- Symlinking: /home/csrobot/flexbe_ws/install/compare_flexbe_utilities/include/compare_flexbe_utilities/compare_flexbe_utilities/srv/detail/cartesian_move_to_pose__struct.h
-- Symlinking: /home/csrobot/flexbe_ws/install/compare_flexbe_utilities/include/compare_flexbe_utilities/compare_flexbe_utilities/srv/detail/cartesian_move_to_pose__type_support.h
-- Symlinking: /home/csrobot/flexbe_ws/install/compare_flexbe_utilities/include/compare_flexbe_utilities/compare_flexbe_utilities/srv/detail/euclidean_clustering__functions.h
-- Symlinking: /home/csrobot/flexbe_ws/install/compare_flexbe_utilities/include/compare_flexbe_utilities/compare_flexbe_utilities/srv/detail/euclidean_clustering__struct.h
-- Symlinking: /home/csrobot/flexbe_ws/install/compare_flexbe_utilities/include/compare_flexbe_utilities/compare_flexbe_utilities/srv/detail/euclidean_clustering__type_support.h
-- Symlinking: /home/csrobot/flexbe_ws/install/compare_flexbe_utilities/include/compare_flexbe_utilities/compare_flexbe_utilities/srv/detail/filter_by_indices__functions.h
-- Symlinking: /home/csrobot/flexbe_ws/install/compare_flexbe_utilities/include/compare_flexbe_utilities/compare_flexbe_utilities/srv/detail/filter_by_indices__struct.h
-- Symlinking: /home/csrobot/flexbe_ws/install/compare_flexbe_utilities/include/compare_flexbe_utilities/compare_flexbe_utilities/srv/detail/filter_by_indices__type_support.h
-- Symlinking: /home/csrobot/flexbe_ws/install/compare_flexbe_utilities/include/compare_flexbe_utilities/compare_flexbe_utilities/srv/detail/get_point_cloud__functions.h
-- Symlinking: /home/csrobot/flexbe_ws/install/compare_flexbe_utilities/include/compare_flexbe_utilities/compare_flexbe_utilities/srv/detail/get_point_cloud__struct.h
-- Symlinking: /home/csrobot/flexbe_ws/install/compare_flexbe_utilities/include/compare_flexbe_utilities/compare_flexbe_utilities/srv/detail/get_point_cloud__type_support.h
-- Symlinking: /home/csrobot/flexbe_ws/install/compare_flexbe_utilities/include/compare_flexbe_utilities/compare_flexbe_utilities/srv/detail/move_to_named_pose__functions.h
-- Symlinking: /home/csrobot/flexbe_ws/install/compare_flexbe_utilities/include/compare_flexbe_utilities/compare_flexbe_utilities/srv/detail/move_to_named_pose__struct.h
-- Symlinking: /home/csrobot/flexbe_ws/install/compare_flexbe_utilities/include/compare_flexbe_utilities/compare_flexbe_utilities/srv/detail/move_to_named_pose__type_support.h
-- Symlinking: /home/csrobot/flexbe_ws/install/compare_flexbe_utilities/include/compare_flexbe_utilities/compare_flexbe_utilities/srv/detail/move_to_pose__functions.h
-- Symlinking: /home/csrobot/flexbe_ws/install/compare_flexbe_utilities/include/compare_flexbe_utilities/compare_flexbe_utilities/srv/detail/move_to_pose__struct.h
-- Symlinking: /home/csrobot/flexbe_ws/install/compare_flexbe_utilities/include/compare_flexbe_utilities/compare_flexbe_utilities/srv/detail/move_to_pose__type_support.h
-- Symlinking: /home/csrobot/flexbe_ws/install/compare_flexbe_utilities/include/compare_flexbe_utilities/compare_flexbe_utilities/srv/detail/plane_segmentation__functions.h
-- Symlinking: /home/csrobot/flexbe_ws/install/compare_flexbe_utilities/include/compare_flexbe_utilities/compare_flexbe_utilities/srv/detail/plane_segmentation__struct.h
-- Symlinking: /home/csrobot/flexbe_ws/install/compare_flexbe_utilities/include/compare_flexbe_utilities/compare_flexbe_utilities/srv/detail/plane_segmentation__type_support.h
-- Symlinking: /home/csrobot/flexbe_ws/install/compare_flexbe_utilities/include/compare_flexbe_utilities/compare_flexbe_utilities/srv/detail/voxel_grid_filter__functions.h
-- Symlinking: /home/csrobot/flexbe_ws/install/compare_flexbe_utilities/include/compare_flexbe_utilities/compare_flexbe_utilities/srv/detail/voxel_grid_filter__struct.h
-- Symlinking: /home/csrobot/flexbe_ws/install/compare_flexbe_utilities/include/compare_flexbe_utilities/compare_flexbe_utilities/srv/detail/voxel_grid_filter__type_support.h
-- Symlinking: /home/csrobot/flexbe_ws/install/compare_flexbe_utilities/include/compare_flexbe_utilities/compare_flexbe_utilities/srv/euclidean_clustering.h
-- Symlinking: /home/csrobot/flexbe_ws/install/compare_flexbe_utilities/include/compare_flexbe_utilities/compare_flexbe_utilities/srv/filter_by_indices.h
-- Symlinking: /home/csrobot/flexbe_ws/install/compare_flexbe_utilities/include/compare_flexbe_utilities/compare_flexbe_utilities/srv/get_point_cloud.h
-- Symlinking: /home/csrobot/flexbe_ws/install/compare_flexbe_utilities/include/compare_flexbe_utilities/compare_flexbe_utilities/srv/move_to_named_pose.h
-- Symlinking: /home/csrobot/flexbe_ws/install/compare_flexbe_utilities/include/compare_flexbe_utilities/compare_flexbe_utilities/srv/move_to_pose.h
-- Symlinking: /home/csrobot/flexbe_ws/install/compare_flexbe_utilities/include/compare_flexbe_utilities/compare_flexbe_utilities/srv/plane_segmentation.h
-- Symlinking: /home/csrobot/flexbe_ws/install/compare_flexbe_utilities/include/compare_flexbe_utilities/compare_flexbe_utilities/srv/voxel_grid_filter.h
-- Symlinking: /home/csrobot/flexbe_ws/install/compare_flexbe_utilities/share/compare_flexbe_utilities/environment/library_path.sh
-- Symlinking: /home/csrobot/flexbe_ws/install/compare_flexbe_utilities/share/compare_flexbe_utilities/environment/library_path.dsv
-- Symlinking: /home/csrobot/flexbe_ws/install/compare_flexbe_utilities/include/compare_flexbe_utilities/compare_flexbe_utilities/msg/rosidl_typesupport_fastrtps_c__visibility_control.h
-- Symlinking: /home/csrobot/flexbe_ws/install/compare_flexbe_utilities/include/compare_flexbe_utilities/compare_flexbe_utilities/srv/detail/cartesian_move_to_pose__rosidl_typesupport_fastrtps_c.h
-- Symlinking: /home/csrobot/flexbe_ws/install/compare_flexbe_utilities/include/compare_flexbe_utilities/compare_flexbe_utilities/srv/detail/euclidean_clustering__rosidl_typesupport_fastrtps_c.h
-- Symlinking: /home/csrobot/flexbe_ws/install/compare_flexbe_utilities/include/compare_flexbe_utilities/compare_flexbe_utilities/srv/detail/filter_by_indices__rosidl_typesupport_fastrtps_c.h
-- Symlinking: /home/csrobot/flexbe_ws/install/compare_flexbe_utilities/include/compare_flexbe_utilities/compare_flexbe_utilities/srv/detail/get_point_cloud__rosidl_typesupport_fastrtps_c.h
-- Symlinking: /home/csrobot/flexbe_ws/install/compare_flexbe_utilities/include/compare_flexbe_utilities/compare_flexbe_utilities/srv/detail/move_to_named_pose__rosidl_typesupport_fastrtps_c.h
-- Symlinking: /home/csrobot/flexbe_ws/install/compare_flexbe_utilities/include/compare_flexbe_utilities/compare_flexbe_utilities/srv/detail/move_to_pose__rosidl_typesupport_fastrtps_c.h
-- Symlinking: /home/csrobot/flexbe_ws/install/compare_flexbe_utilities/include/compare_flexbe_utilities/compare_flexbe_utilities/srv/detail/plane_segmentation__rosidl_typesupport_fastrtps_c.h
-- Symlinking: /home/csrobot/flexbe_ws/install/compare_flexbe_utilities/include/compare_flexbe_utilities/compare_flexbe_utilities/srv/detail/voxel_grid_filter__rosidl_typesupport_fastrtps_c.h
-- Symlinking: /home/csrobot/flexbe_ws/install/compare_flexbe_utilities/include/compare_flexbe_utilities/compare_flexbe_utilities/msg/rosidl_generator_cpp__visibility_control.hpp
-- Symlinking: /home/csrobot/flexbe_ws/install/compare_flexbe_utilities/include/compare_flexbe_utilities/compare_flexbe_utilities/srv/cartesian_move_to_pose.hpp
-- Symlinking: /home/csrobot/flexbe_ws/install/compare_flexbe_utilities/include/compare_flexbe_utilities/compare_flexbe_utilities/srv/detail/cartesian_move_to_pose__builder.hpp
-- Symlinking: /home/csrobot/flexbe_ws/install/compare_flexbe_utilities/include/compare_flexbe_utilities/compare_flexbe_utilities/srv/detail/cartesian_move_to_pose__struct.hpp
-- Symlinking: /home/csrobot/flexbe_ws/install/compare_flexbe_utilities/include/compare_flexbe_utilities/compare_flexbe_utilities/srv/detail/cartesian_move_to_pose__traits.hpp
-- Symlinking: /home/csrobot/flexbe_ws/install/compare_flexbe_utilities/include/compare_flexbe_utilities/compare_flexbe_utilities/srv/detail/cartesian_move_to_pose__type_support.hpp
-- Symlinking: /home/csrobot/flexbe_ws/install/compare_flexbe_utilities/include/compare_flexbe_utilities/compare_flexbe_utilities/srv/detail/euclidean_clustering__builder.hpp
-- Symlinking: /home/csrobot/flexbe_ws/install/compare_flexbe_utilities/include/compare_flexbe_utilities/compare_flexbe_utilities/srv/detail/euclidean_clustering__struct.hpp
-- Symlinking: /home/csrobot/flexbe_ws/install/compare_flexbe_utilities/include/compare_flexbe_utilities/compare_flexbe_utilities/srv/detail/euclidean_clustering__traits.hpp
-- Symlinking: /home/csrobot/flexbe_ws/install/compare_flexbe_utilities/include/compare_flexbe_utilities/compare_flexbe_utilities/srv/detail/euclidean_clustering__type_support.hpp
-- Symlinking: /home/csrobot/flexbe_ws/install/compare_flexbe_utilities/include/compare_flexbe_utilities/compare_flexbe_utilities/srv/detail/filter_by_indices__builder.hpp
-- Symlinking: /home/csrobot/flexbe_ws/install/compare_flexbe_utilities/include/compare_flexbe_utilities/compare_flexbe_utilities/srv/detail/filter_by_indices__struct.hpp
-- Symlinking: /home/csrobot/flexbe_ws/install/compare_flexbe_utilities/include/compare_flexbe_utilities/compare_flexbe_utilities/srv/detail/filter_by_indices__traits.hpp
-- Symlinking: /home/csrobot/flexbe_ws/install/compare_flexbe_utilities/include/compare_flexbe_utilities/compare_flexbe_utilities/srv/detail/filter_by_indices__type_support.hpp
-- Symlinking: /home/csrobot/flexbe_ws/install/compare_flexbe_utilities/include/compare_flexbe_utilities/compare_flexbe_utilities/srv/detail/get_point_cloud__builder.hpp
-- Symlinking: /home/csrobot/flexbe_ws/install/compare_flexbe_utilities/include/compare_flexbe_utilities/compare_flexbe_utilities/srv/detail/get_point_cloud__struct.hpp
-- Symlinking: /home/csrobot/flexbe_ws/install/compare_flexbe_utilities/include/compare_flexbe_utilities/compare_flexbe_utilities/srv/detail/get_point_cloud__traits.hpp
-- Symlinking: /home/csrobot/flexbe_ws/install/compare_flexbe_utilities/include/compare_flexbe_utilities/compare_flexbe_utilities/srv/detail/get_point_cloud__type_support.hpp
-- Symlinking: /home/csrobot/flexbe_ws/install/compare_flexbe_utilities/include/compare_flexbe_utilities/compare_flexbe_utilities/srv/detail/move_to_named_pose__builder.hpp
-- Symlinking: /home/csrobot/flexbe_ws/install/compare_flexbe_utilities/include/compare_flexbe_utilities/compare_flexbe_utilities/srv/detail/move_to_named_pose__struct.hpp
-- Symlinking: /home/csrobot/flexbe_ws/install/compare_flexbe_utilities/include/compare_flexbe_utilities/compare_flexbe_utilities/srv/detail/move_to_named_pose__traits.hpp
-- Symlinking: /home/csrobot/flexbe_ws/install/compare_flexbe_utilities/include/compare_flexbe_utilities/compare_flexbe_utilities/srv/detail/move_to_named_pose__type_support.hpp
-- Symlinking: /home/csrobot/flexbe_ws/install/compare_flexbe_utilities/include/compare_flexbe_utilities/compare_flexbe_utilities/srv/detail/move_to_pose__builder.hpp
-- Symlinking: /home/csrobot/flexbe_ws/install/compare_flexbe_utilities/include/compare_flexbe_utilities/compare_flexbe_utilities/srv/detail/move_to_pose__struct.hpp
-- Symlinking: /home/csrobot/flexbe_ws/install/compare_flexbe_utilities/include/compare_flexbe_utilities/compare_flexbe_utilities/srv/detail/move_to_pose__traits.hpp
-- Symlinking: /home/csrobot/flexbe_ws/install/compare_flexbe_utilities/include/compare_flexbe_utilities/compare_flexbe_utilities/srv/detail/move_to_pose__type_support.hpp
-- Symlinking: /home/csrobot/flexbe_ws/install/compare_flexbe_utilities/include/compare_flexbe_utilities/compare_flexbe_utilities/srv/detail/plane_segmentation__builder.hpp
-- Symlinking: /home/csrobot/flexbe_ws/install/compare_flexbe_utilities/include/compare_flexbe_utilities/compare_flexbe_utilities/srv/detail/plane_segmentation__struct.hpp
-- Symlinking: /home/csrobot/flexbe_ws/install/compare_flexbe_utilities/include/compare_flexbe_utilities/compare_flexbe_utilities/srv/detail/plane_segmentation__traits.hpp
-- Symlinking: /home/csrobot/flexbe_ws/install/compare_flexbe_utilities/include/compare_flexbe_utilities/compare_flexbe_utilities/srv/detail/plane_segmentation__type_support.hpp
-- Symlinking: /home/csrobot/flexbe_ws/install/compare_flexbe_utilities/include/compare_flexbe_utilities/compare_flexbe_utilities/srv/detail/voxel_grid_filter__builder.hpp
-- Symlinking: /home/csrobot/flexbe_ws/install/compare_flexbe_utilities/include/compare_flexbe_utilities/compare_flexbe_utilities/srv/detail/voxel_grid_filter__struct.hpp
-- Symlinking: /home/csrobot/flexbe_ws/install/compare_flexbe_utilities/include/compare_flexbe_utilities/compare_flexbe_utilities/srv/detail/voxel_grid_filter__traits.hpp
-- Symlinking: /home/csrobot/flexbe_ws/install/compare_flexbe_utilities/include/compare_flexbe_utilities/compare_flexbe_utilities/srv/detail/voxel_grid_filter__type_support.hpp
-- Symlinking: /home/csrobot/flexbe_ws/install/compare_flexbe_utilities/include/compare_flexbe_utilities/compare_flexbe_utilities/srv/euclidean_clustering.hpp
-- Symlinking: /home/csrobot/flexbe_ws/install/compare_flexbe_utilities/include/compare_flexbe_utilities/compare_flexbe_utilities/srv/filter_by_indices.hpp
-- Symlinking: /home/csrobot/flexbe_ws/install/compare_flexbe_utilities/include/compare_flexbe_utilities/compare_flexbe_utilities/srv/get_point_cloud.hpp
-- Symlinking: /home/csrobot/flexbe_ws/install/compare_flexbe_utilities/include/compare_flexbe_utilities/compare_flexbe_utilities/srv/move_to_named_pose.hpp
-- Symlinking: /home/csrobot/flexbe_ws/install/compare_flexbe_utilities/include/compare_flexbe_utilities/compare_flexbe_utilities/srv/move_to_pose.hpp
-- Symlinking: /home/csrobot/flexbe_ws/install/compare_flexbe_utilities/include/compare_flexbe_utilities/compare_flexbe_utilities/srv/plane_segmentation.hpp
-- Symlinking: /home/csrobot/flexbe_ws/install/compare_flexbe_utilities/include/compare_flexbe_utilities/compare_flexbe_utilities/srv/voxel_grid_filter.hpp
-- Symlinking: /home/csrobot/flexbe_ws/install/compare_flexbe_utilities/include/compare_flexbe_utilities/compare_flexbe_utilities/msg/rosidl_typesupport_fastrtps_cpp__visibility_control.h
-- Symlinking: /home/csrobot/flexbe_ws/install/compare_flexbe_utilities/include/compare_flexbe_utilities/compare_flexbe_utilities/srv/detail/cartesian_move_to_pose__rosidl_typesupport_fastrtps_cpp.hpp
-- Symlinking: /home/csrobot/flexbe_ws/install/compare_flexbe_utilities/include/compare_flexbe_utilities/compare_flexbe_utilities/srv/detail/euclidean_clustering__rosidl_typesupport_fastrtps_cpp.hpp
-- Symlinking: /home/csrobot/flexbe_ws/install/compare_flexbe_utilities/include/compare_flexbe_utilities/compare_flexbe_utilities/srv/detail/filter_by_indices__rosidl_typesupport_fastrtps_cpp.hpp
-- Symlinking: /home/csrobot/flexbe_ws/install/compare_flexbe_utilities/include/compare_flexbe_utilities/compare_flexbe_utilities/srv/detail/get_point_cloud__rosidl_typesupport_fastrtps_cpp.hpp
-- Symlinking: /home/csrobot/flexbe_ws/install/compare_flexbe_utilities/include/compare_flexbe_utilities/compare_flexbe_utilities/srv/detail/move_to_named_pose__rosidl_typesupport_fastrtps_cpp.hpp
-- Symlinking: /home/csrobot/flexbe_ws/install/compare_flexbe_utilities/include/compare_flexbe_utilities/compare_flexbe_utilities/srv/detail/move_to_pose__rosidl_typesupport_fastrtps_cpp.hpp
-- Symlinking: /home/csrobot/flexbe_ws/install/compare_flexbe_utilities/include/compare_flexbe_utilities/compare_flexbe_utilities/srv/detail/plane_segmentation__rosidl_typesupport_fastrtps_cpp.hpp
-- Symlinking: /home/csrobot/flexbe_ws/install/compare_flexbe_utilities/include/compare_flexbe_utilities/compare_flexbe_utilities/srv/detail/voxel_grid_filter__rosidl_typesupport_fastrtps_cpp.hpp
-- Symlinking: /home/csrobot/flexbe_ws/install/compare_flexbe_utilities/include/compare_flexbe_utilities/compare_flexbe_utilities/msg/rosidl_typesupport_introspection_c__visibility_control.h
-- Symlinking: /home/csrobot/flexbe_ws/install/compare_flexbe_utilities/include/compare_flexbe_utilities/compare_flexbe_utilities/srv/detail/cartesian_move_to_pose__rosidl_typesupport_introspection_c.h
-- Symlinking: /home/csrobot/flexbe_ws/install/compare_flexbe_utilities/include/compare_flexbe_utilities/compare_flexbe_utilities/srv/detail/euclidean_clustering__rosidl_typesupport_introspection_c.h
-- Symlinking: /home/csrobot/flexbe_ws/install/compare_flexbe_utilities/include/compare_flexbe_utilities/compare_flexbe_utilities/srv/detail/filter_by_indices__rosidl_typesupport_introspection_c.h
-- Symlinking: /home/csrobot/flexbe_ws/install/compare_flexbe_utilities/include/compare_flexbe_utilities/compare_flexbe_utilities/srv/detail/get_point_cloud__rosidl_typesupport_introspection_c.h
-- Symlinking: /home/csrobot/flexbe_ws/install/compare_flexbe_utilities/include/compare_flexbe_utilities/compare_flexbe_utilities/srv/detail/move_to_named_pose__rosidl_typesupport_introspection_c.h
-- Symlinking: /home/csrobot/flexbe_ws/install/compare_flexbe_utilities/include/compare_flexbe_utilities/compare_flexbe_utilities/srv/detail/move_to_pose__rosidl_typesupport_introspection_c.h
-- Symlinking: /home/csrobot/flexbe_ws/install/compare_flexbe_utilities/include/compare_flexbe_utilities/compare_flexbe_utilities/srv/detail/plane_segmentation__rosidl_typesupport_introspection_c.h
-- Symlinking: /home/csrobot/flexbe_ws/install/compare_flexbe_utilities/include/compare_flexbe_utilities/compare_flexbe_utilities/srv/detail/voxel_grid_filter__rosidl_typesupport_introspection_c.h
-- Symlinking: /home/csrobot/flexbe_ws/install/compare_flexbe_utilities/include/compare_flexbe_utilities/compare_flexbe_utilities/srv/detail/cartesian_move_to_pose__rosidl_typesupport_introspection_cpp.hpp
-- Symlinking: /home/csrobot/flexbe_ws/install/compare_flexbe_utilities/include/compare_flexbe_utilities/compare_flexbe_utilities/srv/detail/euclidean_clustering__rosidl_typesupport_introspection_cpp.hpp
-- Symlinking: /home/csrobot/flexbe_ws/install/compare_flexbe_utilities/include/compare_flexbe_utilities/compare_flexbe_utilities/srv/detail/filter_by_indices__rosidl_typesupport_introspection_cpp.hpp
-- Symlinking: /home/csrobot/flexbe_ws/install/compare_flexbe_utilities/include/compare_flexbe_utilities/compare_flexbe_utilities/srv/detail/get_point_cloud__rosidl_typesupport_introspection_cpp.hpp
-- Symlinking: /home/csrobot/flexbe_ws/install/compare_flexbe_utilities/include/compare_flexbe_utilities/compare_flexbe_utilities/srv/detail/move_to_named_pose__rosidl_typesupport_introspection_cpp.hpp
-- Symlinking: /home/csrobot/flexbe_ws/install/compare_flexbe_utilities/include/compare_flexbe_utilities/compare_flexbe_utilities/srv/detail/move_to_pose__rosidl_typesupport_introspection_cpp.hpp
-- Symlinking: /home/csrobot/flexbe_ws/install/compare_flexbe_utilities/include/compare_flexbe_utilities/compare_flexbe_utilities/srv/detail/plane_segmentation__rosidl_typesupport_introspection_cpp.hpp
-- Symlinking: /home/csrobot/flexbe_ws/install/compare_flexbe_utilities/include/compare_flexbe_utilities/compare_flexbe_utilities/srv/detail/voxel_grid_filter__rosidl_typesupport_introspection_cpp.hpp
-- Symlinking: /home/csrobot/flexbe_ws/install/compare_flexbe_utilities/share/compare_flexbe_utilities/environment/pythonpath.sh
-- Symlinking: /home/csrobot/flexbe_ws/install/compare_flexbe_utilities/share/compare_flexbe_utilities/environment/pythonpath.dsv
-- Symlinking: /home/csrobot/flexbe_ws/install/compare_flexbe_utilities/lib/python3.12/site-packages/compare_flexbe_utilities-0.0.0-py3.12.egg-info/PKG-INFO
-- Symlinking: /home/csrobot/flexbe_ws/install/compare_flexbe_utilities/lib/python3.12/site-packages/compare_flexbe_utilities-0.0.0-py3.12.egg-info/SOURCES.txt
-- Symlinking: /home/csrobot/flexbe_ws/install/compare_flexbe_utilities/lib/python3.12/site-packages/compare_flexbe_utilities-0.0.0-py3.12.egg-info/dependency_links.txt
-- Symlinking: /home/csrobot/flexbe_ws/install/compare_flexbe_utilities/lib/python3.12/site-packages/compare_flexbe_utilities-0.0.0-py3.12.egg-info/top_level.txt
-- Symlinking: /home/csrobot/flexbe_ws/install/compare_flexbe_utilities/lib/python3.12/site-packages/compare_flexbe_utilities/__init__.py
-- Symlinking: /home/csrobot/flexbe_ws/install/compare_flexbe_utilities/lib/python3.12/site-packages/compare_flexbe_utilities/_compare_flexbe_utilities_s.ep.rosidl_typesupport_c.c
-- Symlinking: /home/csrobot/flexbe_ws/install/compare_flexbe_utilities/lib/python3.12/site-packages/compare_flexbe_utilities/_compare_flexbe_utilities_s.ep.rosidl_typesupport_fastrtps_c.c
-- Symlinking: /home/csrobot/flexbe_ws/install/compare_flexbe_utilities/lib/python3.12/site-packages/compare_flexbe_utilities/_compare_flexbe_utilities_s.ep.rosidl_typesupport_introspection_c.c
-- Symlinking: /home/csrobot/flexbe_ws/install/compare_flexbe_utilities/lib/python3.12/site-packages/compare_flexbe_utilities/compare_flexbe_utilities_s__rosidl_typesupport_c.so
-- Symlinking: /home/csrobot/flexbe_ws/install/compare_flexbe_utilities/lib/python3.12/site-packages/compare_flexbe_utilities/compare_flexbe_utilities_s__rosidl_typesupport_fastrtps_c.so
-- Symlinking: /home/csrobot/flexbe_ws/install/compare_flexbe_utilities/lib/python3.12/site-packages/compare_flexbe_utilities/compare_flexbe_utilities_s__rosidl_typesupport_introspection_c.so
-- Symlinking: /home/csrobot/flexbe_ws/install/compare_flexbe_utilities/lib/python3.12/site-packages/compare_flexbe_utilities/srv/__init__.py
-- Symlinking: /home/csrobot/flexbe_ws/install/compare_flexbe_utilities/lib/python3.12/site-packages/compare_flexbe_utilities/srv/_cartesian_move_to_pose.py
-- Symlinking: /home/csrobot/flexbe_ws/install/compare_flexbe_utilities/lib/python3.12/site-packages/compare_flexbe_utilities/srv/_cartesian_move_to_pose_s.c
-- Symlinking: /home/csrobot/flexbe_ws/install/compare_flexbe_utilities/lib/python3.12/site-packages/compare_flexbe_utilities/srv/_euclidean_clustering.py
-- Symlinking: /home/csrobot/flexbe_ws/install/compare_flexbe_utilities/lib/python3.12/site-packages/compare_flexbe_utilities/srv/_euclidean_clustering_s.c
-- Symlinking: /home/csrobot/flexbe_ws/install/compare_flexbe_utilities/lib/python3.12/site-packages/compare_flexbe_utilities/srv/_filter_by_indices.py
-- Symlinking: /home/csrobot/flexbe_ws/install/compare_flexbe_utilities/lib/python3.12/site-packages/compare_flexbe_utilities/srv/_filter_by_indices_s.c
-- Symlinking: /home/csrobot/flexbe_ws/install/compare_flexbe_utilities/lib/python3.12/site-packages/compare_flexbe_utilities/srv/_get_point_cloud.py
-- Symlinking: /home/csrobot/flexbe_ws/install/compare_flexbe_utilities/lib/python3.12/site-packages/compare_flexbe_utilities/srv/_get_point_cloud_s.c
-- Symlinking: /home/csrobot/flexbe_ws/install/compare_flexbe_utilities/lib/python3.12/site-packages/compare_flexbe_utilities/srv/_move_to_named_pose.py
-- Symlinking: /home/csrobot/flexbe_ws/install/compare_flexbe_utilities/lib/python3.12/site-packages/compare_flexbe_utilities/srv/_move_to_named_pose_s.c
-- Symlinking: /home/csrobot/flexbe_ws/install/compare_flexbe_utilities/lib/python3.12/site-packages/compare_flexbe_utilities/srv/_move_to_pose.py
-- Symlinking: /home/csrobot/flexbe_ws/install/compare_flexbe_utilities/lib/python3.12/site-packages/compare_flexbe_utilities/srv/_move_to_pose_s.c
-- Symlinking: /home/csrobot/flexbe_ws/install/compare_flexbe_utilities/lib/python3.12/site-packages/compare_flexbe_utilities/srv/_plane_segmentation.py
-- Symlinking: /home/csrobot/flexbe_ws/install/compare_flexbe_utilities/lib/python3.12/site-packages/compare_flexbe_utilities/srv/_plane_segmentation_s.c
-- Symlinking: /home/csrobot/flexbe_ws/install/compare_flexbe_utilities/lib/python3.12/site-packages/compare_flexbe_utilities/srv/_voxel_grid_filter.py
-- Symlinking: /home/csrobot/flexbe_ws/install/compare_flexbe_utilities/lib/python3.12/site-packages/compare_flexbe_utilities/srv/_voxel_grid_filter_s.c
-- Up-to-date symlink: /home/csrobot/flexbe_ws/install/compare_flexbe_utilities/lib/python3.12/site-packages/compare_flexbe_utilities/compare_flexbe_utilities_s__rosidl_typesupport_fastrtps_c.so
-- Up-to-date symlink: /home/csrobot/flexbe_ws/install/compare_flexbe_utilities/lib/python3.12/site-packages/compare_flexbe_utilities/compare_flexbe_utilities_s__rosidl_typesupport_introspection_c.so
-- Up-to-date symlink: /home/csrobot/flexbe_ws/install/compare_flexbe_utilities/lib/python3.12/site-packages/compare_flexbe_utilities/compare_flexbe_utilities_s__rosidl_typesupport_c.so
-- Symlinking: /home/csrobot/flexbe_ws/install/compare_flexbe_utilities/share/compare_flexbe_utilities/srv/CartesianMoveToPose.idl
-- Symlinking: /home/csrobot/flexbe_ws/install/compare_flexbe_utilities/share/compare_flexbe_utilities/srv/MoveToNamedPose.idl
-- Symlinking: /home/csrobot/flexbe_ws/install/compare_flexbe_utilities/share/compare_flexbe_utilities/srv/MoveToPose.idl
-- Symlinking: /home/csrobot/flexbe_ws/install/compare_flexbe_utilities/share/compare_flexbe_utilities/srv/VoxelGridFilter.idl
-- Symlinking: /home/csrobot/flexbe_ws/install/compare_flexbe_utilities/share/compare_flexbe_utilities/srv/PlaneSegmentation.idl
-- Symlinking: /home/csrobot/flexbe_ws/install/compare_flexbe_utilities/share/compare_flexbe_utilities/srv/EuclideanClustering.idl
-- Symlinking: /home/csrobot/flexbe_ws/install/compare_flexbe_utilities/share/compare_flexbe_utilities/srv/GetPointCloud.idl
-- Symlinking: /home/csrobot/flexbe_ws/install/compare_flexbe_utilities/share/compare_flexbe_utilities/srv/FilterByIndices.idl
-- Symlinking: /home/csrobot/flexbe_ws/install/compare_flexbe_utilities/share/compare_flexbe_utilities/srv/CartesianMoveToPose.srv
-- Symlinking: /home/csrobot/flexbe_ws/install/compare_flexbe_utilities/share/compare_flexbe_utilities/srv/MoveToNamedPose.srv
-- Symlinking: /home/csrobot/flexbe_ws/install/compare_flexbe_utilities/share/compare_flexbe_utilities/srv/MoveToPose.srv
-- Symlinking: /home/csrobot/flexbe_ws/install/compare_flexbe_utilities/share/compare_flexbe_utilities/srv/VoxelGridFilter.srv
-- Symlinking: /home/csrobot/flexbe_ws/install/compare_flexbe_utilities/share/compare_flexbe_utilities/srv/PlaneSegmentation.srv
-- Symlinking: /home/csrobot/flexbe_ws/install/compare_flexbe_utilities/share/compare_flexbe_utilities/srv/EuclideanClustering.srv
-- Symlinking: /home/csrobot/flexbe_ws/install/compare_flexbe_utilities/share/compare_flexbe_utilities/srv/GetPointCloud.srv
-- Symlinking: /home/csrobot/flexbe_ws/install/compare_flexbe_utilities/share/compare_flexbe_utilities/srv/FilterByIndices.srv
-- Symlinking: /home/csrobot/flexbe_ws/install/compare_flexbe_utilities/lib/compare_flexbe_utilities/cartesian_move_to_pose_service
-- Symlinking: /home/csrobot/flexbe_ws/install/compare_flexbe_utilities/lib/compare_flexbe_utilities/move_to_named_pose_service
-- Symlinking: /home/csrobot/flexbe_ws/install/compare_flexbe_utilities/lib/compare_flexbe_utilities/move_to_pose_service
-- Symlinking: /home/csrobot/flexbe_ws/install/compare_flexbe_utilities/lib/compare_flexbe_utilities/voxel_grid_filter_service
-- Symlinking: /home/csrobot/flexbe_ws/install/compare_flexbe_utilities/lib/compare_flexbe_utilities/plane_segmentation_service
-- Symlinking: /home/csrobot/flexbe_ws/install/compare_flexbe_utilities/lib/compare_flexbe_utilities/euclidean_clustering_service
-- Symlinking: /home/csrobot/flexbe_ws/install/compare_flexbe_utilities/lib/compare_flexbe_utilities/get_point_cloud_service
-- Symlinking: /home/csrobot/flexbe_ws/install/compare_flexbe_utilities/lib/compare_flexbe_utilities/filter_by_indices_service
-- Symlinking: /home/csrobot/flexbe_ws/install/compare_flexbe_utilities/share/ament_index/resource_index/package_run_dependencies/compare_flexbe_utilities
-- Symlinking: /home/csrobot/flexbe_ws/install/compare_flexbe_utilities/share/ament_index/resource_index/parent_prefix_path/compare_flexbe_utilities
-- Symlinking: /home/csrobot/flexbe_ws/install/compare_flexbe_utilities/share/compare_flexbe_utilities/environment/ament_prefix_path.sh
-- Symlinking: /home/csrobot/flexbe_ws/install/compare_flexbe_utilities/share/compare_flexbe_utilities/environment/ament_prefix_path.dsv
-- Symlinking: /home/csrobot/flexbe_ws/install/compare_flexbe_utilities/share/compare_flexbe_utilities/environment/path.sh
-- Symlinking: /home/csrobot/flexbe_ws/install/compare_flexbe_utilities/share/compare_flexbe_utilities/environment/path.dsv
-- Symlinking: /home/csrobot/flexbe_ws/install/compare_flexbe_utilities/share/compare_flexbe_utilities/local_setup.bash
-- Symlinking: /home/csrobot/flexbe_ws/install/compare_flexbe_utilities/share/compare_flexbe_utilities/local_setup.sh
-- Symlinking: /home/csrobot/flexbe_ws/install/compare_flexbe_utilities/share/compare_flexbe_utilities/local_setup.zsh
-- Symlinking: /home/csrobot/flexbe_ws/install/compare_flexbe_utilities/share/compare_flexbe_utilities/local_setup.dsv
-- Symlinking: /home/csrobot/flexbe_ws/install/compare_flexbe_utilities/share/compare_flexbe_utilities/package.dsv
-- Symlinking: /home/csrobot/flexbe_ws/install/compare_flexbe_utilities/share/ament_index/resource_index/packages/compare_flexbe_utilities
-- Symlinking: /home/csrobot/flexbe_ws/install/compare_flexbe_utilities/share/compare_flexbe_utilities/cmake/rosidl_cmake-extras.cmake
-- Symlinking: /home/csrobot/flexbe_ws/install/compare_flexbe_utilities/share/compare_flexbe_utilities/cmake/ament_cmake_export_dependencies-extras.cmake
-- Symlinking: /home/csrobot/flexbe_ws/install/compare_flexbe_utilities/share/compare_flexbe_utilities/cmake/ament_cmake_export_include_directories-extras.cmake
-- Symlinking: /home/csrobot/flexbe_ws/install/compare_flexbe_utilities/share/compare_flexbe_utilities/cmake/ament_cmake_export_libraries-extras.cmake
-- Symlinking: /home/csrobot/flexbe_ws/install/compare_flexbe_utilities/share/compare_flexbe_utilities/cmake/ament_cmake_export_targets-extras.cmake
-- Symlinking: /home/csrobot/flexbe_ws/install/compare_flexbe_utilities/share/compare_flexbe_utilities/cmake/rosidl_cmake_export_typesupport_targets-extras.cmake
-- Symlinking: /home/csrobot/flexbe_ws/install/compare_flexbe_utilities/share/compare_flexbe_utilities/cmake/rosidl_cmake_export_typesupport_libraries-extras.cmake
-- Symlinking: /home/csrobot/flexbe_ws/install/compare_flexbe_utilities/share/compare_flexbe_utilities/cmake/compare_flexbe_utilitiesConfig.cmake
-- Symlinking: /home/csrobot/flexbe_ws/install/compare_flexbe_utilities/share/compare_flexbe_utilities/cmake/compare_flexbe_utilitiesConfig-version.cmake
-- Symlinking: /home/csrobot/flexbe_ws/install/compare_flexbe_utilities/share/compare_flexbe_utilities/package.xml
-- Installing: /home/csrobot/flexbe_ws/install/compare_flexbe_utilities/lib/libcompare_flexbe_utilities__rosidl_generator_c.so
-- Set non-toolchain portion of runtime path of "/home/csrobot/flexbe_ws/install/compare_flexbe_utilities/lib/libcompare_flexbe_utilities__rosidl_generator_c.so" to ""
-- Installing: /home/csrobot/flexbe_ws/install/compare_flexbe_utilities/lib/libcompare_flexbe_utilities__rosidl_typesupport_fastrtps_c.so
-- Set non-toolchain portion of runtime path of "/home/csrobot/flexbe_ws/install/compare_flexbe_utilities/lib/libcompare_flexbe_utilities__rosidl_typesupport_fastrtps_c.so" to ""
-- Installing: /home/csrobot/flexbe_ws/install/compare_flexbe_utilities/lib/libcompare_flexbe_utilities__rosidl_typesupport_fastrtps_cpp.so
-- Set non-toolchain portion of runtime path of "/home/csrobot/flexbe_ws/install/compare_flexbe_utilities/lib/libcompare_flexbe_utilities__rosidl_typesupport_fastrtps_cpp.so" to ""
-- Installing: /home/csrobot/flexbe_ws/install/compare_flexbe_utilities/lib/libcompare_flexbe_utilities__rosidl_typesupport_introspection_c.so
-- Set non-toolchain portion of runtime path of "/home/csrobot/flexbe_ws/install/compare_flexbe_utilities/lib/libcompare_flexbe_utilities__rosidl_typesupport_introspection_c.so" to ""
-- Installing: /home/csrobot/flexbe_ws/install/compare_flexbe_utilities/lib/libcompare_flexbe_utilities__rosidl_typesupport_c.so
-- Set non-toolchain portion of runtime path of "/home/csrobot/flexbe_ws/install/compare_flexbe_utilities/lib/libcompare_flexbe_utilities__rosidl_typesupport_c.so" to ""
-- Installing: /home/csrobot/flexbe_ws/install/compare_flexbe_utilities/lib/libcompare_flexbe_utilities__rosidl_typesupport_introspection_cpp.so
-- Set non-toolchain portion of runtime path of "/home/csrobot/flexbe_ws/install/compare_flexbe_utilities/lib/libcompare_flexbe_utilities__rosidl_typesupport_introspection_cpp.so" to ""
-- Installing: /home/csrobot/flexbe_ws/install/compare_flexbe_utilities/lib/libcompare_flexbe_utilities__rosidl_typesupport_cpp.so
-- Set non-toolchain portion of runtime path of "/home/csrobot/flexbe_ws/install/compare_flexbe_utilities/lib/libcompare_flexbe_utilities__rosidl_typesupport_cpp.so" to ""
Listing '/home/csrobot/flexbe_ws/install/compare_flexbe_utilities/lib/python3.12/site-packages/compare_flexbe_utilities'...
Compiling '/home/csrobot/flexbe_ws/install/compare_flexbe_utilities/lib/python3.12/site-packages/compare_flexbe_utilities/__init__.py'...
Listing '/home/csrobot/flexbe_ws/install/compare_flexbe_utilities/lib/python3.12/site-packages/compare_flexbe_utilities/srv'...
Compiling '/home/csrobot/flexbe_ws/install/compare_flexbe_utilities/lib/python3.12/site-packages/compare_flexbe_utilities/srv/__init__.py'...
Compiling '/home/csrobot/flexbe_ws/install/compare_flexbe_utilities/lib/python3.12/site-packages/compare_flexbe_utilities/srv/_cartesian_move_to_pose.py'...
Compiling '/home/csrobot/flexbe_ws/install/compare_flexbe_utilities/lib/python3.12/site-packages/compare_flexbe_utilities/srv/_euclidean_clustering.py'...
Compiling '/home/csrobot/flexbe_ws/install/compare_flexbe_utilities/lib/python3.12/site-packages/compare_flexbe_utilities/srv/_filter_by_indices.py'...
Compiling '/home/csrobot/flexbe_ws/install/compare_flexbe_utilities/lib/python3.12/site-packages/compare_flexbe_utilities/srv/_get_point_cloud.py'...
Compiling '/home/csrobot/flexbe_ws/install/compare_flexbe_utilities/lib/python3.12/site-packages/compare_flexbe_utilities/srv/_move_to_named_pose.py'...
Compiling '/home/csrobot/flexbe_ws/install/compare_flexbe_utilities/lib/python3.12/site-packages/compare_flexbe_utilities/srv/_move_to_pose.py'...
Compiling '/home/csrobot/flexbe_ws/install/compare_flexbe_utilities/lib/python3.12/site-packages/compare_flexbe_utilities/srv/_plane_segmentation.py'...
Compiling '/home/csrobot/flexbe_ws/install/compare_flexbe_utilities/lib/python3.12/site-packages/compare_flexbe_utilities/srv/_voxel_grid_filter.py'...
-- Installing: /home/csrobot/flexbe_ws/install/compare_flexbe_utilities/lib/libcompare_flexbe_utilities__rosidl_generator_py.so
-- Set non-toolchain portion of runtime path of "/home/csrobot/flexbe_ws/install/compare_flexbe_utilities/lib/libcompare_flexbe_utilities__rosidl_generator_py.so" to ""
-- Installing: /home/csrobot/flexbe_ws/install/compare_flexbe_utilities/share/compare_flexbe_utilities/cmake/export_compare_flexbe_utilities__rosidl_generator_cExport.cmake
-- Installing: /home/csrobot/flexbe_ws/install/compare_flexbe_utilities/share/compare_flexbe_utilities/cmake/export_compare_flexbe_utilities__rosidl_generator_cExport-noconfig.cmake
-- Installing: /home/csrobot/flexbe_ws/install/compare_flexbe_utilities/share/compare_flexbe_utilities/cmake/export_compare_flexbe_utilities__rosidl_typesupport_fastrtps_cExport.cmake
-- Installing: /home/csrobot/flexbe_ws/install/compare_flexbe_utilities/share/compare_flexbe_utilities/cmake/export_compare_flexbe_utilities__rosidl_typesupport_fastrtps_cExport-noconfig.cmake
-- Installing: /home/csrobot/flexbe_ws/install/compare_flexbe_utilities/share/compare_flexbe_utilities/cmake/export_compare_flexbe_utilities__rosidl_generator_cppExport.cmake
-- Installing: /home/csrobot/flexbe_ws/install/compare_flexbe_utilities/share/compare_flexbe_utilities/cmake/export_compare_flexbe_utilities__rosidl_typesupport_fastrtps_cppExport.cmake
-- Installing: /home/csrobot/flexbe_ws/install/compare_flexbe_utilities/share/compare_flexbe_utilities/cmake/export_compare_flexbe_utilities__rosidl_typesupport_fastrtps_cppExport-noconfig.cmake
-- Installing: /home/csrobot/flexbe_ws/install/compare_flexbe_utilities/share/compare_flexbe_utilities/cmake/compare_flexbe_utilities__rosidl_typesupport_introspection_cExport.cmake
-- Installing: /home/csrobot/flexbe_ws/install/compare_flexbe_utilities/share/compare_flexbe_utilities/cmake/compare_flexbe_utilities__rosidl_typesupport_introspection_cExport-noconfig.cmake
-- Installing: /home/csrobot/flexbe_ws/install/compare_flexbe_utilities/share/compare_flexbe_utilities/cmake/compare_flexbe_utilities__rosidl_typesupport_cExport.cmake
-- Installing: /home/csrobot/flexbe_ws/install/compare_flexbe_utilities/share/compare_flexbe_utilities/cmake/compare_flexbe_utilities__rosidl_typesupport_cExport-noconfig.cmake
-- Installing: /home/csrobot/flexbe_ws/install/compare_flexbe_utilities/share/compare_flexbe_utilities/cmake/compare_flexbe_utilities__rosidl_typesupport_introspection_cppExport.cmake
-- Installing: /home/csrobot/flexbe_ws/install/compare_flexbe_utilities/share/compare_flexbe_utilities/cmake/compare_flexbe_utilities__rosidl_typesupport_introspection_cppExport-noconfig.cmake
-- Installing: /home/csrobot/flexbe_ws/install/compare_flexbe_utilities/share/compare_flexbe_utilities/cmake/compare_flexbe_utilities__rosidl_typesupport_cppExport.cmake
-- Installing: /home/csrobot/flexbe_ws/install/compare_flexbe_utilities/share/compare_flexbe_utilities/cmake/compare_flexbe_utilities__rosidl_typesupport_cppExport-noconfig.cmake
-- Installing: /home/csrobot/flexbe_ws/install/compare_flexbe_utilities/share/compare_flexbe_utilities/cmake/export_compare_flexbe_utilities__rosidl_generator_pyExport.cmake
-- Installing: /home/csrobot/flexbe_ws/install/compare_flexbe_utilities/share/compare_flexbe_utilities/cmake/export_compare_flexbe_utilities__rosidl_generator_pyExport-noconfig.cmake
