[3.704s] Invoking command in '/home/csrobot/flexbe_ws/build/flexbe_webui': AMENT_PREFIX_PATH=/home/csrobot/flexbe_ws/install/flexbe_core:/home/csrobot/flexbe_ws/install/flexbe_msgs:${AMENT_PREFIX_PATH} CMAKE_PREFIX_PATH=/home/csrobot/flexbe_ws/install/flexbe_msgs:${CMAKE_PREFIX_PATH} DEBUGINFOD_URLS=https://debuginfod.ubuntu.com LD_LIBRARY_PATH=/home/csrobot/flexbe_ws/install/flexbe_msgs/lib:${LD_LIBRARY_PATH} PYTHONPATH=/home/csrobot/flexbe_ws/build/flexbe_webui/prefix_override:/usr/lib/python3/dist-packages/colcon_core/task/python/colcon_distutils_commands:/home/csrobot/flexbe_ws/install/flexbe_webui/lib/python3.12/site-packages:/home/csrobot/flexbe_ws/build/flexbe_core:/home/csrobot/flexbe_ws/install/flexbe_core/lib/python3.12/site-packages:/home/csrobot/flexbe_ws/install/flexbe_msgs/lib/python3.12/site-packages:${PYTHONPATH} /usr/bin/python3 -W ignore:setup.py install is deprecated -W ignore:easy_install command is deprecated setup.py develop --editable --build-directory /home/csrobot/flexbe_ws/build/flexbe_webui/build --no-deps symlink_data
[4.999s] running develop
[5.489s] /usr/lib/python3/dist-packages/setuptools/command/easy_install.py:363: UserWarning: Unbuilt egg for pytest-repeat [unknown version] (/usr/lib/python3/dist-packages)
[5.489s]   self.local_index = Environment(self.shadow_path + sys.path)
[5.619s] running egg_info
[5.622s] creating flexbe_webui.egg-info
[5.669s] writing flexbe_webui.egg-info/PKG-INFO
[5.669s] writing dependency_links to flexbe_webui.egg-info/dependency_links.txt
[5.673s] writing entry points to flexbe_webui.egg-info/entry_points.txt
[5.673s] writing requirements to flexbe_webui.egg-info/requires.txt
[5.673s] writing top-level names to flexbe_webui.egg-info/top_level.txt
[5.673s] writing manifest file 'flexbe_webui.egg-info/SOURCES.txt'
[5.818s] reading manifest file 'flexbe_webui.egg-info/SOURCES.txt'
[5.826s] writing manifest file 'flexbe_webui.egg-info/SOURCES.txt'
[5.909s] running build_ext
[5.909s] Creating /home/csrobot/flexbe_ws/install/flexbe_webui/lib/python3.12/site-packages/flexbe-webui.egg-link (link to .)
[5.909s] Installing webui_client script to /home/csrobot/flexbe_ws/install/flexbe_webui/lib/flexbe_webui
[5.913s] Installing webui_node script to /home/csrobot/flexbe_ws/install/flexbe_webui/lib/flexbe_webui
[5.913s] Installing webui_server script to /home/csrobot/flexbe_ws/install/flexbe_webui/lib/flexbe_webui
[5.913s] 
[5.913s] Installed /home/csrobot/flexbe_ws/build/flexbe_webui
[5.913s] running symlink_data
[5.913s] creating /home/csrobot/flexbe_ws/install/flexbe_webui/share/ament_index
[5.917s] creating /home/csrobot/flexbe_ws/install/flexbe_webui/share/ament_index/resource_index
[5.917s] creating /home/csrobot/flexbe_ws/install/flexbe_webui/share/ament_index/resource_index/packages
[5.917s] symbolically linking /home/csrobot/flexbe_ws/build/flexbe_webui/resource/flexbe_webui -> /home/csrobot/flexbe_ws/install/flexbe_webui/share/ament_index/resource_index/packages
[5.919s] symbolically linking /home/csrobot/flexbe_ws/build/flexbe_webui/package.xml -> /home/csrobot/flexbe_ws/install/flexbe_webui/share/flexbe_webui
[5.919s] creating /home/csrobot/flexbe_ws/install/flexbe_webui/share/flexbe_webui/launch
[5.919s] symbolically linking /home/csrobot/flexbe_ws/build/flexbe_webui/launch/flexbe_ocs.launch.py -> /home/csrobot/flexbe_ws/install/flexbe_webui/share/flexbe_webui/launch
[5.919s] symbolically linking /home/csrobot/flexbe_ws/build/flexbe_webui/launch/flexbe_full.launch.py -> /home/csrobot/flexbe_ws/install/flexbe_webui/share/flexbe_webui/launch
[5.919s] creating /home/csrobot/flexbe_ws/install/flexbe_webui/share/flexbe_webui/config
[5.919s] symbolically linking /home/csrobot/flexbe_ws/build/flexbe_webui/config/flexbe_webui_config.json -> /home/csrobot/flexbe_ws/install/flexbe_webui/share/flexbe_webui/config
[5.919s] creating /home/csrobot/flexbe_ws/install/flexbe_webui/share/flexbe_webui/app
[5.919s] symbolically linking /home/csrobot/flexbe_ws/build/flexbe_webui/flexbe_webui/app/events.js -> /home/csrobot/flexbe_ws/install/flexbe_webui/share/flexbe_webui/app
[5.919s] symbolically linking /home/csrobot/flexbe_ws/build/flexbe_webui/flexbe_webui/app/window.js -> /home/csrobot/flexbe_ws/install/flexbe_webui/share/flexbe_webui/app
[5.920s] symbolically linking /home/csrobot/flexbe_ws/build/flexbe_webui/flexbe_webui/app/prototype.js -> /home/csrobot/flexbe_ws/install/flexbe_webui/share/flexbe_webui/app
[5.920s] symbolically linking /home/csrobot/flexbe_ws/build/flexbe_webui/flexbe_webui/app/window.html -> /home/csrobot/flexbe_ws/install/flexbe_webui/share/flexbe_webui/app
[5.920s] symbolically linking /home/csrobot/flexbe_ws/build/flexbe_webui/flexbe_webui/app/api.js -> /home/csrobot/flexbe_ws/install/flexbe_webui/share/flexbe_webui/app
[5.920s] creating /home/csrobot/flexbe_ws/install/flexbe_webui/share/flexbe_webui/app/io
[5.920s] symbolically linking /home/csrobot/flexbe_ws/build/flexbe_webui/flexbe_webui/app/io/io_modelgenerator.js -> /home/csrobot/flexbe_ws/install/flexbe_webui/share/flexbe_webui/app/io
[5.928s] symbolically linking /home/csrobot/flexbe_ws/build/flexbe_webui/flexbe_webui/app/io/io_codeparser.js -> /home/csrobot/flexbe_ws/install/flexbe_webui/share/flexbe_webui/app/io
[5.928s] symbolically linking /home/csrobot/flexbe_ws/build/flexbe_webui/flexbe_webui/app/io/io_behaviorsaver.js -> /home/csrobot/flexbe_ws/install/flexbe_webui/share/flexbe_webui/app/io
[5.928s] symbolically linking /home/csrobot/flexbe_ws/build/flexbe_webui/flexbe_webui/app/io/io_behaviorloader.js -> /home/csrobot/flexbe_ws/install/flexbe_webui/share/flexbe_webui/app/io
[5.928s] symbolically linking /home/csrobot/flexbe_ws/build/flexbe_webui/flexbe_webui/app/io/io_manifestparser.js -> /home/csrobot/flexbe_ws/install/flexbe_webui/share/flexbe_webui/app/io
[5.928s] symbolically linking /home/csrobot/flexbe_ws/build/flexbe_webui/flexbe_webui/app/io/io.js -> /home/csrobot/flexbe_ws/install/flexbe_webui/share/flexbe_webui/app/io
[5.928s] symbolically linking /home/csrobot/flexbe_ws/build/flexbe_webui/flexbe_webui/app/io/io_filesystem.js -> /home/csrobot/flexbe_ws/install/flexbe_webui/share/flexbe_webui/app/io
[5.928s] symbolically linking /home/csrobot/flexbe_ws/build/flexbe_webui/flexbe_webui/app/io/io_stateparser.js -> /home/csrobot/flexbe_ws/install/flexbe_webui/share/flexbe_webui/app/io
[5.928s] creating /home/csrobot/flexbe_ws/install/flexbe_webui/share/flexbe_webui/app/ext
[5.928s] symbolically linking /home/csrobot/flexbe_ws/build/flexbe_webui/flexbe_webui/app/ext/dagre.min.js -> /home/csrobot/flexbe_ws/install/flexbe_webui/share/flexbe_webui/app/ext
[5.928s] symbolically linking /home/csrobot/flexbe_ws/build/flexbe_webui/flexbe_webui/app/ext/mousetrap.min.js -> /home/csrobot/flexbe_ws/install/flexbe_webui/share/flexbe_webui/app/ext
[5.929s] symbolically linking /home/csrobot/flexbe_ws/build/flexbe_webui/flexbe_webui/app/ext/yaml.min.js -> /home/csrobot/flexbe_ws/install/flexbe_webui/share/flexbe_webui/app/ext
[5.929s] symbolically linking /home/csrobot/flexbe_ws/build/flexbe_webui/flexbe_webui/app/ext/raphael.js -> /home/csrobot/flexbe_ws/install/flexbe_webui/share/flexbe_webui/app/ext
[5.929s] symbolically linking /home/csrobot/flexbe_ws/build/flexbe_webui/flexbe_webui/app/ext/d3.min.js -> /home/csrobot/flexbe_ws/install/flexbe_webui/share/flexbe_webui/app/ext
[5.929s] symbolically linking /home/csrobot/flexbe_ws/build/flexbe_webui/flexbe_webui/app/ext/mousetrap-global-bind.min.js -> /home/csrobot/flexbe_ws/install/flexbe_webui/share/flexbe_webui/app/ext
[5.929s] symbolically linking /home/csrobot/flexbe_ws/build/flexbe_webui/flexbe_webui/app/ext/json_parse_raw.js -> /home/csrobot/flexbe_ws/install/flexbe_webui/share/flexbe_webui/app/ext
[5.929s] creating /home/csrobot/flexbe_ws/install/flexbe_webui/share/flexbe_webui/app/ws
[5.929s] symbolically linking /home/csrobot/flexbe_ws/build/flexbe_webui/flexbe_webui/app/ws/ws_documentation.js -> /home/csrobot/flexbe_ws/install/flexbe_webui/share/flexbe_webui/app/ws
[5.929s] symbolically linking /home/csrobot/flexbe_ws/build/flexbe_webui/flexbe_webui/app/ws/ws_statedefinition.js -> /home/csrobot/flexbe_ws/install/flexbe_webui/share/flexbe_webui/app/ws
[5.929s] symbolically linking /home/csrobot/flexbe_ws/build/flexbe_webui/flexbe_webui/app/ws/ws_behaviorlib.js -> /home/csrobot/flexbe_ws/install/flexbe_webui/share/flexbe_webui/app/ws
[5.929s] symbolically linking /home/csrobot/flexbe_ws/build/flexbe_webui/flexbe_webui/app/ws/ws_statelib.js -> /home/csrobot/flexbe_ws/install/flexbe_webui/share/flexbe_webui/app/ws
[5.929s] symbolically linking /home/csrobot/flexbe_ws/build/flexbe_webui/flexbe_webui/app/ws/ws_behaviorstatedefinition.js -> /home/csrobot/flexbe_ws/install/flexbe_webui/share/flexbe_webui/app/ws
[5.930s] symbolically linking /home/csrobot/flexbe_ws/build/flexbe_webui/flexbe_webui/app/ws/ws_statemachinedefinition.js -> /home/csrobot/flexbe_ws/install/flexbe_webui/share/flexbe_webui/app/ws
[5.930s] symbolically linking /home/csrobot/flexbe_ws/build/flexbe_webui/flexbe_webui/app/ws/ws.js -> /home/csrobot/flexbe_ws/install/flexbe_webui/share/flexbe_webui/app/ws
[5.930s] creating /home/csrobot/flexbe_ws/install/flexbe_webui/share/flexbe_webui/app/ros
[5.930s] symbolically linking /home/csrobot/flexbe_ws/build/flexbe_webui/flexbe_webui/app/ros/ros_publisher.js -> /home/csrobot/flexbe_ws/install/flexbe_webui/share/flexbe_webui/app/ros
[5.930s] symbolically linking /home/csrobot/flexbe_ws/build/flexbe_webui/flexbe_webui/app/ros/ros_actionclient.js -> /home/csrobot/flexbe_ws/install/flexbe_webui/share/flexbe_webui/app/ros
[5.930s] symbolically linking /home/csrobot/flexbe_ws/build/flexbe_webui/flexbe_webui/app/ros/ros_subscriber.js -> /home/csrobot/flexbe_ws/install/flexbe_webui/share/flexbe_webui/app/ros
[5.930s] symbolically linking /home/csrobot/flexbe_ws/build/flexbe_webui/flexbe_webui/app/ros/ros.js -> /home/csrobot/flexbe_ws/install/flexbe_webui/share/flexbe_webui/app/ros
[5.930s] creating /home/csrobot/flexbe_ws/install/flexbe_webui/share/flexbe_webui/app/drawable
[5.930s] symbolically linking /home/csrobot/flexbe_ws/build/flexbe_webui/flexbe_webui/app/drawable/drawable_state.js -> /home/csrobot/flexbe_ws/install/flexbe_webui/share/flexbe_webui/app/drawable
[5.933s] symbolically linking /home/csrobot/flexbe_ws/build/flexbe_webui/flexbe_webui/app/drawable/drawable_note.js -> /home/csrobot/flexbe_ws/install/flexbe_webui/share/flexbe_webui/app/drawable
[5.934s] symbolically linking /home/csrobot/flexbe_ws/build/flexbe_webui/flexbe_webui/app/drawable/drawable_behaviorstate.js -> /home/csrobot/flexbe_ws/install/flexbe_webui/share/flexbe_webui/app/drawable
[5.934s] symbolically linking /home/csrobot/flexbe_ws/build/flexbe_webui/flexbe_webui/app/drawable/drawable_transition.js -> /home/csrobot/flexbe_ws/install/flexbe_webui/share/flexbe_webui/app/drawable
[5.934s] symbolically linking /home/csrobot/flexbe_ws/build/flexbe_webui/flexbe_webui/app/drawable/drawable.js -> /home/csrobot/flexbe_ws/install/flexbe_webui/share/flexbe_webui/app/drawable
[5.934s] symbolically linking /home/csrobot/flexbe_ws/build/flexbe_webui/flexbe_webui/app/drawable/drawable_helper.js -> /home/csrobot/flexbe_ws/install/flexbe_webui/share/flexbe_webui/app/drawable
[5.934s] symbolically linking /home/csrobot/flexbe_ws/build/flexbe_webui/flexbe_webui/app/drawable/drawable_statemachine.js -> /home/csrobot/flexbe_ws/install/flexbe_webui/share/flexbe_webui/app/drawable
[5.934s] symbolically linking /home/csrobot/flexbe_ws/build/flexbe_webui/flexbe_webui/app/drawable/drawable_outcome.js -> /home/csrobot/flexbe_ws/install/flexbe_webui/share/flexbe_webui/app/drawable
[5.934s] symbolically linking /home/csrobot/flexbe_ws/build/flexbe_webui/flexbe_webui/app/drawable/drawable_containerpath.js -> /home/csrobot/flexbe_ws/install/flexbe_webui/share/flexbe_webui/app/drawable
[5.934s] creating /home/csrobot/flexbe_ws/install/flexbe_webui/share/flexbe_webui/app/ui
[5.934s] symbolically linking /home/csrobot/flexbe_ws/build/flexbe_webui/flexbe_webui/app/ui/ui_feed.js -> /home/csrobot/flexbe_ws/install/flexbe_webui/share/flexbe_webui/app/ui
[5.934s] symbolically linking /home/csrobot/flexbe_ws/build/flexbe_webui/flexbe_webui/app/ui/ui_tools.js -> /home/csrobot/flexbe_ws/install/flexbe_webui/share/flexbe_webui/app/ui
[5.934s] symbolically linking /home/csrobot/flexbe_ws/build/flexbe_webui/flexbe_webui/app/ui/ui_runtimecontrol.js -> /home/csrobot/flexbe_ws/install/flexbe_webui/share/flexbe_webui/app/ui
[5.935s] symbolically linking /home/csrobot/flexbe_ws/build/flexbe_webui/flexbe_webui/app/ui/ui_statemachine.js -> /home/csrobot/flexbe_ws/install/flexbe_webui/share/flexbe_webui/app/ui
[5.935s] symbolically linking /home/csrobot/flexbe_ws/build/flexbe_webui/flexbe_webui/app/ui/ui_dashboard.js -> /home/csrobot/flexbe_ws/install/flexbe_webui/share/flexbe_webui/app/ui
[5.935s] symbolically linking /home/csrobot/flexbe_ws/build/flexbe_webui/flexbe_webui/app/ui/ui.js -> /home/csrobot/flexbe_ws/install/flexbe_webui/share/flexbe_webui/app/ui
[5.935s] symbolically linking /home/csrobot/flexbe_ws/build/flexbe_webui/flexbe_webui/app/ui/ui_settings.js -> /home/csrobot/flexbe_ws/install/flexbe_webui/share/flexbe_webui/app/ui
[5.935s] symbolically linking /home/csrobot/flexbe_ws/build/flexbe_webui/flexbe_webui/app/ui/ui_menu.js -> /home/csrobot/flexbe_ws/install/flexbe_webui/share/flexbe_webui/app/ui
[5.935s] creating /home/csrobot/flexbe_ws/install/flexbe_webui/share/flexbe_webui/app/ui/panels
[5.935s] symbolically linking /home/csrobot/flexbe_ws/build/flexbe_webui/flexbe_webui/app/ui/panels/ui_panels.js -> /home/csrobot/flexbe_ws/install/flexbe_webui/share/flexbe_webui/app/ui/panels
[5.935s] symbolically linking /home/csrobot/flexbe_ws/build/flexbe_webui/flexbe_webui/app/ui/panels/ui_panels_terminal.js -> /home/csrobot/flexbe_ws/install/flexbe_webui/share/flexbe_webui/app/ui/panels
[5.935s] symbolically linking /home/csrobot/flexbe_ws/build/flexbe_webui/flexbe_webui/app/ui/panels/ui_panels_selectbehavior.js -> /home/csrobot/flexbe_ws/install/flexbe_webui/share/flexbe_webui/app/ui/panels
[5.943s] symbolically linking /home/csrobot/flexbe_ws/build/flexbe_webui/flexbe_webui/app/ui/panels/ui_panels_stateproperties.js -> /home/csrobot/flexbe_ws/install/flexbe_webui/share/flexbe_webui/app/ui/panels
[5.943s] symbolically linking /home/csrobot/flexbe_ws/build/flexbe_webui/flexbe_webui/app/ui/panels/ui_panels_addstate.js -> /home/csrobot/flexbe_ws/install/flexbe_webui/share/flexbe_webui/app/ui/panels
[5.943s] creating /home/csrobot/flexbe_ws/install/flexbe_webui/share/flexbe_webui/app/_model
[5.943s] symbolically linking /home/csrobot/flexbe_ws/build/flexbe_webui/flexbe_webui/app/_model/behavior.js -> /home/csrobot/flexbe_ws/install/flexbe_webui/share/flexbe_webui/app/_model
[5.943s] symbolically linking /home/csrobot/flexbe_ws/build/flexbe_webui/flexbe_webui/app/_model/note.js -> /home/csrobot/flexbe_ws/install/flexbe_webui/share/flexbe_webui/app/_model
[5.943s] symbolically linking /home/csrobot/flexbe_ws/build/flexbe_webui/flexbe_webui/app/_model/statemachine.js -> /home/csrobot/flexbe_ws/install/flexbe_webui/share/flexbe_webui/app/_model
[5.943s] symbolically linking /home/csrobot/flexbe_ws/build/flexbe_webui/flexbe_webui/app/_model/state.js -> /home/csrobot/flexbe_ws/install/flexbe_webui/share/flexbe_webui/app/_model
[5.943s] symbolically linking /home/csrobot/flexbe_ws/build/flexbe_webui/flexbe_webui/app/_model/behaviorstate.js -> /home/csrobot/flexbe_ws/install/flexbe_webui/share/flexbe_webui/app/_model
[5.943s] symbolically linking /home/csrobot/flexbe_ws/build/flexbe_webui/flexbe_webui/app/_model/transition.js -> /home/csrobot/flexbe_ws/install/flexbe_webui/share/flexbe_webui/app/_model
[5.943s] creating /home/csrobot/flexbe_ws/install/flexbe_webui/share/flexbe_webui/app/_test
[5.943s] symbolically linking /home/csrobot/flexbe_ws/build/flexbe_webui/flexbe_webui/app/_test/dump_workspace.js -> /home/csrobot/flexbe_ws/install/flexbe_webui/share/flexbe_webui/app/_test
[5.944s] symbolically linking /home/csrobot/flexbe_ws/build/flexbe_webui/flexbe_webui/app/_test/statelib.test.js -> /home/csrobot/flexbe_ws/install/flexbe_webui/share/flexbe_webui/app/_test
[5.944s] symbolically linking /home/csrobot/flexbe_ws/build/flexbe_webui/flexbe_webui/app/_test/testreport.js -> /home/csrobot/flexbe_ws/install/flexbe_webui/share/flexbe_webui/app/_test
[5.944s] symbolically linking /home/csrobot/flexbe_ws/build/flexbe_webui/flexbe_webui/app/_test/scripts.js -> /home/csrobot/flexbe_ws/install/flexbe_webui/share/flexbe_webui/app/_test
[5.944s] symbolically linking /home/csrobot/flexbe_ws/build/flexbe_webui/flexbe_webui/app/_test/checkbehaviorsreport.js -> /home/csrobot/flexbe_ws/install/flexbe_webui/share/flexbe_webui/app/_test
[5.944s] creating /home/csrobot/flexbe_ws/install/flexbe_webui/share/flexbe_webui/app/style
[5.944s] symbolically linking /home/csrobot/flexbe_ws/build/flexbe_webui/flexbe_webui/app/style/dashboard.css -> /home/csrobot/flexbe_ws/install/flexbe_webui/share/flexbe_webui/app/style
[5.944s] symbolically linking /home/csrobot/flexbe_ws/build/flexbe_webui/flexbe_webui/app/style/statemachine.css -> /home/csrobot/flexbe_ws/install/flexbe_webui/share/flexbe_webui/app/style
[5.944s] symbolically linking /home/csrobot/flexbe_ws/build/flexbe_webui/flexbe_webui/app/style/main.css -> /home/csrobot/flexbe_ws/install/flexbe_webui/share/flexbe_webui/app/style
[5.944s] symbolically linking /home/csrobot/flexbe_ws/build/flexbe_webui/flexbe_webui/app/style/popup.css -> /home/csrobot/flexbe_ws/install/flexbe_webui/share/flexbe_webui/app/style
[5.944s] symbolically linking /home/csrobot/flexbe_ws/build/flexbe_webui/flexbe_webui/app/style/runtimecontrol.css -> /home/csrobot/flexbe_ws/install/flexbe_webui/share/flexbe_webui/app/style
[5.944s] symbolically linking /home/csrobot/flexbe_ws/build/flexbe_webui/flexbe_webui/app/style/settings.css -> /home/csrobot/flexbe_ws/install/flexbe_webui/share/flexbe_webui/app/style
[5.945s] creating /home/csrobot/flexbe_ws/install/flexbe_webui/share/flexbe_webui/app/img
[5.945s] symbolically linking /home/csrobot/flexbe_ws/build/flexbe_webui/flexbe_webui/app/img/warning.png -> /home/csrobot/flexbe_ws/install/flexbe_webui/share/flexbe_webui/app/img
[5.945s] symbolically linking /home/csrobot/flexbe_ws/build/flexbe_webui/flexbe_webui/app/img/file_save.png -> /home/csrobot/flexbe_ws/install/flexbe_webui/share/flexbe_webui/app/img
[5.945s] symbolically linking /home/csrobot/flexbe_ws/build/flexbe_webui/flexbe_webui/app/img/chrislab_logo.png -> /home/csrobot/flexbe_ws/install/flexbe_webui/share/flexbe_webui/app/img
[5.945s] symbolically linking /home/csrobot/flexbe_ws/build/flexbe_webui/flexbe_webui/app/img/dataflow_white.png -> /home/csrobot/flexbe_ws/install/flexbe_webui/share/flexbe_webui/app/img
[5.945s] symbolically linking /home/csrobot/flexbe_ws/build/flexbe_webui/flexbe_webui/app/img/version_latest.png -> /home/csrobot/flexbe_ws/install/flexbe_webui/share/flexbe_webui/app/img
[5.945s] symbolically linking /home/csrobot/flexbe_ws/build/flexbe_webui/flexbe_webui/app/img/icon-128.png -> /home/csrobot/flexbe_ws/install/flexbe_webui/share/flexbe_webui/app/img
[5.945s] symbolically linking /home/csrobot/flexbe_ws/build/flexbe_webui/flexbe_webui/app/img/check.png -> /home/csrobot/flexbe_ws/install/flexbe_webui/share/flexbe_webui/app/img
[5.945s] symbolically linking /home/csrobot/flexbe_ws/build/flexbe_webui/flexbe_webui/app/img/error.png -> /home/csrobot/flexbe_ws/install/flexbe_webui/share/flexbe_webui/app/img
[5.945s] symbolically linking /home/csrobot/flexbe_ws/build/flexbe_webui/flexbe_webui/app/img/icon-16.png -> /home/csrobot/flexbe_ws/install/flexbe_webui/share/flexbe_webui/app/img
[5.945s] symbolically linking /home/csrobot/flexbe_ws/build/flexbe_webui/flexbe_webui/app/img/title_db.png -> /home/csrobot/flexbe_ws/install/flexbe_webui/share/flexbe_webui/app/img
[5.946s] symbolically linking /home/csrobot/flexbe_ws/build/flexbe_webui/flexbe_webui/app/img/file_save_white.png -> /home/csrobot/flexbe_ws/install/flexbe_webui/share/flexbe_webui/app/img
[5.946s] symbolically linking /home/csrobot/flexbe_ws/build/flexbe_webui/flexbe_webui/app/img/title_settings.png -> /home/csrobot/flexbe_ws/install/flexbe_webui/share/flexbe_webui/app/img
[5.946s] symbolically linking /home/csrobot/flexbe_ws/build/flexbe_webui/flexbe_webui/app/img/settings_import.png -> /home/csrobot/flexbe_ws/install/flexbe_webui/share/flexbe_webui/app/img
[5.946s] symbolically linking /home/csrobot/flexbe_ws/build/flexbe_webui/flexbe_webui/app/img/title_sm.png -> /home/csrobot/flexbe_ws/install/flexbe_webui/share/flexbe_webui/app/img
[5.946s] symbolically linking /home/csrobot/flexbe_ws/build/flexbe_webui/flexbe_webui/app/img/db.png -> /home/csrobot/flexbe_ws/install/flexbe_webui/share/flexbe_webui/app/img
[5.946s] symbolically linking /home/csrobot/flexbe_ws/build/flexbe_webui/flexbe_webui/app/img/title_save.png -> /home/csrobot/flexbe_ws/install/flexbe_webui/share/flexbe_webui/app/img
[5.950s] symbolically linking /home/csrobot/flexbe_ws/build/flexbe_webui/flexbe_webui/app/img/add.png -> /home/csrobot/flexbe_ws/install/flexbe_webui/share/flexbe_webui/app/img
[5.950s] symbolically linking /home/csrobot/flexbe_ws/build/flexbe_webui/flexbe_webui/app/img/link.png -> /home/csrobot/flexbe_ws/install/flexbe_webui/share/flexbe_webui/app/img
[5.950s] symbolically linking /home/csrobot/flexbe_ws/build/flexbe_webui/flexbe_webui/app/img/turn_back.png -> /home/csrobot/flexbe_ws/install/flexbe_webui/share/flexbe_webui/app/img
[5.950s] symbolically linking /home/csrobot/flexbe_ws/build/flexbe_webui/flexbe_webui/app/img/title_terminal.png -> /home/csrobot/flexbe_ws/install/flexbe_webui/share/flexbe_webui/app/img
[5.950s] symbolically linking /home/csrobot/flexbe_ws/build/flexbe_webui/flexbe_webui/app/img/version_old.png -> /home/csrobot/flexbe_ws/install/flexbe_webui/share/flexbe_webui/app/img
[5.950s] symbolically linking /home/csrobot/flexbe_ws/build/flexbe_webui/flexbe_webui/app/img/lightning.png -> /home/csrobot/flexbe_ws/install/flexbe_webui/share/flexbe_webui/app/img
[5.950s] symbolically linking /home/csrobot/flexbe_ws/build/flexbe_webui/flexbe_webui/app/img/cross.png -> /home/csrobot/flexbe_ws/install/flexbe_webui/share/flexbe_webui/app/img
[5.950s] symbolically linking /home/csrobot/flexbe_ws/build/flexbe_webui/flexbe_webui/app/img/se_active.png -> /home/csrobot/flexbe_ws/install/flexbe_webui/share/flexbe_webui/app/img
[5.950s] symbolically linking /home/csrobot/flexbe_ws/build/flexbe_webui/flexbe_webui/app/img/se.png -> /home/csrobot/flexbe_ws/install/flexbe_webui/share/flexbe_webui/app/img
[5.950s] symbolically linking /home/csrobot/flexbe_ws/build/flexbe_webui/flexbe_webui/app/img/information.png -> /home/csrobot/flexbe_ws/install/flexbe_webui/share/flexbe_webui/app/img
[5.951s] symbolically linking /home/csrobot/flexbe_ws/build/flexbe_webui/flexbe_webui/app/img/title_add.png -> /home/csrobot/flexbe_ws/install/flexbe_webui/share/flexbe_webui/app/img
[5.951s] symbolically linking /home/csrobot/flexbe_ws/build/flexbe_webui/flexbe_webui/app/img/file_load.png -> /home/csrobot/flexbe_ws/install/flexbe_webui/share/flexbe_webui/app/img
[5.951s] symbolically linking /home/csrobot/flexbe_ws/build/flexbe_webui/flexbe_webui/app/img/settings_export.png -> /home/csrobot/flexbe_ws/install/flexbe_webui/share/flexbe_webui/app/img
[5.951s] symbolically linking /home/csrobot/flexbe_ws/build/flexbe_webui/flexbe_webui/app/img/sm_active.png -> /home/csrobot/flexbe_ws/install/flexbe_webui/share/flexbe_webui/app/img
[5.951s] symbolically linking /home/csrobot/flexbe_ws/build/flexbe_webui/flexbe_webui/app/img/logo_borderless.png -> /home/csrobot/flexbe_ws/install/flexbe_webui/share/flexbe_webui/app/img
[5.951s] symbolically linking /home/csrobot/flexbe_ws/build/flexbe_webui/flexbe_webui/app/img/group_selection.png -> /home/csrobot/flexbe_ws/install/flexbe_webui/share/flexbe_webui/app/img
[5.951s] symbolically linking /home/csrobot/flexbe_ws/build/flexbe_webui/flexbe_webui/app/img/table_row_delete.png -> /home/csrobot/flexbe_ws/install/flexbe_webui/share/flexbe_webui/app/img
[5.951s] symbolically linking /home/csrobot/flexbe_ws/build/flexbe_webui/flexbe_webui/app/img/link_break.png -> /home/csrobot/flexbe_ws/install/flexbe_webui/share/flexbe_webui/app/img
[5.951s] symbolically linking /home/csrobot/flexbe_ws/build/flexbe_webui/flexbe_webui/app/img/version_offline.png -> /home/csrobot/flexbe_ws/install/flexbe_webui/share/flexbe_webui/app/img
[5.951s] symbolically linking /home/csrobot/flexbe_ws/build/flexbe_webui/flexbe_webui/app/img/autoconnect.png -> /home/csrobot/flexbe_ws/install/flexbe_webui/share/flexbe_webui/app/img
[5.951s] symbolically linking /home/csrobot/flexbe_ws/build/flexbe_webui/flexbe_webui/app/img/db_active.png -> /home/csrobot/flexbe_ws/install/flexbe_webui/share/flexbe_webui/app/img
[5.952s] symbolically linking /home/csrobot/flexbe_ws/build/flexbe_webui/flexbe_webui/app/img/note_add.png -> /home/csrobot/flexbe_ws/install/flexbe_webui/share/flexbe_webui/app/img
[5.952s] symbolically linking /home/csrobot/flexbe_ws/build/flexbe_webui/flexbe_webui/app/img/rc_active.png -> /home/csrobot/flexbe_ws/install/flexbe_webui/share/flexbe_webui/app/img
[5.952s] symbolically linking /home/csrobot/flexbe_ws/build/flexbe_webui/flexbe_webui/app/img/title_load.png -> /home/csrobot/flexbe_ws/install/flexbe_webui/share/flexbe_webui/app/img
[5.952s] symbolically linking /home/csrobot/flexbe_ws/build/flexbe_webui/flexbe_webui/app/img/team_vigir_logo.png -> /home/csrobot/flexbe_ws/install/flexbe_webui/share/flexbe_webui/app/img
[5.952s] symbolically linking /home/csrobot/flexbe_ws/build/flexbe_webui/flexbe_webui/app/img/outcome.png -> /home/csrobot/flexbe_ws/install/flexbe_webui/share/flexbe_webui/app/img
[5.952s] symbolically linking /home/csrobot/flexbe_ws/build/flexbe_webui/flexbe_webui/app/img/move-icon.png -> /home/csrobot/flexbe_ws/install/flexbe_webui/share/flexbe_webui/app/img
[5.952s] symbolically linking /home/csrobot/flexbe_ws/build/flexbe_webui/flexbe_webui/app/img/title_terminal_white.png -> /home/csrobot/flexbe_ws/install/flexbe_webui/share/flexbe_webui/app/img
[5.952s] symbolically linking /home/csrobot/flexbe_ws/build/flexbe_webui/flexbe_webui/app/img/sm.png -> /home/csrobot/flexbe_ws/install/flexbe_webui/share/flexbe_webui/app/img
[5.952s] symbolically linking /home/csrobot/flexbe_ws/build/flexbe_webui/flexbe_webui/app/img/redo.png -> /home/csrobot/flexbe_ws/install/flexbe_webui/share/flexbe_webui/app/img
[5.952s] symbolically linking /home/csrobot/flexbe_ws/build/flexbe_webui/flexbe_webui/app/img/lock.png -> /home/csrobot/flexbe_ws/install/flexbe_webui/share/flexbe_webui/app/img
[5.952s] symbolically linking /home/csrobot/flexbe_ws/build/flexbe_webui/flexbe_webui/app/img/pencil.png -> /home/csrobot/flexbe_ws/install/flexbe_webui/share/flexbe_webui/app/img
[5.952s] symbolically linking /home/csrobot/flexbe_ws/build/flexbe_webui/flexbe_webui/app/img/undo.png -> /home/csrobot/flexbe_ws/install/flexbe_webui/share/flexbe_webui/app/img
[5.953s] symbolically linking /home/csrobot/flexbe_ws/build/flexbe_webui/flexbe_webui/app/img/rc.png -> /home/csrobot/flexbe_ws/install/flexbe_webui/share/flexbe_webui/app/img
[5.953s] symbolically linking /home/csrobot/flexbe_ws/build/flexbe_webui/flexbe_webui/app/img/version_devel.png -> /home/csrobot/flexbe_ws/install/flexbe_webui/share/flexbe_webui/app/img
[5.953s] symbolically linking /home/csrobot/flexbe_ws/build/flexbe_webui/flexbe_webui/app/img/page_view.png -> /home/csrobot/flexbe_ws/install/flexbe_webui/share/flexbe_webui/app/img
[5.953s] symbolically linking /home/csrobot/flexbe_ws/build/flexbe_webui/flexbe_webui/app/img/page_edit.png -> /home/csrobot/flexbe_ws/install/flexbe_webui/share/flexbe_webui/app/img
[5.953s] symbolically linking /home/csrobot/flexbe_ws/build/flexbe_webui/flexbe_webui/app/img/tick.png -> /home/csrobot/flexbe_ws/install/flexbe_webui/share/flexbe_webui/app/img
[5.953s] symbolically linking /home/csrobot/flexbe_ws/build/flexbe_webui/flexbe_webui/app/img/note.png -> /home/csrobot/flexbe_ws/install/flexbe_webui/share/flexbe_webui/app/img
[5.953s] symbolically linking /home/csrobot/flexbe_ws/build/flexbe_webui/flexbe_webui/app/img/file_new.png -> /home/csrobot/flexbe_ws/install/flexbe_webui/share/flexbe_webui/app/img
[5.953s] symbolically linking /home/csrobot/flexbe_ws/build/flexbe_webui/flexbe_webui/app/img/dataflow.png -> /home/csrobot/flexbe_ws/install/flexbe_webui/share/flexbe_webui/app/img
[5.953s] symbolically linking /home/csrobot/flexbe_ws/build/flexbe_webui/flexbe_webui/app/img/smile.png -> /home/csrobot/flexbe_ws/install/flexbe_webui/share/flexbe_webui/app/img
[5.953s] symbolically linking /home/csrobot/flexbe_ws/build/flexbe_webui/flexbe_webui/app/img/close.png -> /home/csrobot/flexbe_ws/install/flexbe_webui/share/flexbe_webui/app/img
[5.953s] creating /home/csrobot/flexbe_ws/install/flexbe_webui/share/flexbe_webui/app/_helper
[5.953s] symbolically linking /home/csrobot/flexbe_ws/build/flexbe_webui/flexbe_webui/app/_helper/tools.js -> /home/csrobot/flexbe_ws/install/flexbe_webui/share/flexbe_webui/app/_helper
[5.962s] symbolically linking /home/csrobot/flexbe_ws/build/flexbe_webui/flexbe_webui/app/_helper/activitytracer.js -> /home/csrobot/flexbe_ws/install/flexbe_webui/share/flexbe_webui/app/_helper
[5.962s] symbolically linking /home/csrobot/flexbe_ws/build/flexbe_webui/flexbe_webui/app/_helper/checking.js -> /home/csrobot/flexbe_ws/install/flexbe_webui/share/flexbe_webui/app/_helper
[5.962s] symbolically linking /home/csrobot/flexbe_ws/build/flexbe_webui/flexbe_webui/app/_helper/command_lib.js -> /home/csrobot/flexbe_ws/install/flexbe_webui/share/flexbe_webui/app/_helper
[5.962s] symbolically linking /home/csrobot/flexbe_ws/build/flexbe_webui/flexbe_webui/app/_helper/autocomplete.js -> /home/csrobot/flexbe_ws/install/flexbe_webui/share/flexbe_webui/app/_helper
[5.962s] symbolically linking /home/csrobot/flexbe_ws/build/flexbe_webui/flexbe_webui/app/_helper/varsolver.js -> /home/csrobot/flexbe_ws/install/flexbe_webui/share/flexbe_webui/app/_helper
[5.962s] creating /home/csrobot/flexbe_ws/install/flexbe_webui/share/flexbe_webui/app/rc
[5.962s] symbolically linking /home/csrobot/flexbe_ws/build/flexbe_webui/flexbe_webui/app/rc/rc_controller.js -> /home/csrobot/flexbe_ws/install/flexbe_webui/share/flexbe_webui/app/rc
[5.962s] symbolically linking /home/csrobot/flexbe_ws/build/flexbe_webui/flexbe_webui/app/rc/rc_pubsub.js -> /home/csrobot/flexbe_ws/install/flexbe_webui/share/flexbe_webui/app/rc
[5.962s] symbolically linking /home/csrobot/flexbe_ws/build/flexbe_webui/flexbe_webui/app/rc/rc_ros.js -> /home/csrobot/flexbe_ws/install/flexbe_webui/share/flexbe_webui/app/rc
[5.962s] symbolically linking /home/csrobot/flexbe_ws/build/flexbe_webui/flexbe_webui/app/rc/rc_sync.js -> /home/csrobot/flexbe_ws/install/flexbe_webui/share/flexbe_webui/app/rc
[5.963s] symbolically linking /home/csrobot/flexbe_ws/build/flexbe_webui/flexbe_webui/app/rc/rc.js -> /home/csrobot/flexbe_ws/install/flexbe_webui/share/flexbe_webui/app/rc
[6.060s] Invoked command in '/home/csrobot/flexbe_ws/build/flexbe_webui' returned '0': AMENT_PREFIX_PATH=/home/csrobot/flexbe_ws/install/flexbe_core:/home/csrobot/flexbe_ws/install/flexbe_msgs:${AMENT_PREFIX_PATH} CMAKE_PREFIX_PATH=/home/csrobot/flexbe_ws/install/flexbe_msgs:${CMAKE_PREFIX_PATH} DEBUGINFOD_URLS=https://debuginfod.ubuntu.com LD_LIBRARY_PATH=/home/csrobot/flexbe_ws/install/flexbe_msgs/lib:${LD_LIBRARY_PATH} PYTHONPATH=/home/csrobot/flexbe_ws/build/flexbe_webui/prefix_override:/usr/lib/python3/dist-packages/colcon_core/task/python/colcon_distutils_commands:/home/csrobot/flexbe_ws/install/flexbe_webui/lib/python3.12/site-packages:/home/csrobot/flexbe_ws/build/flexbe_core:/home/csrobot/flexbe_ws/install/flexbe_core/lib/python3.12/site-packages:/home/csrobot/flexbe_ws/install/flexbe_msgs/lib/python3.12/site-packages:${PYTHONPATH} /usr/bin/python3 -W ignore:setup.py install is deprecated -W ignore:easy_install command is deprecated setup.py develop --editable --build-directory /home/csrobot/flexbe_ws/build/flexbe_webui/build --no-deps symlink_data
