[0.020s] Invoking command in '/home/csrobot/flexbe_ws/build/tm_msgs': CMAKE_PREFIX_PATH=${CMAKE_PREFIX_PATH}:/opt/ros/jazzy DEBUGINFOD_URLS=https://debuginfod.ubuntu.com /usr/bin/cmake --build /home/csrobot/flexbe_ws/build/tm_msgs -- -j8 -l8
[0.066s] [  1%] Built target tm_msgs__rosidl_generator_type_description
[0.074s] [  1%] Built target ament_cmake_python_symlink_tm_msgs
[0.103s] [  1%] Built target tm_msgs__cpp
[0.119s] [ 27%] Built target tm_msgs__rosidl_generator_c
[0.155s] [ 37%] Built target tm_msgs__rosidl_typesupport_c
[0.157s] [ 46%] Built target tm_msgs__rosidl_typesupport_introspection_cpp
[0.160s] [ 56%] Built target tm_msgs__rosidl_typesupport_fastrtps_c
[0.174s] [ 66%] Built target tm_msgs__rosidl_typesupport_introspection_c
[0.174s] [ 75%] Built target tm_msgs__rosidl_typesupport_cpp
[0.182s] [ 85%] Built target tm_msgs__rosidl_typesupport_fastrtps_cpp
[0.203s] [ 85%] Built target tm_msgs
[0.230s] [ 86%] Built target tm_msgs__py
[0.270s] [ 95%] Built target tm_msgs__rosidl_generator_py
[0.287s] [ 96%] Built target tm_msgs_s__rosidl_typesupport_fastrtps_c
[0.290s] [ 98%] Built target tm_msgs_s__rosidl_typesupport_c
[0.300s] [100%] Built target tm_msgs_s__rosidl_typesupport_introspection_c
[0.329s] running egg_info
[0.349s] writing tm_msgs.egg-info/PKG-INFO
[0.350s] writing dependency_links to tm_msgs.egg-info/dependency_links.txt
[0.350s] writing top-level names to tm_msgs.egg-info/top_level.txt
[0.409s] reading manifest file 'tm_msgs.egg-info/SOURCES.txt'
[0.410s] writing manifest file 'tm_msgs.egg-info/SOURCES.txt'
[0.433s] [100%] Built target ament_cmake_python_build_tm_msgs_egg
[0.647s] Invoked command in '/home/csrobot/flexbe_ws/build/tm_msgs' returned '0': CMAKE_PREFIX_PATH=${CMAKE_PREFIX_PATH}:/opt/ros/jazzy DEBUGINFOD_URLS=https://debuginfod.ubuntu.com /usr/bin/cmake --build /home/csrobot/flexbe_ws/build/tm_msgs -- -j8 -l8
[0.648s] Invoking command in '/home/csrobot/flexbe_ws/build/tm_msgs': CMAKE_PREFIX_PATH=${CMAKE_PREFIX_PATH}:/opt/ros/jazzy DEBUGINFOD_URLS=https://debuginfod.ubuntu.com /usr/bin/cmake --install /home/csrobot/flexbe_ws/build/tm_msgs
[0.653s] -- Install configuration: ""
[0.654s] -- Execute custom install script
[0.654s] -- Symlinking: /home/csrobot/flexbe_ws/install/tm_msgs/share/ament_index/resource_index/rosidl_interfaces/tm_msgs
[0.667s] -- Symlinking: /home/csrobot/flexbe_ws/install/tm_msgs/share/tm_msgs/msg/FeedbackState.json
[0.669s] -- Symlinking: /home/csrobot/flexbe_ws/install/tm_msgs/share/tm_msgs/msg/SvrResponse.json
[0.676s] -- Symlinking: /home/csrobot/flexbe_ws/install/tm_msgs/share/tm_msgs/msg/SctResponse.json
[0.683s] -- Symlinking: /home/csrobot/flexbe_ws/install/tm_msgs/share/tm_msgs/msg/StaResponse.json
[0.694s] -- Symlinking: /home/csrobot/flexbe_ws/install/tm_msgs/share/tm_msgs/srv/ConnectTM.json
[0.707s] -- Symlinking: /home/csrobot/flexbe_ws/install/tm_msgs/share/tm_msgs/srv/WriteItem.json
[0.715s] -- Symlinking: /home/csrobot/flexbe_ws/install/tm_msgs/share/tm_msgs/srv/AskItem.json
[0.723s] -- Symlinking: /home/csrobot/flexbe_ws/install/tm_msgs/share/tm_msgs/srv/SendScript.json
[0.726s] -- Symlinking: /home/csrobot/flexbe_ws/install/tm_msgs/share/tm_msgs/srv/SetEvent.json
[0.733s] -- Symlinking: /home/csrobot/flexbe_ws/install/tm_msgs/share/tm_msgs/srv/SetIO.json
[0.741s] -- Symlinking: /home/csrobot/flexbe_ws/install/tm_msgs/share/tm_msgs/srv/SetPositions.json
[0.749s] -- Symlinking: /home/csrobot/flexbe_ws/install/tm_msgs/share/tm_msgs/srv/AskSta.json
[0.763s] -- Symlinking: /home/csrobot/flexbe_ws/install/tm_msgs/include/tm_msgs/tm_msgs/msg/detail/feedback_state__functions.h
[0.769s] -- Symlinking: /home/csrobot/flexbe_ws/install/tm_msgs/include/tm_msgs/tm_msgs/msg/detail/feedback_state__struct.h
[0.776s] -- Symlinking: /home/csrobot/flexbe_ws/install/tm_msgs/include/tm_msgs/tm_msgs/msg/detail/feedback_state__type_support.h
[0.782s] -- Symlinking: /home/csrobot/flexbe_ws/install/tm_msgs/include/tm_msgs/tm_msgs/msg/detail/sct_response__functions.h
[0.794s] -- Symlinking: /home/csrobot/flexbe_ws/install/tm_msgs/include/tm_msgs/tm_msgs/msg/detail/sct_response__struct.h
[0.801s] -- Symlinking: /home/csrobot/flexbe_ws/install/tm_msgs/include/tm_msgs/tm_msgs/msg/detail/sct_response__type_support.h
[0.808s] -- Symlinking: /home/csrobot/flexbe_ws/install/tm_msgs/include/tm_msgs/tm_msgs/msg/detail/sta_response__functions.h
[0.816s] -- Symlinking: /home/csrobot/flexbe_ws/install/tm_msgs/include/tm_msgs/tm_msgs/msg/detail/sta_response__struct.h
[0.821s] -- Symlinking: /home/csrobot/flexbe_ws/install/tm_msgs/include/tm_msgs/tm_msgs/msg/detail/sta_response__type_support.h
[0.831s] -- Symlinking: /home/csrobot/flexbe_ws/install/tm_msgs/include/tm_msgs/tm_msgs/msg/detail/svr_response__functions.h
[0.834s] -- Symlinking: /home/csrobot/flexbe_ws/install/tm_msgs/include/tm_msgs/tm_msgs/msg/detail/svr_response__struct.h
[0.840s] -- Symlinking: /home/csrobot/flexbe_ws/install/tm_msgs/include/tm_msgs/tm_msgs/msg/detail/svr_response__type_support.h
[0.849s] -- Symlinking: /home/csrobot/flexbe_ws/install/tm_msgs/include/tm_msgs/tm_msgs/msg/feedback_state.h
[0.856s] -- Symlinking: /home/csrobot/flexbe_ws/install/tm_msgs/include/tm_msgs/tm_msgs/msg/rosidl_generator_c__visibility_control.h
[0.867s] -- Symlinking: /home/csrobot/flexbe_ws/install/tm_msgs/include/tm_msgs/tm_msgs/msg/sct_response.h
[0.875s] -- Symlinking: /home/csrobot/flexbe_ws/install/tm_msgs/include/tm_msgs/tm_msgs/msg/sta_response.h
[0.881s] -- Symlinking: /home/csrobot/flexbe_ws/install/tm_msgs/include/tm_msgs/tm_msgs/msg/svr_response.h
[0.888s] -- Symlinking: /home/csrobot/flexbe_ws/install/tm_msgs/include/tm_msgs/tm_msgs/srv/ask_item.h
[0.895s] -- Symlinking: /home/csrobot/flexbe_ws/install/tm_msgs/include/tm_msgs/tm_msgs/srv/ask_sta.h
[0.901s] -- Symlinking: /home/csrobot/flexbe_ws/install/tm_msgs/include/tm_msgs/tm_msgs/srv/connect_tm.h
[0.909s] -- Symlinking: /home/csrobot/flexbe_ws/install/tm_msgs/include/tm_msgs/tm_msgs/srv/detail/ask_item__functions.h
[0.915s] -- Symlinking: /home/csrobot/flexbe_ws/install/tm_msgs/include/tm_msgs/tm_msgs/srv/detail/ask_item__struct.h
[0.922s] -- Symlinking: /home/csrobot/flexbe_ws/install/tm_msgs/include/tm_msgs/tm_msgs/srv/detail/ask_item__type_support.h
[0.929s] -- Symlinking: /home/csrobot/flexbe_ws/install/tm_msgs/include/tm_msgs/tm_msgs/srv/detail/ask_sta__functions.h
[0.936s] -- Symlinking: /home/csrobot/flexbe_ws/install/tm_msgs/include/tm_msgs/tm_msgs/srv/detail/ask_sta__struct.h
[0.944s] -- Symlinking: /home/csrobot/flexbe_ws/install/tm_msgs/include/tm_msgs/tm_msgs/srv/detail/ask_sta__type_support.h
[0.951s] -- Symlinking: /home/csrobot/flexbe_ws/install/tm_msgs/include/tm_msgs/tm_msgs/srv/detail/connect_tm__functions.h
[0.958s] -- Symlinking: /home/csrobot/flexbe_ws/install/tm_msgs/include/tm_msgs/tm_msgs/srv/detail/connect_tm__struct.h
[0.965s] -- Symlinking: /home/csrobot/flexbe_ws/install/tm_msgs/include/tm_msgs/tm_msgs/srv/detail/connect_tm__type_support.h
[0.972s] -- Symlinking: /home/csrobot/flexbe_ws/install/tm_msgs/include/tm_msgs/tm_msgs/srv/detail/send_script__functions.h
[0.979s] -- Symlinking: /home/csrobot/flexbe_ws/install/tm_msgs/include/tm_msgs/tm_msgs/srv/detail/send_script__struct.h
[0.986s] -- Symlinking: /home/csrobot/flexbe_ws/install/tm_msgs/include/tm_msgs/tm_msgs/srv/detail/send_script__type_support.h
[0.993s] -- Symlinking: /home/csrobot/flexbe_ws/install/tm_msgs/include/tm_msgs/tm_msgs/srv/detail/set_event__functions.h
[1.000s] -- Symlinking: /home/csrobot/flexbe_ws/install/tm_msgs/include/tm_msgs/tm_msgs/srv/detail/set_event__struct.h
[1.007s] -- Symlinking: /home/csrobot/flexbe_ws/install/tm_msgs/include/tm_msgs/tm_msgs/srv/detail/set_event__type_support.h
[1.012s] -- Symlinking: /home/csrobot/flexbe_ws/install/tm_msgs/include/tm_msgs/tm_msgs/srv/detail/set_io__functions.h
[1.019s] -- Symlinking: /home/csrobot/flexbe_ws/install/tm_msgs/include/tm_msgs/tm_msgs/srv/detail/set_io__struct.h
[1.026s] -- Symlinking: /home/csrobot/flexbe_ws/install/tm_msgs/include/tm_msgs/tm_msgs/srv/detail/set_io__type_support.h
[1.033s] -- Symlinking: /home/csrobot/flexbe_ws/install/tm_msgs/include/tm_msgs/tm_msgs/srv/detail/set_positions__functions.h
[1.039s] -- Symlinking: /home/csrobot/flexbe_ws/install/tm_msgs/include/tm_msgs/tm_msgs/srv/detail/set_positions__struct.h
[1.046s] -- Symlinking: /home/csrobot/flexbe_ws/install/tm_msgs/include/tm_msgs/tm_msgs/srv/detail/set_positions__type_support.h
[1.052s] -- Symlinking: /home/csrobot/flexbe_ws/install/tm_msgs/include/tm_msgs/tm_msgs/srv/detail/write_item__functions.h
[1.059s] -- Symlinking: /home/csrobot/flexbe_ws/install/tm_msgs/include/tm_msgs/tm_msgs/srv/detail/write_item__struct.h
[1.066s] -- Symlinking: /home/csrobot/flexbe_ws/install/tm_msgs/include/tm_msgs/tm_msgs/srv/detail/write_item__type_support.h
[1.073s] -- Symlinking: /home/csrobot/flexbe_ws/install/tm_msgs/include/tm_msgs/tm_msgs/srv/send_script.h
[1.080s] -- Symlinking: /home/csrobot/flexbe_ws/install/tm_msgs/include/tm_msgs/tm_msgs/srv/set_event.h
[1.086s] -- Symlinking: /home/csrobot/flexbe_ws/install/tm_msgs/include/tm_msgs/tm_msgs/srv/set_io.h
[1.096s] -- Symlinking: /home/csrobot/flexbe_ws/install/tm_msgs/include/tm_msgs/tm_msgs/srv/set_positions.h
[1.100s] -- Symlinking: /home/csrobot/flexbe_ws/install/tm_msgs/include/tm_msgs/tm_msgs/srv/write_item.h
[1.107s] -- Symlinking: /home/csrobot/flexbe_ws/install/tm_msgs/share/tm_msgs/environment/library_path.sh
[1.114s] -- Symlinking: /home/csrobot/flexbe_ws/install/tm_msgs/share/tm_msgs/environment/library_path.dsv
[1.120s] -- Symlinking: /home/csrobot/flexbe_ws/install/tm_msgs/include/tm_msgs/tm_msgs/msg/detail/feedback_state__rosidl_typesupport_fastrtps_c.h
[1.127s] -- Symlinking: /home/csrobot/flexbe_ws/install/tm_msgs/include/tm_msgs/tm_msgs/msg/detail/sct_response__rosidl_typesupport_fastrtps_c.h
[1.133s] -- Symlinking: /home/csrobot/flexbe_ws/install/tm_msgs/include/tm_msgs/tm_msgs/msg/detail/sta_response__rosidl_typesupport_fastrtps_c.h
[1.140s] -- Symlinking: /home/csrobot/flexbe_ws/install/tm_msgs/include/tm_msgs/tm_msgs/msg/detail/svr_response__rosidl_typesupport_fastrtps_c.h
[1.148s] -- Symlinking: /home/csrobot/flexbe_ws/install/tm_msgs/include/tm_msgs/tm_msgs/msg/rosidl_typesupport_fastrtps_c__visibility_control.h
[1.155s] -- Symlinking: /home/csrobot/flexbe_ws/install/tm_msgs/include/tm_msgs/tm_msgs/srv/detail/ask_item__rosidl_typesupport_fastrtps_c.h
[1.165s] -- Symlinking: /home/csrobot/flexbe_ws/install/tm_msgs/include/tm_msgs/tm_msgs/srv/detail/ask_sta__rosidl_typesupport_fastrtps_c.h
[1.177s] -- Symlinking: /home/csrobot/flexbe_ws/install/tm_msgs/include/tm_msgs/tm_msgs/srv/detail/connect_tm__rosidl_typesupport_fastrtps_c.h
[1.181s] -- Symlinking: /home/csrobot/flexbe_ws/install/tm_msgs/include/tm_msgs/tm_msgs/srv/detail/send_script__rosidl_typesupport_fastrtps_c.h
[1.188s] -- Symlinking: /home/csrobot/flexbe_ws/install/tm_msgs/include/tm_msgs/tm_msgs/srv/detail/set_event__rosidl_typesupport_fastrtps_c.h
[1.196s] -- Symlinking: /home/csrobot/flexbe_ws/install/tm_msgs/include/tm_msgs/tm_msgs/srv/detail/set_io__rosidl_typesupport_fastrtps_c.h
[1.205s] -- Symlinking: /home/csrobot/flexbe_ws/install/tm_msgs/include/tm_msgs/tm_msgs/srv/detail/set_positions__rosidl_typesupport_fastrtps_c.h
[1.213s] -- Symlinking: /home/csrobot/flexbe_ws/install/tm_msgs/include/tm_msgs/tm_msgs/srv/detail/write_item__rosidl_typesupport_fastrtps_c.h
[1.220s] -- Symlinking: /home/csrobot/flexbe_ws/install/tm_msgs/include/tm_msgs/tm_msgs/msg/detail/feedback_state__builder.hpp
[1.229s] -- Symlinking: /home/csrobot/flexbe_ws/install/tm_msgs/include/tm_msgs/tm_msgs/msg/detail/feedback_state__struct.hpp
[1.237s] -- Symlinking: /home/csrobot/flexbe_ws/install/tm_msgs/include/tm_msgs/tm_msgs/msg/detail/feedback_state__traits.hpp
[1.247s] -- Symlinking: /home/csrobot/flexbe_ws/install/tm_msgs/include/tm_msgs/tm_msgs/msg/detail/feedback_state__type_support.hpp
[1.259s] -- Symlinking: /home/csrobot/flexbe_ws/install/tm_msgs/include/tm_msgs/tm_msgs/msg/detail/sct_response__builder.hpp
[1.274s] -- Symlinking: /home/csrobot/flexbe_ws/install/tm_msgs/include/tm_msgs/tm_msgs/msg/detail/sct_response__struct.hpp
[1.285s] -- Symlinking: /home/csrobot/flexbe_ws/install/tm_msgs/include/tm_msgs/tm_msgs/msg/detail/sct_response__traits.hpp
[1.292s] -- Symlinking: /home/csrobot/flexbe_ws/install/tm_msgs/include/tm_msgs/tm_msgs/msg/detail/sct_response__type_support.hpp
[1.300s] -- Symlinking: /home/csrobot/flexbe_ws/install/tm_msgs/include/tm_msgs/tm_msgs/msg/detail/sta_response__builder.hpp
[1.307s] -- Symlinking: /home/csrobot/flexbe_ws/install/tm_msgs/include/tm_msgs/tm_msgs/msg/detail/sta_response__struct.hpp
[1.314s] -- Symlinking: /home/csrobot/flexbe_ws/install/tm_msgs/include/tm_msgs/tm_msgs/msg/detail/sta_response__traits.hpp
[1.320s] -- Symlinking: /home/csrobot/flexbe_ws/install/tm_msgs/include/tm_msgs/tm_msgs/msg/detail/sta_response__type_support.hpp
[1.331s] -- Symlinking: /home/csrobot/flexbe_ws/install/tm_msgs/include/tm_msgs/tm_msgs/msg/detail/svr_response__builder.hpp
[1.340s] -- Symlinking: /home/csrobot/flexbe_ws/install/tm_msgs/include/tm_msgs/tm_msgs/msg/detail/svr_response__struct.hpp
[1.347s] -- Symlinking: /home/csrobot/flexbe_ws/install/tm_msgs/include/tm_msgs/tm_msgs/msg/detail/svr_response__traits.hpp
[1.360s] -- Symlinking: /home/csrobot/flexbe_ws/install/tm_msgs/include/tm_msgs/tm_msgs/msg/detail/svr_response__type_support.hpp
[1.368s] -- Symlinking: /home/csrobot/flexbe_ws/install/tm_msgs/include/tm_msgs/tm_msgs/msg/feedback_state.hpp
[1.375s] -- Symlinking: /home/csrobot/flexbe_ws/install/tm_msgs/include/tm_msgs/tm_msgs/msg/rosidl_generator_cpp__visibility_control.hpp
[1.381s] -- Symlinking: /home/csrobot/flexbe_ws/install/tm_msgs/include/tm_msgs/tm_msgs/msg/sct_response.hpp
[1.389s] -- Symlinking: /home/csrobot/flexbe_ws/install/tm_msgs/include/tm_msgs/tm_msgs/msg/sta_response.hpp
[1.398s] -- Symlinking: /home/csrobot/flexbe_ws/install/tm_msgs/include/tm_msgs/tm_msgs/msg/svr_response.hpp
[1.403s] -- Symlinking: /home/csrobot/flexbe_ws/install/tm_msgs/include/tm_msgs/tm_msgs/srv/ask_item.hpp
[1.409s] -- Symlinking: /home/csrobot/flexbe_ws/install/tm_msgs/include/tm_msgs/tm_msgs/srv/ask_sta.hpp
[1.415s] -- Symlinking: /home/csrobot/flexbe_ws/install/tm_msgs/include/tm_msgs/tm_msgs/srv/connect_tm.hpp
[1.424s] -- Symlinking: /home/csrobot/flexbe_ws/install/tm_msgs/include/tm_msgs/tm_msgs/srv/detail/ask_item__builder.hpp
[1.427s] -- Symlinking: /home/csrobot/flexbe_ws/install/tm_msgs/include/tm_msgs/tm_msgs/srv/detail/ask_item__struct.hpp
[1.434s] -- Symlinking: /home/csrobot/flexbe_ws/install/tm_msgs/include/tm_msgs/tm_msgs/srv/detail/ask_item__traits.hpp
[1.442s] -- Symlinking: /home/csrobot/flexbe_ws/install/tm_msgs/include/tm_msgs/tm_msgs/srv/detail/ask_item__type_support.hpp
[1.447s] -- Symlinking: /home/csrobot/flexbe_ws/install/tm_msgs/include/tm_msgs/tm_msgs/srv/detail/ask_sta__builder.hpp
[1.454s] -- Symlinking: /home/csrobot/flexbe_ws/install/tm_msgs/include/tm_msgs/tm_msgs/srv/detail/ask_sta__struct.hpp
[1.467s] -- Symlinking: /home/csrobot/flexbe_ws/install/tm_msgs/include/tm_msgs/tm_msgs/srv/detail/ask_sta__traits.hpp
[1.478s] -- Symlinking: /home/csrobot/flexbe_ws/install/tm_msgs/include/tm_msgs/tm_msgs/srv/detail/ask_sta__type_support.hpp
[1.487s] -- Symlinking: /home/csrobot/flexbe_ws/install/tm_msgs/include/tm_msgs/tm_msgs/srv/detail/connect_tm__builder.hpp
[1.492s] -- Symlinking: /home/csrobot/flexbe_ws/install/tm_msgs/include/tm_msgs/tm_msgs/srv/detail/connect_tm__struct.hpp
[1.500s] -- Symlinking: /home/csrobot/flexbe_ws/install/tm_msgs/include/tm_msgs/tm_msgs/srv/detail/connect_tm__traits.hpp
[1.507s] -- Symlinking: /home/csrobot/flexbe_ws/install/tm_msgs/include/tm_msgs/tm_msgs/srv/detail/connect_tm__type_support.hpp
[1.514s] -- Symlinking: /home/csrobot/flexbe_ws/install/tm_msgs/include/tm_msgs/tm_msgs/srv/detail/send_script__builder.hpp
[1.521s] -- Symlinking: /home/csrobot/flexbe_ws/install/tm_msgs/include/tm_msgs/tm_msgs/srv/detail/send_script__struct.hpp
[1.528s] -- Symlinking: /home/csrobot/flexbe_ws/install/tm_msgs/include/tm_msgs/tm_msgs/srv/detail/send_script__traits.hpp
[1.540s] -- Symlinking: /home/csrobot/flexbe_ws/install/tm_msgs/include/tm_msgs/tm_msgs/srv/detail/send_script__type_support.hpp
[1.549s] -- Symlinking: /home/csrobot/flexbe_ws/install/tm_msgs/include/tm_msgs/tm_msgs/srv/detail/set_event__builder.hpp
[1.559s] -- Symlinking: /home/csrobot/flexbe_ws/install/tm_msgs/include/tm_msgs/tm_msgs/srv/detail/set_event__struct.hpp
[1.566s] -- Symlinking: /home/csrobot/flexbe_ws/install/tm_msgs/include/tm_msgs/tm_msgs/srv/detail/set_event__traits.hpp
[1.580s] -- Symlinking: /home/csrobot/flexbe_ws/install/tm_msgs/include/tm_msgs/tm_msgs/srv/detail/set_event__type_support.hpp
[1.592s] -- Symlinking: /home/csrobot/flexbe_ws/install/tm_msgs/include/tm_msgs/tm_msgs/srv/detail/set_io__builder.hpp
[1.599s] -- Symlinking: /home/csrobot/flexbe_ws/install/tm_msgs/include/tm_msgs/tm_msgs/srv/detail/set_io__struct.hpp
[1.606s] -- Symlinking: /home/csrobot/flexbe_ws/install/tm_msgs/include/tm_msgs/tm_msgs/srv/detail/set_io__traits.hpp
[1.613s] -- Symlinking: /home/csrobot/flexbe_ws/install/tm_msgs/include/tm_msgs/tm_msgs/srv/detail/set_io__type_support.hpp
[1.620s] -- Symlinking: /home/csrobot/flexbe_ws/install/tm_msgs/include/tm_msgs/tm_msgs/srv/detail/set_positions__builder.hpp
[1.626s] -- Symlinking: /home/csrobot/flexbe_ws/install/tm_msgs/include/tm_msgs/tm_msgs/srv/detail/set_positions__struct.hpp
[1.633s] -- Symlinking: /home/csrobot/flexbe_ws/install/tm_msgs/include/tm_msgs/tm_msgs/srv/detail/set_positions__traits.hpp
[1.640s] -- Symlinking: /home/csrobot/flexbe_ws/install/tm_msgs/include/tm_msgs/tm_msgs/srv/detail/set_positions__type_support.hpp
[1.647s] -- Symlinking: /home/csrobot/flexbe_ws/install/tm_msgs/include/tm_msgs/tm_msgs/srv/detail/write_item__builder.hpp
[1.654s] -- Symlinking: /home/csrobot/flexbe_ws/install/tm_msgs/include/tm_msgs/tm_msgs/srv/detail/write_item__struct.hpp
[1.663s] -- Symlinking: /home/csrobot/flexbe_ws/install/tm_msgs/include/tm_msgs/tm_msgs/srv/detail/write_item__traits.hpp
[1.669s] -- Symlinking: /home/csrobot/flexbe_ws/install/tm_msgs/include/tm_msgs/tm_msgs/srv/detail/write_item__type_support.hpp
[1.676s] -- Symlinking: /home/csrobot/flexbe_ws/install/tm_msgs/include/tm_msgs/tm_msgs/srv/send_script.hpp
[1.682s] -- Symlinking: /home/csrobot/flexbe_ws/install/tm_msgs/include/tm_msgs/tm_msgs/srv/set_event.hpp
[1.689s] -- Symlinking: /home/csrobot/flexbe_ws/install/tm_msgs/include/tm_msgs/tm_msgs/srv/set_io.hpp
[1.696s] -- Symlinking: /home/csrobot/flexbe_ws/install/tm_msgs/include/tm_msgs/tm_msgs/srv/set_positions.hpp
[1.703s] -- Symlinking: /home/csrobot/flexbe_ws/install/tm_msgs/include/tm_msgs/tm_msgs/srv/write_item.hpp
[1.710s] -- Symlinking: /home/csrobot/flexbe_ws/install/tm_msgs/include/tm_msgs/tm_msgs/msg/detail/feedback_state__rosidl_typesupport_fastrtps_cpp.hpp
[1.719s] -- Symlinking: /home/csrobot/flexbe_ws/install/tm_msgs/include/tm_msgs/tm_msgs/msg/detail/sct_response__rosidl_typesupport_fastrtps_cpp.hpp
[1.724s] -- Symlinking: /home/csrobot/flexbe_ws/install/tm_msgs/include/tm_msgs/tm_msgs/msg/detail/sta_response__rosidl_typesupport_fastrtps_cpp.hpp
[1.730s] -- Symlinking: /home/csrobot/flexbe_ws/install/tm_msgs/include/tm_msgs/tm_msgs/msg/detail/svr_response__rosidl_typesupport_fastrtps_cpp.hpp
[1.742s] -- Symlinking: /home/csrobot/flexbe_ws/install/tm_msgs/include/tm_msgs/tm_msgs/msg/rosidl_typesupport_fastrtps_cpp__visibility_control.h
[1.744s] -- Symlinking: /home/csrobot/flexbe_ws/install/tm_msgs/include/tm_msgs/tm_msgs/srv/detail/ask_item__rosidl_typesupport_fastrtps_cpp.hpp
[1.755s] -- Symlinking: /home/csrobot/flexbe_ws/install/tm_msgs/include/tm_msgs/tm_msgs/srv/detail/ask_sta__rosidl_typesupport_fastrtps_cpp.hpp
[1.758s] -- Symlinking: /home/csrobot/flexbe_ws/install/tm_msgs/include/tm_msgs/tm_msgs/srv/detail/connect_tm__rosidl_typesupport_fastrtps_cpp.hpp
[1.766s] -- Symlinking: /home/csrobot/flexbe_ws/install/tm_msgs/include/tm_msgs/tm_msgs/srv/detail/send_script__rosidl_typesupport_fastrtps_cpp.hpp
[1.773s] -- Symlinking: /home/csrobot/flexbe_ws/install/tm_msgs/include/tm_msgs/tm_msgs/srv/detail/set_event__rosidl_typesupport_fastrtps_cpp.hpp
[1.782s] -- Symlinking: /home/csrobot/flexbe_ws/install/tm_msgs/include/tm_msgs/tm_msgs/srv/detail/set_io__rosidl_typesupport_fastrtps_cpp.hpp
[1.789s] -- Symlinking: /home/csrobot/flexbe_ws/install/tm_msgs/include/tm_msgs/tm_msgs/srv/detail/set_positions__rosidl_typesupport_fastrtps_cpp.hpp
[1.796s] -- Symlinking: /home/csrobot/flexbe_ws/install/tm_msgs/include/tm_msgs/tm_msgs/srv/detail/write_item__rosidl_typesupport_fastrtps_cpp.hpp
[1.802s] -- Symlinking: /home/csrobot/flexbe_ws/install/tm_msgs/include/tm_msgs/tm_msgs/msg/detail/feedback_state__rosidl_typesupport_introspection_c.h
[1.808s] -- Symlinking: /home/csrobot/flexbe_ws/install/tm_msgs/include/tm_msgs/tm_msgs/msg/detail/sct_response__rosidl_typesupport_introspection_c.h
[1.814s] -- Symlinking: /home/csrobot/flexbe_ws/install/tm_msgs/include/tm_msgs/tm_msgs/msg/detail/sta_response__rosidl_typesupport_introspection_c.h
[1.824s] -- Symlinking: /home/csrobot/flexbe_ws/install/tm_msgs/include/tm_msgs/tm_msgs/msg/detail/svr_response__rosidl_typesupport_introspection_c.h
[1.830s] -- Symlinking: /home/csrobot/flexbe_ws/install/tm_msgs/include/tm_msgs/tm_msgs/msg/rosidl_typesupport_introspection_c__visibility_control.h
[1.837s] -- Symlinking: /home/csrobot/flexbe_ws/install/tm_msgs/include/tm_msgs/tm_msgs/srv/detail/ask_item__rosidl_typesupport_introspection_c.h
[1.843s] -- Symlinking: /home/csrobot/flexbe_ws/install/tm_msgs/include/tm_msgs/tm_msgs/srv/detail/ask_sta__rosidl_typesupport_introspection_c.h
[1.848s] -- Symlinking: /home/csrobot/flexbe_ws/install/tm_msgs/include/tm_msgs/tm_msgs/srv/detail/connect_tm__rosidl_typesupport_introspection_c.h
[1.855s] -- Symlinking: /home/csrobot/flexbe_ws/install/tm_msgs/include/tm_msgs/tm_msgs/srv/detail/send_script__rosidl_typesupport_introspection_c.h
[1.861s] -- Symlinking: /home/csrobot/flexbe_ws/install/tm_msgs/include/tm_msgs/tm_msgs/srv/detail/set_event__rosidl_typesupport_introspection_c.h
[1.868s] -- Symlinking: /home/csrobot/flexbe_ws/install/tm_msgs/include/tm_msgs/tm_msgs/srv/detail/set_io__rosidl_typesupport_introspection_c.h
[1.875s] -- Symlinking: /home/csrobot/flexbe_ws/install/tm_msgs/include/tm_msgs/tm_msgs/srv/detail/set_positions__rosidl_typesupport_introspection_c.h
[1.881s] -- Symlinking: /home/csrobot/flexbe_ws/install/tm_msgs/include/tm_msgs/tm_msgs/srv/detail/write_item__rosidl_typesupport_introspection_c.h
[1.888s] -- Symlinking: /home/csrobot/flexbe_ws/install/tm_msgs/include/tm_msgs/tm_msgs/msg/detail/feedback_state__rosidl_typesupport_introspection_cpp.hpp
[1.894s] -- Symlinking: /home/csrobot/flexbe_ws/install/tm_msgs/include/tm_msgs/tm_msgs/msg/detail/sct_response__rosidl_typesupport_introspection_cpp.hpp
[1.901s] -- Symlinking: /home/csrobot/flexbe_ws/install/tm_msgs/include/tm_msgs/tm_msgs/msg/detail/sta_response__rosidl_typesupport_introspection_cpp.hpp
[1.909s] -- Symlinking: /home/csrobot/flexbe_ws/install/tm_msgs/include/tm_msgs/tm_msgs/msg/detail/svr_response__rosidl_typesupport_introspection_cpp.hpp
[1.917s] -- Symlinking: /home/csrobot/flexbe_ws/install/tm_msgs/include/tm_msgs/tm_msgs/srv/detail/ask_item__rosidl_typesupport_introspection_cpp.hpp
[1.924s] -- Symlinking: /home/csrobot/flexbe_ws/install/tm_msgs/include/tm_msgs/tm_msgs/srv/detail/ask_sta__rosidl_typesupport_introspection_cpp.hpp
[1.937s] -- Symlinking: /home/csrobot/flexbe_ws/install/tm_msgs/include/tm_msgs/tm_msgs/srv/detail/connect_tm__rosidl_typesupport_introspection_cpp.hpp
[1.937s] -- Symlinking: /home/csrobot/flexbe_ws/install/tm_msgs/include/tm_msgs/tm_msgs/srv/detail/send_script__rosidl_typesupport_introspection_cpp.hpp
[1.943s] -- Symlinking: /home/csrobot/flexbe_ws/install/tm_msgs/include/tm_msgs/tm_msgs/srv/detail/set_event__rosidl_typesupport_introspection_cpp.hpp
[1.949s] -- Symlinking: /home/csrobot/flexbe_ws/install/tm_msgs/include/tm_msgs/tm_msgs/srv/detail/set_io__rosidl_typesupport_introspection_cpp.hpp
[1.958s] -- Symlinking: /home/csrobot/flexbe_ws/install/tm_msgs/include/tm_msgs/tm_msgs/srv/detail/set_positions__rosidl_typesupport_introspection_cpp.hpp
[1.966s] -- Symlinking: /home/csrobot/flexbe_ws/install/tm_msgs/include/tm_msgs/tm_msgs/srv/detail/write_item__rosidl_typesupport_introspection_cpp.hpp
[1.972s] -- Symlinking: /home/csrobot/flexbe_ws/install/tm_msgs/share/tm_msgs/environment/pythonpath.sh
[1.980s] -- Symlinking: /home/csrobot/flexbe_ws/install/tm_msgs/share/tm_msgs/environment/pythonpath.dsv
[1.994s] -- Symlinking: /home/csrobot/flexbe_ws/install/tm_msgs/lib/python3.12/site-packages/tm_msgs-1.1.2-py3.12.egg-info/PKG-INFO
[2.001s] -- Symlinking: /home/csrobot/flexbe_ws/install/tm_msgs/lib/python3.12/site-packages/tm_msgs-1.1.2-py3.12.egg-info/SOURCES.txt
[2.009s] -- Symlinking: /home/csrobot/flexbe_ws/install/tm_msgs/lib/python3.12/site-packages/tm_msgs-1.1.2-py3.12.egg-info/dependency_links.txt
[2.016s] -- Symlinking: /home/csrobot/flexbe_ws/install/tm_msgs/lib/python3.12/site-packages/tm_msgs-1.1.2-py3.12.egg-info/top_level.txt
[2.023s] -- Symlinking: /home/csrobot/flexbe_ws/install/tm_msgs/lib/python3.12/site-packages/tm_msgs/__init__.py
[2.032s] -- Symlinking: /home/csrobot/flexbe_ws/install/tm_msgs/lib/python3.12/site-packages/tm_msgs/_tm_msgs_s.ep.rosidl_typesupport_c.c
[2.039s] -- Symlinking: /home/csrobot/flexbe_ws/install/tm_msgs/lib/python3.12/site-packages/tm_msgs/_tm_msgs_s.ep.rosidl_typesupport_fastrtps_c.c
[2.045s] -- Symlinking: /home/csrobot/flexbe_ws/install/tm_msgs/lib/python3.12/site-packages/tm_msgs/_tm_msgs_s.ep.rosidl_typesupport_introspection_c.c
[2.052s] -- Symlinking: /home/csrobot/flexbe_ws/install/tm_msgs/lib/python3.12/site-packages/tm_msgs/msg/__init__.py
[2.059s] -- Symlinking: /home/csrobot/flexbe_ws/install/tm_msgs/lib/python3.12/site-packages/tm_msgs/msg/_feedback_state.py
[2.066s] -- Symlinking: /home/csrobot/flexbe_ws/install/tm_msgs/lib/python3.12/site-packages/tm_msgs/msg/_feedback_state_s.c
[2.073s] -- Symlinking: /home/csrobot/flexbe_ws/install/tm_msgs/lib/python3.12/site-packages/tm_msgs/msg/_sct_response.py
[2.080s] -- Symlinking: /home/csrobot/flexbe_ws/install/tm_msgs/lib/python3.12/site-packages/tm_msgs/msg/_sct_response_s.c
[2.089s] -- Symlinking: /home/csrobot/flexbe_ws/install/tm_msgs/lib/python3.12/site-packages/tm_msgs/msg/_sta_response.py
[2.097s] -- Symlinking: /home/csrobot/flexbe_ws/install/tm_msgs/lib/python3.12/site-packages/tm_msgs/msg/_sta_response_s.c
[2.102s] -- Symlinking: /home/csrobot/flexbe_ws/install/tm_msgs/lib/python3.12/site-packages/tm_msgs/msg/_svr_response.py
[2.108s] -- Symlinking: /home/csrobot/flexbe_ws/install/tm_msgs/lib/python3.12/site-packages/tm_msgs/msg/_svr_response_s.c
[2.116s] -- Symlinking: /home/csrobot/flexbe_ws/install/tm_msgs/lib/python3.12/site-packages/tm_msgs/srv/__init__.py
[2.122s] -- Symlinking: /home/csrobot/flexbe_ws/install/tm_msgs/lib/python3.12/site-packages/tm_msgs/srv/_ask_item.py
[2.129s] -- Symlinking: /home/csrobot/flexbe_ws/install/tm_msgs/lib/python3.12/site-packages/tm_msgs/srv/_ask_item_s.c
[2.136s] -- Symlinking: /home/csrobot/flexbe_ws/install/tm_msgs/lib/python3.12/site-packages/tm_msgs/srv/_ask_sta.py
[2.143s] -- Symlinking: /home/csrobot/flexbe_ws/install/tm_msgs/lib/python3.12/site-packages/tm_msgs/srv/_ask_sta_s.c
[2.158s] -- Symlinking: /home/csrobot/flexbe_ws/install/tm_msgs/lib/python3.12/site-packages/tm_msgs/srv/_connect_tm.py
[2.167s] -- Symlinking: /home/csrobot/flexbe_ws/install/tm_msgs/lib/python3.12/site-packages/tm_msgs/srv/_connect_tm_s.c
[2.173s] -- Symlinking: /home/csrobot/flexbe_ws/install/tm_msgs/lib/python3.12/site-packages/tm_msgs/srv/_send_script.py
[2.180s] -- Symlinking: /home/csrobot/flexbe_ws/install/tm_msgs/lib/python3.12/site-packages/tm_msgs/srv/_send_script_s.c
[2.187s] -- Symlinking: /home/csrobot/flexbe_ws/install/tm_msgs/lib/python3.12/site-packages/tm_msgs/srv/_set_event.py
[2.194s] -- Symlinking: /home/csrobot/flexbe_ws/install/tm_msgs/lib/python3.12/site-packages/tm_msgs/srv/_set_event_s.c
[2.201s] -- Symlinking: /home/csrobot/flexbe_ws/install/tm_msgs/lib/python3.12/site-packages/tm_msgs/srv/_set_io.py
[2.208s] -- Symlinking: /home/csrobot/flexbe_ws/install/tm_msgs/lib/python3.12/site-packages/tm_msgs/srv/_set_io_s.c
[2.215s] -- Symlinking: /home/csrobot/flexbe_ws/install/tm_msgs/lib/python3.12/site-packages/tm_msgs/srv/_set_positions.py
[2.222s] -- Symlinking: /home/csrobot/flexbe_ws/install/tm_msgs/lib/python3.12/site-packages/tm_msgs/srv/_set_positions_s.c
[2.230s] -- Symlinking: /home/csrobot/flexbe_ws/install/tm_msgs/lib/python3.12/site-packages/tm_msgs/srv/_write_item.py
[2.236s] -- Symlinking: /home/csrobot/flexbe_ws/install/tm_msgs/lib/python3.12/site-packages/tm_msgs/srv/_write_item_s.c
[2.245s] -- Symlinking: /home/csrobot/flexbe_ws/install/tm_msgs/lib/python3.12/site-packages/tm_msgs/tm_msgs_s__rosidl_typesupport_c.so
[2.250s] -- Symlinking: /home/csrobot/flexbe_ws/install/tm_msgs/lib/python3.12/site-packages/tm_msgs/tm_msgs_s__rosidl_typesupport_fastrtps_c.so
[2.256s] -- Symlinking: /home/csrobot/flexbe_ws/install/tm_msgs/lib/python3.12/site-packages/tm_msgs/tm_msgs_s__rosidl_typesupport_introspection_c.so
[2.266s] -- Up-to-date symlink: /home/csrobot/flexbe_ws/install/tm_msgs/lib/python3.12/site-packages/tm_msgs/tm_msgs_s__rosidl_typesupport_fastrtps_c.so
[2.266s] -- Up-to-date symlink: /home/csrobot/flexbe_ws/install/tm_msgs/lib/python3.12/site-packages/tm_msgs/tm_msgs_s__rosidl_typesupport_introspection_c.so
[2.266s] -- Up-to-date symlink: /home/csrobot/flexbe_ws/install/tm_msgs/lib/python3.12/site-packages/tm_msgs/tm_msgs_s__rosidl_typesupport_c.so
[2.266s] -- Symlinking: /home/csrobot/flexbe_ws/install/tm_msgs/share/tm_msgs/msg/FeedbackState.idl
[2.271s] -- Symlinking: /home/csrobot/flexbe_ws/install/tm_msgs/share/tm_msgs/msg/SvrResponse.idl
[2.278s] -- Symlinking: /home/csrobot/flexbe_ws/install/tm_msgs/share/tm_msgs/msg/SctResponse.idl
[2.288s] -- Symlinking: /home/csrobot/flexbe_ws/install/tm_msgs/share/tm_msgs/msg/StaResponse.idl
[2.294s] -- Symlinking: /home/csrobot/flexbe_ws/install/tm_msgs/share/tm_msgs/srv/ConnectTM.idl
[2.301s] -- Symlinking: /home/csrobot/flexbe_ws/install/tm_msgs/share/tm_msgs/srv/WriteItem.idl
[2.308s] -- Symlinking: /home/csrobot/flexbe_ws/install/tm_msgs/share/tm_msgs/srv/AskItem.idl
[2.315s] -- Symlinking: /home/csrobot/flexbe_ws/install/tm_msgs/share/tm_msgs/srv/SendScript.idl
[2.322s] -- Symlinking: /home/csrobot/flexbe_ws/install/tm_msgs/share/tm_msgs/srv/SetEvent.idl
[2.329s] -- Symlinking: /home/csrobot/flexbe_ws/install/tm_msgs/share/tm_msgs/srv/SetIO.idl
[2.335s] -- Symlinking: /home/csrobot/flexbe_ws/install/tm_msgs/share/tm_msgs/srv/SetPositions.idl
[2.341s] -- Symlinking: /home/csrobot/flexbe_ws/install/tm_msgs/share/tm_msgs/srv/AskSta.idl
[2.352s] -- Symlinking: /home/csrobot/flexbe_ws/install/tm_msgs/share/tm_msgs/msg/FeedbackState.msg
[2.359s] -- Symlinking: /home/csrobot/flexbe_ws/install/tm_msgs/share/tm_msgs/msg/SvrResponse.msg
[2.366s] -- Symlinking: /home/csrobot/flexbe_ws/install/tm_msgs/share/tm_msgs/msg/SctResponse.msg
[2.375s] -- Symlinking: /home/csrobot/flexbe_ws/install/tm_msgs/share/tm_msgs/msg/StaResponse.msg
[2.381s] -- Symlinking: /home/csrobot/flexbe_ws/install/tm_msgs/share/tm_msgs/srv/ConnectTM.srv
[2.390s] -- Symlinking: /home/csrobot/flexbe_ws/install/tm_msgs/share/tm_msgs/srv/WriteItem.srv
[2.397s] -- Symlinking: /home/csrobot/flexbe_ws/install/tm_msgs/share/tm_msgs/srv/AskItem.srv
[2.403s] -- Symlinking: /home/csrobot/flexbe_ws/install/tm_msgs/share/tm_msgs/srv/SendScript.srv
[2.411s] -- Symlinking: /home/csrobot/flexbe_ws/install/tm_msgs/share/tm_msgs/srv/SetEvent.srv
[2.419s] -- Symlinking: /home/csrobot/flexbe_ws/install/tm_msgs/share/tm_msgs/srv/SetIO.srv
[2.425s] -- Symlinking: /home/csrobot/flexbe_ws/install/tm_msgs/share/tm_msgs/srv/SetPositions.srv
[2.433s] -- Symlinking: /home/csrobot/flexbe_ws/install/tm_msgs/share/tm_msgs/srv/AskSta.srv
[2.441s] -- Symlinking: /home/csrobot/flexbe_ws/install/tm_msgs/share/ament_index/resource_index/package_run_dependencies/tm_msgs
[2.448s] -- Symlinking: /home/csrobot/flexbe_ws/install/tm_msgs/share/ament_index/resource_index/parent_prefix_path/tm_msgs
[2.456s] -- Symlinking: /home/csrobot/flexbe_ws/install/tm_msgs/share/tm_msgs/environment/ament_prefix_path.sh
[2.462s] -- Symlinking: /home/csrobot/flexbe_ws/install/tm_msgs/share/tm_msgs/environment/ament_prefix_path.dsv
[2.472s] -- Symlinking: /home/csrobot/flexbe_ws/install/tm_msgs/share/tm_msgs/environment/path.sh
[2.475s] -- Symlinking: /home/csrobot/flexbe_ws/install/tm_msgs/share/tm_msgs/environment/path.dsv
[2.482s] -- Symlinking: /home/csrobot/flexbe_ws/install/tm_msgs/share/tm_msgs/local_setup.bash
[2.493s] -- Symlinking: /home/csrobot/flexbe_ws/install/tm_msgs/share/tm_msgs/local_setup.sh
[2.499s] -- Symlinking: /home/csrobot/flexbe_ws/install/tm_msgs/share/tm_msgs/local_setup.zsh
[2.506s] -- Symlinking: /home/csrobot/flexbe_ws/install/tm_msgs/share/tm_msgs/local_setup.dsv
[2.514s] -- Symlinking: /home/csrobot/flexbe_ws/install/tm_msgs/share/tm_msgs/package.dsv
[2.522s] -- Symlinking: /home/csrobot/flexbe_ws/install/tm_msgs/share/ament_index/resource_index/packages/tm_msgs
[2.528s] -- Symlinking: /home/csrobot/flexbe_ws/install/tm_msgs/share/tm_msgs/cmake/rosidl_cmake-extras.cmake
[2.535s] -- Symlinking: /home/csrobot/flexbe_ws/install/tm_msgs/share/tm_msgs/cmake/ament_cmake_export_dependencies-extras.cmake
[2.542s] -- Symlinking: /home/csrobot/flexbe_ws/install/tm_msgs/share/tm_msgs/cmake/ament_cmake_export_include_directories-extras.cmake
[2.549s] -- Symlinking: /home/csrobot/flexbe_ws/install/tm_msgs/share/tm_msgs/cmake/ament_cmake_export_libraries-extras.cmake
[2.556s] -- Symlinking: /home/csrobot/flexbe_ws/install/tm_msgs/share/tm_msgs/cmake/ament_cmake_export_targets-extras.cmake
[2.563s] -- Symlinking: /home/csrobot/flexbe_ws/install/tm_msgs/share/tm_msgs/cmake/rosidl_cmake_export_typesupport_targets-extras.cmake
[2.570s] -- Symlinking: /home/csrobot/flexbe_ws/install/tm_msgs/share/tm_msgs/cmake/rosidl_cmake_export_typesupport_libraries-extras.cmake
[2.577s] -- Symlinking: /home/csrobot/flexbe_ws/install/tm_msgs/share/tm_msgs/cmake/tm_msgsConfig.cmake
[2.584s] -- Symlinking: /home/csrobot/flexbe_ws/install/tm_msgs/share/tm_msgs/cmake/tm_msgsConfig-version.cmake
[2.590s] -- Symlinking: /home/csrobot/flexbe_ws/install/tm_msgs/share/tm_msgs/package.xml
[2.597s] -- Installing: /home/csrobot/flexbe_ws/install/tm_msgs/lib/libtm_msgs__rosidl_generator_c.so
[2.598s] -- Set non-toolchain portion of runtime path of "/home/csrobot/flexbe_ws/install/tm_msgs/lib/libtm_msgs__rosidl_generator_c.so" to ""
[2.598s] -- Installing: /home/csrobot/flexbe_ws/install/tm_msgs/lib/libtm_msgs__rosidl_typesupport_fastrtps_c.so
[2.602s] -- Set non-toolchain portion of runtime path of "/home/csrobot/flexbe_ws/install/tm_msgs/lib/libtm_msgs__rosidl_typesupport_fastrtps_c.so" to ""
[2.602s] -- Installing: /home/csrobot/flexbe_ws/install/tm_msgs/lib/libtm_msgs__rosidl_typesupport_fastrtps_cpp.so
[2.602s] -- Set non-toolchain portion of runtime path of "/home/csrobot/flexbe_ws/install/tm_msgs/lib/libtm_msgs__rosidl_typesupport_fastrtps_cpp.so" to ""
[2.602s] -- Installing: /home/csrobot/flexbe_ws/install/tm_msgs/lib/libtm_msgs__rosidl_typesupport_introspection_c.so
[2.602s] -- Set non-toolchain portion of runtime path of "/home/csrobot/flexbe_ws/install/tm_msgs/lib/libtm_msgs__rosidl_typesupport_introspection_c.so" to ""
[2.602s] -- Installing: /home/csrobot/flexbe_ws/install/tm_msgs/lib/libtm_msgs__rosidl_typesupport_c.so
[2.602s] -- Set non-toolchain portion of runtime path of "/home/csrobot/flexbe_ws/install/tm_msgs/lib/libtm_msgs__rosidl_typesupport_c.so" to ""
[2.602s] -- Installing: /home/csrobot/flexbe_ws/install/tm_msgs/lib/libtm_msgs__rosidl_typesupport_introspection_cpp.so
[2.603s] -- Set non-toolchain portion of runtime path of "/home/csrobot/flexbe_ws/install/tm_msgs/lib/libtm_msgs__rosidl_typesupport_introspection_cpp.so" to ""
[2.608s] -- Installing: /home/csrobot/flexbe_ws/install/tm_msgs/lib/libtm_msgs__rosidl_typesupport_cpp.so
[2.609s] -- Set non-toolchain portion of runtime path of "/home/csrobot/flexbe_ws/install/tm_msgs/lib/libtm_msgs__rosidl_typesupport_cpp.so" to ""
[2.675s] Listing '/home/csrobot/flexbe_ws/install/tm_msgs/lib/python3.12/site-packages/tm_msgs'...
[2.675s] Compiling '/home/csrobot/flexbe_ws/install/tm_msgs/lib/python3.12/site-packages/tm_msgs/__init__.py'...
[2.675s] Listing '/home/csrobot/flexbe_ws/install/tm_msgs/lib/python3.12/site-packages/tm_msgs/msg'...
[2.675s] Compiling '/home/csrobot/flexbe_ws/install/tm_msgs/lib/python3.12/site-packages/tm_msgs/msg/__init__.py'...
[2.675s] Compiling '/home/csrobot/flexbe_ws/install/tm_msgs/lib/python3.12/site-packages/tm_msgs/msg/_feedback_state.py'...
[2.675s] Compiling '/home/csrobot/flexbe_ws/install/tm_msgs/lib/python3.12/site-packages/tm_msgs/msg/_sct_response.py'...
[2.675s] Compiling '/home/csrobot/flexbe_ws/install/tm_msgs/lib/python3.12/site-packages/tm_msgs/msg/_sta_response.py'...
[2.675s] Compiling '/home/csrobot/flexbe_ws/install/tm_msgs/lib/python3.12/site-packages/tm_msgs/msg/_svr_response.py'...
[2.675s] Listing '/home/csrobot/flexbe_ws/install/tm_msgs/lib/python3.12/site-packages/tm_msgs/srv'...
[2.675s] Compiling '/home/csrobot/flexbe_ws/install/tm_msgs/lib/python3.12/site-packages/tm_msgs/srv/__init__.py'...
[2.675s] Compiling '/home/csrobot/flexbe_ws/install/tm_msgs/lib/python3.12/site-packages/tm_msgs/srv/_ask_item.py'...
[2.675s] Compiling '/home/csrobot/flexbe_ws/install/tm_msgs/lib/python3.12/site-packages/tm_msgs/srv/_ask_sta.py'...
[2.675s] Compiling '/home/csrobot/flexbe_ws/install/tm_msgs/lib/python3.12/site-packages/tm_msgs/srv/_connect_tm.py'...
[2.675s] Compiling '/home/csrobot/flexbe_ws/install/tm_msgs/lib/python3.12/site-packages/tm_msgs/srv/_send_script.py'...
[2.676s] Compiling '/home/csrobot/flexbe_ws/install/tm_msgs/lib/python3.12/site-packages/tm_msgs/srv/_set_event.py'...
[2.676s] Compiling '/home/csrobot/flexbe_ws/install/tm_msgs/lib/python3.12/site-packages/tm_msgs/srv/_set_io.py'...
[2.676s] Compiling '/home/csrobot/flexbe_ws/install/tm_msgs/lib/python3.12/site-packages/tm_msgs/srv/_set_positions.py'...
[2.676s] Compiling '/home/csrobot/flexbe_ws/install/tm_msgs/lib/python3.12/site-packages/tm_msgs/srv/_write_item.py'...
[2.681s] -- Installing: /home/csrobot/flexbe_ws/install/tm_msgs/lib/libtm_msgs__rosidl_generator_py.so
[2.681s] -- Set non-toolchain portion of runtime path of "/home/csrobot/flexbe_ws/install/tm_msgs/lib/libtm_msgs__rosidl_generator_py.so" to ""
[2.681s] -- Installing: /home/csrobot/flexbe_ws/install/tm_msgs/share/tm_msgs/cmake/export_tm_msgs__rosidl_generator_cExport.cmake
[2.682s] -- Installing: /home/csrobot/flexbe_ws/install/tm_msgs/share/tm_msgs/cmake/export_tm_msgs__rosidl_generator_cExport-noconfig.cmake
[2.682s] -- Installing: /home/csrobot/flexbe_ws/install/tm_msgs/share/tm_msgs/cmake/export_tm_msgs__rosidl_typesupport_fastrtps_cExport.cmake
[2.683s] -- Installing: /home/csrobot/flexbe_ws/install/tm_msgs/share/tm_msgs/cmake/export_tm_msgs__rosidl_typesupport_fastrtps_cExport-noconfig.cmake
[2.683s] -- Installing: /home/csrobot/flexbe_ws/install/tm_msgs/share/tm_msgs/cmake/export_tm_msgs__rosidl_generator_cppExport.cmake
[2.683s] -- Installing: /home/csrobot/flexbe_ws/install/tm_msgs/share/tm_msgs/cmake/export_tm_msgs__rosidl_typesupport_fastrtps_cppExport.cmake
[2.684s] -- Installing: /home/csrobot/flexbe_ws/install/tm_msgs/share/tm_msgs/cmake/export_tm_msgs__rosidl_typesupport_fastrtps_cppExport-noconfig.cmake
[2.684s] -- Installing: /home/csrobot/flexbe_ws/install/tm_msgs/share/tm_msgs/cmake/tm_msgs__rosidl_typesupport_introspection_cExport.cmake
[2.685s] -- Installing: /home/csrobot/flexbe_ws/install/tm_msgs/share/tm_msgs/cmake/tm_msgs__rosidl_typesupport_introspection_cExport-noconfig.cmake
[2.685s] -- Installing: /home/csrobot/flexbe_ws/install/tm_msgs/share/tm_msgs/cmake/tm_msgs__rosidl_typesupport_cExport.cmake
[2.685s] -- Installing: /home/csrobot/flexbe_ws/install/tm_msgs/share/tm_msgs/cmake/tm_msgs__rosidl_typesupport_cExport-noconfig.cmake
[2.686s] -- Installing: /home/csrobot/flexbe_ws/install/tm_msgs/share/tm_msgs/cmake/tm_msgs__rosidl_typesupport_introspection_cppExport.cmake
[2.686s] -- Installing: /home/csrobot/flexbe_ws/install/tm_msgs/share/tm_msgs/cmake/tm_msgs__rosidl_typesupport_introspection_cppExport-noconfig.cmake
[2.687s] -- Installing: /home/csrobot/flexbe_ws/install/tm_msgs/share/tm_msgs/cmake/tm_msgs__rosidl_typesupport_cppExport.cmake
[2.687s] -- Installing: /home/csrobot/flexbe_ws/install/tm_msgs/share/tm_msgs/cmake/tm_msgs__rosidl_typesupport_cppExport-noconfig.cmake
[2.688s] -- Installing: /home/csrobot/flexbe_ws/install/tm_msgs/share/tm_msgs/cmake/export_tm_msgs__rosidl_generator_pyExport.cmake
[2.688s] -- Installing: /home/csrobot/flexbe_ws/install/tm_msgs/share/tm_msgs/cmake/export_tm_msgs__rosidl_generator_pyExport-noconfig.cmake
[2.693s] Invoked command in '/home/csrobot/flexbe_ws/build/tm_msgs' returned '0': CMAKE_PREFIX_PATH=${CMAKE_PREFIX_PATH}:/opt/ros/jazzy DEBUGINFOD_URLS=https://debuginfod.ubuntu.com /usr/bin/cmake --install /home/csrobot/flexbe_ws/build/tm_msgs
