-- The C compiler identification is GNU 11.4.0
-- The CXX compiler identification is GNU 11.4.0
-- Detecting C compiler ABI info
-- Detecting C compiler ABI info - done
-- Check for working C compiler: /usr/bin/cc - skipped
-- Detecting C compile features
-- Detecting C compile features - done
-- Detecting CXX compiler ABI info
-- Detecting CXX compiler ABI info - done
-- Check for working CXX compiler: /usr/bin/c++ - skipped
-- Detecting CXX compile features
-- Detecting CXX compile features - done
-- Found ament_cmake: 1.3.12 (/home/csrobot/ros2_humble/install/ament_cmake/share/ament_cmake/cmake)
-- Found Python3: /usr/bin/python3 (found version "3.10.12") found components: Interpreter 
-- Found rclcpp: 16.0.13 (/home/csrobot/ros2_humble/install/rclcpp/share/rclcpp/cmake)
-- Found rosidl_generator_c: 3.1.6 (/home/csrobot/ros2_humble/install/rosidl_generator_c/share/rosidl_generator_c/cmake)
-- Found rosidl_adapter: 3.1.6 (/home/csrobot/ros2_humble/install/rosidl_adapter/share/rosidl_adapter/cmake)
-- Found rosidl_generator_cpp: 3.1.6 (/home/csrobot/ros2_humble/install/rosidl_generator_cpp/share/rosidl_generator_cpp/cmake)
-- Using all available rosidl_typesupport_c: rosidl_typesupport_introspection_c;rosidl_typesupport_fastrtps_c
-- Using all available rosidl_typesupport_cpp: rosidl_typesupport_introspection_cpp;rosidl_typesupport_fastrtps_cpp
-- Found rmw_implementation_cmake: 6.1.2 (/home/csrobot/ros2_humble/install/rmw_implementation_cmake/share/rmw_implementation_cmake/cmake)
-- Found rmw_fastrtps_cpp: 6.2.7 (/home/csrobot/ros2_humble/install/rmw_fastrtps_cpp/share/rmw_fastrtps_cpp/cmake)
-- Found OpenSSL: /usr/lib/x86_64-linux-gnu/libcrypto.so (found version "3.0.2")  
-- Found FastRTPS: /home/csrobot/ros2_humble/install/fastrtps/include  
-- Using RMW implementation 'rmw_fastrtps_cpp' as default
-- Looking for pthread.h
-- Looking for pthread.h - found
-- Performing Test CMAKE_HAVE_LIBC_PTHREAD
-- Performing Test CMAKE_HAVE_LIBC_PTHREAD - Success
-- Found Threads: TRUE  
-- Found rclcpp_action: 16.0.13 (/home/csrobot/ros2_humble/install/rclcpp_action/share/rclcpp_action/cmake)
-- Found tm_msgs: 1.1.2 (/home/csrobot/flexbe_ws/install/tm_msgs/share/tm_msgs/cmake)
-- Found ament_lint_auto: 0.12.12 (/home/csrobot/ros2_humble/install/ament_lint_auto/share/ament_lint_auto/cmake)
-- Added test 'copyright' to check source files copyright and LICENSE
-- Added test 'cppcheck' to perform static code analysis on C / C++ code
-- Configured cppcheck include dirs: 
-- Configured cppcheck exclude dirs and/or files: 
-- Added test 'cpplint' to check C / C++ code against the Google style
-- Configured cpplint exclude dirs and/or files: 
-- Added test 'flake8' to check Python code syntax and style conventions
-- Added test 'lint_cmake' to check CMake code style
-- Added test 'pep257' to check Python code against some of the docstring style conventions in PEP 257
-- Added test 'uncrustify' to check C / C++ code style
-- Configured uncrustify additional arguments: 
-- Added test 'xmllint' to check XML markup files
-- Configuring done
-- Generating done
-- Build files have been written to: /home/csrobot/flexbe_ws/build/ui_for_debug_and_demo
[ 14%] [34m[1mAutomatic MOC and UIC for target robot_ui[0m
[ 14%] Built target robot_ui_autogen
[ 28%] [34m[1mGenerating ui_tm_ros_driver_windows.h[0m
[ 42%] [32mBuilding CXX object CMakeFiles/robot_ui.dir/robot_ui_autogen/mocs_compilation.cpp.o[0m
[ 57%] [32mBuilding CXX object CMakeFiles/robot_ui.dir/src/tm_ros_driver_windows.cpp.o[0m
[ 71%] [32mBuilding CXX object CMakeFiles/robot_ui.dir/src/main.cpp.o[0m
[ 85%] [32mBuilding CXX object CMakeFiles/robot_ui.dir/src/ros_page.cpp.o[0m
[100%] [32m[1mLinking CXX executable robot_ui[0m
[100%] Built target robot_ui
-- Install configuration: ""
-- Installing: /home/csrobot/flexbe_ws/install/ui_for_debug_and_demo/lib/ui_for_debug_and_demo/robot_ui
-- Set runtime path of "/home/csrobot/flexbe_ws/install/ui_for_debug_and_demo/lib/ui_for_debug_and_demo/robot_ui" to ""
-- Installing: /home/csrobot/flexbe_ws/install/ui_for_debug_and_demo/share/ui_for_debug_and_demo/launch
-- Installing: /home/csrobot/flexbe_ws/install/ui_for_debug_and_demo/share/ui_for_debug_and_demo/launch/tm_gui.launch.py
-- Installing: /home/csrobot/flexbe_ws/install/ui_for_debug_and_demo/share/ament_index/resource_index/package_run_dependencies/ui_for_debug_and_demo
-- Installing: /home/csrobot/flexbe_ws/install/ui_for_debug_and_demo/share/ament_index/resource_index/parent_prefix_path/ui_for_debug_and_demo
-- Installing: /home/csrobot/flexbe_ws/install/ui_for_debug_and_demo/share/ui_for_debug_and_demo/environment/ament_prefix_path.sh
-- Installing: /home/csrobot/flexbe_ws/install/ui_for_debug_and_demo/share/ui_for_debug_and_demo/environment/ament_prefix_path.dsv
-- Installing: /home/csrobot/flexbe_ws/install/ui_for_debug_and_demo/share/ui_for_debug_and_demo/environment/path.sh
-- Installing: /home/csrobot/flexbe_ws/install/ui_for_debug_and_demo/share/ui_for_debug_and_demo/environment/path.dsv
-- Installing: /home/csrobot/flexbe_ws/install/ui_for_debug_and_demo/share/ui_for_debug_and_demo/local_setup.bash
-- Installing: /home/csrobot/flexbe_ws/install/ui_for_debug_and_demo/share/ui_for_debug_and_demo/local_setup.sh
-- Installing: /home/csrobot/flexbe_ws/install/ui_for_debug_and_demo/share/ui_for_debug_and_demo/local_setup.zsh
-- Installing: /home/csrobot/flexbe_ws/install/ui_for_debug_and_demo/share/ui_for_debug_and_demo/local_setup.dsv
-- Installing: /home/csrobot/flexbe_ws/install/ui_for_debug_and_demo/share/ui_for_debug_and_demo/package.dsv
-- Installing: /home/csrobot/flexbe_ws/install/ui_for_debug_and_demo/share/ament_index/resource_index/packages/ui_for_debug_and_demo
-- Installing: /home/csrobot/flexbe_ws/install/ui_for_debug_and_demo/share/ui_for_debug_and_demo/cmake/ui_for_debug_and_demoConfig.cmake
-- Installing: /home/csrobot/flexbe_ws/install/ui_for_debug_and_demo/share/ui_for_debug_and_demo/cmake/ui_for_debug_and_demoConfig-version.cmake
-- Installing: /home/csrobot/flexbe_ws/install/ui_for_debug_and_demo/share/ui_for_debug_and_demo/package.xml
