[0.031s] Invoking command in '/home/csrobot/flexbe_ws/build/flexbe_widget': AMENT_PREFIX_PATH=/home/csrobot/flexbe_ws/install/flexbe_onboard:/home/csrobot/flexbe_ws/install/flexbe_states:/home/csrobot/flexbe_ws/install/flexbe_testing:/home/csrobot/flexbe_ws/install/flexbe_mirror:/home/csrobot/flexbe_ws/install/flexbe_core:/home/csrobot/flexbe_ws/install/flexbe_msgs:${AMENT_PREFIX_PATH} CMAKE_PREFIX_PATH=/home/csrobot/flexbe_ws/install/flexbe_testing:/home/csrobot/flexbe_ws/install/flexbe_msgs:/opt/ros/jazzy/opt/gz_math_vendor:/opt/ros/jazzy/opt/gz_utils_vendor:/opt/ros/jazzy/opt/gz_cmake_vendor:/opt/ros/jazzy DEBUGINFOD_URLS=https://debuginfod.ubuntu.com LD_LIBRARY_PATH=/home/csrobot/flexbe_ws/install/flexbe_msgs/lib:${LD_LIBRARY_PATH} PYTHONPATH=/home/csrobot/flexbe_ws/build/flexbe_onboard:/home/csrobot/flexbe_ws/install/flexbe_onboard/lib/python3.12/site-packages:/home/csrobot/flexbe_ws/build/flexbe_states:/home/csrobot/flexbe_ws/install/flexbe_states/lib/python3.12/site-packages:/home/csrobot/flexbe_ws/install/flexbe_testing/lib/python3.12/site-packages:/home/csrobot/flexbe_ws/build/flexbe_mirror:/home/csrobot/flexbe_ws/install/flexbe_mirror/lib/python3.12/site-packages:/home/csrobot/flexbe_ws/build/flexbe_core:/home/csrobot/flexbe_ws/install/flexbe_core/lib/python3.12/site-packages:/home/csrobot/flexbe_ws/install/flexbe_msgs/lib/python3.12/site-packages:${PYTHONPATH} /usr/bin/cmake /home/csrobot/flexbe_ws/src/flexbe_behavior_engine/flexbe_widget -DAMENT_CMAKE_SYMLINK_INSTALL=1 -DCMAKE_INSTALL_PREFIX=/home/csrobot/flexbe_ws/install/flexbe_widget
[0.152s] -- The C compiler identification is GNU 13.3.0
[0.268s] -- The CXX compiler identification is GNU 13.3.0
[0.299s] -- Detecting C compiler ABI info
[0.482s] -- Detecting C compiler ABI info - done
[0.502s] -- Check for working C compiler: /usr/bin/cc - skipped
[0.502s] -- Detecting C compile features
[0.503s] -- Detecting C compile features - done
[0.523s] -- Detecting CXX compiler ABI info
[0.721s] -- Detecting CXX compiler ABI info - done
[0.750s] -- Check for working CXX compiler: /usr/bin/c++ - skipped
[0.750s] -- Detecting CXX compile features
[0.751s] -- Detecting CXX compile features - done
[0.757s] -- Found ament_cmake: 2.5.4 (/opt/ros/jazzy/share/ament_cmake/cmake)
[1.084s] -- Found Python3: /usr/bin/python3 (found version "3.12.3") found components: Interpreter 
[1.272s] -- Override CMake install command with custom implementation using symlinks instead of copying resources
[1.840s] -- Configuring done (1.8s)
[1.853s] -- Generating done (0.0s)
[1.857s] -- Build files have been written to: /home/csrobot/flexbe_ws/build/flexbe_widget
[1.866s] Invoked command in '/home/csrobot/flexbe_ws/build/flexbe_widget' returned '0': AMENT_PREFIX_PATH=/home/csrobot/flexbe_ws/install/flexbe_onboard:/home/csrobot/flexbe_ws/install/flexbe_states:/home/csrobot/flexbe_ws/install/flexbe_testing:/home/csrobot/flexbe_ws/install/flexbe_mirror:/home/csrobot/flexbe_ws/install/flexbe_core:/home/csrobot/flexbe_ws/install/flexbe_msgs:${AMENT_PREFIX_PATH} CMAKE_PREFIX_PATH=/home/csrobot/flexbe_ws/install/flexbe_testing:/home/csrobot/flexbe_ws/install/flexbe_msgs:/opt/ros/jazzy/opt/gz_math_vendor:/opt/ros/jazzy/opt/gz_utils_vendor:/opt/ros/jazzy/opt/gz_cmake_vendor:/opt/ros/jazzy DEBUGINFOD_URLS=https://debuginfod.ubuntu.com LD_LIBRARY_PATH=/home/csrobot/flexbe_ws/install/flexbe_msgs/lib:${LD_LIBRARY_PATH} PYTHONPATH=/home/csrobot/flexbe_ws/build/flexbe_onboard:/home/csrobot/flexbe_ws/install/flexbe_onboard/lib/python3.12/site-packages:/home/csrobot/flexbe_ws/build/flexbe_states:/home/csrobot/flexbe_ws/install/flexbe_states/lib/python3.12/site-packages:/home/csrobot/flexbe_ws/install/flexbe_testing/lib/python3.12/site-packages:/home/csrobot/flexbe_ws/build/flexbe_mirror:/home/csrobot/flexbe_ws/install/flexbe_mirror/lib/python3.12/site-packages:/home/csrobot/flexbe_ws/build/flexbe_core:/home/csrobot/flexbe_ws/install/flexbe_core/lib/python3.12/site-packages:/home/csrobot/flexbe_ws/install/flexbe_msgs/lib/python3.12/site-packages:${PYTHONPATH} /usr/bin/cmake /home/csrobot/flexbe_ws/src/flexbe_behavior_engine/flexbe_widget -DAMENT_CMAKE_SYMLINK_INSTALL=1 -DCMAKE_INSTALL_PREFIX=/home/csrobot/flexbe_ws/install/flexbe_widget
[1.867s] Invoking command in '/home/csrobot/flexbe_ws/build/flexbe_widget': AMENT_PREFIX_PATH=/home/csrobot/flexbe_ws/install/flexbe_onboard:/home/csrobot/flexbe_ws/install/flexbe_states:/home/csrobot/flexbe_ws/install/flexbe_testing:/home/csrobot/flexbe_ws/install/flexbe_mirror:/home/csrobot/flexbe_ws/install/flexbe_core:/home/csrobot/flexbe_ws/install/flexbe_msgs:${AMENT_PREFIX_PATH} CMAKE_PREFIX_PATH=/home/csrobot/flexbe_ws/install/flexbe_testing:/home/csrobot/flexbe_ws/install/flexbe_msgs:/opt/ros/jazzy/opt/gz_math_vendor:/opt/ros/jazzy/opt/gz_utils_vendor:/opt/ros/jazzy/opt/gz_cmake_vendor:/opt/ros/jazzy DEBUGINFOD_URLS=https://debuginfod.ubuntu.com LD_LIBRARY_PATH=/home/csrobot/flexbe_ws/install/flexbe_msgs/lib:${LD_LIBRARY_PATH} PYTHONPATH=/home/csrobot/flexbe_ws/build/flexbe_onboard:/home/csrobot/flexbe_ws/install/flexbe_onboard/lib/python3.12/site-packages:/home/csrobot/flexbe_ws/build/flexbe_states:/home/csrobot/flexbe_ws/install/flexbe_states/lib/python3.12/site-packages:/home/csrobot/flexbe_ws/install/flexbe_testing/lib/python3.12/site-packages:/home/csrobot/flexbe_ws/build/flexbe_mirror:/home/csrobot/flexbe_ws/install/flexbe_mirror/lib/python3.12/site-packages:/home/csrobot/flexbe_ws/build/flexbe_core:/home/csrobot/flexbe_ws/install/flexbe_core/lib/python3.12/site-packages:/home/csrobot/flexbe_ws/install/flexbe_msgs/lib/python3.12/site-packages:${PYTHONPATH} /usr/bin/cmake --build /home/csrobot/flexbe_ws/build/flexbe_widget -- -j8 -l8
[1.971s] Built target ament_cmake_python_symlink_flexbe_widget_setup
[2.023s] Built target ament_cmake_python_symlink_flexbe_widget
[2.568s] running egg_info
[2.569s] creating flexbe_widget.egg-info
[2.627s] writing flexbe_widget.egg-info/PKG-INFO
[2.627s] writing dependency_links to flexbe_widget.egg-info/dependency_links.txt
[2.627s] writing top-level names to flexbe_widget.egg-info/top_level.txt
[2.627s] writing manifest file 'flexbe_widget.egg-info/SOURCES.txt'
[2.752s] reading manifest file 'flexbe_widget.egg-info/SOURCES.txt'
[2.753s] writing manifest file 'flexbe_widget.egg-info/SOURCES.txt'
[2.794s] Built target ament_cmake_python_build_flexbe_widget_egg
[2.813s] Invoked command in '/home/csrobot/flexbe_ws/build/flexbe_widget' returned '0': AMENT_PREFIX_PATH=/home/csrobot/flexbe_ws/install/flexbe_onboard:/home/csrobot/flexbe_ws/install/flexbe_states:/home/csrobot/flexbe_ws/install/flexbe_testing:/home/csrobot/flexbe_ws/install/flexbe_mirror:/home/csrobot/flexbe_ws/install/flexbe_core:/home/csrobot/flexbe_ws/install/flexbe_msgs:${AMENT_PREFIX_PATH} CMAKE_PREFIX_PATH=/home/csrobot/flexbe_ws/install/flexbe_testing:/home/csrobot/flexbe_ws/install/flexbe_msgs:/opt/ros/jazzy/opt/gz_math_vendor:/opt/ros/jazzy/opt/gz_utils_vendor:/opt/ros/jazzy/opt/gz_cmake_vendor:/opt/ros/jazzy DEBUGINFOD_URLS=https://debuginfod.ubuntu.com LD_LIBRARY_PATH=/home/csrobot/flexbe_ws/install/flexbe_msgs/lib:${LD_LIBRARY_PATH} PYTHONPATH=/home/csrobot/flexbe_ws/build/flexbe_onboard:/home/csrobot/flexbe_ws/install/flexbe_onboard/lib/python3.12/site-packages:/home/csrobot/flexbe_ws/build/flexbe_states:/home/csrobot/flexbe_ws/install/flexbe_states/lib/python3.12/site-packages:/home/csrobot/flexbe_ws/install/flexbe_testing/lib/python3.12/site-packages:/home/csrobot/flexbe_ws/build/flexbe_mirror:/home/csrobot/flexbe_ws/install/flexbe_mirror/lib/python3.12/site-packages:/home/csrobot/flexbe_ws/build/flexbe_core:/home/csrobot/flexbe_ws/install/flexbe_core/lib/python3.12/site-packages:/home/csrobot/flexbe_ws/install/flexbe_msgs/lib/python3.12/site-packages:${PYTHONPATH} /usr/bin/cmake --build /home/csrobot/flexbe_ws/build/flexbe_widget -- -j8 -l8
[2.816s] Invoking command in '/home/csrobot/flexbe_ws/build/flexbe_widget': AMENT_PREFIX_PATH=/home/csrobot/flexbe_ws/install/flexbe_onboard:/home/csrobot/flexbe_ws/install/flexbe_states:/home/csrobot/flexbe_ws/install/flexbe_testing:/home/csrobot/flexbe_ws/install/flexbe_mirror:/home/csrobot/flexbe_ws/install/flexbe_core:/home/csrobot/flexbe_ws/install/flexbe_msgs:${AMENT_PREFIX_PATH} CMAKE_PREFIX_PATH=/home/csrobot/flexbe_ws/install/flexbe_testing:/home/csrobot/flexbe_ws/install/flexbe_msgs:/opt/ros/jazzy/opt/gz_math_vendor:/opt/ros/jazzy/opt/gz_utils_vendor:/opt/ros/jazzy/opt/gz_cmake_vendor:/opt/ros/jazzy DEBUGINFOD_URLS=https://debuginfod.ubuntu.com LD_LIBRARY_PATH=/home/csrobot/flexbe_ws/install/flexbe_msgs/lib:${LD_LIBRARY_PATH} PYTHONPATH=/home/csrobot/flexbe_ws/build/flexbe_onboard:/home/csrobot/flexbe_ws/install/flexbe_onboard/lib/python3.12/site-packages:/home/csrobot/flexbe_ws/build/flexbe_states:/home/csrobot/flexbe_ws/install/flexbe_states/lib/python3.12/site-packages:/home/csrobot/flexbe_ws/install/flexbe_testing/lib/python3.12/site-packages:/home/csrobot/flexbe_ws/build/flexbe_mirror:/home/csrobot/flexbe_ws/install/flexbe_mirror/lib/python3.12/site-packages:/home/csrobot/flexbe_ws/build/flexbe_core:/home/csrobot/flexbe_ws/install/flexbe_core/lib/python3.12/site-packages:/home/csrobot/flexbe_ws/install/flexbe_msgs/lib/python3.12/site-packages:${PYTHONPATH} /usr/bin/cmake --install /home/csrobot/flexbe_ws/build/flexbe_widget
[2.829s] -- Install configuration: ""
[2.829s] -- Execute custom install script
[2.829s] -- Symlinking: /home/csrobot/flexbe_ws/install/flexbe_widget/lib/flexbe_widget/be_action_server
[2.849s] -- Symlinking: /home/csrobot/flexbe_ws/install/flexbe_widget/lib/flexbe_widget/be_compress
[2.866s] -- Symlinking: /home/csrobot/flexbe_ws/install/flexbe_widget/lib/flexbe_widget/be_launcher
[2.883s] -- Symlinking: /home/csrobot/flexbe_ws/install/flexbe_widget/lib/flexbe_widget/breakpoint
[2.900s] -- Symlinking: /home/csrobot/flexbe_ws/install/flexbe_widget/lib/flexbe_widget/create_repo
[2.914s] -- Symlinking: /home/csrobot/flexbe_ws/install/flexbe_widget/lib/flexbe_widget/evaluate_logs
[2.923s] -- Symlinking: /home/csrobot/flexbe_ws/install/flexbe_widget/lib/flexbe_widget/flexbe_status_listener
[2.932s] -- Symlinking: /home/csrobot/flexbe_ws/install/flexbe_widget/share/flexbe_widget/launch/flexbe_action_server.launch.py
[2.941s] -- Symlinking: /home/csrobot/flexbe_ws/install/flexbe_widget/share/flexbe_widget/environment/pythonpath.sh
[2.951s] -- Symlinking: /home/csrobot/flexbe_ws/install/flexbe_widget/share/flexbe_widget/environment/pythonpath.dsv
[2.959s] -- Symlinking: /home/csrobot/flexbe_ws/install/flexbe_widget/lib/python3.12/site-packages/flexbe_widget-4.0.1-py3.12.egg-info/PKG-INFO
[2.971s] -- Symlinking: /home/csrobot/flexbe_ws/install/flexbe_widget/lib/python3.12/site-packages/flexbe_widget-4.0.1-py3.12.egg-info/SOURCES.txt
[2.975s] -- Symlinking: /home/csrobot/flexbe_ws/install/flexbe_widget/lib/python3.12/site-packages/flexbe_widget-4.0.1-py3.12.egg-info/dependency_links.txt
[2.984s] -- Symlinking: /home/csrobot/flexbe_ws/install/flexbe_widget/lib/python3.12/site-packages/flexbe_widget-4.0.1-py3.12.egg-info/top_level.txt
[2.994s] -- Symlinking: /home/csrobot/flexbe_ws/install/flexbe_widget/lib/python3.12/site-packages/flexbe_widget/.gitignore
[3.003s] -- Symlinking: /home/csrobot/flexbe_ws/install/flexbe_widget/lib/python3.12/site-packages/flexbe_widget/__init__.py
[3.012s] -- Symlinking: /home/csrobot/flexbe_ws/install/flexbe_widget/lib/python3.12/site-packages/flexbe_widget/behavior_action_server.py
[3.021s] -- Symlinking: /home/csrobot/flexbe_ws/install/flexbe_widget/lib/python3.12/site-packages/flexbe_widget/behavior_launcher.py
[3.029s] -- Symlinking: /home/csrobot/flexbe_ws/install/flexbe_widget/lib/python3.12/site-packages/flexbe_widget/flexbe_status_listener.py
[3.038s] -- Symlinking: /home/csrobot/flexbe_ws/install/flexbe_widget/share/ament_index/resource_index/package_run_dependencies/flexbe_widget
[3.050s] -- Symlinking: /home/csrobot/flexbe_ws/install/flexbe_widget/share/ament_index/resource_index/parent_prefix_path/flexbe_widget
[3.062s] -- Symlinking: /home/csrobot/flexbe_ws/install/flexbe_widget/share/flexbe_widget/environment/ament_prefix_path.sh
[3.086s] -- Symlinking: /home/csrobot/flexbe_ws/install/flexbe_widget/share/flexbe_widget/environment/ament_prefix_path.dsv
[3.099s] -- Symlinking: /home/csrobot/flexbe_ws/install/flexbe_widget/share/flexbe_widget/environment/path.sh
[3.117s] -- Symlinking: /home/csrobot/flexbe_ws/install/flexbe_widget/share/flexbe_widget/environment/path.dsv
[3.130s] -- Symlinking: /home/csrobot/flexbe_ws/install/flexbe_widget/share/flexbe_widget/local_setup.bash
[3.139s] -- Symlinking: /home/csrobot/flexbe_ws/install/flexbe_widget/share/flexbe_widget/local_setup.sh
[3.148s] -- Symlinking: /home/csrobot/flexbe_ws/install/flexbe_widget/share/flexbe_widget/local_setup.zsh
[3.156s] -- Symlinking: /home/csrobot/flexbe_ws/install/flexbe_widget/share/flexbe_widget/local_setup.dsv
[3.169s] -- Symlinking: /home/csrobot/flexbe_ws/install/flexbe_widget/share/flexbe_widget/package.dsv
[3.174s] -- Symlinking: /home/csrobot/flexbe_ws/install/flexbe_widget/share/ament_index/resource_index/packages/flexbe_widget
[3.183s] -- Symlinking: /home/csrobot/flexbe_ws/install/flexbe_widget/share/flexbe_widget/cmake/flexbe_widgetConfig.cmake
[3.191s] -- Symlinking: /home/csrobot/flexbe_ws/install/flexbe_widget/share/flexbe_widget/cmake/flexbe_widgetConfig-version.cmake
[3.200s] -- Symlinking: /home/csrobot/flexbe_ws/install/flexbe_widget/share/flexbe_widget/package.xml
[3.256s] Listing '/home/csrobot/flexbe_ws/install/flexbe_widget/lib/python3.12/site-packages/flexbe_widget'...
[3.256s] Compiling '/home/csrobot/flexbe_ws/install/flexbe_widget/lib/python3.12/site-packages/flexbe_widget/__init__.py'...
[3.257s] Compiling '/home/csrobot/flexbe_ws/install/flexbe_widget/lib/python3.12/site-packages/flexbe_widget/behavior_action_server.py'...
[3.257s] Compiling '/home/csrobot/flexbe_ws/install/flexbe_widget/lib/python3.12/site-packages/flexbe_widget/behavior_launcher.py'...
[3.257s] Compiling '/home/csrobot/flexbe_ws/install/flexbe_widget/lib/python3.12/site-packages/flexbe_widget/flexbe_status_listener.py'...
[3.266s] Invoked command in '/home/csrobot/flexbe_ws/build/flexbe_widget' returned '0': AMENT_PREFIX_PATH=/home/csrobot/flexbe_ws/install/flexbe_onboard:/home/csrobot/flexbe_ws/install/flexbe_states:/home/csrobot/flexbe_ws/install/flexbe_testing:/home/csrobot/flexbe_ws/install/flexbe_mirror:/home/csrobot/flexbe_ws/install/flexbe_core:/home/csrobot/flexbe_ws/install/flexbe_msgs:${AMENT_PREFIX_PATH} CMAKE_PREFIX_PATH=/home/csrobot/flexbe_ws/install/flexbe_testing:/home/csrobot/flexbe_ws/install/flexbe_msgs:/opt/ros/jazzy/opt/gz_math_vendor:/opt/ros/jazzy/opt/gz_utils_vendor:/opt/ros/jazzy/opt/gz_cmake_vendor:/opt/ros/jazzy DEBUGINFOD_URLS=https://debuginfod.ubuntu.com LD_LIBRARY_PATH=/home/csrobot/flexbe_ws/install/flexbe_msgs/lib:${LD_LIBRARY_PATH} PYTHONPATH=/home/csrobot/flexbe_ws/build/flexbe_onboard:/home/csrobot/flexbe_ws/install/flexbe_onboard/lib/python3.12/site-packages:/home/csrobot/flexbe_ws/build/flexbe_states:/home/csrobot/flexbe_ws/install/flexbe_states/lib/python3.12/site-packages:/home/csrobot/flexbe_ws/install/flexbe_testing/lib/python3.12/site-packages:/home/csrobot/flexbe_ws/build/flexbe_mirror:/home/csrobot/flexbe_ws/install/flexbe_mirror/lib/python3.12/site-packages:/home/csrobot/flexbe_ws/build/flexbe_core:/home/csrobot/flexbe_ws/install/flexbe_core/lib/python3.12/site-packages:/home/csrobot/flexbe_ws/install/flexbe_msgs/lib/python3.12/site-packages:${PYTHONPATH} /usr/bin/cmake --install /home/csrobot/flexbe_ws/build/flexbe_widget
