/home/csrobot/flexbe_ws/install/flexbe_mirror/lib/python3.10/site-packages/flexbe_mirror/mirror_concurrency_container.py
/home/csrobot/flexbe_ws/install/flexbe_mirror/lib/python3.10/site-packages/flexbe_mirror/behavior_mirror_sm.py
/home/csrobot/flexbe_ws/install/flexbe_mirror/lib/python3.10/site-packages/flexbe_mirror/__init__.py
/home/csrobot/flexbe_ws/install/flexbe_mirror/lib/python3.10/site-packages/flexbe_mirror/flexbe_mirror.py
/home/csrobot/flexbe_ws/install/flexbe_mirror/lib/python3.10/site-packages/flexbe_mirror/mirror_state_machine.py
/home/csrobot/flexbe_ws/install/flexbe_mirror/lib/python3.10/site-packages/flexbe_mirror/mirror_state.py
/home/csrobot/flexbe_ws/install/flexbe_mirror/lib/python3.10/site-packages/flexbe_mirror/__pycache__/mirror_concurrency_container.cpython-310.pyc
/home/csrobot/flexbe_ws/install/flexbe_mirror/lib/python3.10/site-packages/flexbe_mirror/__pycache__/behavior_mirror_sm.cpython-310.pyc
/home/csrobot/flexbe_ws/install/flexbe_mirror/lib/python3.10/site-packages/flexbe_mirror/__pycache__/__init__.cpython-310.pyc
/home/csrobot/flexbe_ws/install/flexbe_mirror/lib/python3.10/site-packages/flexbe_mirror/__pycache__/flexbe_mirror.cpython-310.pyc
/home/csrobot/flexbe_ws/install/flexbe_mirror/lib/python3.10/site-packages/flexbe_mirror/__pycache__/mirror_state_machine.cpython-310.pyc
/home/csrobot/flexbe_ws/install/flexbe_mirror/lib/python3.10/site-packages/flexbe_mirror/__pycache__/mirror_state.cpython-310.pyc
/home/csrobot/flexbe_ws/install/flexbe_mirror/share/ament_index/resource_index/packages/flexbe_mirror
/home/csrobot/flexbe_ws/install/flexbe_mirror/share/flexbe_mirror/package.xml
/home/csrobot/flexbe_ws/install/flexbe_mirror/lib/python3.10/site-packages/flexbe_mirror-4.0.1-py3.10.egg-info/dependency_links.txt
/home/csrobot/flexbe_ws/install/flexbe_mirror/lib/python3.10/site-packages/flexbe_mirror-4.0.1-py3.10.egg-info/entry_points.txt
/home/csrobot/flexbe_ws/install/flexbe_mirror/lib/python3.10/site-packages/flexbe_mirror-4.0.1-py3.10.egg-info/requires.txt
/home/csrobot/flexbe_ws/install/flexbe_mirror/lib/python3.10/site-packages/flexbe_mirror-4.0.1-py3.10.egg-info/top_level.txt
/home/csrobot/flexbe_ws/install/flexbe_mirror/lib/python3.10/site-packages/flexbe_mirror-4.0.1-py3.10.egg-info/SOURCES.txt
/home/csrobot/flexbe_ws/install/flexbe_mirror/lib/python3.10/site-packages/flexbe_mirror-4.0.1-py3.10.egg-info/PKG-INFO
/home/csrobot/flexbe_ws/install/flexbe_mirror/lib/python3.10/site-packages/flexbe_mirror-4.0.1-py3.10.egg-info/zip-safe
/home/csrobot/flexbe_ws/install/flexbe_mirror/lib/flexbe_mirror/behavior_mirror_sm
