-- The C compiler identification is GNU 11.4.0
-- The CXX compiler identification is GNU 11.4.0
-- Detecting C compiler ABI info
-- Detecting C compiler ABI info - done
-- Check for working C compiler: /usr/bin/cc - skipped
-- Detecting C compile features
-- Detecting C compile features - done
-- Detecting CXX compiler ABI info
-- Detecting CXX compiler ABI info - done
-- Check for working CXX compiler: /usr/bin/c++ - skipped
-- Detecting CXX compile features
-- Detecting CXX compile features - done
-- Found ament_cmake: 1.3.12 (/home/csrobot/ros2_humble/install/ament_cmake/share/ament_cmake/cmake)
-- Found Python3: /usr/bin/python3 (found version "3.10.12") found components: Interpreter 
-- Found rclcpp: 16.0.13 (/home/csrobot/ros2_humble/install/rclcpp/share/rclcpp/cmake)
-- Found rosidl_generator_c: 3.1.6 (/home/csrobot/ros2_humble/install/rosidl_generator_c/share/rosidl_generator_c/cmake)
-- Found rosidl_adapter: 3.1.6 (/home/csrobot/ros2_humble/install/rosidl_adapter/share/rosidl_adapter/cmake)
-- Found rosidl_generator_cpp: 3.1.6 (/home/csrobot/ros2_humble/install/rosidl_generator_cpp/share/rosidl_generator_cpp/cmake)
-- Using all available rosidl_typesupport_c: rosidl_typesupport_introspection_c;rosidl_typesupport_fastrtps_c
-- Using all available rosidl_typesupport_cpp: rosidl_typesupport_introspection_cpp;rosidl_typesupport_fastrtps_cpp
-- Found rmw_implementation_cmake: 6.1.2 (/home/csrobot/ros2_humble/install/rmw_implementation_cmake/share/rmw_implementation_cmake/cmake)
-- Found rmw_fastrtps_cpp: 6.2.7 (/home/csrobot/ros2_humble/install/rmw_fastrtps_cpp/share/rmw_fastrtps_cpp/cmake)
-- Found OpenSSL: /usr/lib/x86_64-linux-gnu/libcrypto.so (found version "3.0.2")  
-- Found FastRTPS: /home/csrobot/ros2_humble/install/fastrtps/include  
-- Using RMW implementation 'rmw_fastrtps_cpp' as default
-- Looking for pthread.h
-- Looking for pthread.h - found
-- Performing Test CMAKE_HAVE_LIBC_PTHREAD
-- Performing Test CMAKE_HAVE_LIBC_PTHREAD - Success
-- Found Threads: TRUE  
-- Found sensor_msgs: 4.9.0 (/home/csrobot/ros2_humble/install/sensor_msgs/share/sensor_msgs/cmake)
-- Found tm_msgs: 1.1.2 (/home/csrobot/flexbe_ws/install/tm_msgs/share/tm_msgs/cmake)
-- Found ament_lint_auto: 0.12.12 (/home/csrobot/ros2_humble/install/ament_lint_auto/share/ament_lint_auto/cmake)
-- Added test 'copyright' to check source files copyright and LICENSE
-- Added test 'cppcheck' to perform static code analysis on C / C++ code
-- Configured cppcheck include dirs: /home/csrobot/flexbe_ws/src/tmr_ros2/demo/include
-- Configured cppcheck exclude dirs and/or files: 
-- Added test 'cpplint' to check C / C++ code against the Google style
-- Configured cpplint exclude dirs and/or files: 
-- Added test 'lint_cmake' to check CMake code style
-- Added test 'uncrustify' to check C / C++ code style
-- Configured uncrustify additional arguments: 
-- Added test 'xmllint' to check XML markup files
-- Configuring done
-- Generating done
-- Build files have been written to: /home/csrobot/flexbe_ws/build/demo
[  3%] [32mBuilding CXX object CMakeFiles/demo_ask_sta.dir/src/demo_ask_sta.cpp.o[0m
[  7%] [32mBuilding CXX object CMakeFiles/demo_send_script.dir/src/demo_send_script.cpp.o[0m
[ 10%] [32mBuilding CXX object CMakeFiles/demo_set_positions.dir/src/demo_set_positions.cpp.o[0m
[ 14%] [32mBuilding CXX object CMakeFiles/demo_set_event.dir/src/demo_set_event.cpp.o[0m
[ 17%] [32mBuilding CXX object CMakeFiles/demo_connect_tm.dir/src/demo_connect_tm.cpp.o[0m
[ 21%] [32mBuilding CXX object CMakeFiles/demo_set_io.dir/src/demo_set_io.cpp.o[0m
[ 25%] [32mBuilding CXX object CMakeFiles/demo_write_item.dir/src/demo_write_item.cpp.o[0m
[ 28%] [32mBuilding CXX object CMakeFiles/demo_ask_item.dir/src/demo_ask_item.cpp.o[0m
[ 32%] [32m[1mLinking CXX executable demo_send_script[0m
[ 32%] Built target demo_send_script
[ 35%] [32m[1mLinking CXX executable demo_set_positions[0m
[ 35%] Built target demo_set_positions
[ 39%] [32m[1mLinking CXX executable demo_set_io[0m
[ 42%] [32m[1mLinking CXX executable demo_set_event[0m
[ 42%] Built target demo_set_io
[ 42%] Built target demo_set_event
[ 46%] [32m[1mLinking CXX executable demo_ask_sta[0m
[ 50%] [32m[1mLinking CXX executable demo_connect_tm[0m
[ 50%] Built target demo_ask_sta
[ 53%] [32m[1mLinking CXX executable demo_write_item[0m
[ 53%] Built target demo_connect_tm
[ 53%] Built target demo_write_item
[ 57%] [32m[1mLinking CXX executable demo_ask_item[0m
[ 57%] Built target demo_ask_item
[ 60%] [32mBuilding CXX object CMakeFiles/demo_leave_listen_node.dir/src/demo_leave_listen_node.cpp.o[0m
[ 64%] [32m[1mLinking CXX executable demo_leave_listen_node[0m
[ 64%] Built target demo_leave_listen_node
[ 67%] [32mBuilding CXX object CMakeFiles/demo_get_svr_response.dir/get_status_demo_src/demo_get_svr_response.cpp.o[0m
[ 71%] [32m[1mLinking CXX executable demo_get_svr_response[0m
[ 71%] Built target demo_get_svr_response
[ 75%] [32mBuilding CXX object CMakeFiles/demo_get_sta_response.dir/get_status_demo_src/demo_get_sta_response.cpp.o[0m
[ 78%] [32m[1mLinking CXX executable demo_get_sta_response[0m
[ 78%] Built target demo_get_sta_response
[ 82%] [32mBuilding CXX object CMakeFiles/demo_get_sct_response.dir/get_status_demo_src/demo_get_sct_response.cpp.o[0m
[ 85%] [32m[1mLinking CXX executable demo_get_sct_response[0m
[ 85%] Built target demo_get_sct_response
[ 89%] [32mBuilding CXX object CMakeFiles/demo_get_torque_feedback.dir/get_status_demo_src/demo_get_torque_feedback.cpp.o[0m
[ 92%] [32m[1mLinking CXX executable demo_get_torque_feedback[0m
[ 92%] Built target demo_get_torque_feedback
[ 96%] [32mBuilding CXX object CMakeFiles/demo_get_feedback.dir/get_status_demo_src/demo_get_feedback.cpp.o[0m
[100%] [32m[1mLinking CXX executable demo_get_feedback[0m
[100%] Built target demo_get_feedback
-- Install configuration: ""
-- Installing: /home/csrobot/flexbe_ws/install/demo/lib/demo/demo_send_script
-- Set runtime path of "/home/csrobot/flexbe_ws/install/demo/lib/demo/demo_send_script" to ""
-- Installing: /home/csrobot/flexbe_ws/install/demo/lib/demo/demo_ask_sta
-- Set runtime path of "/home/csrobot/flexbe_ws/install/demo/lib/demo/demo_ask_sta" to ""
-- Installing: /home/csrobot/flexbe_ws/install/demo/lib/demo/demo_connect_tm
-- Set runtime path of "/home/csrobot/flexbe_ws/install/demo/lib/demo/demo_connect_tm" to ""
-- Installing: /home/csrobot/flexbe_ws/install/demo/lib/demo/demo_set_event
-- Set runtime path of "/home/csrobot/flexbe_ws/install/demo/lib/demo/demo_set_event" to ""
-- Installing: /home/csrobot/flexbe_ws/install/demo/lib/demo/demo_set_io
-- Set runtime path of "/home/csrobot/flexbe_ws/install/demo/lib/demo/demo_set_io" to ""
-- Installing: /home/csrobot/flexbe_ws/install/demo/lib/demo/demo_set_positions
-- Set runtime path of "/home/csrobot/flexbe_ws/install/demo/lib/demo/demo_set_positions" to ""
-- Installing: /home/csrobot/flexbe_ws/install/demo/lib/demo/demo_write_item
-- Set runtime path of "/home/csrobot/flexbe_ws/install/demo/lib/demo/demo_write_item" to ""
-- Installing: /home/csrobot/flexbe_ws/install/demo/lib/demo/demo_ask_item
-- Set runtime path of "/home/csrobot/flexbe_ws/install/demo/lib/demo/demo_ask_item" to ""
-- Installing: /home/csrobot/flexbe_ws/install/demo/lib/demo/demo_get_feedback
-- Set runtime path of "/home/csrobot/flexbe_ws/install/demo/lib/demo/demo_get_feedback" to ""
-- Installing: /home/csrobot/flexbe_ws/install/demo/lib/demo/demo_get_torque_feedback
-- Set runtime path of "/home/csrobot/flexbe_ws/install/demo/lib/demo/demo_get_torque_feedback" to ""
-- Installing: /home/csrobot/flexbe_ws/install/demo/lib/demo/demo_get_sct_response
-- Set runtime path of "/home/csrobot/flexbe_ws/install/demo/lib/demo/demo_get_sct_response" to ""
-- Installing: /home/csrobot/flexbe_ws/install/demo/lib/demo/demo_get_sta_response
-- Set runtime path of "/home/csrobot/flexbe_ws/install/demo/lib/demo/demo_get_sta_response" to ""
-- Installing: /home/csrobot/flexbe_ws/install/demo/lib/demo/demo_get_svr_response
-- Set runtime path of "/home/csrobot/flexbe_ws/install/demo/lib/demo/demo_get_svr_response" to ""
-- Installing: /home/csrobot/flexbe_ws/install/demo/lib/demo/demo_leave_listen_node
-- Set runtime path of "/home/csrobot/flexbe_ws/install/demo/lib/demo/demo_leave_listen_node" to ""
-- Installing: /home/csrobot/flexbe_ws/install/demo/share/ament_index/resource_index/package_run_dependencies/demo
-- Installing: /home/csrobot/flexbe_ws/install/demo/share/ament_index/resource_index/parent_prefix_path/demo
-- Installing: /home/csrobot/flexbe_ws/install/demo/share/demo/environment/ament_prefix_path.sh
-- Installing: /home/csrobot/flexbe_ws/install/demo/share/demo/environment/ament_prefix_path.dsv
-- Installing: /home/csrobot/flexbe_ws/install/demo/share/demo/environment/path.sh
-- Installing: /home/csrobot/flexbe_ws/install/demo/share/demo/environment/path.dsv
-- Installing: /home/csrobot/flexbe_ws/install/demo/share/demo/local_setup.bash
-- Installing: /home/csrobot/flexbe_ws/install/demo/share/demo/local_setup.sh
-- Installing: /home/csrobot/flexbe_ws/install/demo/share/demo/local_setup.zsh
-- Installing: /home/csrobot/flexbe_ws/install/demo/share/demo/local_setup.dsv
-- Installing: /home/csrobot/flexbe_ws/install/demo/share/demo/package.dsv
-- Installing: /home/csrobot/flexbe_ws/install/demo/share/ament_index/resource_index/packages/demo
-- Installing: /home/csrobot/flexbe_ws/install/demo/share/demo/cmake/demoConfig.cmake
-- Installing: /home/csrobot/flexbe_ws/install/demo/share/demo/cmake/demoConfig-version.cmake
-- Installing: /home/csrobot/flexbe_ws/install/demo/share/demo/package.xml
