[0.018s] Invoking command in '/home/csrobot/flexbe_ws/build/ui_for_debug_and_demo': AMENT_PREFIX_PATH=/home/csrobot/flexbe_ws/install/tm_msgs:${AMENT_PREFIX_PATH} CMAKE_PREFIX_PATH=/home/csrobot/flexbe_ws/install/tm_msgs:/opt/ros/jazzy/opt/gz_math_vendor:/opt/ros/jazzy/opt/gz_utils_vendor:/opt/ros/jazzy/opt/gz_cmake_vendor:/opt/ros/jazzy DEBUGINFOD_URLS=https://debuginfod.ubuntu.com LD_LIBRARY_PATH=/home/csrobot/flexbe_ws/install/tm_msgs/lib:${LD_LIBRARY_PATH} PYTHONPATH=/home/csrobot/flexbe_ws/install/tm_msgs/lib/python3.12/site-packages:${PYTHONPATH} /usr/bin/cmake --build /home/csrobot/flexbe_ws/build/ui_for_debug_and_demo -- -j8 -l8
[0.055s] [  0%] Built target robot_ui_autogen_timestamp_deps
[0.087s] [ 12%] Built target robot_ui_autogen
[0.120s] [100%] Built target robot_ui
[0.128s] Invoked command in '/home/csrobot/flexbe_ws/build/ui_for_debug_and_demo' returned '0': AMENT_PREFIX_PATH=/home/csrobot/flexbe_ws/install/tm_msgs:${AMENT_PREFIX_PATH} CMAKE_PREFIX_PATH=/home/csrobot/flexbe_ws/install/tm_msgs:/opt/ros/jazzy/opt/gz_math_vendor:/opt/ros/jazzy/opt/gz_utils_vendor:/opt/ros/jazzy/opt/gz_cmake_vendor:/opt/ros/jazzy DEBUGINFOD_URLS=https://debuginfod.ubuntu.com LD_LIBRARY_PATH=/home/csrobot/flexbe_ws/install/tm_msgs/lib:${LD_LIBRARY_PATH} PYTHONPATH=/home/csrobot/flexbe_ws/install/tm_msgs/lib/python3.12/site-packages:${PYTHONPATH} /usr/bin/cmake --build /home/csrobot/flexbe_ws/build/ui_for_debug_and_demo -- -j8 -l8
[0.129s] Invoking command in '/home/csrobot/flexbe_ws/build/ui_for_debug_and_demo': AMENT_PREFIX_PATH=/home/csrobot/flexbe_ws/install/tm_msgs:${AMENT_PREFIX_PATH} CMAKE_PREFIX_PATH=/home/csrobot/flexbe_ws/install/tm_msgs:/opt/ros/jazzy/opt/gz_math_vendor:/opt/ros/jazzy/opt/gz_utils_vendor:/opt/ros/jazzy/opt/gz_cmake_vendor:/opt/ros/jazzy DEBUGINFOD_URLS=https://debuginfod.ubuntu.com LD_LIBRARY_PATH=/home/csrobot/flexbe_ws/install/tm_msgs/lib:${LD_LIBRARY_PATH} PYTHONPATH=/home/csrobot/flexbe_ws/install/tm_msgs/lib/python3.12/site-packages:${PYTHONPATH} /usr/bin/cmake --install /home/csrobot/flexbe_ws/build/ui_for_debug_and_demo
[0.135s] -- Install configuration: ""
[0.135s] -- Execute custom install script
[0.135s] -- Up-to-date symlink: /home/csrobot/flexbe_ws/install/ui_for_debug_and_demo/lib/ui_for_debug_and_demo/robot_ui
[0.136s] -- Up-to-date symlink: /home/csrobot/flexbe_ws/install/ui_for_debug_and_demo/share/ui_for_debug_and_demo/launch/tm_gui.launch.py
[0.136s] -- Up-to-date symlink: /home/csrobot/flexbe_ws/install/ui_for_debug_and_demo/share/ament_index/resource_index/package_run_dependencies/ui_for_debug_and_demo
[0.136s] -- Up-to-date symlink: /home/csrobot/flexbe_ws/install/ui_for_debug_and_demo/share/ament_index/resource_index/parent_prefix_path/ui_for_debug_and_demo
[0.136s] -- Up-to-date symlink: /home/csrobot/flexbe_ws/install/ui_for_debug_and_demo/share/ui_for_debug_and_demo/environment/ament_prefix_path.sh
[0.136s] -- Up-to-date symlink: /home/csrobot/flexbe_ws/install/ui_for_debug_and_demo/share/ui_for_debug_and_demo/environment/ament_prefix_path.dsv
[0.136s] -- Up-to-date symlink: /home/csrobot/flexbe_ws/install/ui_for_debug_and_demo/share/ui_for_debug_and_demo/environment/path.sh
[0.136s] -- Up-to-date symlink: /home/csrobot/flexbe_ws/install/ui_for_debug_and_demo/share/ui_for_debug_and_demo/environment/path.dsv
[0.137s] -- Up-to-date symlink: /home/csrobot/flexbe_ws/install/ui_for_debug_and_demo/share/ui_for_debug_and_demo/local_setup.bash
[0.137s] -- Up-to-date symlink: /home/csrobot/flexbe_ws/install/ui_for_debug_and_demo/share/ui_for_debug_and_demo/local_setup.sh
[0.137s] -- Up-to-date symlink: /home/csrobot/flexbe_ws/install/ui_for_debug_and_demo/share/ui_for_debug_and_demo/local_setup.zsh
[0.137s] -- Up-to-date symlink: /home/csrobot/flexbe_ws/install/ui_for_debug_and_demo/share/ui_for_debug_and_demo/local_setup.dsv
[0.137s] -- Symlinking: /home/csrobot/flexbe_ws/install/ui_for_debug_and_demo/share/ui_for_debug_and_demo/package.dsv
[0.144s] -- Up-to-date symlink: /home/csrobot/flexbe_ws/install/ui_for_debug_and_demo/share/ament_index/resource_index/packages/ui_for_debug_and_demo
[0.144s] -- Up-to-date symlink: /home/csrobot/flexbe_ws/install/ui_for_debug_and_demo/share/ui_for_debug_and_demo/cmake/ui_for_debug_and_demoConfig.cmake
[0.144s] -- Up-to-date symlink: /home/csrobot/flexbe_ws/install/ui_for_debug_and_demo/share/ui_for_debug_and_demo/cmake/ui_for_debug_and_demoConfig-version.cmake
[0.144s] -- Up-to-date symlink: /home/csrobot/flexbe_ws/install/ui_for_debug_and_demo/share/ui_for_debug_and_demo/package.xml
[0.145s] Invoked command in '/home/csrobot/flexbe_ws/build/ui_for_debug_and_demo' returned '0': AMENT_PREFIX_PATH=/home/csrobot/flexbe_ws/install/tm_msgs:${AMENT_PREFIX_PATH} CMAKE_PREFIX_PATH=/home/csrobot/flexbe_ws/install/tm_msgs:/opt/ros/jazzy/opt/gz_math_vendor:/opt/ros/jazzy/opt/gz_utils_vendor:/opt/ros/jazzy/opt/gz_cmake_vendor:/opt/ros/jazzy DEBUGINFOD_URLS=https://debuginfod.ubuntu.com LD_LIBRARY_PATH=/home/csrobot/flexbe_ws/install/tm_msgs/lib:${LD_LIBRARY_PATH} PYTHONPATH=/home/csrobot/flexbe_ws/install/tm_msgs/lib/python3.12/site-packages:${PYTHONPATH} /usr/bin/cmake --install /home/csrobot/flexbe_ws/build/ui_for_debug_and_demo
