[0.200s] Invoking command in '/home/csrobot/flexbe_ws/build/compare_flexbe_utilities': CMAKE_PREFIX_PATH=${CMAKE_PREFIX_PATH}:/home/csrobot/flexbe_ws/install/flexbe_turtlesim_demo_flexbe_states:/home/csrobot/ros2_humble/install/quality_of_service_demo_py:/home/csrobot/ros2_humble/install/demo_nodes_py:/home/csrobot/ros2_humble/install/moveit_configs_utils:/home/csrobot/ros2_humble/install/rqt_bag_plugins:/home/csrobot/ros2_humble/install/rqt_bag:/home/csrobot/ros2_humble/install/launch_testing_examples:/home/csrobot/ros2_humble/install/ros2bag:/home/csrobot/ros2_humble/install/tracetools_test:/home/csrobot/ros2_humble/install/tracetools_launch:/home/csrobot/ros2_humble/install/topic_monitor:/home/csrobot/ros2_humble/install/tf2_tools:/home/csrobot/ros2_humble/install/examples_tf2_py:/home/csrobot/ros2_humble/install/tf2_ros_py:/home/csrobot/ros2_humble/install/sros2:/home/csrobot/ros2_humble/install/rqt_topic:/home/csrobot/ros2_humble/install/rqt_srv:/home/csrobot/ros2_humble/install/rqt_shell:/home/csrobot/ros2_humble/install/rqt_service_caller:/home/csrobot/ros2_humble/install/rqt_reconfigure:/home/csrobot/ros2_humble/install/rqt_py_console:/home/csrobot/ros2_humble/install/rqt_publisher:/home/csrobot/ros2_humble/install/rqt_plot:/home/csrobot/ros2_humble/install/rqt_action:/home/csrobot/ros2_humble/install/rqt_msg:/home/csrobot/ros2_humble/install/rqt_console:/home/csrobot/ros2_humble/install/rqt:/home/csrobot/ros2_humble/install/rqt_graph:/home/csrobot/ros2_humble/install/rqt_gui_py:/home/csrobot/ros2_humble/install/rqt_gui:/home/csrobot/ros2_humble/install/ros2trace:/home/csrobot/ros2_humble/install/ros2topic:/home/csrobot/ros2_humble/install/ros2test:/home/csrobot/ros2_humble/install/ros2component:/home/csrobot/ros2_humble/install/ros2param:/home/csrobot/ros2_humble/install/ros2lifecycle:/home/csrobot/ros2_humble/install/ros2service:/home/csrobot/ros2_humble/install/ros2run:/home/csrobot/ros2_humble/install/ros2launch:/home/csrobot/ros2_humble/install/ros2pkg:/home/csrobot/ros2_humble/install/ros2node:/home/csrobot/ros2_humble/install/ros2multicast:/home/csrobot/ros2_humble/install/ros2interface:/home/csrobot/ros2_humble/install/ros2doctor:/home/csrobot/ros2_humble/install/ros2action:/home/csrobot/ros2_humble/install/ros2cli:/home/csrobot/ros2_humble/install/lifecycle_py:/home/csrobot/ros2_humble/install/launch_testing_ros:/home/csrobot/ros2_humble/install/launch_ros:/home/csrobot/ros2_humble/install/examples_rclpy_pointcloud_publisher:/home/csrobot/ros2_humble/install/examples_rclpy_minimal_subscriber:/home/csrobot/ros2_humble/install/examples_rclpy_minimal_service:/home/csrobot/ros2_humble/install/examples_rclpy_minimal_publisher:/home/csrobot/ros2_humble/install/examples_rclpy_minimal_client:/home/csrobot/ros2_humble/install/examples_rclpy_minimal_action_server:/home/csrobot/ros2_humble/install/examples_rclpy_minimal_action_client:/home/csrobot/ros2_humble/install/examples_rclpy_guard_conditions:/home/csrobot/ros2_humble/install/examples_rclpy_executors:/home/csrobot/ros2_humble/install/camera_info_manager_py:/home/csrobot/ros2_humble/install/action_tutorials_py:/home/csrobot/ros2_humble/install/ament_uncrustify:/home/csrobot/ros2_humble/install/tracetools_trace:/home/csrobot/ros2_humble/install/tracetools_read:/home/csrobot/ros2_humble/install/test_tracetools_launch:/home/csrobot/ros2_humble/install/test_launch_ros:/home/csrobot/ros2_humble/install/sensor_msgs_py:/home/csrobot/ros2_humble/install/rpyutils:/home/csrobot/ros2_humble/install/rosidl_runtime_py:/home/csrobot/ros2_humble/install/rosidl_cli:/home/csrobot/ros2_humble/install/launch_pytest:/home/csrobot/ros2_humble/install/launch_testing:/home/csrobot/ros2_humble/install/launch_yaml:/home/csrobot/ros2_humble/install/launch_xml:/home/csrobot/ros2_humble/install/launch:/home/csrobot/ros2_humble/install/osrf_pycommon:/home/csrobot/ros2_humble/install/domain_coordinator:/home/csrobot/ros2_humble/install/ament_xmllint:/home/csrobot/ros2_humble/install/ament_pyflakes:/home/csrobot/ros2_humble/install/ament_pycodestyle:/home/csrobot/ros2_humble/install/ament_pep257:/home/csrobot/ros2_humble/install/ament_pclint:/home/csrobot/ros2_humble/install/ament_package:/home/csrobot/ros2_humble/install/ament_mypy:/home/csrobot/ros2_humble/install/ament_lint_cmake:/home/csrobot/ros2_humble/install/ament_flake8:/home/csrobot/ros2_humble/install/ament_copyright:/home/csrobot/ros2_humble/install/ament_lint:/home/csrobot/ros2_humble/install/ament_index_python:/home/csrobot/ros2_humble/install/ament_cpplint:/home/csrobot/ros2_humble/install/ament_cppcheck:/home/csrobot/ros2_humble/install/ament_clang_tidy:/home/csrobot/ros2_humble/install/ament_clang_format:/home/csrobot/flexbe_ws/install/tm_mod_urdf:/home/csrobot/flexbe_ws/install/tm_get_status:/home/csrobot/flexbe_ws/install/moveit_configs_utils:/home/csrobot/flexbe_ws/install/example_flexbe_states:/home/csrobot/flexbe_ws/install/compare_flexbe_states:/home/csrobot/flexbe_ws/install/flexbe_webui:/home/csrobot/flexbe_ws/install/flexbe_onboard:/home/csrobot/flexbe_ws/install/flexbe_states:/home/csrobot/flexbe_ws/install/flexbe_mirror:/home/csrobot/flexbe_ws/install/flexbe_input:/home/csrobot/flexbe_ws/install/flexbe_core:/opt/ros/humble /usr/bin/cmake --build /home/csrobot/flexbe_ws/build/compare_flexbe_utilities -- -j8 -l8
[0.332s] [35m[1mConsolidate compiler generated dependencies of target compare_flexbe_utilities__rosidl_generator_c[0m
[0.371s] [  1%] Built target compare_flexbe_utilities__cpp
[0.377s] [ 11%] Built target compare_flexbe_utilities__rosidl_generator_c
[0.382s] [ 11%] Built target ament_cmake_python_copy_compare_flexbe_utilities
[0.407s] [35m[1mConsolidate compiler generated dependencies of target compare_flexbe_utilities__rosidl_typesupport_introspection_cpp[0m
[0.409s] [35m[1mConsolidate compiler generated dependencies of target compare_flexbe_utilities__rosidl_typesupport_cpp[0m
[0.419s] [35m[1mConsolidate compiler generated dependencies of target compare_flexbe_utilities__rosidl_typesupport_fastrtps_cpp[0m
[0.422s] [35m[1mConsolidate compiler generated dependencies of target compare_flexbe_utilities__rosidl_typesupport_introspection_c[0m
[0.422s] [35m[1mConsolidate compiler generated dependencies of target compare_flexbe_utilities__rosidl_typesupport_fastrtps_c[0m
[0.433s] [35m[1mConsolidate compiler generated dependencies of target compare_flexbe_utilities__rosidl_typesupport_c[0m
[0.444s] [ 21%] Built target compare_flexbe_utilities__rosidl_typesupport_introspection_cpp
[0.452s] [ 31%] Built target compare_flexbe_utilities__rosidl_typesupport_cpp
[0.464s] [ 40%] Built target compare_flexbe_utilities__rosidl_typesupport_introspection_c
[0.473s] [ 50%] Built target compare_flexbe_utilities__rosidl_typesupport_fastrtps_cpp
[0.479s] [ 60%] Built target compare_flexbe_utilities__rosidl_typesupport_fastrtps_c
[0.483s] [ 70%] Built target compare_flexbe_utilities__rosidl_typesupport_c
[0.487s] [35m[1mConsolidate compiler generated dependencies of target cartesian_move_to_pose_service[0m
[0.499s] [35m[1mConsolidate compiler generated dependencies of target move_to_named_pose_service[0m
[0.504s] [35m[1mConsolidate compiler generated dependencies of target move_to_pose_service[0m
[0.504s] [35m[1mConsolidate compiler generated dependencies of target voxel_grid_filter_service[0m
[0.518s] [35m[1mConsolidate compiler generated dependencies of target euclidean_clustering_service[0m
[0.520s] [35m[1mConsolidate compiler generated dependencies of target get_point_cloud_service[0m
[0.530s] [35m[1mConsolidate compiler generated dependencies of target plane_segmentation_service[0m
[0.557s] [ 72%] Built target move_to_pose_service
[0.559s] [ 73%] Built target cartesian_move_to_pose_service
[0.559s] [ 75%] Built target move_to_named_pose_service
[0.577s] [ 77%] Built target voxel_grid_filter_service
[0.579s] [ 79%] Built target get_point_cloud_service
[0.587s] [35m[1mConsolidate compiler generated dependencies of target filter_by_indices_service[0m
[0.591s] [ 81%] Built target plane_segmentation_service
[0.598s] [ 83%] Built target euclidean_clustering_service
[0.618s] [ 83%] Built target compare_flexbe_utilities
[0.620s] [ 85%] Built target filter_by_indices_service
[0.664s] [ 86%] Built target compare_flexbe_utilities__py
[0.689s] [35m[1mConsolidate compiler generated dependencies of target compare_flexbe_utilities__rosidl_generator_py[0m
[0.716s] [ 95%] Built target compare_flexbe_utilities__rosidl_generator_py
[0.739s] [35m[1mConsolidate compiler generated dependencies of target compare_flexbe_utilities__rosidl_typesupport_introspection_c__pyext[0m
[0.739s] [35m[1mConsolidate compiler generated dependencies of target compare_flexbe_utilities__rosidl_typesupport_fastrtps_c__pyext[0m
[0.739s] [35m[1mConsolidate compiler generated dependencies of target compare_flexbe_utilities__rosidl_typesupport_c__pyext[0m
[0.763s] [ 99%] Built target compare_flexbe_utilities__rosidl_typesupport_c__pyext
[0.763s] [100%] Built target compare_flexbe_utilities__rosidl_typesupport_fastrtps_c__pyext
[0.764s] [ 99%] Built target compare_flexbe_utilities__rosidl_typesupport_introspection_c__pyext
[0.949s] running egg_info
[0.950s] writing compare_flexbe_utilities.egg-info/PKG-INFO
[0.950s] writing dependency_links to compare_flexbe_utilities.egg-info/dependency_links.txt
[0.950s] writing top-level names to compare_flexbe_utilities.egg-info/top_level.txt
[0.952s] reading manifest file 'compare_flexbe_utilities.egg-info/SOURCES.txt'
[0.953s] writing manifest file 'compare_flexbe_utilities.egg-info/SOURCES.txt'
[0.986s] [100%] Built target ament_cmake_python_build_compare_flexbe_utilities_egg
[1.399s] Invoked command in '/home/csrobot/flexbe_ws/build/compare_flexbe_utilities' returned '0': CMAKE_PREFIX_PATH=${CMAKE_PREFIX_PATH}:/home/csrobot/flexbe_ws/install/flexbe_turtlesim_demo_flexbe_states:/home/csrobot/ros2_humble/install/quality_of_service_demo_py:/home/csrobot/ros2_humble/install/demo_nodes_py:/home/csrobot/ros2_humble/install/moveit_configs_utils:/home/csrobot/ros2_humble/install/rqt_bag_plugins:/home/csrobot/ros2_humble/install/rqt_bag:/home/csrobot/ros2_humble/install/launch_testing_examples:/home/csrobot/ros2_humble/install/ros2bag:/home/csrobot/ros2_humble/install/tracetools_test:/home/csrobot/ros2_humble/install/tracetools_launch:/home/csrobot/ros2_humble/install/topic_monitor:/home/csrobot/ros2_humble/install/tf2_tools:/home/csrobot/ros2_humble/install/examples_tf2_py:/home/csrobot/ros2_humble/install/tf2_ros_py:/home/csrobot/ros2_humble/install/sros2:/home/csrobot/ros2_humble/install/rqt_topic:/home/csrobot/ros2_humble/install/rqt_srv:/home/csrobot/ros2_humble/install/rqt_shell:/home/csrobot/ros2_humble/install/rqt_service_caller:/home/csrobot/ros2_humble/install/rqt_reconfigure:/home/csrobot/ros2_humble/install/rqt_py_console:/home/csrobot/ros2_humble/install/rqt_publisher:/home/csrobot/ros2_humble/install/rqt_plot:/home/csrobot/ros2_humble/install/rqt_action:/home/csrobot/ros2_humble/install/rqt_msg:/home/csrobot/ros2_humble/install/rqt_console:/home/csrobot/ros2_humble/install/rqt:/home/csrobot/ros2_humble/install/rqt_graph:/home/csrobot/ros2_humble/install/rqt_gui_py:/home/csrobot/ros2_humble/install/rqt_gui:/home/csrobot/ros2_humble/install/ros2trace:/home/csrobot/ros2_humble/install/ros2topic:/home/csrobot/ros2_humble/install/ros2test:/home/csrobot/ros2_humble/install/ros2component:/home/csrobot/ros2_humble/install/ros2param:/home/csrobot/ros2_humble/install/ros2lifecycle:/home/csrobot/ros2_humble/install/ros2service:/home/csrobot/ros2_humble/install/ros2run:/home/csrobot/ros2_humble/install/ros2launch:/home/csrobot/ros2_humble/install/ros2pkg:/home/csrobot/ros2_humble/install/ros2node:/home/csrobot/ros2_humble/install/ros2multicast:/home/csrobot/ros2_humble/install/ros2interface:/home/csrobot/ros2_humble/install/ros2doctor:/home/csrobot/ros2_humble/install/ros2action:/home/csrobot/ros2_humble/install/ros2cli:/home/csrobot/ros2_humble/install/lifecycle_py:/home/csrobot/ros2_humble/install/launch_testing_ros:/home/csrobot/ros2_humble/install/launch_ros:/home/csrobot/ros2_humble/install/examples_rclpy_pointcloud_publisher:/home/csrobot/ros2_humble/install/examples_rclpy_minimal_subscriber:/home/csrobot/ros2_humble/install/examples_rclpy_minimal_service:/home/csrobot/ros2_humble/install/examples_rclpy_minimal_publisher:/home/csrobot/ros2_humble/install/examples_rclpy_minimal_client:/home/csrobot/ros2_humble/install/examples_rclpy_minimal_action_server:/home/csrobot/ros2_humble/install/examples_rclpy_minimal_action_client:/home/csrobot/ros2_humble/install/examples_rclpy_guard_conditions:/home/csrobot/ros2_humble/install/examples_rclpy_executors:/home/csrobot/ros2_humble/install/camera_info_manager_py:/home/csrobot/ros2_humble/install/action_tutorials_py:/home/csrobot/ros2_humble/install/ament_uncrustify:/home/csrobot/ros2_humble/install/tracetools_trace:/home/csrobot/ros2_humble/install/tracetools_read:/home/csrobot/ros2_humble/install/test_tracetools_launch:/home/csrobot/ros2_humble/install/test_launch_ros:/home/csrobot/ros2_humble/install/sensor_msgs_py:/home/csrobot/ros2_humble/install/rpyutils:/home/csrobot/ros2_humble/install/rosidl_runtime_py:/home/csrobot/ros2_humble/install/rosidl_cli:/home/csrobot/ros2_humble/install/launch_pytest:/home/csrobot/ros2_humble/install/launch_testing:/home/csrobot/ros2_humble/install/launch_yaml:/home/csrobot/ros2_humble/install/launch_xml:/home/csrobot/ros2_humble/install/launch:/home/csrobot/ros2_humble/install/osrf_pycommon:/home/csrobot/ros2_humble/install/domain_coordinator:/home/csrobot/ros2_humble/install/ament_xmllint:/home/csrobot/ros2_humble/install/ament_pyflakes:/home/csrobot/ros2_humble/install/ament_pycodestyle:/home/csrobot/ros2_humble/install/ament_pep257:/home/csrobot/ros2_humble/install/ament_pclint:/home/csrobot/ros2_humble/install/ament_package:/home/csrobot/ros2_humble/install/ament_mypy:/home/csrobot/ros2_humble/install/ament_lint_cmake:/home/csrobot/ros2_humble/install/ament_flake8:/home/csrobot/ros2_humble/install/ament_copyright:/home/csrobot/ros2_humble/install/ament_lint:/home/csrobot/ros2_humble/install/ament_index_python:/home/csrobot/ros2_humble/install/ament_cpplint:/home/csrobot/ros2_humble/install/ament_cppcheck:/home/csrobot/ros2_humble/install/ament_clang_tidy:/home/csrobot/ros2_humble/install/ament_clang_format:/home/csrobot/flexbe_ws/install/tm_mod_urdf:/home/csrobot/flexbe_ws/install/tm_get_status:/home/csrobot/flexbe_ws/install/moveit_configs_utils:/home/csrobot/flexbe_ws/install/example_flexbe_states:/home/csrobot/flexbe_ws/install/compare_flexbe_states:/home/csrobot/flexbe_ws/install/flexbe_webui:/home/csrobot/flexbe_ws/install/flexbe_onboard:/home/csrobot/flexbe_ws/install/flexbe_states:/home/csrobot/flexbe_ws/install/flexbe_mirror:/home/csrobot/flexbe_ws/install/flexbe_input:/home/csrobot/flexbe_ws/install/flexbe_core:/opt/ros/humble /usr/bin/cmake --build /home/csrobot/flexbe_ws/build/compare_flexbe_utilities -- -j8 -l8
[1.400s] Invoking command in '/home/csrobot/flexbe_ws/build/compare_flexbe_utilities': CMAKE_PREFIX_PATH=${CMAKE_PREFIX_PATH}:/home/csrobot/flexbe_ws/install/flexbe_turtlesim_demo_flexbe_states:/home/csrobot/ros2_humble/install/quality_of_service_demo_py:/home/csrobot/ros2_humble/install/demo_nodes_py:/home/csrobot/ros2_humble/install/moveit_configs_utils:/home/csrobot/ros2_humble/install/rqt_bag_plugins:/home/csrobot/ros2_humble/install/rqt_bag:/home/csrobot/ros2_humble/install/launch_testing_examples:/home/csrobot/ros2_humble/install/ros2bag:/home/csrobot/ros2_humble/install/tracetools_test:/home/csrobot/ros2_humble/install/tracetools_launch:/home/csrobot/ros2_humble/install/topic_monitor:/home/csrobot/ros2_humble/install/tf2_tools:/home/csrobot/ros2_humble/install/examples_tf2_py:/home/csrobot/ros2_humble/install/tf2_ros_py:/home/csrobot/ros2_humble/install/sros2:/home/csrobot/ros2_humble/install/rqt_topic:/home/csrobot/ros2_humble/install/rqt_srv:/home/csrobot/ros2_humble/install/rqt_shell:/home/csrobot/ros2_humble/install/rqt_service_caller:/home/csrobot/ros2_humble/install/rqt_reconfigure:/home/csrobot/ros2_humble/install/rqt_py_console:/home/csrobot/ros2_humble/install/rqt_publisher:/home/csrobot/ros2_humble/install/rqt_plot:/home/csrobot/ros2_humble/install/rqt_action:/home/csrobot/ros2_humble/install/rqt_msg:/home/csrobot/ros2_humble/install/rqt_console:/home/csrobot/ros2_humble/install/rqt:/home/csrobot/ros2_humble/install/rqt_graph:/home/csrobot/ros2_humble/install/rqt_gui_py:/home/csrobot/ros2_humble/install/rqt_gui:/home/csrobot/ros2_humble/install/ros2trace:/home/csrobot/ros2_humble/install/ros2topic:/home/csrobot/ros2_humble/install/ros2test:/home/csrobot/ros2_humble/install/ros2component:/home/csrobot/ros2_humble/install/ros2param:/home/csrobot/ros2_humble/install/ros2lifecycle:/home/csrobot/ros2_humble/install/ros2service:/home/csrobot/ros2_humble/install/ros2run:/home/csrobot/ros2_humble/install/ros2launch:/home/csrobot/ros2_humble/install/ros2pkg:/home/csrobot/ros2_humble/install/ros2node:/home/csrobot/ros2_humble/install/ros2multicast:/home/csrobot/ros2_humble/install/ros2interface:/home/csrobot/ros2_humble/install/ros2doctor:/home/csrobot/ros2_humble/install/ros2action:/home/csrobot/ros2_humble/install/ros2cli:/home/csrobot/ros2_humble/install/lifecycle_py:/home/csrobot/ros2_humble/install/launch_testing_ros:/home/csrobot/ros2_humble/install/launch_ros:/home/csrobot/ros2_humble/install/examples_rclpy_pointcloud_publisher:/home/csrobot/ros2_humble/install/examples_rclpy_minimal_subscriber:/home/csrobot/ros2_humble/install/examples_rclpy_minimal_service:/home/csrobot/ros2_humble/install/examples_rclpy_minimal_publisher:/home/csrobot/ros2_humble/install/examples_rclpy_minimal_client:/home/csrobot/ros2_humble/install/examples_rclpy_minimal_action_server:/home/csrobot/ros2_humble/install/examples_rclpy_minimal_action_client:/home/csrobot/ros2_humble/install/examples_rclpy_guard_conditions:/home/csrobot/ros2_humble/install/examples_rclpy_executors:/home/csrobot/ros2_humble/install/camera_info_manager_py:/home/csrobot/ros2_humble/install/action_tutorials_py:/home/csrobot/ros2_humble/install/ament_uncrustify:/home/csrobot/ros2_humble/install/tracetools_trace:/home/csrobot/ros2_humble/install/tracetools_read:/home/csrobot/ros2_humble/install/test_tracetools_launch:/home/csrobot/ros2_humble/install/test_launch_ros:/home/csrobot/ros2_humble/install/sensor_msgs_py:/home/csrobot/ros2_humble/install/rpyutils:/home/csrobot/ros2_humble/install/rosidl_runtime_py:/home/csrobot/ros2_humble/install/rosidl_cli:/home/csrobot/ros2_humble/install/launch_pytest:/home/csrobot/ros2_humble/install/launch_testing:/home/csrobot/ros2_humble/install/launch_yaml:/home/csrobot/ros2_humble/install/launch_xml:/home/csrobot/ros2_humble/install/launch:/home/csrobot/ros2_humble/install/osrf_pycommon:/home/csrobot/ros2_humble/install/domain_coordinator:/home/csrobot/ros2_humble/install/ament_xmllint:/home/csrobot/ros2_humble/install/ament_pyflakes:/home/csrobot/ros2_humble/install/ament_pycodestyle:/home/csrobot/ros2_humble/install/ament_pep257:/home/csrobot/ros2_humble/install/ament_pclint:/home/csrobot/ros2_humble/install/ament_package:/home/csrobot/ros2_humble/install/ament_mypy:/home/csrobot/ros2_humble/install/ament_lint_cmake:/home/csrobot/ros2_humble/install/ament_flake8:/home/csrobot/ros2_humble/install/ament_copyright:/home/csrobot/ros2_humble/install/ament_lint:/home/csrobot/ros2_humble/install/ament_index_python:/home/csrobot/ros2_humble/install/ament_cpplint:/home/csrobot/ros2_humble/install/ament_cppcheck:/home/csrobot/ros2_humble/install/ament_clang_tidy:/home/csrobot/ros2_humble/install/ament_clang_format:/home/csrobot/flexbe_ws/install/tm_mod_urdf:/home/csrobot/flexbe_ws/install/tm_get_status:/home/csrobot/flexbe_ws/install/moveit_configs_utils:/home/csrobot/flexbe_ws/install/example_flexbe_states:/home/csrobot/flexbe_ws/install/compare_flexbe_states:/home/csrobot/flexbe_ws/install/flexbe_webui:/home/csrobot/flexbe_ws/install/flexbe_onboard:/home/csrobot/flexbe_ws/install/flexbe_states:/home/csrobot/flexbe_ws/install/flexbe_mirror:/home/csrobot/flexbe_ws/install/flexbe_input:/home/csrobot/flexbe_ws/install/flexbe_core:/opt/ros/humble /usr/bin/cmake --install /home/csrobot/flexbe_ws/build/compare_flexbe_utilities
[1.449s] -- Install configuration: ""
[1.449s] -- Up-to-date: /home/csrobot/flexbe_ws/install/compare_flexbe_utilities/share/ament_index/resource_index/rosidl_interfaces/compare_flexbe_utilities
[1.449s] -- Up-to-date: /home/csrobot/flexbe_ws/install/compare_flexbe_utilities/include/compare_flexbe_utilities/compare_flexbe_utilities
[1.449s] -- Up-to-date: /home/csrobot/flexbe_ws/install/compare_flexbe_utilities/include/compare_flexbe_utilities/compare_flexbe_utilities/msg
[1.449s] -- Up-to-date: /home/csrobot/flexbe_ws/install/compare_flexbe_utilities/include/compare_flexbe_utilities/compare_flexbe_utilities/msg/rosidl_generator_c__visibility_control.h
[1.449s] -- Up-to-date: /home/csrobot/flexbe_ws/install/compare_flexbe_utilities/include/compare_flexbe_utilities/compare_flexbe_utilities/srv
[1.449s] -- Up-to-date: /home/csrobot/flexbe_ws/install/compare_flexbe_utilities/include/compare_flexbe_utilities/compare_flexbe_utilities/srv/plane_segmentation.h
[1.449s] -- Up-to-date: /home/csrobot/flexbe_ws/install/compare_flexbe_utilities/include/compare_flexbe_utilities/compare_flexbe_utilities/srv/filter_by_indices.h
[1.449s] -- Up-to-date: /home/csrobot/flexbe_ws/install/compare_flexbe_utilities/include/compare_flexbe_utilities/compare_flexbe_utilities/srv/move_to_named_pose.h
[1.449s] -- Up-to-date: /home/csrobot/flexbe_ws/install/compare_flexbe_utilities/include/compare_flexbe_utilities/compare_flexbe_utilities/srv/euclidean_clustering.h
[1.449s] -- Up-to-date: /home/csrobot/flexbe_ws/install/compare_flexbe_utilities/include/compare_flexbe_utilities/compare_flexbe_utilities/srv/get_point_cloud.h
[1.449s] -- Up-to-date: /home/csrobot/flexbe_ws/install/compare_flexbe_utilities/include/compare_flexbe_utilities/compare_flexbe_utilities/srv/move_to_pose.h
[1.450s] -- Up-to-date: /home/csrobot/flexbe_ws/install/compare_flexbe_utilities/include/compare_flexbe_utilities/compare_flexbe_utilities/srv/detail
[1.450s] -- Up-to-date: /home/csrobot/flexbe_ws/install/compare_flexbe_utilities/include/compare_flexbe_utilities/compare_flexbe_utilities/srv/detail/euclidean_clustering__type_support.h
[1.450s] -- Up-to-date: /home/csrobot/flexbe_ws/install/compare_flexbe_utilities/include/compare_flexbe_utilities/compare_flexbe_utilities/srv/detail/euclidean_clustering__struct.h
[1.450s] -- Up-to-date: /home/csrobot/flexbe_ws/install/compare_flexbe_utilities/include/compare_flexbe_utilities/compare_flexbe_utilities/srv/detail/move_to_pose__struct.h
[1.450s] -- Up-to-date: /home/csrobot/flexbe_ws/install/compare_flexbe_utilities/include/compare_flexbe_utilities/compare_flexbe_utilities/srv/detail/get_point_cloud__functions.c
[1.450s] -- Up-to-date: /home/csrobot/flexbe_ws/install/compare_flexbe_utilities/include/compare_flexbe_utilities/compare_flexbe_utilities/srv/detail/euclidean_clustering__functions.c
[1.450s] -- Up-to-date: /home/csrobot/flexbe_ws/install/compare_flexbe_utilities/include/compare_flexbe_utilities/compare_flexbe_utilities/srv/detail/cartesian_move_to_pose__functions.c
[1.450s] -- Up-to-date: /home/csrobot/flexbe_ws/install/compare_flexbe_utilities/include/compare_flexbe_utilities/compare_flexbe_utilities/srv/detail/get_point_cloud__type_support.h
[1.450s] -- Up-to-date: /home/csrobot/flexbe_ws/install/compare_flexbe_utilities/include/compare_flexbe_utilities/compare_flexbe_utilities/srv/detail/plane_segmentation__functions.h
[1.450s] -- Up-to-date: /home/csrobot/flexbe_ws/install/compare_flexbe_utilities/include/compare_flexbe_utilities/compare_flexbe_utilities/srv/detail/move_to_named_pose__struct.h
[1.450s] -- Up-to-date: /home/csrobot/flexbe_ws/install/compare_flexbe_utilities/include/compare_flexbe_utilities/compare_flexbe_utilities/srv/detail/filter_by_indices__functions.c
[1.450s] -- Up-to-date: /home/csrobot/flexbe_ws/install/compare_flexbe_utilities/include/compare_flexbe_utilities/compare_flexbe_utilities/srv/detail/cartesian_move_to_pose__type_support.h
[1.450s] -- Up-to-date: /home/csrobot/flexbe_ws/install/compare_flexbe_utilities/include/compare_flexbe_utilities/compare_flexbe_utilities/srv/detail/voxel_grid_filter__struct.h
[1.450s] -- Up-to-date: /home/csrobot/flexbe_ws/install/compare_flexbe_utilities/include/compare_flexbe_utilities/compare_flexbe_utilities/srv/detail/filter_by_indices__type_support.h
[1.452s] -- Up-to-date: /home/csrobot/flexbe_ws/install/compare_flexbe_utilities/include/compare_flexbe_utilities/compare_flexbe_utilities/srv/detail/voxel_grid_filter__functions.c
[1.452s] -- Up-to-date: /home/csrobot/flexbe_ws/install/compare_flexbe_utilities/include/compare_flexbe_utilities/compare_flexbe_utilities/srv/detail/voxel_grid_filter__type_support.h
[1.452s] -- Up-to-date: /home/csrobot/flexbe_ws/install/compare_flexbe_utilities/include/compare_flexbe_utilities/compare_flexbe_utilities/srv/detail/voxel_grid_filter__functions.h
[1.452s] -- Up-to-date: /home/csrobot/flexbe_ws/install/compare_flexbe_utilities/include/compare_flexbe_utilities/compare_flexbe_utilities/srv/detail/plane_segmentation__type_support.h
[1.452s] -- Up-to-date: /home/csrobot/flexbe_ws/install/compare_flexbe_utilities/include/compare_flexbe_utilities/compare_flexbe_utilities/srv/detail/move_to_pose__functions.h
[1.452s] -- Up-to-date: /home/csrobot/flexbe_ws/install/compare_flexbe_utilities/include/compare_flexbe_utilities/compare_flexbe_utilities/srv/detail/move_to_pose__functions.c
[1.452s] -- Up-to-date: /home/csrobot/flexbe_ws/install/compare_flexbe_utilities/include/compare_flexbe_utilities/compare_flexbe_utilities/srv/detail/move_to_named_pose__functions.c
[1.452s] -- Up-to-date: /home/csrobot/flexbe_ws/install/compare_flexbe_utilities/include/compare_flexbe_utilities/compare_flexbe_utilities/srv/detail/filter_by_indices__functions.h
[1.452s] -- Up-to-date: /home/csrobot/flexbe_ws/install/compare_flexbe_utilities/include/compare_flexbe_utilities/compare_flexbe_utilities/srv/detail/move_to_named_pose__functions.h
[1.453s] -- Up-to-date: /home/csrobot/flexbe_ws/install/compare_flexbe_utilities/include/compare_flexbe_utilities/compare_flexbe_utilities/srv/detail/move_to_named_pose__type_support.h
[1.453s] -- Up-to-date: /home/csrobot/flexbe_ws/install/compare_flexbe_utilities/include/compare_flexbe_utilities/compare_flexbe_utilities/srv/detail/get_point_cloud__struct.h
[1.453s] -- Up-to-date: /home/csrobot/flexbe_ws/install/compare_flexbe_utilities/include/compare_flexbe_utilities/compare_flexbe_utilities/srv/detail/move_to_pose__type_support.h
[1.453s] -- Up-to-date: /home/csrobot/flexbe_ws/install/compare_flexbe_utilities/include/compare_flexbe_utilities/compare_flexbe_utilities/srv/detail/euclidean_clustering__functions.h
[1.453s] -- Up-to-date: /home/csrobot/flexbe_ws/install/compare_flexbe_utilities/include/compare_flexbe_utilities/compare_flexbe_utilities/srv/detail/filter_by_indices__struct.h
[1.453s] -- Up-to-date: /home/csrobot/flexbe_ws/install/compare_flexbe_utilities/include/compare_flexbe_utilities/compare_flexbe_utilities/srv/detail/cartesian_move_to_pose__struct.h
[1.453s] -- Up-to-date: /home/csrobot/flexbe_ws/install/compare_flexbe_utilities/include/compare_flexbe_utilities/compare_flexbe_utilities/srv/detail/plane_segmentation__functions.c
[1.453s] -- Up-to-date: /home/csrobot/flexbe_ws/install/compare_flexbe_utilities/include/compare_flexbe_utilities/compare_flexbe_utilities/srv/detail/plane_segmentation__struct.h
[1.453s] -- Up-to-date: /home/csrobot/flexbe_ws/install/compare_flexbe_utilities/include/compare_flexbe_utilities/compare_flexbe_utilities/srv/detail/cartesian_move_to_pose__functions.h
[1.453s] -- Up-to-date: /home/csrobot/flexbe_ws/install/compare_flexbe_utilities/include/compare_flexbe_utilities/compare_flexbe_utilities/srv/detail/get_point_cloud__functions.h
[1.453s] -- Up-to-date: /home/csrobot/flexbe_ws/install/compare_flexbe_utilities/include/compare_flexbe_utilities/compare_flexbe_utilities/srv/cartesian_move_to_pose.h
[1.453s] -- Up-to-date: /home/csrobot/flexbe_ws/install/compare_flexbe_utilities/include/compare_flexbe_utilities/compare_flexbe_utilities/srv/voxel_grid_filter.h
[1.453s] -- Up-to-date: /home/csrobot/flexbe_ws/install/compare_flexbe_utilities/share/compare_flexbe_utilities/environment/library_path.sh
[1.453s] -- Up-to-date: /home/csrobot/flexbe_ws/install/compare_flexbe_utilities/share/compare_flexbe_utilities/environment/library_path.dsv
[1.453s] -- Up-to-date: /home/csrobot/flexbe_ws/install/compare_flexbe_utilities/lib/libcompare_flexbe_utilities__rosidl_generator_c.so
[1.465s] -- Up-to-date: /home/csrobot/flexbe_ws/install/compare_flexbe_utilities/include/compare_flexbe_utilities/compare_flexbe_utilities
[1.465s] -- Up-to-date: /home/csrobot/flexbe_ws/install/compare_flexbe_utilities/include/compare_flexbe_utilities/compare_flexbe_utilities/msg
[1.465s] -- Up-to-date: /home/csrobot/flexbe_ws/install/compare_flexbe_utilities/include/compare_flexbe_utilities/compare_flexbe_utilities/msg/rosidl_typesupport_fastrtps_c__visibility_control.h
[1.465s] -- Up-to-date: /home/csrobot/flexbe_ws/install/compare_flexbe_utilities/include/compare_flexbe_utilities/compare_flexbe_utilities/srv
[1.465s] -- Up-to-date: /home/csrobot/flexbe_ws/install/compare_flexbe_utilities/include/compare_flexbe_utilities/compare_flexbe_utilities/srv/detail
[1.466s] -- Up-to-date: /home/csrobot/flexbe_ws/install/compare_flexbe_utilities/include/compare_flexbe_utilities/compare_flexbe_utilities/srv/detail/plane_segmentation__rosidl_typesupport_fastrtps_c.h
[1.466s] -- Up-to-date: /home/csrobot/flexbe_ws/install/compare_flexbe_utilities/include/compare_flexbe_utilities/compare_flexbe_utilities/srv/detail/filter_by_indices__rosidl_typesupport_fastrtps_c.h
[1.466s] -- Up-to-date: /home/csrobot/flexbe_ws/install/compare_flexbe_utilities/include/compare_flexbe_utilities/compare_flexbe_utilities/srv/detail/cartesian_move_to_pose__rosidl_typesupport_fastrtps_c.h
[1.466s] -- Up-to-date: /home/csrobot/flexbe_ws/install/compare_flexbe_utilities/include/compare_flexbe_utilities/compare_flexbe_utilities/srv/detail/voxel_grid_filter__rosidl_typesupport_fastrtps_c.h
[1.466s] -- Up-to-date: /home/csrobot/flexbe_ws/install/compare_flexbe_utilities/include/compare_flexbe_utilities/compare_flexbe_utilities/srv/detail/move_to_named_pose__rosidl_typesupport_fastrtps_c.h
[1.466s] -- Up-to-date: /home/csrobot/flexbe_ws/install/compare_flexbe_utilities/include/compare_flexbe_utilities/compare_flexbe_utilities/srv/detail/move_to_pose__rosidl_typesupport_fastrtps_c.h
[1.466s] -- Up-to-date: /home/csrobot/flexbe_ws/install/compare_flexbe_utilities/include/compare_flexbe_utilities/compare_flexbe_utilities/srv/detail/euclidean_clustering__rosidl_typesupport_fastrtps_c.h
[1.466s] -- Up-to-date: /home/csrobot/flexbe_ws/install/compare_flexbe_utilities/include/compare_flexbe_utilities/compare_flexbe_utilities/srv/detail/get_point_cloud__rosidl_typesupport_fastrtps_c.h
[1.466s] -- Up-to-date: /home/csrobot/flexbe_ws/install/compare_flexbe_utilities/lib/libcompare_flexbe_utilities__rosidl_typesupport_fastrtps_c.so
[1.466s] -- Up-to-date: /home/csrobot/flexbe_ws/install/compare_flexbe_utilities/include/compare_flexbe_utilities/compare_flexbe_utilities
[1.466s] -- Up-to-date: /home/csrobot/flexbe_ws/install/compare_flexbe_utilities/include/compare_flexbe_utilities/compare_flexbe_utilities/msg
[1.466s] -- Up-to-date: /home/csrobot/flexbe_ws/install/compare_flexbe_utilities/include/compare_flexbe_utilities/compare_flexbe_utilities/msg/rosidl_generator_cpp__visibility_control.hpp
[1.466s] -- Up-to-date: /home/csrobot/flexbe_ws/install/compare_flexbe_utilities/include/compare_flexbe_utilities/compare_flexbe_utilities/srv
[1.466s] -- Up-to-date: /home/csrobot/flexbe_ws/install/compare_flexbe_utilities/include/compare_flexbe_utilities/compare_flexbe_utilities/srv/filter_by_indices.hpp
[1.466s] -- Up-to-date: /home/csrobot/flexbe_ws/install/compare_flexbe_utilities/include/compare_flexbe_utilities/compare_flexbe_utilities/srv/plane_segmentation.hpp
[1.466s] -- Up-to-date: /home/csrobot/flexbe_ws/install/compare_flexbe_utilities/include/compare_flexbe_utilities/compare_flexbe_utilities/srv/move_to_pose.hpp
[1.466s] -- Up-to-date: /home/csrobot/flexbe_ws/install/compare_flexbe_utilities/include/compare_flexbe_utilities/compare_flexbe_utilities/srv/euclidean_clustering.hpp
[1.466s] -- Up-to-date: /home/csrobot/flexbe_ws/install/compare_flexbe_utilities/include/compare_flexbe_utilities/compare_flexbe_utilities/srv/voxel_grid_filter.hpp
[1.466s] -- Up-to-date: /home/csrobot/flexbe_ws/install/compare_flexbe_utilities/include/compare_flexbe_utilities/compare_flexbe_utilities/srv/get_point_cloud.hpp
[1.466s] -- Up-to-date: /home/csrobot/flexbe_ws/install/compare_flexbe_utilities/include/compare_flexbe_utilities/compare_flexbe_utilities/srv/detail
[1.468s] -- Up-to-date: /home/csrobot/flexbe_ws/install/compare_flexbe_utilities/include/compare_flexbe_utilities/compare_flexbe_utilities/srv/detail/move_to_pose__traits.hpp
[1.468s] -- Up-to-date: /home/csrobot/flexbe_ws/install/compare_flexbe_utilities/include/compare_flexbe_utilities/compare_flexbe_utilities/srv/detail/move_to_pose__struct.hpp
[1.468s] -- Up-to-date: /home/csrobot/flexbe_ws/install/compare_flexbe_utilities/include/compare_flexbe_utilities/compare_flexbe_utilities/srv/detail/plane_segmentation__struct.hpp
[1.468s] -- Up-to-date: /home/csrobot/flexbe_ws/install/compare_flexbe_utilities/include/compare_flexbe_utilities/compare_flexbe_utilities/srv/detail/plane_segmentation__traits.hpp
[1.468s] -- Up-to-date: /home/csrobot/flexbe_ws/install/compare_flexbe_utilities/include/compare_flexbe_utilities/compare_flexbe_utilities/srv/detail/filter_by_indices__traits.hpp
[1.468s] -- Up-to-date: /home/csrobot/flexbe_ws/install/compare_flexbe_utilities/include/compare_flexbe_utilities/compare_flexbe_utilities/srv/detail/voxel_grid_filter__struct.hpp
[1.468s] -- Up-to-date: /home/csrobot/flexbe_ws/install/compare_flexbe_utilities/include/compare_flexbe_utilities/compare_flexbe_utilities/srv/detail/cartesian_move_to_pose__type_support.hpp
[1.468s] -- Up-to-date: /home/csrobot/flexbe_ws/install/compare_flexbe_utilities/include/compare_flexbe_utilities/compare_flexbe_utilities/srv/detail/voxel_grid_filter__builder.hpp
[1.468s] -- Up-to-date: /home/csrobot/flexbe_ws/install/compare_flexbe_utilities/include/compare_flexbe_utilities/compare_flexbe_utilities/srv/detail/get_point_cloud__builder.hpp
[1.468s] -- Up-to-date: /home/csrobot/flexbe_ws/install/compare_flexbe_utilities/include/compare_flexbe_utilities/compare_flexbe_utilities/srv/detail/plane_segmentation__builder.hpp
[1.468s] -- Up-to-date: /home/csrobot/flexbe_ws/install/compare_flexbe_utilities/include/compare_flexbe_utilities/compare_flexbe_utilities/srv/detail/filter_by_indices__struct.hpp
[1.468s] -- Up-to-date: /home/csrobot/flexbe_ws/install/compare_flexbe_utilities/include/compare_flexbe_utilities/compare_flexbe_utilities/srv/detail/cartesian_move_to_pose__traits.hpp
[1.468s] -- Up-to-date: /home/csrobot/flexbe_ws/install/compare_flexbe_utilities/include/compare_flexbe_utilities/compare_flexbe_utilities/srv/detail/euclidean_clustering__builder.hpp
[1.468s] -- Up-to-date: /home/csrobot/flexbe_ws/install/compare_flexbe_utilities/include/compare_flexbe_utilities/compare_flexbe_utilities/srv/detail/get_point_cloud__struct.hpp
[1.468s] -- Up-to-date: /home/csrobot/flexbe_ws/install/compare_flexbe_utilities/include/compare_flexbe_utilities/compare_flexbe_utilities/srv/detail/euclidean_clustering__struct.hpp
[1.468s] -- Up-to-date: /home/csrobot/flexbe_ws/install/compare_flexbe_utilities/include/compare_flexbe_utilities/compare_flexbe_utilities/srv/detail/filter_by_indices__builder.hpp
[1.468s] -- Up-to-date: /home/csrobot/flexbe_ws/install/compare_flexbe_utilities/include/compare_flexbe_utilities/compare_flexbe_utilities/srv/detail/voxel_grid_filter__traits.hpp
[1.468s] -- Up-to-date: /home/csrobot/flexbe_ws/install/compare_flexbe_utilities/include/compare_flexbe_utilities/compare_flexbe_utilities/srv/detail/filter_by_indices__type_support.hpp
[1.468s] -- Up-to-date: /home/csrobot/flexbe_ws/install/compare_flexbe_utilities/include/compare_flexbe_utilities/compare_flexbe_utilities/srv/detail/plane_segmentation__type_support.hpp
[1.468s] -- Up-to-date: /home/csrobot/flexbe_ws/install/compare_flexbe_utilities/include/compare_flexbe_utilities/compare_flexbe_utilities/srv/detail/cartesian_move_to_pose__struct.hpp
[1.469s] -- Up-to-date: /home/csrobot/flexbe_ws/install/compare_flexbe_utilities/include/compare_flexbe_utilities/compare_flexbe_utilities/srv/detail/euclidean_clustering__traits.hpp
[1.469s] -- Up-to-date: /home/csrobot/flexbe_ws/install/compare_flexbe_utilities/include/compare_flexbe_utilities/compare_flexbe_utilities/srv/detail/move_to_named_pose__traits.hpp
[1.469s] -- Up-to-date: /home/csrobot/flexbe_ws/install/compare_flexbe_utilities/include/compare_flexbe_utilities/compare_flexbe_utilities/srv/detail/euclidean_clustering__type_support.hpp
[1.469s] -- Up-to-date: /home/csrobot/flexbe_ws/install/compare_flexbe_utilities/include/compare_flexbe_utilities/compare_flexbe_utilities/srv/detail/move_to_pose__builder.hpp
[1.469s] -- Up-to-date: /home/csrobot/flexbe_ws/install/compare_flexbe_utilities/include/compare_flexbe_utilities/compare_flexbe_utilities/srv/detail/move_to_named_pose__struct.hpp
[1.469s] -- Up-to-date: /home/csrobot/flexbe_ws/install/compare_flexbe_utilities/include/compare_flexbe_utilities/compare_flexbe_utilities/srv/detail/cartesian_move_to_pose__builder.hpp
[1.469s] -- Up-to-date: /home/csrobot/flexbe_ws/install/compare_flexbe_utilities/include/compare_flexbe_utilities/compare_flexbe_utilities/srv/detail/voxel_grid_filter__type_support.hpp
[1.469s] -- Up-to-date: /home/csrobot/flexbe_ws/install/compare_flexbe_utilities/include/compare_flexbe_utilities/compare_flexbe_utilities/srv/detail/get_point_cloud__traits.hpp
[1.469s] -- Up-to-date: /home/csrobot/flexbe_ws/install/compare_flexbe_utilities/include/compare_flexbe_utilities/compare_flexbe_utilities/srv/detail/move_to_pose__type_support.hpp
[1.469s] -- Up-to-date: /home/csrobot/flexbe_ws/install/compare_flexbe_utilities/include/compare_flexbe_utilities/compare_flexbe_utilities/srv/detail/get_point_cloud__type_support.hpp
[1.470s] -- Up-to-date: /home/csrobot/flexbe_ws/install/compare_flexbe_utilities/include/compare_flexbe_utilities/compare_flexbe_utilities/srv/detail/move_to_named_pose__builder.hpp
[1.470s] -- Up-to-date: /home/csrobot/flexbe_ws/install/compare_flexbe_utilities/include/compare_flexbe_utilities/compare_flexbe_utilities/srv/detail/move_to_named_pose__type_support.hpp
[1.470s] -- Up-to-date: /home/csrobot/flexbe_ws/install/compare_flexbe_utilities/include/compare_flexbe_utilities/compare_flexbe_utilities/srv/cartesian_move_to_pose.hpp
[1.470s] -- Up-to-date: /home/csrobot/flexbe_ws/install/compare_flexbe_utilities/include/compare_flexbe_utilities/compare_flexbe_utilities/srv/move_to_named_pose.hpp
[1.470s] -- Up-to-date: /home/csrobot/flexbe_ws/install/compare_flexbe_utilities/include/compare_flexbe_utilities/compare_flexbe_utilities
[1.470s] -- Up-to-date: /home/csrobot/flexbe_ws/install/compare_flexbe_utilities/include/compare_flexbe_utilities/compare_flexbe_utilities/msg
[1.470s] -- Up-to-date: /home/csrobot/flexbe_ws/install/compare_flexbe_utilities/include/compare_flexbe_utilities/compare_flexbe_utilities/msg/rosidl_typesupport_fastrtps_cpp__visibility_control.h
[1.470s] -- Up-to-date: /home/csrobot/flexbe_ws/install/compare_flexbe_utilities/include/compare_flexbe_utilities/compare_flexbe_utilities/srv
[1.470s] -- Up-to-date: /home/csrobot/flexbe_ws/install/compare_flexbe_utilities/include/compare_flexbe_utilities/compare_flexbe_utilities/srv/detail
[1.470s] -- Up-to-date: /home/csrobot/flexbe_ws/install/compare_flexbe_utilities/include/compare_flexbe_utilities/compare_flexbe_utilities/srv/detail/voxel_grid_filter__rosidl_typesupport_fastrtps_cpp.hpp
[1.470s] -- Up-to-date: /home/csrobot/flexbe_ws/install/compare_flexbe_utilities/include/compare_flexbe_utilities/compare_flexbe_utilities/srv/detail/filter_by_indices__rosidl_typesupport_fastrtps_cpp.hpp
[1.470s] -- Up-to-date: /home/csrobot/flexbe_ws/install/compare_flexbe_utilities/include/compare_flexbe_utilities/compare_flexbe_utilities/srv/detail/move_to_named_pose__rosidl_typesupport_fastrtps_cpp.hpp
[1.470s] -- Up-to-date: /home/csrobot/flexbe_ws/install/compare_flexbe_utilities/include/compare_flexbe_utilities/compare_flexbe_utilities/srv/detail/euclidean_clustering__rosidl_typesupport_fastrtps_cpp.hpp
[1.470s] -- Up-to-date: /home/csrobot/flexbe_ws/install/compare_flexbe_utilities/include/compare_flexbe_utilities/compare_flexbe_utilities/srv/detail/plane_segmentation__rosidl_typesupport_fastrtps_cpp.hpp
[1.470s] -- Up-to-date: /home/csrobot/flexbe_ws/install/compare_flexbe_utilities/include/compare_flexbe_utilities/compare_flexbe_utilities/srv/detail/cartesian_move_to_pose__rosidl_typesupport_fastrtps_cpp.hpp
[1.470s] -- Up-to-date: /home/csrobot/flexbe_ws/install/compare_flexbe_utilities/include/compare_flexbe_utilities/compare_flexbe_utilities/srv/detail/dds_fastrtps
[1.470s] -- Up-to-date: /home/csrobot/flexbe_ws/install/compare_flexbe_utilities/include/compare_flexbe_utilities/compare_flexbe_utilities/srv/detail/get_point_cloud__rosidl_typesupport_fastrtps_cpp.hpp
[1.470s] -- Up-to-date: /home/csrobot/flexbe_ws/install/compare_flexbe_utilities/include/compare_flexbe_utilities/compare_flexbe_utilities/srv/detail/move_to_pose__rosidl_typesupport_fastrtps_cpp.hpp
[1.470s] -- Up-to-date: /home/csrobot/flexbe_ws/install/compare_flexbe_utilities/lib/libcompare_flexbe_utilities__rosidl_typesupport_fastrtps_cpp.so
[1.470s] -- Up-to-date: /home/csrobot/flexbe_ws/install/compare_flexbe_utilities/include/compare_flexbe_utilities/compare_flexbe_utilities
[1.470s] -- Up-to-date: /home/csrobot/flexbe_ws/install/compare_flexbe_utilities/include/compare_flexbe_utilities/compare_flexbe_utilities/msg
[1.470s] -- Up-to-date: /home/csrobot/flexbe_ws/install/compare_flexbe_utilities/include/compare_flexbe_utilities/compare_flexbe_utilities/msg/rosidl_typesupport_introspection_c__visibility_control.h
[1.470s] -- Up-to-date: /home/csrobot/flexbe_ws/install/compare_flexbe_utilities/include/compare_flexbe_utilities/compare_flexbe_utilities/srv
[1.470s] -- Up-to-date: /home/csrobot/flexbe_ws/install/compare_flexbe_utilities/include/compare_flexbe_utilities/compare_flexbe_utilities/srv/detail
[1.471s] -- Up-to-date: /home/csrobot/flexbe_ws/install/compare_flexbe_utilities/include/compare_flexbe_utilities/compare_flexbe_utilities/srv/detail/move_to_named_pose__type_support.c
[1.471s] -- Up-to-date: /home/csrobot/flexbe_ws/install/compare_flexbe_utilities/include/compare_flexbe_utilities/compare_flexbe_utilities/srv/detail/plane_segmentation__type_support.c
[1.471s] -- Up-to-date: /home/csrobot/flexbe_ws/install/compare_flexbe_utilities/include/compare_flexbe_utilities/compare_flexbe_utilities/srv/detail/move_to_pose__type_support.c
[1.471s] -- Up-to-date: /home/csrobot/flexbe_ws/install/compare_flexbe_utilities/include/compare_flexbe_utilities/compare_flexbe_utilities/srv/detail/get_point_cloud__type_support.c
[1.471s] -- Up-to-date: /home/csrobot/flexbe_ws/install/compare_flexbe_utilities/include/compare_flexbe_utilities/compare_flexbe_utilities/srv/detail/plane_segmentation__rosidl_typesupport_introspection_c.h
[1.471s] -- Up-to-date: /home/csrobot/flexbe_ws/install/compare_flexbe_utilities/include/compare_flexbe_utilities/compare_flexbe_utilities/srv/detail/get_point_cloud__rosidl_typesupport_introspection_c.h
[1.471s] -- Up-to-date: /home/csrobot/flexbe_ws/install/compare_flexbe_utilities/include/compare_flexbe_utilities/compare_flexbe_utilities/srv/detail/move_to_pose__rosidl_typesupport_introspection_c.h
[1.471s] -- Up-to-date: /home/csrobot/flexbe_ws/install/compare_flexbe_utilities/include/compare_flexbe_utilities/compare_flexbe_utilities/srv/detail/voxel_grid_filter__type_support.c
[1.471s] -- Up-to-date: /home/csrobot/flexbe_ws/install/compare_flexbe_utilities/include/compare_flexbe_utilities/compare_flexbe_utilities/srv/detail/voxel_grid_filter__rosidl_typesupport_introspection_c.h
[1.471s] -- Up-to-date: /home/csrobot/flexbe_ws/install/compare_flexbe_utilities/include/compare_flexbe_utilities/compare_flexbe_utilities/srv/detail/move_to_named_pose__rosidl_typesupport_introspection_c.h
[1.471s] -- Up-to-date: /home/csrobot/flexbe_ws/install/compare_flexbe_utilities/include/compare_flexbe_utilities/compare_flexbe_utilities/srv/detail/cartesian_move_to_pose__type_support.c
[1.471s] -- Up-to-date: /home/csrobot/flexbe_ws/install/compare_flexbe_utilities/include/compare_flexbe_utilities/compare_flexbe_utilities/srv/detail/filter_by_indices__type_support.c
[1.471s] -- Up-to-date: /home/csrobot/flexbe_ws/install/compare_flexbe_utilities/include/compare_flexbe_utilities/compare_flexbe_utilities/srv/detail/euclidean_clustering__rosidl_typesupport_introspection_c.h
[1.471s] -- Up-to-date: /home/csrobot/flexbe_ws/install/compare_flexbe_utilities/include/compare_flexbe_utilities/compare_flexbe_utilities/srv/detail/euclidean_clustering__type_support.c
[1.471s] -- Up-to-date: /home/csrobot/flexbe_ws/install/compare_flexbe_utilities/include/compare_flexbe_utilities/compare_flexbe_utilities/srv/detail/filter_by_indices__rosidl_typesupport_introspection_c.h
[1.471s] -- Up-to-date: /home/csrobot/flexbe_ws/install/compare_flexbe_utilities/include/compare_flexbe_utilities/compare_flexbe_utilities/srv/detail/cartesian_move_to_pose__rosidl_typesupport_introspection_c.h
[1.471s] -- Up-to-date: /home/csrobot/flexbe_ws/install/compare_flexbe_utilities/lib/libcompare_flexbe_utilities__rosidl_typesupport_introspection_c.so
[1.474s] -- Up-to-date: /home/csrobot/flexbe_ws/install/compare_flexbe_utilities/lib/libcompare_flexbe_utilities__rosidl_typesupport_c.so
[1.474s] -- Up-to-date: /home/csrobot/flexbe_ws/install/compare_flexbe_utilities/include/compare_flexbe_utilities/compare_flexbe_utilities
[1.474s] -- Up-to-date: /home/csrobot/flexbe_ws/install/compare_flexbe_utilities/include/compare_flexbe_utilities/compare_flexbe_utilities/srv
[1.474s] -- Up-to-date: /home/csrobot/flexbe_ws/install/compare_flexbe_utilities/include/compare_flexbe_utilities/compare_flexbe_utilities/srv/detail
[1.474s] -- Up-to-date: /home/csrobot/flexbe_ws/install/compare_flexbe_utilities/include/compare_flexbe_utilities/compare_flexbe_utilities/srv/detail/euclidean_clustering__type_support.cpp
[1.474s] -- Up-to-date: /home/csrobot/flexbe_ws/install/compare_flexbe_utilities/include/compare_flexbe_utilities/compare_flexbe_utilities/srv/detail/filter_by_indices__rosidl_typesupport_introspection_cpp.hpp
[1.474s] -- Up-to-date: /home/csrobot/flexbe_ws/install/compare_flexbe_utilities/include/compare_flexbe_utilities/compare_flexbe_utilities/srv/detail/plane_segmentation__type_support.cpp
[1.474s] -- Up-to-date: /home/csrobot/flexbe_ws/install/compare_flexbe_utilities/include/compare_flexbe_utilities/compare_flexbe_utilities/srv/detail/voxel_grid_filter__type_support.cpp
[1.474s] -- Up-to-date: /home/csrobot/flexbe_ws/install/compare_flexbe_utilities/include/compare_flexbe_utilities/compare_flexbe_utilities/srv/detail/move_to_named_pose__type_support.cpp
[1.474s] -- Up-to-date: /home/csrobot/flexbe_ws/install/compare_flexbe_utilities/include/compare_flexbe_utilities/compare_flexbe_utilities/srv/detail/plane_segmentation__rosidl_typesupport_introspection_cpp.hpp
[1.474s] -- Up-to-date: /home/csrobot/flexbe_ws/install/compare_flexbe_utilities/include/compare_flexbe_utilities/compare_flexbe_utilities/srv/detail/move_to_pose__type_support.cpp
[1.474s] -- Up-to-date: /home/csrobot/flexbe_ws/install/compare_flexbe_utilities/include/compare_flexbe_utilities/compare_flexbe_utilities/srv/detail/move_to_named_pose__rosidl_typesupport_introspection_cpp.hpp
[1.474s] -- Up-to-date: /home/csrobot/flexbe_ws/install/compare_flexbe_utilities/include/compare_flexbe_utilities/compare_flexbe_utilities/srv/detail/get_point_cloud__rosidl_typesupport_introspection_cpp.hpp
[1.474s] -- Up-to-date: /home/csrobot/flexbe_ws/install/compare_flexbe_utilities/include/compare_flexbe_utilities/compare_flexbe_utilities/srv/detail/move_to_pose__rosidl_typesupport_introspection_cpp.hpp
[1.474s] -- Up-to-date: /home/csrobot/flexbe_ws/install/compare_flexbe_utilities/include/compare_flexbe_utilities/compare_flexbe_utilities/srv/detail/cartesian_move_to_pose__rosidl_typesupport_introspection_cpp.hpp
[1.474s] -- Up-to-date: /home/csrobot/flexbe_ws/install/compare_flexbe_utilities/include/compare_flexbe_utilities/compare_flexbe_utilities/srv/detail/get_point_cloud__type_support.cpp
[1.474s] -- Up-to-date: /home/csrobot/flexbe_ws/install/compare_flexbe_utilities/include/compare_flexbe_utilities/compare_flexbe_utilities/srv/detail/cartesian_move_to_pose__type_support.cpp
[1.475s] -- Up-to-date: /home/csrobot/flexbe_ws/install/compare_flexbe_utilities/include/compare_flexbe_utilities/compare_flexbe_utilities/srv/detail/euclidean_clustering__rosidl_typesupport_introspection_cpp.hpp
[1.475s] -- Up-to-date: /home/csrobot/flexbe_ws/install/compare_flexbe_utilities/include/compare_flexbe_utilities/compare_flexbe_utilities/srv/detail/voxel_grid_filter__rosidl_typesupport_introspection_cpp.hpp
[1.475s] -- Up-to-date: /home/csrobot/flexbe_ws/install/compare_flexbe_utilities/include/compare_flexbe_utilities/compare_flexbe_utilities/srv/detail/filter_by_indices__type_support.cpp
[1.475s] -- Up-to-date: /home/csrobot/flexbe_ws/install/compare_flexbe_utilities/lib/libcompare_flexbe_utilities__rosidl_typesupport_introspection_cpp.so
[1.475s] -- Up-to-date: /home/csrobot/flexbe_ws/install/compare_flexbe_utilities/lib/libcompare_flexbe_utilities__rosidl_typesupport_cpp.so
[1.475s] -- Up-to-date: /home/csrobot/flexbe_ws/install/compare_flexbe_utilities/share/compare_flexbe_utilities/environment/pythonpath.sh
[1.475s] -- Up-to-date: /home/csrobot/flexbe_ws/install/compare_flexbe_utilities/share/compare_flexbe_utilities/environment/pythonpath.dsv
[1.478s] -- Up-to-date: /home/csrobot/flexbe_ws/install/compare_flexbe_utilities/local/lib/python3.10/dist-packages/compare_flexbe_utilities-0.0.0-py3.10.egg-info
[1.478s] -- Installing: /home/csrobot/flexbe_ws/install/compare_flexbe_utilities/local/lib/python3.10/dist-packages/compare_flexbe_utilities-0.0.0-py3.10.egg-info/dependency_links.txt
[1.478s] -- Installing: /home/csrobot/flexbe_ws/install/compare_flexbe_utilities/local/lib/python3.10/dist-packages/compare_flexbe_utilities-0.0.0-py3.10.egg-info/top_level.txt
[1.478s] -- Installing: /home/csrobot/flexbe_ws/install/compare_flexbe_utilities/local/lib/python3.10/dist-packages/compare_flexbe_utilities-0.0.0-py3.10.egg-info/SOURCES.txt
[1.478s] -- Installing: /home/csrobot/flexbe_ws/install/compare_flexbe_utilities/local/lib/python3.10/dist-packages/compare_flexbe_utilities-0.0.0-py3.10.egg-info/PKG-INFO
[1.478s] -- Up-to-date: /home/csrobot/flexbe_ws/install/compare_flexbe_utilities/local/lib/python3.10/dist-packages/compare_flexbe_utilities
[1.478s] -- Up-to-date: /home/csrobot/flexbe_ws/install/compare_flexbe_utilities/local/lib/python3.10/dist-packages/compare_flexbe_utilities/compare_flexbe_utilities_s__rosidl_typesupport_introspection_c.cpython-310-x86_64-linux-gnu.so
[1.478s] -- Up-to-date: /home/csrobot/flexbe_ws/install/compare_flexbe_utilities/local/lib/python3.10/dist-packages/compare_flexbe_utilities/libcompare_flexbe_utilities__rosidl_generator_py.so
[1.478s] -- Up-to-date: /home/csrobot/flexbe_ws/install/compare_flexbe_utilities/local/lib/python3.10/dist-packages/compare_flexbe_utilities/__init__.py
[1.478s] -- Up-to-date: /home/csrobot/flexbe_ws/install/compare_flexbe_utilities/local/lib/python3.10/dist-packages/compare_flexbe_utilities/compare_flexbe_utilities_s__rosidl_typesupport_c.cpython-310-x86_64-linux-gnu.so
[1.478s] -- Up-to-date: /home/csrobot/flexbe_ws/install/compare_flexbe_utilities/local/lib/python3.10/dist-packages/compare_flexbe_utilities/compare_flexbe_utilities_s__rosidl_typesupport_fastrtps_c.cpython-310-x86_64-linux-gnu.so
[1.478s] -- Up-to-date: /home/csrobot/flexbe_ws/install/compare_flexbe_utilities/local/lib/python3.10/dist-packages/compare_flexbe_utilities/_compare_flexbe_utilities_s.ep.rosidl_typesupport_c.c
[1.478s] -- Up-to-date: /home/csrobot/flexbe_ws/install/compare_flexbe_utilities/local/lib/python3.10/dist-packages/compare_flexbe_utilities/_compare_flexbe_utilities_s.ep.rosidl_typesupport_fastrtps_c.c
[1.478s] -- Up-to-date: /home/csrobot/flexbe_ws/install/compare_flexbe_utilities/local/lib/python3.10/dist-packages/compare_flexbe_utilities/srv
[1.478s] -- Up-to-date: /home/csrobot/flexbe_ws/install/compare_flexbe_utilities/local/lib/python3.10/dist-packages/compare_flexbe_utilities/srv/_filter_by_indices_s.c
[1.478s] -- Up-to-date: /home/csrobot/flexbe_ws/install/compare_flexbe_utilities/local/lib/python3.10/dist-packages/compare_flexbe_utilities/srv/_filter_by_indices.py
[1.478s] -- Up-to-date: /home/csrobot/flexbe_ws/install/compare_flexbe_utilities/local/lib/python3.10/dist-packages/compare_flexbe_utilities/srv/_plane_segmentation.py
[1.478s] -- Up-to-date: /home/csrobot/flexbe_ws/install/compare_flexbe_utilities/local/lib/python3.10/dist-packages/compare_flexbe_utilities/srv/_voxel_grid_filter.py
[1.479s] -- Up-to-date: /home/csrobot/flexbe_ws/install/compare_flexbe_utilities/local/lib/python3.10/dist-packages/compare_flexbe_utilities/srv/_move_to_named_pose_s.c
[1.479s] -- Up-to-date: /home/csrobot/flexbe_ws/install/compare_flexbe_utilities/local/lib/python3.10/dist-packages/compare_flexbe_utilities/srv/_move_to_pose_s.c
[1.479s] -- Up-to-date: /home/csrobot/flexbe_ws/install/compare_flexbe_utilities/local/lib/python3.10/dist-packages/compare_flexbe_utilities/srv/_get_point_cloud.py
[1.479s] -- Up-to-date: /home/csrobot/flexbe_ws/install/compare_flexbe_utilities/local/lib/python3.10/dist-packages/compare_flexbe_utilities/srv/_cartesian_move_to_pose_s.c
[1.479s] -- Up-to-date: /home/csrobot/flexbe_ws/install/compare_flexbe_utilities/local/lib/python3.10/dist-packages/compare_flexbe_utilities/srv/_move_to_named_pose.py
[1.479s] -- Up-to-date: /home/csrobot/flexbe_ws/install/compare_flexbe_utilities/local/lib/python3.10/dist-packages/compare_flexbe_utilities/srv/_euclidean_clustering.py
[1.480s] -- Up-to-date: /home/csrobot/flexbe_ws/install/compare_flexbe_utilities/local/lib/python3.10/dist-packages/compare_flexbe_utilities/srv/_get_point_cloud_s.c
[1.480s] -- Up-to-date: /home/csrobot/flexbe_ws/install/compare_flexbe_utilities/local/lib/python3.10/dist-packages/compare_flexbe_utilities/srv/__init__.py
[1.481s] -- Up-to-date: /home/csrobot/flexbe_ws/install/compare_flexbe_utilities/local/lib/python3.10/dist-packages/compare_flexbe_utilities/srv/_plane_segmentation_s.c
[1.481s] -- Up-to-date: /home/csrobot/flexbe_ws/install/compare_flexbe_utilities/local/lib/python3.10/dist-packages/compare_flexbe_utilities/srv/_cartesian_move_to_pose.py
[1.481s] -- Up-to-date: /home/csrobot/flexbe_ws/install/compare_flexbe_utilities/local/lib/python3.10/dist-packages/compare_flexbe_utilities/srv/_move_to_pose.py
[1.481s] -- Up-to-date: /home/csrobot/flexbe_ws/install/compare_flexbe_utilities/local/lib/python3.10/dist-packages/compare_flexbe_utilities/srv/_euclidean_clustering_s.c
[1.481s] -- Up-to-date: /home/csrobot/flexbe_ws/install/compare_flexbe_utilities/local/lib/python3.10/dist-packages/compare_flexbe_utilities/srv/_voxel_grid_filter_s.c
[1.481s] -- Up-to-date: /home/csrobot/flexbe_ws/install/compare_flexbe_utilities/local/lib/python3.10/dist-packages/compare_flexbe_utilities/_compare_flexbe_utilities_s.ep.rosidl_typesupport_introspection_c.c
[1.558s] Listing '/home/csrobot/flexbe_ws/install/compare_flexbe_utilities/local/lib/python3.10/dist-packages/compare_flexbe_utilities'...
[1.558s] Listing '/home/csrobot/flexbe_ws/install/compare_flexbe_utilities/local/lib/python3.10/dist-packages/compare_flexbe_utilities/srv'...
[1.568s] -- Up-to-date: /home/csrobot/flexbe_ws/install/compare_flexbe_utilities/local/lib/python3.10/dist-packages/compare_flexbe_utilities/compare_flexbe_utilities_s__rosidl_typesupport_introspection_c.cpython-310-x86_64-linux-gnu.so
[1.570s] -- Up-to-date: /home/csrobot/flexbe_ws/install/compare_flexbe_utilities/local/lib/python3.10/dist-packages/compare_flexbe_utilities/compare_flexbe_utilities_s__rosidl_typesupport_fastrtps_c.cpython-310-x86_64-linux-gnu.so
[1.570s] -- Up-to-date: /home/csrobot/flexbe_ws/install/compare_flexbe_utilities/local/lib/python3.10/dist-packages/compare_flexbe_utilities/compare_flexbe_utilities_s__rosidl_typesupport_c.cpython-310-x86_64-linux-gnu.so
[1.570s] -- Up-to-date: /home/csrobot/flexbe_ws/install/compare_flexbe_utilities/lib/libcompare_flexbe_utilities__rosidl_generator_py.so
[1.570s] -- Up-to-date: /home/csrobot/flexbe_ws/install/compare_flexbe_utilities/share/compare_flexbe_utilities/srv/CartesianMoveToPose.idl
[1.570s] -- Up-to-date: /home/csrobot/flexbe_ws/install/compare_flexbe_utilities/share/compare_flexbe_utilities/srv/MoveToNamedPose.idl
[1.570s] -- Up-to-date: /home/csrobot/flexbe_ws/install/compare_flexbe_utilities/share/compare_flexbe_utilities/srv/MoveToPose.idl
[1.570s] -- Up-to-date: /home/csrobot/flexbe_ws/install/compare_flexbe_utilities/share/compare_flexbe_utilities/srv/VoxelGridFilter.idl
[1.570s] -- Up-to-date: /home/csrobot/flexbe_ws/install/compare_flexbe_utilities/share/compare_flexbe_utilities/srv/PlaneSegmentation.idl
[1.570s] -- Up-to-date: /home/csrobot/flexbe_ws/install/compare_flexbe_utilities/share/compare_flexbe_utilities/srv/EuclideanClustering.idl
[1.570s] -- Up-to-date: /home/csrobot/flexbe_ws/install/compare_flexbe_utilities/share/compare_flexbe_utilities/srv/GetPointCloud.idl
[1.570s] -- Up-to-date: /home/csrobot/flexbe_ws/install/compare_flexbe_utilities/share/compare_flexbe_utilities/srv/FilterByIndices.idl
[1.570s] -- Up-to-date: /home/csrobot/flexbe_ws/install/compare_flexbe_utilities/share/compare_flexbe_utilities/srv/CartesianMoveToPose.srv
[1.570s] -- Up-to-date: /home/csrobot/flexbe_ws/install/compare_flexbe_utilities/share/compare_flexbe_utilities/srv/CartesianMoveToPose_Request.msg
[1.570s] -- Up-to-date: /home/csrobot/flexbe_ws/install/compare_flexbe_utilities/share/compare_flexbe_utilities/srv/CartesianMoveToPose_Response.msg
[1.570s] -- Up-to-date: /home/csrobot/flexbe_ws/install/compare_flexbe_utilities/share/compare_flexbe_utilities/srv/MoveToNamedPose.srv
[1.570s] -- Up-to-date: /home/csrobot/flexbe_ws/install/compare_flexbe_utilities/share/compare_flexbe_utilities/srv/MoveToNamedPose_Request.msg
[1.570s] -- Up-to-date: /home/csrobot/flexbe_ws/install/compare_flexbe_utilities/share/compare_flexbe_utilities/srv/MoveToNamedPose_Response.msg
[1.571s] -- Up-to-date: /home/csrobot/flexbe_ws/install/compare_flexbe_utilities/share/compare_flexbe_utilities/srv/MoveToPose.srv
[1.571s] -- Up-to-date: /home/csrobot/flexbe_ws/install/compare_flexbe_utilities/share/compare_flexbe_utilities/srv/MoveToPose_Request.msg
[1.571s] -- Up-to-date: /home/csrobot/flexbe_ws/install/compare_flexbe_utilities/share/compare_flexbe_utilities/srv/MoveToPose_Response.msg
[1.571s] -- Up-to-date: /home/csrobot/flexbe_ws/install/compare_flexbe_utilities/share/compare_flexbe_utilities/srv/VoxelGridFilter.srv
[1.571s] -- Up-to-date: /home/csrobot/flexbe_ws/install/compare_flexbe_utilities/share/compare_flexbe_utilities/srv/VoxelGridFilter_Request.msg
[1.571s] -- Up-to-date: /home/csrobot/flexbe_ws/install/compare_flexbe_utilities/share/compare_flexbe_utilities/srv/VoxelGridFilter_Response.msg
[1.571s] -- Up-to-date: /home/csrobot/flexbe_ws/install/compare_flexbe_utilities/share/compare_flexbe_utilities/srv/PlaneSegmentation.srv
[1.571s] -- Up-to-date: /home/csrobot/flexbe_ws/install/compare_flexbe_utilities/share/compare_flexbe_utilities/srv/PlaneSegmentation_Request.msg
[1.571s] -- Up-to-date: /home/csrobot/flexbe_ws/install/compare_flexbe_utilities/share/compare_flexbe_utilities/srv/PlaneSegmentation_Response.msg
[1.571s] -- Up-to-date: /home/csrobot/flexbe_ws/install/compare_flexbe_utilities/share/compare_flexbe_utilities/srv/EuclideanClustering.srv
[1.571s] -- Up-to-date: /home/csrobot/flexbe_ws/install/compare_flexbe_utilities/share/compare_flexbe_utilities/srv/EuclideanClustering_Request.msg
[1.571s] -- Up-to-date: /home/csrobot/flexbe_ws/install/compare_flexbe_utilities/share/compare_flexbe_utilities/srv/EuclideanClustering_Response.msg
[1.571s] -- Up-to-date: /home/csrobot/flexbe_ws/install/compare_flexbe_utilities/share/compare_flexbe_utilities/srv/GetPointCloud.srv
[1.571s] -- Up-to-date: /home/csrobot/flexbe_ws/install/compare_flexbe_utilities/share/compare_flexbe_utilities/srv/GetPointCloud_Request.msg
[1.571s] -- Up-to-date: /home/csrobot/flexbe_ws/install/compare_flexbe_utilities/share/compare_flexbe_utilities/srv/GetPointCloud_Response.msg
[1.571s] -- Up-to-date: /home/csrobot/flexbe_ws/install/compare_flexbe_utilities/share/compare_flexbe_utilities/srv/FilterByIndices.srv
[1.572s] -- Up-to-date: /home/csrobot/flexbe_ws/install/compare_flexbe_utilities/share/compare_flexbe_utilities/srv/FilterByIndices_Request.msg
[1.572s] -- Up-to-date: /home/csrobot/flexbe_ws/install/compare_flexbe_utilities/share/compare_flexbe_utilities/srv/FilterByIndices_Response.msg
[1.572s] -- Up-to-date: /home/csrobot/flexbe_ws/install/compare_flexbe_utilities/lib/compare_flexbe_utilities/cartesian_move_to_pose_service
[1.572s] -- Up-to-date: /home/csrobot/flexbe_ws/install/compare_flexbe_utilities/lib/compare_flexbe_utilities/move_to_named_pose_service
[1.572s] -- Up-to-date: /home/csrobot/flexbe_ws/install/compare_flexbe_utilities/lib/compare_flexbe_utilities/move_to_pose_service
[1.572s] -- Up-to-date: /home/csrobot/flexbe_ws/install/compare_flexbe_utilities/lib/compare_flexbe_utilities/voxel_grid_filter_service
[1.572s] -- Up-to-date: /home/csrobot/flexbe_ws/install/compare_flexbe_utilities/lib/compare_flexbe_utilities/plane_segmentation_service
[1.572s] -- Up-to-date: /home/csrobot/flexbe_ws/install/compare_flexbe_utilities/lib/compare_flexbe_utilities/euclidean_clustering_service
[1.572s] -- Up-to-date: /home/csrobot/flexbe_ws/install/compare_flexbe_utilities/lib/compare_flexbe_utilities/get_point_cloud_service
[1.572s] -- Up-to-date: /home/csrobot/flexbe_ws/install/compare_flexbe_utilities/lib/compare_flexbe_utilities/filter_by_indices_service
[1.572s] -- Up-to-date: /home/csrobot/flexbe_ws/install/compare_flexbe_utilities/share/ament_index/resource_index/package_run_dependencies/compare_flexbe_utilities
[1.572s] -- Up-to-date: /home/csrobot/flexbe_ws/install/compare_flexbe_utilities/share/ament_index/resource_index/parent_prefix_path/compare_flexbe_utilities
[1.573s] -- Up-to-date: /home/csrobot/flexbe_ws/install/compare_flexbe_utilities/share/compare_flexbe_utilities/environment/ament_prefix_path.dsv
[1.573s] -- Up-to-date: /home/csrobot/flexbe_ws/install/compare_flexbe_utilities/share/compare_flexbe_utilities/environment/path.dsv
[1.573s] -- Up-to-date: /home/csrobot/flexbe_ws/install/compare_flexbe_utilities/share/compare_flexbe_utilities/local_setup.bash
[1.573s] -- Up-to-date: /home/csrobot/flexbe_ws/install/compare_flexbe_utilities/share/compare_flexbe_utilities/local_setup.sh
[1.573s] -- Up-to-date: /home/csrobot/flexbe_ws/install/compare_flexbe_utilities/share/compare_flexbe_utilities/local_setup.zsh
[1.573s] -- Up-to-date: /home/csrobot/flexbe_ws/install/compare_flexbe_utilities/share/compare_flexbe_utilities/local_setup.dsv
[1.573s] -- Installing: /home/csrobot/flexbe_ws/install/compare_flexbe_utilities/share/compare_flexbe_utilities/package.dsv
[1.573s] -- Up-to-date: /home/csrobot/flexbe_ws/install/compare_flexbe_utilities/share/ament_index/resource_index/packages/compare_flexbe_utilities
[1.573s] -- Up-to-date: /home/csrobot/flexbe_ws/install/compare_flexbe_utilities/share/compare_flexbe_utilities/cmake/export_compare_flexbe_utilities__rosidl_generator_cExport.cmake
[1.573s] -- Up-to-date: /home/csrobot/flexbe_ws/install/compare_flexbe_utilities/share/compare_flexbe_utilities/cmake/export_compare_flexbe_utilities__rosidl_generator_cExport-noconfig.cmake
[1.573s] -- Up-to-date: /home/csrobot/flexbe_ws/install/compare_flexbe_utilities/share/compare_flexbe_utilities/cmake/export_compare_flexbe_utilities__rosidl_typesupport_fastrtps_cExport.cmake
[1.573s] -- Up-to-date: /home/csrobot/flexbe_ws/install/compare_flexbe_utilities/share/compare_flexbe_utilities/cmake/export_compare_flexbe_utilities__rosidl_typesupport_fastrtps_cExport-noconfig.cmake
[1.573s] -- Up-to-date: /home/csrobot/flexbe_ws/install/compare_flexbe_utilities/share/compare_flexbe_utilities/cmake/export_compare_flexbe_utilities__rosidl_generator_cppExport.cmake
[1.573s] -- Up-to-date: /home/csrobot/flexbe_ws/install/compare_flexbe_utilities/share/compare_flexbe_utilities/cmake/export_compare_flexbe_utilities__rosidl_typesupport_fastrtps_cppExport.cmake
[1.573s] -- Up-to-date: /home/csrobot/flexbe_ws/install/compare_flexbe_utilities/share/compare_flexbe_utilities/cmake/export_compare_flexbe_utilities__rosidl_typesupport_fastrtps_cppExport-noconfig.cmake
[1.573s] -- Up-to-date: /home/csrobot/flexbe_ws/install/compare_flexbe_utilities/share/compare_flexbe_utilities/cmake/compare_flexbe_utilities__rosidl_typesupport_introspection_cExport.cmake
[1.573s] -- Up-to-date: /home/csrobot/flexbe_ws/install/compare_flexbe_utilities/share/compare_flexbe_utilities/cmake/compare_flexbe_utilities__rosidl_typesupport_introspection_cExport-noconfig.cmake
[1.573s] -- Up-to-date: /home/csrobot/flexbe_ws/install/compare_flexbe_utilities/share/compare_flexbe_utilities/cmake/compare_flexbe_utilities__rosidl_typesupport_cExport.cmake
[1.573s] -- Up-to-date: /home/csrobot/flexbe_ws/install/compare_flexbe_utilities/share/compare_flexbe_utilities/cmake/compare_flexbe_utilities__rosidl_typesupport_cExport-noconfig.cmake
[1.574s] -- Up-to-date: /home/csrobot/flexbe_ws/install/compare_flexbe_utilities/share/compare_flexbe_utilities/cmake/compare_flexbe_utilities__rosidl_typesupport_introspection_cppExport.cmake
[1.574s] -- Up-to-date: /home/csrobot/flexbe_ws/install/compare_flexbe_utilities/share/compare_flexbe_utilities/cmake/compare_flexbe_utilities__rosidl_typesupport_introspection_cppExport-noconfig.cmake
[1.574s] -- Up-to-date: /home/csrobot/flexbe_ws/install/compare_flexbe_utilities/share/compare_flexbe_utilities/cmake/compare_flexbe_utilities__rosidl_typesupport_cppExport.cmake
[1.574s] -- Up-to-date: /home/csrobot/flexbe_ws/install/compare_flexbe_utilities/share/compare_flexbe_utilities/cmake/compare_flexbe_utilities__rosidl_typesupport_cppExport-noconfig.cmake
[1.574s] -- Up-to-date: /home/csrobot/flexbe_ws/install/compare_flexbe_utilities/share/compare_flexbe_utilities/cmake/export_compare_flexbe_utilities__rosidl_generator_pyExport.cmake
[1.574s] -- Up-to-date: /home/csrobot/flexbe_ws/install/compare_flexbe_utilities/share/compare_flexbe_utilities/cmake/export_compare_flexbe_utilities__rosidl_generator_pyExport-noconfig.cmake
[1.574s] -- Up-to-date: /home/csrobot/flexbe_ws/install/compare_flexbe_utilities/share/compare_flexbe_utilities/cmake/rosidl_cmake-extras.cmake
[1.574s] -- Up-to-date: /home/csrobot/flexbe_ws/install/compare_flexbe_utilities/share/compare_flexbe_utilities/cmake/ament_cmake_export_dependencies-extras.cmake
[1.574s] -- Up-to-date: /home/csrobot/flexbe_ws/install/compare_flexbe_utilities/share/compare_flexbe_utilities/cmake/ament_cmake_export_include_directories-extras.cmake
[1.574s] -- Up-to-date: /home/csrobot/flexbe_ws/install/compare_flexbe_utilities/share/compare_flexbe_utilities/cmake/ament_cmake_export_libraries-extras.cmake
[1.574s] -- Up-to-date: /home/csrobot/flexbe_ws/install/compare_flexbe_utilities/share/compare_flexbe_utilities/cmake/ament_cmake_export_targets-extras.cmake
[1.574s] -- Up-to-date: /home/csrobot/flexbe_ws/install/compare_flexbe_utilities/share/compare_flexbe_utilities/cmake/rosidl_cmake_export_typesupport_targets-extras.cmake
[1.574s] -- Up-to-date: /home/csrobot/flexbe_ws/install/compare_flexbe_utilities/share/compare_flexbe_utilities/cmake/rosidl_cmake_export_typesupport_libraries-extras.cmake
[1.574s] -- Up-to-date: /home/csrobot/flexbe_ws/install/compare_flexbe_utilities/share/compare_flexbe_utilities/cmake/compare_flexbe_utilitiesConfig.cmake
[1.574s] -- Up-to-date: /home/csrobot/flexbe_ws/install/compare_flexbe_utilities/share/compare_flexbe_utilities/cmake/compare_flexbe_utilitiesConfig-version.cmake
[1.574s] -- Up-to-date: /home/csrobot/flexbe_ws/install/compare_flexbe_utilities/share/compare_flexbe_utilities/package.xml
[1.637s] Invoked command in '/home/csrobot/flexbe_ws/build/compare_flexbe_utilities' returned '0': CMAKE_PREFIX_PATH=${CMAKE_PREFIX_PATH}:/home/csrobot/flexbe_ws/install/flexbe_turtlesim_demo_flexbe_states:/home/csrobot/ros2_humble/install/quality_of_service_demo_py:/home/csrobot/ros2_humble/install/demo_nodes_py:/home/csrobot/ros2_humble/install/moveit_configs_utils:/home/csrobot/ros2_humble/install/rqt_bag_plugins:/home/csrobot/ros2_humble/install/rqt_bag:/home/csrobot/ros2_humble/install/launch_testing_examples:/home/csrobot/ros2_humble/install/ros2bag:/home/csrobot/ros2_humble/install/tracetools_test:/home/csrobot/ros2_humble/install/tracetools_launch:/home/csrobot/ros2_humble/install/topic_monitor:/home/csrobot/ros2_humble/install/tf2_tools:/home/csrobot/ros2_humble/install/examples_tf2_py:/home/csrobot/ros2_humble/install/tf2_ros_py:/home/csrobot/ros2_humble/install/sros2:/home/csrobot/ros2_humble/install/rqt_topic:/home/csrobot/ros2_humble/install/rqt_srv:/home/csrobot/ros2_humble/install/rqt_shell:/home/csrobot/ros2_humble/install/rqt_service_caller:/home/csrobot/ros2_humble/install/rqt_reconfigure:/home/csrobot/ros2_humble/install/rqt_py_console:/home/csrobot/ros2_humble/install/rqt_publisher:/home/csrobot/ros2_humble/install/rqt_plot:/home/csrobot/ros2_humble/install/rqt_action:/home/csrobot/ros2_humble/install/rqt_msg:/home/csrobot/ros2_humble/install/rqt_console:/home/csrobot/ros2_humble/install/rqt:/home/csrobot/ros2_humble/install/rqt_graph:/home/csrobot/ros2_humble/install/rqt_gui_py:/home/csrobot/ros2_humble/install/rqt_gui:/home/csrobot/ros2_humble/install/ros2trace:/home/csrobot/ros2_humble/install/ros2topic:/home/csrobot/ros2_humble/install/ros2test:/home/csrobot/ros2_humble/install/ros2component:/home/csrobot/ros2_humble/install/ros2param:/home/csrobot/ros2_humble/install/ros2lifecycle:/home/csrobot/ros2_humble/install/ros2service:/home/csrobot/ros2_humble/install/ros2run:/home/csrobot/ros2_humble/install/ros2launch:/home/csrobot/ros2_humble/install/ros2pkg:/home/csrobot/ros2_humble/install/ros2node:/home/csrobot/ros2_humble/install/ros2multicast:/home/csrobot/ros2_humble/install/ros2interface:/home/csrobot/ros2_humble/install/ros2doctor:/home/csrobot/ros2_humble/install/ros2action:/home/csrobot/ros2_humble/install/ros2cli:/home/csrobot/ros2_humble/install/lifecycle_py:/home/csrobot/ros2_humble/install/launch_testing_ros:/home/csrobot/ros2_humble/install/launch_ros:/home/csrobot/ros2_humble/install/examples_rclpy_pointcloud_publisher:/home/csrobot/ros2_humble/install/examples_rclpy_minimal_subscriber:/home/csrobot/ros2_humble/install/examples_rclpy_minimal_service:/home/csrobot/ros2_humble/install/examples_rclpy_minimal_publisher:/home/csrobot/ros2_humble/install/examples_rclpy_minimal_client:/home/csrobot/ros2_humble/install/examples_rclpy_minimal_action_server:/home/csrobot/ros2_humble/install/examples_rclpy_minimal_action_client:/home/csrobot/ros2_humble/install/examples_rclpy_guard_conditions:/home/csrobot/ros2_humble/install/examples_rclpy_executors:/home/csrobot/ros2_humble/install/camera_info_manager_py:/home/csrobot/ros2_humble/install/action_tutorials_py:/home/csrobot/ros2_humble/install/ament_uncrustify:/home/csrobot/ros2_humble/install/tracetools_trace:/home/csrobot/ros2_humble/install/tracetools_read:/home/csrobot/ros2_humble/install/test_tracetools_launch:/home/csrobot/ros2_humble/install/test_launch_ros:/home/csrobot/ros2_humble/install/sensor_msgs_py:/home/csrobot/ros2_humble/install/rpyutils:/home/csrobot/ros2_humble/install/rosidl_runtime_py:/home/csrobot/ros2_humble/install/rosidl_cli:/home/csrobot/ros2_humble/install/launch_pytest:/home/csrobot/ros2_humble/install/launch_testing:/home/csrobot/ros2_humble/install/launch_yaml:/home/csrobot/ros2_humble/install/launch_xml:/home/csrobot/ros2_humble/install/launch:/home/csrobot/ros2_humble/install/osrf_pycommon:/home/csrobot/ros2_humble/install/domain_coordinator:/home/csrobot/ros2_humble/install/ament_xmllint:/home/csrobot/ros2_humble/install/ament_pyflakes:/home/csrobot/ros2_humble/install/ament_pycodestyle:/home/csrobot/ros2_humble/install/ament_pep257:/home/csrobot/ros2_humble/install/ament_pclint:/home/csrobot/ros2_humble/install/ament_package:/home/csrobot/ros2_humble/install/ament_mypy:/home/csrobot/ros2_humble/install/ament_lint_cmake:/home/csrobot/ros2_humble/install/ament_flake8:/home/csrobot/ros2_humble/install/ament_copyright:/home/csrobot/ros2_humble/install/ament_lint:/home/csrobot/ros2_humble/install/ament_index_python:/home/csrobot/ros2_humble/install/ament_cpplint:/home/csrobot/ros2_humble/install/ament_cppcheck:/home/csrobot/ros2_humble/install/ament_clang_tidy:/home/csrobot/ros2_humble/install/ament_clang_format:/home/csrobot/flexbe_ws/install/tm_mod_urdf:/home/csrobot/flexbe_ws/install/tm_get_status:/home/csrobot/flexbe_ws/install/moveit_configs_utils:/home/csrobot/flexbe_ws/install/example_flexbe_states:/home/csrobot/flexbe_ws/install/compare_flexbe_states:/home/csrobot/flexbe_ws/install/flexbe_webui:/home/csrobot/flexbe_ws/install/flexbe_onboard:/home/csrobot/flexbe_ws/install/flexbe_states:/home/csrobot/flexbe_ws/install/flexbe_mirror:/home/csrobot/flexbe_ws/install/flexbe_input:/home/csrobot/flexbe_ws/install/flexbe_core:/opt/ros/humble /usr/bin/cmake --install /home/csrobot/flexbe_ws/build/compare_flexbe_utilities
