-- The C compiler identification is GNU 11.4.0
-- The CXX compiler identification is GNU 11.4.0
-- Detecting C compiler ABI info
-- Detecting C compiler ABI info - done
-- Check for working C compiler: /usr/bin/cc - skipped
-- Detecting C compile features
-- Detecting C compile features - done
-- Detecting CXX compiler ABI info
-- Detecting CXX compiler ABI info - done
-- Check for working CXX compiler: /usr/bin/c++ - skipped
-- Detecting CXX compile features
-- Detecting CXX compile features - done
-- Found ament_cmake: 1.3.12 (/home/csrobot/ros2_humble/install/ament_cmake/share/ament_cmake/cmake)
-- Found Python3: /usr/bin/python3 (found version "3.10.12") found components: Interpreter 
-- Found rclcpp: 16.0.13 (/home/csrobot/ros2_humble/install/rclcpp/share/rclcpp/cmake)
-- Found rosidl_generator_c: 3.1.6 (/home/csrobot/ros2_humble/install/rosidl_generator_c/share/rosidl_generator_c/cmake)
-- Found rosidl_adapter: 3.1.6 (/home/csrobot/ros2_humble/install/rosidl_adapter/share/rosidl_adapter/cmake)
-- Found rosidl_generator_cpp: 3.1.6 (/home/csrobot/ros2_humble/install/rosidl_generator_cpp/share/rosidl_generator_cpp/cmake)
-- Using all available rosidl_typesupport_c: rosidl_typesupport_introspection_c;rosidl_typesupport_fastrtps_c
-- Using all available rosidl_typesupport_cpp: rosidl_typesupport_introspection_cpp;rosidl_typesupport_fastrtps_cpp
-- Found rmw_implementation_cmake: 6.1.2 (/home/csrobot/ros2_humble/install/rmw_implementation_cmake/share/rmw_implementation_cmake/cmake)
-- Found rmw_fastrtps_cpp: 6.2.7 (/home/csrobot/ros2_humble/install/rmw_fastrtps_cpp/share/rmw_fastrtps_cpp/cmake)
-- Found OpenSSL: /usr/lib/x86_64-linux-gnu/libcrypto.so (found version "3.0.2")  
-- Found FastRTPS: /home/csrobot/ros2_humble/install/fastrtps/include  
-- Using RMW implementation 'rmw_fastrtps_cpp' as default
-- Looking for pthread.h
-- Looking for pthread.h - found
-- Performing Test CMAKE_HAVE_LIBC_PTHREAD
-- Performing Test CMAKE_HAVE_LIBC_PTHREAD - Success
-- Found Threads: TRUE  
-- Found panda_description: 3.1.0 (/home/csrobot/flexbe_ws/install/panda_description/share/panda_description/cmake)
-- Found ament_lint_auto: 0.12.12 (/home/csrobot/ros2_humble/install/ament_lint_auto/share/ament_lint_auto/cmake)
-- Added test 'flake8' to check Python code syntax and style conventions
-- Added test 'lint_cmake' to check CMake code style
-- Added test 'pep257' to check Python code against some of the docstring style conventions in PEP 257
-- Added test 'xmllint' to check XML markup files
-- Configuring done
-- Generating done
-- Build files have been written to: /home/csrobot/flexbe_ws/build/panda_gazebo
-- Install configuration: ""
-- Installing: /home/csrobot/flexbe_ws/install/panda_gazebo/share/panda_gazebo/models
-- Installing: /home/csrobot/flexbe_ws/install/panda_gazebo/share/panda_gazebo/models/table
-- Installing: /home/csrobot/flexbe_ws/install/panda_gazebo/share/panda_gazebo/models/table/model.sdf
-- Installing: /home/csrobot/flexbe_ws/install/panda_gazebo/share/panda_gazebo/models/table/model.config
-- Installing: /home/csrobot/flexbe_ws/install/panda_gazebo/share/panda_gazebo/models/panda
-- Installing: /home/csrobot/flexbe_ws/install/panda_gazebo/share/panda_gazebo/models/panda/model.sdf
-- Installing: /home/csrobot/flexbe_ws/install/panda_gazebo/share/panda_gazebo/models/panda/model.config
-- Installing: /home/csrobot/flexbe_ws/install/panda_gazebo/share/panda_gazebo/launch
-- Installing: /home/csrobot/flexbe_ws/install/panda_gazebo/share/panda_gazebo/launch/panda_gazebo_move_group.launch.py
-- Installing: /home/csrobot/flexbe_ws/install/panda_gazebo/share/panda_gazebo/config
-- Installing: /home/csrobot/flexbe_ws/install/panda_gazebo/share/panda_gazebo/config/panda_bridge.yaml
-- Installing: /home/csrobot/flexbe_ws/install/panda_gazebo/share/panda_gazebo/worlds
-- Installing: /home/csrobot/flexbe_ws/install/panda_gazebo/share/panda_gazebo/worlds/panda.sdf
-- Installing: /home/csrobot/flexbe_ws/install/panda_gazebo/share/panda_gazebo/environment/panda_gazebo.dsv
-- Installing: /home/csrobot/flexbe_ws/install/panda_gazebo/share/ament_index/resource_index/package_run_dependencies/panda_gazebo
-- Installing: /home/csrobot/flexbe_ws/install/panda_gazebo/share/ament_index/resource_index/parent_prefix_path/panda_gazebo
-- Installing: /home/csrobot/flexbe_ws/install/panda_gazebo/share/panda_gazebo/environment/ament_prefix_path.sh
-- Installing: /home/csrobot/flexbe_ws/install/panda_gazebo/share/panda_gazebo/environment/ament_prefix_path.dsv
-- Installing: /home/csrobot/flexbe_ws/install/panda_gazebo/share/panda_gazebo/environment/path.sh
-- Installing: /home/csrobot/flexbe_ws/install/panda_gazebo/share/panda_gazebo/environment/path.dsv
-- Installing: /home/csrobot/flexbe_ws/install/panda_gazebo/share/panda_gazebo/local_setup.bash
-- Installing: /home/csrobot/flexbe_ws/install/panda_gazebo/share/panda_gazebo/local_setup.sh
-- Installing: /home/csrobot/flexbe_ws/install/panda_gazebo/share/panda_gazebo/local_setup.zsh
-- Installing: /home/csrobot/flexbe_ws/install/panda_gazebo/share/panda_gazebo/local_setup.dsv
-- Installing: /home/csrobot/flexbe_ws/install/panda_gazebo/share/panda_gazebo/package.dsv
-- Installing: /home/csrobot/flexbe_ws/install/panda_gazebo/share/ament_index/resource_index/packages/panda_gazebo
-- Installing: /home/csrobot/flexbe_ws/install/panda_gazebo/share/panda_gazebo/cmake/panda_gazeboConfig.cmake
-- Installing: /home/csrobot/flexbe_ws/install/panda_gazebo/share/panda_gazebo/cmake/panda_gazeboConfig-version.cmake
-- Installing: /home/csrobot/flexbe_ws/install/panda_gazebo/share/panda_gazebo/package.xml
