-- Install configuration: ""
-- Execute custom install script
-- Symlinking: /home/csrobot/flexbe_ws/install/panda_moveit_config/share/ament_index/resource_index/package_run_dependencies/panda_moveit_config
-- Symlinking: /home/csrobot/flexbe_ws/install/panda_moveit_config/share/ament_index/resource_index/parent_prefix_path/panda_moveit_config
-- Symlinking: /home/csrobot/flexbe_ws/install/panda_moveit_config/share/panda_moveit_config/environment/ament_prefix_path.sh
-- Symlinking: /home/csrobot/flexbe_ws/install/panda_moveit_config/share/panda_moveit_config/environment/ament_prefix_path.dsv
-- Symlinking: /home/csrobot/flexbe_ws/install/panda_moveit_config/share/panda_moveit_config/environment/path.sh
-- Symlinking: /home/csrobot/flexbe_ws/install/panda_moveit_config/share/panda_moveit_config/environment/path.dsv
-- Symlinking: /home/csrobot/flexbe_ws/install/panda_moveit_config/share/panda_moveit_config/local_setup.bash
-- Symlinking: /home/csrobot/flexbe_ws/install/panda_moveit_config/share/panda_moveit_config/local_setup.sh
-- Symlinking: /home/csrobot/flexbe_ws/install/panda_moveit_config/share/panda_moveit_config/local_setup.zsh
-- Symlinking: /home/csrobot/flexbe_ws/install/panda_moveit_config/share/panda_moveit_config/local_setup.dsv
-- Symlinking: /home/csrobot/flexbe_ws/install/panda_moveit_config/share/panda_moveit_config/package.dsv
-- Symlinking: /home/csrobot/flexbe_ws/install/panda_moveit_config/share/ament_index/resource_index/packages/panda_moveit_config
-- Symlinking: /home/csrobot/flexbe_ws/install/panda_moveit_config/share/panda_moveit_config/cmake/panda_moveit_configConfig.cmake
-- Symlinking: /home/csrobot/flexbe_ws/install/panda_moveit_config/share/panda_moveit_config/cmake/panda_moveit_configConfig-version.cmake
-- Symlinking: /home/csrobot/flexbe_ws/install/panda_moveit_config/share/panda_moveit_config/package.xml
-- Symlinking: /home/csrobot/flexbe_ws/install/panda_moveit_config/share/panda_moveit_config/launch/demo.launch.py
-- Symlinking: /home/csrobot/flexbe_ws/install/panda_moveit_config/share/panda_moveit_config/launch/move_group.launch.py
-- Symlinking: /home/csrobot/flexbe_ws/install/panda_moveit_config/share/panda_moveit_config/launch/moveit_rviz.launch.py
-- Symlinking: /home/csrobot/flexbe_ws/install/panda_moveit_config/share/panda_moveit_config/launch/rsp.launch.py
-- Symlinking: /home/csrobot/flexbe_ws/install/panda_moveit_config/share/panda_moveit_config/launch/setup_assistant.launch.py
-- Symlinking: /home/csrobot/flexbe_ws/install/panda_moveit_config/share/panda_moveit_config/launch/spawn_controllers.launch.py
-- Symlinking: /home/csrobot/flexbe_ws/install/panda_moveit_config/share/panda_moveit_config/launch/static_virtual_joint_tfs.launch.py
-- Symlinking: /home/csrobot/flexbe_ws/install/panda_moveit_config/share/panda_moveit_config/launch/warehouse_db.launch.py
-- Symlinking: /home/csrobot/flexbe_ws/install/panda_moveit_config/share/panda_moveit_config/config/controllers.yaml
-- Symlinking: /home/csrobot/flexbe_ws/install/panda_moveit_config/share/panda_moveit_config/config/initial_positions.yaml
-- Symlinking: /home/csrobot/flexbe_ws/install/panda_moveit_config/share/panda_moveit_config/config/joint_limits.yaml
-- Symlinking: /home/csrobot/flexbe_ws/install/panda_moveit_config/share/panda_moveit_config/config/kinematics.yaml
-- Symlinking: /home/csrobot/flexbe_ws/install/panda_moveit_config/share/panda_moveit_config/config/moveit.rviz
-- Symlinking: /home/csrobot/flexbe_ws/install/panda_moveit_config/share/panda_moveit_config/config/moveit_controllers.yaml
-- Symlinking: /home/csrobot/flexbe_ws/install/panda_moveit_config/share/panda_moveit_config/config/ompl_planning.yaml
-- Symlinking: /home/csrobot/flexbe_ws/install/panda_moveit_config/share/panda_moveit_config/config/panda.ros2_control.xacro
-- Symlinking: /home/csrobot/flexbe_ws/install/panda_moveit_config/share/panda_moveit_config/config/panda.srdf
-- Symlinking: /home/csrobot/flexbe_ws/install/panda_moveit_config/share/panda_moveit_config/config/panda.urdf.xacro
-- Symlinking: /home/csrobot/flexbe_ws/install/panda_moveit_config/share/panda_moveit_config/config/pilz_cartesian_limits.yaml
-- Symlinking: /home/csrobot/flexbe_ws/install/panda_moveit_config/share/panda_moveit_config/config/ros2_controllers.yaml
-- Symlinking: /home/csrobot/flexbe_ws/install/panda_moveit_config/share/panda_moveit_config/.setup_assistant
