[0.019s] Invoking command in '/home/csrobot/flexbe_ws/build/tm5-900_moveit_config': AMENT_PREFIX_PATH=/home/csrobot/flexbe_ws/install/tm_description:${AMENT_PREFIX_PATH} CMAKE_PREFIX_PATH=/home/csrobot/flexbe_ws/install/tm_description:/opt/ros/jazzy/opt/gz_math_vendor:/opt/ros/jazzy/opt/gz_utils_vendor:/opt/ros/jazzy/opt/gz_cmake_vendor:/opt/ros/jazzy DEBUGINFOD_URLS=https://debuginfod.ubuntu.com /usr/bin/cmake /home/csrobot/flexbe_ws/src/tmr_ros2/tm_moveit/tm5-900_moveit_config -DAMENT_CMAKE_SYMLINK_INSTALL=1 -DCMAKE_INSTALL_PREFIX=/home/csrobot/flexbe_ws/install/tm5-900_moveit_config
[0.321s] -- The C compiler identification is GNU 13.3.0
[0.321s] -- The CXX compiler identification is GNU 13.3.0
[0.321s] -- Detecting C compiler ABI info
[0.321s] -- Detecting C compiler ABI info - done
[0.321s] -- Check for working C compiler: /usr/bin/cc - skipped
[0.321s] -- Detecting C compile features
[0.321s] -- Detecting C compile features - done
[0.321s] -- Detecting CXX compiler ABI info
[0.322s] -- Detecting CXX compiler ABI info - done
[0.322s] -- Check for working CXX compiler: /usr/bin/c++ - skipped
[0.322s] -- Detecting CXX compile features
[0.322s] -- Detecting CXX compile features - done
[0.323s] -- Found ament_cmake: 2.5.4 (/opt/ros/jazzy/share/ament_cmake/cmake)
[0.449s] -- Found Python3: /usr/bin/python3 (found version "3.12.3") found components: Interpreter 
[0.518s] -- Override CMake install command with custom implementation using symlinks instead of copying resources
[0.642s] -- Configuring done (0.6s)
[0.645s] -- Generating done (0.0s)
[0.647s] -- Build files have been written to: /home/csrobot/flexbe_ws/build/tm5-900_moveit_config
[0.655s] Invoked command in '/home/csrobot/flexbe_ws/build/tm5-900_moveit_config' returned '0': AMENT_PREFIX_PATH=/home/csrobot/flexbe_ws/install/tm_description:${AMENT_PREFIX_PATH} CMAKE_PREFIX_PATH=/home/csrobot/flexbe_ws/install/tm_description:/opt/ros/jazzy/opt/gz_math_vendor:/opt/ros/jazzy/opt/gz_utils_vendor:/opt/ros/jazzy/opt/gz_cmake_vendor:/opt/ros/jazzy DEBUGINFOD_URLS=https://debuginfod.ubuntu.com /usr/bin/cmake /home/csrobot/flexbe_ws/src/tmr_ros2/tm_moveit/tm5-900_moveit_config -DAMENT_CMAKE_SYMLINK_INSTALL=1 -DCMAKE_INSTALL_PREFIX=/home/csrobot/flexbe_ws/install/tm5-900_moveit_config
[0.655s] Invoking command in '/home/csrobot/flexbe_ws/build/tm5-900_moveit_config': AMENT_PREFIX_PATH=/home/csrobot/flexbe_ws/install/tm_description:${AMENT_PREFIX_PATH} CMAKE_PREFIX_PATH=/home/csrobot/flexbe_ws/install/tm_description:/opt/ros/jazzy/opt/gz_math_vendor:/opt/ros/jazzy/opt/gz_utils_vendor:/opt/ros/jazzy/opt/gz_cmake_vendor:/opt/ros/jazzy DEBUGINFOD_URLS=https://debuginfod.ubuntu.com /usr/bin/cmake --build /home/csrobot/flexbe_ws/build/tm5-900_moveit_config -- -j8 -l8
[0.700s] Invoked command in '/home/csrobot/flexbe_ws/build/tm5-900_moveit_config' returned '0': AMENT_PREFIX_PATH=/home/csrobot/flexbe_ws/install/tm_description:${AMENT_PREFIX_PATH} CMAKE_PREFIX_PATH=/home/csrobot/flexbe_ws/install/tm_description:/opt/ros/jazzy/opt/gz_math_vendor:/opt/ros/jazzy/opt/gz_utils_vendor:/opt/ros/jazzy/opt/gz_cmake_vendor:/opt/ros/jazzy DEBUGINFOD_URLS=https://debuginfod.ubuntu.com /usr/bin/cmake --build /home/csrobot/flexbe_ws/build/tm5-900_moveit_config -- -j8 -l8
[0.705s] Invoking command in '/home/csrobot/flexbe_ws/build/tm5-900_moveit_config': AMENT_PREFIX_PATH=/home/csrobot/flexbe_ws/install/tm_description:${AMENT_PREFIX_PATH} CMAKE_PREFIX_PATH=/home/csrobot/flexbe_ws/install/tm_description:/opt/ros/jazzy/opt/gz_math_vendor:/opt/ros/jazzy/opt/gz_utils_vendor:/opt/ros/jazzy/opt/gz_cmake_vendor:/opt/ros/jazzy DEBUGINFOD_URLS=https://debuginfod.ubuntu.com /usr/bin/cmake --install /home/csrobot/flexbe_ws/build/tm5-900_moveit_config
[0.722s] -- Install configuration: ""
[0.722s] -- Execute custom install script
[0.722s] -- Symlinking: /home/csrobot/flexbe_ws/install/tm5-900_moveit_config/share/ament_index/resource_index/package_run_dependencies/tm5-900_moveit_config
[0.722s] -- Symlinking: /home/csrobot/flexbe_ws/install/tm5-900_moveit_config/share/ament_index/resource_index/parent_prefix_path/tm5-900_moveit_config
[0.723s] -- Symlinking: /home/csrobot/flexbe_ws/install/tm5-900_moveit_config/share/tm5-900_moveit_config/environment/ament_prefix_path.sh
[0.730s] -- Symlinking: /home/csrobot/flexbe_ws/install/tm5-900_moveit_config/share/tm5-900_moveit_config/environment/ament_prefix_path.dsv
[0.740s] -- Symlinking: /home/csrobot/flexbe_ws/install/tm5-900_moveit_config/share/tm5-900_moveit_config/environment/path.sh
[0.748s] -- Symlinking: /home/csrobot/flexbe_ws/install/tm5-900_moveit_config/share/tm5-900_moveit_config/environment/path.dsv
[0.758s] -- Symlinking: /home/csrobot/flexbe_ws/install/tm5-900_moveit_config/share/tm5-900_moveit_config/local_setup.bash
[0.764s] -- Symlinking: /home/csrobot/flexbe_ws/install/tm5-900_moveit_config/share/tm5-900_moveit_config/local_setup.sh
[0.771s] -- Symlinking: /home/csrobot/flexbe_ws/install/tm5-900_moveit_config/share/tm5-900_moveit_config/local_setup.zsh
[0.781s] -- Symlinking: /home/csrobot/flexbe_ws/install/tm5-900_moveit_config/share/tm5-900_moveit_config/local_setup.dsv
[0.784s] -- Symlinking: /home/csrobot/flexbe_ws/install/tm5-900_moveit_config/share/tm5-900_moveit_config/package.dsv
[0.791s] -- Symlinking: /home/csrobot/flexbe_ws/install/tm5-900_moveit_config/share/ament_index/resource_index/packages/tm5-900_moveit_config
[0.803s] -- Symlinking: /home/csrobot/flexbe_ws/install/tm5-900_moveit_config/share/tm5-900_moveit_config/cmake/tm5-900_moveit_configConfig.cmake
[0.804s] -- Symlinking: /home/csrobot/flexbe_ws/install/tm5-900_moveit_config/share/tm5-900_moveit_config/cmake/tm5-900_moveit_configConfig-version.cmake
[0.811s] -- Symlinking: /home/csrobot/flexbe_ws/install/tm5-900_moveit_config/share/tm5-900_moveit_config/package.xml
[0.817s] -- Symlinking: /home/csrobot/flexbe_ws/install/tm5-900_moveit_config/share/tm5-900_moveit_config/launch/demo.launch.py
[0.824s] -- Symlinking: /home/csrobot/flexbe_ws/install/tm5-900_moveit_config/share/tm5-900_moveit_config/launch/move_group.launch.py
[0.831s] -- Symlinking: /home/csrobot/flexbe_ws/install/tm5-900_moveit_config/share/tm5-900_moveit_config/launch/moveit_rviz.launch.py
[0.847s] -- Symlinking: /home/csrobot/flexbe_ws/install/tm5-900_moveit_config/share/tm5-900_moveit_config/launch/rsp.launch.py
[0.857s] -- Symlinking: /home/csrobot/flexbe_ws/install/tm5-900_moveit_config/share/tm5-900_moveit_config/launch/run_move_group.rviz
[0.864s] -- Symlinking: /home/csrobot/flexbe_ws/install/tm5-900_moveit_config/share/tm5-900_moveit_config/launch/setup_assistant.launch.py
[0.873s] -- Symlinking: /home/csrobot/flexbe_ws/install/tm5-900_moveit_config/share/tm5-900_moveit_config/launch/spawn_controllers.launch.py
[0.882s] -- Symlinking: /home/csrobot/flexbe_ws/install/tm5-900_moveit_config/share/tm5-900_moveit_config/launch/static_virtual_joint_tfs.launch.py
[0.889s] -- Symlinking: /home/csrobot/flexbe_ws/install/tm5-900_moveit_config/share/tm5-900_moveit_config/launch/tm5-900_moveit.launch.py
[0.896s] -- Symlinking: /home/csrobot/flexbe_ws/install/tm5-900_moveit_config/share/tm5-900_moveit_config/launch/tm5-900_run_move_group.launch.py
[0.904s] -- Symlinking: /home/csrobot/flexbe_ws/install/tm5-900_moveit_config/share/tm5-900_moveit_config/launch/warehouse_db.launch.py
[0.912s] -- Symlinking: /home/csrobot/flexbe_ws/install/tm5-900_moveit_config/share/tm5-900_moveit_config/config/chomp_planning.yaml
[0.920s] -- Symlinking: /home/csrobot/flexbe_ws/install/tm5-900_moveit_config/share/tm5-900_moveit_config/config/controllers.yaml
[0.931s] -- Symlinking: /home/csrobot/flexbe_ws/install/tm5-900_moveit_config/share/tm5-900_moveit_config/config/initial_positions.yaml
[0.939s] -- Symlinking: /home/csrobot/flexbe_ws/install/tm5-900_moveit_config/share/tm5-900_moveit_config/config/joint_limits.yaml
[0.947s] -- Symlinking: /home/csrobot/flexbe_ws/install/tm5-900_moveit_config/share/tm5-900_moveit_config/config/kinematics.yaml
[0.954s] -- Symlinking: /home/csrobot/flexbe_ws/install/tm5-900_moveit_config/share/tm5-900_moveit_config/config/moveit.rviz
[0.961s] -- Symlinking: /home/csrobot/flexbe_ws/install/tm5-900_moveit_config/share/tm5-900_moveit_config/config/moveit2_controllers.yaml
[0.970s] -- Symlinking: /home/csrobot/flexbe_ws/install/tm5-900_moveit_config/share/tm5-900_moveit_config/config/moveit_controllers.yaml
[0.978s] -- Symlinking: /home/csrobot/flexbe_ws/install/tm5-900_moveit_config/share/tm5-900_moveit_config/config/ompl_planning.yaml
[0.986s] -- Symlinking: /home/csrobot/flexbe_ws/install/tm5-900_moveit_config/share/tm5-900_moveit_config/config/pilz_cartesian_limits.yaml
[0.992s] -- Symlinking: /home/csrobot/flexbe_ws/install/tm5-900_moveit_config/share/tm5-900_moveit_config/config/pilz_industrial_motion_planner_planning.yaml
[1.004s] -- Symlinking: /home/csrobot/flexbe_ws/install/tm5-900_moveit_config/share/tm5-900_moveit_config/config/ros2_controllers.yaml
[1.016s] -- Symlinking: /home/csrobot/flexbe_ws/install/tm5-900_moveit_config/share/tm5-900_moveit_config/config/sensors_3d.yaml
[1.026s] -- Symlinking: /home/csrobot/flexbe_ws/install/tm5-900_moveit_config/share/tm5-900_moveit_config/config/tm5-900.ros2_control.xacro
[1.036s] -- Symlinking: /home/csrobot/flexbe_ws/install/tm5-900_moveit_config/share/tm5-900_moveit_config/config/tm5-900.srdf
[1.045s] -- Symlinking: /home/csrobot/flexbe_ws/install/tm5-900_moveit_config/share/tm5-900_moveit_config/config/tm5-900.urdf.xacro
[1.055s] -- Symlinking: /home/csrobot/flexbe_ws/install/tm5-900_moveit_config/share/tm5-900_moveit_config/rviz/moveit.rviz
[1.063s] -- Symlinking: /home/csrobot/flexbe_ws/install/tm5-900_moveit_config/share/tm5-900_moveit_config/.setup_assistant
[1.074s] Invoked command in '/home/csrobot/flexbe_ws/build/tm5-900_moveit_config' returned '0': AMENT_PREFIX_PATH=/home/csrobot/flexbe_ws/install/tm_description:${AMENT_PREFIX_PATH} CMAKE_PREFIX_PATH=/home/csrobot/flexbe_ws/install/tm_description:/opt/ros/jazzy/opt/gz_math_vendor:/opt/ros/jazzy/opt/gz_utils_vendor:/opt/ros/jazzy/opt/gz_cmake_vendor:/opt/ros/jazzy DEBUGINFOD_URLS=https://debuginfod.ubuntu.com /usr/bin/cmake --install /home/csrobot/flexbe_ws/build/tm5-900_moveit_config
