[0.026s] Invoking command in '/home/csrobot/flexbe_ws/src/build/gpd_ros': /usr/bin/cmake /home/csrobot/flexbe_ws/src/gpd2_ros -DCATKIN_INSTALL_INTO_PREFIX_ROOT=0 -DCATKIN_SYMLINK_INSTALL=ON -DCMAKE_INSTALL_PREFIX=/home/csrobot/flexbe_ws/src/install/gpd_ros
[0.036s] [0mCMake Deprecation Warning at CMakeLists.txt:1 (cmake_minimum_required):
[0.036s]   Compatibility with CMake < 2.8.12 will be removed from a future version of
[0.036s]   CMake.
[0.036s] 
[0.036s]   Update the VERSION argument <min> value or use a ...<max> suffix to tell
[0.036s]   CMake that the project does not need compatibility with older versions.
[0.036s] 
[0.036s] [0m
[0.077s] -- The C compiler identification is GNU 11.4.0
[0.131s] -- The CXX compiler identification is GNU 11.4.0
[0.137s] -- Detecting C compiler ABI info
[0.197s] -- Detecting C compiler ABI info - done
[0.202s] -- Check for working C compiler: /usr/bin/cc - skipped
[0.202s] -- Detecting C compile features
[0.203s] -- Detecting C compile features - done
[0.208s] -- Detecting CXX compiler ABI info
[0.269s] -- Detecting CXX compiler ABI info - done
[0.276s] -- Check for working CXX compiler: /usr/bin/c++ - skipped
[0.276s] -- Detecting CXX compile features
[0.277s] -- Detecting CXX compile features - done
[0.287s] [31mCMake Error at CMakeLists.txt:7 (find_package):
[0.287s]   By not providing "Findcatkin.cmake" in CMAKE_MODULE_PATH this project has
[0.287s]   asked CMake to find a package configuration file provided by "catkin", but
[0.288s]   CMake did not find one.
[0.288s] 
[0.288s]   Could not find a package configuration file provided by "catkin" with any
[0.288s]   of the following names:
[0.288s] 
[0.288s]     catkinConfig.cmake
[0.288s]     catkin-config.cmake
[0.288s] 
[0.288s]   Add the installation prefix of "catkin" to CMAKE_PREFIX_PATH or set
[0.288s]   "catkin_DIR" to a directory containing one of the above files.  If "catkin"
[0.288s]   provides a separate development package or SDK, be sure it has been
[0.288s]   installed.
[0.288s] 
[0.288s] [0m
[0.288s] -- Configuring incomplete, errors occurred!
[0.288s] See also "/home/csrobot/flexbe_ws/src/build/gpd_ros/CMakeFiles/CMakeOutput.log".
[0.346s] Invoked command in '/home/csrobot/flexbe_ws/src/build/gpd_ros' returned '1': /usr/bin/cmake /home/csrobot/flexbe_ws/src/gpd2_ros -DCATKIN_INSTALL_INTO_PREFIX_ROOT=0 -DCATKIN_SYMLINK_INSTALL=ON -DCMAKE_INSTALL_PREFIX=/home/csrobot/flexbe_ws/src/install/gpd_ros
