[1.276s] Invoking command in '/home/csrobot/flexbe_ws/build/tm_get_status': DEBUGINFOD_URLS=https://debuginfod.ubuntu.com PYTHONPATH=/home/csrobot/flexbe_ws/build/tm_get_status/prefix_override:/usr/lib/python3/dist-packages/colcon_core/task/python/colcon_distutils_commands:/home/csrobot/flexbe_ws/install/tm_get_status/lib/python3.12/site-packages:${PYTHONPATH} /usr/bin/python3 -W ignore:setup.py install is deprecated -W ignore:easy_install command is deprecated setup.py develop --editable --build-directory /home/csrobot/flexbe_ws/build/tm_get_status/build --no-deps symlink_data
[2.133s] running develop
[2.133s] running egg_info
[2.133s] creating tm_get_status.egg-info
[2.133s] writing tm_get_status.egg-info/PKG-INFO
[2.133s] writing dependency_links to tm_get_status.egg-info/dependency_links.txt
[2.134s] writing entry points to tm_get_status.egg-info/entry_points.txt
[2.134s] writing requirements to tm_get_status.egg-info/requires.txt
[2.134s] writing top-level names to tm_get_status.egg-info/top_level.txt
[2.134s] writing manifest file 'tm_get_status.egg-info/SOURCES.txt'
[2.134s] reading manifest file 'tm_get_status.egg-info/SOURCES.txt'
[2.134s] writing manifest file 'tm_get_status.egg-info/SOURCES.txt'
[2.134s] running build_ext
[2.134s] Creating /home/csrobot/flexbe_ws/install/tm_get_status/lib/python3.12/site-packages/tm-get-status.egg-link (link to .)
[2.134s] Installing image_talker script to /home/csrobot/flexbe_ws/install/tm_get_status/lib/tm_get_status
[2.134s] Installing status_talker script to /home/csrobot/flexbe_ws/install/tm_get_status/lib/tm_get_status
[2.134s] 
[2.134s] Installed /home/csrobot/flexbe_ws/build/tm_get_status
[2.134s] running symlink_data
[2.134s] creating /home/csrobot/flexbe_ws/install/tm_get_status/share/ament_index
[2.134s] creating /home/csrobot/flexbe_ws/install/tm_get_status/share/ament_index/resource_index
[2.134s] creating /home/csrobot/flexbe_ws/install/tm_get_status/share/ament_index/resource_index/packages
[2.134s] symbolically linking /home/csrobot/flexbe_ws/build/tm_get_status/resource/tm_get_status -> /home/csrobot/flexbe_ws/install/tm_get_status/share/ament_index/resource_index/packages
[2.135s] symbolically linking /home/csrobot/flexbe_ws/build/tm_get_status/package.xml -> /home/csrobot/flexbe_ws/install/tm_get_status/share/tm_get_status
[2.135s] /usr/lib/python3/dist-packages/setuptools/command/easy_install.py:363: UserWarning: Unbuilt egg for pytest-repeat [unknown version] (/usr/lib/python3/dist-packages)
[2.135s]   self.local_index = Environment(self.shadow_path + sys.path)
[2.135s] Invoked command in '/home/csrobot/flexbe_ws/build/tm_get_status' returned '0': DEBUGINFOD_URLS=https://debuginfod.ubuntu.com PYTHONPATH=/home/csrobot/flexbe_ws/build/tm_get_status/prefix_override:/usr/lib/python3/dist-packages/colcon_core/task/python/colcon_distutils_commands:/home/csrobot/flexbe_ws/install/tm_get_status/lib/python3.12/site-packages:${PYTHONPATH} /usr/bin/python3 -W ignore:setup.py install is deprecated -W ignore:easy_install command is deprecated setup.py develop --editable --build-directory /home/csrobot/flexbe_ws/build/tm_get_status/build --no-deps symlink_data
