[0.008s] Invoking command in '/home/csrobot/flexbe_ws/build/panda_gazebo': AMENT_PREFIX_PATH=/home/csrobot/flexbe_ws/install/panda_description:${AMENT_PREFIX_PATH} CMAKE_PREFIX_PATH=/home/csrobot/flexbe_ws/install/panda_description:/opt/ros/jazzy/opt/gz_math_vendor:/opt/ros/jazzy/opt/gz_utils_vendor:/opt/ros/jazzy/opt/gz_cmake_vendor:/opt/ros/jazzy DEBUGINFOD_URLS=https://debuginfod.ubuntu.com /usr/bin/cmake /home/csrobot/flexbe_ws/src/panda_ros2/panda_gazebo -DAMENT_CMAKE_SYMLINK_INSTALL=1 -DCMAKE_INSTALL_PREFIX=/home/csrobot/flexbe_ws/install/panda_gazebo
[0.054s] -- The C compiler identification is GNU 13.3.0
[0.100s] -- The CXX compiler identification is GNU 13.3.0
[0.112s] -- Detecting C compiler ABI info
[0.178s] -- Detecting C compiler ABI info - done
[0.186s] -- Check for working C compiler: /usr/bin/cc - skipped
[0.186s] -- Detecting C compile features
[0.187s] -- Detecting C compile features - done
[0.193s] -- Detecting CXX compiler ABI info
[0.266s] -- Detecting CXX compiler ABI info - done
[0.275s] -- Check for working CXX compiler: /usr/bin/c++ - skipped
[0.275s] -- Detecting CXX compile features
[0.275s] -- Detecting CXX compile features - done
[0.277s] -- Found ament_cmake: 2.5.4 (/opt/ros/jazzy/share/ament_cmake/cmake)
[0.389s] -- Found Python3: /usr/bin/python3 (found version "3.12.3") found components: Interpreter 
[0.455s] -- Override CMake install command with custom implementation using symlinks instead of copying resources
[0.475s] -- Found rclcpp: 28.1.11 (/opt/ros/jazzy/share/rclcpp/cmake)
[0.507s] -- Found rosidl_generator_c: 4.6.6 (/opt/ros/jazzy/share/rosidl_generator_c/cmake)
[0.516s] -- Found rosidl_generator_cpp: 4.6.6 (/opt/ros/jazzy/share/rosidl_generator_cpp/cmake)
[0.529s] -- Using all available rosidl_typesupport_c: rosidl_typesupport_fastrtps_c;rosidl_typesupport_introspection_c
[0.544s] -- Using all available rosidl_typesupport_cpp: rosidl_typesupport_fastrtps_cpp;rosidl_typesupport_introspection_cpp
[0.612s] -- Found rmw_implementation_cmake: 7.3.2 (/opt/ros/jazzy/share/rmw_implementation_cmake/cmake)
[0.614s] -- Found rmw_fastrtps_cpp: 8.4.3 (/opt/ros/jazzy/share/rmw_fastrtps_cpp/cmake)
[0.674s] -- Found OpenSSL: /usr/lib/x86_64-linux-gnu/libcrypto.so (found version "3.0.13")  
[0.691s] -- Found FastRTPS: /opt/ros/jazzy/include (Required is at least version "2.13") 
[0.710s] -- Using RMW implementation 'rmw_fastrtps_cpp' as default
[0.776s] -- Found panda_description: 3.1.0 (/home/csrobot/flexbe_ws/install/panda_description/share/panda_description/cmake)
[0.778s] -- Found ament_lint_auto: 0.17.3 (/opt/ros/jazzy/share/ament_lint_auto/cmake)
[0.872s] -- Added test 'flake8' to check Python code syntax and style conventions
[0.872s] -- Configured 'flake8' exclude dirs and/or files: 
[0.872s] -- Added test 'lint_cmake' to check CMake code style
[0.873s] -- Added test 'pep257' to check Python code against some of the docstring style conventions in PEP 257
[0.874s] -- Added test 'xmllint' to check XML markup files
[0.875s] -- Configuring done (0.9s)
[0.879s] -- Generating done (0.0s)
[0.881s] -- Build files have been written to: /home/csrobot/flexbe_ws/build/panda_gazebo
