[0.022s] Invoking command in '/home/csrobot/flexbe_ws/build/tm12x_moveit_config': AMENT_PREFIX_PATH=/home/csrobot/flexbe_ws/install/tm_description:${AMENT_PREFIX_PATH} CMAKE_PREFIX_PATH=/home/csrobot/flexbe_ws/install/tm_description:/opt/ros/jazzy/opt/gz_math_vendor:/opt/ros/jazzy/opt/gz_utils_vendor:/opt/ros/jazzy/opt/gz_cmake_vendor:/opt/ros/jazzy DEBUGINFOD_URLS=https://debuginfod.ubuntu.com /usr/bin/cmake /home/csrobot/flexbe_ws/src/tmr_ros2/tm_moveit/tm12x_moveit_config -DAMENT_CMAKE_SYMLINK_INSTALL=1 -DCMAKE_INSTALL_PREFIX=/home/csrobot/flexbe_ws/install/tm12x_moveit_config
[0.107s] -- The C compiler identification is GNU 13.3.0
[0.210s] -- The CXX compiler identification is GNU 13.3.0
[0.246s] -- Detecting C compiler ABI info
[0.390s] -- Detecting C compiler ABI info - done
[0.404s] -- Check for working C compiler: /usr/bin/cc - skipped
[0.404s] -- Detecting C compile features
[0.409s] -- Detecting C compile features - done
[0.426s] -- Detecting CXX compiler ABI info
[0.608s] -- Detecting CXX compiler ABI info - done
[0.625s] -- Check for working CXX compiler: /usr/bin/c++ - skipped
[0.626s] -- Detecting CXX compile features
[0.626s] -- Detecting CXX compile features - done
[0.628s] -- Found ament_cmake: 2.5.4 (/opt/ros/jazzy/share/ament_cmake/cmake)
[0.879s] -- Found Python3: /usr/bin/python3 (found version "3.12.3") found components: Interpreter 
[0.985s] -- Override CMake install command with custom implementation using symlinks instead of copying resources
[1.137s] -- Configuring done (1.1s)
[1.140s] -- Generating done (0.0s)
[1.142s] -- Build files have been written to: /home/csrobot/flexbe_ws/build/tm12x_moveit_config
[1.176s] Invoked command in '/home/csrobot/flexbe_ws/build/tm12x_moveit_config' returned '0': AMENT_PREFIX_PATH=/home/csrobot/flexbe_ws/install/tm_description:${AMENT_PREFIX_PATH} CMAKE_PREFIX_PATH=/home/csrobot/flexbe_ws/install/tm_description:/opt/ros/jazzy/opt/gz_math_vendor:/opt/ros/jazzy/opt/gz_utils_vendor:/opt/ros/jazzy/opt/gz_cmake_vendor:/opt/ros/jazzy DEBUGINFOD_URLS=https://debuginfod.ubuntu.com /usr/bin/cmake /home/csrobot/flexbe_ws/src/tmr_ros2/tm_moveit/tm12x_moveit_config -DAMENT_CMAKE_SYMLINK_INSTALL=1 -DCMAKE_INSTALL_PREFIX=/home/csrobot/flexbe_ws/install/tm12x_moveit_config
[1.177s] Invoking command in '/home/csrobot/flexbe_ws/build/tm12x_moveit_config': AMENT_PREFIX_PATH=/home/csrobot/flexbe_ws/install/tm_description:${AMENT_PREFIX_PATH} CMAKE_PREFIX_PATH=/home/csrobot/flexbe_ws/install/tm_description:/opt/ros/jazzy/opt/gz_math_vendor:/opt/ros/jazzy/opt/gz_utils_vendor:/opt/ros/jazzy/opt/gz_cmake_vendor:/opt/ros/jazzy DEBUGINFOD_URLS=https://debuginfod.ubuntu.com /usr/bin/cmake --build /home/csrobot/flexbe_ws/build/tm12x_moveit_config -- -j8 -l8
