-- The C compiler identification is GNU 13.3.0
-- The CXX compiler identification is GNU 13.3.0
-- Detecting C compiler ABI info
-- Detecting C compiler ABI info - done
-- Check for working C compiler: /usr/bin/cc - skipped
-- Detecting C compile features
-- Detecting C compile features - done
-- Detecting CXX compiler ABI info
-- Detecting CXX compiler ABI info - done
-- Check for working CXX compiler: /usr/bin/c++ - skipped
-- Detecting CXX compile features
-- Detecting CXX compile features - done
-- Found ament_cmake: 2.5.4 (/opt/ros/jazzy/share/ament_cmake/cmake)
-- Found Python3: /usr/bin/python3 (found version "3.12.3") found components: Interpreter 
-- Override CMake install command with custom implementation using symlinks instead of copying resources
-- Found rclcpp: 28.1.11 (/opt/ros/jazzy/share/rclcpp/cmake)
-- Found rosidl_generator_c: 4.6.6 (/opt/ros/jazzy/share/rosidl_generator_c/cmake)
-- Found rosidl_generator_cpp: 4.6.6 (/opt/ros/jazzy/share/rosidl_generator_cpp/cmake)
-- Using all available rosidl_typesupport_c: rosidl_typesupport_fastrtps_c;rosidl_typesupport_introspection_c
-- Using all available rosidl_typesupport_cpp: rosidl_typesupport_fastrtps_cpp;rosidl_typesupport_introspection_cpp
-- Found rmw_implementation_cmake: 7.3.2 (/opt/ros/jazzy/share/rmw_implementation_cmake/cmake)
-- Found rmw_fastrtps_cpp: 8.4.3 (/opt/ros/jazzy/share/rmw_fastrtps_cpp/cmake)
-- Found OpenSSL: /usr/lib/x86_64-linux-gnu/libcrypto.so (found version "3.0.13")  
-- Found FastRTPS: /opt/ros/jazzy/include (Required is at least version "2.13") 
-- Using RMW implementation 'rmw_fastrtps_cpp' as default
-- Found std_msgs: 5.3.6 (/opt/ros/jazzy/share/std_msgs/cmake)
-- Found sensor_msgs: 5.3.6 (/opt/ros/jazzy/share/sensor_msgs/cmake)
-- Found tm_msgs: 1.1.2 (/home/csrobot/flexbe_ws/install/tm_msgs/share/tm_msgs/cmake)
-- Found ament_lint_auto: 0.17.3 (/opt/ros/jazzy/share/ament_lint_auto/cmake)
-- Added test 'copyright' to check source files copyright and LICENSE
-- Added test 'cppcheck' to perform static code analysis on C / C++ code
-- Configured cppcheck include dirs: /home/csrobot/flexbe_ws/src/tmr_ros2/demo/include
-- Configured cppcheck exclude dirs and/or files: 
-- Added test 'cpplint' to check C / C++ code against the Google style
-- Configured cpplint exclude dirs and/or files: 
-- Added test 'lint_cmake' to check CMake code style
-- Added test 'uncrustify' to check C / C++ code style
-- Configured uncrustify additional arguments: 
-- Added test 'xmllint' to check XML markup files
-- Configuring done (1.2s)
-- Generating done (0.0s)
-- Build files have been written to: /home/csrobot/flexbe_ws/build/demo
[  3%] [32mBuilding CXX object CMakeFiles/demo_send_script.dir/src/demo_send_script.cpp.o[0m
[ 10%] [32mBuilding CXX object CMakeFiles/demo_connect_tm.dir/src/demo_connect_tm.cpp.o[0m
[  7%] [32mBuilding CXX object CMakeFiles/demo_ask_sta.dir/src/demo_ask_sta.cpp.o[0m
[ 14%] [32mBuilding CXX object CMakeFiles/demo_set_io.dir/src/demo_set_io.cpp.o[0m
[ 17%] [32mBuilding CXX object CMakeFiles/demo_set_event.dir/src/demo_set_event.cpp.o[0m
[ 21%] [32mBuilding CXX object CMakeFiles/demo_set_positions.dir/src/demo_set_positions.cpp.o[0m
[ 25%] [32mBuilding CXX object CMakeFiles/demo_write_item.dir/src/demo_write_item.cpp.o[0m
[ 28%] [32mBuilding CXX object CMakeFiles/demo_ask_item.dir/src/demo_ask_item.cpp.o[0m
[ 32%] [32m[1mLinking CXX executable demo_set_positions[0m
[ 35%] [32m[1mLinking CXX executable demo_set_event[0m
[ 39%] [32m[1mLinking CXX executable demo_connect_tm[0m
[ 42%] [32m[1mLinking CXX executable demo_send_script[0m
[ 46%] [32m[1mLinking CXX executable demo_write_item[0m
[ 46%] Built target demo_set_event
[ 50%] [32mBuilding CXX object CMakeFiles/demo_get_feedback.dir/get_status_demo_src/demo_get_feedback.cpp.o[0m
[ 50%] Built target demo_set_positions
[ 53%] [32m[1mLinking CXX executable demo_ask_item[0m
[ 57%] [32mBuilding CXX object CMakeFiles/demo_get_torque_feedback.dir/get_status_demo_src/demo_get_torque_feedback.cpp.o[0m
[ 60%] [32m[1mLinking CXX executable demo_set_io[0m
[ 60%] Built target demo_send_script
[ 64%] [32mBuilding CXX object CMakeFiles/demo_get_sct_response.dir/get_status_demo_src/demo_get_sct_response.cpp.o[0m
[ 64%] Built target demo_write_item
[ 67%] [32mBuilding CXX object CMakeFiles/demo_get_sta_response.dir/get_status_demo_src/demo_get_sta_response.cpp.o[0m
[ 67%] Built target demo_connect_tm
[ 71%] [32mBuilding CXX object CMakeFiles/demo_get_svr_response.dir/get_status_demo_src/demo_get_svr_response.cpp.o[0m
[ 71%] Built target demo_ask_item
[ 75%] [32mBuilding CXX object CMakeFiles/demo_leave_listen_node.dir/src/demo_leave_listen_node.cpp.o[0m
[ 75%] Built target demo_set_io
[ 78%] [32m[1mLinking CXX executable demo_ask_sta[0m
[ 78%] Built target demo_ask_sta
[ 82%] [32m[1mLinking CXX executable demo_leave_listen_node[0m
[ 82%] Built target demo_leave_listen_node
[ 89%] [32m[1mLinking CXX executable demo_get_svr_response[0m
[ 89%] [32m[1mLinking CXX executable demo_get_sct_response[0m
[ 92%] [32m[1mLinking CXX executable demo_get_feedback[0m
[ 92%] Built target demo_get_sct_response
[ 92%] Built target demo_get_svr_response
[ 96%] [32m[1mLinking CXX executable demo_get_sta_response[0m
[100%] [32m[1mLinking CXX executable demo_get_torque_feedback[0m
[100%] Built target demo_get_feedback
[100%] Built target demo_get_sta_response
[100%] Built target demo_get_torque_feedback
-- Install configuration: ""
-- Execute custom install script
-- Symlinking: /home/csrobot/flexbe_ws/install/demo/lib/demo/demo_send_script
-- Symlinking: /home/csrobot/flexbe_ws/install/demo/lib/demo/demo_ask_sta
-- Symlinking: /home/csrobot/flexbe_ws/install/demo/lib/demo/demo_connect_tm
-- Symlinking: /home/csrobot/flexbe_ws/install/demo/lib/demo/demo_set_event
-- Symlinking: /home/csrobot/flexbe_ws/install/demo/lib/demo/demo_set_io
-- Symlinking: /home/csrobot/flexbe_ws/install/demo/lib/demo/demo_set_positions
-- Symlinking: /home/csrobot/flexbe_ws/install/demo/lib/demo/demo_write_item
-- Symlinking: /home/csrobot/flexbe_ws/install/demo/lib/demo/demo_ask_item
-- Symlinking: /home/csrobot/flexbe_ws/install/demo/lib/demo/demo_get_feedback
-- Symlinking: /home/csrobot/flexbe_ws/install/demo/lib/demo/demo_get_torque_feedback
-- Symlinking: /home/csrobot/flexbe_ws/install/demo/lib/demo/demo_get_sct_response
-- Symlinking: /home/csrobot/flexbe_ws/install/demo/lib/demo/demo_get_sta_response
-- Symlinking: /home/csrobot/flexbe_ws/install/demo/lib/demo/demo_get_svr_response
-- Symlinking: /home/csrobot/flexbe_ws/install/demo/lib/demo/demo_leave_listen_node
-- Symlinking: /home/csrobot/flexbe_ws/install/demo/share/ament_index/resource_index/package_run_dependencies/demo
-- Symlinking: /home/csrobot/flexbe_ws/install/demo/share/ament_index/resource_index/parent_prefix_path/demo
-- Symlinking: /home/csrobot/flexbe_ws/install/demo/share/demo/environment/ament_prefix_path.sh
-- Symlinking: /home/csrobot/flexbe_ws/install/demo/share/demo/environment/ament_prefix_path.dsv
-- Symlinking: /home/csrobot/flexbe_ws/install/demo/share/demo/environment/path.sh
-- Symlinking: /home/csrobot/flexbe_ws/install/demo/share/demo/environment/path.dsv
-- Symlinking: /home/csrobot/flexbe_ws/install/demo/share/demo/local_setup.bash
-- Symlinking: /home/csrobot/flexbe_ws/install/demo/share/demo/local_setup.sh
-- Symlinking: /home/csrobot/flexbe_ws/install/demo/share/demo/local_setup.zsh
-- Symlinking: /home/csrobot/flexbe_ws/install/demo/share/demo/local_setup.dsv
-- Symlinking: /home/csrobot/flexbe_ws/install/demo/share/demo/package.dsv
-- Symlinking: /home/csrobot/flexbe_ws/install/demo/share/ament_index/resource_index/packages/demo
-- Symlinking: /home/csrobot/flexbe_ws/install/demo/share/demo/cmake/demoConfig.cmake
-- Symlinking: /home/csrobot/flexbe_ws/install/demo/share/demo/cmake/demoConfig-version.cmake
-- Symlinking: /home/csrobot/flexbe_ws/install/demo/share/demo/package.xml
