[0.026s] Invoking command in '/home/csrobot/flexbe_ws/build/armada_bringup': CMAKE_PREFIX_PATH=${CMAKE_PREFIX_PATH}:/home/csrobot/flexbe_ws/install/tm_mod_urdf:/home/csrobot/flexbe_ws/install/tm_get_status:/home/csrobot/flexbe_ws/install/flexbe_turtlesim_demo_flexbe_states:/home/csrobot/flexbe_ws/install/flexbe_webui:/home/csrobot/flexbe_ws/install/flexbe_onboard:/home/csrobot/flexbe_ws/install/flexbe_states:/home/csrobot/flexbe_ws/install/flexbe_mirror:/home/csrobot/flexbe_ws/install/flexbe_input:/home/csrobot/flexbe_ws/install/example_flexbe_states:/home/csrobot/flexbe_ws/install/compare_flexbe_states:/home/csrobot/flexbe_ws/install/flexbe_core:/opt/ros/jazzy DEBUGINFOD_URLS=https://debuginfod.ubuntu.com /usr/bin/cmake --build /home/csrobot/flexbe_ws/build/armada_bringup -- -j8 -l8
[0.064s] Invoked command in '/home/csrobot/flexbe_ws/build/armada_bringup' returned '0': CMAKE_PREFIX_PATH=${CMAKE_PREFIX_PATH}:/home/csrobot/flexbe_ws/install/tm_mod_urdf:/home/csrobot/flexbe_ws/install/tm_get_status:/home/csrobot/flexbe_ws/install/flexbe_turtlesim_demo_flexbe_states:/home/csrobot/flexbe_ws/install/flexbe_webui:/home/csrobot/flexbe_ws/install/flexbe_onboard:/home/csrobot/flexbe_ws/install/flexbe_states:/home/csrobot/flexbe_ws/install/flexbe_mirror:/home/csrobot/flexbe_ws/install/flexbe_input:/home/csrobot/flexbe_ws/install/example_flexbe_states:/home/csrobot/flexbe_ws/install/compare_flexbe_states:/home/csrobot/flexbe_ws/install/flexbe_core:/opt/ros/jazzy DEBUGINFOD_URLS=https://debuginfod.ubuntu.com /usr/bin/cmake --build /home/csrobot/flexbe_ws/build/armada_bringup -- -j8 -l8
[0.064s] Invoking command in '/home/csrobot/flexbe_ws/build/armada_bringup': CMAKE_PREFIX_PATH=${CMAKE_PREFIX_PATH}:/home/csrobot/flexbe_ws/install/tm_mod_urdf:/home/csrobot/flexbe_ws/install/tm_get_status:/home/csrobot/flexbe_ws/install/flexbe_turtlesim_demo_flexbe_states:/home/csrobot/flexbe_ws/install/flexbe_webui:/home/csrobot/flexbe_ws/install/flexbe_onboard:/home/csrobot/flexbe_ws/install/flexbe_states:/home/csrobot/flexbe_ws/install/flexbe_mirror:/home/csrobot/flexbe_ws/install/flexbe_input:/home/csrobot/flexbe_ws/install/example_flexbe_states:/home/csrobot/flexbe_ws/install/compare_flexbe_states:/home/csrobot/flexbe_ws/install/flexbe_core:/opt/ros/jazzy DEBUGINFOD_URLS=https://debuginfod.ubuntu.com /usr/bin/cmake --install /home/csrobot/flexbe_ws/build/armada_bringup
[0.077s] -- Install configuration: ""
[0.078s] -- Execute custom install script
[0.078s] -- Up-to-date symlink: /home/csrobot/flexbe_ws/install/armada_bringup/share/armada_bringup/launch/__pycache__/gazebo_move_group.launch.cpython-310.pyc
[0.078s] -- Up-to-date symlink: /home/csrobot/flexbe_ws/install/armada_bringup/share/armada_bringup/launch/gazebo_move_group.launch.py
[0.078s] -- Up-to-date symlink: /home/csrobot/flexbe_ws/install/armada_bringup/share/armada_bringup/launch/panda_gazebo_move_group.launch.py
[0.078s] -- Up-to-date symlink: /home/csrobot/flexbe_ws/install/armada_bringup/share/ament_index/resource_index/package_run_dependencies/armada_bringup
[0.078s] -- Up-to-date symlink: /home/csrobot/flexbe_ws/install/armada_bringup/share/ament_index/resource_index/parent_prefix_path/armada_bringup
[0.078s] -- Up-to-date symlink: /home/csrobot/flexbe_ws/install/armada_bringup/share/armada_bringup/environment/ament_prefix_path.sh
[0.078s] -- Up-to-date symlink: /home/csrobot/flexbe_ws/install/armada_bringup/share/armada_bringup/environment/ament_prefix_path.dsv
[0.079s] -- Up-to-date symlink: /home/csrobot/flexbe_ws/install/armada_bringup/share/armada_bringup/environment/path.sh
[0.079s] -- Up-to-date symlink: /home/csrobot/flexbe_ws/install/armada_bringup/share/armada_bringup/environment/path.dsv
[0.079s] -- Up-to-date symlink: /home/csrobot/flexbe_ws/install/armada_bringup/share/armada_bringup/local_setup.bash
[0.079s] -- Up-to-date symlink: /home/csrobot/flexbe_ws/install/armada_bringup/share/armada_bringup/local_setup.sh
[0.079s] -- Up-to-date symlink: /home/csrobot/flexbe_ws/install/armada_bringup/share/armada_bringup/local_setup.zsh
[0.079s] -- Up-to-date symlink: /home/csrobot/flexbe_ws/install/armada_bringup/share/armada_bringup/local_setup.dsv
[0.079s] -- Symlinking: /home/csrobot/flexbe_ws/install/armada_bringup/share/armada_bringup/package.dsv
[0.087s] -- Up-to-date symlink: /home/csrobot/flexbe_ws/install/armada_bringup/share/ament_index/resource_index/packages/armada_bringup
[0.087s] -- Up-to-date symlink: /home/csrobot/flexbe_ws/install/armada_bringup/share/armada_bringup/cmake/armada_bringupConfig.cmake
[0.088s] -- Up-to-date symlink: /home/csrobot/flexbe_ws/install/armada_bringup/share/armada_bringup/cmake/armada_bringupConfig-version.cmake
[0.088s] -- Up-to-date symlink: /home/csrobot/flexbe_ws/install/armada_bringup/share/armada_bringup/package.xml
[0.103s] Invoked command in '/home/csrobot/flexbe_ws/build/armada_bringup' returned '0': CMAKE_PREFIX_PATH=${CMAKE_PREFIX_PATH}:/home/csrobot/flexbe_ws/install/tm_mod_urdf:/home/csrobot/flexbe_ws/install/tm_get_status:/home/csrobot/flexbe_ws/install/flexbe_turtlesim_demo_flexbe_states:/home/csrobot/flexbe_ws/install/flexbe_webui:/home/csrobot/flexbe_ws/install/flexbe_onboard:/home/csrobot/flexbe_ws/install/flexbe_states:/home/csrobot/flexbe_ws/install/flexbe_mirror:/home/csrobot/flexbe_ws/install/flexbe_input:/home/csrobot/flexbe_ws/install/example_flexbe_states:/home/csrobot/flexbe_ws/install/compare_flexbe_states:/home/csrobot/flexbe_ws/install/flexbe_core:/opt/ros/jazzy DEBUGINFOD_URLS=https://debuginfod.ubuntu.com /usr/bin/cmake --install /home/csrobot/flexbe_ws/build/armada_bringup
