[2.178s] Invoking command in '/home/csrobot/flexbe_ws/src/tmr_ros2/techman_robot_get_status': PYTHONPATH=/home/csrobot/flexbe_ws/build/tm_get_status/prefix_override:/usr/lib/python3/dist-packages/colcon_core/task/python/colcon_distutils_commands:/home/csrobot/flexbe_ws/install/tm_get_status/lib/python3.10/site-packages:${PYTHONPATH} /usr/bin/python3 -W ignore:setup.py install is deprecated -W ignore:easy_install command is deprecated setup.py egg_info --egg-base ../../../build/tm_get_status build --build-base /home/csrobot/flexbe_ws/build/tm_get_status/build install --record /home/csrobot/flexbe_ws/build/tm_get_status/install.log --single-version-externally-managed install_data
[2.668s] running egg_info
[2.668s] writing ../../../build/tm_get_status/tm_get_status.egg-info/PKG-INFO
[2.668s] writing dependency_links to ../../../build/tm_get_status/tm_get_status.egg-info/dependency_links.txt
[2.668s] writing entry points to ../../../build/tm_get_status/tm_get_status.egg-info/entry_points.txt
[2.669s] writing requirements to ../../../build/tm_get_status/tm_get_status.egg-info/requires.txt
[2.669s] writing top-level names to ../../../build/tm_get_status/tm_get_status.egg-info/top_level.txt
[2.670s] reading manifest file '../../../build/tm_get_status/tm_get_status.egg-info/SOURCES.txt'
[2.671s] writing manifest file '../../../build/tm_get_status/tm_get_status.egg-info/SOURCES.txt'
[2.671s] running build
[2.671s] running build_py
[2.671s] running install
[2.671s] running install_lib
[2.674s] running install_data
[2.674s] running install_egg_info
[2.678s] removing '/home/csrobot/flexbe_ws/install/tm_get_status/lib/python3.10/site-packages/tm_get_status-1.0.1-py3.10.egg-info' (and everything under it)
[2.678s] Copying ../../../build/tm_get_status/tm_get_status.egg-info to /home/csrobot/flexbe_ws/install/tm_get_status/lib/python3.10/site-packages/tm_get_status-1.0.1-py3.10.egg-info
[2.679s] running install_scripts
[2.715s] Installing image_talker script to /home/csrobot/flexbe_ws/install/tm_get_status/lib/tm_get_status
[2.715s] Installing status_talker script to /home/csrobot/flexbe_ws/install/tm_get_status/lib/tm_get_status
[2.715s] writing list of installed files to '/home/csrobot/flexbe_ws/build/tm_get_status/install.log'
[2.745s] Invoked command in '/home/csrobot/flexbe_ws/src/tmr_ros2/techman_robot_get_status' returned '0': PYTHONPATH=/home/csrobot/flexbe_ws/build/tm_get_status/prefix_override:/usr/lib/python3/dist-packages/colcon_core/task/python/colcon_distutils_commands:/home/csrobot/flexbe_ws/install/tm_get_status/lib/python3.10/site-packages:${PYTHONPATH} /usr/bin/python3 -W ignore:setup.py install is deprecated -W ignore:easy_install command is deprecated setup.py egg_info --egg-base ../../../build/tm_get_status build --build-base /home/csrobot/flexbe_ws/build/tm_get_status/build install --record /home/csrobot/flexbe_ws/build/tm_get_status/install.log --single-version-externally-managed install_data
