[1.570s] Invoking command in '/home/csrobot/flexbe_ws/build/compare_flexbe_states': AMENT_PREFIX_PATH=/home/csrobot/flexbe_ws/install/flexbe_core:/home/csrobot/flexbe_ws/install/flexbe_msgs:${AMENT_PREFIX_PATH} CMAKE_PREFIX_PATH=/home/csrobot/flexbe_ws/install/flexbe_msgs:${CMAKE_PREFIX_PATH} DEBUGINFOD_URLS=https://debuginfod.ubuntu.com LD_LIBRARY_PATH=/home/csrobot/flexbe_ws/install/flexbe_msgs/lib:${LD_LIBRARY_PATH} PYTHONPATH=/home/csrobot/flexbe_ws/build/compare_flexbe_states/prefix_override:/usr/lib/python3/dist-packages/colcon_core/task/python/colcon_distutils_commands:/home/csrobot/flexbe_ws/install/compare_flexbe_states/lib/python3.12/site-packages:/home/csrobot/flexbe_ws/build/flexbe_core:/home/csrobot/flexbe_ws/install/flexbe_core/lib/python3.12/site-packages:/home/csrobot/flexbe_ws/install/flexbe_msgs/lib/python3.12/site-packages:${PYTHONPATH} /usr/bin/python3 -W ignore:setup.py install is deprecated -W ignore:easy_install command is deprecated setup.py develop --editable --build-directory /home/csrobot/flexbe_ws/build/compare_flexbe_states/build --no-deps symlink_data
[1.875s] running develop
[2.035s] /usr/lib/python3/dist-packages/setuptools/command/easy_install.py:363: UserWarning: Unbuilt egg for pytest-repeat [unknown version] (/usr/lib/python3/dist-packages)
[2.035s]   self.local_index = Environment(self.shadow_path + sys.path)
[2.070s] running egg_info
[2.091s] writing compare_flexbe_states.egg-info/PKG-INFO
[2.091s] writing dependency_links to compare_flexbe_states.egg-info/dependency_links.txt
[2.091s] writing entry points to compare_flexbe_states.egg-info/entry_points.txt
[2.091s] writing requirements to compare_flexbe_states.egg-info/requires.txt
[2.091s] writing top-level names to compare_flexbe_states.egg-info/top_level.txt
[2.131s] reading manifest file 'compare_flexbe_states.egg-info/SOURCES.txt'
[2.132s] writing manifest file 'compare_flexbe_states.egg-info/SOURCES.txt'
[2.152s] running build_ext
[2.152s] Creating /home/csrobot/flexbe_ws/install/compare_flexbe_states/lib/python3.12/site-packages/compare-flexbe-states.egg-link (link to .)
[2.153s] Installing example_action_state script to /home/csrobot/flexbe_ws/install/compare_flexbe_states/lib/compare_flexbe_states
[2.153s] Installing example_state script to /home/csrobot/flexbe_ws/install/compare_flexbe_states/lib/compare_flexbe_states
[2.153s] 
[2.153s] Installed /home/csrobot/flexbe_ws/build/compare_flexbe_states
[2.153s] running symlink_data
[2.202s] Invoked command in '/home/csrobot/flexbe_ws/build/compare_flexbe_states' returned '0': AMENT_PREFIX_PATH=/home/csrobot/flexbe_ws/install/flexbe_core:/home/csrobot/flexbe_ws/install/flexbe_msgs:${AMENT_PREFIX_PATH} CMAKE_PREFIX_PATH=/home/csrobot/flexbe_ws/install/flexbe_msgs:${CMAKE_PREFIX_PATH} DEBUGINFOD_URLS=https://debuginfod.ubuntu.com LD_LIBRARY_PATH=/home/csrobot/flexbe_ws/install/flexbe_msgs/lib:${LD_LIBRARY_PATH} PYTHONPATH=/home/csrobot/flexbe_ws/build/compare_flexbe_states/prefix_override:/usr/lib/python3/dist-packages/colcon_core/task/python/colcon_distutils_commands:/home/csrobot/flexbe_ws/install/compare_flexbe_states/lib/python3.12/site-packages:/home/csrobot/flexbe_ws/build/flexbe_core:/home/csrobot/flexbe_ws/install/flexbe_core/lib/python3.12/site-packages:/home/csrobot/flexbe_ws/install/flexbe_msgs/lib/python3.12/site-packages:${PYTHONPATH} /usr/bin/python3 -W ignore:setup.py install is deprecated -W ignore:easy_install command is deprecated setup.py develop --editable --build-directory /home/csrobot/flexbe_ws/build/compare_flexbe_states/build --no-deps symlink_data
