[0.021s] Invoking command in '/home/csrobot/flexbe_ws/src/build/armada_gazebo': CMAKE_PREFIX_PATH=${CMAKE_PREFIX_PATH}:/home/csrobot/flexbe_ws/install/tm_mod_urdf:/home/csrobot/flexbe_ws/install/tm_get_status:/home/csrobot/flexbe_ws/install/example_flexbe_states:/home/csrobot/flexbe_ws/install/compare_flexbe_states:/home/csrobot/flexbe_ws/install/compare_flexbe_flexbe_states:/home/csrobot/flexbe_ws/install/flexbe_turtlesim_demo_flexbe_states:/home/csrobot/flexbe_ws/install/flexbe_webui:/home/csrobot/flexbe_ws/install/flexbe_onboard:/home/csrobot/flexbe_ws/install/flexbe_states:/home/csrobot/flexbe_ws/install/flexbe_mirror:/home/csrobot/flexbe_ws/install/flexbe_input:/home/csrobot/flexbe_ws/install/flexbe_core:/opt/ros/humble /usr/bin/cmake /home/csrobot/flexbe_ws/src/armada_ros2/armada_gazebo -DAMENT_CMAKE_SYMLINK_INSTALL=1 -DCMAKE_INSTALL_PREFIX=/home/csrobot/flexbe_ws/src/install/armada_gazebo
[0.634s] -- The C compiler identification is GNU 11.4.0
[0.634s] -- The CXX compiler identification is GNU 11.4.0
[0.634s] -- Detecting C compiler ABI info
[0.634s] -- Detecting C compiler ABI info - done
[0.634s] -- Check for working C compiler: /usr/bin/cc - skipped
[0.634s] -- Detecting C compile features
[0.634s] -- Detecting C compile features - done
[0.634s] -- Detecting CXX compiler ABI info
[0.634s] -- Detecting CXX compiler ABI info - done
[0.634s] -- Check for working CXX compiler: /usr/bin/c++ - skipped
[0.634s] -- Detecting CXX compile features
[0.634s] -- Detecting CXX compile features - done
[0.634s] -- Found ament_cmake: 1.3.11 (/opt/ros/humble/share/ament_cmake/cmake)
[0.634s] -- Found Python3: /usr/bin/python3 (found version "3.10.12") found components: Interpreter 
[0.634s] -- Override CMake install command with custom implementation using symlinks instead of copying resources
[0.634s] -- Found ament_lint_auto: 0.12.12 (/opt/ros/humble/share/ament_lint_auto/cmake)
[0.647s] -- Added test 'lint_cmake' to check CMake code style
[0.653s] -- Added test 'xmllint' to check XML markup files
[0.653s] -- Configuring done
[0.653s] -- Generating done
[0.654s] -- Build files have been written to: /home/csrobot/flexbe_ws/src/build/armada_gazebo
[0.657s] Invoked command in '/home/csrobot/flexbe_ws/src/build/armada_gazebo' returned '0': CMAKE_PREFIX_PATH=${CMAKE_PREFIX_PATH}:/home/csrobot/flexbe_ws/install/tm_mod_urdf:/home/csrobot/flexbe_ws/install/tm_get_status:/home/csrobot/flexbe_ws/install/example_flexbe_states:/home/csrobot/flexbe_ws/install/compare_flexbe_states:/home/csrobot/flexbe_ws/install/compare_flexbe_flexbe_states:/home/csrobot/flexbe_ws/install/flexbe_turtlesim_demo_flexbe_states:/home/csrobot/flexbe_ws/install/flexbe_webui:/home/csrobot/flexbe_ws/install/flexbe_onboard:/home/csrobot/flexbe_ws/install/flexbe_states:/home/csrobot/flexbe_ws/install/flexbe_mirror:/home/csrobot/flexbe_ws/install/flexbe_input:/home/csrobot/flexbe_ws/install/flexbe_core:/opt/ros/humble /usr/bin/cmake /home/csrobot/flexbe_ws/src/armada_ros2/armada_gazebo -DAMENT_CMAKE_SYMLINK_INSTALL=1 -DCMAKE_INSTALL_PREFIX=/home/csrobot/flexbe_ws/src/install/armada_gazebo
[0.658s] Invoking command in '/home/csrobot/flexbe_ws/src/build/armada_gazebo': CMAKE_PREFIX_PATH=${CMAKE_PREFIX_PATH}:/home/csrobot/flexbe_ws/install/tm_mod_urdf:/home/csrobot/flexbe_ws/install/tm_get_status:/home/csrobot/flexbe_ws/install/example_flexbe_states:/home/csrobot/flexbe_ws/install/compare_flexbe_states:/home/csrobot/flexbe_ws/install/compare_flexbe_flexbe_states:/home/csrobot/flexbe_ws/install/flexbe_turtlesim_demo_flexbe_states:/home/csrobot/flexbe_ws/install/flexbe_webui:/home/csrobot/flexbe_ws/install/flexbe_onboard:/home/csrobot/flexbe_ws/install/flexbe_states:/home/csrobot/flexbe_ws/install/flexbe_mirror:/home/csrobot/flexbe_ws/install/flexbe_input:/home/csrobot/flexbe_ws/install/flexbe_core:/opt/ros/humble /usr/bin/cmake --build /home/csrobot/flexbe_ws/src/build/armada_gazebo -- -j8 -l8
[0.692s] Invoked command in '/home/csrobot/flexbe_ws/src/build/armada_gazebo' returned '0': CMAKE_PREFIX_PATH=${CMAKE_PREFIX_PATH}:/home/csrobot/flexbe_ws/install/tm_mod_urdf:/home/csrobot/flexbe_ws/install/tm_get_status:/home/csrobot/flexbe_ws/install/example_flexbe_states:/home/csrobot/flexbe_ws/install/compare_flexbe_states:/home/csrobot/flexbe_ws/install/compare_flexbe_flexbe_states:/home/csrobot/flexbe_ws/install/flexbe_turtlesim_demo_flexbe_states:/home/csrobot/flexbe_ws/install/flexbe_webui:/home/csrobot/flexbe_ws/install/flexbe_onboard:/home/csrobot/flexbe_ws/install/flexbe_states:/home/csrobot/flexbe_ws/install/flexbe_mirror:/home/csrobot/flexbe_ws/install/flexbe_input:/home/csrobot/flexbe_ws/install/flexbe_core:/opt/ros/humble /usr/bin/cmake --build /home/csrobot/flexbe_ws/src/build/armada_gazebo -- -j8 -l8
[0.692s] Invoking command in '/home/csrobot/flexbe_ws/src/build/armada_gazebo': CMAKE_PREFIX_PATH=${CMAKE_PREFIX_PATH}:/home/csrobot/flexbe_ws/install/tm_mod_urdf:/home/csrobot/flexbe_ws/install/tm_get_status:/home/csrobot/flexbe_ws/install/example_flexbe_states:/home/csrobot/flexbe_ws/install/compare_flexbe_states:/home/csrobot/flexbe_ws/install/compare_flexbe_flexbe_states:/home/csrobot/flexbe_ws/install/flexbe_turtlesim_demo_flexbe_states:/home/csrobot/flexbe_ws/install/flexbe_webui:/home/csrobot/flexbe_ws/install/flexbe_onboard:/home/csrobot/flexbe_ws/install/flexbe_states:/home/csrobot/flexbe_ws/install/flexbe_mirror:/home/csrobot/flexbe_ws/install/flexbe_input:/home/csrobot/flexbe_ws/install/flexbe_core:/opt/ros/humble /usr/bin/cmake --install /home/csrobot/flexbe_ws/src/build/armada_gazebo
[0.713s] -- Install configuration: ""
[0.713s] -- Execute custom install script
[0.713s] -- Symlinking: /home/csrobot/flexbe_ws/src/install/armada_gazebo/share/armada_gazebo/panda/config/panda_bridge.yaml
[0.713s] -- Symlinking: /home/csrobot/flexbe_ws/src/install/armada_gazebo/share/armada_gazebo/panda/worlds/panda.sdf
[0.713s] -- Symlinking: /home/csrobot/flexbe_ws/src/install/armada_gazebo/share/armada_gazebo/panda/xacro/macro.gazebo.xacro
[0.720s] -- Symlinking: /home/csrobot/flexbe_ws/src/install/armada_gazebo/share/armada_gazebo/panda/xacro/macro.gazebo_sensor.xacro
[0.728s] -- Symlinking: /home/csrobot/flexbe_ws/src/install/armada_gazebo/share/armada_gazebo/tm5-700/config/tm5-700_bridge.yaml
[0.734s] -- Symlinking: /home/csrobot/flexbe_ws/src/install/armada_gazebo/share/armada_gazebo/tm5-700/worlds/tm5-700.sdf
[0.742s] -- Symlinking: /home/csrobot/flexbe_ws/src/install/armada_gazebo/share/armada_gazebo/tm5-700/xacro/macro.gazebo.xacro
[0.749s] -- Symlinking: /home/csrobot/flexbe_ws/src/install/armada_gazebo/share/armada_gazebo/tm5-700/xacro/macro.gazebo_sensor.xacro
[0.757s] -- Symlinking: /home/csrobot/flexbe_ws/src/install/armada_gazebo/share/armada_gazebo/rgbd_camera/detachable_joint/detachable_joint.sdf
[0.767s] -- Symlinking: /home/csrobot/flexbe_ws/src/install/armada_gazebo/share/armada_gazebo/rgbd_camera/model/rgbd_camera_model.sdf
[0.774s] -- Symlinking: /home/csrobot/flexbe_ws/src/install/armada_gazebo/share/ament_index/resource_index/package_run_dependencies/armada_gazebo
[0.782s] -- Symlinking: /home/csrobot/flexbe_ws/src/install/armada_gazebo/share/ament_index/resource_index/parent_prefix_path/armada_gazebo
[0.786s] -- Symlinking: /home/csrobot/flexbe_ws/src/install/armada_gazebo/share/armada_gazebo/environment/ament_prefix_path.sh
[0.794s] -- Symlinking: /home/csrobot/flexbe_ws/src/install/armada_gazebo/share/armada_gazebo/environment/ament_prefix_path.dsv
[0.802s] -- Symlinking: /home/csrobot/flexbe_ws/src/install/armada_gazebo/share/armada_gazebo/environment/path.sh
[0.809s] -- Symlinking: /home/csrobot/flexbe_ws/src/install/armada_gazebo/share/armada_gazebo/environment/path.dsv
[0.816s] -- Symlinking: /home/csrobot/flexbe_ws/src/install/armada_gazebo/share/armada_gazebo/local_setup.bash
[0.823s] -- Symlinking: /home/csrobot/flexbe_ws/src/install/armada_gazebo/share/armada_gazebo/local_setup.sh
[0.831s] -- Symlinking: /home/csrobot/flexbe_ws/src/install/armada_gazebo/share/armada_gazebo/local_setup.zsh
[0.838s] -- Symlinking: /home/csrobot/flexbe_ws/src/install/armada_gazebo/share/armada_gazebo/local_setup.dsv
[0.846s] -- Symlinking: /home/csrobot/flexbe_ws/src/install/armada_gazebo/share/armada_gazebo/package.dsv
[0.853s] -- Symlinking: /home/csrobot/flexbe_ws/src/install/armada_gazebo/share/ament_index/resource_index/packages/armada_gazebo
[0.860s] -- Symlinking: /home/csrobot/flexbe_ws/src/install/armada_gazebo/share/armada_gazebo/cmake/armada_gazeboConfig.cmake
[0.867s] -- Symlinking: /home/csrobot/flexbe_ws/src/install/armada_gazebo/share/armada_gazebo/cmake/armada_gazeboConfig-version.cmake
[0.875s] -- Symlinking: /home/csrobot/flexbe_ws/src/install/armada_gazebo/share/armada_gazebo/package.xml
[0.885s] Invoked command in '/home/csrobot/flexbe_ws/src/build/armada_gazebo' returned '0': CMAKE_PREFIX_PATH=${CMAKE_PREFIX_PATH}:/home/csrobot/flexbe_ws/install/tm_mod_urdf:/home/csrobot/flexbe_ws/install/tm_get_status:/home/csrobot/flexbe_ws/install/example_flexbe_states:/home/csrobot/flexbe_ws/install/compare_flexbe_states:/home/csrobot/flexbe_ws/install/compare_flexbe_flexbe_states:/home/csrobot/flexbe_ws/install/flexbe_turtlesim_demo_flexbe_states:/home/csrobot/flexbe_ws/install/flexbe_webui:/home/csrobot/flexbe_ws/install/flexbe_onboard:/home/csrobot/flexbe_ws/install/flexbe_states:/home/csrobot/flexbe_ws/install/flexbe_mirror:/home/csrobot/flexbe_ws/install/flexbe_input:/home/csrobot/flexbe_ws/install/flexbe_core:/opt/ros/humble /usr/bin/cmake --install /home/csrobot/flexbe_ws/src/build/armada_gazebo
