-- The C compiler identification is GNU 13.3.0
-- The CXX compiler identification is GNU 13.3.0
-- Detecting C compiler ABI info
-- Detecting C compiler ABI info - done
-- Check for working C compiler: /usr/bin/cc - skipped
-- Detecting C compile features
-- Detecting C compile features - done
-- Detecting CXX compiler ABI info
-- Detecting CXX compiler ABI info - done
-- Check for working CXX compiler: /usr/bin/c++ - skipped
-- Detecting CXX compile features
-- Detecting CXX compile features - done
-- Found ament_cmake: 2.5.4 (/opt/ros/jazzy/share/ament_cmake/cmake)
-- Found Python3: /usr/bin/python3 (found version "3.12.3") found components: Interpreter 
-- Override CMake install command with custom implementation using symlinks instead of copying resources
-- Found rclcpp: 28.1.11 (/opt/ros/jazzy/share/rclcpp/cmake)
-- Found rosidl_generator_c: 4.6.6 (/opt/ros/jazzy/share/rosidl_generator_c/cmake)
-- Found rosidl_generator_cpp: 4.6.6 (/opt/ros/jazzy/share/rosidl_generator_cpp/cmake)
-- Using all available rosidl_typesupport_c: rosidl_typesupport_fastrtps_c;rosidl_typesupport_introspection_c
-- Using all available rosidl_typesupport_cpp: rosidl_typesupport_fastrtps_cpp;rosidl_typesupport_introspection_cpp
-- Found rmw_implementation_cmake: 7.3.2 (/opt/ros/jazzy/share/rmw_implementation_cmake/cmake)
-- Found rmw_fastrtps_cpp: 8.4.3 (/opt/ros/jazzy/share/rmw_fastrtps_cpp/cmake)
-- Found OpenSSL: /usr/lib/x86_64-linux-gnu/libcrypto.so (found version "3.0.13")  
-- Found FastRTPS: /opt/ros/jazzy/include (Required is at least version "2.13") 
-- Using RMW implementation 'rmw_fastrtps_cpp' as default
-- Found rclcpp_components: 28.1.11 (/opt/ros/jazzy/share/rclcpp_components/cmake)
-- Found sensor_msgs: 5.3.6 (/opt/ros/jazzy/share/sensor_msgs/cmake)
-- Found OpenCV: /usr (found version "4.6.0") 
-- Found techman_robot_msgs: 1.0.0 (/home/csrobot/flexbe_ws/install/techman_robot_msgs/share/techman_robot_msgs/cmake)
-- Found ament_lint_auto: 0.17.3 (/opt/ros/jazzy/share/ament_lint_auto/cmake)
-- Added test 'copyright' to check source files copyright and LICENSE
-- Added test 'cppcheck' to perform static code analysis on C / C++ code
-- Configured cppcheck include dirs: 
-- Configured cppcheck exclude dirs and/or files: 
-- Added test 'cpplint' to check C / C++ code against the Google style
-- Configured cpplint exclude dirs and/or files: 
-- Added test 'lint_cmake' to check CMake code style
-- Added test 'uncrustify' to check C / C++ code style
-- Configured uncrustify additional arguments: 
-- Added test 'xmllint' to check XML markup files
-- Configuring done (1.1s)
-- Generating done (0.0s)
-- Build files have been written to: /home/csrobot/flexbe_ws/build/custom_package
[ 25%] [32mBuilding CXX object CMakeFiles/tm_send_command.dir/src/send_command.cpp.o[0m
[ 50%] [32mBuilding CXX object CMakeFiles/sub_img.dir/src/sub_img.cpp.o[0m
[ 75%] [32m[1mLinking CXX executable tm_send_command[0m
[ 75%] Built target tm_send_command
[100%] [32m[1mLinking CXX executable sub_img[0m
[100%] Built target sub_img
-- Install configuration: ""
-- Execute custom install script
-- Symlinking: /home/csrobot/flexbe_ws/install/custom_package/lib/custom_package/tm_send_command
-- Symlinking: /home/csrobot/flexbe_ws/install/custom_package/lib/custom_package/sub_img
-- Symlinking: /home/csrobot/flexbe_ws/install/custom_package/share/custom_package/image/techman_robot.jpg
-- Symlinking: /home/csrobot/flexbe_ws/install/custom_package/share/ament_index/resource_index/package_run_dependencies/custom_package
-- Symlinking: /home/csrobot/flexbe_ws/install/custom_package/share/ament_index/resource_index/parent_prefix_path/custom_package
-- Symlinking: /home/csrobot/flexbe_ws/install/custom_package/share/custom_package/environment/ament_prefix_path.sh
-- Symlinking: /home/csrobot/flexbe_ws/install/custom_package/share/custom_package/environment/ament_prefix_path.dsv
-- Symlinking: /home/csrobot/flexbe_ws/install/custom_package/share/custom_package/environment/path.sh
-- Symlinking: /home/csrobot/flexbe_ws/install/custom_package/share/custom_package/environment/path.dsv
-- Symlinking: /home/csrobot/flexbe_ws/install/custom_package/share/custom_package/local_setup.bash
-- Symlinking: /home/csrobot/flexbe_ws/install/custom_package/share/custom_package/local_setup.sh
-- Symlinking: /home/csrobot/flexbe_ws/install/custom_package/share/custom_package/local_setup.zsh
-- Symlinking: /home/csrobot/flexbe_ws/install/custom_package/share/custom_package/local_setup.dsv
-- Symlinking: /home/csrobot/flexbe_ws/install/custom_package/share/custom_package/package.dsv
-- Symlinking: /home/csrobot/flexbe_ws/install/custom_package/share/ament_index/resource_index/packages/custom_package
-- Symlinking: /home/csrobot/flexbe_ws/install/custom_package/share/custom_package/cmake/custom_packageConfig.cmake
-- Symlinking: /home/csrobot/flexbe_ws/install/custom_package/share/custom_package/cmake/custom_packageConfig-version.cmake
-- Symlinking: /home/csrobot/flexbe_ws/install/custom_package/share/custom_package/package.xml
