[0.013s] Invoking command in '/home/csrobot/flexbe_ws/build/custom_package': AMENT_PREFIX_PATH=/home/csrobot/flexbe_ws/install/techman_robot_msgs:${AMENT_PREFIX_PATH} CMAKE_PREFIX_PATH=/home/csrobot/flexbe_ws/install/techman_robot_msgs:/opt/ros/jazzy/opt/gz_math_vendor:/opt/ros/jazzy/opt/gz_utils_vendor:/opt/ros/jazzy/opt/gz_cmake_vendor:/opt/ros/jazzy DEBUGINFOD_URLS=https://debuginfod.ubuntu.com LD_LIBRARY_PATH=/home/csrobot/flexbe_ws/install/techman_robot_msgs/lib:${LD_LIBRARY_PATH} PYTHONPATH=/home/csrobot/flexbe_ws/install/techman_robot_msgs/lib/python3.12/site-packages:${PYTHONPATH} /usr/bin/cmake /home/csrobot/flexbe_ws/src/tmr_ros2/custom_package -DAMENT_CMAKE_SYMLINK_INSTALL=1 -DCMAKE_INSTALL_PREFIX=/home/csrobot/flexbe_ws/install/custom_package
[0.070s] -- The C compiler identification is GNU 13.3.0
[0.124s] -- The CXX compiler identification is GNU 13.3.0
[0.139s] -- Detecting C compiler ABI info
[0.215s] -- Detecting C compiler ABI info - done
[0.223s] -- Check for working C compiler: /usr/bin/cc - skipped
[0.229s] -- Detecting C compile features
[0.229s] -- Detecting C compile features - done
[0.239s] -- Detecting CXX compiler ABI info
[0.331s] -- Detecting CXX compiler ABI info - done
[0.342s] -- Check for working CXX compiler: /usr/bin/c++ - skipped
[0.343s] -- Detecting CXX compile features
[0.343s] -- Detecting CXX compile features - done
[0.345s] -- Found ament_cmake: 2.5.4 (/opt/ros/jazzy/share/ament_cmake/cmake)
[0.473s] -- Found Python3: /usr/bin/python3 (found version "3.12.3") found components: Interpreter 
[0.541s] -- Override CMake install command with custom implementation using symlinks instead of copying resources
[0.581s] -- Found rclcpp: 28.1.11 (/opt/ros/jazzy/share/rclcpp/cmake)
[0.625s] -- Found rosidl_generator_c: 4.6.6 (/opt/ros/jazzy/share/rosidl_generator_c/cmake)
[0.635s] -- Found rosidl_generator_cpp: 4.6.6 (/opt/ros/jazzy/share/rosidl_generator_cpp/cmake)
[0.649s] -- Using all available rosidl_typesupport_c: rosidl_typesupport_fastrtps_c;rosidl_typesupport_introspection_c
[0.664s] -- Using all available rosidl_typesupport_cpp: rosidl_typesupport_fastrtps_cpp;rosidl_typesupport_introspection_cpp
[0.735s] -- Found rmw_implementation_cmake: 7.3.2 (/opt/ros/jazzy/share/rmw_implementation_cmake/cmake)
[0.737s] -- Found rmw_fastrtps_cpp: 8.4.3 (/opt/ros/jazzy/share/rmw_fastrtps_cpp/cmake)
[0.816s] -- Found OpenSSL: /usr/lib/x86_64-linux-gnu/libcrypto.so (found version "3.0.13")  
[0.837s] -- Found FastRTPS: /opt/ros/jazzy/include (Required is at least version "2.13") 
[0.859s] -- Using RMW implementation 'rmw_fastrtps_cpp' as default
[0.929s] -- Found rclcpp_components: 28.1.11 (/opt/ros/jazzy/share/rclcpp_components/cmake)
[0.967s] -- Found sensor_msgs: 5.3.6 (/opt/ros/jazzy/share/sensor_msgs/cmake)
[1.027s] -- Found OpenCV: /usr (found version "4.6.0") 
[1.028s] -- Found techman_robot_msgs: 1.0.0 (/home/csrobot/flexbe_ws/install/techman_robot_msgs/share/techman_robot_msgs/cmake)
[1.045s] -- Found ament_lint_auto: 0.17.3 (/opt/ros/jazzy/share/ament_lint_auto/cmake)
[1.160s] -- Added test 'copyright' to check source files copyright and LICENSE
[1.161s] -- Added test 'cppcheck' to perform static code analysis on C / C++ code
[1.161s] -- Configured cppcheck include dirs: 
[1.161s] -- Configured cppcheck exclude dirs and/or files: 
[1.162s] -- Added test 'cpplint' to check C / C++ code against the Google style
[1.162s] -- Configured cpplint exclude dirs and/or files: 
[1.162s] -- Added test 'lint_cmake' to check CMake code style
[1.163s] -- Added test 'uncrustify' to check C / C++ code style
[1.163s] -- Configured uncrustify additional arguments: 
[1.165s] -- Added test 'xmllint' to check XML markup files
[1.165s] -- Configuring done (1.1s)
[1.186s] -- Generating done (0.0s)
[1.188s] -- Build files have been written to: /home/csrobot/flexbe_ws/build/custom_package
[1.201s] Invoked command in '/home/csrobot/flexbe_ws/build/custom_package' returned '0': AMENT_PREFIX_PATH=/home/csrobot/flexbe_ws/install/techman_robot_msgs:${AMENT_PREFIX_PATH} CMAKE_PREFIX_PATH=/home/csrobot/flexbe_ws/install/techman_robot_msgs:/opt/ros/jazzy/opt/gz_math_vendor:/opt/ros/jazzy/opt/gz_utils_vendor:/opt/ros/jazzy/opt/gz_cmake_vendor:/opt/ros/jazzy DEBUGINFOD_URLS=https://debuginfod.ubuntu.com LD_LIBRARY_PATH=/home/csrobot/flexbe_ws/install/techman_robot_msgs/lib:${LD_LIBRARY_PATH} PYTHONPATH=/home/csrobot/flexbe_ws/install/techman_robot_msgs/lib/python3.12/site-packages:${PYTHONPATH} /usr/bin/cmake /home/csrobot/flexbe_ws/src/tmr_ros2/custom_package -DAMENT_CMAKE_SYMLINK_INSTALL=1 -DCMAKE_INSTALL_PREFIX=/home/csrobot/flexbe_ws/install/custom_package
[1.201s] Invoking command in '/home/csrobot/flexbe_ws/build/custom_package': AMENT_PREFIX_PATH=/home/csrobot/flexbe_ws/install/techman_robot_msgs:${AMENT_PREFIX_PATH} CMAKE_PREFIX_PATH=/home/csrobot/flexbe_ws/install/techman_robot_msgs:/opt/ros/jazzy/opt/gz_math_vendor:/opt/ros/jazzy/opt/gz_utils_vendor:/opt/ros/jazzy/opt/gz_cmake_vendor:/opt/ros/jazzy DEBUGINFOD_URLS=https://debuginfod.ubuntu.com LD_LIBRARY_PATH=/home/csrobot/flexbe_ws/install/techman_robot_msgs/lib:${LD_LIBRARY_PATH} PYTHONPATH=/home/csrobot/flexbe_ws/install/techman_robot_msgs/lib/python3.12/site-packages:${PYTHONPATH} /usr/bin/cmake --build /home/csrobot/flexbe_ws/build/custom_package -- -j8 -l8
[1.384s] [ 25%] [32mBuilding CXX object CMakeFiles/tm_send_command.dir/src/send_command.cpp.o[0m
[1.384s] [ 50%] [32mBuilding CXX object CMakeFiles/sub_img.dir/src/sub_img.cpp.o[0m
[7.648s] [ 75%] [32m[1mLinking CXX executable tm_send_command[0m
[8.239s] [ 75%] Built target tm_send_command
[21.593s] [100%] [32m[1mLinking CXX executable sub_img[0m
[23.378s] [100%] Built target sub_img
[23.406s] Invoked command in '/home/csrobot/flexbe_ws/build/custom_package' returned '0': AMENT_PREFIX_PATH=/home/csrobot/flexbe_ws/install/techman_robot_msgs:${AMENT_PREFIX_PATH} CMAKE_PREFIX_PATH=/home/csrobot/flexbe_ws/install/techman_robot_msgs:/opt/ros/jazzy/opt/gz_math_vendor:/opt/ros/jazzy/opt/gz_utils_vendor:/opt/ros/jazzy/opt/gz_cmake_vendor:/opt/ros/jazzy DEBUGINFOD_URLS=https://debuginfod.ubuntu.com LD_LIBRARY_PATH=/home/csrobot/flexbe_ws/install/techman_robot_msgs/lib:${LD_LIBRARY_PATH} PYTHONPATH=/home/csrobot/flexbe_ws/install/techman_robot_msgs/lib/python3.12/site-packages:${PYTHONPATH} /usr/bin/cmake --build /home/csrobot/flexbe_ws/build/custom_package -- -j8 -l8
[23.409s] Invoking command in '/home/csrobot/flexbe_ws/build/custom_package': AMENT_PREFIX_PATH=/home/csrobot/flexbe_ws/install/techman_robot_msgs:${AMENT_PREFIX_PATH} CMAKE_PREFIX_PATH=/home/csrobot/flexbe_ws/install/techman_robot_msgs:/opt/ros/jazzy/opt/gz_math_vendor:/opt/ros/jazzy/opt/gz_utils_vendor:/opt/ros/jazzy/opt/gz_cmake_vendor:/opt/ros/jazzy DEBUGINFOD_URLS=https://debuginfod.ubuntu.com LD_LIBRARY_PATH=/home/csrobot/flexbe_ws/install/techman_robot_msgs/lib:${LD_LIBRARY_PATH} PYTHONPATH=/home/csrobot/flexbe_ws/install/techman_robot_msgs/lib/python3.12/site-packages:${PYTHONPATH} /usr/bin/cmake --install /home/csrobot/flexbe_ws/build/custom_package
[23.423s] -- Install configuration: ""
[23.423s] -- Execute custom install script
[23.424s] -- Symlinking: /home/csrobot/flexbe_ws/install/custom_package/lib/custom_package/tm_send_command
[23.444s] -- Symlinking: /home/csrobot/flexbe_ws/install/custom_package/lib/custom_package/sub_img
[23.462s] -- Symlinking: /home/csrobot/flexbe_ws/install/custom_package/share/custom_package/image/techman_robot.jpg
[23.480s] -- Symlinking: /home/csrobot/flexbe_ws/install/custom_package/share/ament_index/resource_index/package_run_dependencies/custom_package
[23.497s] -- Symlinking: /home/csrobot/flexbe_ws/install/custom_package/share/ament_index/resource_index/parent_prefix_path/custom_package
[23.514s] -- Symlinking: /home/csrobot/flexbe_ws/install/custom_package/share/custom_package/environment/ament_prefix_path.sh
[23.534s] -- Symlinking: /home/csrobot/flexbe_ws/install/custom_package/share/custom_package/environment/ament_prefix_path.dsv
[23.550s] -- Symlinking: /home/csrobot/flexbe_ws/install/custom_package/share/custom_package/environment/path.sh
[23.570s] -- Symlinking: /home/csrobot/flexbe_ws/install/custom_package/share/custom_package/environment/path.dsv
[23.586s] -- Symlinking: /home/csrobot/flexbe_ws/install/custom_package/share/custom_package/local_setup.bash
[23.607s] -- Symlinking: /home/csrobot/flexbe_ws/install/custom_package/share/custom_package/local_setup.sh
[23.626s] -- Symlinking: /home/csrobot/flexbe_ws/install/custom_package/share/custom_package/local_setup.zsh
[23.645s] -- Symlinking: /home/csrobot/flexbe_ws/install/custom_package/share/custom_package/local_setup.dsv
[23.666s] -- Symlinking: /home/csrobot/flexbe_ws/install/custom_package/share/custom_package/package.dsv
[23.689s] -- Symlinking: /home/csrobot/flexbe_ws/install/custom_package/share/ament_index/resource_index/packages/custom_package
[23.716s] -- Symlinking: /home/csrobot/flexbe_ws/install/custom_package/share/custom_package/cmake/custom_packageConfig.cmake
[23.745s] -- Symlinking: /home/csrobot/flexbe_ws/install/custom_package/share/custom_package/cmake/custom_packageConfig-version.cmake
[23.767s] -- Symlinking: /home/csrobot/flexbe_ws/install/custom_package/share/custom_package/package.xml
[23.784s] Invoked command in '/home/csrobot/flexbe_ws/build/custom_package' returned '0': AMENT_PREFIX_PATH=/home/csrobot/flexbe_ws/install/techman_robot_msgs:${AMENT_PREFIX_PATH} CMAKE_PREFIX_PATH=/home/csrobot/flexbe_ws/install/techman_robot_msgs:/opt/ros/jazzy/opt/gz_math_vendor:/opt/ros/jazzy/opt/gz_utils_vendor:/opt/ros/jazzy/opt/gz_cmake_vendor:/opt/ros/jazzy DEBUGINFOD_URLS=https://debuginfod.ubuntu.com LD_LIBRARY_PATH=/home/csrobot/flexbe_ws/install/techman_robot_msgs/lib:${LD_LIBRARY_PATH} PYTHONPATH=/home/csrobot/flexbe_ws/install/techman_robot_msgs/lib/python3.12/site-packages:${PYTHONPATH} /usr/bin/cmake --install /home/csrobot/flexbe_ws/build/custom_package
