[0.245s] Invoking command in '/home/csrobot/flexbe_ws/build/demo': CMAKE_PREFIX_PATH=/home/csrobot/flexbe_ws/install/tm_msgs:/home/csrobot/flexbe_ws/install/ui_for_debug_and_demo:/home/csrobot/flexbe_ws/install/tm_driver:/home/csrobot/flexbe_ws/install/demo:/home/csrobot/flexbe_ws/install/tm5x-900_moveit_config:/home/csrobot/flexbe_ws/install/tm5x-700_moveit_config:/home/csrobot/flexbe_ws/install/tm5-900_moveit_config:/home/csrobot/flexbe_ws/install/tm5-700_moveit_config:/home/csrobot/flexbe_ws/install/tm14x_moveit_config:/home/csrobot/flexbe_ws/install/tm14_moveit_config:/home/csrobot/flexbe_ws/install/tm12x_moveit_config:/home/csrobot/flexbe_ws/install/tm12_moveit_config:/home/csrobot/flexbe_ws/install/tm_description:/home/csrobot/flexbe_ws/install/custom_package:/home/csrobot/flexbe_ws/install/techman_robot_msgs:/home/csrobot/flexbe_ws/install/panda_moveit_config:/home/csrobot/flexbe_ws/install/panda_gazebo:/home/csrobot/flexbe_ws/install/panda_description:/home/csrobot/flexbe_ws/install/flexbe_turtlesim_demo:/home/csrobot/flexbe_ws/install/flexbe_turtlesim_demo_flexbe_behaviors:/home/csrobot/flexbe_ws/install/flexbe_behavior_engine:/home/csrobot/flexbe_ws/install/flexbe_widget:/home/csrobot/flexbe_ws/install/flexbe_testing:/home/csrobot/flexbe_ws/install/compare_flexbe:/home/csrobot/flexbe_ws/install/compare_flexbe_behaviors:/home/csrobot/flexbe_ws/install/flexbe_msgs:/home/csrobot/flexbe_ws/install/compare_flexbe_utilities:/home/csrobot/flexbe_ws/install/armada_gazebo:/home/csrobot/flexbe_ws/install/armada_description:/home/csrobot/flexbe_ws/install/armada_bringup:/opt/ros/jazzy/opt/gz_math_vendor:/opt/ros/jazzy/opt/gz_utils_vendor:/opt/ros/jazzy/opt/gz_cmake_vendor:/home/csrobot/flexbe_ws/install/tm_mod_urdf:/home/csrobot/flexbe_ws/install/tm_get_status:/home/csrobot/flexbe_ws/install/flexbe_turtlesim_demo_flexbe_states:/home/csrobot/flexbe_ws/install/flexbe_webui:/home/csrobot/flexbe_ws/install/flexbe_onboard:/home/csrobot/flexbe_ws/install/flexbe_states:/home/csrobot/flexbe_ws/install/flexbe_mirror:/home/csrobot/flexbe_ws/install/flexbe_input:/home/csrobot/flexbe_ws/install/example_flexbe_states:/home/csrobot/flexbe_ws/install/compare_flexbe_states:/home/csrobot/flexbe_ws/install/flexbe_core:/opt/ros/jazzy DEBUGINFOD_URLS=https://debuginfod.ubuntu.com /usr/bin/cmake --build /home/csrobot/flexbe_ws/build/demo -- -j8 -l8
[0.327s] [  7%] Built target demo_send_script
[0.327s] [ 14%] Built target demo_set_positions
[0.327s] [ 21%] Built target demo_ask_item
[0.327s] [ 28%] Built target demo_ask_sta
[0.327s] [ 39%] Built target demo_connect_tm
[0.327s] [ 53%] Built target demo_write_item
[0.327s] [ 53%] Built target demo_set_event
[0.329s] [ 57%] Built target demo_set_io
[0.358s] [ 64%] Built target demo_get_feedback
[0.366s] [ 71%] Built target demo_get_torque_feedback
[0.372s] [ 78%] Built target demo_leave_listen_node
[0.372s] [ 85%] Built target demo_get_sct_response
[0.376s] [ 92%] Built target demo_get_svr_response
[0.376s] [100%] Built target demo_get_sta_response
[0.411s] Invoked command in '/home/csrobot/flexbe_ws/build/demo' returned '0': CMAKE_PREFIX_PATH=/home/csrobot/flexbe_ws/install/tm_msgs:/home/csrobot/flexbe_ws/install/ui_for_debug_and_demo:/home/csrobot/flexbe_ws/install/tm_driver:/home/csrobot/flexbe_ws/install/demo:/home/csrobot/flexbe_ws/install/tm5x-900_moveit_config:/home/csrobot/flexbe_ws/install/tm5x-700_moveit_config:/home/csrobot/flexbe_ws/install/tm5-900_moveit_config:/home/csrobot/flexbe_ws/install/tm5-700_moveit_config:/home/csrobot/flexbe_ws/install/tm14x_moveit_config:/home/csrobot/flexbe_ws/install/tm14_moveit_config:/home/csrobot/flexbe_ws/install/tm12x_moveit_config:/home/csrobot/flexbe_ws/install/tm12_moveit_config:/home/csrobot/flexbe_ws/install/tm_description:/home/csrobot/flexbe_ws/install/custom_package:/home/csrobot/flexbe_ws/install/techman_robot_msgs:/home/csrobot/flexbe_ws/install/panda_moveit_config:/home/csrobot/flexbe_ws/install/panda_gazebo:/home/csrobot/flexbe_ws/install/panda_description:/home/csrobot/flexbe_ws/install/flexbe_turtlesim_demo:/home/csrobot/flexbe_ws/install/flexbe_turtlesim_demo_flexbe_behaviors:/home/csrobot/flexbe_ws/install/flexbe_behavior_engine:/home/csrobot/flexbe_ws/install/flexbe_widget:/home/csrobot/flexbe_ws/install/flexbe_testing:/home/csrobot/flexbe_ws/install/compare_flexbe:/home/csrobot/flexbe_ws/install/compare_flexbe_behaviors:/home/csrobot/flexbe_ws/install/flexbe_msgs:/home/csrobot/flexbe_ws/install/compare_flexbe_utilities:/home/csrobot/flexbe_ws/install/armada_gazebo:/home/csrobot/flexbe_ws/install/armada_description:/home/csrobot/flexbe_ws/install/armada_bringup:/opt/ros/jazzy/opt/gz_math_vendor:/opt/ros/jazzy/opt/gz_utils_vendor:/opt/ros/jazzy/opt/gz_cmake_vendor:/home/csrobot/flexbe_ws/install/tm_mod_urdf:/home/csrobot/flexbe_ws/install/tm_get_status:/home/csrobot/flexbe_ws/install/flexbe_turtlesim_demo_flexbe_states:/home/csrobot/flexbe_ws/install/flexbe_webui:/home/csrobot/flexbe_ws/install/flexbe_onboard:/home/csrobot/flexbe_ws/install/flexbe_states:/home/csrobot/flexbe_ws/install/flexbe_mirror:/home/csrobot/flexbe_ws/install/flexbe_input:/home/csrobot/flexbe_ws/install/example_flexbe_states:/home/csrobot/flexbe_ws/install/compare_flexbe_states:/home/csrobot/flexbe_ws/install/flexbe_core:/opt/ros/jazzy DEBUGINFOD_URLS=https://debuginfod.ubuntu.com /usr/bin/cmake --build /home/csrobot/flexbe_ws/build/demo -- -j8 -l8
[0.412s] Invoking command in '/home/csrobot/flexbe_ws/build/demo': CMAKE_PREFIX_PATH=/home/csrobot/flexbe_ws/install/tm_msgs:/home/csrobot/flexbe_ws/install/ui_for_debug_and_demo:/home/csrobot/flexbe_ws/install/tm_driver:/home/csrobot/flexbe_ws/install/demo:/home/csrobot/flexbe_ws/install/tm5x-900_moveit_config:/home/csrobot/flexbe_ws/install/tm5x-700_moveit_config:/home/csrobot/flexbe_ws/install/tm5-900_moveit_config:/home/csrobot/flexbe_ws/install/tm5-700_moveit_config:/home/csrobot/flexbe_ws/install/tm14x_moveit_config:/home/csrobot/flexbe_ws/install/tm14_moveit_config:/home/csrobot/flexbe_ws/install/tm12x_moveit_config:/home/csrobot/flexbe_ws/install/tm12_moveit_config:/home/csrobot/flexbe_ws/install/tm_description:/home/csrobot/flexbe_ws/install/custom_package:/home/csrobot/flexbe_ws/install/techman_robot_msgs:/home/csrobot/flexbe_ws/install/panda_moveit_config:/home/csrobot/flexbe_ws/install/panda_gazebo:/home/csrobot/flexbe_ws/install/panda_description:/home/csrobot/flexbe_ws/install/flexbe_turtlesim_demo:/home/csrobot/flexbe_ws/install/flexbe_turtlesim_demo_flexbe_behaviors:/home/csrobot/flexbe_ws/install/flexbe_behavior_engine:/home/csrobot/flexbe_ws/install/flexbe_widget:/home/csrobot/flexbe_ws/install/flexbe_testing:/home/csrobot/flexbe_ws/install/compare_flexbe:/home/csrobot/flexbe_ws/install/compare_flexbe_behaviors:/home/csrobot/flexbe_ws/install/flexbe_msgs:/home/csrobot/flexbe_ws/install/compare_flexbe_utilities:/home/csrobot/flexbe_ws/install/armada_gazebo:/home/csrobot/flexbe_ws/install/armada_description:/home/csrobot/flexbe_ws/install/armada_bringup:/opt/ros/jazzy/opt/gz_math_vendor:/opt/ros/jazzy/opt/gz_utils_vendor:/opt/ros/jazzy/opt/gz_cmake_vendor:/home/csrobot/flexbe_ws/install/tm_mod_urdf:/home/csrobot/flexbe_ws/install/tm_get_status:/home/csrobot/flexbe_ws/install/flexbe_turtlesim_demo_flexbe_states:/home/csrobot/flexbe_ws/install/flexbe_webui:/home/csrobot/flexbe_ws/install/flexbe_onboard:/home/csrobot/flexbe_ws/install/flexbe_states:/home/csrobot/flexbe_ws/install/flexbe_mirror:/home/csrobot/flexbe_ws/install/flexbe_input:/home/csrobot/flexbe_ws/install/example_flexbe_states:/home/csrobot/flexbe_ws/install/compare_flexbe_states:/home/csrobot/flexbe_ws/install/flexbe_core:/opt/ros/jazzy DEBUGINFOD_URLS=https://debuginfod.ubuntu.com /usr/bin/cmake --install /home/csrobot/flexbe_ws/build/demo
[0.423s] -- Install configuration: ""
[0.423s] -- Execute custom install script
[0.423s] -- Up-to-date symlink: /home/csrobot/flexbe_ws/install/demo/lib/demo/demo_send_script
[0.423s] -- Up-to-date symlink: /home/csrobot/flexbe_ws/install/demo/lib/demo/demo_ask_sta
[0.423s] -- Up-to-date symlink: /home/csrobot/flexbe_ws/install/demo/lib/demo/demo_connect_tm
[0.423s] -- Up-to-date symlink: /home/csrobot/flexbe_ws/install/demo/lib/demo/demo_set_event
[0.423s] -- Up-to-date symlink: /home/csrobot/flexbe_ws/install/demo/lib/demo/demo_set_io
[0.423s] -- Up-to-date symlink: /home/csrobot/flexbe_ws/install/demo/lib/demo/demo_set_positions
[0.423s] -- Up-to-date symlink: /home/csrobot/flexbe_ws/install/demo/lib/demo/demo_write_item
[0.423s] -- Up-to-date symlink: /home/csrobot/flexbe_ws/install/demo/lib/demo/demo_ask_item
[0.423s] -- Up-to-date symlink: /home/csrobot/flexbe_ws/install/demo/lib/demo/demo_get_feedback
[0.423s] -- Up-to-date symlink: /home/csrobot/flexbe_ws/install/demo/lib/demo/demo_get_torque_feedback
[0.423s] -- Up-to-date symlink: /home/csrobot/flexbe_ws/install/demo/lib/demo/demo_get_sct_response
[0.424s] -- Up-to-date symlink: /home/csrobot/flexbe_ws/install/demo/lib/demo/demo_get_sta_response
[0.424s] -- Up-to-date symlink: /home/csrobot/flexbe_ws/install/demo/lib/demo/demo_get_svr_response
[0.424s] -- Up-to-date symlink: /home/csrobot/flexbe_ws/install/demo/lib/demo/demo_leave_listen_node
[0.424s] -- Up-to-date symlink: /home/csrobot/flexbe_ws/install/demo/share/ament_index/resource_index/package_run_dependencies/demo
[0.424s] -- Up-to-date symlink: /home/csrobot/flexbe_ws/install/demo/share/ament_index/resource_index/parent_prefix_path/demo
[0.424s] -- Up-to-date symlink: /home/csrobot/flexbe_ws/install/demo/share/demo/environment/ament_prefix_path.sh
[0.424s] -- Up-to-date symlink: /home/csrobot/flexbe_ws/install/demo/share/demo/environment/ament_prefix_path.dsv
[0.424s] -- Up-to-date symlink: /home/csrobot/flexbe_ws/install/demo/share/demo/environment/path.sh
[0.424s] -- Up-to-date symlink: /home/csrobot/flexbe_ws/install/demo/share/demo/environment/path.dsv
[0.424s] -- Up-to-date symlink: /home/csrobot/flexbe_ws/install/demo/share/demo/local_setup.bash
[0.424s] -- Up-to-date symlink: /home/csrobot/flexbe_ws/install/demo/share/demo/local_setup.sh
[0.424s] -- Up-to-date symlink: /home/csrobot/flexbe_ws/install/demo/share/demo/local_setup.zsh
[0.424s] -- Up-to-date symlink: /home/csrobot/flexbe_ws/install/demo/share/demo/local_setup.dsv
[0.424s] -- Symlinking: /home/csrobot/flexbe_ws/install/demo/share/demo/package.dsv
[0.430s] -- Up-to-date symlink: /home/csrobot/flexbe_ws/install/demo/share/ament_index/resource_index/packages/demo
[0.430s] -- Up-to-date symlink: /home/csrobot/flexbe_ws/install/demo/share/demo/cmake/demoConfig.cmake
[0.430s] -- Up-to-date symlink: /home/csrobot/flexbe_ws/install/demo/share/demo/cmake/demoConfig-version.cmake
[0.431s] -- Up-to-date symlink: /home/csrobot/flexbe_ws/install/demo/share/demo/package.xml
[0.434s] Invoked command in '/home/csrobot/flexbe_ws/build/demo' returned '0': CMAKE_PREFIX_PATH=/home/csrobot/flexbe_ws/install/tm_msgs:/home/csrobot/flexbe_ws/install/ui_for_debug_and_demo:/home/csrobot/flexbe_ws/install/tm_driver:/home/csrobot/flexbe_ws/install/demo:/home/csrobot/flexbe_ws/install/tm5x-900_moveit_config:/home/csrobot/flexbe_ws/install/tm5x-700_moveit_config:/home/csrobot/flexbe_ws/install/tm5-900_moveit_config:/home/csrobot/flexbe_ws/install/tm5-700_moveit_config:/home/csrobot/flexbe_ws/install/tm14x_moveit_config:/home/csrobot/flexbe_ws/install/tm14_moveit_config:/home/csrobot/flexbe_ws/install/tm12x_moveit_config:/home/csrobot/flexbe_ws/install/tm12_moveit_config:/home/csrobot/flexbe_ws/install/tm_description:/home/csrobot/flexbe_ws/install/custom_package:/home/csrobot/flexbe_ws/install/techman_robot_msgs:/home/csrobot/flexbe_ws/install/panda_moveit_config:/home/csrobot/flexbe_ws/install/panda_gazebo:/home/csrobot/flexbe_ws/install/panda_description:/home/csrobot/flexbe_ws/install/flexbe_turtlesim_demo:/home/csrobot/flexbe_ws/install/flexbe_turtlesim_demo_flexbe_behaviors:/home/csrobot/flexbe_ws/install/flexbe_behavior_engine:/home/csrobot/flexbe_ws/install/flexbe_widget:/home/csrobot/flexbe_ws/install/flexbe_testing:/home/csrobot/flexbe_ws/install/compare_flexbe:/home/csrobot/flexbe_ws/install/compare_flexbe_behaviors:/home/csrobot/flexbe_ws/install/flexbe_msgs:/home/csrobot/flexbe_ws/install/compare_flexbe_utilities:/home/csrobot/flexbe_ws/install/armada_gazebo:/home/csrobot/flexbe_ws/install/armada_description:/home/csrobot/flexbe_ws/install/armada_bringup:/opt/ros/jazzy/opt/gz_math_vendor:/opt/ros/jazzy/opt/gz_utils_vendor:/opt/ros/jazzy/opt/gz_cmake_vendor:/home/csrobot/flexbe_ws/install/tm_mod_urdf:/home/csrobot/flexbe_ws/install/tm_get_status:/home/csrobot/flexbe_ws/install/flexbe_turtlesim_demo_flexbe_states:/home/csrobot/flexbe_ws/install/flexbe_webui:/home/csrobot/flexbe_ws/install/flexbe_onboard:/home/csrobot/flexbe_ws/install/flexbe_states:/home/csrobot/flexbe_ws/install/flexbe_mirror:/home/csrobot/flexbe_ws/install/flexbe_input:/home/csrobot/flexbe_ws/install/example_flexbe_states:/home/csrobot/flexbe_ws/install/compare_flexbe_states:/home/csrobot/flexbe_ws/install/flexbe_core:/opt/ros/jazzy DEBUGINFOD_URLS=https://debuginfod.ubuntu.com /usr/bin/cmake --install /home/csrobot/flexbe_ws/build/demo
