[2.325s] Invoking command in '/home/csrobot/flexbe_ws/build/compare_flexbe_states': AMENT_PREFIX_PATH=/home/csrobot/flexbe_ws/install/flexbe_core:/home/csrobot/flexbe_ws/install/flexbe_msgs:${AMENT_PREFIX_PATH} CMAKE_PREFIX_PATH=/home/csrobot/flexbe_ws/install/flexbe_msgs:${CMAKE_PREFIX_PATH} DEBUGINFOD_URLS=https://debuginfod.ubuntu.com LD_LIBRARY_PATH=/home/csrobot/flexbe_ws/install/flexbe_msgs/lib:${LD_LIBRARY_PATH} PYTHONPATH=/home/csrobot/flexbe_ws/build/compare_flexbe_states/prefix_override:/usr/lib/python3/dist-packages/colcon_core/task/python/colcon_distutils_commands:/home/csrobot/flexbe_ws/install/compare_flexbe_states/lib/python3.12/site-packages:/home/csrobot/flexbe_ws/build/flexbe_core:/home/csrobot/flexbe_ws/install/flexbe_core/lib/python3.12/site-packages:/home/csrobot/flexbe_ws/install/flexbe_msgs/lib/python3.12/site-packages:${PYTHONPATH} /usr/bin/python3 -W ignore:setup.py install is deprecated -W ignore:easy_install command is deprecated setup.py develop --editable --build-directory /home/csrobot/flexbe_ws/build/compare_flexbe_states/build --no-deps symlink_data
[3.193s] running develop
[3.658s] /usr/lib/python3/dist-packages/setuptools/command/easy_install.py:363: UserWarning: Unbuilt egg for pytest-repeat [unknown version] (/usr/lib/python3/dist-packages)
[3.658s]   self.local_index = Environment(self.shadow_path + sys.path)
[3.761s] running egg_info
[3.761s] creating compare_flexbe_states.egg-info
[3.812s] writing compare_flexbe_states.egg-info/PKG-INFO
[3.812s] writing dependency_links to compare_flexbe_states.egg-info/dependency_links.txt
[3.815s] writing entry points to compare_flexbe_states.egg-info/entry_points.txt
[3.815s] writing requirements to compare_flexbe_states.egg-info/requires.txt
[3.815s] writing top-level names to compare_flexbe_states.egg-info/top_level.txt
[3.815s] writing manifest file 'compare_flexbe_states.egg-info/SOURCES.txt'
[3.940s] reading manifest file 'compare_flexbe_states.egg-info/SOURCES.txt'
[3.943s] writing manifest file 'compare_flexbe_states.egg-info/SOURCES.txt'
[4.006s] running build_ext
[4.006s] Creating /home/csrobot/flexbe_ws/install/compare_flexbe_states/lib/python3.12/site-packages/compare-flexbe-states.egg-link (link to .)
[4.006s] Installing example_action_state script to /home/csrobot/flexbe_ws/install/compare_flexbe_states/lib/compare_flexbe_states
[4.006s] Installing example_state script to /home/csrobot/flexbe_ws/install/compare_flexbe_states/lib/compare_flexbe_states
[4.006s] 
[4.006s] Installed /home/csrobot/flexbe_ws/build/compare_flexbe_states
[4.006s] running symlink_data
[4.006s] creating /home/csrobot/flexbe_ws/install/compare_flexbe_states/share/ament_index
[4.006s] creating /home/csrobot/flexbe_ws/install/compare_flexbe_states/share/ament_index/resource_index
[4.007s] creating /home/csrobot/flexbe_ws/install/compare_flexbe_states/share/ament_index/resource_index/packages
[4.007s] symbolically linking /home/csrobot/flexbe_ws/build/compare_flexbe_states/resource/compare_flexbe_states -> /home/csrobot/flexbe_ws/install/compare_flexbe_states/share/ament_index/resource_index/packages
[4.007s] symbolically linking /home/csrobot/flexbe_ws/build/compare_flexbe_states/package.xml -> /home/csrobot/flexbe_ws/install/compare_flexbe_states/share/compare_flexbe_states
[4.007s] creating /home/csrobot/flexbe_ws/install/compare_flexbe_states/share/compare_flexbe_states/tests
[4.007s] symbolically linking /home/csrobot/flexbe_ws/build/compare_flexbe_states/tests/example_state.test -> /home/csrobot/flexbe_ws/install/compare_flexbe_states/share/compare_flexbe_states/tests
[4.007s] symbolically linking /home/csrobot/flexbe_ws/build/compare_flexbe_states/tests/example_action_state.test -> /home/csrobot/flexbe_ws/install/compare_flexbe_states/share/compare_flexbe_states/tests
[4.007s] creating /home/csrobot/flexbe_ws/install/compare_flexbe_states/share/compare_flexbe_states/launch
[4.007s] symbolically linking /home/csrobot/flexbe_ws/build/compare_flexbe_states/tests/run_tests.launch.py -> /home/csrobot/flexbe_ws/install/compare_flexbe_states/share/compare_flexbe_states/launch
[4.107s] Invoked command in '/home/csrobot/flexbe_ws/build/compare_flexbe_states' returned '0': AMENT_PREFIX_PATH=/home/csrobot/flexbe_ws/install/flexbe_core:/home/csrobot/flexbe_ws/install/flexbe_msgs:${AMENT_PREFIX_PATH} CMAKE_PREFIX_PATH=/home/csrobot/flexbe_ws/install/flexbe_msgs:${CMAKE_PREFIX_PATH} DEBUGINFOD_URLS=https://debuginfod.ubuntu.com LD_LIBRARY_PATH=/home/csrobot/flexbe_ws/install/flexbe_msgs/lib:${LD_LIBRARY_PATH} PYTHONPATH=/home/csrobot/flexbe_ws/build/compare_flexbe_states/prefix_override:/usr/lib/python3/dist-packages/colcon_core/task/python/colcon_distutils_commands:/home/csrobot/flexbe_ws/install/compare_flexbe_states/lib/python3.12/site-packages:/home/csrobot/flexbe_ws/build/flexbe_core:/home/csrobot/flexbe_ws/install/flexbe_core/lib/python3.12/site-packages:/home/csrobot/flexbe_ws/install/flexbe_msgs/lib/python3.12/site-packages:${PYTHONPATH} /usr/bin/python3 -W ignore:setup.py install is deprecated -W ignore:easy_install command is deprecated setup.py develop --editable --build-directory /home/csrobot/flexbe_ws/build/compare_flexbe_states/build --no-deps symlink_data
