[0.002s] Invoking command in '/home/csrobot/flexbe_ws/build/tm_driver': AMENT_PREFIX_PATH=/home/csrobot/flexbe_ws/install/tm_msgs:${AMENT_PREFIX_PATH} CMAKE_PREFIX_PATH=/home/csrobot/flexbe_ws/install/tm_msgs:/opt/ros/jazzy/opt/gz_math_vendor:/opt/ros/jazzy/opt/gz_utils_vendor:/opt/ros/jazzy/opt/gz_cmake_vendor:/opt/ros/jazzy DEBUGINFOD_URLS=https://debuginfod.ubuntu.com LD_LIBRARY_PATH=/home/csrobot/flexbe_ws/install/tm_msgs/lib:${LD_LIBRARY_PATH} PYTHONPATH=/home/csrobot/flexbe_ws/install/tm_msgs/lib/python3.12/site-packages:${PYTHONPATH} /usr/bin/cmake /home/csrobot/flexbe_ws/src/tmr_ros2/tm_driver -DAMENT_CMAKE_SYMLINK_INSTALL=1 -DCMAKE_INSTALL_PREFIX=/home/csrobot/flexbe_ws/install/tm_driver
[0.233s] -- The C compiler identification is GNU 13.3.0
[0.233s] -- The CXX compiler identification is GNU 13.3.0
[0.233s] -- Detecting C compiler ABI info
[0.233s] -- Detecting C compiler ABI info - done
[0.234s] -- Check for working C compiler: /usr/bin/cc - skipped
[0.234s] -- Detecting C compile features
[0.237s] -- Detecting C compile features - done
[0.242s] -- Detecting CXX compiler ABI info
[0.336s] -- Detecting CXX compiler ABI info - done
[0.348s] -- Check for working CXX compiler: /usr/bin/c++ - skipped
[0.348s] -- Detecting CXX compile features
[0.349s] -- Detecting CXX compile features - done
[0.354s] -- Found ament_cmake: 2.5.4 (/opt/ros/jazzy/share/ament_cmake/cmake)
[0.484s] -- Found Python3: /usr/bin/python3 (found version "3.12.3") found components: Interpreter 
[0.559s] -- Override CMake install command with custom implementation using symlinks instead of copying resources
[0.591s] -- Found rclcpp: 28.1.11 (/opt/ros/jazzy/share/rclcpp/cmake)
[0.625s] -- Found rosidl_generator_c: 4.6.6 (/opt/ros/jazzy/share/rosidl_generator_c/cmake)
[0.636s] -- Found rosidl_generator_cpp: 4.6.6 (/opt/ros/jazzy/share/rosidl_generator_cpp/cmake)
[0.650s] -- Using all available rosidl_typesupport_c: rosidl_typesupport_fastrtps_c;rosidl_typesupport_introspection_c
[0.666s] -- Using all available rosidl_typesupport_cpp: rosidl_typesupport_fastrtps_cpp;rosidl_typesupport_introspection_cpp
[0.735s] -- Found rmw_implementation_cmake: 7.3.2 (/opt/ros/jazzy/share/rmw_implementation_cmake/cmake)
[0.741s] -- Found rmw_fastrtps_cpp: 8.4.3 (/opt/ros/jazzy/share/rmw_fastrtps_cpp/cmake)
[0.809s] -- Found OpenSSL: /usr/lib/x86_64-linux-gnu/libcrypto.so (found version "3.0.13")  
[0.825s] -- Found FastRTPS: /opt/ros/jazzy/include (Required is at least version "2.13") 
[0.849s] -- Using RMW implementation 'rmw_fastrtps_cpp' as default
[0.915s] -- Found std_msgs: 5.3.6 (/opt/ros/jazzy/share/std_msgs/cmake)
[0.929s] -- Found sensor_msgs: 5.3.6 (/opt/ros/jazzy/share/sensor_msgs/cmake)
[0.966s] -- Found tm_msgs: 1.1.2 (/home/csrobot/flexbe_ws/install/tm_msgs/share/tm_msgs/cmake)
[0.989s] -- Found tf2_geometry_msgs: 0.36.14 (/opt/ros/jazzy/share/tf2_geometry_msgs/cmake)
[1.001s] -- Found eigen3_cmake_module: 0.3.0 (/opt/ros/jazzy/share/eigen3_cmake_module/cmake)
[1.002s] -- Found Eigen3: TRUE (found version "3.4.0") 
[1.002s] -- Ensuring Eigen3 include directory is part of orocos-kdl CMake target
[1.218s] -- Found Boost: /usr/lib/x86_64-linux-gnu/cmake/Boost-1.83.0/BoostConfig.cmake (found version "1.83.0") found components: date_time filesystem program_options system thread 
[1.413s] -- Found Boost: /usr/lib/x86_64-linux-gnu/cmake/Boost-1.83.0/BoostConfig.cmake (found version "1.83.0") found components: chrono date_time filesystem iostreams program_options regex serialization system thread 
[1.481s] -- Found parameter_traits: 0.5.0 (/opt/ros/jazzy/share/parameter_traits/cmake)
[1.501s] -- Found rclcpp_lifecycle: 28.1.11 (/opt/ros/jazzy/share/rclcpp_lifecycle/cmake)
[1.570s] -- Found Boost: /usr/lib/x86_64-linux-gnu/cmake/Boost-1.83.0/BoostConfig.cmake (found version "1.83.0") found components: filesystem 
[1.766s] -- Found Boost: /usr/lib/x86_64-linux-gnu/cmake/Boost-1.83.0/BoostConfig.cmake (found version "1.83.0") found components: system filesystem date_time program_options thread chrono 
[1.861s] -- Found Boost: /usr/lib/x86_64-linux-gnu/cmake/Boost-1.83.0/BoostConfig.cmake (found version "1.83.0") found components: thread system filesystem regex date_time program_options 
[1.904s] -- Found Boost: /usr/lib/x86_64-linux-gnu/cmake/Boost-1.83.0/BoostConfig.cmake (found version "1.83.0") found components: system filesystem date_time program_options thread 
[1.970s] -- Found control_msgs: 5.5.0 (/opt/ros/jazzy/share/control_msgs/cmake)
[2.015s] -- Found ament_lint_auto: 0.17.3 (/opt/ros/jazzy/share/ament_lint_auto/cmake)
[2.247s] -- Added test 'copyright' to check source files copyright and LICENSE
[2.248s] -- Added test 'cppcheck' to perform static code analysis on C / C++ code
[2.252s] -- Configured cppcheck include dirs: /home/csrobot/flexbe_ws/src/tmr_ros2/tm_driver/include
[2.252s] -- Configured cppcheck exclude dirs and/or files: 
[2.253s] -- Added test 'cpplint' to check C / C++ code against the Google style
[2.253s] -- Configured cpplint exclude dirs and/or files: 
[2.254s] -- Added test 'flake8' to check Python code syntax and style conventions
[2.254s] -- Configured 'flake8' exclude dirs and/or files: 
[2.254s] -- Added test 'lint_cmake' to check CMake code style
[2.256s] -- Added test 'pep257' to check Python code against some of the docstring style conventions in PEP 257
[2.263s] -- Added test 'uncrustify' to check C / C++ code style
[2.263s] -- Configured uncrustify additional arguments: 
[2.263s] -- Added test 'xmllint' to check XML markup files
[2.265s] -- Configuring done (2.3s)
[2.311s] -- Generating done (0.0s)
[2.318s] -- Build files have been written to: /home/csrobot/flexbe_ws/build/tm_driver
[2.371s] Invoked command in '/home/csrobot/flexbe_ws/build/tm_driver' returned '0': AMENT_PREFIX_PATH=/home/csrobot/flexbe_ws/install/tm_msgs:${AMENT_PREFIX_PATH} CMAKE_PREFIX_PATH=/home/csrobot/flexbe_ws/install/tm_msgs:/opt/ros/jazzy/opt/gz_math_vendor:/opt/ros/jazzy/opt/gz_utils_vendor:/opt/ros/jazzy/opt/gz_cmake_vendor:/opt/ros/jazzy DEBUGINFOD_URLS=https://debuginfod.ubuntu.com LD_LIBRARY_PATH=/home/csrobot/flexbe_ws/install/tm_msgs/lib:${LD_LIBRARY_PATH} PYTHONPATH=/home/csrobot/flexbe_ws/install/tm_msgs/lib/python3.12/site-packages:${PYTHONPATH} /usr/bin/cmake /home/csrobot/flexbe_ws/src/tmr_ros2/tm_driver -DAMENT_CMAKE_SYMLINK_INSTALL=1 -DCMAKE_INSTALL_PREFIX=/home/csrobot/flexbe_ws/install/tm_driver
[2.371s] Invoking command in '/home/csrobot/flexbe_ws/build/tm_driver': AMENT_PREFIX_PATH=/home/csrobot/flexbe_ws/install/tm_msgs:${AMENT_PREFIX_PATH} CMAKE_PREFIX_PATH=/home/csrobot/flexbe_ws/install/tm_msgs:/opt/ros/jazzy/opt/gz_math_vendor:/opt/ros/jazzy/opt/gz_utils_vendor:/opt/ros/jazzy/opt/gz_cmake_vendor:/opt/ros/jazzy DEBUGINFOD_URLS=https://debuginfod.ubuntu.com LD_LIBRARY_PATH=/home/csrobot/flexbe_ws/install/tm_msgs/lib:${LD_LIBRARY_PATH} PYTHONPATH=/home/csrobot/flexbe_ws/install/tm_msgs/lib/python3.12/site-packages:${PYTHONPATH} /usr/bin/cmake --build /home/csrobot/flexbe_ws/build/tm_driver -- -j8 -l8
[2.470s] [  6%] [32mBuilding CXX object CMakeFiles/tm_driver.dir/src/tm_ros2_composition_moveit.cpp.o[0m
[2.470s] [ 12%] [32mBuilding CXX object CMakeFiles/tm_driver.dir/src/tm_ros2_sct.cpp.o[0m
[2.475s] [ 18%] [32mBuilding CXX object CMakeFiles/tm_driver.dir/src/tm_ros2_svr.cpp.o[0m
[2.478s] [ 25%] [32mBuilding CXX object CMakeFiles/tm_driver.dir/src/tm_driver.cpp.o[0m
[2.489s] [ 31%] [32mBuilding CXX object CMakeFiles/tm_driver.dir/src/tm_command.cpp.o[0m
[2.492s] [ 37%] [32mBuilding CXX object CMakeFiles/tm_driver.dir/src/tm_svr_communication.cpp.o[0m
[2.496s] [ 43%] [32mBuilding CXX object CMakeFiles/tm_driver.dir/src/tm_sct_communication.cpp.o[0m
[2.510s] [ 50%] [32mBuilding CXX object CMakeFiles/tm_driver.dir/src/tm_communication.cpp.o[0m
[4.277s] [ 56%] [32mBuilding CXX object CMakeFiles/tm_driver.dir/src/tm_robot_state.cpp.o[0m
[10.250s] [ 62%] [32mBuilding CXX object CMakeFiles/tm_driver.dir/src/tm_packet.cpp.o[0m
[11.782s] [ 68%] [32mBuilding CXX object CMakeFiles/tm_driver.dir/src/tm_print.cpp.o[0m
[12.200s] [ 75%] [32mBuilding CXX object CMakeFiles/tm_driver.dir/src/tm_driver_utilities.cpp.o[0m
[12.479s] [ 81%] [32mBuilding CXX object CMakeFiles/tm_driver.dir/src/tm_listen_node_connect.cpp.o[0m
[13.796s] [ 87%] [32mBuilding CXX object CMakeFiles/tm_driver.dir/src/tm_ethernet_slave_connect.cpp.o[0m
[14.199s] [ 93%] [32mBuilding CXX object CMakeFiles/tm_driver.dir/src/tm_ros2_movit_sct.cpp.o[0m
[27.604s] [100%] [32m[1mLinking CXX executable tm_driver[0m
[28.740s] [100%] Built target tm_driver
[28.922s] Invoked command in '/home/csrobot/flexbe_ws/build/tm_driver' returned '0': AMENT_PREFIX_PATH=/home/csrobot/flexbe_ws/install/tm_msgs:${AMENT_PREFIX_PATH} CMAKE_PREFIX_PATH=/home/csrobot/flexbe_ws/install/tm_msgs:/opt/ros/jazzy/opt/gz_math_vendor:/opt/ros/jazzy/opt/gz_utils_vendor:/opt/ros/jazzy/opt/gz_cmake_vendor:/opt/ros/jazzy DEBUGINFOD_URLS=https://debuginfod.ubuntu.com LD_LIBRARY_PATH=/home/csrobot/flexbe_ws/install/tm_msgs/lib:${LD_LIBRARY_PATH} PYTHONPATH=/home/csrobot/flexbe_ws/install/tm_msgs/lib/python3.12/site-packages:${PYTHONPATH} /usr/bin/cmake --build /home/csrobot/flexbe_ws/build/tm_driver -- -j8 -l8
[28.923s] Invoking command in '/home/csrobot/flexbe_ws/build/tm_driver': AMENT_PREFIX_PATH=/home/csrobot/flexbe_ws/install/tm_msgs:${AMENT_PREFIX_PATH} CMAKE_PREFIX_PATH=/home/csrobot/flexbe_ws/install/tm_msgs:/opt/ros/jazzy/opt/gz_math_vendor:/opt/ros/jazzy/opt/gz_utils_vendor:/opt/ros/jazzy/opt/gz_cmake_vendor:/opt/ros/jazzy DEBUGINFOD_URLS=https://debuginfod.ubuntu.com LD_LIBRARY_PATH=/home/csrobot/flexbe_ws/install/tm_msgs/lib:${LD_LIBRARY_PATH} PYTHONPATH=/home/csrobot/flexbe_ws/install/tm_msgs/lib/python3.12/site-packages:${PYTHONPATH} /usr/bin/cmake --install /home/csrobot/flexbe_ws/build/tm_driver
[28.928s] -- Install configuration: ""
[28.928s] -- Execute custom install script
[28.928s] -- Symlinking: /home/csrobot/flexbe_ws/install/tm_driver/lib/tm_driver/tm_driver
[28.934s] -- Symlinking: /home/csrobot/flexbe_ws/install/tm_driver/share/tm_driver/launch/tm_bringup.launch.py
[28.941s] -- Symlinking: /home/csrobot/flexbe_ws/install/tm_driver/share/ament_index/resource_index/package_run_dependencies/tm_driver
[28.948s] -- Symlinking: /home/csrobot/flexbe_ws/install/tm_driver/share/ament_index/resource_index/parent_prefix_path/tm_driver
[28.964s] -- Symlinking: /home/csrobot/flexbe_ws/install/tm_driver/share/tm_driver/environment/ament_prefix_path.sh
[28.966s] -- Symlinking: /home/csrobot/flexbe_ws/install/tm_driver/share/tm_driver/environment/ament_prefix_path.dsv
[28.974s] -- Symlinking: /home/csrobot/flexbe_ws/install/tm_driver/share/tm_driver/environment/path.sh
[28.981s] -- Symlinking: /home/csrobot/flexbe_ws/install/tm_driver/share/tm_driver/environment/path.dsv
[28.988s] -- Symlinking: /home/csrobot/flexbe_ws/install/tm_driver/share/tm_driver/local_setup.bash
[28.995s] -- Symlinking: /home/csrobot/flexbe_ws/install/tm_driver/share/tm_driver/local_setup.sh
[29.002s] -- Symlinking: /home/csrobot/flexbe_ws/install/tm_driver/share/tm_driver/local_setup.zsh
[29.009s] -- Symlinking: /home/csrobot/flexbe_ws/install/tm_driver/share/tm_driver/local_setup.dsv
[29.016s] -- Symlinking: /home/csrobot/flexbe_ws/install/tm_driver/share/tm_driver/package.dsv
[29.024s] -- Symlinking: /home/csrobot/flexbe_ws/install/tm_driver/share/ament_index/resource_index/packages/tm_driver
[29.031s] -- Symlinking: /home/csrobot/flexbe_ws/install/tm_driver/share/tm_driver/cmake/tm_driverConfig.cmake
[29.038s] -- Symlinking: /home/csrobot/flexbe_ws/install/tm_driver/share/tm_driver/cmake/tm_driverConfig-version.cmake
[29.045s] -- Symlinking: /home/csrobot/flexbe_ws/install/tm_driver/share/tm_driver/package.xml
[29.053s] Invoked command in '/home/csrobot/flexbe_ws/build/tm_driver' returned '0': AMENT_PREFIX_PATH=/home/csrobot/flexbe_ws/install/tm_msgs:${AMENT_PREFIX_PATH} CMAKE_PREFIX_PATH=/home/csrobot/flexbe_ws/install/tm_msgs:/opt/ros/jazzy/opt/gz_math_vendor:/opt/ros/jazzy/opt/gz_utils_vendor:/opt/ros/jazzy/opt/gz_cmake_vendor:/opt/ros/jazzy DEBUGINFOD_URLS=https://debuginfod.ubuntu.com LD_LIBRARY_PATH=/home/csrobot/flexbe_ws/install/tm_msgs/lib:${LD_LIBRARY_PATH} PYTHONPATH=/home/csrobot/flexbe_ws/install/tm_msgs/lib/python3.12/site-packages:${PYTHONPATH} /usr/bin/cmake --install /home/csrobot/flexbe_ws/build/tm_driver
