running develop
running egg_info
creating flexbe_states.egg-info
writing flexbe_states.egg-info/PKG-INFO
writing dependency_links to flexbe_states.egg-info/dependency_links.txt
writing requirements to flexbe_states.egg-info/requires.txt
writing top-level names to flexbe_states.egg-info/top_level.txt
writing manifest file 'flexbe_states.egg-info/SOURCES.txt'
reading manifest file 'flexbe_states.egg-info/SOURCES.txt'
writing manifest file 'flexbe_states.egg-info/SOURCES.txt'
running build_ext
Creating /home/csrobot/flexbe_ws/install/flexbe_states/lib/python3.12/site-packages/flexbe-states.egg-link (link to .)

Installed /home/csrobot/flexbe_ws/build/flexbe_states
running symlink_data
creating /home/csrobot/flexbe_ws/install/flexbe_states/share/ament_index
creating /home/csrobot/flexbe_ws/install/flexbe_states/share/ament_index/resource_index
creating /home/csrobot/flexbe_ws/install/flexbe_states/share/ament_index/resource_index/packages
symbolically linking /home/csrobot/flexbe_ws/build/flexbe_states/resource/flexbe_states -> /home/csrobot/flexbe_ws/install/flexbe_states/share/ament_index/resource_index/packages
symbolically linking /home/csrobot/flexbe_ws/build/flexbe_states/package.xml -> /home/csrobot/flexbe_ws/install/flexbe_states/share/flexbe_states
creating /home/csrobot/flexbe_ws/install/flexbe_states/share/flexbe_states/tests
symbolically linking /home/csrobot/flexbe_ws/build/flexbe_states/tests/log_state_msg.test -> /home/csrobot/flexbe_ws/install/flexbe_states/share/flexbe_states/tests
symbolically linking /home/csrobot/flexbe_ws/build/flexbe_states/tests/calculation_state_none.test -> /home/csrobot/flexbe_ws/install/flexbe_states/share/flexbe_states/tests
symbolically linking /home/csrobot/flexbe_ws/build/flexbe_states/tests/log_state_int.test -> /home/csrobot/flexbe_ws/install/flexbe_states/share/flexbe_states/tests
symbolically linking /home/csrobot/flexbe_ws/build/flexbe_states/tests/operator_decision_state_suggested.test -> /home/csrobot/flexbe_ws/install/flexbe_states/share/flexbe_states/tests
symbolically linking /home/csrobot/flexbe_ws/build/flexbe_states/tests/subscriber_state_pose.test -> /home/csrobot/flexbe_ws/install/flexbe_states/share/flexbe_states/tests
symbolically linking /home/csrobot/flexbe_ws/build/flexbe_states/tests/log_state_string.test -> /home/csrobot/flexbe_ws/install/flexbe_states/share/flexbe_states/tests
symbolically linking /home/csrobot/flexbe_ws/build/flexbe_states/tests/input_state_import.test -> /home/csrobot/flexbe_ws/install/flexbe_states/share/flexbe_states/tests
symbolically linking /home/csrobot/flexbe_ws/build/flexbe_states/tests/subscriber_state_unavailable.test -> /home/csrobot/flexbe_ws/install/flexbe_states/share/flexbe_states/tests
symbolically linking /home/csrobot/flexbe_ws/build/flexbe_states/tests/decision_state_simple.test -> /home/csrobot/flexbe_ws/install/flexbe_states/share/flexbe_states/tests
symbolically linking /home/csrobot/flexbe_ws/build/flexbe_states/tests/flexible_calculation_state_simple.test -> /home/csrobot/flexbe_ws/install/flexbe_states/share/flexbe_states/tests
symbolically linking /home/csrobot/flexbe_ws/build/flexbe_states/tests/check_condition_state_true.test -> /home/csrobot/flexbe_ws/install/flexbe_states/share/flexbe_states/tests
symbolically linking /home/csrobot/flexbe_ws/build/flexbe_states/tests/wait_state_short.test -> /home/csrobot/flexbe_ws/install/flexbe_states/share/flexbe_states/tests
symbolically linking /home/csrobot/flexbe_ws/build/flexbe_states/tests/check_condition_state_invalid.test -> /home/csrobot/flexbe_ws/install/flexbe_states/share/flexbe_states/tests
symbolically linking /home/csrobot/flexbe_ws/build/flexbe_states/tests/calculation_state_simple.test -> /home/csrobot/flexbe_ws/install/flexbe_states/share/flexbe_states/tests
creating /home/csrobot/flexbe_ws/install/flexbe_states/share/flexbe_states/launch
symbolically linking /home/csrobot/flexbe_ws/build/flexbe_states/tests/run_tests.launch.py -> /home/csrobot/flexbe_ws/install/flexbe_states/share/flexbe_states/launch
symbolically linking /home/csrobot/flexbe_ws/build/flexbe_states/tests/pub.launch.py -> /home/csrobot/flexbe_ws/install/flexbe_states/share/flexbe_states/launch
