[0.575s] Invoking command in '/home/csrobot/flexbe_ws/build/compare_flexbe_behaviors': AMENT_PREFIX_PATH=/home/csrobot/flexbe_ws/install/flexbe_core:/home/csrobot/flexbe_ws/install/flexbe_msgs:${AMENT_PREFIX_PATH} CMAKE_PREFIX_PATH=/home/csrobot/flexbe_ws/install/flexbe_msgs:/opt/ros/jazzy/opt/gz_math_vendor:/opt/ros/jazzy/opt/gz_utils_vendor:/opt/ros/jazzy/opt/gz_cmake_vendor:/opt/ros/jazzy DEBUGINFOD_URLS=https://debuginfod.ubuntu.com LD_LIBRARY_PATH=/home/csrobot/flexbe_ws/install/flexbe_msgs/lib:${LD_LIBRARY_PATH} PYTHONPATH=/home/csrobot/flexbe_ws/build/flexbe_core:/home/csrobot/flexbe_ws/install/flexbe_core/lib/python3.12/site-packages:/home/csrobot/flexbe_ws/install/flexbe_msgs/lib/python3.12/site-packages:${PYTHONPATH} /usr/bin/cmake --build /home/csrobot/flexbe_ws/build/compare_flexbe_behaviors -- -j8 -l8
[0.766s] Built target ament_cmake_python_symlink_compare_flexbe_behaviors_setup
[0.766s] Built target ament_cmake_python_symlink_compare_flexbe_behaviors
[0.809s] running egg_info
[0.829s] writing compare_flexbe_behaviors.egg-info/PKG-INFO
[0.829s] writing dependency_links to compare_flexbe_behaviors.egg-info/dependency_links.txt
[0.830s] writing top-level names to compare_flexbe_behaviors.egg-info/top_level.txt
[0.887s] reading manifest file 'compare_flexbe_behaviors.egg-info/SOURCES.txt'
[0.888s] writing manifest file 'compare_flexbe_behaviors.egg-info/SOURCES.txt'
[0.907s] Built target ament_cmake_python_build_compare_flexbe_behaviors_egg
[0.976s] Invoked command in '/home/csrobot/flexbe_ws/build/compare_flexbe_behaviors' returned '0': AMENT_PREFIX_PATH=/home/csrobot/flexbe_ws/install/flexbe_core:/home/csrobot/flexbe_ws/install/flexbe_msgs:${AMENT_PREFIX_PATH} CMAKE_PREFIX_PATH=/home/csrobot/flexbe_ws/install/flexbe_msgs:/opt/ros/jazzy/opt/gz_math_vendor:/opt/ros/jazzy/opt/gz_utils_vendor:/opt/ros/jazzy/opt/gz_cmake_vendor:/opt/ros/jazzy DEBUGINFOD_URLS=https://debuginfod.ubuntu.com LD_LIBRARY_PATH=/home/csrobot/flexbe_ws/install/flexbe_msgs/lib:${LD_LIBRARY_PATH} PYTHONPATH=/home/csrobot/flexbe_ws/build/flexbe_core:/home/csrobot/flexbe_ws/install/flexbe_core/lib/python3.12/site-packages:/home/csrobot/flexbe_ws/install/flexbe_msgs/lib/python3.12/site-packages:${PYTHONPATH} /usr/bin/cmake --build /home/csrobot/flexbe_ws/build/compare_flexbe_behaviors -- -j8 -l8
[0.976s] Invoking command in '/home/csrobot/flexbe_ws/build/compare_flexbe_behaviors': AMENT_PREFIX_PATH=/home/csrobot/flexbe_ws/install/flexbe_core:/home/csrobot/flexbe_ws/install/flexbe_msgs:${AMENT_PREFIX_PATH} CMAKE_PREFIX_PATH=/home/csrobot/flexbe_ws/install/flexbe_msgs:/opt/ros/jazzy/opt/gz_math_vendor:/opt/ros/jazzy/opt/gz_utils_vendor:/opt/ros/jazzy/opt/gz_cmake_vendor:/opt/ros/jazzy DEBUGINFOD_URLS=https://debuginfod.ubuntu.com LD_LIBRARY_PATH=/home/csrobot/flexbe_ws/install/flexbe_msgs/lib:${LD_LIBRARY_PATH} PYTHONPATH=/home/csrobot/flexbe_ws/build/flexbe_core:/home/csrobot/flexbe_ws/install/flexbe_core/lib/python3.12/site-packages:/home/csrobot/flexbe_ws/install/flexbe_msgs/lib/python3.12/site-packages:${PYTHONPATH} /usr/bin/cmake --install /home/csrobot/flexbe_ws/build/compare_flexbe_behaviors
[0.982s] -- Install configuration: ""
[0.982s] -- Execute custom install script
[0.983s] -- Up-to-date symlink: /home/csrobot/flexbe_ws/install/compare_flexbe_behaviors/lib/compare_flexbe_behaviors/manifest/euclideanclusterextractionpipeine.xml
[0.983s] -- Up-to-date symlink: /home/csrobot/flexbe_ws/install/compare_flexbe_behaviors/lib/compare_flexbe_behaviors/manifest/example_action_state_behavior.xml
[0.983s] -- Up-to-date symlink: /home/csrobot/flexbe_ws/install/compare_flexbe_behaviors/lib/compare_flexbe_behaviors/manifest/example_behavior.xml
[0.983s] -- Up-to-date symlink: /home/csrobot/flexbe_ws/install/compare_flexbe_behaviors/lib/compare_flexbe_behaviors/config/example.yaml
[0.983s] -- Up-to-date symlink: /home/csrobot/flexbe_ws/install/compare_flexbe_behaviors/lib/compare_flexbe_behaviors/copy_behavior
[0.983s] -- Up-to-date symlink: /home/csrobot/flexbe_ws/install/compare_flexbe_behaviors/share/compare_flexbe_behaviors/environment/pythonpath.sh
[0.983s] -- Up-to-date symlink: /home/csrobot/flexbe_ws/install/compare_flexbe_behaviors/share/compare_flexbe_behaviors/environment/pythonpath.dsv
[0.983s] -- Up-to-date symlink: /home/csrobot/flexbe_ws/install/compare_flexbe_behaviors/lib/python3.12/site-packages/compare_flexbe_behaviors-0.0.1-py3.12.egg-info/PKG-INFO
[0.984s] -- Up-to-date symlink: /home/csrobot/flexbe_ws/install/compare_flexbe_behaviors/lib/python3.12/site-packages/compare_flexbe_behaviors-0.0.1-py3.12.egg-info/SOURCES.txt
[0.984s] -- Up-to-date symlink: /home/csrobot/flexbe_ws/install/compare_flexbe_behaviors/lib/python3.12/site-packages/compare_flexbe_behaviors-0.0.1-py3.12.egg-info/dependency_links.txt
[0.984s] -- Up-to-date symlink: /home/csrobot/flexbe_ws/install/compare_flexbe_behaviors/lib/python3.12/site-packages/compare_flexbe_behaviors-0.0.1-py3.12.egg-info/top_level.txt
[0.984s] -- Up-to-date symlink: /home/csrobot/flexbe_ws/install/compare_flexbe_behaviors/lib/python3.12/site-packages/compare_flexbe_behaviors/__init__.py
[0.984s] -- Up-to-date symlink: /home/csrobot/flexbe_ws/install/compare_flexbe_behaviors/lib/python3.12/site-packages/compare_flexbe_behaviors/euclideanclusterextractionpipeine_sm.py
[0.984s] -- Up-to-date symlink: /home/csrobot/flexbe_ws/install/compare_flexbe_behaviors/lib/python3.12/site-packages/compare_flexbe_behaviors/example_action_state_behavior_sm.py
[0.985s] -- Up-to-date symlink: /home/csrobot/flexbe_ws/install/compare_flexbe_behaviors/lib/python3.12/site-packages/compare_flexbe_behaviors/example_behavior_sm.py
[0.985s] -- Up-to-date symlink: /home/csrobot/flexbe_ws/install/compare_flexbe_behaviors/share/ament_index/resource_index/package_run_dependencies/compare_flexbe_behaviors
[0.985s] -- Up-to-date symlink: /home/csrobot/flexbe_ws/install/compare_flexbe_behaviors/share/ament_index/resource_index/parent_prefix_path/compare_flexbe_behaviors
[0.985s] -- Up-to-date symlink: /home/csrobot/flexbe_ws/install/compare_flexbe_behaviors/share/compare_flexbe_behaviors/environment/ament_prefix_path.sh
[0.985s] -- Up-to-date symlink: /home/csrobot/flexbe_ws/install/compare_flexbe_behaviors/share/compare_flexbe_behaviors/environment/ament_prefix_path.dsv
[0.985s] -- Up-to-date symlink: /home/csrobot/flexbe_ws/install/compare_flexbe_behaviors/share/compare_flexbe_behaviors/environment/path.sh
[0.985s] -- Up-to-date symlink: /home/csrobot/flexbe_ws/install/compare_flexbe_behaviors/share/compare_flexbe_behaviors/environment/path.dsv
[0.985s] -- Up-to-date symlink: /home/csrobot/flexbe_ws/install/compare_flexbe_behaviors/share/compare_flexbe_behaviors/local_setup.bash
[0.986s] -- Up-to-date symlink: /home/csrobot/flexbe_ws/install/compare_flexbe_behaviors/share/compare_flexbe_behaviors/local_setup.sh
[0.986s] -- Up-to-date symlink: /home/csrobot/flexbe_ws/install/compare_flexbe_behaviors/share/compare_flexbe_behaviors/local_setup.zsh
[0.986s] -- Up-to-date symlink: /home/csrobot/flexbe_ws/install/compare_flexbe_behaviors/share/compare_flexbe_behaviors/local_setup.dsv
[0.986s] -- Symlinking: /home/csrobot/flexbe_ws/install/compare_flexbe_behaviors/share/compare_flexbe_behaviors/package.dsv
[0.993s] -- Up-to-date symlink: /home/csrobot/flexbe_ws/install/compare_flexbe_behaviors/share/ament_index/resource_index/packages/compare_flexbe_behaviors
[0.993s] -- Up-to-date symlink: /home/csrobot/flexbe_ws/install/compare_flexbe_behaviors/share/compare_flexbe_behaviors/cmake/compare_flexbe_behaviorsConfig.cmake
[0.993s] -- Up-to-date symlink: /home/csrobot/flexbe_ws/install/compare_flexbe_behaviors/share/compare_flexbe_behaviors/cmake/compare_flexbe_behaviorsConfig-version.cmake
[0.994s] -- Up-to-date symlink: /home/csrobot/flexbe_ws/install/compare_flexbe_behaviors/share/compare_flexbe_behaviors/package.xml
[1.027s] Listing '/home/csrobot/flexbe_ws/install/compare_flexbe_behaviors/lib/python3.12/site-packages/compare_flexbe_behaviors'...
[1.193s] Invoked command in '/home/csrobot/flexbe_ws/build/compare_flexbe_behaviors' returned '0': AMENT_PREFIX_PATH=/home/csrobot/flexbe_ws/install/flexbe_core:/home/csrobot/flexbe_ws/install/flexbe_msgs:${AMENT_PREFIX_PATH} CMAKE_PREFIX_PATH=/home/csrobot/flexbe_ws/install/flexbe_msgs:/opt/ros/jazzy/opt/gz_math_vendor:/opt/ros/jazzy/opt/gz_utils_vendor:/opt/ros/jazzy/opt/gz_cmake_vendor:/opt/ros/jazzy DEBUGINFOD_URLS=https://debuginfod.ubuntu.com LD_LIBRARY_PATH=/home/csrobot/flexbe_ws/install/flexbe_msgs/lib:${LD_LIBRARY_PATH} PYTHONPATH=/home/csrobot/flexbe_ws/build/flexbe_core:/home/csrobot/flexbe_ws/install/flexbe_core/lib/python3.12/site-packages:/home/csrobot/flexbe_ws/install/flexbe_msgs/lib/python3.12/site-packages:${PYTHONPATH} /usr/bin/cmake --install /home/csrobot/flexbe_ws/build/compare_flexbe_behaviors
