[  1%] Built target compare_flexbe_utilities__rosidl_generator_type_description
[  1%] Built target ament_cmake_python_symlink_compare_flexbe_utilities
[  2%] Built target compare_flexbe_utilities__cpp
[ 24%] Built target compare_flexbe_utilities__rosidl_generator_c
[ 33%] Built target compare_flexbe_utilities__rosidl_typesupport_introspection_c
[ 41%] Built target compare_flexbe_utilities__rosidl_typesupport_c
[ 49%] Built target compare_flexbe_utilities__rosidl_typesupport_fastrtps_c
[ 58%] Built target compare_flexbe_utilities__rosidl_typesupport_cpp
[ 66%] Built target compare_flexbe_utilities__rosidl_typesupport_fastrtps_cpp
[ 74%] Built target compare_flexbe_utilities__rosidl_typesupport_introspection_cpp
[ 76%] Built target move_to_named_pose_service
[ 76%] [32mBuilding CXX object CMakeFiles/cartesian_move_to_pose_service.dir/src/cartesian_move_to_pose_service.cpp.o[0m
[ 76%] [32mBuilding CXX object CMakeFiles/move_to_pose_service.dir/src/move_to_pose_service.cpp.o[0m
[ 78%] Built target plane_segmentation_service
[ 80%] Built target get_point_cloud_service
[ 82%] Built target euclidean_clustering_service
[ 84%] Built target voxel_grid_filter_service
[ 84%] Built target compare_flexbe_utilities
[ 85%] Built target filter_by_indices_service
running egg_info
writing compare_flexbe_utilities.egg-info/PKG-INFO
writing dependency_links to compare_flexbe_utilities.egg-info/dependency_links.txt
writing top-level names to compare_flexbe_utilities.egg-info/top_level.txt
reading manifest file 'compare_flexbe_utilities.egg-info/SOURCES.txt'
writing manifest file 'compare_flexbe_utilities.egg-info/SOURCES.txt'
[ 85%] Built target ament_cmake_python_build_compare_flexbe_utilities_egg
[ 86%] [32m[1mLinking CXX executable cartesian_move_to_pose_service[0m
[ 86%] Built target cartesian_move_to_pose_service
