[0.019s] Invoking command in '/home/csrobot/flexbe_ws/build/tm5x-900_moveit_config': AMENT_PREFIX_PATH=/home/csrobot/flexbe_ws/install/tm_description:${AMENT_PREFIX_PATH} CMAKE_PREFIX_PATH=/home/csrobot/flexbe_ws/install/tm_description:/opt/ros/jazzy/opt/gz_math_vendor:/opt/ros/jazzy/opt/gz_utils_vendor:/opt/ros/jazzy/opt/gz_cmake_vendor:/opt/ros/jazzy DEBUGINFOD_URLS=https://debuginfod.ubuntu.com /usr/bin/cmake /home/csrobot/flexbe_ws/src/tmr_ros2/tm_moveit/tm5x-900_moveit_config -DAMENT_CMAKE_SYMLINK_INSTALL=1 -DCMAKE_INSTALL_PREFIX=/home/csrobot/flexbe_ws/install/tm5x-900_moveit_config
[0.137s] -- The C compiler identification is GNU 13.3.0
[0.138s] -- The CXX compiler identification is GNU 13.3.0
[0.138s] -- Detecting C compiler ABI info
[0.203s] -- Detecting C compiler ABI info - done
[0.216s] -- Check for working C compiler: /usr/bin/cc - skipped
[0.217s] -- Detecting C compile features
[0.217s] -- Detecting C compile features - done
[0.229s] -- Detecting CXX compiler ABI info
[0.314s] -- Detecting CXX compiler ABI info - done
[0.325s] -- Check for working CXX compiler: /usr/bin/c++ - skipped
[0.325s] -- Detecting CXX compile features
[0.326s] -- Detecting CXX compile features - done
[0.328s] -- Found ament_cmake: 2.5.4 (/opt/ros/jazzy/share/ament_cmake/cmake)
[0.454s] -- Found Python3: /usr/bin/python3 (found version "3.12.3") found components: Interpreter 
[0.536s] -- Override CMake install command with custom implementation using symlinks instead of copying resources
[0.692s] -- Configuring done (0.7s)
[0.697s] -- Generating done (0.0s)
[0.697s] -- Build files have been written to: /home/csrobot/flexbe_ws/build/tm5x-900_moveit_config
[0.706s] Invoked command in '/home/csrobot/flexbe_ws/build/tm5x-900_moveit_config' returned '0': AMENT_PREFIX_PATH=/home/csrobot/flexbe_ws/install/tm_description:${AMENT_PREFIX_PATH} CMAKE_PREFIX_PATH=/home/csrobot/flexbe_ws/install/tm_description:/opt/ros/jazzy/opt/gz_math_vendor:/opt/ros/jazzy/opt/gz_utils_vendor:/opt/ros/jazzy/opt/gz_cmake_vendor:/opt/ros/jazzy DEBUGINFOD_URLS=https://debuginfod.ubuntu.com /usr/bin/cmake /home/csrobot/flexbe_ws/src/tmr_ros2/tm_moveit/tm5x-900_moveit_config -DAMENT_CMAKE_SYMLINK_INSTALL=1 -DCMAKE_INSTALL_PREFIX=/home/csrobot/flexbe_ws/install/tm5x-900_moveit_config
[0.707s] Invoking command in '/home/csrobot/flexbe_ws/build/tm5x-900_moveit_config': AMENT_PREFIX_PATH=/home/csrobot/flexbe_ws/install/tm_description:${AMENT_PREFIX_PATH} CMAKE_PREFIX_PATH=/home/csrobot/flexbe_ws/install/tm_description:/opt/ros/jazzy/opt/gz_math_vendor:/opt/ros/jazzy/opt/gz_utils_vendor:/opt/ros/jazzy/opt/gz_cmake_vendor:/opt/ros/jazzy DEBUGINFOD_URLS=https://debuginfod.ubuntu.com /usr/bin/cmake --build /home/csrobot/flexbe_ws/build/tm5x-900_moveit_config -- -j8 -l8
[0.806s] Invoked command in '/home/csrobot/flexbe_ws/build/tm5x-900_moveit_config' returned '0': AMENT_PREFIX_PATH=/home/csrobot/flexbe_ws/install/tm_description:${AMENT_PREFIX_PATH} CMAKE_PREFIX_PATH=/home/csrobot/flexbe_ws/install/tm_description:/opt/ros/jazzy/opt/gz_math_vendor:/opt/ros/jazzy/opt/gz_utils_vendor:/opt/ros/jazzy/opt/gz_cmake_vendor:/opt/ros/jazzy DEBUGINFOD_URLS=https://debuginfod.ubuntu.com /usr/bin/cmake --build /home/csrobot/flexbe_ws/build/tm5x-900_moveit_config -- -j8 -l8
[0.806s] Invoking command in '/home/csrobot/flexbe_ws/build/tm5x-900_moveit_config': AMENT_PREFIX_PATH=/home/csrobot/flexbe_ws/install/tm_description:${AMENT_PREFIX_PATH} CMAKE_PREFIX_PATH=/home/csrobot/flexbe_ws/install/tm_description:/opt/ros/jazzy/opt/gz_math_vendor:/opt/ros/jazzy/opt/gz_utils_vendor:/opt/ros/jazzy/opt/gz_cmake_vendor:/opt/ros/jazzy DEBUGINFOD_URLS=https://debuginfod.ubuntu.com /usr/bin/cmake --install /home/csrobot/flexbe_ws/build/tm5x-900_moveit_config
[1.713s] -- Install configuration: ""
[1.713s] -- Execute custom install script
[1.713s] -- Symlinking: /home/csrobot/flexbe_ws/install/tm5x-900_moveit_config/share/ament_index/resource_index/package_run_dependencies/tm5x-900_moveit_config
[1.713s] -- Symlinking: /home/csrobot/flexbe_ws/install/tm5x-900_moveit_config/share/ament_index/resource_index/parent_prefix_path/tm5x-900_moveit_config
[1.713s] -- Symlinking: /home/csrobot/flexbe_ws/install/tm5x-900_moveit_config/share/tm5x-900_moveit_config/environment/ament_prefix_path.sh
[1.713s] -- Symlinking: /home/csrobot/flexbe_ws/install/tm5x-900_moveit_config/share/tm5x-900_moveit_config/environment/ament_prefix_path.dsv
[1.713s] -- Symlinking: /home/csrobot/flexbe_ws/install/tm5x-900_moveit_config/share/tm5x-900_moveit_config/environment/path.sh
[1.713s] -- Symlinking: /home/csrobot/flexbe_ws/install/tm5x-900_moveit_config/share/tm5x-900_moveit_config/environment/path.dsv
[1.713s] -- Symlinking: /home/csrobot/flexbe_ws/install/tm5x-900_moveit_config/share/tm5x-900_moveit_config/local_setup.bash
[1.713s] -- Symlinking: /home/csrobot/flexbe_ws/install/tm5x-900_moveit_config/share/tm5x-900_moveit_config/local_setup.sh
[1.713s] -- Symlinking: /home/csrobot/flexbe_ws/install/tm5x-900_moveit_config/share/tm5x-900_moveit_config/local_setup.zsh
[1.713s] -- Symlinking: /home/csrobot/flexbe_ws/install/tm5x-900_moveit_config/share/tm5x-900_moveit_config/local_setup.dsv
[1.713s] -- Symlinking: /home/csrobot/flexbe_ws/install/tm5x-900_moveit_config/share/tm5x-900_moveit_config/package.dsv
[1.713s] -- Symlinking: /home/csrobot/flexbe_ws/install/tm5x-900_moveit_config/share/ament_index/resource_index/packages/tm5x-900_moveit_config
[1.713s] -- Symlinking: /home/csrobot/flexbe_ws/install/tm5x-900_moveit_config/share/tm5x-900_moveit_config/cmake/tm5x-900_moveit_configConfig.cmake
[1.714s] -- Symlinking: /home/csrobot/flexbe_ws/install/tm5x-900_moveit_config/share/tm5x-900_moveit_config/cmake/tm5x-900_moveit_configConfig-version.cmake
[1.714s] -- Symlinking: /home/csrobot/flexbe_ws/install/tm5x-900_moveit_config/share/tm5x-900_moveit_config/package.xml
[1.714s] -- Symlinking: /home/csrobot/flexbe_ws/install/tm5x-900_moveit_config/share/tm5x-900_moveit_config/launch/demo.launch.py
[1.714s] -- Symlinking: /home/csrobot/flexbe_ws/install/tm5x-900_moveit_config/share/tm5x-900_moveit_config/launch/move_group.launch.py
[1.714s] -- Symlinking: /home/csrobot/flexbe_ws/install/tm5x-900_moveit_config/share/tm5x-900_moveit_config/launch/moveit_rviz.launch.py
[1.714s] -- Symlinking: /home/csrobot/flexbe_ws/install/tm5x-900_moveit_config/share/tm5x-900_moveit_config/launch/rsp.launch.py
[1.714s] -- Symlinking: /home/csrobot/flexbe_ws/install/tm5x-900_moveit_config/share/tm5x-900_moveit_config/launch/run_move_group.rviz
[1.714s] -- Symlinking: /home/csrobot/flexbe_ws/install/tm5x-900_moveit_config/share/tm5x-900_moveit_config/launch/setup_assistant.launch.py
[1.714s] -- Symlinking: /home/csrobot/flexbe_ws/install/tm5x-900_moveit_config/share/tm5x-900_moveit_config/launch/spawn_controllers.launch.py
[1.714s] -- Symlinking: /home/csrobot/flexbe_ws/install/tm5x-900_moveit_config/share/tm5x-900_moveit_config/launch/static_virtual_joint_tfs.launch.py
[1.714s] -- Symlinking: /home/csrobot/flexbe_ws/install/tm5x-900_moveit_config/share/tm5x-900_moveit_config/launch/tm5x-900_moveit.launch.py
[1.714s] -- Symlinking: /home/csrobot/flexbe_ws/install/tm5x-900_moveit_config/share/tm5x-900_moveit_config/launch/tm5x-900_run_move_group.launch.py
[1.714s] -- Symlinking: /home/csrobot/flexbe_ws/install/tm5x-900_moveit_config/share/tm5x-900_moveit_config/launch/warehouse_db.launch.py
[1.714s] -- Symlinking: /home/csrobot/flexbe_ws/install/tm5x-900_moveit_config/share/tm5x-900_moveit_config/config/chomp_planning.yaml
[1.714s] -- Symlinking: /home/csrobot/flexbe_ws/install/tm5x-900_moveit_config/share/tm5x-900_moveit_config/config/controllers.yaml
[1.714s] -- Symlinking: /home/csrobot/flexbe_ws/install/tm5x-900_moveit_config/share/tm5x-900_moveit_config/config/initial_positions.yaml
[1.714s] -- Symlinking: /home/csrobot/flexbe_ws/install/tm5x-900_moveit_config/share/tm5x-900_moveit_config/config/joint_limits.yaml
[1.715s] -- Symlinking: /home/csrobot/flexbe_ws/install/tm5x-900_moveit_config/share/tm5x-900_moveit_config/config/kinematics.yaml
[1.715s] -- Symlinking: /home/csrobot/flexbe_ws/install/tm5x-900_moveit_config/share/tm5x-900_moveit_config/config/moveit.rviz
[1.715s] -- Symlinking: /home/csrobot/flexbe_ws/install/tm5x-900_moveit_config/share/tm5x-900_moveit_config/config/moveit2_controllers.yaml
[1.715s] -- Symlinking: /home/csrobot/flexbe_ws/install/tm5x-900_moveit_config/share/tm5x-900_moveit_config/config/moveit_controllers.yaml
[1.715s] -- Symlinking: /home/csrobot/flexbe_ws/install/tm5x-900_moveit_config/share/tm5x-900_moveit_config/config/ompl_planning.yaml
[1.715s] -- Symlinking: /home/csrobot/flexbe_ws/install/tm5x-900_moveit_config/share/tm5x-900_moveit_config/config/pilz_cartesian_limits.yaml
[1.715s] -- Symlinking: /home/csrobot/flexbe_ws/install/tm5x-900_moveit_config/share/tm5x-900_moveit_config/config/pilz_industrial_motion_planner_planning.yaml
[1.715s] -- Symlinking: /home/csrobot/flexbe_ws/install/tm5x-900_moveit_config/share/tm5x-900_moveit_config/config/ros2_controllers.yaml
[1.715s] -- Symlinking: /home/csrobot/flexbe_ws/install/tm5x-900_moveit_config/share/tm5x-900_moveit_config/config/sensors_3d.yaml
[1.715s] -- Symlinking: /home/csrobot/flexbe_ws/install/tm5x-900_moveit_config/share/tm5x-900_moveit_config/config/tm5x-900.ros2_control.xacro
[1.715s] -- Symlinking: /home/csrobot/flexbe_ws/install/tm5x-900_moveit_config/share/tm5x-900_moveit_config/config/tm5x-900.srdf
[1.715s] -- Symlinking: /home/csrobot/flexbe_ws/install/tm5x-900_moveit_config/share/tm5x-900_moveit_config/config/tm5x-900.urdf.xacro
[1.715s] -- Symlinking: /home/csrobot/flexbe_ws/install/tm5x-900_moveit_config/share/tm5x-900_moveit_config/rviz/moveit.rviz
[1.715s] -- Symlinking: /home/csrobot/flexbe_ws/install/tm5x-900_moveit_config/share/tm5x-900_moveit_config/.setup_assistant
[1.742s] Invoked command in '/home/csrobot/flexbe_ws/build/tm5x-900_moveit_config' returned '0': AMENT_PREFIX_PATH=/home/csrobot/flexbe_ws/install/tm_description:${AMENT_PREFIX_PATH} CMAKE_PREFIX_PATH=/home/csrobot/flexbe_ws/install/tm_description:/opt/ros/jazzy/opt/gz_math_vendor:/opt/ros/jazzy/opt/gz_utils_vendor:/opt/ros/jazzy/opt/gz_cmake_vendor:/opt/ros/jazzy DEBUGINFOD_URLS=https://debuginfod.ubuntu.com /usr/bin/cmake --install /home/csrobot/flexbe_ws/build/tm5x-900_moveit_config
