-- The C compiler identification is GNU 13.3.0
-- The CXX compiler identification is GNU 13.3.0
-- Detecting C compiler ABI info
-- Detecting C compiler ABI info - done
-- Check for working C compiler: /usr/bin/cc - skipped
-- Detecting C compile features
-- Detecting C compile features - done
-- Detecting CXX compiler ABI info
-- Detecting CXX compiler ABI info - done
-- Check for working CXX compiler: /usr/bin/c++ - skipped
-- Detecting CXX compile features
-- Detecting CXX compile features - done
-- Found ament_cmake: 2.5.4 (/opt/ros/jazzy/share/ament_cmake/cmake)
-- Found Python3: /usr/bin/python3 (found version "3.12.3") found components: Interpreter 
-- Override CMake install command with custom implementation using symlinks instead of copying resources
-- Found rclcpp: 28.1.11 (/opt/ros/jazzy/share/rclcpp/cmake)
-- Found rosidl_generator_c: 4.6.6 (/opt/ros/jazzy/share/rosidl_generator_c/cmake)
-- Found rosidl_generator_cpp: 4.6.6 (/opt/ros/jazzy/share/rosidl_generator_cpp/cmake)
-- Using all available rosidl_typesupport_c: rosidl_typesupport_fastrtps_c;rosidl_typesupport_introspection_c
-- Using all available rosidl_typesupport_cpp: rosidl_typesupport_fastrtps_cpp;rosidl_typesupport_introspection_cpp
-- Found rmw_implementation_cmake: 7.3.2 (/opt/ros/jazzy/share/rmw_implementation_cmake/cmake)
-- Found rmw_fastrtps_cpp: 8.4.3 (/opt/ros/jazzy/share/rmw_fastrtps_cpp/cmake)
-- Found OpenSSL: /usr/lib/x86_64-linux-gnu/libcrypto.so (found version "3.0.13")  
-- Found FastRTPS: /opt/ros/jazzy/include (Required is at least version "2.13") 
-- Using RMW implementation 'rmw_fastrtps_cpp' as default
-- Found std_msgs: 5.3.6 (/opt/ros/jazzy/share/std_msgs/cmake)
-- Found rclcpp_action: 28.1.11 (/opt/ros/jazzy/share/rclcpp_action/cmake)
-- Found tm_msgs: 1.1.2 (/home/csrobot/flexbe_ws/install/tm_msgs/share/tm_msgs/cmake)
-- Found ament_lint_auto: 0.17.3 (/opt/ros/jazzy/share/ament_lint_auto/cmake)
-- Added test 'copyright' to check source files copyright and LICENSE
-- Added test 'cppcheck' to perform static code analysis on C / C++ code
-- Configured cppcheck include dirs: 
-- Configured cppcheck exclude dirs and/or files: 
-- Added test 'cpplint' to check C / C++ code against the Google style
-- Configured cpplint exclude dirs and/or files: 
-- Added test 'flake8' to check Python code syntax and style conventions
-- Configured 'flake8' exclude dirs and/or files: 
-- Added test 'lint_cmake' to check CMake code style
-- Added test 'pep257' to check Python code against some of the docstring style conventions in PEP 257
-- Added test 'uncrustify' to check C / C++ code style
-- Configured uncrustify additional arguments: 
-- Added test 'xmllint' to check XML markup files
-- Configuring done (1.1s)
-- Generating done (0.0s)
-- Build files have been written to: /home/csrobot/flexbe_ws/build/ui_for_debug_and_demo
[  0%] Built target robot_ui_autogen_timestamp_deps
[ 12%] [34m[1mAutomatic MOC and UIC for target robot_ui[0m
[ 12%] Built target robot_ui_autogen
[ 25%] [34m[1mGenerating ui_tm_ros_driver_windows.h[0m
[ 37%] [32mBuilding CXX object CMakeFiles/robot_ui.dir/robot_ui_autogen/mocs_compilation.cpp.o[0m
[ 50%] [32mBuilding CXX object CMakeFiles/robot_ui.dir/src/main.cpp.o[0m
[ 62%] [32mBuilding CXX object CMakeFiles/robot_ui.dir/src/tm_ros_driver_windows.cpp.o[0m
[ 75%] [32mBuilding CXX object CMakeFiles/robot_ui.dir/src/ros_page.cpp.o[0m
[ 87%] [32m[1mLinking CXX executable robot_ui[0m
[100%] Built target robot_ui
-- Install configuration: ""
-- Execute custom install script
-- Symlinking: /home/csrobot/flexbe_ws/install/ui_for_debug_and_demo/lib/ui_for_debug_and_demo/robot_ui
-- Symlinking: /home/csrobot/flexbe_ws/install/ui_for_debug_and_demo/share/ui_for_debug_and_demo/launch/tm_gui.launch.py
-- Symlinking: /home/csrobot/flexbe_ws/install/ui_for_debug_and_demo/share/ament_index/resource_index/package_run_dependencies/ui_for_debug_and_demo
-- Symlinking: /home/csrobot/flexbe_ws/install/ui_for_debug_and_demo/share/ament_index/resource_index/parent_prefix_path/ui_for_debug_and_demo
-- Symlinking: /home/csrobot/flexbe_ws/install/ui_for_debug_and_demo/share/ui_for_debug_and_demo/environment/ament_prefix_path.sh
-- Symlinking: /home/csrobot/flexbe_ws/install/ui_for_debug_and_demo/share/ui_for_debug_and_demo/environment/ament_prefix_path.dsv
-- Symlinking: /home/csrobot/flexbe_ws/install/ui_for_debug_and_demo/share/ui_for_debug_and_demo/environment/path.sh
-- Symlinking: /home/csrobot/flexbe_ws/install/ui_for_debug_and_demo/share/ui_for_debug_and_demo/environment/path.dsv
-- Symlinking: /home/csrobot/flexbe_ws/install/ui_for_debug_and_demo/share/ui_for_debug_and_demo/local_setup.bash
-- Symlinking: /home/csrobot/flexbe_ws/install/ui_for_debug_and_demo/share/ui_for_debug_and_demo/local_setup.sh
-- Symlinking: /home/csrobot/flexbe_ws/install/ui_for_debug_and_demo/share/ui_for_debug_and_demo/local_setup.zsh
-- Symlinking: /home/csrobot/flexbe_ws/install/ui_for_debug_and_demo/share/ui_for_debug_and_demo/local_setup.dsv
-- Symlinking: /home/csrobot/flexbe_ws/install/ui_for_debug_and_demo/share/ui_for_debug_and_demo/package.dsv
-- Symlinking: /home/csrobot/flexbe_ws/install/ui_for_debug_and_demo/share/ament_index/resource_index/packages/ui_for_debug_and_demo
-- Symlinking: /home/csrobot/flexbe_ws/install/ui_for_debug_and_demo/share/ui_for_debug_and_demo/cmake/ui_for_debug_and_demoConfig.cmake
-- Symlinking: /home/csrobot/flexbe_ws/install/ui_for_debug_and_demo/share/ui_for_debug_and_demo/cmake/ui_for_debug_and_demoConfig-version.cmake
-- Symlinking: /home/csrobot/flexbe_ws/install/ui_for_debug_and_demo/share/ui_for_debug_and_demo/package.xml
