[0.007s] Invoking command in '/home/csrobot/flexbe_ws/build/ui_for_debug_and_demo': AMENT_PREFIX_PATH=/home/csrobot/flexbe_ws/install/tm_msgs:${AMENT_PREFIX_PATH} CMAKE_PREFIX_PATH=/home/csrobot/flexbe_ws/install/tm_msgs:/opt/ros/jazzy/opt/gz_math_vendor:/opt/ros/jazzy/opt/gz_utils_vendor:/opt/ros/jazzy/opt/gz_cmake_vendor:/opt/ros/jazzy DEBUGINFOD_URLS=https://debuginfod.ubuntu.com LD_LIBRARY_PATH=/home/csrobot/flexbe_ws/install/tm_msgs/lib:${LD_LIBRARY_PATH} PYTHONPATH=/home/csrobot/flexbe_ws/install/tm_msgs/lib/python3.12/site-packages:${PYTHONPATH} /usr/bin/cmake /home/csrobot/flexbe_ws/src/tmr_ros2/ui_for_debug_and_demo -DAMENT_CMAKE_SYMLINK_INSTALL=1 -DCMAKE_INSTALL_PREFIX=/home/csrobot/flexbe_ws/install/ui_for_debug_and_demo
[0.058s] -- The C compiler identification is GNU 13.3.0
[0.122s] -- The CXX compiler identification is GNU 13.3.0
[0.140s] -- Detecting C compiler ABI info
[0.218s] -- Detecting C compiler ABI info - done
[0.229s] -- Check for working C compiler: /usr/bin/cc - skipped
[0.229s] -- Detecting C compile features
[0.230s] -- Detecting C compile features - done
[0.239s] -- Detecting CXX compiler ABI info
[0.333s] -- Detecting CXX compiler ABI info - done
[0.342s] -- Check for working CXX compiler: /usr/bin/c++ - skipped
[0.342s] -- Detecting CXX compile features
[0.343s] -- Detecting CXX compile features - done
[0.345s] -- Found ament_cmake: 2.5.4 (/opt/ros/jazzy/share/ament_cmake/cmake)
[0.469s] -- Found Python3: /usr/bin/python3 (found version "3.12.3") found components: Interpreter 
[0.539s] -- Override CMake install command with custom implementation using symlinks instead of copying resources
[0.563s] -- Found rclcpp: 28.1.11 (/opt/ros/jazzy/share/rclcpp/cmake)
[0.597s] -- Found rosidl_generator_c: 4.6.6 (/opt/ros/jazzy/share/rosidl_generator_c/cmake)
[0.610s] -- Found rosidl_generator_cpp: 4.6.6 (/opt/ros/jazzy/share/rosidl_generator_cpp/cmake)
[0.624s] -- Using all available rosidl_typesupport_c: rosidl_typesupport_fastrtps_c;rosidl_typesupport_introspection_c
[0.640s] -- Using all available rosidl_typesupport_cpp: rosidl_typesupport_fastrtps_cpp;rosidl_typesupport_introspection_cpp
[0.708s] -- Found rmw_implementation_cmake: 7.3.2 (/opt/ros/jazzy/share/rmw_implementation_cmake/cmake)
[0.712s] -- Found rmw_fastrtps_cpp: 8.4.3 (/opt/ros/jazzy/share/rmw_fastrtps_cpp/cmake)
[0.771s] -- Found OpenSSL: /usr/lib/x86_64-linux-gnu/libcrypto.so (found version "3.0.13")  
[0.790s] -- Found FastRTPS: /opt/ros/jazzy/include (Required is at least version "2.13") 
[0.810s] -- Using RMW implementation 'rmw_fastrtps_cpp' as default
[0.879s] -- Found std_msgs: 5.3.6 (/opt/ros/jazzy/share/std_msgs/cmake)
[0.892s] -- Found rclcpp_action: 28.1.11 (/opt/ros/jazzy/share/rclcpp_action/cmake)
[0.935s] -- Found tm_msgs: 1.1.2 (/home/csrobot/flexbe_ws/install/tm_msgs/share/tm_msgs/cmake)
[0.978s] -- Found ament_lint_auto: 0.17.3 (/opt/ros/jazzy/share/ament_lint_auto/cmake)
[1.097s] -- Added test 'copyright' to check source files copyright and LICENSE
[1.098s] -- Added test 'cppcheck' to perform static code analysis on C / C++ code
[1.104s] -- Configured cppcheck include dirs: 
[1.104s] -- Configured cppcheck exclude dirs and/or files: 
[1.104s] -- Added test 'cpplint' to check C / C++ code against the Google style
[1.104s] -- Configured cpplint exclude dirs and/or files: 
[1.104s] -- Added test 'flake8' to check Python code syntax and style conventions
[1.104s] -- Configured 'flake8' exclude dirs and/or files: 
[1.105s] -- Added test 'lint_cmake' to check CMake code style
[1.105s] -- Added test 'pep257' to check Python code against some of the docstring style conventions in PEP 257
[1.105s] -- Added test 'uncrustify' to check C / C++ code style
[1.106s] -- Configured uncrustify additional arguments: 
[1.108s] -- Added test 'xmllint' to check XML markup files
[1.113s] -- Configuring done (1.1s)
[1.171s] -- Generating done (0.0s)
[1.185s] -- Build files have been written to: /home/csrobot/flexbe_ws/build/ui_for_debug_and_demo
[1.379s] Invoked command in '/home/csrobot/flexbe_ws/build/ui_for_debug_and_demo' returned '0': AMENT_PREFIX_PATH=/home/csrobot/flexbe_ws/install/tm_msgs:${AMENT_PREFIX_PATH} CMAKE_PREFIX_PATH=/home/csrobot/flexbe_ws/install/tm_msgs:/opt/ros/jazzy/opt/gz_math_vendor:/opt/ros/jazzy/opt/gz_utils_vendor:/opt/ros/jazzy/opt/gz_cmake_vendor:/opt/ros/jazzy DEBUGINFOD_URLS=https://debuginfod.ubuntu.com LD_LIBRARY_PATH=/home/csrobot/flexbe_ws/install/tm_msgs/lib:${LD_LIBRARY_PATH} PYTHONPATH=/home/csrobot/flexbe_ws/install/tm_msgs/lib/python3.12/site-packages:${PYTHONPATH} /usr/bin/cmake /home/csrobot/flexbe_ws/src/tmr_ros2/ui_for_debug_and_demo -DAMENT_CMAKE_SYMLINK_INSTALL=1 -DCMAKE_INSTALL_PREFIX=/home/csrobot/flexbe_ws/install/ui_for_debug_and_demo
[1.379s] Invoking command in '/home/csrobot/flexbe_ws/build/ui_for_debug_and_demo': AMENT_PREFIX_PATH=/home/csrobot/flexbe_ws/install/tm_msgs:${AMENT_PREFIX_PATH} CMAKE_PREFIX_PATH=/home/csrobot/flexbe_ws/install/tm_msgs:/opt/ros/jazzy/opt/gz_math_vendor:/opt/ros/jazzy/opt/gz_utils_vendor:/opt/ros/jazzy/opt/gz_cmake_vendor:/opt/ros/jazzy DEBUGINFOD_URLS=https://debuginfod.ubuntu.com LD_LIBRARY_PATH=/home/csrobot/flexbe_ws/install/tm_msgs/lib:${LD_LIBRARY_PATH} PYTHONPATH=/home/csrobot/flexbe_ws/install/tm_msgs/lib/python3.12/site-packages:${PYTHONPATH} /usr/bin/cmake --build /home/csrobot/flexbe_ws/build/ui_for_debug_and_demo -- -j8 -l8
[1.466s] [  0%] Built target robot_ui_autogen_timestamp_deps
[1.503s] [ 12%] [34m[1mAutomatic MOC and UIC for target robot_ui[0m
[2.306s] [ 12%] Built target robot_ui_autogen
[2.332s] [ 25%] [34m[1mGenerating ui_tm_ros_driver_windows.h[0m
[2.419s] [ 37%] [32mBuilding CXX object CMakeFiles/robot_ui.dir/robot_ui_autogen/mocs_compilation.cpp.o[0m
[2.429s] [ 50%] [32mBuilding CXX object CMakeFiles/robot_ui.dir/src/main.cpp.o[0m
[2.430s] [ 62%] [32mBuilding CXX object CMakeFiles/robot_ui.dir/src/tm_ros_driver_windows.cpp.o[0m
[2.431s] [ 75%] [32mBuilding CXX object CMakeFiles/robot_ui.dir/src/ros_page.cpp.o[0m
[33.531s] [ 87%] [32m[1mLinking CXX executable robot_ui[0m
[34.571s] [100%] Built target robot_ui
[34.579s] Invoked command in '/home/csrobot/flexbe_ws/build/ui_for_debug_and_demo' returned '0': AMENT_PREFIX_PATH=/home/csrobot/flexbe_ws/install/tm_msgs:${AMENT_PREFIX_PATH} CMAKE_PREFIX_PATH=/home/csrobot/flexbe_ws/install/tm_msgs:/opt/ros/jazzy/opt/gz_math_vendor:/opt/ros/jazzy/opt/gz_utils_vendor:/opt/ros/jazzy/opt/gz_cmake_vendor:/opt/ros/jazzy DEBUGINFOD_URLS=https://debuginfod.ubuntu.com LD_LIBRARY_PATH=/home/csrobot/flexbe_ws/install/tm_msgs/lib:${LD_LIBRARY_PATH} PYTHONPATH=/home/csrobot/flexbe_ws/install/tm_msgs/lib/python3.12/site-packages:${PYTHONPATH} /usr/bin/cmake --build /home/csrobot/flexbe_ws/build/ui_for_debug_and_demo -- -j8 -l8
[34.580s] Invoking command in '/home/csrobot/flexbe_ws/build/ui_for_debug_and_demo': AMENT_PREFIX_PATH=/home/csrobot/flexbe_ws/install/tm_msgs:${AMENT_PREFIX_PATH} CMAKE_PREFIX_PATH=/home/csrobot/flexbe_ws/install/tm_msgs:/opt/ros/jazzy/opt/gz_math_vendor:/opt/ros/jazzy/opt/gz_utils_vendor:/opt/ros/jazzy/opt/gz_cmake_vendor:/opt/ros/jazzy DEBUGINFOD_URLS=https://debuginfod.ubuntu.com LD_LIBRARY_PATH=/home/csrobot/flexbe_ws/install/tm_msgs/lib:${LD_LIBRARY_PATH} PYTHONPATH=/home/csrobot/flexbe_ws/install/tm_msgs/lib/python3.12/site-packages:${PYTHONPATH} /usr/bin/cmake --install /home/csrobot/flexbe_ws/build/ui_for_debug_and_demo
[34.586s] -- Install configuration: ""
[34.586s] -- Execute custom install script
[34.586s] -- Symlinking: /home/csrobot/flexbe_ws/install/ui_for_debug_and_demo/lib/ui_for_debug_and_demo/robot_ui
[34.593s] -- Symlinking: /home/csrobot/flexbe_ws/install/ui_for_debug_and_demo/share/ui_for_debug_and_demo/launch/tm_gui.launch.py
[34.599s] -- Symlinking: /home/csrobot/flexbe_ws/install/ui_for_debug_and_demo/share/ament_index/resource_index/package_run_dependencies/ui_for_debug_and_demo
[34.606s] -- Symlinking: /home/csrobot/flexbe_ws/install/ui_for_debug_and_demo/share/ament_index/resource_index/parent_prefix_path/ui_for_debug_and_demo
[34.612s] -- Symlinking: /home/csrobot/flexbe_ws/install/ui_for_debug_and_demo/share/ui_for_debug_and_demo/environment/ament_prefix_path.sh
[34.619s] -- Symlinking: /home/csrobot/flexbe_ws/install/ui_for_debug_and_demo/share/ui_for_debug_and_demo/environment/ament_prefix_path.dsv
[34.625s] -- Symlinking: /home/csrobot/flexbe_ws/install/ui_for_debug_and_demo/share/ui_for_debug_and_demo/environment/path.sh
[34.632s] -- Symlinking: /home/csrobot/flexbe_ws/install/ui_for_debug_and_demo/share/ui_for_debug_and_demo/environment/path.dsv
[34.639s] -- Symlinking: /home/csrobot/flexbe_ws/install/ui_for_debug_and_demo/share/ui_for_debug_and_demo/local_setup.bash
[34.645s] -- Symlinking: /home/csrobot/flexbe_ws/install/ui_for_debug_and_demo/share/ui_for_debug_and_demo/local_setup.sh
[34.652s] -- Symlinking: /home/csrobot/flexbe_ws/install/ui_for_debug_and_demo/share/ui_for_debug_and_demo/local_setup.zsh
[34.659s] -- Symlinking: /home/csrobot/flexbe_ws/install/ui_for_debug_and_demo/share/ui_for_debug_and_demo/local_setup.dsv
[34.665s] -- Symlinking: /home/csrobot/flexbe_ws/install/ui_for_debug_and_demo/share/ui_for_debug_and_demo/package.dsv
[34.671s] -- Symlinking: /home/csrobot/flexbe_ws/install/ui_for_debug_and_demo/share/ament_index/resource_index/packages/ui_for_debug_and_demo
[34.678s] -- Symlinking: /home/csrobot/flexbe_ws/install/ui_for_debug_and_demo/share/ui_for_debug_and_demo/cmake/ui_for_debug_and_demoConfig.cmake
[34.684s] -- Symlinking: /home/csrobot/flexbe_ws/install/ui_for_debug_and_demo/share/ui_for_debug_and_demo/cmake/ui_for_debug_and_demoConfig-version.cmake
[34.690s] -- Symlinking: /home/csrobot/flexbe_ws/install/ui_for_debug_and_demo/share/ui_for_debug_and_demo/package.xml
[34.698s] Invoked command in '/home/csrobot/flexbe_ws/build/ui_for_debug_and_demo' returned '0': AMENT_PREFIX_PATH=/home/csrobot/flexbe_ws/install/tm_msgs:${AMENT_PREFIX_PATH} CMAKE_PREFIX_PATH=/home/csrobot/flexbe_ws/install/tm_msgs:/opt/ros/jazzy/opt/gz_math_vendor:/opt/ros/jazzy/opt/gz_utils_vendor:/opt/ros/jazzy/opt/gz_cmake_vendor:/opt/ros/jazzy DEBUGINFOD_URLS=https://debuginfod.ubuntu.com LD_LIBRARY_PATH=/home/csrobot/flexbe_ws/install/tm_msgs/lib:${LD_LIBRARY_PATH} PYTHONPATH=/home/csrobot/flexbe_ws/install/tm_msgs/lib/python3.12/site-packages:${PYTHONPATH} /usr/bin/cmake --install /home/csrobot/flexbe_ws/build/ui_for_debug_and_demo
